2020-04-23 11:38:33.1052  INFO - 이미지 카운팅 실패!
2020-04-23 11:38:33.1421  INFO - Source image: C:\Users\o0_0o\Desktop\60mb.pdf
2020-04-23 11:38:33.1421  INFO - 프로그램을 잘못된 형식으로 로드하려고 했습니다. (예외가 발생한 HRESULT: 0x8007000B)
2020-04-23 11:38:33.1421  INFO - ==================== Start ====================
2020-04-23 11:38:33.1421  INFO - Method: PDFtoJpeg, FilePath: C:\Users\o0_0o\Desktop\60mb.pdf, outPath: C:\Users\o0_0o\Desktop\60mb\
2020-04-23 11:38:33.2099  INFO - ==================== End ====================
2020-04-23 11:38:59.1292  INFO - 이미지 카운팅 실패!
2020-04-23 11:38:59.1661  INFO - Source image: C:\Users\o0_0o\Desktop\60mb.pdf
2020-04-23 11:38:59.1661  INFO - 프로그램을 잘못된 형식으로 로드하려고 했습니다. (예외가 발생한 HRESULT: 0x8007000B)
2020-04-23 11:38:59.1661  INFO - ==================== Start ====================
2020-04-23 11:38:59.1661  INFO - Method: PDFtoPng, FilePath: C:\Users\o0_0o\Desktop\60mb.pdf, outPath: C:\Users\o0_0o\Desktop\60mb\
2020-04-23 11:38:59.2339  INFO - ==================== End ====================
2020-04-23 11:40:23.8639  INFO - 이미지 카운팅 실패!
2020-04-23 11:40:23.8993  INFO - Source image: C:\Users\o0_0o\Desktop\60mb.pdf
2020-04-23 11:40:23.8993  INFO - 프로그램을 잘못된 형식으로 로드하려고 했습니다. (예외가 발생한 HRESULT: 0x8007000B)
2020-04-23 11:40:23.8993  INFO - ==================== Start ====================
2020-04-23 11:40:23.8993  INFO - Method: PDFtoJpeg, FilePath: C:\Users\o0_0o\Desktop\60mb.pdf, outPath: C:\Users\o0_0o\Desktop\60mb\
2020-04-23 11:40:23.9633  INFO - ==================== End ====================
2020-04-23 11:46:05.9363  INFO - 이미지 카운팅 실패!
2020-04-23 11:46:05.9752  INFO - Source image: C:\Users\o0_0o\Desktop\60mb.pdf
2020-04-23 11:46:05.9752  INFO - 프로그램을 잘못된 형식으로 로드하려고 했습니다. (예외가 발생한 HRESULT: 0x8007000B)
2020-04-23 11:46:05.9752  INFO - ==================== Start ====================
2020-04-23 11:46:05.9752  INFO - Method: PDFtoJpeg, FilePath: C:\Users\o0_0o\Desktop\60mb.pdf, outPath: C:\Users\o0_0o\Desktop\60mb\
2020-04-23 11:46:06.0420  INFO - ==================== End ====================
2020-04-23 11:46:37.1147  INFO - ==================== Start ====================
2020-04-23 11:46:37.1356  INFO - Method: PDFtoPng, FilePath: C:\Users\o0_0o\Desktop\60mb.pdf, outPath: C:\Users\o0_0o\Desktop\60mb\
2020-04-23 11:46:48.1050  INFO - 이미지 변환 성공!
2020-04-23 11:46:48.3174  INFO - ==================== End ====================
2020-04-23 11:47:50.8043  INFO - ==================== Start ====================
2020-04-23 11:47:50.8223  INFO - Method: PDFtoJpeg, FilePath: C:\Users\o0_0o\Desktop\60mb.pdf, outPath: C:\Users\o0_0o\Desktop\60mb\
2020-04-23 11:47:58.9414  INFO - 이미지 변환 성공!
2020-04-23 11:47:59.1030  INFO - ==================== End ====================
2020-04-23 11:50:26.6502  INFO - ==================== Start ====================
2020-04-23 11:50:26.6672  INFO - Method: PDFtoJpeg, FilePath: C:\Users\o0_0o\Desktop\60mb.pdf, outPath: C:\Users\o0_0o\Desktop\60mb\
2020-04-23 11:50:26.7100  INFO - ==================== End ====================
2020-04-23 11:51:17.0879  INFO - ==================== Start ====================
2020-04-23 11:51:17.1049  INFO - Method: PDFtoJpeg, FilePath: C:\Users\o0_0o\Desktop\60mb.pdf, outPath: C:\Users\o0_0o\Desktop\60mb\
2020-04-23 11:51:24.9226  INFO - 이미지 변환 성공!
2020-04-23 11:51:25.0952  INFO - ==================== End ====================
2020-04-23 11:51:40.8846  INFO - ==================== Start ====================
2020-04-23 11:51:40.9035  INFO - Method: PDFtoJpeg, FilePath: C:\Users\o0_0o\Desktop\60mb.pdf, outPath: C:\Users\o0_0o\Desktop\60mb\
2020-04-23 11:51:40.9504  INFO - ==================== End ====================
2020-04-23 11:51:52.3818  INFO - ==================== Start ====================
2020-04-23 11:51:52.3818  INFO - Method: PDFtoJpeg, FilePath: C:\Users\o0_0o\Desktop\60mb.pdf, outPath: C:\Users\o0_0o\Desktop\60mb\
2020-04-23 11:51:52.4226  INFO - ==================== End ====================
2020-04-23 11:51:54.1298  INFO - ==================== Start ====================
2020-04-23 11:51:54.1298  INFO - Method: PDFtoJpeg, FilePath: C:\Users\o0_0o\Desktop\60mb.pdf, outPath: C:\Users\o0_0o\Desktop\60mb\
2020-04-23 11:51:54.1697  INFO - ==================== End ====================
2020-04-23 11:54:28.2893  INFO - ==================== Start ====================
2020-04-23 11:54:28.3173  INFO - Method: PDFtoJpeg, FilePath: C:\Users\o0_0o\Desktop\60mb.pdf, outPath: C:\Users\o0_0o\Desktop\60mb\
2020-04-23 11:54:36.8655  INFO - 이미지 변환 성공!
2020-04-23 11:54:37.0290  INFO - ==================== End ====================
2020-04-23 11:57:09.9047  INFO - ==================== Start ====================
2020-04-23 11:57:09.9246  INFO - Method: PDFtoJpeg, FilePath: C:\Users\o0_0o\Desktop\60mb.pdf, outPath: C:\Users\o0_0o\Desktop\60mb\
2020-04-23 11:57:18.1044  INFO - 이미지 변환 성공!
2020-04-23 11:57:18.2729  INFO - ==================== End ====================
2020-04-23 11:57:38.0649  INFO - ==================== Start ====================
2020-04-23 11:57:38.0878  INFO - Method: PDFtoJpeg, FilePath: C:\Users\o0_0o\Desktop\60mb.pdf, outPath: C:\Users\o0_0o\Desktop\60mb\
2020-04-23 11:57:46.0958  INFO - 이미지 변환 성공!
2020-04-23 11:57:46.2444  INFO - ==================== End ====================
2020-04-23 11:57:52.0386  INFO - ==================== Start ====================
2020-04-23 11:57:52.0386  INFO - Method: PDFtoJpeg, FilePath: C:\Users\o0_0o\Desktop\60mb.pdf, outPath: C:\Users\o0_0o\Desktop\60mb\
2020-04-23 11:58:00.1341  INFO - 이미지 변환 성공!
2020-04-23 11:58:00.2837  INFO - ==================== End ====================
2020-04-23 12:24:37.8796  INFO - ==================== Start ====================
2020-04-23 12:24:37.8953  INFO - Method: PDFtoJpeg, FilePath: C:\Users\o0_0o\Desktop\60mb.pdf, outPath: C:\Users\o0_0o\Desktop\60mb\
2020-04-23 12:24:44.6922  INFO - 이미지 변환 성공!
2020-04-23 12:24:44.8328  INFO - ==================== End ====================
2020-04-23 12:24:59.4268  INFO - ==================== Start ====================
2020-04-23 12:24:59.4268  INFO - Method: PDFtoJpeg, FilePath: C:\Users\o0_0o\Desktop\60mb.pdf, outPath: C:\Users\o0_0o\Desktop\60mb\
2020-04-23 12:25:06.9577  INFO - 이미지 변환 성공!
2020-04-23 12:25:07.0983  INFO - ==================== End ====================
2020-04-23 15:31:10.7863  INFO - ==================== Start ====================
2020-04-23 15:31:10.8174  INFO - Method: PDFtoPng, FilePath: C:\Users\o0_0o\Desktop\60mb.pdf, outPath: C:\Users\o0_0o\Desktop\60mb\
2020-04-23 15:31:19.9421  INFO - 이미지 변환 성공!
2020-04-23 15:31:20.0983  INFO - ==================== End ====================
2020-04-23 15:31:31.6767  INFO - ==================== Start ====================
2020-04-23 15:31:31.6767  INFO - Method: PDFtoPng, FilePath: C:\Data\workspace\3D576DB1AE4F02ABD8A426E890931B9F\60mb.pdf, outPath: C:\Data\workspace\3D576DB1AE4F02ABD8A426E890931B9F\60mb\
2020-04-23 15:31:40.3952  INFO - 이미지 변환 성공!
2020-04-23 15:31:40.5363  INFO - ==================== End ====================
2020-04-23 15:32:45.1140  INFO - ==================== Start ====================
2020-04-23 15:32:45.1140  INFO - Method: PDFtoJpeg, FilePath: C:\Data\workspace\3D576DB1AE4F02ABD8A426E890931B9F\60mb.pdf, outPath: C:\Data\workspace\3D576DB1AE4F02ABD8A426E890931B9F\60mb\
2020-04-23 15:32:52.0358  INFO - 이미지 변환 성공!
2020-04-23 15:32:52.1763  INFO - ==================== End ====================
2020-04-23 15:34:37.6610  INFO - ==================== Start ====================
2020-04-23 15:34:37.6610  INFO - Method: WordSaveAs, FilePath: C:\Data\workspace\116B6DA0EA720F54E082F1E8B9A866D4\word.docx, outPath: C:\Data\workspace\116B6DA0EA720F54E082F1E8B9A866D4\word.pdf, docPassword: 
2020-04-23 15:34:42.3796  INFO - 변환 성공
2020-04-23 15:34:42.6144  INFO - ==================== End ====================
2020-04-23 15:34:42.6144  INFO - ==================== Start ====================
2020-04-23 15:34:42.6144  INFO - Method: PDFtoJpeg, FilePath: C:\Data\workspace\116B6DA0EA720F54E082F1E8B9A866D4\word.pdf, outPath: C:\Data\workspace\116B6DA0EA720F54E082F1E8B9A866D4\word\
2020-04-23 15:34:42.9266  INFO - 이미지 변환 성공!
2020-04-23 15:34:42.9266  INFO - ==================== End ====================
2020-04-23 15:35:58.9891  INFO - ==================== Start ====================
2020-04-23 15:35:58.9891  INFO - Method: WordSaveAs, FilePath: C:\Data\workspace\116B6DA0EA720F54E082F1E8B9A866D4\word.docx, outPath: C:\Data\workspace\116B6DA0EA720F54E082F1E8B9A866D4\word.pdf, docPassword: 
2020-04-23 15:36:02.8484  INFO - 변환 성공
2020-04-23 15:36:03.0359  INFO - ==================== End ====================
2020-04-23 15:36:19.0516  INFO - ==================== Start ====================
2020-04-23 15:36:19.0516  INFO - Method: PDFtoJpeg, FilePath: C:\Data\workspace\9F0F61777342306CFB1C982B4D44671E\word.pdf, outPath: C:\Data\workspace\9F0F61777342306CFB1C982B4D44671E\word\
2020-04-23 15:36:19.2548  INFO - 이미지 변환 성공!
2020-04-23 15:36:19.2548  INFO - ==================== End ====================
2020-04-23 15:38:22.6921  INFO - ==================== Start ====================
2020-04-23 15:38:22.6921  INFO - Method: PDFtoJpeg, FilePath: C:\Data\workspace\9F0F61777342306CFB1C982B4D44671E\word.pdf, outPath: C:\Data\workspace\9F0F61777342306CFB1C982B4D44671E\word\
2020-04-23 15:38:22.8171  INFO - 이미지 변환 성공!
2020-04-23 15:38:22.8327  INFO - ==================== End ====================
2020-04-23 17:26:15.2382  INFO - ==================== Start ====================
2020-04-23 17:26:15.2382  INFO - Method: WordSaveAs, FilePath: C:\Data\workspace\2E48D4CF48C7B4A7959CD45D68C9E915\DocConvert.docx, outPath: C:\Data\workspace\2E48D4CF48C7B4A7959CD45D68C9E915\DocConvert.pdf, docPassword: 
2020-04-23 17:26:19.2162  INFO - 변환 성공
2020-04-23 17:26:19.3442  INFO - ==================== End ====================
2020-04-23 17:26:19.3473  INFO - ==================== Start ====================
2020-04-23 17:26:19.3473  INFO - Method: PDFtoJpeg, FilePath: C:\Data\workspace\2E48D4CF48C7B4A7959CD45D68C9E915\DocConvert.pdf, outPath: C:\Data\workspace\2E48D4CF48C7B4A7959CD45D68C9E915\DocConvert\
2020-04-23 17:26:19.5220  INFO - 이미지 변환 성공!
2020-04-23 17:26:19.5220  INFO - ==================== End ====================
2020-04-23 17:26:37.2271  INFO - ==================== Start ====================
2020-04-23 17:26:37.2271  INFO - Method: PowerPointSaveAs, FilePath: C:\Data\workspace\EF571FDA3EDF671CBBF1EDDF9C63C0ED\PowerPoint 시작.pptx, outPath: C:\Data\workspace\EF571FDA3EDF671CBBF1EDDF9C63C0ED\PowerPoint 시작.pdf, docPassword: 
2020-04-23 17:26:40.1061  INFO - 변환 성공
2020-04-23 17:26:40.2975  INFO - ==================== End ====================
2020-04-23 17:26:40.2975  INFO - ==================== Start ====================
2020-04-23 17:26:40.2975  INFO - Method: PDFtoJpeg, FilePath: C:\Data\workspace\EF571FDA3EDF671CBBF1EDDF9C63C0ED\PowerPoint 시작.pdf, outPath: C:\Data\workspace\EF571FDA3EDF671CBBF1EDDF9C63C0ED\PowerPoint 시작\
2020-04-23 17:26:40.5349  INFO - 이미지 변환 성공!
2020-04-23 17:26:40.5349  INFO - ==================== End ====================
2020-04-23 17:26:43.1809  INFO - ==================== Start ====================
2020-04-23 17:26:43.1809  INFO - Method: PowerPointSaveAs, FilePath: C:\Data\workspace\EF571FDA3EDF671CBBF1EDDF9C63C0ED\PowerPoint 시작.pptx, outPath: C:\Data\workspace\EF571FDA3EDF671CBBF1EDDF9C63C0ED\PowerPoint 시작.pdf, docPassword: 
2020-04-23 17:26:44.6784  INFO - 변환 성공
2020-04-23 17:26:44.7060  INFO - ==================== End ====================
2020-04-23 17:26:44.7060  INFO - ==================== Start ====================
2020-04-23 17:26:44.7060  INFO - Method: PDFtoJpeg, FilePath: C:\Data\workspace\EF571FDA3EDF671CBBF1EDDF9C63C0ED\PowerPoint 시작.pdf, outPath: C:\Data\workspace\EF571FDA3EDF671CBBF1EDDF9C63C0ED\PowerPoint 시작\
2020-04-23 17:26:44.8949  INFO - 이미지 변환 성공!
2020-04-23 17:26:44.8949  INFO - ==================== End ====================
