2020-04-23 15:30:53.5985  INFO - [INFO] DocConvert Server를 옵션없이 실행하였습니다.
2020-04-23 15:30:53.7234  INFO - [INFO] 나의 하드웨어 ID: BFEBFBFF000806EB
2020-04-23 15:30:53.7391  INFO - [INFO] 라이센스 만료날짜: 2020-12-31
2020-04-23 15:30:53.7391  INFO - [INFO] 한글 DLL을 레지스트리에 등록하였습니다.
2020-04-23 15:30:53.7391  INFO - [Scheduler] 스케줄러가 실행중입니다. 작업공간 정리 스케줄러: 3일   로그 정리 스케줄러: 30일
2020-04-23 15:30:53.7705  INFO - [Socket] 핸들러 등록 완료
2020-04-23 15:30:53.7705  INFO - [Socket] 서버 생성 성공
2020-04-23 15:30:53.7861  INFO - [Socket] Server Listening...
2020-04-23 15:30:53.7861  INFO - [Socket][INFO] IP: 127.0.0.1   포트: 12000   프로토콜: Tcp   서버이름: ConvertServer
2020-04-23 15:30:53.8328  INFO - [Web Socket] Server Listening...
2020-04-23 15:30:53.8328  INFO - [Web Socket][INFO] IP: 127.0.0.1   포트: 12005
2020-04-23 15:31:31.6300  INFO - 
[Socket][Client => Server]
{
  "KEY": "B29D00A3 - F825 - 4EB7 - 93C1 - A77F5E31A7C2",
  "Method": "DocConvert",
  "FileName": "60mb.pdf",
  "ConvertIMG": 2,
  "useCompression": true
}

2020-04-23 15:31:44.1921  INFO - 
[Socket][Server => Client]
{
  "convertImgCnt": "120",
  "URL": "/workspace/3D576DB1AE4F02ABD8A426E890931B9F",
  "isSuccess": true,
  "msg": "이미지 변환에 성공하였습니다.",
  "useCompression": "True",
  "Method": "DocConvert"
}

2020-04-23 15:31:44.1921  INFO - [Socket] 작업 소요시간: 00:00:12.5621069
2020-04-23 15:31:57.6609  INFO - [Socket] 세션ID: 153701d1-d637-4a38-815f-0404eb7f57f9 접속해제: SocketError
2020-04-23 15:32:35.6767  INFO - [INFO] DocConvert Server를 옵션없이 실행하였습니다.
2020-04-23 15:32:35.8018  INFO - [INFO] 나의 하드웨어 ID: BFEBFBFF000806EB
2020-04-23 15:32:35.8018  INFO - [INFO] 라이센스 만료날짜: 2020-12-31
2020-04-23 15:32:35.8018  INFO - [INFO] 한글 DLL을 레지스트리에 등록하였습니다.
2020-04-23 15:32:35.8018  INFO - [Scheduler] 스케줄러가 실행중입니다. 작업공간 정리 스케줄러: 3일   로그 정리 스케줄러: 30일
2020-04-23 15:32:35.8330  INFO - [Socket] 핸들러 등록 완료
2020-04-23 15:32:35.8330  INFO - [Socket] 서버 생성 성공
2020-04-23 15:32:35.8641  INFO - [Socket] Server Listening...
2020-04-23 15:32:35.8641  INFO - [Socket][INFO] IP: 127.0.0.1   포트: 12000   프로토콜: Tcp   서버이름: ConvertServer
2020-04-23 15:32:35.8952  INFO - [Web Socket] Server Listening...
2020-04-23 15:32:35.8952  INFO - [Web Socket][INFO] IP: 127.0.0.1   포트: 12005
2020-04-23 15:32:45.0359  INFO - 
[Socket][Client => Server]
{
  "KEY": "B29D00A3 - F825 - 4EB7 - 93C1 - A77F5E31A7C2",
  "Method": "DocConvert",
  "FileName": "60mb.pdf",
  "ConvertIMG": 1,
  "useCompression": true
}

2020-04-23 15:32:53.6765  INFO - 
[Socket][Server => Client]
{
  "convertImgCnt": "120",
  "URL": "/workspace/3D576DB1AE4F02ABD8A426E890931B9F",
  "isSuccess": true,
  "msg": "이미지 변환에 성공하였습니다.",
  "useCompression": true,
  "Method": "DocConvert"
}

2020-04-23 15:32:53.6765  INFO - [Socket] 작업 소요시간: 00:00:08.6405738
2020-04-23 15:33:16.5205  INFO - [Socket] 세션ID: 1095b5de-524e-4841-ae50-843977b9d85c 접속해제: SocketError
2020-04-23 15:34:00.4108  INFO - [INFO] DocConvert Server를 옵션없이 실행하였습니다.
2020-04-23 15:34:00.5202  INFO - [INFO] 나의 하드웨어 ID: BFEBFBFF000806EB
2020-04-23 15:34:00.5202  INFO - [INFO] 라이센스 만료날짜: 2020-12-31
2020-04-23 15:34:00.5202  INFO - [INFO] 한글 DLL을 레지스트리에 등록하였습니다.
2020-04-23 15:34:00.5202  INFO - [Scheduler] 스케줄러가 실행중입니다. 작업공간 정리 스케줄러: 3일   로그 정리 스케줄러: 30일
2020-04-23 15:34:00.5520  INFO - [Socket] 핸들러 등록 완료
2020-04-23 15:34:00.5520  INFO - [Socket] 서버 생성 성공
2020-04-23 15:34:18.8640  INFO - [INFO] DocConvert Server를 옵션없이 실행하였습니다.
2020-04-23 15:34:18.9737  INFO - [INFO] 나의 하드웨어 ID: BFEBFBFF000806EB
2020-04-23 15:34:18.9737  INFO - [INFO] 라이센스 만료날짜: 2020-12-31
2020-04-23 15:34:18.9737  INFO - [INFO] 한글 DLL을 레지스트리에 등록하였습니다.
2020-04-23 15:34:18.9892  INFO - [Scheduler] 스케줄러가 실행중입니다. 작업공간 정리 스케줄러: 3일   로그 정리 스케줄러: 30일
2020-04-23 15:34:19.0204  INFO - [Socket] 핸들러 등록 완료
2020-04-23 15:34:19.0204  INFO - [Socket] 서버 생성 성공
2020-04-23 15:34:19.0360  INFO - [Socket] Server Listening...
2020-04-23 15:34:19.0360  INFO - [Socket][INFO] IP: 127.0.0.1   포트: 12000   프로토콜: Tcp   서버이름: ConvertServer
2020-04-23 15:34:19.0673  INFO - [Web Socket] Server Listening...
2020-04-23 15:34:19.0673  INFO - [Web Socket][INFO] IP: 127.0.0.1   포트: 12005
2020-04-23 15:34:31.3016  INFO - [INFO] DocConvert Server를 옵션없이 실행하였습니다.
2020-04-23 15:34:31.4424  INFO - [INFO] 나의 하드웨어 ID: BFEBFBFF000806EB
2020-04-23 15:34:31.4424  INFO - [INFO] 라이센스 만료날짜: 2020-12-31
2020-04-23 15:34:31.4424  INFO - [INFO] 한글 DLL을 레지스트리에 등록하였습니다.
2020-04-23 15:34:31.4424  INFO - [Scheduler] 스케줄러가 실행중입니다. 작업공간 정리 스케줄러: 3일   로그 정리 스케줄러: 30일
2020-04-23 15:34:31.4890  INFO - [Socket] 핸들러 등록 완료
2020-04-23 15:34:31.5046  INFO - [Socket] 서버 생성 성공
2020-04-23 15:34:31.5203  INFO - [Socket] Server Listening...
2020-04-23 15:34:31.5203  INFO - [Socket][INFO] IP: 127.0.0.1   포트: 12000   프로토콜: Tcp   서버이름: ConvertServer
2020-04-23 15:34:31.5515  INFO - [Web Socket] Server Listening...
2020-04-23 15:34:31.5515  INFO - [Web Socket][INFO] IP: 127.0.0.1   포트: 12005
2020-04-23 15:34:37.6453  INFO - 
[Socket][Client => Server]
{
  "KEY": "B29D00A3 - F825 - 4EB7 - 93C1 - A77F5E31A7C2",
  "Method": "DocConvert",
  "FileName": "word.docx",
  "ConvertIMG": 1,
  "useCompression": true
}

2020-04-23 15:34:43.0359  INFO - 
[Socket][Server => Client]
{
  "convertImgCnt": "8",
  "URL": "/workspace/116B6DA0EA720F54E082F1E8B9A866D4",
  "isSuccess": true,
  "msg": "이미지 변환에 성공하였습니다.",
  "useCompression": true,
  "Method": "DocConvert"
}

2020-04-23 15:34:43.0359  INFO - [Socket] 작업 소요시간: 00:00:05.3905854
2020-04-23 15:34:53.1306  INFO - [Socket] 세션ID: 90a27e0a-fea2-4b82-8c81-efb3cb7edeb4 접속해제: ClientClosing
2020-04-23 15:35:51.1766  INFO - [INFO] DocConvert Server를 옵션없이 실행하였습니다.
2020-04-23 15:35:51.3015  INFO - [INFO] 나의 하드웨어 ID: BFEBFBFF000806EB
2020-04-23 15:35:51.3015  INFO - [INFO] 라이센스 만료날짜: 2020-12-31
2020-04-23 15:35:51.3015  INFO - [INFO] 한글 DLL을 레지스트리에 등록하였습니다.
2020-04-23 15:35:51.3015  INFO - [Scheduler] 스케줄러가 실행중입니다. 작업공간 정리 스케줄러: 3일   로그 정리 스케줄러: 30일
2020-04-23 15:35:51.3329  INFO - [Socket] 핸들러 등록 완료
2020-04-23 15:35:51.3329  INFO - [Socket] 서버 생성 성공
2020-04-23 15:35:51.3484  INFO - [Socket] Server Listening...
2020-04-23 15:35:51.3484  INFO - [Socket][INFO] IP: 127.0.0.1   포트: 12000   프로토콜: Tcp   서버이름: ConvertServer
2020-04-23 15:35:51.3796  INFO - [Web Socket] Server Listening...
2020-04-23 15:35:51.3796  INFO - [Web Socket][INFO] IP: 127.0.0.1   포트: 12005
2020-04-23 15:35:58.9734  INFO - 
[Socket][Client => Server]
{
  "KEY": "B29D00A3 - F825 - 4EB7 - 93C1 - A77F5E31A7C2",
  "Method": "DocConvert",
  "FileName": "word.docx",
  "ConvertIMG": 0,
  "useCompression": false
}

2020-04-23 15:36:03.0672  INFO - 
[Socket][Server => Client]
{
  "URL": "/workspace/116B6DA0EA720F54E082F1E8B9A866D4",
  "isSuccess": true,
  "msg": "변환에 성공하였습니다.",
  "useCompression": false,
  "Method": "DocConvert"
}

2020-04-23 15:36:03.0672  INFO - [Socket] 작업 소요시간: 00:00:04.0938192
2020-04-23 15:36:08.1921  INFO - [Socket] 세션ID: 1f82dd3e-2bb7-4919-9f8b-88628e69c21e 접속해제: ClientClosing
2020-04-23 15:36:19.0516  INFO - 
[Socket][Client => Server]
{
  "KEY": "B29D00A3 - F825 - 4EB7 - 93C1 - A77F5E31A7C2",
  "Method": "DocConvert",
  "FileName": "word.pdf",
  "ConvertIMG": 1,
  "useCompression": true
}

2020-04-23 15:36:19.3174  INFO - 
[Socket][Server => Client]
{
  "convertImgCnt": "8",
  "URL": "/workspace/9F0F61777342306CFB1C982B4D44671E",
  "isSuccess": true,
  "msg": "이미지 변환에 성공하였습니다.",
  "useCompression": true,
  "Method": "DocConvert"
}

2020-04-23 15:36:19.3174  INFO - [Socket] 작업 소요시간: 00:00:00.2658292
2020-04-23 15:36:19.4111  INFO - [Socket] 세션ID: 2bcdf8a6-02fe-464e-a172-6f3904ad5023 접속해제: ClientClosing
2020-04-23 15:38:22.6609  INFO - [WebSocket] 클라이언트로 부터 연결요청이 들어옴: 127.0.0.1:8936
2020-04-23 15:38:22.6765  INFO - 
[WebSocket][Client => Server]
{
  "DocPassword": "",
  "Method": "DocConvert",
  "FileName": "word.pdf",
  "useCompression": true,
  "KEY": "B29D00A3 - F825 - 4EB7 - 93C1 - A77F5E31A7C2",
  "ConvertIMG": 1
}

2020-04-23 15:38:22.8796  INFO - 
[WebSocket][Server => Client]
{
  "convertImgCnt": "8",
  "URL": "/workspace/9F0F61777342306CFB1C982B4D44671E",
  "isSuccess": true,
  "msg": "이미지 변환에 성공하였습니다.",
  "useCompression": true,
  "Method": "DocConvert"
}

2020-04-23 15:38:22.8796  INFO - [WebSocket] 작업 소요시간: 00:00:00.2030767
2020-04-23 15:38:22.8796  INFO - [WebSocket]서버와 연결이 해제되었습니다.
2020-04-23 15:39:06.2391  INFO - 
[Socket][Client => Server]
{
  "KEY": "B29D00A3 - F825 - 4EB7 - 93C1 - A77F5E31A7C2",
  "Method": "WebCapture",
  "URL": "https://www.naver.com/"
}

2020-04-23 15:39:17.1936  INFO - 
[Socket][Server => Client]
{
  "URL": "/workspace/47f94867-1665-4721-b766-2ff845c57a73_2020-04-23/0.png",
  "isSuccess": true,
  "msg": "WebCapture에 성공하였습니다.",
  "convertImgCnt": 1,
  "Method": "WebCapture"
}

2020-04-23 15:39:17.1936  INFO - [Socket] 작업 소요시간: 00:00:10.9544750
2020-04-23 15:39:17.3171  INFO - [Socket] 세션ID: 6cd4c71f-afec-48c3-aa89-145ed0c09c2e 접속해제: ClientClosing
