2020-02-15 13:52:52.7916  INFO - 이미지 변환 성공!
2020-02-15 13:52:52.8115  INFO - Source image: C:\Users\o0_0o\Documents\Document\0_5_7D3F37917A141BEC79669960E1951155_error_.pdf
2020-02-15 13:52:52.8115  INFO - outFiles: C:\Users\o0_0o\Documents\Document\0_5_7D3F37917A141BEC79669960E1951155_error_\1.jpg
2020-02-15 13:52:52.9305  INFO - 이미지 변환 성공!
2020-02-15 13:52:52.9305  INFO - Source image: C:\Users\o0_0o\Documents\Document\0_5_7D3F37917A141BEC79669960E1951155_error_.pdf
2020-02-15 13:52:52.9305  INFO - outFiles: C:\Users\o0_0o\Documents\Document\0_5_7D3F37917A141BEC79669960E1951155_error_\2.jpg
2020-02-15 13:52:53.0243  INFO - 이미지 변환 성공!
2020-02-15 13:52:53.0243  INFO - Source image: C:\Users\o0_0o\Documents\Document\0_5_7D3F37917A141BEC79669960E1951155_error_.pdf
2020-02-15 13:52:53.0243  INFO - outFiles: C:\Users\o0_0o\Documents\Document\0_5_7D3F37917A141BEC79669960E1951155_error_\3.jpg
2020-02-15 13:52:53.1021  INFO - 이미지 변환 성공!
2020-02-15 13:52:53.1021  INFO - Source image: C:\Users\o0_0o\Documents\Document\0_5_7D3F37917A141BEC79669960E1951155_error_.pdf
2020-02-15 13:52:53.1021  INFO - outFiles: C:\Users\o0_0o\Documents\Document\0_5_7D3F37917A141BEC79669960E1951155_error_\4.jpg
2020-02-15 13:52:53.1739  INFO - 이미지 변환 성공!
2020-02-15 13:52:53.1739  INFO - Source image: C:\Users\o0_0o\Documents\Document\0_5_7D3F37917A141BEC79669960E1951155_error_.pdf
2020-02-15 13:52:53.1739  INFO - outFiles: C:\Users\o0_0o\Documents\Document\0_5_7D3F37917A141BEC79669960E1951155_error_\5.jpg
2020-02-15 13:52:53.2576  INFO - 이미지 변환 성공!
2020-02-15 13:52:53.2576  INFO - Source image: C:\Users\o0_0o\Documents\Document\0_5_7D3F37917A141BEC79669960E1951155_error_.pdf
2020-02-15 13:52:53.2576  INFO - outFiles: C:\Users\o0_0o\Documents\Document\0_5_7D3F37917A141BEC79669960E1951155_error_\6.jpg
2020-02-15 13:52:53.3285  INFO - 이미지 변환 성공!
2020-02-15 13:52:53.3294  INFO - Source image: C:\Users\o0_0o\Documents\Document\0_5_7D3F37917A141BEC79669960E1951155_error_.pdf
2020-02-15 13:52:53.3294  INFO - outFiles: C:\Users\o0_0o\Documents\Document\0_5_7D3F37917A141BEC79669960E1951155_error_\7.jpg
2020-02-15 13:52:53.4132  INFO - 이미지 변환 성공!
2020-02-15 13:52:53.4132  INFO - Source image: C:\Users\o0_0o\Documents\Document\0_5_7D3F37917A141BEC79669960E1951155_error_.pdf
2020-02-15 13:52:53.4132  INFO - outFiles: C:\Users\o0_0o\Documents\Document\0_5_7D3F37917A141BEC79669960E1951155_error_\8.jpg
2020-02-15 13:52:53.4860  INFO - 이미지 변환 성공!
2020-02-15 13:52:53.4860  INFO - Source image: C:\Users\o0_0o\Documents\Document\0_5_7D3F37917A141BEC79669960E1951155_error_.pdf
2020-02-15 13:52:53.4860  INFO - outFiles: C:\Users\o0_0o\Documents\Document\0_5_7D3F37917A141BEC79669960E1951155_error_\9.jpg
2020-02-15 13:52:53.5608  INFO - 이미지 변환 성공!
2020-02-15 13:52:53.5608  INFO - Source image: C:\Users\o0_0o\Documents\Document\0_5_7D3F37917A141BEC79669960E1951155_error_.pdf
2020-02-15 13:52:53.5608  INFO - outFiles: C:\Users\o0_0o\Documents\Document\0_5_7D3F37917A141BEC79669960E1951155_error_\10.jpg
2020-02-15 13:52:53.6326  INFO - 이미지 변환 성공!
2020-02-15 13:52:53.6326  INFO - Source image: C:\Users\o0_0o\Documents\Document\0_5_7D3F37917A141BEC79669960E1951155_error_.pdf
2020-02-15 13:52:53.6326  INFO - outFiles: C:\Users\o0_0o\Documents\Document\0_5_7D3F37917A141BEC79669960E1951155_error_\11.jpg
2020-02-15 13:52:53.7184  INFO - 이미지 변환 성공!
2020-02-15 13:52:53.7184  INFO - Source image: C:\Users\o0_0o\Documents\Document\0_5_7D3F37917A141BEC79669960E1951155_error_.pdf
2020-02-15 13:52:53.7184  INFO - outFiles: C:\Users\o0_0o\Documents\Document\0_5_7D3F37917A141BEC79669960E1951155_error_\12.jpg
2020-02-15 13:52:53.8003  INFO - 이미지 변환 성공!
2020-02-15 13:52:53.8003  INFO - Source image: C:\Users\o0_0o\Documents\Document\0_5_7D3F37917A141BEC79669960E1951155_error_.pdf
2020-02-15 13:52:53.8003  INFO - outFiles: C:\Users\o0_0o\Documents\Document\0_5_7D3F37917A141BEC79669960E1951155_error_\13.jpg
2020-02-15 13:52:53.8736  INFO - 이미지 변환 성공!
2020-02-15 13:52:53.8736  INFO - Source image: C:\Users\o0_0o\Documents\Document\0_5_7D3F37917A141BEC79669960E1951155_error_.pdf
2020-02-15 13:52:53.8736  INFO - outFiles: C:\Users\o0_0o\Documents\Document\0_5_7D3F37917A141BEC79669960E1951155_error_\14.jpg
2020-02-15 13:52:53.9604  INFO - 이미지 변환 성공!
2020-02-15 13:52:53.9604  INFO - Source image: C:\Users\o0_0o\Documents\Document\0_5_7D3F37917A141BEC79669960E1951155_error_.pdf
2020-02-15 13:52:53.9604  INFO - outFiles: C:\Users\o0_0o\Documents\Document\0_5_7D3F37917A141BEC79669960E1951155_error_\15.jpg
2020-02-15 13:52:54.0362  INFO - 이미지 변환 성공!
2020-02-15 13:52:54.0362  INFO - Source image: C:\Users\o0_0o\Documents\Document\0_5_7D3F37917A141BEC79669960E1951155_error_.pdf
2020-02-15 13:52:54.0362  INFO - outFiles: C:\Users\o0_0o\Documents\Document\0_5_7D3F37917A141BEC79669960E1951155_error_\16.jpg
2020-02-15 13:52:54.1146  INFO - 이미지 변환 성공!
2020-02-15 13:52:54.1146  INFO - Source image: C:\Users\o0_0o\Documents\Document\0_5_7D3F37917A141BEC79669960E1951155_error_.pdf
2020-02-15 13:52:54.1146  INFO - outFiles: C:\Users\o0_0o\Documents\Document\0_5_7D3F37917A141BEC79669960E1951155_error_\17.jpg
2020-02-15 13:52:54.2060  INFO - 이미지 변환 성공!
2020-02-15 13:52:54.2060  INFO - Source image: C:\Users\o0_0o\Documents\Document\0_5_7D3F37917A141BEC79669960E1951155_error_.pdf
2020-02-15 13:52:54.2060  INFO - outFiles: C:\Users\o0_0o\Documents\Document\0_5_7D3F37917A141BEC79669960E1951155_error_\18.jpg
2020-02-15 13:52:54.2867  INFO - 이미지 변환 성공!
2020-02-15 13:52:54.2867  INFO - Source image: C:\Users\o0_0o\Documents\Document\0_5_7D3F37917A141BEC79669960E1951155_error_.pdf
2020-02-15 13:52:54.2867  INFO - outFiles: C:\Users\o0_0o\Documents\Document\0_5_7D3F37917A141BEC79669960E1951155_error_\19.jpg
2020-02-15 13:52:54.3715  INFO - 이미지 변환 성공!
2020-02-15 13:52:54.3715  INFO - Source image: C:\Users\o0_0o\Documents\Document\0_5_7D3F37917A141BEC79669960E1951155_error_.pdf
2020-02-15 13:52:54.3715  INFO - outFiles: C:\Users\o0_0o\Documents\Document\0_5_7D3F37917A141BEC79669960E1951155_error_\20.jpg
2020-02-15 13:52:54.4453  INFO - 이미지 변환 성공!
2020-02-15 13:52:54.4453  INFO - Source image: C:\Users\o0_0o\Documents\Document\0_5_7D3F37917A141BEC79669960E1951155_error_.pdf
2020-02-15 13:52:54.4453  INFO - outFiles: C:\Users\o0_0o\Documents\Document\0_5_7D3F37917A141BEC79669960E1951155_error_\21.jpg
2020-02-15 13:52:54.5191  INFO - 이미지 변환 성공!
2020-02-15 13:52:54.5191  INFO - Source image: C:\Users\o0_0o\Documents\Document\0_5_7D3F37917A141BEC79669960E1951155_error_.pdf
2020-02-15 13:52:54.5191  INFO - outFiles: C:\Users\o0_0o\Documents\Document\0_5_7D3F37917A141BEC79669960E1951155_error_\22.jpg
2020-02-15 13:52:54.5919  INFO - 이미지 변환 성공!
2020-02-15 13:52:54.5919  INFO - Source image: C:\Users\o0_0o\Documents\Document\0_5_7D3F37917A141BEC79669960E1951155_error_.pdf
2020-02-15 13:52:54.5919  INFO - outFiles: C:\Users\o0_0o\Documents\Document\0_5_7D3F37917A141BEC79669960E1951155_error_\23.jpg
2020-02-15 13:52:54.9001  INFO - 이미지 변환 성공!
2020-02-15 13:52:54.9001  INFO - Source image: C:\Users\o0_0o\Documents\Document\Excel 시작1.pdf
2020-02-15 13:52:54.9001  INFO - outFiles: C:\Users\o0_0o\Documents\Document\Excel 시작1\1.jpg
2020-02-15 13:52:55.0068  INFO - 이미지 변환 성공!
2020-02-15 13:52:55.0068  INFO - Source image: C:\Users\o0_0o\Documents\Document\Excel 시작1.pdf
2020-02-15 13:52:55.0068  INFO - outFiles: C:\Users\o0_0o\Documents\Document\Excel 시작1\2.jpg
2020-02-15 13:52:55.1115  INFO - 이미지 변환 성공!
2020-02-15 13:52:55.1115  INFO - Source image: C:\Users\o0_0o\Documents\Document\Excel 시작1.pdf
2020-02-15 13:52:55.1115  INFO - outFiles: C:\Users\o0_0o\Documents\Document\Excel 시작1\3.jpg
2020-02-15 13:52:55.2127  INFO - 이미지 변환 성공!
2020-02-15 13:52:55.2127  INFO - Source image: C:\Users\o0_0o\Documents\Document\Excel 시작1.pdf
2020-02-15 13:52:55.2127  INFO - outFiles: C:\Users\o0_0o\Documents\Document\Excel 시작1\4.jpg
2020-02-15 13:52:55.2855  INFO - 이미지 변환 성공!
2020-02-15 13:52:55.2855  INFO - Source image: C:\Users\o0_0o\Documents\Document\Excel 시작1.pdf
2020-02-15 13:52:55.2855  INFO - outFiles: C:\Users\o0_0o\Documents\Document\Excel 시작1\5.jpg
2020-02-15 13:52:55.3523  INFO - 이미지 변환 성공!
2020-02-15 13:52:55.3523  INFO - Source image: C:\Users\o0_0o\Documents\Document\Excel 시작1.pdf
2020-02-15 13:52:55.3523  INFO - outFiles: C:\Users\o0_0o\Documents\Document\Excel 시작1\6.jpg
2020-02-15 13:52:55.4162  INFO - 이미지 변환 성공!
2020-02-15 13:52:55.4162  INFO - Source image: C:\Users\o0_0o\Documents\Document\Excel 시작1.pdf
2020-02-15 13:52:55.4162  INFO - outFiles: C:\Users\o0_0o\Documents\Document\Excel 시작1\7.jpg
2020-02-15 13:52:55.4820  INFO - 이미지 변환 성공!
2020-02-15 13:52:55.4820  INFO - Source image: C:\Users\o0_0o\Documents\Document\Excel 시작1.pdf
2020-02-15 13:52:55.4820  INFO - outFiles: C:\Users\o0_0o\Documents\Document\Excel 시작1\8.jpg
2020-02-15 13:52:55.5808  INFO - 이미지 변환 성공!
2020-02-15 13:52:55.5808  INFO - Source image: C:\Users\o0_0o\Documents\Document\Excel 시작1.pdf
2020-02-15 13:52:55.5808  INFO - outFiles: C:\Users\o0_0o\Documents\Document\Excel 시작1\9.jpg
2020-02-15 13:52:55.6765  INFO - 이미지 변환 성공!
2020-02-15 13:52:55.6765  INFO - Source image: C:\Users\o0_0o\Documents\Document\Excel 시작1.pdf
2020-02-15 13:52:55.6765  INFO - outFiles: C:\Users\o0_0o\Documents\Document\Excel 시작1\10.jpg
2020-02-15 13:52:55.7539  INFO - 이미지 변환 성공!
2020-02-15 13:52:55.7539  INFO - Source image: C:\Users\o0_0o\Documents\Document\Excel 시작1.pdf
2020-02-15 13:52:55.7539  INFO - outFiles: C:\Users\o0_0o\Documents\Document\Excel 시작1\11.jpg
2020-02-15 13:52:55.8222  INFO - 이미지 변환 성공!
2020-02-15 13:52:55.8222  INFO - Source image: C:\Users\o0_0o\Documents\Document\Excel 시작1.pdf
2020-02-15 13:52:55.8222  INFO - outFiles: C:\Users\o0_0o\Documents\Document\Excel 시작1\12.jpg
2020-02-15 13:52:55.8876  INFO - 이미지 변환 성공!
2020-02-15 13:52:55.8876  INFO - Source image: C:\Users\o0_0o\Documents\Document\Excel 시작1.pdf
2020-02-15 13:52:55.8876  INFO - outFiles: C:\Users\o0_0o\Documents\Document\Excel 시작1\13.jpg
2020-02-15 13:52:55.9484  INFO - 이미지 변환 성공!
2020-02-15 13:52:55.9484  INFO - Source image: C:\Users\o0_0o\Documents\Document\Excel 시작1.pdf
2020-02-15 13:52:55.9484  INFO - outFiles: C:\Users\o0_0o\Documents\Document\Excel 시작1\14.jpg
2020-02-15 13:52:56.0442  INFO - 이미지 변환 성공!
2020-02-15 13:52:56.0442  INFO - Source image: C:\Users\o0_0o\Documents\Document\Excel 시작1.pdf
2020-02-15 13:52:56.0442  INFO - outFiles: C:\Users\o0_0o\Documents\Document\Excel 시작1\15.jpg
2020-02-15 13:52:56.1549  INFO - 이미지 변환 성공!
2020-02-15 13:52:56.1549  INFO - Source image: C:\Users\o0_0o\Documents\Document\Excel 시작1.pdf
2020-02-15 13:52:56.1549  INFO - outFiles: C:\Users\o0_0o\Documents\Document\Excel 시작1\16.jpg
2020-02-15 13:52:56.2696  INFO - 이미지 변환 성공!
2020-02-15 13:52:56.2696  INFO - Source image: C:\Users\o0_0o\Documents\Document\Excel 시작1.pdf
2020-02-15 13:52:56.2696  INFO - outFiles: C:\Users\o0_0o\Documents\Document\Excel 시작1\17.jpg
2020-02-15 13:52:56.3434  INFO - 이미지 변환 성공!
2020-02-15 13:52:56.3434  INFO - Source image: C:\Users\o0_0o\Documents\Document\Excel 시작1.pdf
2020-02-15 13:52:56.3434  INFO - outFiles: C:\Users\o0_0o\Documents\Document\Excel 시작1\18.jpg
2020-02-15 13:52:56.4062  INFO - 이미지 변환 성공!
2020-02-15 13:52:56.4062  INFO - Source image: C:\Users\o0_0o\Documents\Document\Excel 시작1.pdf
2020-02-15 13:52:56.4072  INFO - outFiles: C:\Users\o0_0o\Documents\Document\Excel 시작1\19.jpg
2020-02-15 13:52:56.4820  INFO - 이미지 변환 성공!
2020-02-15 13:52:56.4820  INFO - Source image: C:\Users\o0_0o\Documents\Document\Excel 시작1.pdf
2020-02-15 13:52:56.4820  INFO - outFiles: C:\Users\o0_0o\Documents\Document\Excel 시작1\20.jpg
2020-02-15 13:52:56.5548  INFO - 이미지 변환 성공!
2020-02-15 13:52:56.5548  INFO - Source image: C:\Users\o0_0o\Documents\Document\Excel 시작1.pdf
2020-02-15 13:52:56.5548  INFO - outFiles: C:\Users\o0_0o\Documents\Document\Excel 시작1\21.jpg
2020-02-15 13:52:56.6446  INFO - 이미지 변환 성공!
2020-02-15 13:52:56.6446  INFO - Source image: C:\Users\o0_0o\Documents\Document\Excel 시작1.pdf
2020-02-15 13:52:56.6446  INFO - outFiles: C:\Users\o0_0o\Documents\Document\Excel 시작1\22.jpg
2020-02-15 13:52:56.7403  INFO - 이미지 변환 성공!
2020-02-15 13:52:56.7403  INFO - Source image: C:\Users\o0_0o\Documents\Document\Excel 시작1.pdf
2020-02-15 13:52:56.7403  INFO - outFiles: C:\Users\o0_0o\Documents\Document\Excel 시작1\23.jpg
2020-02-15 13:52:56.8382  INFO - 이미지 변환 성공!
2020-02-15 13:52:56.8382  INFO - Source image: C:\Users\o0_0o\Documents\Document\Excel 시작1.pdf
2020-02-15 13:52:56.8382  INFO - outFiles: C:\Users\o0_0o\Documents\Document\Excel 시작1\24.jpg
2020-02-15 13:52:56.8986  INFO - 이미지 변환 성공!
2020-02-15 13:52:56.8986  INFO - Source image: C:\Users\o0_0o\Documents\Document\Excel 시작1.pdf
2020-02-15 13:52:56.8986  INFO - outFiles: C:\Users\o0_0o\Documents\Document\Excel 시작1\25.jpg
2020-02-15 13:52:56.9584  INFO - 이미지 변환 성공!
2020-02-15 13:52:56.9584  INFO - Source image: C:\Users\o0_0o\Documents\Document\Excel 시작1.pdf
2020-02-15 13:52:56.9584  INFO - outFiles: C:\Users\o0_0o\Documents\Document\Excel 시작1\26.jpg
2020-02-15 13:52:57.0268  INFO - 이미지 변환 성공!
2020-02-15 13:52:57.0268  INFO - Source image: C:\Users\o0_0o\Documents\Document\Excel 시작1.pdf
2020-02-15 13:52:57.0268  INFO - outFiles: C:\Users\o0_0o\Documents\Document\Excel 시작1\27.jpg
2020-02-15 13:52:57.0997  INFO - 이미지 변환 성공!
2020-02-15 13:52:57.0997  INFO - Source image: C:\Users\o0_0o\Documents\Document\Excel 시작1.pdf
2020-02-15 13:52:57.0997  INFO - outFiles: C:\Users\o0_0o\Documents\Document\Excel 시작1\28.jpg
2020-02-15 13:52:57.1575  INFO - 이미지 변환 성공!
2020-02-15 13:52:57.1575  INFO - Source image: C:\Users\o0_0o\Documents\Document\Excel 시작1.pdf
2020-02-15 13:52:57.1575  INFO - outFiles: C:\Users\o0_0o\Documents\Document\Excel 시작1\29.jpg
2020-02-15 13:52:57.2174  INFO - 이미지 변환 성공!
2020-02-15 13:52:57.2174  INFO - Source image: C:\Users\o0_0o\Documents\Document\Excel 시작1.pdf
2020-02-15 13:52:57.2174  INFO - outFiles: C:\Users\o0_0o\Documents\Document\Excel 시작1\30.jpg
2020-02-15 13:52:57.2762  INFO - 이미지 변환 성공!
2020-02-15 13:52:57.2762  INFO - Source image: C:\Users\o0_0o\Documents\Document\Excel 시작1.pdf
2020-02-15 13:52:57.2762  INFO - outFiles: C:\Users\o0_0o\Documents\Document\Excel 시작1\31.jpg
2020-02-15 13:52:57.3370  INFO - 이미지 변환 성공!
2020-02-15 13:52:57.3370  INFO - Source image: C:\Users\o0_0o\Documents\Document\Excel 시작1.pdf
2020-02-15 13:52:57.3370  INFO - outFiles: C:\Users\o0_0o\Documents\Document\Excel 시작1\32.jpg
2020-02-15 13:52:57.4442  INFO - 이미지 변환 성공!
2020-02-15 13:52:57.4442  INFO - Source image: C:\Users\o0_0o\Documents\Document\Excel 시작1.pdf
2020-02-15 13:52:57.4442  INFO - outFiles: C:\Users\o0_0o\Documents\Document\Excel 시작1\33.jpg
2020-02-15 13:52:57.5704  INFO - 이미지 변환 성공!
2020-02-15 13:52:57.5704  INFO - Source image: C:\Users\o0_0o\Documents\Document\Excel 시작1.pdf
2020-02-15 13:52:57.5704  INFO - outFiles: C:\Users\o0_0o\Documents\Document\Excel 시작1\34.jpg
2020-02-15 13:52:57.6408  INFO - 이미지 변환 성공!
2020-02-15 13:52:57.6408  INFO - Source image: C:\Users\o0_0o\Documents\Document\Excel 시작1.pdf
2020-02-15 13:52:57.6418  INFO - outFiles: C:\Users\o0_0o\Documents\Document\Excel 시작1\35.jpg
2020-02-15 13:52:57.7117  INFO - 이미지 변환 성공!
2020-02-15 13:52:57.7117  INFO - Source image: C:\Users\o0_0o\Documents\Document\Excel 시작1.pdf
2020-02-15 13:52:57.7117  INFO - outFiles: C:\Users\o0_0o\Documents\Document\Excel 시작1\36.jpg
2020-02-15 13:52:57.7805  INFO - 이미지 변환 성공!
2020-02-15 13:52:57.7805  INFO - Source image: C:\Users\o0_0o\Documents\Document\Excel 시작1.pdf
2020-02-15 13:52:57.7805  INFO - outFiles: C:\Users\o0_0o\Documents\Document\Excel 시작1\37.jpg
2020-02-15 13:52:57.8423  INFO - 이미지 변환 성공!
2020-02-15 13:52:57.8423  INFO - Source image: C:\Users\o0_0o\Documents\Document\Excel 시작1.pdf
2020-02-15 13:52:57.8423  INFO - outFiles: C:\Users\o0_0o\Documents\Document\Excel 시작1\38.jpg
2020-02-15 13:52:57.9051  INFO - 이미지 변환 성공!
2020-02-15 13:52:57.9051  INFO - Source image: C:\Users\o0_0o\Documents\Document\Excel 시작1.pdf
2020-02-15 13:52:57.9051  INFO - outFiles: C:\Users\o0_0o\Documents\Document\Excel 시작1\39.jpg
2020-02-15 13:52:58.0128  INFO - 이미지 변환 성공!
2020-02-15 13:52:58.0128  INFO - Source image: C:\Users\o0_0o\Documents\Document\Excel 시작1.pdf
2020-02-15 13:52:58.0128  INFO - outFiles: C:\Users\o0_0o\Documents\Document\Excel 시작1\40.jpg
2020-02-15 13:52:58.1252  INFO - 이미지 변환 성공!
2020-02-15 13:52:58.1252  INFO - Source image: C:\Users\o0_0o\Documents\Document\Excel 시작1.pdf
2020-02-15 13:52:58.1262  INFO - outFiles: C:\Users\o0_0o\Documents\Document\Excel 시작1\41.jpg
2020-02-15 13:52:58.2040  INFO - 이미지 변환 성공!
2020-02-15 13:52:58.2040  INFO - Source image: C:\Users\o0_0o\Documents\Document\Excel 시작1.pdf
2020-02-15 13:52:58.2040  INFO - outFiles: C:\Users\o0_0o\Documents\Document\Excel 시작1\42.jpg
2020-02-15 13:52:58.2628  INFO - 이미지 변환 성공!
2020-02-15 13:52:58.2628  INFO - Source image: C:\Users\o0_0o\Documents\Document\Excel 시작1.pdf
2020-02-15 13:52:58.2628  INFO - outFiles: C:\Users\o0_0o\Documents\Document\Excel 시작1\43.jpg
2020-02-15 13:52:58.3287  INFO - 이미지 변환 성공!
2020-02-15 13:52:58.3287  INFO - Source image: C:\Users\o0_0o\Documents\Document\Excel 시작1.pdf
2020-02-15 13:52:58.3287  INFO - outFiles: C:\Users\o0_0o\Documents\Document\Excel 시작1\44.jpg
2020-02-15 13:52:58.3965  INFO - 이미지 변환 성공!
2020-02-15 13:52:58.3965  INFO - Source image: C:\Users\o0_0o\Documents\Document\Excel 시작1.pdf
2020-02-15 13:52:58.3965  INFO - outFiles: C:\Users\o0_0o\Documents\Document\Excel 시작1\45.jpg
2020-02-15 13:52:58.4599  INFO - 이미지 변환 성공!
2020-02-15 13:52:58.4599  INFO - Source image: C:\Users\o0_0o\Documents\Document\Excel 시작1.pdf
2020-02-15 13:52:58.4599  INFO - outFiles: C:\Users\o0_0o\Documents\Document\Excel 시작1\46.jpg
2020-02-15 13:52:58.5668  INFO - 이미지 변환 성공!
2020-02-15 13:52:58.5668  INFO - Source image: C:\Users\o0_0o\Documents\Document\Excel 시작1.pdf
2020-02-15 13:52:58.5668  INFO - outFiles: C:\Users\o0_0o\Documents\Document\Excel 시작1\47.jpg
2020-02-15 13:52:58.6725  INFO - 이미지 변환 성공!
2020-02-15 13:52:58.6735  INFO - Source image: C:\Users\o0_0o\Documents\Document\Excel 시작1.pdf
2020-02-15 13:52:58.6735  INFO - outFiles: C:\Users\o0_0o\Documents\Document\Excel 시작1\48.jpg
2020-02-15 13:52:58.7408  INFO - 이미지 변환 성공!
2020-02-15 13:52:58.7408  INFO - Source image: C:\Users\o0_0o\Documents\Document\Excel 시작1.pdf
2020-02-15 13:52:58.7408  INFO - outFiles: C:\Users\o0_0o\Documents\Document\Excel 시작1\49.jpg
2020-02-15 13:52:58.8117  INFO - 이미지 변환 성공!
2020-02-15 13:52:58.8117  INFO - Source image: C:\Users\o0_0o\Documents\Document\Excel 시작1.pdf
2020-02-15 13:52:58.8117  INFO - outFiles: C:\Users\o0_0o\Documents\Document\Excel 시작1\50.jpg
2020-02-15 13:52:58.8824  INFO - 이미지 변환 성공!
2020-02-15 13:52:58.8824  INFO - Source image: C:\Users\o0_0o\Documents\Document\Excel 시작1.pdf
2020-02-15 13:52:58.8824  INFO - outFiles: C:\Users\o0_0o\Documents\Document\Excel 시작1\51.jpg
2020-02-15 13:52:58.9473  INFO - 이미지 변환 성공!
2020-02-15 13:52:58.9473  INFO - Source image: C:\Users\o0_0o\Documents\Document\Excel 시작1.pdf
2020-02-15 13:52:58.9473  INFO - outFiles: C:\Users\o0_0o\Documents\Document\Excel 시작1\52.jpg
2020-02-15 13:52:59.0121  INFO - 이미지 변환 성공!
2020-02-15 13:52:59.0121  INFO - Source image: C:\Users\o0_0o\Documents\Document\Excel 시작1.pdf
2020-02-15 13:52:59.0121  INFO - outFiles: C:\Users\o0_0o\Documents\Document\Excel 시작1\53.jpg
2020-02-15 13:52:59.0750  INFO - 이미지 변환 성공!
2020-02-15 13:52:59.0750  INFO - Source image: C:\Users\o0_0o\Documents\Document\Excel 시작1.pdf
2020-02-15 13:52:59.0750  INFO - outFiles: C:\Users\o0_0o\Documents\Document\Excel 시작1\54.jpg
2020-02-15 13:52:59.1827  INFO - 이미지 변환 성공!
2020-02-15 13:52:59.1827  INFO - Source image: C:\Users\o0_0o\Documents\Document\Excel 시작1.pdf
2020-02-15 13:52:59.1827  INFO - outFiles: C:\Users\o0_0o\Documents\Document\Excel 시작1\55.jpg
2020-02-15 13:52:59.2989  INFO - 이미지 변환 성공!
2020-02-15 13:52:59.2989  INFO - Source image: C:\Users\o0_0o\Documents\Document\Excel 시작1.pdf
2020-02-15 13:52:59.2989  INFO - outFiles: C:\Users\o0_0o\Documents\Document\Excel 시작1\56.jpg
2020-02-15 13:52:59.3827  INFO - 이미지 변환 성공!
2020-02-15 13:52:59.3827  INFO - Source image: C:\Users\o0_0o\Documents\Document\Excel 시작1.pdf
2020-02-15 13:52:59.3827  INFO - outFiles: C:\Users\o0_0o\Documents\Document\Excel 시작1\57.jpg
2020-02-15 13:52:59.4495  INFO - 이미지 변환 성공!
2020-02-15 13:52:59.4495  INFO - Source image: C:\Users\o0_0o\Documents\Document\Excel 시작1.pdf
2020-02-15 13:52:59.4495  INFO - outFiles: C:\Users\o0_0o\Documents\Document\Excel 시작1\58.jpg
2020-02-15 13:52:59.5253  INFO - 이미지 변환 성공!
2020-02-15 13:52:59.5253  INFO - Source image: C:\Users\o0_0o\Documents\Document\Excel 시작1.pdf
2020-02-15 13:52:59.5253  INFO - outFiles: C:\Users\o0_0o\Documents\Document\Excel 시작1\59.jpg
2020-02-15 13:52:59.5872  INFO - 이미지 변환 성공!
2020-02-15 13:52:59.5872  INFO - Source image: C:\Users\o0_0o\Documents\Document\Excel 시작1.pdf
2020-02-15 13:52:59.5872  INFO - outFiles: C:\Users\o0_0o\Documents\Document\Excel 시작1\60.jpg
2020-02-15 13:52:59.6869  INFO - 이미지 변환 성공!
2020-02-15 13:52:59.6869  INFO - Source image: C:\Users\o0_0o\Documents\Document\Excel 시작1.pdf
2020-02-15 13:52:59.6869  INFO - outFiles: C:\Users\o0_0o\Documents\Document\Excel 시작1\61.jpg
2020-02-15 13:52:59.7946  INFO - 이미지 변환 성공!
2020-02-15 13:52:59.7946  INFO - Source image: C:\Users\o0_0o\Documents\Document\Excel 시작1.pdf
2020-02-15 13:52:59.7946  INFO - outFiles: C:\Users\o0_0o\Documents\Document\Excel 시작1\62.jpg
2020-02-15 13:52:59.8804  INFO - 이미지 변환 성공!
2020-02-15 13:52:59.8804  INFO - Source image: C:\Users\o0_0o\Documents\Document\Excel 시작1.pdf
2020-02-15 13:52:59.8804  INFO - outFiles: C:\Users\o0_0o\Documents\Document\Excel 시작1\63.jpg
2020-02-15 13:52:59.9402  INFO - 이미지 변환 성공!
2020-02-15 13:52:59.9402  INFO - Source image: C:\Users\o0_0o\Documents\Document\Excel 시작1.pdf
2020-02-15 13:52:59.9402  INFO - outFiles: C:\Users\o0_0o\Documents\Document\Excel 시작1\64.jpg
2020-02-15 13:53:00.0101  INFO - 이미지 변환 성공!
2020-02-15 13:53:00.0101  INFO - Source image: C:\Users\o0_0o\Documents\Document\Excel 시작1.pdf
2020-02-15 13:53:00.0101  INFO - outFiles: C:\Users\o0_0o\Documents\Document\Excel 시작1\65.jpg
2020-02-15 13:53:00.0769  INFO - 이미지 변환 성공!
2020-02-15 13:53:00.0769  INFO - Source image: C:\Users\o0_0o\Documents\Document\Excel 시작1.pdf
2020-02-15 13:53:00.0809  INFO - outFiles: C:\Users\o0_0o\Documents\Document\Excel 시작1\66.jpg
2020-02-15 13:53:00.1407  INFO - 이미지 변환 성공!
2020-02-15 13:53:00.1407  INFO - Source image: C:\Users\o0_0o\Documents\Document\Excel 시작1.pdf
2020-02-15 13:53:00.1407  INFO - outFiles: C:\Users\o0_0o\Documents\Document\Excel 시작1\67.jpg
2020-02-15 13:53:00.2055  INFO - 이미지 변환 성공!
2020-02-15 13:53:00.2055  INFO - Source image: C:\Users\o0_0o\Documents\Document\Excel 시작1.pdf
2020-02-15 13:53:00.2055  INFO - outFiles: C:\Users\o0_0o\Documents\Document\Excel 시작1\68.jpg
2020-02-15 13:53:00.2729  INFO - 이미지 변환 성공!
2020-02-15 13:53:00.2729  INFO - Source image: C:\Users\o0_0o\Documents\Document\Excel 시작1.pdf
2020-02-15 13:53:00.2729  INFO - outFiles: C:\Users\o0_0o\Documents\Document\Excel 시작1\69.jpg
2020-02-15 13:53:00.3397  INFO - 이미지 변환 성공!
2020-02-15 13:53:00.3397  INFO - Source image: C:\Users\o0_0o\Documents\Document\Excel 시작1.pdf
2020-02-15 13:53:00.3397  INFO - outFiles: C:\Users\o0_0o\Documents\Document\Excel 시작1\70.jpg
2020-02-15 13:53:00.4016  INFO - 이미지 변환 성공!
2020-02-15 13:53:00.4016  INFO - Source image: C:\Users\o0_0o\Documents\Document\Excel 시작1.pdf
2020-02-15 13:53:00.4016  INFO - outFiles: C:\Users\o0_0o\Documents\Document\Excel 시작1\71.jpg
2020-02-15 13:53:00.5003  INFO - 이미지 변환 성공!
2020-02-15 13:53:00.5003  INFO - Source image: C:\Users\o0_0o\Documents\Document\Excel 시작1.pdf
2020-02-15 13:53:00.5003  INFO - outFiles: C:\Users\o0_0o\Documents\Document\Excel 시작1\72.jpg
2020-02-15 13:53:00.5984  INFO - 이미지 변환 성공!
2020-02-15 13:53:00.5984  INFO - Source image: C:\Users\o0_0o\Documents\Document\Excel 시작1.pdf
2020-02-15 13:53:00.5984  INFO - outFiles: C:\Users\o0_0o\Documents\Document\Excel 시작1\73.jpg
2020-02-15 13:53:00.6693  INFO - 이미지 변환 성공!
2020-02-15 13:53:00.6693  INFO - Source image: C:\Users\o0_0o\Documents\Document\Excel 시작1.pdf
2020-02-15 13:53:00.6693  INFO - outFiles: C:\Users\o0_0o\Documents\Document\Excel 시작1\74.jpg
2020-02-15 13:53:00.7404  INFO - 이미지 변환 성공!
2020-02-15 13:53:00.7404  INFO - Source image: C:\Users\o0_0o\Documents\Document\Excel 시작1.pdf
2020-02-15 13:53:00.7404  INFO - outFiles: C:\Users\o0_0o\Documents\Document\Excel 시작1\75.jpg
2020-02-15 13:53:00.8033  INFO - 이미지 변환 성공!
2020-02-15 13:53:00.8033  INFO - Source image: C:\Users\o0_0o\Documents\Document\Excel 시작1.pdf
2020-02-15 13:53:00.8033  INFO - outFiles: C:\Users\o0_0o\Documents\Document\Excel 시작1\76.jpg
2020-02-15 13:53:00.8631  INFO - 이미지 변환 성공!
2020-02-15 13:53:00.8631  INFO - Source image: C:\Users\o0_0o\Documents\Document\Excel 시작1.pdf
2020-02-15 13:53:00.8631  INFO - outFiles: C:\Users\o0_0o\Documents\Document\Excel 시작1\77.jpg
2020-02-15 13:53:00.9246  INFO - 이미지 변환 성공!
2020-02-15 13:53:00.9246  INFO - Source image: C:\Users\o0_0o\Documents\Document\Excel 시작1.pdf
2020-02-15 13:53:00.9246  INFO - outFiles: C:\Users\o0_0o\Documents\Document\Excel 시작1\78.jpg
2020-02-15 13:53:00.9960  INFO - 이미지 변환 성공!
2020-02-15 13:53:00.9960  INFO - Source image: C:\Users\o0_0o\Documents\Document\Excel 시작1.pdf
2020-02-15 13:53:00.9960  INFO - outFiles: C:\Users\o0_0o\Documents\Document\Excel 시작1\79.jpg
2020-02-15 13:53:01.0808  INFO - 이미지 변환 성공!
2020-02-15 13:53:01.0808  INFO - Source image: C:\Users\o0_0o\Documents\Document\Excel 시작1.pdf
2020-02-15 13:53:01.0808  INFO - outFiles: C:\Users\o0_0o\Documents\Document\Excel 시작1\80.jpg
2020-02-15 13:53:01.1392  INFO - 이미지 변환 성공!
2020-02-15 13:53:01.1392  INFO - Source image: C:\Users\o0_0o\Documents\Document\Excel 시작1.pdf
2020-02-15 13:53:01.1392  INFO - outFiles: C:\Users\o0_0o\Documents\Document\Excel 시작1\81.jpg
2020-02-15 13:53:01.2011  INFO - 이미지 변환 성공!
2020-02-15 13:53:01.2011  INFO - Source image: C:\Users\o0_0o\Documents\Document\Excel 시작1.pdf
2020-02-15 13:53:01.2011  INFO - outFiles: C:\Users\o0_0o\Documents\Document\Excel 시작1\82.jpg
2020-02-15 13:53:01.2585  INFO - 이미지 변환 성공!
2020-02-15 13:53:01.2585  INFO - Source image: C:\Users\o0_0o\Documents\Document\Excel 시작1.pdf
2020-02-15 13:53:01.2585  INFO - outFiles: C:\Users\o0_0o\Documents\Document\Excel 시작1\83.jpg
2020-02-15 13:53:01.4041  INFO - 이미지 변환 성공!
2020-02-15 13:53:01.4041  INFO - Source image: C:\Users\o0_0o\Documents\Document\PowerPoint 시작.pdf
2020-02-15 13:53:01.4041  INFO - outFiles: C:\Users\o0_0o\Documents\Document\PowerPoint 시작\1.jpg
2020-02-15 13:53:01.6066  INFO - 이미지 변환 성공!
2020-02-15 13:53:01.6066  INFO - Source image: C:\Users\o0_0o\Documents\Document\PowerPoint 시작.pdf
2020-02-15 13:53:01.6066  INFO - outFiles: C:\Users\o0_0o\Documents\Document\PowerPoint 시작\2.jpg
2020-02-15 13:53:01.7343  INFO - 이미지 변환 성공!
2020-02-15 13:53:01.7343  INFO - Source image: C:\Users\o0_0o\Documents\Document\PowerPoint 시작.pdf
2020-02-15 13:53:01.7343  INFO - outFiles: C:\Users\o0_0o\Documents\Document\PowerPoint 시작\3.jpg
2020-02-15 13:53:01.8839  INFO - 이미지 변환 성공!
2020-02-15 13:53:01.8839  INFO - Source image: C:\Users\o0_0o\Documents\Document\PowerPoint 시작.pdf
2020-02-15 13:53:01.8839  INFO - outFiles: C:\Users\o0_0o\Documents\Document\PowerPoint 시작\4.jpg
2020-02-15 13:53:01.9986  INFO - 이미지 변환 성공!
2020-02-15 13:53:01.9986  INFO - Source image: C:\Users\o0_0o\Documents\Document\PowerPoint 시작.pdf
2020-02-15 13:53:01.9986  INFO - outFiles: C:\Users\o0_0o\Documents\Document\PowerPoint 시작\5.jpg
2020-02-15 13:53:02.1369  INFO - 이미지 변환 성공!
2020-02-15 13:53:02.1369  INFO - Source image: C:\Users\o0_0o\Documents\Document\PowerPoint 시작.pdf
2020-02-15 13:53:02.1369  INFO - outFiles: C:\Users\o0_0o\Documents\Document\PowerPoint 시작\6.jpg
2020-02-15 13:53:02.3205  INFO - 이미지 변환 성공!
2020-02-15 13:53:02.3205  INFO - Source image: C:\Users\o0_0o\Documents\Document\PowerPoint 시작.pdf
2020-02-15 13:53:02.3205  INFO - outFiles: C:\Users\o0_0o\Documents\Document\PowerPoint 시작\7.jpg
2020-02-15 13:53:02.5000  INFO - 이미지 변환 성공!
2020-02-15 13:53:02.5010  INFO - Source image: C:\Users\o0_0o\Documents\Document\PowerPoint 시작.pdf
2020-02-15 13:53:02.5010  INFO - outFiles: C:\Users\o0_0o\Documents\Document\PowerPoint 시작\8.jpg
2020-02-15 13:53:02.6676  INFO - 이미지 변환 성공!
2020-02-15 13:53:02.6676  INFO - Source image: C:\Users\o0_0o\Documents\Document\PowerPoint 시작.pdf
2020-02-15 13:53:02.6676  INFO - outFiles: C:\Users\o0_0o\Documents\Document\PowerPoint 시작\9.jpg
2020-02-15 13:53:02.7922  INFO - 이미지 변환 성공!
2020-02-15 13:53:02.7922  INFO - Source image: C:\Users\o0_0o\Documents\Document\Welcome to Hwp.pdf
2020-02-15 13:53:02.7922  INFO - outFiles: C:\Users\o0_0o\Documents\Document\Welcome to Hwp\1.jpg
2020-02-15 13:53:02.8870  INFO - 이미지 변환 성공!
2020-02-15 13:53:02.8870  INFO - Source image: C:\Users\o0_0o\Documents\Document\Welcome to Hwp.pdf
2020-02-15 13:53:02.8870  INFO - outFiles: C:\Users\o0_0o\Documents\Document\Welcome to Hwp\2.jpg
2020-02-15 13:53:02.9707  INFO - 이미지 변환 성공!
2020-02-15 13:53:02.9707  INFO - Source image: C:\Users\o0_0o\Documents\Document\Welcome to Hwp.pdf
2020-02-15 13:53:02.9707  INFO - outFiles: C:\Users\o0_0o\Documents\Document\Welcome to Hwp\3.jpg
2020-02-15 13:53:03.0725  INFO - 이미지 변환 성공!
2020-02-15 13:53:03.0725  INFO - Source image: C:\Users\o0_0o\Documents\Document\Welcome to Hwp.pdf
2020-02-15 13:53:03.0725  INFO - outFiles: C:\Users\o0_0o\Documents\Document\Welcome to Hwp\4.jpg
2020-02-15 13:53:03.1503  INFO - 이미지 변환 성공!
2020-02-15 13:53:03.1503  INFO - Source image: C:\Users\o0_0o\Documents\Document\Welcome to Hwp.pdf
2020-02-15 13:53:03.1503  INFO - outFiles: C:\Users\o0_0o\Documents\Document\Welcome to Hwp\5.jpg
2020-02-15 13:53:03.3288  INFO - 이미지 변환 성공!
2020-02-15 13:53:03.3288  INFO - Source image: C:\Users\o0_0o\Documents\Document\Word 시작.pdf
2020-02-15 13:53:03.3288  INFO - outFiles: C:\Users\o0_0o\Documents\Document\Word 시작\1.jpg
2020-02-15 13:53:03.4255  INFO - 이미지 변환 성공!
2020-02-15 13:53:03.4255  INFO - Source image: C:\Users\o0_0o\Documents\Document\Word 시작.pdf
2020-02-15 13:53:03.4255  INFO - outFiles: C:\Users\o0_0o\Documents\Document\Word 시작\2.jpg
2020-02-15 13:53:03.5416  INFO - 이미지 변환 성공!
2020-02-15 13:53:03.5416  INFO - Source image: C:\Users\o0_0o\Documents\Document\Word 시작.pdf
2020-02-15 13:53:03.5416  INFO - outFiles: C:\Users\o0_0o\Documents\Document\Word 시작\3.jpg
2020-02-15 13:53:03.6274  INFO - 이미지 변환 성공!
2020-02-15 13:53:03.6274  INFO - Source image: C:\Users\o0_0o\Documents\Document\Word 시작.pdf
2020-02-15 13:53:03.6274  INFO - outFiles: C:\Users\o0_0o\Documents\Document\Word 시작\4.jpg
2020-02-15 13:53:03.7042  INFO - 이미지 변환 성공!
2020-02-15 13:53:03.7042  INFO - Source image: C:\Users\o0_0o\Documents\Document\Word 시작.pdf
2020-02-15 13:53:03.7042  INFO - outFiles: C:\Users\o0_0o\Documents\Document\Word 시작\5.jpg
2020-02-15 13:53:03.7870  INFO - 이미지 변환 성공!
2020-02-15 13:53:03.7870  INFO - Source image: C:\Users\o0_0o\Documents\Document\Word 시작.pdf
2020-02-15 13:53:03.7870  INFO - outFiles: C:\Users\o0_0o\Documents\Document\Word 시작\6.jpg
2020-02-15 13:53:03.8698  INFO - 이미지 변환 성공!
2020-02-15 13:53:03.8698  INFO - Source image: C:\Users\o0_0o\Documents\Document\Word 시작.pdf
2020-02-15 13:53:03.8698  INFO - outFiles: C:\Users\o0_0o\Documents\Document\Word 시작\7.jpg
2020-02-15 13:53:03.9556  INFO - 이미지 변환 성공!
2020-02-15 13:53:03.9556  INFO - Source image: C:\Users\o0_0o\Documents\Document\Word 시작.pdf
2020-02-15 13:53:03.9556  INFO - outFiles: C:\Users\o0_0o\Documents\Document\Word 시작\8.jpg
