2020-11-10 17:19:19.4534  INFO - ==================== Start ====================
2020-11-10 17:19:19.4754  INFO - Method: PowerPointSaveAs, FilePath: C:\Users\JMKIM\Desktop\dec_0_1_11FADBEABE00B81E10B1E6B669C0DB17.ppt, outPath: C:\Users\JMKIM\Desktop\dec_0_1_11FADBEABE00B81E10B1E6B669C0DB17.pdf, docPassword: 
2020-11-10 17:19:23.7632  INFO - ==================== End ====================
2020-11-10 17:19:52.2908  INFO - ==================== Start ====================
2020-11-10 17:19:52.2908  INFO - Method: PowerPointSaveAs, FilePath: C:\Users\JMKIM\Desktop\dec_0_1_11FADBEABE00B81E10B1E6B669C0DB17.ppt, outPath: C:\Users\JMKIM\Desktop\dec_0_1_11FADBEABE00B81E10B1E6B669C0DB17.pdf, docPassword: 
2020-11-10 17:21:39.4849  INFO - ==================== End ====================
2020-11-10 17:22:33.0265  INFO - ==================== Start ====================
2020-11-10 17:22:33.0265  INFO - Method: PowerPointSaveAs, FilePath: C:\Users\JMKIM\Desktop\dec_0_1_11FADBEABE00B81E10B1E6B669C0DB17.ppt, outPath: C:\Users\JMKIM\Desktop\dec_0_1_11FADBEABE00B81E10B1E6B669C0DB17.pdf, docPassword: 
2020-11-10 17:22:38.4767  INFO - ==================== End ====================
2020-11-10 17:22:56.8081  INFO - ==================== Start ====================
2020-11-10 17:22:56.8081  INFO - Method: PowerPointSaveAs, FilePath: C:\Users\JMKIM\Desktop\dec_0_1_11FADBEABE00B81E10B1E6B669C0DB17.ppt, outPath: C:\Users\JMKIM\Desktop\dec_0_1_11FADBEABE00B81E10B1E6B669C0DB17.pdf, docPassword: 
2020-11-10 17:24:21.4393  INFO - ==================== End ====================
2020-11-10 17:24:50.6071  INFO - ==================== Start ====================
2020-11-10 17:24:50.6281  INFO - Method: PowerPointSaveAs, FilePath: C:\Users\JMKIM\Desktop\dec_0_1_11FADBEABE00B81E10B1E6B669C0DB17.ppt, outPath: C:\Users\JMKIM\Desktop\dec_0_1_11FADBEABE00B81E10B1E6B669C0DB17.pdf, docPassword: 
2020-11-10 17:24:51.3457  INFO - ==================== End ====================
2020-11-10 17:25:18.0913  INFO - ==================== Start ====================
2020-11-10 17:25:18.1113  INFO - Method: PowerPointSaveAs, FilePath: C:\Users\JMKIM\Desktop\dec_0_1_11FADBEABE00B81E10B1E6B669C0DB17.ppt, outPath: C:\Users\JMKIM\Desktop\dec_0_1_11FADBEABE00B81E10B1E6B669C0DB17.pdf, docPassword: 
2020-11-10 17:26:55.7647  INFO - ==================== Start ====================
2020-11-10 17:26:55.7856  INFO - Method: PowerPointSaveAs, FilePath: C:\Users\JMKIM\Desktop\dec_0_1_11FADBEABE00B81E10B1E6B669C0DB17.ppt, outPath: C:\Users\JMKIM\Desktop\dec_0_1_11FADBEABE00B81E10B1E6B669C0DB17.pdf, docPassword: 
2020-11-10 17:26:59.2486  INFO - ==================== End ====================
2020-11-10 17:27:26.3205  INFO - ==================== Start ====================
2020-11-10 17:27:26.3414  INFO - Method: PowerPointSaveAs, FilePath: C:\Users\JMKIM\Desktop\dec_0_1_11FADBEABE00B81E10B1E6B669C0DB17.ppt, outPath: C:\Users\JMKIM\Desktop\dec_0_1_11FADBEABE00B81E10B1E6B669C0DB17.pdf, docPassword: 
2020-11-10 17:27:27.0372  INFO - ==================== End ====================
2020-11-10 17:29:06.2962  INFO - ==================== Start ====================
2020-11-10 17:29:06.3182  INFO - Method: PowerPointSaveAs, FilePath: C:\Users\JMKIM\Desktop\dec_0_1_11FADBEABE00B81E10B1E6B669C0DB17.ppt, outPath: C:\Users\JMKIM\Desktop\dec_0_1_11FADBEABE00B81E10B1E6B669C0DB17.pdf, docPassword: 
2020-11-10 17:29:07.3987  INFO - ==================== End ====================
2020-11-10 17:30:54.4153  INFO - ==================== Start ====================
2020-11-10 17:30:54.4362  INFO - Method: PowerPointSaveAs, FilePath: C:\Users\JMKIM\Desktop\dec_0_1_11FADBEABE00B81E10B1E6B669C0DB17.ppt, outPath: C:\Users\JMKIM\Desktop\dec_0_1_11FADBEABE00B81E10B1E6B669C0DB17.pdf, docPassword: 
2020-11-10 17:30:55.3881  INFO - ==================== End ====================
2020-11-10 17:32:17.4677  INFO - ==================== Start ====================
2020-11-10 17:32:17.4886  INFO - Method: PowerPointSaveAs, FilePath: C:\Users\JMKIM\Desktop\dec_0_1_11FADBEABE00B81E10B1E6B669C0DB17.ppt, outPath: C:\Users\JMKIM\Desktop\dec_0_1_11FADBEABE00B81E10B1E6B669C0DB17.pdf, docPassword: 
2020-11-10 17:32:18.4269  INFO - ==================== End ====================
2020-11-10 17:33:06.6190  INFO - ==================== Start ====================
2020-11-10 17:33:06.6409  INFO - Method: PowerPointSaveAs, FilePath: C:\Users\JMKIM\Desktop\dec_0_1_11FADBEABE00B81E10B1E6B669C0DB17.ppt, outPath: C:\Users\JMKIM\Desktop\dec_0_1_11FADBEABE00B81E10B1E6B669C0DB17.pdf, docPassword: 
2020-11-10 17:33:07.5776  INFO - ==================== End ====================
2020-11-10 17:33:24.0731  INFO - ==================== Start ====================
2020-11-10 17:33:24.0940  INFO - Method: PowerPointSaveAs, FilePath: C:\Users\JMKIM\Desktop\dec_0_1_11FADBEABE00B81E10B1E6B669C0DB17.ppt, outPath: C:\Users\JMKIM\Desktop\dec_0_1_11FADBEABE00B81E10B1E6B669C0DB17.pdf, docPassword: 
2020-11-10 17:33:25.0053  INFO - ==================== End ====================
2020-11-10 17:40:09.8718  INFO - ==================== Start ====================
2020-11-10 17:40:09.8932  INFO - Method: PowerPointSaveAs, FilePath: C:\Users\JMKIM\Desktop\dec_0_1_11FADBEABE00B81E10B1E6B669C0DB17.ppt, outPath: C:\Users\JMKIM\Desktop\dec_0_1_11FADBEABE00B81E10B1E6B669C0DB17.pdf, docPassword: 
2020-11-10 17:40:11.9859  INFO - ==================== End ====================
2020-11-10 17:40:36.3609  INFO - ==================== Start ====================
2020-11-10 17:40:36.3819  INFO - Method: PowerPointSaveAs, FilePath: C:\Users\JMKIM\Desktop\dec_0_1_11FADBEABE00B81E10B1E6B669C0DB17.ppt, outPath: C:\Users\JMKIM\Desktop\dec_0_1_11FADBEABE00B81E10B1E6B669C0DB17.pdf, docPassword: 
2020-11-10 17:40:36.9463  INFO - 
2020-11-10 17:40:38.4665  INFO - ==================== End ====================
2020-11-10 17:41:10.3551  INFO - ==================== Start ====================
2020-11-10 17:41:10.3761  INFO - Method: PowerPointSaveAs, FilePath: C:\Users\JMKIM\Desktop\dec_0_1_11FADBEABE00B81E10B1E6B669C0DB17.ppt, outPath: C:\Users\JMKIM\Desktop\dec_0_1_11FADBEABE00B81E10B1E6B669C0DB17.pdf, docPassword: 
2020-11-10 17:41:12.4339  INFO - ==================== End ====================
2020-11-10 17:41:43.8529  INFO - ==================== Start ====================
2020-11-10 17:41:43.8729  INFO - Method: PowerPointSaveAs, FilePath: C:\Users\JMKIM\Desktop\dec_0_1_11FADBEABE00B81E10B1E6B669C0DB17.ppt, outPath: C:\Users\JMKIM\Desktop\dec_0_1_11FADBEABE00B81E10B1E6B669C0DB17.pdf, docPassword: 
2020-11-10 17:41:45.9265  INFO - ==================== End ====================
2020-11-10 17:43:06.0404  INFO - ==================== Start ====================
2020-11-10 17:43:06.0623  INFO - Method: PowerPointSaveAs, FilePath: C:\Users\JMKIM\Desktop\dec_0_1_11FADBEABE00B81E10B1E6B669C0DB17.ppt, outPath: C:\Users\JMKIM\Desktop\dec_0_1_11FADBEABE00B81E10B1E6B669C0DB17.pdf, docPassword: 
2020-11-10 17:43:08.0946  INFO - ==================== End ====================
2020-11-10 17:43:50.0768  INFO - ==================== Start ====================
2020-11-10 17:43:50.0988  INFO - Method: PowerPointSaveAs, FilePath: C:\Users\JMKIM\Desktop\dec_0_1_11FADBEABE00B81E10B1E6B669C0DB17.ppt, outPath: C:\Users\JMKIM\Desktop\dec_0_1_11FADBEABE00B81E10B1E6B669C0DB17.pdf, docPassword: 
2020-11-10 17:43:52.1525  INFO - ==================== End ====================
2020-11-10 21:18:06.4948  INFO - ==================== Start ====================
2020-11-10 21:18:06.5158  INFO - Method: PowerPointSaveAs, FilePath: C:\Users\JMKIM\Desktop\dec_0_1_11FADBEABE00B81E10B1E6B669C0DB17.ppt, outPath: C:\Users\JMKIM\Desktop\dec_0_1_11FADBEABE00B81E10B1E6B669C0DB17.pdf, docPassword: 
2020-11-10 21:18:08.3215  INFO - ==================== End ====================
2020-11-10 21:19:03.9688  INFO - ==================== Start ====================
2020-11-10 21:19:03.9897  INFO - Method: PowerPointSaveAs, FilePath: C:\Users\JMKIM\Desktop\dec_0_1_11FADBEABE00B81E10B1E6B669C0DB17.ppt, outPath: C:\Users\JMKIM\Desktop\dec_0_1_11FADBEABE00B81E10B1E6B669C0DB17.pdf, docPassword: 
2020-11-10 21:19:04.7816  INFO - ==================== End ====================
2020-11-10 21:20:38.8565  INFO - ==================== Start ====================
2020-11-10 21:20:38.8774  INFO - Method: PowerPointSaveAs, FilePath: C:\Users\JMKIM\Desktop\dec_0_1_11FADBEABE00B81E10B1E6B669C0DB17.ppt, outPath: C:\Users\JMKIM\Desktop\dec_0_1_11FADBEABE00B81E10B1E6B669C0DB17.pdf, docPassword: 
2020-11-10 21:20:39.6738  INFO - ==================== End ====================
2020-11-10 21:21:14.1518  INFO - ==================== Start ====================
2020-11-10 21:21:14.1518  INFO - Method: PowerPointSaveAs, FilePath: C:\Users\JMKIM\Desktop\dec_0_1_11FADBEABE00B81E10B1E6B669C0DB17.ppt, outPath: C:\Users\JMKIM\Desktop\dec_0_1_11FADBEABE00B81E10B1E6B669C0DB17.pdf, docPassword: 
2020-11-10 21:21:14.2097  INFO - ==================== End ====================
2020-11-10 21:21:17.0514  INFO - ==================== Start ====================
2020-11-10 21:21:17.0514  INFO - Method: PowerPointSaveAs, FilePath: C:\Users\JMKIM\Desktop\dec_0_1_11FADBEABE00B81E10B1E6B669C0DB17.ppt, outPath: C:\Users\JMKIM\Desktop\dec_0_1_11FADBEABE00B81E10B1E6B669C0DB17.pdf, docPassword: 
2020-11-10 21:21:17.1062  INFO - ==================== End ====================
2020-11-10 21:21:17.7057  INFO - ==================== Start ====================
2020-11-10 21:21:17.7107  INFO - Method: PowerPointSaveAs, FilePath: C:\Users\JMKIM\Desktop\dec_0_1_11FADBEABE00B81E10B1E6B669C0DB17.ppt, outPath: C:\Users\JMKIM\Desktop\dec_0_1_11FADBEABE00B81E10B1E6B669C0DB17.pdf, docPassword: 
2020-11-10 21:21:17.7576  INFO - ==================== End ====================
2020-11-10 21:22:02.7837  INFO - ==================== Start ====================
2020-11-10 21:22:02.7887  INFO - Method: PowerPointSaveAs, FilePath: C:\Users\JMKIM\Desktop\dec_0_1_11FADBEABE00B81E10B1E6B669C0DB17.ppt, outPath: C:\Users\JMKIM\Desktop\dec_0_1_11FADBEABE00B81E10B1E6B669C0DB17.pdf, docPassword: 
2020-11-10 21:22:02.8393  INFO - ==================== End ====================
2020-11-10 21:22:10.8661  INFO - ==================== Start ====================
2020-11-10 21:22:10.8661  INFO - Method: PowerPointSaveAs, FilePath: C:\Users\JMKIM\Desktop\dec_0_1_11FADBEABE00B81E10B1E6B669C0DB17.ppt, outPath: C:\Users\JMKIM\Desktop\dec_0_1_11FADBEABE00B81E10B1E6B669C0DB17.pdf, docPassword: 
2020-11-10 21:22:10.9279  INFO - ==================== End ====================
2020-11-10 21:22:13.8156  INFO - ==================== Start ====================
2020-11-10 21:22:13.8205  INFO - Method: PowerPointSaveAs, FilePath: C:\Users\JMKIM\Desktop\dec_0_1_11FADBEABE00B81E10B1E6B669C0DB17.ppt, outPath: C:\Users\JMKIM\Desktop\dec_0_1_11FADBEABE00B81E10B1E6B669C0DB17.pdf, docPassword: 
2020-11-10 21:22:13.8706  INFO - ==================== End ====================
2020-11-10 21:22:32.8238  INFO - ==================== Start ====================
2020-11-10 21:22:32.8457  INFO - Method: PowerPointSaveAs, FilePath: C:\Users\JMKIM\Desktop\dec_0_1_11FADBEABE00B81E10B1E6B669C0DB17.ppt, outPath: C:\Users\JMKIM\Desktop\dec_0_1_11FADBEABE00B81E10B1E6B669C0DB17.pdf, docPassword: 
2020-11-10 21:22:32.9305  INFO - ==================== End ====================
2020-11-10 21:22:51.4361  INFO - ==================== Start ====================
2020-11-10 21:22:51.4581  INFO - Method: PowerPointSaveAs, FilePath: C:\Users\JMKIM\Desktop\dec_0_1_11FADBEABE00B81E10B1E6B669C0DB17.ppt, outPath: C:\Users\JMKIM\Desktop\dec_0_1_11FADBEABE00B81E10B1E6B669C0DB17.pdf, docPassword: 
2020-11-10 21:22:51.5421  INFO - ==================== End ====================
2020-11-10 21:23:12.1944  INFO - ==================== Start ====================
2020-11-10 21:23:12.2153  INFO - Method: PowerPointSaveAs, FilePath: C:\Users\JMKIM\Desktop\dec_0_1_11FADBEABE00B81E10B1E6B669C0DB17.ppt, outPath: C:\Users\JMKIM\Desktop\dec_0_1_11FADBEABE00B81E10B1E6B669C0DB17.pdf, docPassword: 
2020-11-10 21:23:34.2296  INFO - 변환 성공
2020-11-10 21:23:35.6599  INFO - ==================== End ====================
2020-11-10 21:23:48.6491  INFO - ==================== Start ====================
2020-11-10 21:23:48.6491  INFO - Method: PowerPointSaveAs, FilePath: C:\Users\JMKIM\Desktop\dec_0_1_11FADBEABE00B81E10B1E6B669C0DB17.ppt, outPath: C:\Users\JMKIM\Desktop\dec_0_1_11FADBEABE00B81E10B1E6B669C0DB17.pdf, docPassword: 
2020-11-10 21:23:56.1597  INFO - 변환 성공
2020-11-10 21:23:56.1916  INFO - ==================== End ====================
2020-11-10 21:24:31.7970  INFO - ==================== Start ====================
2020-11-10 21:24:31.8010  INFO - Method: PowerPointSaveAs, FilePath: C:\Users\JMKIM\Desktop\dec_0_1_11FADBEABE00B81E10B1E6B669C0DB17.ppt, outPath: C:\Users\JMKIM\Desktop\dec_0_1_11FADBEABE00B81E10B1E6B669C0DB17.pdf, docPassword: 
2020-11-10 21:24:39.3670  INFO - 변환 성공
2020-11-10 21:24:39.3950  INFO - ==================== End ====================
2020-11-10 21:25:02.0011  INFO - ==================== Start ====================
2020-11-10 21:25:02.0226  INFO - Method: PowerPointSaveAs, FilePath: C:\Users\JMKIM\Desktop\dec_0_1_11FADBEABE00B81E10B1E6B669C0DB17.ppt, outPath: C:\Users\JMKIM\Desktop\dec_0_1_11FADBEABE00B81E10B1E6B669C0DB17.pdf, docPassword: 
2020-11-10 21:25:09.6083  INFO - 변환 성공
2020-11-10 21:25:09.6562  INFO - ==================== End ====================
2020-11-10 21:25:13.3743  INFO - ==================== Start ====================
2020-11-10 21:25:13.3743  INFO - Method: PowerPointSaveAs, FilePath: C:\Users\JMKIM\Desktop\dec_0_1_11FADBEABE00B81E10B1E6B669C0DB17.ppt, outPath: C:\Users\JMKIM\Desktop\dec_0_1_11FADBEABE00B81E10B1E6B669C0DB17.pdf, docPassword: 
2020-11-10 21:25:20.8585  INFO - 변환 성공
2020-11-10 21:25:20.8715  INFO - ==================== End ====================
2020-11-10 21:27:03.1937  INFO - ==================== Start ====================
2020-11-10 21:27:03.2167  INFO - Method: PowerPointSaveAs, FilePath: C:\Users\JMKIM\Desktop\dec_0_1_11FADBEABE00B81E10B1E6B669C0DB17.ppt, outPath: C:\Users\JMKIM\Desktop\dec_0_1_11FADBEABE00B81E10B1E6B669C0DB17.pdf, docPassword: 
2020-11-10 21:27:10.7325  INFO - 변환 성공
2020-11-10 21:27:10.7475  INFO - ==================== End ====================
2020-11-10 21:28:37.0368  INFO - ==================== Start ====================
2020-11-10 21:28:37.0587  INFO - Method: PowerPointSaveAs, FilePath: C:\Users\JMKIM\Desktop\dec_0_1_11FADBEABE00B81E10B1E6B669C0DB17.ppt, outPath: C:\Users\JMKIM\Desktop\dec_0_1_11FADBEABE00B81E10B1E6B669C0DB17.pdf, docPassword: 
2020-11-10 21:28:44.4644  INFO - 변환 성공
2020-11-10 21:28:44.4803  INFO - ==================== End ====================
2020-11-10 21:34:52.0519  INFO - ==================== Start ====================
2020-11-10 21:34:52.0738  INFO - Method: PowerPointSaveAs, FilePath: C:\Users\JMKIM\Desktop\dec_0_1_11FADBEABE00B81E10B1E6B669C0DB17.ppt, outPath: C:\Users\JMKIM\Desktop\dec_0_1_11FADBEABE00B81E10B1E6B669C0DB17.pdf, docPassword: 
2020-11-10 21:35:01.1991  INFO - 변환 성공
2020-11-10 21:35:01.2161  INFO - ==================== End ====================
2020-11-10 21:35:01.2251  INFO - ==================== Start ====================
2020-11-10 21:35:01.2251  INFO - Method: PDFtoJpeg, FilePath: C:\Users\JMKIM\Desktop\dec_0_1_11FADBEABE00B81E10B1E6B669C0DB17.pdf, outPath: C:\Users\JMKIM\Desktop\dec_0_1_11FADBEABE00B81E10B1E6B669C0DB17\
2020-11-10 21:35:02.5117  INFO - 이미지 변환 성공!
2020-11-10 21:35:02.5117  INFO - ==================== End ====================
2020-11-10 23:16:23.8483  INFO - ==================== Start ====================
2020-11-10 23:16:23.8483  INFO - Method: PowerPointSaveAs, FilePath: C:\Data\workspace\C783754FFCA6ACC2F2430C5E8C651962\dec_0_1_11FADBEABE00B81E10B1E6B669C0DB17.ppt, outPath: C:\Data\workspace\C783754FFCA6ACC2F2430C5E8C651962\dec_0_1_11FADBEABE00B81E10B1E6B669C0DB17.pdf, docPassword: 
2020-11-10 23:16:23.8653  INFO - 파일 언락 실패! 자세한내용 로그 참고
2020-11-10 23:16:24.5368  INFO - ==================== End ====================
2020-11-10 23:26:37.4267  INFO - ==================== Start ====================
2020-11-10 23:26:37.4267  INFO - Method: PowerPointSaveAs, FilePath: C:\Data\workspace\C783754FFCA6ACC2F2430C5E8C651962\dec_0_1_11FADBEABE00B81E10B1E6B669C0DB17.ppt, outPath: C:\Data\workspace\C783754FFCA6ACC2F2430C5E8C651962\dec_0_1_11FADBEABE00B81E10B1E6B669C0DB17.pdf, docPassword: 
2020-11-10 23:26:37.4466  INFO - 파일 언락 실패! 자세한내용 로그 참고
2020-11-10 23:26:38.1158  INFO - ==================== End ====================
2020-11-10 23:31:46.1849  INFO - ==================== Start ====================
2020-11-10 23:31:46.1849  INFO - Method: PowerPointSaveAs, FilePath: C:\Data\workspace\C783754FFCA6ACC2F2430C5E8C651962\dec_0_1_11FADBEABE00B81E10B1E6B669C0DB17.ppt, outPath: C:\Data\workspace\C783754FFCA6ACC2F2430C5E8C651962\dec_0_1_11FADBEABE00B81E10B1E6B669C0DB17.pdf, docPassword: 
2020-11-10 23:31:46.2028  INFO - 파일 언락 실패! 자세한내용 로그 참고
2020-11-10 23:31:46.2928  INFO - ==================== End ====================
2020-11-10 23:38:30.3021  INFO - ==================== Start ====================
2020-11-10 23:38:30.3021  INFO - Method: PowerPointSaveAs, FilePath: C:\Data\workspace\C783754FFCA6ACC2F2430C5E8C651962\dec_0_1_11FADBEABE00B81E10B1E6B669C0DB17.ppt, outPath: C:\Data\workspace\C783754FFCA6ACC2F2430C5E8C651962\dec_0_1_11FADBEABE00B81E10B1E6B669C0DB17.pdf, docPassword: 
2020-11-10 23:38:30.3211  INFO - 파일 언락 실패! 자세한내용 로그 참고
2020-11-10 23:38:30.4078  INFO - ==================== End ====================
2020-11-10 23:39:20.1225  INFO - ==================== Start ====================
2020-11-10 23:39:20.1295  INFO - Method: PowerPointSaveAs, FilePath: C:\Data\workspace\C783754FFCA6ACC2F2430C5E8C651962\dec_0_1_11FADBEABE00B81E10B1E6B669C0DB17.ppt, outPath: C:\Data\workspace\C783754FFCA6ACC2F2430C5E8C651962\dec_0_1_11FADBEABE00B81E10B1E6B669C0DB17.pdf, docPassword: 
2020-11-10 23:39:20.1295  INFO - 파일 언락 실패! 자세한내용 로그 참고
2020-11-10 23:39:20.2262  INFO - ==================== End ====================
2020-11-10 23:39:45.0176  INFO - ==================== Start ====================
2020-11-10 23:39:45.0226  INFO - Method: PowerPointSaveAs, FilePath: C:\Data\workspace\C783754FFCA6ACC2F2430C5E8C651962\dec_0_1_11FADBEABE00B81E10B1E6B669C0DB17.ppt, outPath: C:\Data\workspace\C783754FFCA6ACC2F2430C5E8C651962\dec_0_1_11FADBEABE00B81E10B1E6B669C0DB17.pdf, docPassword: 
2020-11-10 23:39:45.0356  INFO - 파일 언락 실패! 자세한내용 로그 참고
2020-11-10 23:39:45.1143  INFO - ==================== End ====================
2020-11-10 23:42:35.5356  INFO - ==================== Start ====================
2020-11-10 23:42:35.5356  INFO - Method: PowerPointSaveAs, FilePath: C:\Data\workspace\C783754FFCA6ACC2F2430C5E8C651962\dec_0_1_11FADBEABE00B81E10B1E6B669C0DB17.ppt, outPath: C:\Data\workspace\C783754FFCA6ACC2F2430C5E8C651962\dec_0_1_11FADBEABE00B81E10B1E6B669C0DB17.pdf, docPassword: 
2020-11-10 23:42:44.5280  INFO - 변환 성공
2020-11-10 23:42:44.5698  INFO - ==================== End ====================
2020-11-10 23:43:02.6993  INFO - ==================== Start ====================
2020-11-10 23:43:02.6993  INFO - Method: PowerPointSaveAs, FilePath: C:\Data\workspace\C783754FFCA6ACC2F2430C5E8C651962\dec_0_1_11FADBEABE00B81E10B1E6B669C0DB17.ppt, outPath: C:\Data\workspace\C783754FFCA6ACC2F2430C5E8C651962\dec_0_1_11FADBEABE00B81E10B1E6B669C0DB17.pdf, docPassword: 
2020-11-10 23:43:10.0814  INFO - 변환 성공
2020-11-10 23:43:10.1163  INFO - ==================== End ====================
2020-11-10 23:44:18.9818  INFO - ==================== Start ====================
2020-11-10 23:44:18.9888  INFO - Method: PowerPointSaveAs, FilePath: C:\Data\workspace\C783754FFCA6ACC2F2430C5E8C651962\dec_0_1_11FADBEABE00B81E10B1E6B669C0DB17.ppt, outPath: C:\Data\workspace\C783754FFCA6ACC2F2430C5E8C651962\dec_0_1_11FADBEABE00B81E10B1E6B669C0DB17.pdf, docPassword: 
2020-11-10 23:44:26.6544  INFO - 변환 성공
2020-11-10 23:44:26.6903  INFO - ==================== End ====================
