2020-11-10 21:36:36.8319  INFO - [INFO] 데이터 경로: C:\Data
2020-11-10 21:36:36.8339  INFO - [INFO] 클라이언트 키: B29D00A3 - F825 - 4EB7 - 93C1 - A77F5E31A7C2
2020-11-10 21:36:36.8339  INFO - [INFO] 오피스 디버깅모드: True
2020-11-10 21:36:36.8339  INFO - [INFO] 웹 캡쳐 모드: Phantom JS
2020-11-10 21:36:36.8339  INFO - [INFO] 웹 캡쳐 타임아웃: 30초
2020-11-10 21:36:36.8339  INFO - [INFO] 한글 DLL을 레지스트리에 등록하였습니다.
2020-11-10 21:36:36.8339  INFO - [Scheduler] 스케줄러가 실행중입니다. 작업공간 정리 스케줄러: 3일   로그 정리 스케줄러: 10일
2020-11-10 21:36:36.8339  INFO - [Web Socket] 웹 소켓 타임아웃: 2분 0초
2020-11-10 21:36:36.9164  INFO - [Web Socket] Server Listening...
2020-11-10 21:36:36.9164  INFO - [Web Socket][INFO] IP: 0.0.0.0   포트: 12000
2020-11-10 21:36:41.9044  INFO - [INFO] 웹 소켓 서버를 종료합니다.
2020-11-10 21:37:13.0073  INFO - [INFO] 데이터 경로: C:\Data
2020-11-10 21:37:13.0073  INFO - [INFO] 클라이언트 키: B29D00A3 - F825 - 4EB7 - 93C1 - A77F5E31A7C2
2020-11-10 21:37:13.0073  INFO - [INFO] 오피스 디버깅모드: True
2020-11-10 21:37:13.0073  INFO - [INFO] 웹 캡쳐 모드: Phantom JS
2020-11-10 21:37:13.0073  INFO - [INFO] 웹 캡쳐 타임아웃: 30초
2020-11-10 21:37:13.0073  INFO - [INFO] 한글 DLL을 레지스트리에 등록하였습니다.
2020-11-10 21:37:13.0073  INFO - [Scheduler] 스케줄러가 실행중입니다. 작업공간 정리 스케줄러: 3일   로그 정리 스케줄러: 10일
2020-11-10 21:37:13.0073  INFO - [Web Socket] 웹 소켓 타임아웃: 2분 0초
2020-11-10 21:37:13.0652  INFO - [Web Socket] Server Listening...
2020-11-10 21:37:13.0652  INFO - [Web Socket][INFO] IP: 0.0.0.0   포트: 12000
2020-11-10 21:37:22.6075  INFO - [INFO] 웹 소켓 서버를 종료합니다.
2020-11-10 21:37:26.7014  INFO - [INFO] 데이터 경로: C:\Data
2020-11-10 21:37:26.7014  INFO - [INFO] 클라이언트 키: B29D00A3 - F825 - 4EB7 - 93C1 - A77F5E31A7C2
2020-11-10 21:37:26.7014  INFO - [INFO] 오피스 디버깅모드: True
2020-11-10 21:37:26.7014  INFO - [INFO] 웹 캡쳐 모드: Phantom JS
2020-11-10 21:37:26.7014  INFO - [INFO] 웹 캡쳐 타임아웃: 30초
2020-11-10 21:37:26.7014  INFO - [INFO] 한글 DLL을 레지스트리에 등록하였습니다.
2020-11-10 21:37:26.7014  INFO - [Scheduler] 스케줄러가 실행중입니다. 작업공간 정리 스케줄러: 3일   로그 정리 스케줄러: 10일
2020-11-10 21:37:26.7094  INFO - [Web Socket] 웹 소켓 타임아웃: 2분 0초
2020-11-10 21:37:26.7602  INFO - [Web Socket] Server Listening...
2020-11-10 21:37:26.7602  INFO - [Web Socket][INFO] IP: 0.0.0.0   포트: 12000
2020-11-10 21:37:48.4045  INFO - [INFO] 웹 소켓 서버를 종료합니다.
2020-11-10 21:38:19.0100  INFO - [INFO] 데이터 경로: C:\Data
2020-11-10 21:38:19.0100  INFO - [INFO] 클라이언트 키: B29D00A3 - F825 - 4EB7 - 93C1 - A77F5E31A7C2
2020-11-10 21:38:19.0100  INFO - [INFO] 오피스 디버깅모드: True
2020-11-10 21:38:19.0100  INFO - [INFO] 웹 캡쳐 모드: Phantom JS
2020-11-10 21:38:19.0100  INFO - [INFO] 웹 캡쳐 타임아웃: 30초
2020-11-10 21:38:19.0100  INFO - [INFO] 한글 DLL을 레지스트리에 등록하였습니다.
2020-11-10 21:38:19.0100  INFO - [Scheduler] 스케줄러가 실행중입니다. 작업공간 정리 스케줄러: 3일   로그 정리 스케줄러: 10일
2020-11-10 21:38:19.0100  INFO - [Web Socket] 웹 소켓 타임아웃: 2분 0초
2020-11-10 21:38:19.0669  INFO - [Web Socket] Server Listening...
2020-11-10 21:38:19.0669  INFO - [Web Socket][INFO] IP: 0.0.0.0   포트: 12000
2020-11-10 21:38:30.0572  INFO - [INFO] 웹 소켓 서버를 종료합니다.
2020-11-10 21:38:46.4892  INFO - [INFO] 데이터 경로: C:\Data
2020-11-10 21:38:46.4892  INFO - [INFO] 클라이언트 키: B29D00A3 - F825 - 4EB7 - 93C1 - A77F5E31A7C2
2020-11-10 21:38:46.4892  INFO - [INFO] 오피스 디버깅모드: True
2020-11-10 21:38:46.4892  INFO - [INFO] 웹 캡쳐 모드: Phantom JS
2020-11-10 21:38:46.4892  INFO - [INFO] 웹 캡쳐 타임아웃: 30초
2020-11-10 21:38:46.4892  INFO - [INFO] 한글 DLL을 레지스트리에 등록하였습니다.
2020-11-10 21:38:46.4892  INFO - [Scheduler] 스케줄러가 실행중입니다. 작업공간 정리 스케줄러: 3일   로그 정리 스케줄러: 10일
2020-11-10 21:38:46.4892  INFO - [Web Socket] 웹 소켓 타임아웃: 2분 0초
2020-11-10 21:38:46.5461  INFO - [Web Socket] Server Listening...
2020-11-10 21:38:46.5461  INFO - [Web Socket][INFO] IP: 0.0.0.0   포트: 12000
2020-11-10 21:38:54.0107  INFO - [INFO] 웹 소켓 서버를 종료합니다.
2020-11-10 21:40:29.7184  INFO - [INFO] 데이터 경로: C:\Data
2020-11-10 21:40:29.7184  INFO - [INFO] 클라이언트 키: B29D00A3 - F825 - 4EB7 - 93C1 - A77F5E31A7C2
2020-11-10 21:40:29.7184  INFO - [INFO] 오피스 디버깅모드: True
2020-11-10 21:40:29.7184  INFO - [INFO] 웹 캡쳐 모드: Phantom JS
2020-11-10 21:40:29.7184  INFO - [INFO] 웹 캡쳐 타임아웃: 30초
2020-11-10 21:40:29.7184  INFO - [INFO] 한글 DLL을 레지스트리에 등록하였습니다.
2020-11-10 21:40:29.7184  INFO - [Scheduler] 스케줄러가 실행중입니다. 작업공간 정리 스케줄러: 3일   로그 정리 스케줄러: 10일
2020-11-10 21:40:29.7253  INFO - [Web Socket] 웹 소켓 타임아웃: 2분 0초
2020-11-10 21:40:29.7722  INFO - [Web Socket] Server Listening...
2020-11-10 21:40:29.7722  INFO - [Web Socket][INFO] IP: 0.0.0.0   포트: 12000
2020-11-10 21:40:35.9172  INFO - [INFO] 웹 소켓 서버를 종료합니다.
2020-11-10 21:40:41.7722  INFO - [INFO] 데이터 경로: C:\Data
2020-11-10 21:40:41.7722  INFO - [INFO] 클라이언트 키: B29D00A3 - F825 - 4EB7 - 93C1 - A77F5E31A7C2
2020-11-10 21:40:41.7722  INFO - [INFO] 오피스 디버깅모드: True
2020-11-10 21:40:41.7722  INFO - [INFO] 웹 캡쳐 모드: Phantom JS
2020-11-10 21:40:41.7722  INFO - [INFO] 웹 캡쳐 타임아웃: 30초
2020-11-10 21:40:41.7722  INFO - [INFO] 한글 DLL을 레지스트리에 등록하였습니다.
2020-11-10 21:40:41.7722  INFO - [Scheduler] 스케줄러가 실행중입니다. 작업공간 정리 스케줄러: 3일   로그 정리 스케줄러: 10일
2020-11-10 21:40:41.7722  INFO - [Web Socket] 웹 소켓 타임아웃: 2분 0초
2020-11-10 21:40:41.8261  INFO - [Web Socket] Server Listening...
2020-11-10 21:40:41.8261  INFO - [Web Socket][INFO] IP: 0.0.0.0   포트: 12000
2020-11-10 21:40:43.6428  INFO - [INFO] 웹 소켓 서버를 종료합니다.
2020-11-10 21:40:49.8484  INFO - [INFO] 데이터 경로: C:\Data
2020-11-10 21:40:49.8484  INFO - [INFO] 클라이언트 키: B29D00A3 - F825 - 4EB7 - 93C1 - A77F5E31A7C2
2020-11-10 21:40:49.8484  INFO - [INFO] 오피스 디버깅모드: True
2020-11-10 21:40:49.8484  INFO - [INFO] 웹 캡쳐 모드: Phantom JS
2020-11-10 21:40:49.8484  INFO - [INFO] 웹 캡쳐 타임아웃: 30초
2020-11-10 21:40:49.8484  INFO - [INFO] 한글 DLL을 레지스트리에 등록하였습니다.
2020-11-10 21:40:49.8484  INFO - [Scheduler] 스케줄러가 실행중입니다. 작업공간 정리 스케줄러: 3일   로그 정리 스케줄러: 10일
2020-11-10 21:40:49.8484  INFO - [Web Socket] 웹 소켓 타임아웃: 2분 0초
2020-11-10 21:40:49.9092  INFO - [Web Socket] Server Listening...
2020-11-10 21:40:49.9092  INFO - [Web Socket][INFO] IP: 0.0.0.0   포트: 12000
2020-11-10 21:40:52.1310  INFO - [INFO] 웹 소켓 서버를 종료합니다.
2020-11-10 21:43:03.6740  INFO - [INFO] 데이터 경로: C:\Data
2020-11-10 21:43:03.6740  INFO - [INFO] 클라이언트 키: B29D00A3 - F825 - 4EB7 - 93C1 - A77F5E31A7C2
2020-11-10 21:43:03.6760  INFO - [INFO] 오피스 디버깅모드: True
2020-11-10 21:43:03.6760  INFO - [INFO] 웹 캡쳐 모드: Phantom JS
2020-11-10 21:43:03.6760  INFO - [INFO] 웹 캡쳐 타임아웃: 30초
2020-11-10 21:43:03.6760  INFO - [INFO] 한글 DLL을 레지스트리에 등록하였습니다.
2020-11-10 21:43:03.6760  INFO - [Scheduler] 스케줄러가 실행중입니다. 작업공간 정리 스케줄러: 3일   로그 정리 스케줄러: 10일
2020-11-10 21:43:03.6760  INFO - [Web Socket] 웹 소켓 타임아웃: 2분 0초
2020-11-10 21:43:03.7438  INFO - [Web Socket] Server Listening...
2020-11-10 21:43:03.7438  INFO - [Web Socket][INFO] IP: 0.0.0.0   포트: 12000
2020-11-10 21:43:12.5056  INFO - [INFO] 웹 소켓 서버를 종료합니다.
2020-11-10 21:43:27.9901  INFO - [INFO] 데이터 경로: C:\Data
2020-11-10 21:43:27.9901  INFO - [INFO] 클라이언트 키: B29D00A3 - F825 - 4EB7 - 93C1 - A77F5E31A7C2
2020-11-10 21:43:27.9901  INFO - [INFO] 오피스 디버깅모드: True
2020-11-10 21:43:27.9901  INFO - [INFO] 웹 캡쳐 모드: Phantom JS
2020-11-10 21:43:27.9901  INFO - [INFO] 웹 캡쳐 타임아웃: 30초
2020-11-10 21:43:27.9901  INFO - [INFO] 한글 DLL을 레지스트리에 등록하였습니다.
2020-11-10 21:43:27.9901  INFO - [Scheduler] 스케줄러가 실행중입니다. 작업공간 정리 스케줄러: 3일   로그 정리 스케줄러: 10일
2020-11-10 21:43:27.9901  INFO - [Web Socket] 웹 소켓 타임아웃: 2분 0초
2020-11-10 21:43:28.0729  INFO - [Web Socket] Server Listening...
2020-11-10 21:43:28.0729  INFO - [Web Socket][INFO] IP: 0.0.0.0   포트: 12000
2020-11-10 21:43:46.1633  INFO - [INFO] 웹 소켓 서버를 종료합니다.
2020-11-10 21:44:36.3416  INFO - [INFO] 데이터 경로: C:\Data
2020-11-10 21:44:36.3416  INFO - [INFO] 클라이언트 키: B29D00A3 - F825 - 4EB7 - 93C1 - A77F5E31A7C2
2020-11-10 21:44:36.3416  INFO - [INFO] 오피스 디버깅모드: True
2020-11-10 21:44:36.3416  INFO - [INFO] 웹 캡쳐 모드: Phantom JS
2020-11-10 21:44:36.3416  INFO - [INFO] 웹 캡쳐 타임아웃: 30초
2020-11-10 21:44:36.3416  INFO - [INFO] 한글 DLL을 레지스트리에 등록하였습니다.
2020-11-10 21:44:36.3416  INFO - [Scheduler] 스케줄러가 실행중입니다. 작업공간 정리 스케줄러: 3일   로그 정리 스케줄러: 10일
2020-11-10 21:44:36.3495  INFO - [Web Socket] 웹 소켓 타임아웃: 2분 0초
2020-11-10 21:44:36.4165  INFO - [Web Socket] Server Listening...
2020-11-10 21:44:36.4165  INFO - [Web Socket][INFO] IP: 0.0.0.0   포트: 12000
2020-11-10 21:45:09.6156  INFO - [INFO] 웹 소켓 서버를 종료합니다.
2020-11-10 23:13:41.5510  INFO - [INFO] 데이터 경로: C:\Data
2020-11-10 23:13:41.5699  INFO - [INFO] 클라이언트 키: B29D00A3 - F825 - 4EB7 - 93C1 - A77F5E31A7C2
2020-11-10 23:13:41.5699  INFO - [INFO] 오피스 디버깅모드: True
2020-11-10 23:13:41.5699  INFO - [INFO] 웹 캡쳐 모드: Phantom JS
2020-11-10 23:13:41.5699  INFO - [INFO] 웹 캡쳐 타임아웃: 30초
2020-11-10 23:13:41.5699  INFO - [INFO] 한글 DLL을 레지스트리에 등록하였습니다.
2020-11-10 23:13:41.5699  INFO - [Scheduler] 스케줄러가 실행중입니다. 작업공간 정리 스케줄러: 3일   로그 정리 스케줄러: 10일
2020-11-10 23:13:41.5699  INFO - [Web Socket] 웹 소켓 타임아웃: 2분 0초
2020-11-10 23:13:41.6135  INFO - [Web Socket] Server Listening...
2020-11-10 23:13:41.6135  INFO - [Web Socket][INFO] IP: 0.0.0.0   포트: 12000
2020-11-10 23:13:48.2490  INFO - [INFO] 데이터 경로: C:\Data
2020-11-10 23:13:48.2669  INFO - [INFO] 클라이언트 키: B29D00A3 - F825 - 4EB7 - 93C1 - A77F5E31A7C2
2020-11-10 23:13:48.2669  INFO - [INFO] 오피스 디버깅모드: True
2020-11-10 23:13:48.2669  INFO - [INFO] 웹 캡쳐 모드: Phantom JS
2020-11-10 23:13:48.2669  INFO - [INFO] 웹 캡쳐 타임아웃: 30초
2020-11-10 23:13:48.2669  INFO - [INFO] 한글 DLL을 레지스트리에 등록하였습니다.
2020-11-10 23:13:48.2699  INFO - [Scheduler] 스케줄러가 실행중입니다. 작업공간 정리 스케줄러: 3일   로그 정리 스케줄러: 10일
2020-11-10 23:13:48.2699  INFO - [Web Socket] 웹 소켓 타임아웃: 2분 0초
2020-11-10 23:13:48.3048  INFO - [Web Socket] Server Listening...
2020-11-10 23:13:48.3048  INFO - [Web Socket][INFO] IP: 0.0.0.0   포트: 12000
2020-11-10 23:13:53.1861  INFO - [INFO] 데이터 경로: C:\Data
2020-11-10 23:13:53.1861  INFO - [INFO] 클라이언트 키: B29D00A3 - F825 - 4EB7 - 93C1 - A77F5E31A7C2
2020-11-10 23:13:53.1861  INFO - [INFO] 오피스 디버깅모드: True
2020-11-10 23:13:53.1861  INFO - [INFO] 웹 캡쳐 모드: Phantom JS
2020-11-10 23:13:53.1861  INFO - [INFO] 웹 캡쳐 타임아웃: 30초
2020-11-10 23:13:53.1861  INFO - [INFO] 한글 DLL을 레지스트리에 등록하였습니다.
2020-11-10 23:13:53.1861  INFO - [Scheduler] 스케줄러가 실행중입니다. 작업공간 정리 스케줄러: 3일   로그 정리 스케줄러: 10일
2020-11-10 23:13:53.1941  INFO - [Web Socket] 웹 소켓 타임아웃: 2분 0초
2020-11-10 23:13:53.2439  INFO - [Web Socket] Server Listening...
2020-11-10 23:13:53.2439  INFO - [Web Socket][INFO] IP: 0.0.0.0   포트: 12000
2020-11-10 23:14:01.4915  INFO - [INFO] 웹 소켓 서버를 종료합니다.
2020-11-10 23:14:03.6124  INFO - [INFO] 데이터 경로: C:\Data
2020-11-10 23:14:03.6313  INFO - [INFO] 클라이언트 키: B29D00A3 - F825 - 4EB7 - 93C1 - A77F5E31A7C2
2020-11-10 23:14:03.6313  INFO - [INFO] 오피스 디버깅모드: True
2020-11-10 23:14:03.6313  INFO - [INFO] 웹 캡쳐 모드: Phantom JS
2020-11-10 23:14:03.6313  INFO - [INFO] 웹 캡쳐 타임아웃: 30초
2020-11-10 23:14:03.6313  INFO - [INFO] 한글 DLL을 레지스트리에 등록하였습니다.
2020-11-10 23:14:03.6313  INFO - [Scheduler] 스케줄러가 실행중입니다. 작업공간 정리 스케줄러: 3일   로그 정리 스케줄러: 10일
2020-11-10 23:14:03.6313  INFO - [Web Socket] 웹 소켓 타임아웃: 2분 0초
2020-11-10 23:14:03.6882  INFO - [Web Socket] Server Listening...
2020-11-10 23:14:03.6882  INFO - [Web Socket][INFO] IP: 0.0.0.0   포트: 12000
2020-11-10 23:14:56.5334  INFO - [INFO] 데이터 경로: C:\Data
2020-11-10 23:14:56.5334  INFO - [INFO] 클라이언트 키: B29D00A3 - F825 - 4EB7 - 93C1 - A77F5E31A7C2
2020-11-10 23:14:56.5334  INFO - [INFO] 오피스 디버깅모드: True
2020-11-10 23:14:56.5354  INFO - [INFO] 웹 캡쳐 모드: Phantom JS
2020-11-10 23:14:56.5354  INFO - [INFO] 웹 캡쳐 타임아웃: 30초
2020-11-10 23:14:56.5354  INFO - [INFO] 한글 DLL을 레지스트리에 등록하였습니다.
2020-11-10 23:14:56.5354  INFO - [Scheduler] 스케줄러가 실행중입니다. 작업공간 정리 스케줄러: 3일   로그 정리 스케줄러: 10일
2020-11-10 23:14:56.5354  INFO - [Web Socket] 웹 소켓 타임아웃: 2분 0초
2020-11-10 23:14:56.6182  INFO - [Web Socket] Server Listening...
2020-11-10 23:14:56.6182  INFO - [Web Socket][INFO] IP: 0.0.0.0   포트: 12000
2020-11-10 23:14:59.9010  INFO - [INFO] 웹 소켓 서버를 종료합니다.
2020-11-10 23:15:03.6521  INFO - [INFO] 데이터 경로: C:\Data
2020-11-10 23:15:03.6701  INFO - [INFO] 클라이언트 키: B29D00A3 - F825 - 4EB7 - 93C1 - A77F5E31A7C2
2020-11-10 23:15:03.6701  INFO - [INFO] 오피스 디버깅모드: True
2020-11-10 23:15:03.6701  INFO - [INFO] 웹 캡쳐 모드: Phantom JS
2020-11-10 23:15:03.6701  INFO - [INFO] 웹 캡쳐 타임아웃: 30초
2020-11-10 23:15:03.6701  INFO - [INFO] 한글 DLL을 레지스트리에 등록하였습니다.
2020-11-10 23:15:03.6701  INFO - [Scheduler] 스케줄러가 실행중입니다. 작업공간 정리 스케줄러: 3일   로그 정리 스케줄러: 10일
2020-11-10 23:15:03.6761  INFO - [Web Socket] 웹 소켓 타임아웃: 2분 0초
2020-11-10 23:15:03.7085  INFO - [Web Socket] Server Listening...
2020-11-10 23:15:03.7085  INFO - [Web Socket][INFO] IP: 0.0.0.0   포트: 12000
2020-11-10 23:15:25.7527  INFO - [INFO] 데이터 경로: C:\Data
2020-11-10 23:15:25.7527  INFO - [INFO] 클라이언트 키: B29D00A3 - F825 - 4EB7 - 93C1 - A77F5E31A7C2
2020-11-10 23:15:25.7527  INFO - [INFO] 오피스 디버깅모드: True
2020-11-10 23:15:25.7527  INFO - [INFO] 웹 캡쳐 모드: Phantom JS
2020-11-10 23:15:25.7547  INFO - [INFO] 웹 캡쳐 타임아웃: 30초
2020-11-10 23:15:25.7547  INFO - [INFO] 한글 DLL을 레지스트리에 등록하였습니다.
2020-11-10 23:15:25.7547  INFO - [Scheduler] 스케줄러가 실행중입니다. 작업공간 정리 스케줄러: 3일   로그 정리 스케줄러: 10일
2020-11-10 23:15:25.7547  INFO - [Web Socket] 웹 소켓 타임아웃: 2분 0초
2020-11-10 23:15:25.8195  INFO - [Web Socket] Server Listening...
2020-11-10 23:15:25.8195  INFO - [Web Socket][INFO] IP: 0.0.0.0   포트: 12000
2020-11-10 23:16:23.3316  INFO - [WebSocket] 접속 IP: 127.0.0.1
2020-11-10 23:16:23.3945  INFO - 
[WebSocket][Client => Server]
{
  "KEY": "B29D00A3 - F825 - 4EB7 - 93C1 - A77F5E31A7C2",
  "Method": "DocConvert",
  "FileName": "dec_0_1_11FADBEABE00B81E10B1E6B669C0DB17.ppt",
  "ConvertIMG": 0,
  "useCompression": false,
  "DRM_useYn": true,
  "DRM_Type": "123"
}

2020-11-10 23:16:23.4393  INFO - 파일 언락 실패! 자세한내용 로그 참고
2020-11-10 23:16:23.4423  INFO - C:\Data\workspace\C783754FFCA6ACC2F2430C5E8C651962\dec_0_1_11FADBEABE00B81E10B1E6B669C0DB17.ppt 파일을 C:\Data\workspace\C783754FFCA6ACC2F2430C5E8C651962\dec_0_1_11FADBEABE00B81E10B1E6B669C0DB17.ppt로 이동.
2020-11-10 23:16:23.4423  INFO - DRM 사용여부: True
2020-11-10 23:16:23.4423  INFO - =================== DRM ===================
2020-11-10 23:16:23.4423  INFO - DRM 파일 이름 변경 ==> C:\Data\workspace\C783754FFCA6ACC2F2430C5E8C651962\dec_0_1_11FADBEABE00B81E10B1E6B669C0DB17_ori.ppt
2020-11-10 23:16:23.4423  INFO - C:\drm.bat C:\Data\workspace\C783754FFCA6ACC2F2430C5E8C651962\dec_0_1_11FADBEABE00B81E10B1E6B669C0DB17_ori.ppt 
2020-11-10 23:16:23.8453  INFO - DRM 변환 실패
2020-11-10 23:16:23.8453  INFO - ===========================================
2020-11-10 23:16:24.5368  INFO - 변환중 오류발생 자세한 내용은 오류로그 참고
2020-11-10 23:16:24.5368  INFO - 
[WebSocket][Server => Client]
{
  "isSuccess": false,
  "msg": "지정된 파일을 찾을 수 없습니다. (예외가 발생한 HRESULT: 0x80070002)",
  "Method": "DocConvert"
}

2020-11-10 23:16:24.5518  INFO - [WebSocket] 작업 소요시간: 00:00:01.2051668
2020-11-10 23:16:24.5518  INFO - [WebSocket] 클라이언트와 연결을 해제함.
2020-11-10 23:17:50.2471  INFO - [INFO] 데이터 경로: C:\Data
2020-11-10 23:17:50.2471  INFO - [INFO] 클라이언트 키: B29D00A3 - F825 - 4EB7 - 93C1 - A77F5E31A7C2
2020-11-10 23:17:50.2471  INFO - [INFO] 오피스 디버깅모드: True
2020-11-10 23:17:50.2471  INFO - [INFO] 웹 캡쳐 모드: Phantom JS
2020-11-10 23:17:50.2471  INFO - [INFO] 웹 캡쳐 타임아웃: 30초
2020-11-10 23:17:50.2471  INFO - [INFO] 한글 DLL을 레지스트리에 등록하였습니다.
2020-11-10 23:17:50.2471  INFO - [Scheduler] 스케줄러가 실행중입니다. 작업공간 정리 스케줄러: 3일   로그 정리 스케줄러: 10일
2020-11-10 23:17:50.2541  INFO - [Web Socket] 웹 소켓 타임아웃: 2분 0초
2020-11-10 23:17:50.3199  INFO - [Web Socket] Server Listening...
2020-11-10 23:17:50.3199  INFO - [Web Socket][INFO] IP: 0.0.0.0   포트: 12000
2020-11-10 23:17:51.7951  INFO - [WebSocket] 접속 IP: 127.0.0.1
2020-11-10 23:17:51.8549  INFO - 
[WebSocket][Client => Server]
{
  "KEY": "B29D00A3 - F825 - 4EB7 - 93C1 - A77F5E31A7C2",
  "Method": "DocConvert",
  "FileName": "dec_0_1_11FADBEABE00B81E10B1E6B669C0DB17.ppt",
  "ConvertIMG": 0,
  "useCompression": false,
  "DRM_useYn": true,
  "DRM_Type": "123"
}

2020-11-10 23:17:51.9028  INFO - 파일 언락 실패! 자세한내용 로그 참고
2020-11-10 23:17:51.9028  INFO - C:\Data\workspace\C783754FFCA6ACC2F2430C5E8C651962\dec_0_1_11FADBEABE00B81E10B1E6B669C0DB17.ppt 파일을 C:\Data\workspace\C783754FFCA6ACC2F2430C5E8C651962\dec_0_1_11FADBEABE00B81E10B1E6B669C0DB17.ppt로 이동.
2020-11-10 23:17:51.9028  INFO - DRM 사용여부: True
2020-11-10 23:17:51.9028  INFO - =================== DRM ===================
2020-11-10 23:17:51.9028  INFO - DRM 파일 이름 변경 ==> C:\Data\workspace\C783754FFCA6ACC2F2430C5E8C651962\ori_dec_0_1_11FADBEABE00B81E10B1E6B669C0DB17.ppt
2020-11-10 23:18:08.3155  INFO - C:\drm.bat C:\Data\workspace\C783754FFCA6ACC2F2430C5E8C651962\ori_dec_0_1_11FADBEABE00B81E10B1E6B669C0DB17.ppt 
2020-11-10 23:19:26.4590  INFO - [INFO] 데이터 경로: C:\Data
2020-11-10 23:19:26.4590  INFO - [INFO] 클라이언트 키: B29D00A3 - F825 - 4EB7 - 93C1 - A77F5E31A7C2
2020-11-10 23:19:26.4590  INFO - [INFO] 오피스 디버깅모드: True
2020-11-10 23:19:26.4590  INFO - [INFO] 웹 캡쳐 모드: Phantom JS
2020-11-10 23:19:26.4590  INFO - [INFO] 웹 캡쳐 타임아웃: 30초
2020-11-10 23:19:26.4590  INFO - [INFO] 한글 DLL을 레지스트리에 등록하였습니다.
2020-11-10 23:19:26.4590  INFO - [Scheduler] 스케줄러가 실행중입니다. 작업공간 정리 스케줄러: 3일   로그 정리 스케줄러: 10일
2020-11-10 23:19:26.4590  INFO - [Web Socket] 웹 소켓 타임아웃: 2분 0초
2020-11-10 23:19:26.5179  INFO - [Web Socket] Server Listening...
2020-11-10 23:19:26.5179  INFO - [Web Socket][INFO] IP: 0.0.0.0   포트: 12000
2020-11-10 23:19:27.5959  INFO - [WebSocket] 접속 IP: 127.0.0.1
2020-11-10 23:19:27.6597  INFO - 
[WebSocket][Client => Server]
{
  "KEY": "B29D00A3 - F825 - 4EB7 - 93C1 - A77F5E31A7C2",
  "Method": "DocConvert",
  "FileName": "dec_0_1_11FADBEABE00B81E10B1E6B669C0DB17.ppt",
  "ConvertIMG": 0,
  "useCompression": false,
  "DRM_useYn": true,
  "DRM_Type": "123"
}

2020-11-10 23:19:27.6906  INFO - 다음 폴더가 이미 존재해서 삭제 후 다시만듬: C:\Data\workspace\C783754FFCA6ACC2F2430C5E8C651962
2020-11-10 23:19:27.7126  INFO - 파일 언락 실패! 자세한내용 로그 참고
2020-11-10 23:19:27.7126  INFO - C:\Data\workspace\C783754FFCA6ACC2F2430C5E8C651962\dec_0_1_11FADBEABE00B81E10B1E6B669C0DB17.ppt 파일을 C:\Data\workspace\C783754FFCA6ACC2F2430C5E8C651962\dec_0_1_11FADBEABE00B81E10B1E6B669C0DB17.ppt로 이동.
2020-11-10 23:19:27.7126  INFO - DRM 사용여부: True
2020-11-10 23:19:27.7126  INFO - =================== DRM ===================
2020-11-10 23:19:27.7126  INFO - DRM 파일 이름 변경 ==> C:\Data\workspace\C783754FFCA6ACC2F2430C5E8C651962\ori_dec_0_1_11FADBEABE00B81E10B1E6B669C0DB17.ppt
2020-11-10 23:21:15.8326  INFO - [INFO] 데이터 경로: C:\Data
2020-11-10 23:21:15.8326  INFO - [INFO] 클라이언트 키: B29D00A3 - F825 - 4EB7 - 93C1 - A77F5E31A7C2
2020-11-10 23:21:15.8326  INFO - [INFO] 오피스 디버깅모드: True
2020-11-10 23:21:15.8326  INFO - [INFO] 웹 캡쳐 모드: Phantom JS
2020-11-10 23:21:15.8326  INFO - [INFO] 웹 캡쳐 타임아웃: 30초
2020-11-10 23:21:15.8326  INFO - [INFO] 한글 DLL을 레지스트리에 등록하였습니다.
2020-11-10 23:21:15.8326  INFO - [Scheduler] 스케줄러가 실행중입니다. 작업공간 정리 스케줄러: 3일   로그 정리 스케줄러: 10일
2020-11-10 23:21:15.8326  INFO - [Web Socket] 웹 소켓 타임아웃: 2분 0초
2020-11-10 23:21:15.8949  INFO - [Web Socket] Server Listening...
2020-11-10 23:21:15.8949  INFO - [Web Socket][INFO] IP: 0.0.0.0   포트: 12000
2020-11-10 23:21:19.1230  INFO - [WebSocket] 접속 IP: 127.0.0.1
2020-11-10 23:21:19.1918  INFO - 
[WebSocket][Client => Server]
{
  "KEY": "B29D00A3 - F825 - 4EB7 - 93C1 - A77F5E31A7C2",
  "Method": "DocConvert",
  "FileName": "dec_0_1_11FADBEABE00B81E10B1E6B669C0DB17.ppt",
  "ConvertIMG": 0,
  "useCompression": false,
  "DRM_useYn": true,
  "DRM_Type": "123"
}

2020-11-10 23:21:19.2187  INFO - 다음 폴더가 이미 존재해서 삭제 후 다시만듬: C:\Data\workspace\C783754FFCA6ACC2F2430C5E8C651962
2020-11-10 23:21:19.2387  INFO - 파일 언락 실패! 자세한내용 로그 참고
2020-11-10 23:21:19.2387  INFO - C:\Data\workspace\C783754FFCA6ACC2F2430C5E8C651962\dec_0_1_11FADBEABE00B81E10B1E6B669C0DB17.ppt 파일을 C:\Data\workspace\C783754FFCA6ACC2F2430C5E8C651962\dec_0_1_11FADBEABE00B81E10B1E6B669C0DB17.ppt로 이동.
2020-11-10 23:21:19.2387  INFO - DRM 사용여부: True
2020-11-10 23:21:19.2387  INFO - =================== DRM ===================
2020-11-10 23:21:19.2387  INFO - DRM 파일 이름 변경 ==> C:\Data\workspace\C783754FFCA6ACC2F2430C5E8C651962\ori_dec_0_1_11FADBEABE00B81E10B1E6B669C0DB17.ppt
2020-11-10 23:21:27.4033  INFO - C:\drm.bat C:\Data\workspace\C783754FFCA6ACC2F2430C5E8C651962\ori_dec_0_1_11FADBEABE00B81E10B1E6B669C0DB17.ppt $Type$ 
2020-11-10 23:23:20.8367  INFO - [INFO] 데이터 경로: C:\Data
2020-11-10 23:23:20.8367  INFO - [INFO] 클라이언트 키: B29D00A3 - F825 - 4EB7 - 93C1 - A77F5E31A7C2
2020-11-10 23:23:20.8367  INFO - [INFO] 오피스 디버깅모드: True
2020-11-10 23:23:20.8367  INFO - [INFO] 웹 캡쳐 모드: Phantom JS
2020-11-10 23:23:20.8367  INFO - [INFO] 웹 캡쳐 타임아웃: 30초
2020-11-10 23:23:20.8367  INFO - [INFO] 한글 DLL을 레지스트리에 등록하였습니다.
2020-11-10 23:23:20.8367  INFO - [Scheduler] 스케줄러가 실행중입니다. 작업공간 정리 스케줄러: 3일   로그 정리 스케줄러: 10일
2020-11-10 23:23:20.8367  INFO - [Web Socket] 웹 소켓 타임아웃: 2분 0초
2020-11-10 23:23:20.8985  INFO - [Web Socket] Server Listening...
2020-11-10 23:23:20.8985  INFO - [Web Socket][INFO] IP: 0.0.0.0   포트: 12000
2020-11-10 23:23:24.6113  INFO - [WebSocket] 접속 IP: 127.0.0.1
2020-11-10 23:23:24.6747  INFO - 
[WebSocket][Client => Server]
{
  "KEY": "B29D00A3 - F825 - 4EB7 - 93C1 - A77F5E31A7C2",
  "Method": "DocConvert",
  "FileName": "dec_0_1_11FADBEABE00B81E10B1E6B669C0DB17.ppt",
  "ConvertIMG": 0,
  "useCompression": false,
  "DRM_useYn": true,
  "DRM_Type": "123"
}

2020-11-10 23:23:24.7026  INFO - 다음 폴더가 이미 존재해서 삭제 후 다시만듬: C:\Data\workspace\C783754FFCA6ACC2F2430C5E8C651962
2020-11-10 23:23:24.7235  INFO - 파일 언락 실패! 자세한내용 로그 참고
2020-11-10 23:23:24.7235  INFO - C:\Data\workspace\C783754FFCA6ACC2F2430C5E8C651962\dec_0_1_11FADBEABE00B81E10B1E6B669C0DB17.ppt 파일을 C:\Data\workspace\C783754FFCA6ACC2F2430C5E8C651962\dec_0_1_11FADBEABE00B81E10B1E6B669C0DB17.ppt로 이동.
2020-11-10 23:23:24.7235  INFO - DRM 사용여부: True
2020-11-10 23:23:24.7235  INFO - =================== DRM ===================
2020-11-10 23:23:24.7235  INFO - DRM 파일 이름 변경 ==> C:\Data\workspace\C783754FFCA6ACC2F2430C5E8C651962\ori_dec_0_1_11FADBEABE00B81E10B1E6B669C0DB17.ppt
2020-11-10 23:23:39.7691  INFO - C:\drm.bat C:\Data\workspace\C783754FFCA6ACC2F2430C5E8C651962\ori_dec_0_1_11FADBEABE00B81E10B1E6B669C0DB17.ppt C:\Data\workspace\C783754FFCA6ACC2F2430C5E8C651962 ori_dec_0_1_11FADBEABE00B81E10B1E6B669C0DB17.ppt $Type$ 
2020-11-10 23:25:15.2294  INFO - [INFO] 데이터 경로: C:\Data
2020-11-10 23:25:15.2294  INFO - [INFO] 클라이언트 키: B29D00A3 - F825 - 4EB7 - 93C1 - A77F5E31A7C2
2020-11-10 23:25:15.2294  INFO - [INFO] 오피스 디버깅모드: True
2020-11-10 23:25:15.2294  INFO - [INFO] 웹 캡쳐 모드: Phantom JS
2020-11-10 23:25:15.2294  INFO - [INFO] 웹 캡쳐 타임아웃: 30초
2020-11-10 23:25:15.2294  INFO - [INFO] 한글 DLL을 레지스트리에 등록하였습니다.
2020-11-10 23:25:15.2294  INFO - [Scheduler] 스케줄러가 실행중입니다. 작업공간 정리 스케줄러: 3일   로그 정리 스케줄러: 10일
2020-11-10 23:25:15.2294  INFO - [Web Socket] 웹 소켓 타임아웃: 2분 0초
2020-11-10 23:25:15.2972  INFO - [Web Socket] Server Listening...
2020-11-10 23:25:15.2972  INFO - [Web Socket][INFO] IP: 0.0.0.0   포트: 12000
2020-11-10 23:25:16.9457  INFO - [WebSocket] 접속 IP: 127.0.0.1
2020-11-10 23:25:17.0075  INFO - 
[WebSocket][Client => Server]
{
  "KEY": "B29D00A3 - F825 - 4EB7 - 93C1 - A77F5E31A7C2",
  "Method": "DocConvert",
  "FileName": "dec_0_1_11FADBEABE00B81E10B1E6B669C0DB17.ppt",
  "ConvertIMG": 0,
  "useCompression": false,
  "DRM_useYn": true,
  "DRM_Type": "123"
}

2020-11-10 23:25:17.0335  INFO - 다음 폴더가 이미 존재해서 삭제 후 다시만듬: C:\Data\workspace\C783754FFCA6ACC2F2430C5E8C651962
2020-11-10 23:25:17.0540  INFO - 파일 언락 실패! 자세한내용 로그 참고
2020-11-10 23:25:17.0540  INFO - C:\Data\workspace\C783754FFCA6ACC2F2430C5E8C651962\dec_0_1_11FADBEABE00B81E10B1E6B669C0DB17.ppt 파일을 C:\Data\workspace\C783754FFCA6ACC2F2430C5E8C651962\dec_0_1_11FADBEABE00B81E10B1E6B669C0DB17.ppt로 이동.
2020-11-10 23:25:17.0540  INFO - DRM 사용여부: True
2020-11-10 23:25:17.0540  INFO - =================== DRM ===================
2020-11-10 23:25:17.0540  INFO - DRM 파일 이름 변경 ==> C:\Data\workspace\C783754FFCA6ACC2F2430C5E8C651962\ori_dec_0_1_11FADBEABE00B81E10B1E6B669C0DB17.ppt
2020-11-10 23:26:22.7627  INFO - [INFO] 데이터 경로: C:\Data
2020-11-10 23:26:22.7627  INFO - [INFO] 클라이언트 키: B29D00A3 - F825 - 4EB7 - 93C1 - A77F5E31A7C2
2020-11-10 23:26:22.7627  INFO - [INFO] 오피스 디버깅모드: True
2020-11-10 23:26:22.7627  INFO - [INFO] 웹 캡쳐 모드: Phantom JS
2020-11-10 23:26:22.7627  INFO - [INFO] 웹 캡쳐 타임아웃: 30초
2020-11-10 23:26:22.7627  INFO - [INFO] 한글 DLL을 레지스트리에 등록하였습니다.
2020-11-10 23:26:22.7627  INFO - [Scheduler] 스케줄러가 실행중입니다. 작업공간 정리 스케줄러: 3일   로그 정리 스케줄러: 10일
2020-11-10 23:26:22.7727  INFO - [Web Socket] 웹 소켓 타임아웃: 2분 0초
2020-11-10 23:26:22.8306  INFO - [Web Socket] Server Listening...
2020-11-10 23:26:22.8306  INFO - [Web Socket][INFO] IP: 0.0.0.0   포트: 12000
2020-11-10 23:26:28.4070  INFO - [WebSocket] 접속 IP: 127.0.0.1
2020-11-10 23:26:28.4688  INFO - 
[WebSocket][Client => Server]
{
  "KEY": "B29D00A3 - F825 - 4EB7 - 93C1 - A77F5E31A7C2",
  "Method": "DocConvert",
  "FileName": "dec_0_1_11FADBEABE00B81E10B1E6B669C0DB17.ppt",
  "ConvertIMG": 0,
  "useCompression": false,
  "DRM_useYn": true,
  "DRM_Type": "123"
}

2020-11-10 23:26:28.4968  INFO - 다음 폴더가 이미 존재해서 삭제 후 다시만듬: C:\Data\workspace\C783754FFCA6ACC2F2430C5E8C651962
2020-11-10 23:26:28.5237  INFO - 파일 언락 실패! 자세한내용 로그 참고
2020-11-10 23:26:28.5237  INFO - C:\Data\workspace\C783754FFCA6ACC2F2430C5E8C651962\dec_0_1_11FADBEABE00B81E10B1E6B669C0DB17.ppt 파일을 C:\Data\workspace\C783754FFCA6ACC2F2430C5E8C651962\dec_0_1_11FADBEABE00B81E10B1E6B669C0DB17.ppt로 이동.
2020-11-10 23:26:28.5237  INFO - DRM 사용여부: True
2020-11-10 23:26:28.5237  INFO - =================== DRM ===================
2020-11-10 23:26:28.5237  INFO - DRM 파일 이름 변경 ==> C:\Data\workspace\C783754FFCA6ACC2F2430C5E8C651962\ori_dec_0_1_11FADBEABE00B81E10B1E6B669C0DB17.ppt
2020-11-10 23:26:30.6987  INFO - C:\drm.bat C:\Data\workspace\C783754FFCA6ACC2F2430C5E8C651962\ori_dec_0_1_11FADBEABE00B81E10B1E6B669C0DB17.ppt C:\Data\workspace\C783754FFCA6ACC2F2430C5E8C651962\ ori_dec_0_1_11FADBEABE00B81E10B1E6B669C0DB17.ppt $DRM_Type$ 
2020-11-10 23:26:37.4247  INFO - DRM 변환 실패
2020-11-10 23:26:37.4267  INFO - ===========================================
2020-11-10 23:26:38.1158  INFO - 변환중 오류발생 자세한 내용은 오류로그 참고
2020-11-10 23:26:38.1158  INFO - 
[WebSocket][Server => Client]
{
  "isSuccess": false,
  "msg": "지정된 파일을 찾을 수 없습니다. (예외가 발생한 HRESULT: 0x80070002)",
  "Method": "DocConvert"
}

2020-11-10 23:26:38.1298  INFO - [WebSocket] 작업 소요시간: 00:00:09.7078068
2020-11-10 23:26:38.1298  INFO - [WebSocket] 클라이언트와 연결을 해제함.
2020-11-10 23:26:46.6163  INFO - [WebSocket] 접속 IP: 127.0.0.1
2020-11-10 23:26:46.6163  INFO - 
[WebSocket][Client => Server]
{
  "KEY": "B29D00A3 - F825 - 4EB7 - 93C1 - A77F5E31A7C2",
  "Method": "DocConvert",
  "FileName": "dec_0_1_11FADBEABE00B81E10B1E6B669C0DB17.ppt",
  "ConvertIMG": 0,
  "useCompression": false,
  "DRM_useYn": true,
  "DRM_Type": "123"
}

2020-11-10 23:26:46.6373  INFO - 다음 폴더가 이미 존재해서 삭제 후 다시만듬: C:\Data\workspace\C783754FFCA6ACC2F2430C5E8C651962
2020-11-10 23:26:46.6463  INFO - 파일 언락 실패! 자세한내용 로그 참고
2020-11-10 23:26:46.6463  INFO - C:\Data\workspace\C783754FFCA6ACC2F2430C5E8C651962\dec_0_1_11FADBEABE00B81E10B1E6B669C0DB17.ppt 파일을 C:\Data\workspace\C783754FFCA6ACC2F2430C5E8C651962\dec_0_1_11FADBEABE00B81E10B1E6B669C0DB17.ppt로 이동.
2020-11-10 23:26:46.6463  INFO - DRM 사용여부: True
2020-11-10 23:26:46.6463  INFO - =================== DRM ===================
2020-11-10 23:26:46.6463  INFO - DRM 파일 이름 변경 ==> C:\Data\workspace\C783754FFCA6ACC2F2430C5E8C651962\ori_dec_0_1_11FADBEABE00B81E10B1E6B669C0DB17.ppt
2020-11-10 23:26:47.6941  INFO - C:\drm.bat C:\Data\workspace\C783754FFCA6ACC2F2430C5E8C651962\ori_dec_0_1_11FADBEABE00B81E10B1E6B669C0DB17.ppt C:\Data\workspace\C783754FFCA6ACC2F2430C5E8C651962\ ori_dec_0_1_11FADBEABE00B81E10B1E6B669C0DB17.ppt $DRM_Type$ 
2020-11-10 23:27:25.0363  INFO - [INFO] 데이터 경로: C:\Data
2020-11-10 23:27:25.0363  INFO - [INFO] 클라이언트 키: B29D00A3 - F825 - 4EB7 - 93C1 - A77F5E31A7C2
2020-11-10 23:27:25.0363  INFO - [INFO] 오피스 디버깅모드: True
2020-11-10 23:27:25.0363  INFO - [INFO] 웹 캡쳐 모드: Phantom JS
2020-11-10 23:27:25.0363  INFO - [INFO] 웹 캡쳐 타임아웃: 30초
2020-11-10 23:27:25.0363  INFO - [INFO] 한글 DLL을 레지스트리에 등록하였습니다.
2020-11-10 23:27:25.0363  INFO - [Scheduler] 스케줄러가 실행중입니다. 작업공간 정리 스케줄러: 3일   로그 정리 스케줄러: 10일
2020-11-10 23:27:25.0363  INFO - [Web Socket] 웹 소켓 타임아웃: 2분 0초
2020-11-10 23:27:25.1231  INFO - [Web Socket] Server Listening...
2020-11-10 23:27:25.1231  INFO - [Web Socket][INFO] IP: 0.0.0.0   포트: 12000
2020-11-10 23:27:27.1359  INFO - [WebSocket] 접속 IP: 127.0.0.1
2020-11-10 23:27:27.1967  INFO - 
[WebSocket][Client => Server]
{
  "KEY": "B29D00A3 - F825 - 4EB7 - 93C1 - A77F5E31A7C2",
  "Method": "DocConvert",
  "FileName": "dec_0_1_11FADBEABE00B81E10B1E6B669C0DB17.ppt",
  "ConvertIMG": 0,
  "useCompression": false,
  "DRM_useYn": true,
  "DRM_Type": "123"
}

2020-11-10 23:27:27.2217  INFO - 다음 폴더가 이미 존재해서 삭제 후 다시만듬: C:\Data\workspace\C783754FFCA6ACC2F2430C5E8C651962
2020-11-10 23:27:27.2416  INFO - 파일 언락 실패! 자세한내용 로그 참고
2020-11-10 23:27:27.2416  INFO - C:\Data\workspace\C783754FFCA6ACC2F2430C5E8C651962\dec_0_1_11FADBEABE00B81E10B1E6B669C0DB17.ppt 파일을 C:\Data\workspace\C783754FFCA6ACC2F2430C5E8C651962\dec_0_1_11FADBEABE00B81E10B1E6B669C0DB17.ppt로 이동.
2020-11-10 23:27:27.2416  INFO - DRM 사용여부: True
2020-11-10 23:27:27.2416  INFO - =================== DRM ===================
2020-11-10 23:27:27.2416  INFO - DRM 파일 이름 변경 ==> C:\Data\workspace\C783754FFCA6ACC2F2430C5E8C651962\ori_dec_0_1_11FADBEABE00B81E10B1E6B669C0DB17.ppt
2020-11-10 23:27:29.9903  INFO - C:\drm.bat C:\Data\workspace\C783754FFCA6ACC2F2430C5E8C651962\ori_dec_0_1_11FADBEABE00B81E10B1E6B669C0DB17.ppt C:\Data\workspace\C783754FFCA6ACC2F2430C5E8C651962\ ori_dec_0_1_11FADBEABE00B81E10B1E6B669C0DB17.ppt $DRM_Type$ 
2020-11-10 23:28:05.3782  INFO - [INFO] 데이터 경로: C:\Data
2020-11-10 23:28:05.3792  INFO - [INFO] 클라이언트 키: B29D00A3 - F825 - 4EB7 - 93C1 - A77F5E31A7C2
2020-11-10 23:28:05.3792  INFO - [INFO] 오피스 디버깅모드: True
2020-11-10 23:28:05.3792  INFO - [INFO] 웹 캡쳐 모드: Phantom JS
2020-11-10 23:28:05.3792  INFO - [INFO] 웹 캡쳐 타임아웃: 30초
2020-11-10 23:28:05.3792  INFO - [INFO] 한글 DLL을 레지스트리에 등록하였습니다.
2020-11-10 23:28:05.3792  INFO - [Scheduler] 스케줄러가 실행중입니다. 작업공간 정리 스케줄러: 3일   로그 정리 스케줄러: 10일
2020-11-10 23:28:05.3792  INFO - [Web Socket] 웹 소켓 타임아웃: 2분 0초
2020-11-10 23:28:05.4383  INFO - [Web Socket] Server Listening...
2020-11-10 23:28:05.4383  INFO - [Web Socket][INFO] IP: 0.0.0.0   포트: 12000
2020-11-10 23:28:08.6448  INFO - [WebSocket] 접속 IP: 127.0.0.1
2020-11-10 23:28:08.7072  INFO - 
[WebSocket][Client => Server]
{
  "KEY": "B29D00A3 - F825 - 4EB7 - 93C1 - A77F5E31A7C2",
  "Method": "DocConvert",
  "FileName": "dec_0_1_11FADBEABE00B81E10B1E6B669C0DB17.ppt",
  "ConvertIMG": 0,
  "useCompression": false,
  "DRM_useYn": true,
  "DRM_Type": "123"
}

2020-11-10 23:28:08.7331  INFO - 다음 폴더가 이미 존재해서 삭제 후 다시만듬: C:\Data\workspace\C783754FFCA6ACC2F2430C5E8C651962
2020-11-10 23:28:08.7530  INFO - 파일 언락 실패! 자세한내용 로그 참고
2020-11-10 23:28:08.7540  INFO - C:\Data\workspace\C783754FFCA6ACC2F2430C5E8C651962\dec_0_1_11FADBEABE00B81E10B1E6B669C0DB17.ppt 파일을 C:\Data\workspace\C783754FFCA6ACC2F2430C5E8C651962\dec_0_1_11FADBEABE00B81E10B1E6B669C0DB17.ppt로 이동.
2020-11-10 23:28:08.7540  INFO - DRM 사용여부: True
2020-11-10 23:28:08.7540  INFO - =================== DRM ===================
2020-11-10 23:28:08.7540  INFO - DRM 파일 이름 변경 ==> C:\Data\workspace\C783754FFCA6ACC2F2430C5E8C651962\ori_dec_0_1_11FADBEABE00B81E10B1E6B669C0DB17.ppt
2020-11-10 23:28:10.3661  INFO - C:\drm.bat C:\Data\workspace\C783754FFCA6ACC2F2430C5E8C651962\ori_dec_0_1_11FADBEABE00B81E10B1E6B669C0DB17.ppt C:\Data\workspace\C783754FFCA6ACC2F2430C5E8C651962\ ori_dec_0_1_11FADBEABE00B81E10B1E6B669C0DB17.ppt 123
2020-11-10 23:29:32.8354  INFO - [INFO] 데이터 경로: C:\Data
2020-11-10 23:29:32.8354  INFO - [INFO] 클라이언트 키: B29D00A3 - F825 - 4EB7 - 93C1 - A77F5E31A7C2
2020-11-10 23:29:32.8354  INFO - [INFO] 오피스 디버깅모드: True
2020-11-10 23:29:32.8354  INFO - [INFO] 웹 캡쳐 모드: Phantom JS
2020-11-10 23:29:32.8354  INFO - [INFO] 웹 캡쳐 타임아웃: 30초
2020-11-10 23:29:32.8354  INFO - [INFO] 한글 DLL을 레지스트리에 등록하였습니다.
2020-11-10 23:29:32.8354  INFO - [Scheduler] 스케줄러가 실행중입니다. 작업공간 정리 스케줄러: 3일   로그 정리 스케줄러: 10일
2020-11-10 23:29:32.8354  INFO - [Web Socket] 웹 소켓 타임아웃: 2분 0초
2020-11-10 23:29:32.9062  INFO - [Web Socket] Server Listening...
2020-11-10 23:29:32.9062  INFO - [Web Socket][INFO] IP: 0.0.0.0   포트: 12000
2020-11-10 23:29:35.7148  INFO - [WebSocket] 접속 IP: 127.0.0.1
2020-11-10 23:29:35.7816  INFO - 
[WebSocket][Client => Server]
{
  "KEY": "B29D00A3 - F825 - 4EB7 - 93C1 - A77F5E31A7C2",
  "Method": "DocConvert",
  "FileName": "dec_0_1_11FADBEABE00B81E10B1E6B669C0DB17.ppt",
  "ConvertIMG": 0,
  "useCompression": false,
  "DRM_useYn": true,
  "DRM_Type": "123"
}

2020-11-10 23:29:35.8095  INFO - 다음 폴더가 이미 존재해서 삭제 후 다시만듬: C:\Data\workspace\C783754FFCA6ACC2F2430C5E8C651962
2020-11-10 23:29:35.8305  INFO - 파일 언락 실패! 자세한내용 로그 참고
2020-11-10 23:29:35.8324  INFO - C:\Data\workspace\C783754FFCA6ACC2F2430C5E8C651962\dec_0_1_11FADBEABE00B81E10B1E6B669C0DB17.ppt 파일을 C:\Data\workspace\C783754FFCA6ACC2F2430C5E8C651962\dec_0_1_11FADBEABE00B81E10B1E6B669C0DB17.ppt로 이동.
2020-11-10 23:29:35.8324  INFO - DRM 사용여부: True
2020-11-10 23:29:35.8324  INFO - =================== DRM ===================
2020-11-10 23:29:35.8324  INFO - DRM 파일 이름 변경 ==> C:\Data\workspace\C783754FFCA6ACC2F2430C5E8C651962\ori_dec_0_1_11FADBEABE00B81E10B1E6B669C0DB17.ppt
2020-11-10 23:29:38.0983  INFO - C:\drm.bat C:\Data\workspace\C783754FFCA6ACC2F2430C5E8C651962\ori_dec_0_1_11FADBEABE00B81E10B1E6B669C0DB17.ppt C:\Data\workspace\C783754FFCA6ACC2F2430C5E8C651962\ ori_dec_0_1_11FADBEABE00B81E10B1E6B669C0DB17.ppt 123
2020-11-10 23:30:46.4953  INFO - [INFO] 데이터 경로: C:\Data
2020-11-10 23:30:46.4953  INFO - [INFO] 클라이언트 키: B29D00A3 - F825 - 4EB7 - 93C1 - A77F5E31A7C2
2020-11-10 23:30:46.4953  INFO - [INFO] 오피스 디버깅모드: True
2020-11-10 23:30:46.4953  INFO - [INFO] 웹 캡쳐 모드: Phantom JS
2020-11-10 23:30:46.4953  INFO - [INFO] 웹 캡쳐 타임아웃: 30초
2020-11-10 23:30:46.4953  INFO - [INFO] 한글 DLL을 레지스트리에 등록하였습니다.
2020-11-10 23:30:46.4953  INFO - [Scheduler] 스케줄러가 실행중입니다. 작업공간 정리 스케줄러: 3일   로그 정리 스케줄러: 10일
2020-11-10 23:30:46.4953  INFO - [Web Socket] 웹 소켓 타임아웃: 2분 0초
2020-11-10 23:30:46.5947  INFO - [Web Socket] Server Listening...
2020-11-10 23:30:46.5947  INFO - [Web Socket][INFO] IP: 0.0.0.0   포트: 12000
2020-11-10 23:30:48.9315  INFO - [WebSocket] 접속 IP: 127.0.0.1
2020-11-10 23:30:48.9943  INFO - 
[WebSocket][Client => Server]
{
  "KEY": "B29D00A3 - F825 - 4EB7 - 93C1 - A77F5E31A7C2",
  "Method": "DocConvert",
  "FileName": "dec_0_1_11FADBEABE00B81E10B1E6B669C0DB17.ppt",
  "ConvertIMG": 0,
  "useCompression": false,
  "DRM_useYn": true,
  "DRM_Type": "123"
}

2020-11-10 23:30:49.0213  INFO - 다음 폴더가 이미 존재해서 삭제 후 다시만듬: C:\Data\workspace\C783754FFCA6ACC2F2430C5E8C651962
2020-11-10 23:30:49.0432  INFO - 파일 언락 실패! 자세한내용 로그 참고
2020-11-10 23:30:49.0432  INFO - C:\Data\workspace\C783754FFCA6ACC2F2430C5E8C651962\dec_0_1_11FADBEABE00B81E10B1E6B669C0DB17.ppt 파일을 C:\Data\workspace\C783754FFCA6ACC2F2430C5E8C651962\dec_0_1_11FADBEABE00B81E10B1E6B669C0DB17.ppt로 이동.
2020-11-10 23:30:49.0432  INFO - DRM 사용여부: True
2020-11-10 23:30:49.0432  INFO - =================== DRM ===================
2020-11-10 23:30:49.0432  INFO - DRM 파일 이름 변경 ==> C:\Data\workspace\C783754FFCA6ACC2F2430C5E8C651962\ori_dec_0_1_11FADBEABE00B81E10B1E6B669C0DB17.ppt
2020-11-10 23:30:50.3192  INFO - C:\drm.bat C:\Data\workspace\C783754FFCA6ACC2F2430C5E8C651962\ori_dec_0_1_11FADBEABE00B81E10B1E6B669C0DB17.ppt C:\Data\workspace\C783754FFCA6ACC2F2430C5E8C651962\ ori_dec_0_1_11FADBEABE00B81E10B1E6B669C0DB17.ppt 123
2020-11-10 23:31:31.5668  INFO - [INFO] 데이터 경로: C:\Data
2020-11-10 23:31:31.5668  INFO - [INFO] 클라이언트 키: B29D00A3 - F825 - 4EB7 - 93C1 - A77F5E31A7C2
2020-11-10 23:31:31.5668  INFO - [INFO] 오피스 디버깅모드: True
2020-11-10 23:31:31.5668  INFO - [INFO] 웹 캡쳐 모드: Phantom JS
2020-11-10 23:31:31.5668  INFO - [INFO] 웹 캡쳐 타임아웃: 30초
2020-11-10 23:31:31.5668  INFO - [INFO] 한글 DLL을 레지스트리에 등록하였습니다.
2020-11-10 23:31:31.5668  INFO - [Scheduler] 스케줄러가 실행중입니다. 작업공간 정리 스케줄러: 3일   로그 정리 스케줄러: 10일
2020-11-10 23:31:31.5668  INFO - [Web Socket] 웹 소켓 타임아웃: 2분 0초
2020-11-10 23:31:31.6256  INFO - [Web Socket] Server Listening...
2020-11-10 23:31:31.6256  INFO - [Web Socket][INFO] IP: 0.0.0.0   포트: 12000
2020-11-10 23:31:33.3512  INFO - [WebSocket] 접속 IP: 127.0.0.1
2020-11-10 23:31:33.4120  INFO - 
[WebSocket][Client => Server]
{
  "KEY": "B29D00A3 - F825 - 4EB7 - 93C1 - A77F5E31A7C2",
  "Method": "DocConvert",
  "FileName": "dec_0_1_11FADBEABE00B81E10B1E6B669C0DB17.ppt",
  "ConvertIMG": 0,
  "useCompression": false,
  "DRM_useYn": true,
  "DRM_Type": "123"
}

2020-11-10 23:31:33.4399  INFO - 다음 폴더가 이미 존재해서 삭제 후 다시만듬: C:\Data\workspace\C783754FFCA6ACC2F2430C5E8C651962
2020-11-10 23:31:33.4599  INFO - 파일 언락 실패! 자세한내용 로그 참고
2020-11-10 23:31:33.4599  INFO - C:\Data\workspace\C783754FFCA6ACC2F2430C5E8C651962\dec_0_1_11FADBEABE00B81E10B1E6B669C0DB17.ppt 파일을 C:\Data\workspace\C783754FFCA6ACC2F2430C5E8C651962\dec_0_1_11FADBEABE00B81E10B1E6B669C0DB17.ppt로 이동.
2020-11-10 23:31:33.4599  INFO - DRM 사용여부: True
2020-11-10 23:31:33.4599  INFO - =================== DRM ===================
2020-11-10 23:31:33.4599  INFO - DRM 파일 이름 변경 ==> C:\Data\workspace\C783754FFCA6ACC2F2430C5E8C651962\ori_dec_0_1_11FADBEABE00B81E10B1E6B669C0DB17.ppt
2020-11-10 23:31:38.0376  INFO - C:\drm.bat C:\Data\workspace\C783754FFCA6ACC2F2430C5E8C651962\ori_dec_0_1_11FADBEABE00B81E10B1E6B669C0DB17.ppt C:\Data\workspace\C783754FFCA6ACC2F2430C5E8C651962\ ori_dec_0_1_11FADBEABE00B81E10B1E6B669C0DB17.ppt 123
2020-11-10 23:31:39.7877  INFO - DRM 변환 성공 !!
2020-11-10 23:31:40.6842  INFO - ===========================================
2020-11-10 23:31:52.4158  INFO - [INFO] 데이터 경로: C:\Data
2020-11-10 23:31:52.4158  INFO - [INFO] 클라이언트 키: B29D00A3 - F825 - 4EB7 - 93C1 - A77F5E31A7C2
2020-11-10 23:31:52.4158  INFO - [INFO] 오피스 디버깅모드: True
2020-11-10 23:31:52.4158  INFO - [INFO] 웹 캡쳐 모드: Phantom JS
2020-11-10 23:31:52.4158  INFO - [INFO] 웹 캡쳐 타임아웃: 30초
2020-11-10 23:31:52.4158  INFO - [INFO] 한글 DLL을 레지스트리에 등록하였습니다.
2020-11-10 23:31:52.4158  INFO - [Scheduler] 스케줄러가 실행중입니다. 작업공간 정리 스케줄러: 3일   로그 정리 스케줄러: 10일
2020-11-10 23:31:52.4158  INFO - [Web Socket] 웹 소켓 타임아웃: 2분 0초
2020-11-10 23:31:52.4807  INFO - [Web Socket] Server Listening...
2020-11-10 23:31:52.4807  INFO - [Web Socket][INFO] IP: 0.0.0.0   포트: 12000
2020-11-10 23:31:54.2197  INFO - [WebSocket] 접속 IP: 127.0.0.1
2020-11-10 23:31:54.2796  INFO - 
[WebSocket][Client => Server]
{
  "KEY": "B29D00A3 - F825 - 4EB7 - 93C1 - A77F5E31A7C2",
  "Method": "DocConvert",
  "FileName": "dec_0_1_11FADBEABE00B81E10B1E6B669C0DB17.ppt",
  "ConvertIMG": 0,
  "useCompression": false,
  "DRM_useYn": true,
  "DRM_Type": "123"
}

2020-11-10 23:31:54.3061  INFO - 다음 폴더가 이미 존재해서 삭제 후 다시만듬: C:\Data\workspace\C783754FFCA6ACC2F2430C5E8C651962
2020-11-10 23:31:54.3331  INFO - 파일 언락 실패! 자세한내용 로그 참고
2020-11-10 23:31:54.3331  INFO - C:\Data\workspace\C783754FFCA6ACC2F2430C5E8C651962\dec_0_1_11FADBEABE00B81E10B1E6B669C0DB17.ppt 파일을 C:\Data\workspace\C783754FFCA6ACC2F2430C5E8C651962\dec_0_1_11FADBEABE00B81E10B1E6B669C0DB17.ppt로 이동.
2020-11-10 23:31:54.3331  INFO - DRM 사용여부: True
2020-11-10 23:31:54.3331  INFO - =================== DRM ===================
2020-11-10 23:31:54.3331  INFO - DRM 파일 이름 변경 ==> C:\Data\workspace\C783754FFCA6ACC2F2430C5E8C651962\ori_dec_0_1_11FADBEABE00B81E10B1E6B669C0DB17.ppt
2020-11-10 23:31:54.6537  INFO - C:\drm.bat C:\Data\workspace\C783754FFCA6ACC2F2430C5E8C651962\ori_dec_0_1_11FADBEABE00B81E10B1E6B669C0DB17.ppt C:\Data\workspace\C783754FFCA6ACC2F2430C5E8C651962\ ori_dec_0_1_11FADBEABE00B81E10B1E6B669C0DB17.ppt 123
2020-11-10 23:31:55.4855  INFO - DRM 변환 성공 !!
2020-11-10 23:31:55.6672  INFO - ===========================================
2020-11-10 23:38:22.1060  INFO - [INFO] 데이터 경로: C:\Data
2020-11-10 23:38:22.1060  INFO - [INFO] 클라이언트 키: B29D00A3 - F825 - 4EB7 - 93C1 - A77F5E31A7C2
2020-11-10 23:38:22.1060  INFO - [INFO] 오피스 디버깅모드: True
2020-11-10 23:38:22.1060  INFO - [INFO] 웹 캡쳐 모드: Phantom JS
2020-11-10 23:38:22.1060  INFO - [INFO] 웹 캡쳐 타임아웃: 30초
2020-11-10 23:38:22.1060  INFO - [INFO] 한글 DLL을 레지스트리에 등록하였습니다.
2020-11-10 23:38:22.1060  INFO - [Scheduler] 스케줄러가 실행중입니다. 작업공간 정리 스케줄러: 3일   로그 정리 스케줄러: 10일
2020-11-10 23:38:22.1140  INFO - [Web Socket] 웹 소켓 타임아웃: 2분 0초
2020-11-10 23:38:22.1848  INFO - [Web Socket] Server Listening...
2020-11-10 23:38:22.1848  INFO - [Web Socket][INFO] IP: 0.0.0.0   포트: 12000
2020-11-10 23:38:23.7245  INFO - [WebSocket] 접속 IP: 127.0.0.1
2020-11-10 23:38:23.7853  INFO - 
[WebSocket][Client => Server]
{
  "KEY": "B29D00A3 - F825 - 4EB7 - 93C1 - A77F5E31A7C2",
  "Method": "DocConvert",
  "FileName": "dec_0_1_11FADBEABE00B81E10B1E6B669C0DB17.ppt",
  "ConvertIMG": 0,
  "useCompression": false,
  "DRM_useYn": true,
  "DRM_Type": "123"
}

2020-11-10 23:38:23.8113  INFO - 다음 폴더가 이미 존재해서 삭제 후 다시만듬: C:\Data\workspace\C783754FFCA6ACC2F2430C5E8C651962
2020-11-10 23:38:23.8412  INFO - 파일 언락 실패! 자세한내용 로그 참고
2020-11-10 23:38:23.8412  INFO - C:\Data\workspace\C783754FFCA6ACC2F2430C5E8C651962\dec_0_1_11FADBEABE00B81E10B1E6B669C0DB17.ppt 파일을 C:\Data\workspace\C783754FFCA6ACC2F2430C5E8C651962\dec_0_1_11FADBEABE00B81E10B1E6B669C0DB17.ppt로 이동.
2020-11-10 23:38:23.8412  INFO - DRM 사용여부: True
2020-11-10 23:38:23.8412  INFO - =================== DRM ===================
2020-11-10 23:38:23.8412  INFO - DRM 파일 이름 변경 ==> C:\Data\workspace\C783754FFCA6ACC2F2430C5E8C651962\ori_dec_0_1_11FADBEABE00B81E10B1E6B669C0DB17.ppt
2020-11-10 23:38:26.8805  INFO - C:\drm.bat C:\Data\workspace\C783754FFCA6ACC2F2430C5E8C651962\ori_dec_0_1_11FADBEABE00B81E10B1E6B669C0DB17.ppt $Out_File_Path$
2020-11-10 23:38:30.3001  INFO - DRM 변환 실패
2020-11-10 23:38:30.3001  INFO - ===========================================
2020-11-10 23:38:30.4118  INFO - 변환중 오류발생 자세한 내용은 오류로그 참고
2020-11-10 23:38:30.4118  INFO - 
[WebSocket][Server => Client]
{
  "isSuccess": false,
  "msg": "지정된 파일을 찾을 수 없습니다. (예외가 발생한 HRESULT: 0x80070002)",
  "Method": "DocConvert"
}

2020-11-10 23:38:30.4118  INFO - [WebSocket] 작업 소요시간: 00:00:06.6820324
2020-11-10 23:38:30.4118  INFO - [WebSocket] 클라이언트와 연결을 해제함.
2020-11-10 23:39:15.3833  INFO - [INFO] 데이터 경로: C:\Data
2020-11-10 23:39:15.3833  INFO - [INFO] 클라이언트 키: B29D00A3 - F825 - 4EB7 - 93C1 - A77F5E31A7C2
2020-11-10 23:39:15.3833  INFO - [INFO] 오피스 디버깅모드: True
2020-11-10 23:39:15.3833  INFO - [INFO] 웹 캡쳐 모드: Phantom JS
2020-11-10 23:39:15.3833  INFO - [INFO] 웹 캡쳐 타임아웃: 30초
2020-11-10 23:39:15.3833  INFO - [INFO] 한글 DLL을 레지스트리에 등록하였습니다.
2020-11-10 23:39:15.3833  INFO - [Scheduler] 스케줄러가 실행중입니다. 작업공간 정리 스케줄러: 3일   로그 정리 스케줄러: 10일
2020-11-10 23:39:15.3833  INFO - [Web Socket] 웹 소켓 타임아웃: 2분 0초
2020-11-10 23:39:15.4472  INFO - [Web Socket] Server Listening...
2020-11-10 23:39:15.4472  INFO - [Web Socket][INFO] IP: 0.0.0.0   포트: 12000
2020-11-10 23:39:19.4768  INFO - [WebSocket] 접속 IP: 127.0.0.1
2020-11-10 23:39:19.5396  INFO - 
[WebSocket][Client => Server]
{
  "KEY": "B29D00A3 - F825 - 4EB7 - 93C1 - A77F5E31A7C2",
  "Method": "DocConvert",
  "FileName": "dec_0_1_11FADBEABE00B81E10B1E6B669C0DB17.ppt",
  "ConvertIMG": 0,
  "useCompression": false,
  "DRM_useYn": true,
  "DRM_Type": "123"
}

2020-11-10 23:39:19.5645  INFO - 다음 폴더가 이미 존재해서 삭제 후 다시만듬: C:\Data\workspace\C783754FFCA6ACC2F2430C5E8C651962
2020-11-10 23:39:19.5845  INFO - 파일 언락 실패! 자세한내용 로그 참고
2020-11-10 23:39:19.5845  INFO - C:\Data\workspace\C783754FFCA6ACC2F2430C5E8C651962\dec_0_1_11FADBEABE00B81E10B1E6B669C0DB17.ppt 파일을 C:\Data\workspace\C783754FFCA6ACC2F2430C5E8C651962\dec_0_1_11FADBEABE00B81E10B1E6B669C0DB17.ppt로 이동.
2020-11-10 23:39:19.5845  INFO - DRM 사용여부: True
2020-11-10 23:39:19.5845  INFO - =================== DRM ===================
2020-11-10 23:39:19.5845  INFO - DRM 파일 이름 변경 ==> C:\Data\workspace\C783754FFCA6ACC2F2430C5E8C651962\ori_dec_0_1_11FADBEABE00B81E10B1E6B669C0DB17.ppt
2020-11-10 23:39:19.6702  INFO - C:\drm.bat C:\Data\workspace\C783754FFCA6ACC2F2430C5E8C651962\ori_dec_0_1_11FADBEABE00B81E10B1E6B669C0DB17.ppt $Out_File_Path$
2020-11-10 23:39:20.1225  INFO - DRM Result ===>         1개 파일이 복사되었습니다.0
2020-11-10 23:39:20.1225  INFO - DRM 변환 실패
2020-11-10 23:39:20.1225  INFO - ===========================================
2020-11-10 23:39:20.2262  INFO - 변환중 오류발생 자세한 내용은 오류로그 참고
2020-11-10 23:39:20.2262  INFO - 
[WebSocket][Server => Client]
{
  "isSuccess": false,
  "msg": "지정된 파일을 찾을 수 없습니다. (예외가 발생한 HRESULT: 0x80070002)",
  "Method": "DocConvert"
}

2020-11-10 23:39:20.2392  INFO - [WebSocket] 작업 소요시간: 00:00:00.7464630
2020-11-10 23:39:20.2392  INFO - [WebSocket] 클라이언트와 연결을 해제함.
2020-11-10 23:39:32.4213  INFO - [WebSocket] 접속 IP: 127.0.0.1
2020-11-10 23:39:32.4213  INFO - 
[WebSocket][Client => Server]
{
  "KEY": "B29D00A3 - F825 - 4EB7 - 93C1 - A77F5E31A7C2",
  "Method": "DocConvert",
  "FileName": "dec_0_1_11FADBEABE00B81E10B1E6B669C0DB17.ppt",
  "ConvertIMG": 0,
  "useCompression": false,
  "DRM_useYn": true,
  "DRM_Type": "123"
}

2020-11-10 23:39:32.4432  INFO - 다음 폴더가 이미 존재해서 삭제 후 다시만듬: C:\Data\workspace\C783754FFCA6ACC2F2430C5E8C651962
2020-11-10 23:39:32.4432  INFO - 파일 언락 실패! 자세한내용 로그 참고
2020-11-10 23:39:32.4432  INFO - C:\Data\workspace\C783754FFCA6ACC2F2430C5E8C651962\dec_0_1_11FADBEABE00B81E10B1E6B669C0DB17.ppt 파일을 C:\Data\workspace\C783754FFCA6ACC2F2430C5E8C651962\dec_0_1_11FADBEABE00B81E10B1E6B669C0DB17.ppt로 이동.
2020-11-10 23:39:32.4432  INFO - DRM 사용여부: True
2020-11-10 23:39:32.4432  INFO - =================== DRM ===================
2020-11-10 23:39:32.4432  INFO - DRM 파일 이름 변경 ==> C:\Data\workspace\C783754FFCA6ACC2F2430C5E8C651962\ori_dec_0_1_11FADBEABE00B81E10B1E6B669C0DB17.ppt
2020-11-10 23:39:32.5340  INFO - C:\drm.bat C:\Data\workspace\C783754FFCA6ACC2F2430C5E8C651962\ori_dec_0_1_11FADBEABE00B81E10B1E6B669C0DB17.ppt $Out_File_Path$
2020-11-10 23:39:32.9235  INFO - DRM Result ===>         1개 파일이 복사되었습니다.0
2020-11-10 23:39:32.9235  INFO - DRM 변환 실패
2020-11-10 23:39:32.9235  INFO - ===========================================
2020-11-10 23:39:45.1143  INFO - 변환중 오류발생 자세한 내용은 오류로그 참고
2020-11-10 23:39:45.1143  INFO - 
[WebSocket][Server => Client]
{
  "isSuccess": false,
  "msg": "지정된 파일을 찾을 수 없습니다. (예외가 발생한 HRESULT: 0x80070002)",
  "Method": "DocConvert"
}

2020-11-10 23:39:45.1143  INFO - [WebSocket] 작업 소요시간: 00:00:12.6989776
2020-11-10 23:39:45.1143  INFO - [WebSocket] 클라이언트와 연결을 해제함.
2020-11-10 23:39:47.4363  INFO - [WebSocket] 접속 IP: 127.0.0.1
2020-11-10 23:39:47.4363  INFO - 
[WebSocket][Client => Server]
{
  "KEY": "B29D00A3 - F825 - 4EB7 - 93C1 - A77F5E31A7C2",
  "Method": "DocConvert",
  "FileName": "dec_0_1_11FADBEABE00B81E10B1E6B669C0DB17.ppt",
  "ConvertIMG": 0,
  "useCompression": false,
  "DRM_useYn": true,
  "DRM_Type": "123"
}

2020-11-10 23:39:47.4562  INFO - 다음 폴더가 이미 존재해서 삭제 후 다시만듬: C:\Data\workspace\C783754FFCA6ACC2F2430C5E8C651962
2020-11-10 23:39:47.4642  INFO - 파일 언락 실패! 자세한내용 로그 참고
2020-11-10 23:39:47.4642  INFO - C:\Data\workspace\C783754FFCA6ACC2F2430C5E8C651962\dec_0_1_11FADBEABE00B81E10B1E6B669C0DB17.ppt 파일을 C:\Data\workspace\C783754FFCA6ACC2F2430C5E8C651962\dec_0_1_11FADBEABE00B81E10B1E6B669C0DB17.ppt로 이동.
2020-11-10 23:39:47.4642  INFO - DRM 사용여부: True
2020-11-10 23:39:47.4642  INFO - =================== DRM ===================
2020-11-10 23:39:47.4642  INFO - DRM 파일 이름 변경 ==> C:\Data\workspace\C783754FFCA6ACC2F2430C5E8C651962\ori_dec_0_1_11FADBEABE00B81E10B1E6B669C0DB17.ppt
2020-11-10 23:39:47.5440  INFO - C:\drm.bat C:\Data\workspace\C783754FFCA6ACC2F2430C5E8C651962\ori_dec_0_1_11FADBEABE00B81E10B1E6B669C0DB17.ppt $Out_File_Path$
2020-11-10 23:39:47.9324  INFO - DRM Result ===>         1개 파일이 복사되었습니다.0
2020-11-10 23:39:47.9324  INFO - DRM 변환 실패
2020-11-10 23:40:30.0040  INFO - [INFO] 데이터 경로: C:\Data
2020-11-10 23:40:30.0220  INFO - [INFO] 클라이언트 키: B29D00A3 - F825 - 4EB7 - 93C1 - A77F5E31A7C2
2020-11-10 23:40:30.0220  INFO - [INFO] 오피스 디버깅모드: True
2020-11-10 23:40:30.0220  INFO - [INFO] 웹 캡쳐 모드: Phantom JS
2020-11-10 23:40:30.0220  INFO - [INFO] 웹 캡쳐 타임아웃: 30초
2020-11-10 23:40:30.0220  INFO - [INFO] 한글 DLL을 레지스트리에 등록하였습니다.
2020-11-10 23:40:30.0220  INFO - [Scheduler] 스케줄러가 실행중입니다. 작업공간 정리 스케줄러: 3일   로그 정리 스케줄러: 10일
2020-11-10 23:40:30.0220  INFO - [Web Socket] 웹 소켓 타임아웃: 2분 0초
2020-11-10 23:40:30.0615  INFO - [Web Socket] Server Listening...
2020-11-10 23:40:30.0615  INFO - [Web Socket][INFO] IP: 0.0.0.0   포트: 12000
2020-11-10 23:40:41.8590  INFO - [INFO] 데이터 경로: C:\Data
2020-11-10 23:40:41.8770  INFO - [INFO] 클라이언트 키: B29D00A3 - F825 - 4EB7 - 93C1 - A77F5E31A7C2
2020-11-10 23:40:41.8770  INFO - [INFO] 오피스 디버깅모드: True
2020-11-10 23:40:41.8770  INFO - [INFO] 웹 캡쳐 모드: Phantom JS
2020-11-10 23:40:41.8770  INFO - [INFO] 웹 캡쳐 타임아웃: 30초
2020-11-10 23:40:41.8800  INFO - [INFO] 한글 DLL을 레지스트리에 등록하였습니다.
2020-11-10 23:40:41.8800  INFO - [Scheduler] 스케줄러가 실행중입니다. 작업공간 정리 스케줄러: 3일   로그 정리 스케줄러: 10일
2020-11-10 23:40:41.8800  INFO - [Web Socket] 웹 소켓 타임아웃: 2분 0초
2020-11-10 23:40:41.9149  INFO - [Web Socket] Server Listening...
2020-11-10 23:40:41.9149  INFO - [Web Socket][INFO] IP: 0.0.0.0   포트: 12000
2020-11-10 23:41:27.2712  INFO - [INFO] 데이터 경로: C:\Data
2020-11-10 23:41:27.2712  INFO - [INFO] 클라이언트 키: B29D00A3 - F825 - 4EB7 - 93C1 - A77F5E31A7C2
2020-11-10 23:41:27.2712  INFO - [INFO] 오피스 디버깅모드: True
2020-11-10 23:41:27.2712  INFO - [INFO] 웹 캡쳐 모드: Phantom JS
2020-11-10 23:41:27.2712  INFO - [INFO] 웹 캡쳐 타임아웃: 30초
2020-11-10 23:41:27.2712  INFO - [INFO] 한글 DLL을 레지스트리에 등록하였습니다.
2020-11-10 23:41:27.2712  INFO - [Scheduler] 스케줄러가 실행중입니다. 작업공간 정리 스케줄러: 3일   로그 정리 스케줄러: 10일
2020-11-10 23:41:27.2712  INFO - [Web Socket] 웹 소켓 타임아웃: 2분 0초
2020-11-10 23:41:27.3388  INFO - [Web Socket] Server Listening...
2020-11-10 23:41:27.3388  INFO - [Web Socket][INFO] IP: 0.0.0.0   포트: 12000
2020-11-10 23:41:27.9677  INFO - [WebSocket] 접속 IP: 127.0.0.1
2020-11-10 23:41:28.0429  INFO - 
[WebSocket][Client => Server]
{
  "KEY": "B29D00A3 - F825 - 4EB7 - 93C1 - A77F5E31A7C2",
  "Method": "DocConvert",
  "FileName": "dec_0_1_11FADBEABE00B81E10B1E6B669C0DB17.ppt",
  "ConvertIMG": 0,
  "useCompression": false,
  "DRM_useYn": true,
  "DRM_Type": "123"
}

2020-11-10 23:41:28.0718  INFO - 다음 폴더가 이미 존재해서 삭제 후 다시만듬: C:\Data\workspace\C783754FFCA6ACC2F2430C5E8C651962
2020-11-10 23:41:28.0937  INFO - 파일 언락 실패! 자세한내용 로그 참고
2020-11-10 23:41:28.0937  INFO - C:\Data\workspace\C783754FFCA6ACC2F2430C5E8C651962\dec_0_1_11FADBEABE00B81E10B1E6B669C0DB17.ppt 파일을 C:\Data\workspace\C783754FFCA6ACC2F2430C5E8C651962\dec_0_1_11FADBEABE00B81E10B1E6B669C0DB17.ppt로 이동.
2020-11-10 23:41:28.0937  INFO - DRM 사용여부: True
2020-11-10 23:41:28.0937  INFO - =================== DRM ===================
2020-11-10 23:41:28.0937  INFO - DRM 파일 이름 변경 ==> C:\Data\workspace\C783754FFCA6ACC2F2430C5E8C651962\ori_dec_0_1_11FADBEABE00B81E10B1E6B669C0DB17.ppt
2020-11-10 23:42:27.3557  INFO - [INFO] 데이터 경로: C:\Data
2020-11-10 23:42:27.3557  INFO - [INFO] 클라이언트 키: B29D00A3 - F825 - 4EB7 - 93C1 - A77F5E31A7C2
2020-11-10 23:42:27.3557  INFO - [INFO] 오피스 디버깅모드: True
2020-11-10 23:42:27.3557  INFO - [INFO] 웹 캡쳐 모드: Phantom JS
2020-11-10 23:42:27.3557  INFO - [INFO] 웹 캡쳐 타임아웃: 30초
2020-11-10 23:42:27.3557  INFO - [INFO] 한글 DLL을 레지스트리에 등록하였습니다.
2020-11-10 23:42:27.3557  INFO - [Scheduler] 스케줄러가 실행중입니다. 작업공간 정리 스케줄러: 3일   로그 정리 스케줄러: 10일
2020-11-10 23:42:27.3647  INFO - [Web Socket] 웹 소켓 타임아웃: 2분 0초
2020-11-10 23:42:27.4255  INFO - [Web Socket] Server Listening...
2020-11-10 23:42:27.4265  INFO - [Web Socket][INFO] IP: 0.0.0.0   포트: 12000
2020-11-10 23:42:31.1827  INFO - [WebSocket] 접속 IP: 127.0.0.1
2020-11-10 23:42:31.2445  INFO - 
[WebSocket][Client => Server]
{
  "KEY": "B29D00A3 - F825 - 4EB7 - 93C1 - A77F5E31A7C2",
  "Method": "DocConvert",
  "FileName": "dec_0_1_11FADBEABE00B81E10B1E6B669C0DB17.ppt",
  "ConvertIMG": 0,
  "useCompression": false,
  "DRM_useYn": true,
  "DRM_Type": "123"
}

2020-11-10 23:42:31.2704  INFO - 다음 폴더가 이미 존재해서 삭제 후 다시만듬: C:\Data\workspace\C783754FFCA6ACC2F2430C5E8C651962
2020-11-10 23:42:31.2914  INFO - 파일 언락 실패! 자세한내용 로그 참고
2020-11-10 23:42:31.2914  INFO - C:\Data\workspace\C783754FFCA6ACC2F2430C5E8C651962\dec_0_1_11FADBEABE00B81E10B1E6B669C0DB17.ppt 파일을 C:\Data\workspace\C783754FFCA6ACC2F2430C5E8C651962\dec_0_1_11FADBEABE00B81E10B1E6B669C0DB17.ppt로 이동.
2020-11-10 23:42:31.2914  INFO - DRM 사용여부: True
2020-11-10 23:42:31.2914  INFO - =================== DRM ===================
2020-11-10 23:42:31.2914  INFO - DRM 파일 이름 변경 ==> C:\Data\workspace\C783754FFCA6ACC2F2430C5E8C651962\ori_dec_0_1_11FADBEABE00B81E10B1E6B669C0DB17.ppt
2020-11-10 23:42:35.1347  INFO - C:\drm.bat C:\Data\workspace\C783754FFCA6ACC2F2430C5E8C651962\ori_dec_0_1_11FADBEABE00B81E10B1E6B669C0DB17.ppt C:\Data\workspace\C783754FFCA6ACC2F2430C5E8C651962\dec_0_1_11FADBEABE00B81E10B1E6B669C0DB17.ppt
2020-11-10 23:42:35.5326  INFO - DRM Result ===>         1개 파일이 복사되었습니다.0
2020-11-10 23:42:35.5326  INFO - DRM 변환 실패
2020-11-10 23:42:35.5326  INFO - ===========================================
2020-11-10 23:42:44.5698  INFO - 
[WebSocket][Server => Client]
{
  "URL": "/workspace/C783754FFCA6ACC2F2430C5E8C651962",
  "isSuccess": true,
  "msg": "변환에 성공하였습니다.",
  "useCompression": false,
  "Method": "DocConvert"
}

2020-11-10 23:42:44.5698  INFO - [WebSocket] 작업 소요시간: 00:00:13.3791881
2020-11-10 23:42:44.5698  INFO - [WebSocket] 클라이언트와 연결을 해제함.
2020-11-10 23:43:02.1372  INFO - [WebSocket] 접속 IP: 127.0.0.1
2020-11-10 23:43:02.1372  INFO - 
[WebSocket][Client => Server]
{
  "KEY": "B29D00A3 - F825 - 4EB7 - 93C1 - A77F5E31A7C2",
  "Method": "DocConvert",
  "FileName": "dec_0_1_11FADBEABE00B81E10B1E6B669C0DB17.ppt",
  "ConvertIMG": 0,
  "useCompression": false,
  "DRM_useYn": true,
  "DRM_Type": "123"
}

2020-11-10 23:43:02.1641  INFO - 파일 언락 실패! 자세한내용 로그 참고
2020-11-10 23:43:02.1641  INFO - C:\Data\workspace\C783754FFCA6ACC2F2430C5E8C651962\dec_0_1_11FADBEABE00B81E10B1E6B669C0DB17.ppt 파일을 C:\Data\workspace\C783754FFCA6ACC2F2430C5E8C651962\dec_0_1_11FADBEABE00B81E10B1E6B669C0DB17.ppt로 이동.
2020-11-10 23:43:02.1641  INFO - DRM 사용여부: True
2020-11-10 23:43:02.1641  INFO - =================== DRM ===================
2020-11-10 23:43:02.1641  INFO - DRM 파일 이름 변경 ==> C:\Data\workspace\C783754FFCA6ACC2F2430C5E8C651962\ori_dec_0_1_11FADBEABE00B81E10B1E6B669C0DB17.ppt
2020-11-10 23:43:02.2479  INFO - C:\drm.bat C:\Data\workspace\C783754FFCA6ACC2F2430C5E8C651962\ori_dec_0_1_11FADBEABE00B81E10B1E6B669C0DB17.ppt C:\Data\workspace\C783754FFCA6ACC2F2430C5E8C651962\dec_0_1_11FADBEABE00B81E10B1E6B669C0DB17.ppt
2020-11-10 23:43:02.6993  INFO - DRM Result ===>         1개 파일이 복사되었습니다.0
2020-11-10 23:43:02.6993  INFO - DRM 변환 실패
2020-11-10 23:43:02.6993  INFO - ===========================================
2020-11-10 23:43:10.1163  INFO - 
[WebSocket][Server => Client]
{
  "URL": "/workspace/C783754FFCA6ACC2F2430C5E8C651962",
  "isSuccess": true,
  "msg": "변환에 성공하였습니다.",
  "useCompression": false,
  "Method": "DocConvert"
}

2020-11-10 23:43:10.1163  INFO - [WebSocket] 작업 소요시간: 00:00:07.9830872
2020-11-10 23:43:10.1163  INFO - [WebSocket] 클라이언트와 연결을 해제함.
2020-11-10 23:43:38.5362  INFO - [INFO] 웹 소켓 서버를 종료합니다.
2020-11-10 23:43:59.6983  INFO - [INFO] 데이터 경로: C:\Data
2020-11-10 23:43:59.6983  INFO - [INFO] 클라이언트 키: B29D00A3 - F825 - 4EB7 - 93C1 - A77F5E31A7C2
2020-11-10 23:43:59.6983  INFO - [INFO] 오피스 디버깅모드: True
2020-11-10 23:43:59.6983  INFO - [INFO] 웹 캡쳐 모드: Phantom JS
2020-11-10 23:43:59.6983  INFO - [INFO] 웹 캡쳐 타임아웃: 30초
2020-11-10 23:43:59.6983  INFO - [INFO] 한글 DLL을 레지스트리에 등록하였습니다.
2020-11-10 23:43:59.6983  INFO - [Scheduler] 스케줄러가 실행중입니다. 작업공간 정리 스케줄러: 3일   로그 정리 스케줄러: 10일
2020-11-10 23:43:59.6983  INFO - [Web Socket] 웹 소켓 타임아웃: 2분 0초
2020-11-10 23:43:59.7621  INFO - [Web Socket] Server Listening...
2020-11-10 23:43:59.7621  INFO - [Web Socket][INFO] IP: 0.0.0.0   포트: 12000
2020-11-10 23:44:18.3434  INFO - [WebSocket] 접속 IP: 127.0.0.1
2020-11-10 23:44:18.4044  INFO - 
[WebSocket][Client => Server]
{
  "KEY": "B29D00A3 - F825 - 4EB7 - 93C1 - A77F5E31A7C2",
  "Method": "DocConvert",
  "FileName": "dec_0_1_11FADBEABE00B81E10B1E6B669C0DB17.ppt",
  "ConvertIMG": 0,
  "useCompression": false,
  "DRM_useYn": true,
  "DRM_Type": "123"
}

2020-11-10 23:44:18.4313  INFO - 다음 폴더가 이미 존재해서 삭제 후 다시만듬: C:\Data\workspace\C783754FFCA6ACC2F2430C5E8C651962
2020-11-10 23:44:18.4512  INFO - 파일 언락 실패! 자세한내용 로그 참고
2020-11-10 23:44:18.4512  INFO - C:\Data\workspace\C783754FFCA6ACC2F2430C5E8C651962\dec_0_1_11FADBEABE00B81E10B1E6B669C0DB17.ppt 파일을 C:\Data\workspace\C783754FFCA6ACC2F2430C5E8C651962\dec_0_1_11FADBEABE00B81E10B1E6B669C0DB17.ppt로 이동.
2020-11-10 23:44:18.4512  INFO - DRM 사용여부: True
2020-11-10 23:44:18.4512  INFO - =================== DRM ===================
2020-11-10 23:44:18.4512  INFO - DRM 파일 이름 변경 ==> C:\Data\workspace\C783754FFCA6ACC2F2430C5E8C651962\ori_dec_0_1_11FADBEABE00B81E10B1E6B669C0DB17.ppt
2020-11-10 23:44:18.5375  INFO - C:\drm.bat C:\Data\workspace\C783754FFCA6ACC2F2430C5E8C651962\ori_dec_0_1_11FADBEABE00B81E10B1E6B669C0DB17.ppt C:\Data\workspace\C783754FFCA6ACC2F2430C5E8C651962\dec_0_1_11FADBEABE00B81E10B1E6B669C0DB17.ppt
2020-11-10 23:44:18.9818  INFO - DRM Result ===>         1개 파일이 복사되었습니다.0
2020-11-10 23:44:18.9818  INFO - DRM 변환 실패
2020-11-10 23:44:18.9818  INFO - ===========================================
2020-11-10 23:44:26.6963  INFO - 
[WebSocket][Server => Client]
{
  "URL": "/workspace/C783754FFCA6ACC2F2430C5E8C651962",
  "isSuccess": true,
  "msg": "변환에 성공하였습니다.",
  "useCompression": false,
  "Method": "DocConvert"
}

2020-11-10 23:44:26.6963  INFO - [WebSocket] 작업 소요시간: 00:00:08.3379484
2020-11-10 23:44:26.6963  INFO - [WebSocket] 클라이언트와 연결을 해제함.
2020-11-10 23:46:02.7664  INFO - [INFO] 데이터 경로: C:\Data
2020-11-10 23:46:02.7664  INFO - [INFO] 클라이언트 키: B29D00A3 - F825 - 4EB7 - 93C1 - A77F5E31A7C2
2020-11-10 23:46:02.7664  INFO - [INFO] 오피스 디버깅모드: True
2020-11-10 23:46:02.7664  INFO - [INFO] 웹 캡쳐 모드: Phantom JS
2020-11-10 23:46:02.7664  INFO - [INFO] 웹 캡쳐 타임아웃: 30초
2020-11-10 23:46:02.7664  INFO - [INFO] 한글 DLL을 레지스트리에 등록하였습니다.
2020-11-10 23:46:02.7703  INFO - [Scheduler] 스케줄러가 실행중입니다. 작업공간 정리 스케줄러: 3일   로그 정리 스케줄러: 10일
2020-11-10 23:46:02.7703  INFO - [Web Socket] 웹 소켓 타임아웃: 2분 0초
2020-11-10 23:46:02.8312  INFO - [Web Socket] Server Listening...
2020-11-10 23:46:02.8322  INFO - [Web Socket][INFO] IP: 0.0.0.0   포트: 12000
2020-11-10 23:46:05.0671  INFO - [WebSocket] 접속 IP: 127.0.0.1
2020-11-10 23:46:05.1270  INFO - 
[WebSocket][Client => Server]
{
  "KEY": "B29D00A3 - F825 - 4EB7 - 93C1 - A77F5E31A7C2",
  "Method": "DocConvert",
  "FileName": "dec_0_1_11FADBEABE00B81E10B1E6B669C0DB17.ppt",
  "ConvertIMG": 0,
  "useCompression": false,
  "DRM_useYn": true,
  "DRM_Type": "123"
}

2020-11-10 23:46:05.1559  INFO - 다음 폴더가 이미 존재해서 삭제 후 다시만듬: C:\Data\workspace\C783754FFCA6ACC2F2430C5E8C651962
2020-11-10 23:46:05.1789  INFO - 파일 언락 실패! 자세한내용 로그 참고
2020-11-10 23:46:05.1789  INFO - C:\Data\workspace\C783754FFCA6ACC2F2430C5E8C651962\dec_0_1_11FADBEABE00B81E10B1E6B669C0DB17.ppt 파일을 C:\Data\workspace\C783754FFCA6ACC2F2430C5E8C651962\dec_0_1_11FADBEABE00B81E10B1E6B669C0DB17.ppt로 이동.
2020-11-10 23:46:05.1789  INFO - DRM 사용여부: True
2020-11-10 23:46:05.1789  INFO - =================== DRM ===================
2020-11-10 23:46:05.1789  INFO - DRM 파일 이름 변경 ==> C:\Data\workspace\C783754FFCA6ACC2F2430C5E8C651962\ori_dec_0_1_11FADBEABE00B81E10B1E6B669C0DB17.ppt
2020-11-10 23:46:05.2685  INFO - C:\drm.bat C:\Data\workspace\C783754FFCA6ACC2F2430C5E8C651962\ori_dec_0_1_11FADBEABE00B81E10B1E6B669C0DB17.ppt C:\Data\workspace\C783754FFCA6ACC2F2430C5E8C651962\dec_0_1_11FADBEABE00B81E10B1E6B669C0DB17.ppt
2020-11-10 23:46:05.7079  INFO - DRM Result ===>         1개 파일이 복사되었습니다.0
2020-11-10 23:46:05.7079  INFO - DRM 변환 실패
2020-11-10 23:46:05.7079  INFO - 
[WebSocket][Server => Client]
{
  "URL": null,
  "isSuccess": false,
  "msg": "DRM 변환 실패",
  "Method": "DocConvert"
}

2020-11-10 23:46:05.7079  INFO - [WebSocket] 작업 소요시간: 00:00:00.6287757
2020-11-10 23:46:05.7079  INFO - [WebSocket] 클라이언트와 연결을 해제함.
2020-11-10 23:46:13.7311  INFO - [INFO] 웹 소켓 서버를 종료합니다.
2020-11-10 23:46:38.6538  INFO - [INFO] 데이터 경로: C:\Data
2020-11-10 23:46:38.6538  INFO - [INFO] 클라이언트 키: B29D00A3 - F825 - 4EB7 - 93C1 - A77F5E31A7C2
2020-11-10 23:46:38.6538  INFO - [INFO] 오피스 디버깅모드: True
2020-11-10 23:46:38.6538  INFO - [INFO] 웹 캡쳐 모드: Phantom JS
2020-11-10 23:46:38.6538  INFO - [INFO] 웹 캡쳐 타임아웃: 30초
2020-11-10 23:46:38.6538  INFO - [INFO] 한글 DLL을 레지스트리에 등록하였습니다.
2020-11-10 23:46:38.6538  INFO - [Scheduler] 스케줄러가 실행중입니다. 작업공간 정리 스케줄러: 3일   로그 정리 스케줄러: 10일
2020-11-10 23:46:38.6538  INFO - [Web Socket] 웹 소켓 타임아웃: 2분 0초
2020-11-10 23:46:38.7156  INFO - [Web Socket] Server Listening...
2020-11-10 23:46:38.7156  INFO - [Web Socket][INFO] IP: 0.0.0.0   포트: 12000
2020-11-10 23:46:42.0405  INFO - [WebSocket] 접속 IP: 127.0.0.1
2020-11-10 23:46:42.1012  INFO - 
[WebSocket][Client => Server]
{
  "KEY": "B29D00A3 - F825 - 4EB7 - 93C1 - A77F5E31A7C2",
  "Method": "DocConvert",
  "FileName": "dec_0_1_11FADBEABE00B81E10B1E6B669C0DB17.ppt",
  "ConvertIMG": 0,
  "useCompression": false,
  "DRM_useYn": true,
  "DRM_Type": "123"
}

2020-11-10 23:46:42.1271  INFO - 다음 폴더가 이미 존재해서 삭제 후 다시만듬: C:\Data\workspace\C783754FFCA6ACC2F2430C5E8C651962
2020-11-10 23:46:42.1491  INFO - 파일 언락 실패! 자세한내용 로그 참고
2020-11-10 23:46:42.1491  INFO - C:\Data\workspace\C783754FFCA6ACC2F2430C5E8C651962\dec_0_1_11FADBEABE00B81E10B1E6B669C0DB17.ppt 파일을 C:\Data\workspace\C783754FFCA6ACC2F2430C5E8C651962\dec_0_1_11FADBEABE00B81E10B1E6B669C0DB17.ppt로 이동.
2020-11-10 23:46:42.1491  INFO - DRM 사용여부: True
2020-11-10 23:46:42.1491  INFO - =================== DRM ===================
2020-11-10 23:46:42.1491  INFO - DRM 파일 이름 변경 ==> C:\Data\workspace\C783754FFCA6ACC2F2430C5E8C651962\ori_dec_0_1_11FADBEABE00B81E10B1E6B669C0DB17.ppt
2020-11-10 23:46:42.2448  INFO - C:\drm.bat C:\Data\workspace\C783754FFCA6ACC2F2430C5E8C651962\ori_dec_0_1_11FADBEABE00B81E10B1E6B669C0DB17.ppt C:\Data\workspace\C783754FFCA6ACC2F2430C5E8C651962\dec_0_1_11FADBEABE00B81E10B1E6B669C0DB17.ppt
2020-11-10 23:46:42.6866  INFO - DRM Result ===>         1개 파일이 복사되었습니다.0
2020-11-10 23:46:42.6866  INFO - DRM 변환 실패
2020-11-10 23:46:42.6866  INFO - 
[WebSocket][Server => Client]
{
  "URL": null,
  "isSuccess": false,
  "msg": "DRM 변환 실패 >> DRM Result:         1개 파일이 복사되었습니다.0",
  "Method": "DocConvert"
}

2020-11-10 23:46:42.6866  INFO - [WebSocket] 작업 소요시간: 00:00:00.6343028
2020-11-10 23:46:42.6926  INFO - [WebSocket] 클라이언트와 연결을 해제함.
2020-11-10 23:47:07.5369  INFO - [INFO] 웹 소켓 서버를 종료합니다.
