2020-11-10 17:19:23.7213 ERROR - ======= Method: PowerPointSaveAs =======
2020-11-10 17:19:23.7333 ERROR -    위치: Microsoft.Office.Interop.PowerPoint._Presentation.ExportAsFixedFormat(String Path, PpFixedFormatType FixedFormatType, PpFixedFormatIntent Intent, MsoTriState FrameSlides, PpPrintHandoutOrder HandoutOrder, PpPrintOutputType OutputType, MsoTriState PrintHiddenSlides, PrintRange PrintRange, PpPrintRangeType RangeType, String SlideShowName, Boolean IncludeDocProperties, Boolean KeepIRMSettings, Boolean DocStructureTags, Boolean BitmapMissingFonts, Boolean UseISO19005_1, Object ExternalExporter)
   위치: DocConvert_Core.OfficeLib.PowerPointConvert_Core.PowerPointSaveAs(String FilePath, String outPath, String docPassword, Boolean pageCounting, Boolean appvisible) 파일 C:\Users\JMKIM\Source\Repos\isugar150\DocConvert\DocConvert_Core\OfficeLib\PowerPointConvert_Core.cs:줄 137

2020-11-10 17:19:23.7333 ERROR - 변환 실패: Presentation (unknown member) : PowerPoint에서 파일을 저장하는 중 오류가 발생했습니다.
2020-11-10 17:19:23.7403 ERROR - ================ End ================
2020-11-10 17:21:39.4380 ERROR - ======= Method: PowerPointSaveAs =======
2020-11-10 17:21:39.4420 ERROR -    위치: Microsoft.Office.Interop.PowerPoint._Presentation.ExportAsFixedFormat(String Path, PpFixedFormatType FixedFormatType, PpFixedFormatIntent Intent, MsoTriState FrameSlides, PpPrintHandoutOrder HandoutOrder, PpPrintOutputType OutputType, MsoTriState PrintHiddenSlides, PrintRange PrintRange, PpPrintRangeType RangeType, String SlideShowName, Boolean IncludeDocProperties, Boolean KeepIRMSettings, Boolean DocStructureTags, Boolean BitmapMissingFonts, Boolean UseISO19005_1, Object ExternalExporter)
   위치: DocConvert_Core.OfficeLib.PowerPointConvert_Core.PowerPointSaveAs(String FilePath, String outPath, String docPassword, Boolean pageCounting, Boolean appvisible) 파일 C:\Users\JMKIM\Source\Repos\isugar150\DocConvert\DocConvert_Core\OfficeLib\PowerPointConvert_Core.cs:줄 137

2020-11-10 17:21:39.4420 ERROR - 변환 실패: Presentation (unknown member) : PowerPoint에서 파일을 저장하는 중 오류가 발생했습니다.
2020-11-10 17:21:39.4420 ERROR - ================ End ================
2020-11-10 17:22:38.4448 ERROR - ======= Method: PowerPointSaveAs =======
2020-11-10 17:22:38.4448 ERROR -    위치: Microsoft.Office.Interop.PowerPoint._Presentation.ExportAsFixedFormat(String Path, PpFixedFormatType FixedFormatType, PpFixedFormatIntent Intent, MsoTriState FrameSlides, PpPrintHandoutOrder HandoutOrder, PpPrintOutputType OutputType, MsoTriState PrintHiddenSlides, PrintRange PrintRange, PpPrintRangeType RangeType, String SlideShowName, Boolean IncludeDocProperties, Boolean KeepIRMSettings, Boolean DocStructureTags, Boolean BitmapMissingFonts, Boolean UseISO19005_1, Object ExternalExporter)
   위치: DocConvert_Core.OfficeLib.PowerPointConvert_Core.PowerPointSaveAs(String FilePath, String outPath, String docPassword, Boolean pageCounting, Boolean appvisible) 파일 C:\Users\JMKIM\Source\Repos\isugar150\DocConvert\DocConvert_Core\OfficeLib\PowerPointConvert_Core.cs:줄 137

2020-11-10 17:22:38.4448 ERROR - 변환 실패: Presentation (unknown member) : PowerPoint에서 파일을 저장하는 중 오류가 발생했습니다.
2020-11-10 17:22:38.4578 ERROR - ================ End ================
2020-11-10 17:24:21.3967 ERROR - ======= Method: PowerPointSaveAs =======
2020-11-10 17:24:21.3967 ERROR -    위치: Microsoft.Office.Interop.PowerPoint._Presentation.ExportAsFixedFormat(String Path, PpFixedFormatType FixedFormatType, PpFixedFormatIntent Intent, MsoTriState FrameSlides, PpPrintHandoutOrder HandoutOrder, PpPrintOutputType OutputType, MsoTriState PrintHiddenSlides, PrintRange PrintRange, PpPrintRangeType RangeType, String SlideShowName, Boolean IncludeDocProperties, Boolean KeepIRMSettings, Boolean DocStructureTags, Boolean BitmapMissingFonts, Boolean UseISO19005_1, Object ExternalExporter)
   위치: DocConvert_Core.OfficeLib.PowerPointConvert_Core.PowerPointSaveAs(String FilePath, String outPath, String docPassword, Boolean pageCounting, Boolean appvisible) 파일 C:\Users\JMKIM\Source\Repos\isugar150\DocConvert\DocConvert_Core\OfficeLib\PowerPointConvert_Core.cs:줄 137

2020-11-10 17:24:21.3967 ERROR - 변환 실패: Presentation (unknown member) : PowerPoint에서 파일을 저장하는 중 오류가 발생했습니다.
2020-11-10 17:24:21.3967 ERROR - ================ End ================
2020-11-10 17:24:51.3098 ERROR - ======= Method: PowerPointSaveAs =======
2020-11-10 17:24:51.3197 ERROR -    위치: Microsoft.Office.Interop.PowerPoint._Presentation.ExportAsFixedFormat(String Path, PpFixedFormatType FixedFormatType, PpFixedFormatIntent Intent, MsoTriState FrameSlides, PpPrintHandoutOrder HandoutOrder, PpPrintOutputType OutputType, MsoTriState PrintHiddenSlides, PrintRange PrintRange, PpPrintRangeType RangeType, String SlideShowName, Boolean IncludeDocProperties, Boolean KeepIRMSettings, Boolean DocStructureTags, Boolean BitmapMissingFonts, Boolean UseISO19005_1, Object ExternalExporter)
   위치: DocConvert_Core.OfficeLib.PowerPointConvert_Core.PowerPointSaveAs(String FilePath, String outPath, String docPassword, Boolean pageCounting, Boolean appvisible) 파일 C:\Users\JMKIM\source\repos\isugar150\DocConvert\DocConvert_Core\OfficeLib\PowerPointConvert_Core.cs:줄 137

2020-11-10 17:24:51.3197 ERROR - 변환 실패: Presentation (unknown member) : PowerPoint에서 파일을 저장하는 중 오류가 발생했습니다.
2020-11-10 17:24:51.3197 ERROR - ================ End ================
2020-11-10 17:26:59.2107 ERROR - ======= Method: PowerPointSaveAs =======
2020-11-10 17:26:59.2107 ERROR -    위치: Microsoft.Office.Interop.PowerPoint._Presentation.ExportAsFixedFormat(String Path, PpFixedFormatType FixedFormatType, PpFixedFormatIntent Intent, MsoTriState FrameSlides, PpPrintHandoutOrder HandoutOrder, PpPrintOutputType OutputType, MsoTriState PrintHiddenSlides, PrintRange PrintRange, PpPrintRangeType RangeType, String SlideShowName, Boolean IncludeDocProperties, Boolean KeepIRMSettings, Boolean DocStructureTags, Boolean BitmapMissingFonts, Boolean UseISO19005_1, Object ExternalExporter)
   위치: DocConvert_Core.OfficeLib.PowerPointConvert_Core.PowerPointSaveAs(String FilePath, String outPath, String docPassword, Boolean pageCounting, Boolean appvisible) 파일 C:\Users\JMKIM\source\repos\isugar150\DocConvert\DocConvert_Core\OfficeLib\PowerPointConvert_Core.cs:줄 137

2020-11-10 17:26:59.2247 ERROR - 변환 실패: Presentation (unknown member) : PowerPoint에서 파일을 저장하는 중 오류가 발생했습니다.
2020-11-10 17:26:59.2247 ERROR - ================ End ================
2020-11-10 17:27:27.0023 ERROR - ======= Method: PowerPointSaveAs =======
2020-11-10 17:27:27.0113 ERROR -    위치: Microsoft.Office.Interop.PowerPoint._Presentation.ExportAsFixedFormat(String Path, PpFixedFormatType FixedFormatType, PpFixedFormatIntent Intent, MsoTriState FrameSlides, PpPrintHandoutOrder HandoutOrder, PpPrintOutputType OutputType, MsoTriState PrintHiddenSlides, PrintRange PrintRange, PpPrintRangeType RangeType, String SlideShowName, Boolean IncludeDocProperties, Boolean KeepIRMSettings, Boolean DocStructureTags, Boolean BitmapMissingFonts, Boolean UseISO19005_1, Object ExternalExporter)
   위치: DocConvert_Core.OfficeLib.PowerPointConvert_Core.PowerPointSaveAs(String FilePath, String outPath, String docPassword, Boolean pageCounting, Boolean appvisible) 파일 C:\Users\JMKIM\source\repos\isugar150\DocConvert\DocConvert_Core\OfficeLib\PowerPointConvert_Core.cs:줄 137

2020-11-10 17:27:27.0113 ERROR - 변환 실패: Presentation (unknown member) : PowerPoint에서 파일을 저장하는 중 오류가 발생했습니다.
2020-11-10 17:27:27.0113 ERROR - ================ End ================
2020-11-10 17:29:07.3159 ERROR - ======= Method: PowerPointSaveAs =======
2020-11-10 17:29:07.3269 ERROR -    위치: Microsoft.Office.Interop.PowerPoint._Presentation.ExportAsFixedFormat(String Path, PpFixedFormatType FixedFormatType, PpFixedFormatIntent Intent, MsoTriState FrameSlides, PpPrintHandoutOrder HandoutOrder, PpPrintOutputType OutputType, MsoTriState PrintHiddenSlides, PrintRange PrintRange, PpPrintRangeType RangeType, String SlideShowName, Boolean IncludeDocProperties, Boolean KeepIRMSettings, Boolean DocStructureTags, Boolean BitmapMissingFonts, Boolean UseISO19005_1, Object ExternalExporter)
   위치: DocConvert_Core.OfficeLib.PowerPointConvert_Core.PowerPointSaveAs(String FilePath, String outPath, String docPassword, Boolean pageCounting, Boolean appvisible) 파일 C:\Users\JMKIM\source\repos\isugar150\DocConvert\DocConvert_Core\OfficeLib\PowerPointConvert_Core.cs:줄 137

2020-11-10 17:29:07.3269 ERROR - 변환 실패: Presentation (unknown member) : PowerPoint에서 파일을 저장하는 중 오류가 발생했습니다.
2020-11-10 17:29:07.3358 ERROR - ================ End ================
2020-11-10 17:30:55.3183 ERROR - ======= Method: PowerPointSaveAs =======
2020-11-10 17:30:55.3183 ERROR -    위치: Microsoft.Office.Interop.PowerPoint._Presentation.ExportAsFixedFormat(String Path, PpFixedFormatType FixedFormatType, PpFixedFormatIntent Intent, MsoTriState FrameSlides, PpPrintHandoutOrder HandoutOrder, PpPrintOutputType OutputType, MsoTriState PrintHiddenSlides, PrintRange PrintRange, PpPrintRangeType RangeType, String SlideShowName, Boolean IncludeDocProperties, Boolean KeepIRMSettings, Boolean DocStructureTags, Boolean BitmapMissingFonts, Boolean UseISO19005_1, Object ExternalExporter)
   위치: DocConvert_Core.OfficeLib.PowerPointConvert_Core.PowerPointSaveAs(String FilePath, String outPath, String docPassword, Boolean pageCounting, Boolean appvisible) 파일 C:\Users\JMKIM\source\repos\isugar150\DocConvert\DocConvert_Core\OfficeLib\PowerPointConvert_Core.cs:줄 138

2020-11-10 17:30:55.3323 ERROR - 변환 실패: Presentation (unknown member) : PowerPoint에서 파일을 저장하는 중 오류가 발생했습니다.
2020-11-10 17:30:55.3323 ERROR - ================ End ================
2020-11-10 17:32:18.3580 ERROR - ======= Method: PowerPointSaveAs =======
2020-11-10 17:32:18.3680 ERROR -    위치: Microsoft.Office.Interop.PowerPoint._Presentation.ExportAsFixedFormat(String Path, PpFixedFormatType FixedFormatType, PpFixedFormatIntent Intent, MsoTriState FrameSlides, PpPrintHandoutOrder HandoutOrder, PpPrintOutputType OutputType, MsoTriState PrintHiddenSlides, PrintRange PrintRange, PpPrintRangeType RangeType, String SlideShowName, Boolean IncludeDocProperties, Boolean KeepIRMSettings, Boolean DocStructureTags, Boolean BitmapMissingFonts, Boolean UseISO19005_1, Object ExternalExporter)
   위치: DocConvert_Core.OfficeLib.PowerPointConvert_Core.PowerPointSaveAs(String FilePath, String outPath, String docPassword, Boolean pageCounting, Boolean appvisible) 파일 C:\Users\JMKIM\source\repos\isugar150\DocConvert\DocConvert_Core\OfficeLib\PowerPointConvert_Core.cs:줄 137

2020-11-10 17:32:18.3680 ERROR - 변환 실패: Presentation (unknown member) : PowerPoint에서 파일을 저장하는 중 오류가 발생했습니다.
2020-11-10 17:32:18.3680 ERROR - ================ End ================
2020-11-10 17:33:07.5108 ERROR - ======= Method: PowerPointSaveAs =======
2020-11-10 17:33:07.5208 ERROR -    위치: Microsoft.Office.Interop.PowerPoint._Presentation.ExportAsFixedFormat(String Path, PpFixedFormatType FixedFormatType, PpFixedFormatIntent Intent, MsoTriState FrameSlides, PpPrintHandoutOrder HandoutOrder, PpPrintOutputType OutputType, MsoTriState PrintHiddenSlides, PrintRange PrintRange, PpPrintRangeType RangeType, String SlideShowName, Boolean IncludeDocProperties, Boolean KeepIRMSettings, Boolean DocStructureTags, Boolean BitmapMissingFonts, Boolean UseISO19005_1, Object ExternalExporter)
   위치: DocConvert_Core.OfficeLib.PowerPointConvert_Core.PowerPointSaveAs(String FilePath, String outPath, String docPassword, Boolean pageCounting, Boolean appvisible) 파일 C:\Users\JMKIM\source\repos\isugar150\DocConvert\DocConvert_Core\OfficeLib\PowerPointConvert_Core.cs:줄 137

2020-11-10 17:33:07.5208 ERROR - 변환 실패: Presentation (unknown member) : PowerPoint에서 파일을 저장하는 중 오류가 발생했습니다.
2020-11-10 17:33:07.5208 ERROR - ================ End ================
2020-11-10 17:33:24.9405 ERROR - ======= Method: PowerPointSaveAs =======
2020-11-10 17:33:24.9514 ERROR -    위치: Microsoft.Office.Interop.PowerPoint._Presentation.ExportAsFixedFormat(String Path, PpFixedFormatType FixedFormatType, PpFixedFormatIntent Intent, MsoTriState FrameSlides, PpPrintHandoutOrder HandoutOrder, PpPrintOutputType OutputType, MsoTriState PrintHiddenSlides, PrintRange PrintRange, PpPrintRangeType RangeType, String SlideShowName, Boolean IncludeDocProperties, Boolean KeepIRMSettings, Boolean DocStructureTags, Boolean BitmapMissingFonts, Boolean UseISO19005_1, Object ExternalExporter)
   위치: DocConvert_Core.OfficeLib.PowerPointConvert_Core.PowerPointSaveAs(String FilePath, String outPath, String docPassword, Boolean pageCounting, Boolean appvisible) 파일 C:\Users\JMKIM\source\repos\isugar150\DocConvert\DocConvert_Core\OfficeLib\PowerPointConvert_Core.cs:줄 137

2020-11-10 17:33:24.9514 ERROR - 변환 실패: Presentation (unknown member) : PowerPoint에서 파일을 저장하는 중 오류가 발생했습니다.
2020-11-10 17:33:24.9594 ERROR - ================ End ================
2020-11-10 17:40:11.8872 ERROR - ======= Method: PowerPointSaveAs =======
2020-11-10 17:40:11.8972 ERROR -    위치: Microsoft.Office.Interop.PowerPoint._Presentation.ExportAsFixedFormat(String Path, PpFixedFormatType FixedFormatType, PpFixedFormatIntent Intent, MsoTriState FrameSlides, PpPrintHandoutOrder HandoutOrder, PpPrintOutputType OutputType, MsoTriState PrintHiddenSlides, PrintRange PrintRange, PpPrintRangeType RangeType, String SlideShowName, Boolean IncludeDocProperties, Boolean KeepIRMSettings, Boolean DocStructureTags, Boolean BitmapMissingFonts, Boolean UseISO19005_1, Object ExternalExporter)
   위치: DocConvert_Core.OfficeLib.PowerPointConvert_Core.PowerPointSaveAs(String FilePath, String outPath, String docPassword, Boolean pageCounting, Boolean appvisible) 파일 C:\Users\JMKIM\source\repos\isugar150\DocConvert\DocConvert_Core\OfficeLib\PowerPointConvert_Core.cs:줄 140

2020-11-10 17:40:11.8972 ERROR - 변환 실패: Presentation (unknown member) : PowerPoint에서 파일을 저장하는 중 오류가 발생했습니다.
2020-11-10 17:40:11.8972 ERROR - ================ End ================
2020-11-10 17:40:38.3699 ERROR - ======= Method: PowerPointSaveAs =======
2020-11-10 17:40:38.3799 ERROR -    위치: Microsoft.Office.Interop.PowerPoint._Presentation.ExportAsFixedFormat(String Path, PpFixedFormatType FixedFormatType, PpFixedFormatIntent Intent, MsoTriState FrameSlides, PpPrintHandoutOrder HandoutOrder, PpPrintOutputType OutputType, MsoTriState PrintHiddenSlides, PrintRange PrintRange, PpPrintRangeType RangeType, String SlideShowName, Boolean IncludeDocProperties, Boolean KeepIRMSettings, Boolean DocStructureTags, Boolean BitmapMissingFonts, Boolean UseISO19005_1, Object ExternalExporter)
   위치: DocConvert_Core.OfficeLib.PowerPointConvert_Core.PowerPointSaveAs(String FilePath, String outPath, String docPassword, Boolean pageCounting, Boolean appvisible) 파일 C:\Users\JMKIM\source\repos\isugar150\DocConvert\DocConvert_Core\OfficeLib\PowerPointConvert_Core.cs:줄 140

2020-11-10 17:40:38.3799 ERROR - 변환 실패: Presentation (unknown member) : PowerPoint에서 파일을 저장하는 중 오류가 발생했습니다.
2020-11-10 17:40:38.3799 ERROR - ================ End ================
2020-11-10 17:41:10.9064 ERROR - 
2020-11-10 17:41:12.3366 ERROR - ======= Method: PowerPointSaveAs =======
2020-11-10 17:41:12.3366 ERROR -    위치: Microsoft.Office.Interop.PowerPoint._Presentation.ExportAsFixedFormat(String Path, PpFixedFormatType FixedFormatType, PpFixedFormatIntent Intent, MsoTriState FrameSlides, PpPrintHandoutOrder HandoutOrder, PpPrintOutputType OutputType, MsoTriState PrintHiddenSlides, PrintRange PrintRange, PpPrintRangeType RangeType, String SlideShowName, Boolean IncludeDocProperties, Boolean KeepIRMSettings, Boolean DocStructureTags, Boolean BitmapMissingFonts, Boolean UseISO19005_1, Object ExternalExporter)
   위치: DocConvert_Core.OfficeLib.PowerPointConvert_Core.PowerPointSaveAs(String FilePath, String outPath, String docPassword, Boolean pageCounting, Boolean appvisible) 파일 C:\Users\JMKIM\source\repos\isugar150\DocConvert\DocConvert_Core\OfficeLib\PowerPointConvert_Core.cs:줄 140

2020-11-10 17:41:12.3515 ERROR - 변환 실패: Presentation (unknown member) : PowerPoint에서 파일을 저장하는 중 오류가 발생했습니다.
2020-11-10 17:41:12.3515 ERROR - ================ End ================
2020-11-10 17:41:44.4311 ERROR - 
2020-11-10 17:41:44.4311 ERROR - 
2020-11-10 17:41:44.4311 ERROR - 
2020-11-10 17:41:44.4460 ERROR - 
2020-11-10 17:41:45.8278 ERROR - ======= Method: PowerPointSaveAs =======
2020-11-10 17:41:45.8378 ERROR -    위치: Microsoft.Office.Interop.PowerPoint._Presentation.ExportAsFixedFormat(String Path, PpFixedFormatType FixedFormatType, PpFixedFormatIntent Intent, MsoTriState FrameSlides, PpPrintHandoutOrder HandoutOrder, PpPrintOutputType OutputType, MsoTriState PrintHiddenSlides, PrintRange PrintRange, PpPrintRangeType RangeType, String SlideShowName, Boolean IncludeDocProperties, Boolean KeepIRMSettings, Boolean DocStructureTags, Boolean BitmapMissingFonts, Boolean UseISO19005_1, Object ExternalExporter)
   위치: DocConvert_Core.OfficeLib.PowerPointConvert_Core.PowerPointSaveAs(String FilePath, String outPath, String docPassword, Boolean pageCounting, Boolean appvisible) 파일 C:\Users\JMKIM\source\repos\isugar150\DocConvert\DocConvert_Core\OfficeLib\PowerPointConvert_Core.cs:줄 143

2020-11-10 17:41:45.8378 ERROR - 변환 실패: Presentation (unknown member) : PowerPoint에서 파일을 저장하는 중 오류가 발생했습니다.
2020-11-10 17:41:45.8378 ERROR - ================ End ================
2020-11-10 17:43:06.6065 ERROR - .ppt
2020-11-10 17:43:07.9999 ERROR - ======= Method: PowerPointSaveAs =======
2020-11-10 17:43:08.0099 ERROR -    위치: Microsoft.Office.Interop.PowerPoint._Presentation.ExportAsFixedFormat(String Path, PpFixedFormatType FixedFormatType, PpFixedFormatIntent Intent, MsoTriState FrameSlides, PpPrintHandoutOrder HandoutOrder, PpPrintOutputType OutputType, MsoTriState PrintHiddenSlides, PrintRange PrintRange, PpPrintRangeType RangeType, String SlideShowName, Boolean IncludeDocProperties, Boolean KeepIRMSettings, Boolean DocStructureTags, Boolean BitmapMissingFonts, Boolean UseISO19005_1, Object ExternalExporter)
   위치: DocConvert_Core.OfficeLib.PowerPointConvert_Core.PowerPointSaveAs(String FilePath, String outPath, String docPassword, Boolean pageCounting, Boolean appvisible) 파일 C:\Users\JMKIM\source\repos\isugar150\DocConvert\DocConvert_Core\OfficeLib\PowerPointConvert_Core.cs:줄 140

2020-11-10 17:43:08.0099 ERROR - 변환 실패: Presentation (unknown member) : PowerPoint에서 파일을 저장하는 중 오류가 발생했습니다.
2020-11-10 17:43:08.0099 ERROR - ================ End ================
2020-11-10 17:43:50.6403 ERROR - .ppt
2020-11-10 17:43:51.9989 ERROR - ======= Method: PowerPointSaveAs =======
2020-11-10 17:43:52.0089 ERROR -    위치: Microsoft.Office.Interop.PowerPoint._Presentation.ExportAsFixedFormat(String Path, PpFixedFormatType FixedFormatType, PpFixedFormatIntent Intent, MsoTriState FrameSlides, PpPrintHandoutOrder HandoutOrder, PpPrintOutputType OutputType, MsoTriState PrintHiddenSlides, PrintRange PrintRange, PpPrintRangeType RangeType, String SlideShowName, Boolean IncludeDocProperties, Boolean KeepIRMSettings, Boolean DocStructureTags, Boolean BitmapMissingFonts, Boolean UseISO19005_1, Object ExternalExporter)
   위치: DocConvert_Core.OfficeLib.PowerPointConvert_Core.PowerPointSaveAs(String FilePath, String outPath, String docPassword, Boolean pageCounting, Boolean appvisible) 파일 C:\Users\JMKIM\source\repos\isugar150\DocConvert\DocConvert_Core\OfficeLib\PowerPointConvert_Core.cs:줄 140

2020-11-10 17:43:52.0089 ERROR - 변환 실패: Presentation (unknown member) : PowerPoint에서 파일을 저장하는 중 오류가 발생했습니다.
2020-11-10 17:43:52.0089 ERROR - ================ End ================
2020-11-10 21:18:08.2726 ERROR - ======= Method: PowerPointSaveAs =======
2020-11-10 21:18:08.2866 ERROR -    위치: Microsoft.Office.Interop.PowerPoint.ApplicationClass.set_ShowStartupDialog(MsoTriState ShowStartupDialog)
   위치: DocConvert_Core.OfficeLib.PowerPointConvert_Core.PowerPointSaveAs(String FilePath, String outPath, String docPassword, Boolean pageCounting, Boolean appvisible) 파일 C:\Users\JMKIM\Source\Repos\isugar150\DocConvert\DocConvert_Core\OfficeLib\PowerPointConvert_Core.cs:줄 51

2020-11-10 21:18:08.2866 ERROR - 변환 실패: Application (unknown member) : Failed.
2020-11-10 21:18:08.2866 ERROR - ================ End ================
2020-11-10 21:19:04.7437 ERROR - ======= Method: PowerPointSaveAs =======
2020-11-10 21:19:04.7547 ERROR -    위치: Microsoft.Office.Interop.PowerPoint.ApplicationClass.set_ShowStartupDialog(MsoTriState ShowStartupDialog)
   위치: DocConvert_Core.OfficeLib.PowerPointConvert_Core.PowerPointSaveAs(String FilePath, String outPath, String docPassword, Boolean pageCounting, Boolean appvisible) 파일 C:\Users\JMKIM\source\repos\isugar150\DocConvert\DocConvert_Core\OfficeLib\PowerPointConvert_Core.cs:줄 51

2020-11-10 21:19:04.7547 ERROR - 변환 실패: Application (unknown member) : Failed.
2020-11-10 21:19:04.7547 ERROR - ================ End ================
2020-11-10 21:20:39.6349 ERROR - ======= Method: PowerPointSaveAs =======
2020-11-10 21:20:39.6449 ERROR -    위치: Microsoft.Office.Interop.PowerPoint.ApplicationClass.set_ShowStartupDialog(MsoTriState ShowStartupDialog)
   위치: DocConvert_Core.OfficeLib.PowerPointConvert_Core.PowerPointSaveAs(String FilePath, String outPath, String docPassword, Boolean pageCounting, Boolean appvisible) 파일 C:\Users\JMKIM\source\repos\isugar150\DocConvert\DocConvert_Core\OfficeLib\PowerPointConvert_Core.cs:줄 51

2020-11-10 21:20:39.6449 ERROR - 변환 실패: Application (unknown member) : Failed.
2020-11-10 21:20:39.6449 ERROR - ================ End ================
2020-11-10 21:21:14.1778 ERROR - ======= Method: PowerPointSaveAs =======
2020-11-10 21:21:14.1778 ERROR -    위치: Microsoft.Office.Interop.PowerPoint.ApplicationClass.set_ShowStartupDialog(MsoTriState ShowStartupDialog)
   위치: DocConvert_Core.OfficeLib.PowerPointConvert_Core.PowerPointSaveAs(String FilePath, String outPath, String docPassword, Boolean pageCounting, Boolean appvisible) 파일 C:\Users\JMKIM\source\repos\isugar150\DocConvert\DocConvert_Core\OfficeLib\PowerPointConvert_Core.cs:줄 51

2020-11-10 21:21:14.1778 ERROR - 변환 실패: Application (unknown member) : Failed.
2020-11-10 21:21:14.1778 ERROR - ================ End ================
2020-11-10 21:21:17.0753 ERROR - ======= Method: PowerPointSaveAs =======
2020-11-10 21:21:17.0753 ERROR -    위치: Microsoft.Office.Interop.PowerPoint.ApplicationClass.set_ShowStartupDialog(MsoTriState ShowStartupDialog)
   위치: DocConvert_Core.OfficeLib.PowerPointConvert_Core.PowerPointSaveAs(String FilePath, String outPath, String docPassword, Boolean pageCounting, Boolean appvisible) 파일 C:\Users\JMKIM\source\repos\isugar150\DocConvert\DocConvert_Core\OfficeLib\PowerPointConvert_Core.cs:줄 51

2020-11-10 21:21:17.0833 ERROR - 변환 실패: Application (unknown member) : Failed.
2020-11-10 21:21:17.0833 ERROR - ================ End ================
2020-11-10 21:21:17.7297 ERROR - ======= Method: PowerPointSaveAs =======
2020-11-10 21:21:17.7297 ERROR -    위치: Microsoft.Office.Interop.PowerPoint.ApplicationClass.set_ShowStartupDialog(MsoTriState ShowStartupDialog)
   위치: DocConvert_Core.OfficeLib.PowerPointConvert_Core.PowerPointSaveAs(String FilePath, String outPath, String docPassword, Boolean pageCounting, Boolean appvisible) 파일 C:\Users\JMKIM\source\repos\isugar150\DocConvert\DocConvert_Core\OfficeLib\PowerPointConvert_Core.cs:줄 51

2020-11-10 21:21:17.7297 ERROR - 변환 실패: Application (unknown member) : Failed.
2020-11-10 21:21:17.7416 ERROR - ================ End ================
2020-11-10 21:22:02.8087 ERROR - ======= Method: PowerPointSaveAs =======
2020-11-10 21:22:02.8087 ERROR -    위치: Microsoft.Office.Interop.PowerPoint.ApplicationClass.set_ShowStartupDialog(MsoTriState ShowStartupDialog)
   위치: DocConvert_Core.OfficeLib.PowerPointConvert_Core.PowerPointSaveAs(String FilePath, String outPath, String docPassword, Boolean pageCounting, Boolean appvisible) 파일 C:\Users\JMKIM\source\repos\isugar150\DocConvert\DocConvert_Core\OfficeLib\PowerPointConvert_Core.cs:줄 51

2020-11-10 21:22:02.8172 ERROR - 변환 실패: Application (unknown member) : Failed.
2020-11-10 21:22:02.8172 ERROR - ================ End ================
2020-11-10 21:22:10.8900 ERROR - ======= Method: PowerPointSaveAs =======
2020-11-10 21:22:10.8950 ERROR -    위치: Microsoft.Office.Interop.PowerPoint.ApplicationClass.set_ShowStartupDialog(MsoTriState ShowStartupDialog)
   위치: DocConvert_Core.OfficeLib.PowerPointConvert_Core.PowerPointSaveAs(String FilePath, String outPath, String docPassword, Boolean pageCounting, Boolean appvisible) 파일 C:\Users\JMKIM\source\repos\isugar150\DocConvert\DocConvert_Core\OfficeLib\PowerPointConvert_Core.cs:줄 51

2020-11-10 21:22:10.8950 ERROR - 변환 실패: Application (unknown member) : Failed.
2020-11-10 21:22:10.8950 ERROR - ================ End ================
2020-11-10 21:22:13.8405 ERROR - ======= Method: PowerPointSaveAs =======
2020-11-10 21:22:13.8405 ERROR -    위치: Microsoft.Office.Interop.PowerPoint.ApplicationClass.set_ShowStartupDialog(MsoTriState ShowStartupDialog)
   위치: DocConvert_Core.OfficeLib.PowerPointConvert_Core.PowerPointSaveAs(String FilePath, String outPath, String docPassword, Boolean pageCounting, Boolean appvisible) 파일 C:\Users\JMKIM\source\repos\isugar150\DocConvert\DocConvert_Core\OfficeLib\PowerPointConvert_Core.cs:줄 51

2020-11-10 21:22:13.8495 ERROR - 변환 실패: Application (unknown member) : Failed.
2020-11-10 21:22:13.8495 ERROR - ================ End ================
2020-11-10 21:22:32.8916 ERROR - ======= Method: PowerPointSaveAs =======
2020-11-10 21:22:32.9025 ERROR -    위치: Microsoft.Office.Interop.PowerPoint.ApplicationClass.set_ShowStartupDialog(MsoTriState ShowStartupDialog)
   위치: DocConvert_Core.OfficeLib.PowerPointConvert_Core.PowerPointSaveAs(String FilePath, String outPath, String docPassword, Boolean pageCounting, Boolean appvisible) 파일 C:\Users\JMKIM\source\repos\isugar150\DocConvert\DocConvert_Core\OfficeLib\PowerPointConvert_Core.cs:줄 51

2020-11-10 21:22:32.9025 ERROR - 변환 실패: Application (unknown member) : Failed.
2020-11-10 21:22:32.9105 ERROR - ================ End ================
2020-11-10 21:22:51.5032 ERROR - ======= Method: PowerPointSaveAs =======
2020-11-10 21:22:51.5142 ERROR -    위치: Microsoft.Office.Interop.PowerPoint.ApplicationClass.set_ShowStartupDialog(MsoTriState ShowStartupDialog)
   위치: DocConvert_Core.OfficeLib.PowerPointConvert_Core.PowerPointSaveAs(String FilePath, String outPath, String docPassword, Boolean pageCounting, Boolean appvisible) 파일 C:\Users\JMKIM\source\repos\isugar150\DocConvert\DocConvert_Core\OfficeLib\PowerPointConvert_Core.cs:줄 51

2020-11-10 21:22:51.5142 ERROR - 변환 실패: Application (unknown member) : Failed.
2020-11-10 21:22:51.5222 ERROR - ================ End ================
2020-11-10 21:23:12.2447 ERROR - .ppt
2020-11-10 21:23:48.6780 ERROR - .ppt
2020-11-10 21:24:31.8229 ERROR - .ppt
2020-11-10 21:25:02.0698 ERROR - .ppt
2020-11-10 21:25:13.3913 ERROR - .ppt
2020-11-10 21:27:03.2511 ERROR - .ppt
2020-11-10 23:16:23.8653 ERROR - C:\Data\workspace\C783754FFCA6ACC2F2430C5E8C651962\dec_0_1_11FADBEABE00B81E10B1E6B669C0DB17.ppt
2020-11-10 23:16:24.5019 ERROR - ======= Method: PowerPointSaveAs =======
2020-11-10 23:16:24.5079 ERROR -    위치: Microsoft.Office.Interop.PowerPoint.Presentations.Open2007(String FileName, MsoTriState ReadOnly, MsoTriState Untitled, MsoTriState WithWindow, MsoTriState OpenAndRepair)
   위치: DocConvert_Core.OfficeLib.PowerPointConvert_Core.PowerPointSaveAs(String FilePath, String outPath, String docPassword, Boolean pageCounting, Boolean appvisible)

2020-11-10 23:16:24.5079 ERROR - 변환 실패: 지정된 파일을 찾을 수 없습니다. (예외가 발생한 HRESULT: 0x80070002)
2020-11-10 23:16:24.5079 ERROR - ================ End ================
2020-11-10 23:26:37.4466 ERROR - C:\Data\workspace\C783754FFCA6ACC2F2430C5E8C651962\dec_0_1_11FADBEABE00B81E10B1E6B669C0DB17.ppt
2020-11-10 23:26:38.0749 ERROR - ======= Method: PowerPointSaveAs =======
2020-11-10 23:26:38.0749 ERROR -    위치: Microsoft.Office.Interop.PowerPoint.Presentations.Open2007(String FileName, MsoTriState ReadOnly, MsoTriState Untitled, MsoTriState WithWindow, MsoTriState OpenAndRepair)
   위치: DocConvert_Core.OfficeLib.PowerPointConvert_Core.PowerPointSaveAs(String FilePath, String outPath, String docPassword, Boolean pageCounting, Boolean appvisible)

2020-11-10 23:26:38.0859 ERROR - 변환 실패: 지정된 파일을 찾을 수 없습니다. (예외가 발생한 HRESULT: 0x80070002)
2020-11-10 23:26:38.0859 ERROR - ================ End ================
2020-11-10 23:31:46.2078 ERROR - C:\Data\workspace\C783754FFCA6ACC2F2430C5E8C651962\dec_0_1_11FADBEABE00B81E10B1E6B669C0DB17.ppt
2020-11-10 23:31:46.2549 ERROR - ======= Method: PowerPointSaveAs =======
2020-11-10 23:31:46.2549 ERROR -    위치: Microsoft.Office.Interop.PowerPoint.Presentations.Open2007(String FileName, MsoTriState ReadOnly, MsoTriState Untitled, MsoTriState WithWindow, MsoTriState OpenAndRepair)
   위치: DocConvert_Core.OfficeLib.PowerPointConvert_Core.PowerPointSaveAs(String FilePath, String outPath, String docPassword, Boolean pageCounting, Boolean appvisible)

2020-11-10 23:31:46.2549 ERROR - 변환 실패: 지정된 파일을 찾을 수 없습니다. (예외가 발생한 HRESULT: 0x80070002)
2020-11-10 23:31:46.2549 ERROR - ================ End ================
2020-11-10 23:38:30.3211 ERROR - C:\Data\workspace\C783754FFCA6ACC2F2430C5E8C651962\dec_0_1_11FADBEABE00B81E10B1E6B669C0DB17.ppt
2020-11-10 23:38:30.3709 ERROR - ======= Method: PowerPointSaveAs =======
2020-11-10 23:38:30.3709 ERROR -    위치: Microsoft.Office.Interop.PowerPoint.Presentations.Open2007(String FileName, MsoTriState ReadOnly, MsoTriState Untitled, MsoTriState WithWindow, MsoTriState OpenAndRepair)
   위치: DocConvert_Core.OfficeLib.PowerPointConvert_Core.PowerPointSaveAs(String FilePath, String outPath, String docPassword, Boolean pageCounting, Boolean appvisible)

2020-11-10 23:38:30.3819 ERROR - 변환 실패: 지정된 파일을 찾을 수 없습니다. (예외가 발생한 HRESULT: 0x80070002)
2020-11-10 23:38:30.3819 ERROR - ================ End ================
2020-11-10 23:39:20.1474 ERROR - C:\Data\workspace\C783754FFCA6ACC2F2430C5E8C651962\dec_0_1_11FADBEABE00B81E10B1E6B669C0DB17.ppt
2020-11-10 23:39:20.1893 ERROR - ======= Method: PowerPointSaveAs =======
2020-11-10 23:39:20.1963 ERROR -    위치: Microsoft.Office.Interop.PowerPoint.Presentations.Open2007(String FileName, MsoTriState ReadOnly, MsoTriState Untitled, MsoTriState WithWindow, MsoTriState OpenAndRepair)
   위치: DocConvert_Core.OfficeLib.PowerPointConvert_Core.PowerPointSaveAs(String FilePath, String outPath, String docPassword, Boolean pageCounting, Boolean appvisible)

2020-11-10 23:39:20.1963 ERROR - 변환 실패: 지정된 파일을 찾을 수 없습니다. (예외가 발생한 HRESULT: 0x80070002)
2020-11-10 23:39:20.1963 ERROR - ================ End ================
2020-11-10 23:39:45.0356 ERROR - C:\Data\workspace\C783754FFCA6ACC2F2430C5E8C651962\dec_0_1_11FADBEABE00B81E10B1E6B669C0DB17.ppt
2020-11-10 23:39:45.0795 ERROR - ======= Method: PowerPointSaveAs =======
2020-11-10 23:39:45.0835 ERROR -    위치: Microsoft.Office.Interop.PowerPoint.Presentations.Open2007(String FileName, MsoTriState ReadOnly, MsoTriState Untitled, MsoTriState WithWindow, MsoTriState OpenAndRepair)
   위치: DocConvert_Core.OfficeLib.PowerPointConvert_Core.PowerPointSaveAs(String FilePath, String outPath, String docPassword, Boolean pageCounting, Boolean appvisible)

2020-11-10 23:39:45.0835 ERROR - 변환 실패: 지정된 파일을 찾을 수 없습니다. (예외가 발생한 HRESULT: 0x80070002)
2020-11-10 23:39:45.0835 ERROR - ================ End ================
