2020-04-04 23:20:31.0664  INFO - ==================== Start ====================
2020-04-04 23:20:31.1258  INFO - Method: PowerPointSaveAs, FilePath: C:\Data\workspace\B76510175D2D6634050430B11CF164A6\PowerPoint 시작.pptx, outPath: C:\Data\workspace\B76510175D2D6634050430B11CF164A6\PowerPoint 시작.pdf, docPassword: 
2020-04-04 23:20:31.1662  INFO - 파일 언락 실패! 자세한내용 로그 참고
2020-04-04 23:20:42.0770  INFO - 변환 성공
2020-04-04 23:20:42.2067  INFO - ==================== End ====================
2020-04-04 23:20:42.4600  INFO - 이미지 변환 성공!
2020-04-04 23:20:42.4600  INFO - Source image: C:\Data\workspace\B76510175D2D6634050430B11CF164A6\PowerPoint 시작.pdf
2020-04-04 23:20:42.4620  INFO - outFiles: C:\Data\workspace\B76510175D2D6634050430B11CF164A6\PowerPoint 시작\1.jpg
2020-04-04 23:20:42.7342  INFO - 이미지 변환 성공!
2020-04-04 23:20:42.7342  INFO - Source image: C:\Data\workspace\B76510175D2D6634050430B11CF164A6\PowerPoint 시작.pdf
2020-04-04 23:20:42.7342  INFO - outFiles: C:\Data\workspace\B76510175D2D6634050430B11CF164A6\PowerPoint 시작\2.jpg
2020-04-04 23:20:42.9228  INFO - 이미지 변환 성공!
2020-04-04 23:20:42.9228  INFO - Source image: C:\Data\workspace\B76510175D2D6634050430B11CF164A6\PowerPoint 시작.pdf
2020-04-04 23:20:42.9228  INFO - outFiles: C:\Data\workspace\B76510175D2D6634050430B11CF164A6\PowerPoint 시작\3.jpg
2020-04-04 23:20:43.1262  INFO - 이미지 변환 성공!
2020-04-04 23:20:43.1262  INFO - Source image: C:\Data\workspace\B76510175D2D6634050430B11CF164A6\PowerPoint 시작.pdf
2020-04-04 23:20:43.1262  INFO - outFiles: C:\Data\workspace\B76510175D2D6634050430B11CF164A6\PowerPoint 시작\4.jpg
2020-04-04 23:20:43.2738  INFO - 이미지 변환 성공!
2020-04-04 23:20:43.2738  INFO - Source image: C:\Data\workspace\B76510175D2D6634050430B11CF164A6\PowerPoint 시작.pdf
2020-04-04 23:20:43.2748  INFO - outFiles: C:\Data\workspace\B76510175D2D6634050430B11CF164A6\PowerPoint 시작\5.jpg
2020-04-04 23:20:43.4444  INFO - 이미지 변환 성공!
2020-04-04 23:20:43.4444  INFO - Source image: C:\Data\workspace\B76510175D2D6634050430B11CF164A6\PowerPoint 시작.pdf
2020-04-04 23:20:43.4444  INFO - outFiles: C:\Data\workspace\B76510175D2D6634050430B11CF164A6\PowerPoint 시작\6.jpg
2020-04-04 23:20:43.6419  INFO - 이미지 변환 성공!
2020-04-04 23:20:43.6419  INFO - Source image: C:\Data\workspace\B76510175D2D6634050430B11CF164A6\PowerPoint 시작.pdf
2020-04-04 23:20:43.6419  INFO - outFiles: C:\Data\workspace\B76510175D2D6634050430B11CF164A6\PowerPoint 시작\7.jpg
2020-04-04 23:20:43.8354  INFO - 이미지 변환 성공!
2020-04-04 23:20:43.8354  INFO - Source image: C:\Data\workspace\B76510175D2D6634050430B11CF164A6\PowerPoint 시작.pdf
2020-04-04 23:20:43.8354  INFO - outFiles: C:\Data\workspace\B76510175D2D6634050430B11CF164A6\PowerPoint 시작\8.jpg
2020-04-04 23:20:44.4122  INFO - 이미지 변환 성공!
2020-04-04 23:20:44.4122  INFO - Source image: C:\Data\workspace\B76510175D2D6634050430B11CF164A6\PowerPoint 시작.pdf
2020-04-04 23:20:44.4122  INFO - outFiles: C:\Data\workspace\B76510175D2D6634050430B11CF164A6\PowerPoint 시작\9.jpg
2020-04-04 23:23:51.7594  INFO - ==================== Start ====================
2020-04-04 23:23:51.8621  INFO - Method: PowerPointSaveAs, FilePath: C:\Data\workspace\B76510175D2D6634050430B11CF164A6\PowerPoint 시작.pptx, outPath: C:\Data\workspace\B76510175D2D6634050430B11CF164A6\PowerPoint 시작.pdf, docPassword: 
2020-04-04 23:23:51.9420  INFO - 파일 언락 실패! 자세한내용 로그 참고
2020-04-04 23:23:56.3112  INFO - 변환 성공
2020-04-04 23:23:56.5554  INFO - ==================== End ====================
2020-04-04 23:23:56.7672  INFO - 이미지 변환 성공!
2020-04-04 23:23:56.7672  INFO - Source image: C:\Data\workspace\B76510175D2D6634050430B11CF164A6\PowerPoint 시작.pdf
2020-04-04 23:23:56.7672  INFO - outFiles: C:\Data\workspace\B76510175D2D6634050430B11CF164A6\PowerPoint 시작\1.jpg
2020-04-04 23:23:57.0113  INFO - 이미지 변환 성공!
2020-04-04 23:23:57.0113  INFO - Source image: C:\Data\workspace\B76510175D2D6634050430B11CF164A6\PowerPoint 시작.pdf
2020-04-04 23:23:57.0113  INFO - outFiles: C:\Data\workspace\B76510175D2D6634050430B11CF164A6\PowerPoint 시작\2.jpg
2020-04-04 23:23:57.1629  INFO - 이미지 변환 성공!
2020-04-04 23:23:57.1629  INFO - Source image: C:\Data\workspace\B76510175D2D6634050430B11CF164A6\PowerPoint 시작.pdf
2020-04-04 23:23:57.1629  INFO - outFiles: C:\Data\workspace\B76510175D2D6634050430B11CF164A6\PowerPoint 시작\3.jpg
2020-04-04 23:23:57.3421  INFO - 이미지 변환 성공!
2020-04-04 23:23:57.3421  INFO - Source image: C:\Data\workspace\B76510175D2D6634050430B11CF164A6\PowerPoint 시작.pdf
2020-04-04 23:23:57.3421  INFO - outFiles: C:\Data\workspace\B76510175D2D6634050430B11CF164A6\PowerPoint 시작\4.jpg
2020-04-04 23:23:57.4797  INFO - 이미지 변환 성공!
2020-04-04 23:23:57.4797  INFO - Source image: C:\Data\workspace\B76510175D2D6634050430B11CF164A6\PowerPoint 시작.pdf
2020-04-04 23:23:57.4797  INFO - outFiles: C:\Data\workspace\B76510175D2D6634050430B11CF164A6\PowerPoint 시작\5.jpg
2020-04-04 23:23:57.6662  INFO - 이미지 변환 성공!
2020-04-04 23:23:57.6662  INFO - Source image: C:\Data\workspace\B76510175D2D6634050430B11CF164A6\PowerPoint 시작.pdf
2020-04-04 23:23:57.6662  INFO - outFiles: C:\Data\workspace\B76510175D2D6634050430B11CF164A6\PowerPoint 시작\6.jpg
2020-04-04 23:23:57.8955  INFO - 이미지 변환 성공!
2020-04-04 23:23:57.8955  INFO - Source image: C:\Data\workspace\B76510175D2D6634050430B11CF164A6\PowerPoint 시작.pdf
2020-04-04 23:23:57.8955  INFO - outFiles: C:\Data\workspace\B76510175D2D6634050430B11CF164A6\PowerPoint 시작\7.jpg
2020-04-04 23:23:58.1030  INFO - 이미지 변환 성공!
2020-04-04 23:23:58.1030  INFO - Source image: C:\Data\workspace\B76510175D2D6634050430B11CF164A6\PowerPoint 시작.pdf
2020-04-04 23:23:58.1030  INFO - outFiles: C:\Data\workspace\B76510175D2D6634050430B11CF164A6\PowerPoint 시작\8.jpg
2020-04-04 23:23:58.4630  INFO - 이미지 변환 성공!
2020-04-04 23:23:58.4630  INFO - Source image: C:\Data\workspace\B76510175D2D6634050430B11CF164A6\PowerPoint 시작.pdf
2020-04-04 23:23:58.4630  INFO - outFiles: C:\Data\workspace\B76510175D2D6634050430B11CF164A6\PowerPoint 시작\9.jpg
2020-04-04 23:25:37.8960  INFO - ==================== Start ====================
2020-04-04 23:25:37.9469  INFO - Method: PowerPointSaveAs, FilePath: C:\Data\workspace\B76510175D2D6634050430B11CF164A6\PowerPoint 시작.pptx, outPath: C:\Data\workspace\B76510175D2D6634050430B11CF164A6\PowerPoint 시작.pdf, docPassword: 
2020-04-04 23:25:37.9770  INFO - 파일 언락 실패! 자세한내용 로그 참고
2020-04-04 23:25:42.1612  INFO - 변환 성공
2020-04-04 23:25:42.3806  INFO - ==================== End ====================
2020-04-04 23:25:42.6614  INFO - 이미지 변환 성공!
2020-04-04 23:25:42.6614  INFO - Source image: C:\Data\workspace\B76510175D2D6634050430B11CF164A6\PowerPoint 시작.pdf
2020-04-04 23:25:42.6614  INFO - outFiles: C:\Data\workspace\B76510175D2D6634050430B11CF164A6\PowerPoint 시작\1.jpg
2020-04-04 23:25:43.0978  INFO - 이미지 변환 성공!
2020-04-04 23:25:43.0978  INFO - Source image: C:\Data\workspace\B76510175D2D6634050430B11CF164A6\PowerPoint 시작.pdf
2020-04-04 23:25:43.0978  INFO - outFiles: C:\Data\workspace\B76510175D2D6634050430B11CF164A6\PowerPoint 시작\2.jpg
2020-04-04 23:25:43.4249  INFO - 이미지 변환 성공!
2020-04-04 23:25:43.4249  INFO - Source image: C:\Data\workspace\B76510175D2D6634050430B11CF164A6\PowerPoint 시작.pdf
2020-04-04 23:25:43.4249  INFO - outFiles: C:\Data\workspace\B76510175D2D6634050430B11CF164A6\PowerPoint 시작\3.jpg
2020-04-04 23:25:43.7432  INFO - 이미지 변환 성공!
2020-04-04 23:25:43.7440  INFO - Source image: C:\Data\workspace\B76510175D2D6634050430B11CF164A6\PowerPoint 시작.pdf
2020-04-04 23:25:43.7440  INFO - outFiles: C:\Data\workspace\B76510175D2D6634050430B11CF164A6\PowerPoint 시작\4.jpg
2020-04-04 23:25:44.0024  INFO - 이미지 변환 성공!
2020-04-04 23:25:44.0024  INFO - Source image: C:\Data\workspace\B76510175D2D6634050430B11CF164A6\PowerPoint 시작.pdf
2020-04-04 23:25:44.0024  INFO - outFiles: C:\Data\workspace\B76510175D2D6634050430B11CF164A6\PowerPoint 시작\5.jpg
2020-04-04 23:25:44.3514  INFO - 이미지 변환 성공!
2020-04-04 23:25:44.3514  INFO - Source image: C:\Data\workspace\B76510175D2D6634050430B11CF164A6\PowerPoint 시작.pdf
2020-04-04 23:25:44.3534  INFO - outFiles: C:\Data\workspace\B76510175D2D6634050430B11CF164A6\PowerPoint 시작\6.jpg
2020-04-04 23:25:44.7244  INFO - 이미지 변환 성공!
2020-04-04 23:25:44.7244  INFO - Source image: C:\Data\workspace\B76510175D2D6634050430B11CF164A6\PowerPoint 시작.pdf
2020-04-04 23:25:44.7244  INFO - outFiles: C:\Data\workspace\B76510175D2D6634050430B11CF164A6\PowerPoint 시작\7.jpg
2020-04-04 23:25:45.1233  INFO - 이미지 변환 성공!
2020-04-04 23:25:45.1233  INFO - Source image: C:\Data\workspace\B76510175D2D6634050430B11CF164A6\PowerPoint 시작.pdf
2020-04-04 23:25:45.1233  INFO - outFiles: C:\Data\workspace\B76510175D2D6634050430B11CF164A6\PowerPoint 시작\8.jpg
2020-04-04 23:25:45.5811  INFO - 이미지 변환 성공!
2020-04-04 23:25:45.5811  INFO - Source image: C:\Data\workspace\B76510175D2D6634050430B11CF164A6\PowerPoint 시작.pdf
2020-04-04 23:25:45.5811  INFO - outFiles: C:\Data\workspace\B76510175D2D6634050430B11CF164A6\PowerPoint 시작\9.jpg
2020-04-04 23:25:50.6889  INFO - ==================== Start ====================
2020-04-04 23:25:50.6889  INFO - Method: PowerPointSaveAs, FilePath: C:\Data\workspace\B76510175D2D6634050430B11CF164A6\PowerPoint 시작.pptx, outPath: C:\Data\workspace\B76510175D2D6634050430B11CF164A6\PowerPoint 시작.pdf, docPassword: 
2020-04-04 23:25:50.7265  INFO - 파일 언락 실패! 자세한내용 로그 참고
2020-04-04 23:25:55.1967  INFO - 변환 성공
2020-04-04 23:25:55.4161  INFO - ==================== End ====================
2020-04-04 23:25:55.7732  INFO - 이미지 변환 성공!
2020-04-04 23:25:55.7732  INFO - Source image: C:\Data\workspace\B76510175D2D6634050430B11CF164A6\PowerPoint 시작.pdf
2020-04-04 23:25:55.7781  INFO - outFiles: C:\Data\workspace\B76510175D2D6634050430B11CF164A6\PowerPoint 시작\1.jpg
2020-04-04 23:25:56.2619  INFO - 이미지 변환 성공!
2020-04-04 23:25:56.2619  INFO - Source image: C:\Data\workspace\B76510175D2D6634050430B11CF164A6\PowerPoint 시작.pdf
2020-04-04 23:25:56.2619  INFO - outFiles: C:\Data\workspace\B76510175D2D6634050430B11CF164A6\PowerPoint 시작\2.jpg
2020-04-04 23:25:56.5591  INFO - 이미지 변환 성공!
2020-04-04 23:25:56.5591  INFO - Source image: C:\Data\workspace\B76510175D2D6634050430B11CF164A6\PowerPoint 시작.pdf
2020-04-04 23:25:56.5591  INFO - outFiles: C:\Data\workspace\B76510175D2D6634050430B11CF164A6\PowerPoint 시작\3.jpg
2020-04-04 23:25:56.9141  INFO - 이미지 변환 성공!
2020-04-04 23:25:56.9152  INFO - Source image: C:\Data\workspace\B76510175D2D6634050430B11CF164A6\PowerPoint 시작.pdf
2020-04-04 23:25:56.9152  INFO - outFiles: C:\Data\workspace\B76510175D2D6634050430B11CF164A6\PowerPoint 시작\4.jpg
2020-04-04 23:25:57.1764  INFO - 이미지 변환 성공!
2020-04-04 23:25:57.1764  INFO - Source image: C:\Data\workspace\B76510175D2D6634050430B11CF164A6\PowerPoint 시작.pdf
2020-04-04 23:25:57.1764  INFO - outFiles: C:\Data\workspace\B76510175D2D6634050430B11CF164A6\PowerPoint 시작\5.jpg
2020-04-04 23:25:57.4766  INFO - 이미지 변환 성공!
2020-04-04 23:25:57.4766  INFO - Source image: C:\Data\workspace\B76510175D2D6634050430B11CF164A6\PowerPoint 시작.pdf
2020-04-04 23:25:57.4776  INFO - outFiles: C:\Data\workspace\B76510175D2D6634050430B11CF164A6\PowerPoint 시작\6.jpg
2020-04-04 23:25:57.8856  INFO - 이미지 변환 성공!
2020-04-04 23:25:57.8856  INFO - Source image: C:\Data\workspace\B76510175D2D6634050430B11CF164A6\PowerPoint 시작.pdf
2020-04-04 23:25:57.8856  INFO - outFiles: C:\Data\workspace\B76510175D2D6634050430B11CF164A6\PowerPoint 시작\7.jpg
2020-04-04 23:25:58.3334  INFO - 이미지 변환 성공!
2020-04-04 23:25:58.3334  INFO - Source image: C:\Data\workspace\B76510175D2D6634050430B11CF164A6\PowerPoint 시작.pdf
2020-04-04 23:25:58.3334  INFO - outFiles: C:\Data\workspace\B76510175D2D6634050430B11CF164A6\PowerPoint 시작\8.jpg
2020-04-04 23:25:58.5717  INFO - 이미지 변환 성공!
2020-04-04 23:25:58.5717  INFO - Source image: C:\Data\workspace\B76510175D2D6634050430B11CF164A6\PowerPoint 시작.pdf
2020-04-04 23:25:58.5717  INFO - outFiles: C:\Data\workspace\B76510175D2D6634050430B11CF164A6\PowerPoint 시작\9.jpg
2020-04-04 23:44:36.9988  INFO - ==================== Start ====================
2020-04-04 23:44:37.0316  INFO - Method: WordSaveAs, FilePath: C:\Users\o0_0o\Desktop\Document\Word 시작.docx, outPath: C:\Users\o0_0o\Desktop\Document\Word 시작.pdf, docPassword: 
2020-04-04 23:44:37.0316  INFO - 파일 언락 성공!
2020-04-04 23:44:45.3484  INFO - 변환 성공
2020-04-04 23:44:45.6104  INFO - ==================== End ====================
2020-04-04 23:44:46.3616  INFO - 이미지 변환 성공!
2020-04-04 23:44:46.3616  INFO - Source image: C:\Users\o0_0o\Desktop\Document\Word 시작.pdf
2020-04-04 23:44:46.3616  INFO - outFiles: C:\Users\o0_0o\Desktop\Document\Word 시작\1.png
2020-04-04 23:44:46.5661  INFO - 이미지 변환 성공!
2020-04-04 23:44:46.5661  INFO - Source image: C:\Users\o0_0o\Desktop\Document\Word 시작.pdf
2020-04-04 23:44:46.5661  INFO - outFiles: C:\Users\o0_0o\Desktop\Document\Word 시작\2.png
2020-04-04 23:44:46.8154  INFO - 이미지 변환 성공!
2020-04-04 23:44:46.8154  INFO - Source image: C:\Users\o0_0o\Desktop\Document\Word 시작.pdf
2020-04-04 23:44:46.8154  INFO - outFiles: C:\Users\o0_0o\Desktop\Document\Word 시작\3.png
2020-04-04 23:44:46.9760  INFO - 이미지 변환 성공!
2020-04-04 23:44:46.9760  INFO - Source image: C:\Users\o0_0o\Desktop\Document\Word 시작.pdf
2020-04-04 23:44:46.9760  INFO - outFiles: C:\Users\o0_0o\Desktop\Document\Word 시작\4.png
2020-04-04 23:44:47.1067  INFO - 이미지 변환 성공!
2020-04-04 23:44:47.1067  INFO - Source image: C:\Users\o0_0o\Desktop\Document\Word 시작.pdf
2020-04-04 23:44:47.1067  INFO - outFiles: C:\Users\o0_0o\Desktop\Document\Word 시작\5.png
2020-04-04 23:44:47.2143  INFO - 이미지 변환 성공!
2020-04-04 23:44:47.2143  INFO - Source image: C:\Users\o0_0o\Desktop\Document\Word 시작.pdf
2020-04-04 23:44:47.2143  INFO - outFiles: C:\Users\o0_0o\Desktop\Document\Word 시작\6.png
2020-04-04 23:44:47.3340  INFO - 이미지 변환 성공!
2020-04-04 23:44:47.3340  INFO - Source image: C:\Users\o0_0o\Desktop\Document\Word 시작.pdf
2020-04-04 23:44:47.3340  INFO - outFiles: C:\Users\o0_0o\Desktop\Document\Word 시작\7.png
2020-04-04 23:44:47.4288  INFO - 이미지 변환 성공!
2020-04-04 23:44:47.4288  INFO - Source image: C:\Users\o0_0o\Desktop\Document\Word 시작.pdf
2020-04-04 23:44:47.4288  INFO - outFiles: C:\Users\o0_0o\Desktop\Document\Word 시작\8.png
