2020-05-09 11:12:50.5551  INFO - ==================== Start ====================
2020-05-09 11:12:50.5864  INFO - Method: WordSaveAs, FilePath: C:\Users\o0_0o\Desktop\file-sample_100kB.doc, outPath: C:\Users\o0_0o\Desktop\file-sample_100kB.pdf, docPassword: 
2020-05-09 11:12:53.8086  INFO - ==================== End ====================
2020-05-09 11:13:07.5481  INFO - ==================== Start ====================
2020-05-09 11:13:07.5691  INFO - Method: WordSaveAs, FilePath: C:\Users\o0_0o\Desktop\file-sample_100kB.doc, outPath: C:\Users\o0_0o\Desktop\file-sample_100kB.pdf, docPassword: 
2020-05-09 11:13:27.9051  INFO - ==================== End ====================
2020-05-09 11:16:18.0940  INFO - ==================== Start ====================
2020-05-09 11:16:18.1096  INFO - Method: WordSaveAs, FilePath: C:\Users\o0_0o\Desktop\file-sample_100kB.doc, outPath: C:\Users\o0_0o\Desktop\file-sample_100kB.pdf, docPassword: 
2020-05-09 11:18:28.2732  INFO - ==================== Start ====================
2020-05-09 11:18:28.2889  INFO - Method: WordSaveAs, FilePath: C:\Users\o0_0o\Desktop\file-sample_100kB.doc, outPath: C:\Users\o0_0o\Desktop\file-sample_100kB.pdf, docPassword: 
2020-05-09 11:18:34.0113  INFO - ==================== End ====================
2020-05-09 11:19:14.2388  INFO - ==================== Start ====================
2020-05-09 11:19:14.2544  INFO - Method: WordSaveAs, FilePath: C:\Users\o0_0o\Desktop\file-sample_100kB.doc, outPath: C:\Users\o0_0o\Desktop\file-sample_100kB.pdf, docPassword: 
2020-05-09 11:19:16.7439  INFO - ==================== End ====================
2020-05-09 11:20:22.5342  INFO - ==================== Start ====================
2020-05-09 11:20:22.5499  INFO - Method: WordSaveAs, FilePath: C:\Users\o0_0o\Desktop\file-sample_100kB.doc, outPath: C:\Users\o0_0o\Desktop\file-sample_100kB.pdf, docPassword: 
2020-05-09 11:20:25.0451  INFO - ==================== End ====================
2020-05-09 11:21:12.1847  INFO - ==================== Start ====================
2020-05-09 11:21:12.2004  INFO - Method: WordSaveAs, FilePath: C:\Users\o0_0o\Desktop\file-sample_100kB.doc, outPath: C:\Users\o0_0o\Desktop\file-sample_100kB.pdf, docPassword: 
2020-05-09 11:21:14.7695  INFO - ==================== End ====================
2020-05-09 11:24:17.9682  INFO - ==================== Start ====================
2020-05-09 11:24:17.9881  INFO - Method: WordSaveAs, FilePath: C:\Users\o0_0o\Desktop\file-sample_100kB.doc, outPath: C:\Users\o0_0o\Desktop\file-sample_100kB.pdf, docPassword: 
2020-05-09 11:24:20.5511  INFO - ==================== End ====================
2020-05-09 11:29:00.0085  INFO - ==================== Start ====================
2020-05-09 11:29:00.0241  INFO - Method: WordSaveAs, FilePath: C:\Users\o0_0o\Desktop\file-sample_100kB.doc, outPath: C:\Users\o0_0o\Desktop\file-sample_100kB.pdf, docPassword: 
2020-05-09 11:29:02.1609  INFO - 변환 성공
2020-05-09 11:29:02.1765  INFO - ==================== End ====================
2020-05-09 11:29:18.8583  INFO - ==================== Start ====================
2020-05-09 11:29:18.8583  INFO - Method: WordSaveAs, FilePath: C:\Users\o0_0o\Desktop\file-sample_100kB.doc, outPath: C:\Users\o0_0o\Desktop\file-sample_100kB.pdf, docPassword: 
2020-05-09 11:29:20.9722  INFO - 변환 성공
2020-05-09 11:29:20.9878  INFO - ==================== End ====================
2020-05-09 11:29:58.9641  INFO - ==================== Start ====================
2020-05-09 11:29:58.9796  INFO - Method: WordSaveAs, FilePath: C:\Users\o0_0o\Desktop\file-sample_100kB.doc, outPath: C:\Users\o0_0o\Desktop\file-sample_100kB.pdf, docPassword: 
2020-05-09 11:30:01.1091  INFO - 변환 성공
2020-05-09 11:30:01.1402  INFO - ==================== End ====================
2020-05-09 11:30:23.2719  INFO - ==================== Start ====================
2020-05-09 11:30:23.2876  INFO - Method: WordSaveAs, FilePath: C:\Users\o0_0o\Desktop\file-sample_100kB.doc, outPath: C:\Users\o0_0o\Desktop\file-sample_100kB.pdf, docPassword: 
2020-05-09 11:30:25.6878  INFO - 변환 성공
2020-05-09 11:30:25.7108  INFO - ==================== End ====================
2020-05-09 11:30:34.2579  INFO - ==================== Start ====================
2020-05-09 11:30:34.2589  INFO - Method: WordSaveAs, FilePath: C:\Users\o0_0o\Desktop\file-sample_100kB.doc, outPath: C:\Users\o0_0o\Desktop\file-sample_100kB.pdf, docPassword: 
2020-05-09 11:31:30.0949  INFO - ==================== Start ====================
2020-05-09 11:31:30.1105  INFO - Method: WordSaveAs, FilePath: C:\Users\o0_0o\Desktop\file-sample_100kB.doc, outPath: C:\Users\o0_0o\Desktop\file-sample_100kB.pdf, docPassword: 
2020-05-09 11:31:32.5908  INFO - ==================== End ====================
2020-05-09 11:38:55.0220  INFO - ==================== Start ====================
2020-05-09 11:38:55.0429  INFO - Method: WordSaveAs, FilePath: C:\Users\o0_0o\Desktop\file-sample_100kB.doc, outPath: C:\Users\o0_0o\Desktop\file-sample_100kB.pdf, docPassword: 
2020-05-09 11:38:57.6943  INFO - ==================== End ====================
2020-05-09 11:40:47.3756  INFO - ==================== Start ====================
2020-05-09 11:40:47.3913  INFO - Method: WordSaveAs, FilePath: C:\Users\o0_0o\Desktop\file-sample_100kB.doc, outPath: C:\Users\o0_0o\Desktop\file-sample_100kB.pdf, docPassword: 
2020-05-09 11:40:49.9242  INFO - ==================== End ====================
2020-05-09 11:41:08.5851  INFO - ==================== Start ====================
2020-05-09 11:41:08.6007  INFO - Method: WordSaveAs, FilePath: C:\Users\o0_0o\Desktop\file-sample_100kB.doc, outPath: C:\Users\o0_0o\Desktop\file-sample_100kB.pdf, docPassword: 
2020-05-09 11:41:11.0906  INFO - ==================== End ====================
2020-05-09 11:42:22.9125  INFO - ==================== Start ====================
2020-05-09 11:42:22.9320  INFO - Method: WordSaveAs, FilePath: C:\Users\o0_0o\Desktop\Word 시작.docx, outPath: C:\Users\o0_0o\Desktop\Word 시작.pdf, docPassword: 
2020-05-09 11:42:26.6917  INFO - 변환 성공
2020-05-09 11:42:26.7137  INFO - ==================== End ====================
2020-05-09 11:42:38.8397  INFO - ==================== Start ====================
2020-05-09 11:42:38.8397  INFO - Method: WordSaveAs, FilePath: C:\Users\o0_0o\Desktop\Word 시작.docx, outPath: C:\Users\o0_0o\Desktop\Word 시작.pdf, docPassword: 
2020-05-09 11:42:42.7005  INFO - 변환 성공
2020-05-09 11:42:42.7674  INFO - ==================== End ====================
2020-05-09 11:43:22.5469  INFO - ==================== Start ====================
2020-05-09 11:43:22.5655  INFO - Method: WordSaveAs, FilePath: C:\Users\o0_0o\Desktop\Word 시작.docx, outPath: C:\Users\o0_0o\Desktop\Word 시작.pdf, docPassword: 
2020-05-09 11:43:26.8020  INFO - 변환 성공
2020-05-09 11:43:26.8644  INFO - ==================== End ====================
2020-05-09 11:43:48.4773  INFO - ==================== Start ====================
2020-05-09 11:43:48.4773  INFO - Method: WordSaveAs, FilePath: C:\Users\o0_0o\Desktop\file-sample_100kB.doc, outPath: C:\Users\o0_0o\Desktop\file-sample_100kB.pdf, docPassword: 
2020-05-09 11:43:50.9406  INFO - ==================== End ====================
2020-05-09 11:45:42.1432  INFO - ==================== Start ====================
2020-05-09 11:45:42.1588  INFO - Method: WordSaveAs, FilePath: C:\Users\o0_0o\Desktop\Word 시작.docx, outPath: C:\Users\o0_0o\Desktop\Word 시작.pdf, docPassword: 
2020-05-09 11:45:45.6922  INFO - 변환 성공
2020-05-09 11:45:45.7235  INFO - ==================== End ====================
2020-05-09 11:45:49.7896  INFO - ==================== Start ====================
2020-05-09 11:45:49.7896  INFO - Method: WordSaveAs, FilePath: C:\Users\o0_0o\Desktop\file-sample_100kB.doc, outPath: C:\Users\o0_0o\Desktop\file-sample_100kB.pdf, docPassword: 
2020-05-09 11:45:52.3000  INFO - ==================== End ====================
2020-05-09 11:48:13.5159  INFO - ==================== Start ====================
2020-05-09 11:48:13.5363  INFO - Method: WordSaveAs, FilePath: C:\Users\o0_0o\Desktop\file-sample_100kB.doc, outPath: C:\Users\o0_0o\Desktop\file-sample_100kB.pdf, docPassword: 
2020-05-09 11:48:16.1127  INFO - ==================== End ====================
2020-05-09 11:48:33.7950  INFO - ==================== Start ====================
2020-05-09 11:48:33.8130  INFO - Method: WordSaveAs, FilePath: C:\Users\o0_0o\Desktop\file-sample_100kB.doc, outPath: C:\Users\o0_0o\Desktop\file-sample_100kB.pdf, docPassword: 
2020-05-09 11:48:36.4020  INFO - ==================== End ====================
2020-05-09 11:48:57.7016  INFO - ==================== Start ====================
2020-05-09 11:48:57.7201  INFO - Method: WordSaveAs, FilePath: C:\Users\o0_0o\Desktop\file-sample_100kB.doc, outPath: C:\Users\o0_0o\Desktop\file-sample_100kB.pdf, docPassword: 
2020-05-09 11:49:00.2896  INFO - ==================== End ====================
2020-05-09 11:49:20.7625  INFO - ==================== Start ====================
2020-05-09 11:49:20.7842  INFO - Method: WordSaveAs, FilePath: C:\Users\o0_0o\Desktop\file-sample_100kB.doc, outPath: C:\Users\o0_0o\Desktop\file-sample_100kB.pdf, docPassword: 
2020-05-09 11:49:22.6715  INFO - ==================== End ====================
2020-05-09 11:50:08.9929  INFO - ==================== Start ====================
2020-05-09 11:50:09.0133  INFO - Method: WordSaveAs, FilePath: C:\Users\o0_0o\Desktop\tdvLog.txt, outPath: C:\Users\o0_0o\Desktop\tdvLog.pdf, docPassword: 
2020-05-09 11:50:11.7648  INFO - 변환 성공
2020-05-09 11:50:11.7861  INFO - ==================== End ====================
2020-05-09 11:50:35.3397  INFO - ==================== Start ====================
2020-05-09 11:50:35.3397  INFO - Method: WordSaveAs, FilePath: C:\Users\o0_0o\Desktop\www_naver_default.html, outPath: C:\Users\o0_0o\Desktop\www_naver_default.pdf, docPassword: 
2020-05-09 11:50:47.2105  INFO - 변환 성공
2020-05-09 11:50:47.2533  INFO - ==================== End ====================
2020-05-09 11:51:39.6952  INFO - ==================== Start ====================
2020-05-09 11:51:39.7205  INFO - Method: WordSaveAs, FilePath: C:\Users\o0_0o\Desktop\file-sample_100kB.doc, outPath: C:\Users\o0_0o\Desktop\file-sample_100kB.pdf, docPassword: 
2020-05-09 11:51:42.4285  INFO - ==================== End ====================
2020-05-09 11:53:17.4083  INFO - ==================== Start ====================
2020-05-09 11:53:17.4402  INFO - Method: WordSaveAs, FilePath: C:\Users\o0_0o\Desktop\file-sample_100kB.doc, outPath: C:\Users\o0_0o\Desktop\file-sample_100kB.pdf, docPassword: 
2020-05-09 11:53:21.0843  INFO - ==================== End ====================
2020-05-09 11:55:24.6809  INFO - ==================== Start ====================
2020-05-09 11:55:24.7058  INFO - Method: WordSaveAs, FilePath: C:\Users\o0_0o\Desktop\file-sample_100kB.doc, outPath: C:\Users\o0_0o\Desktop\file-sample_100kB.pdf, docPassword: 
2020-05-09 11:55:27.5517  INFO - ==================== End ====================
2020-05-09 19:52:09.3642  INFO - ==================== Start ====================
2020-05-09 19:52:09.3953  INFO - Method: PowerPointSaveAs, FilePath: C:\Users\o0_0o\Desktop\1.pptx, outPath: C:\Users\o0_0o\Desktop\1.pdf, docPassword: 
2020-05-09 19:52:29.7395  INFO - ==================== Start ====================
2020-05-09 19:52:29.7695  INFO - Method: PowerPointSaveAs, FilePath: C:\Users\o0_0o\Desktop\1.pptx, outPath: C:\Users\o0_0o\Desktop\1.pdf, docPassword: 
2020-05-09 19:52:40.8043  INFO - 변환 성공
2020-05-09 19:52:40.8221  INFO - ==================== End ====================
2020-05-09 19:53:10.3803  INFO - ==================== Start ====================
2020-05-09 19:53:10.4102  INFO - Method: PowerPointSaveAs, FilePath: C:\Users\o0_0o\Desktop\1.pptx, outPath: C:\Users\o0_0o\Desktop\1.pdf, docPassword: 
2020-05-09 19:53:11.3024  INFO - ==================== End ====================
2020-05-09 19:57:30.4874  INFO - ==================== Start ====================
2020-05-09 19:57:30.5147  INFO - Method: PowerPointSaveAs, FilePath: C:\Users\o0_0o\Desktop\1.pptx, outPath: C:\Users\o0_0o\Desktop\1.pdf, docPassword: 
2020-05-09 19:57:31.6957  INFO - ==================== End ====================
2020-05-09 20:15:42.9754  INFO - ==================== Start ====================
2020-05-09 20:15:43.0208  INFO - Method: PowerPointSaveAs, FilePath: C:\Users\o0_0o\Desktop\1.pptx, outPath: C:\Users\o0_0o\Desktop\1.pdf, docPassword: 
2020-05-09 20:15:44.1371  INFO - ==================== End ====================
2020-05-09 20:16:03.1267  INFO - ==================== Start ====================
2020-05-09 20:16:03.1728  INFO - Method: PowerPointSaveAs, FilePath: C:\Users\o0_0o\Desktop\1.pptx, outPath: C:\Users\o0_0o\Desktop\1.pdf, docPassword: 
2020-05-09 20:16:04.2941  INFO - ==================== End ====================
2020-05-09 20:16:30.4239  INFO - ==================== Start ====================
2020-05-09 20:16:30.4595  INFO - Method: PowerPointSaveAs, FilePath: C:\Users\o0_0o\Desktop\1.pptx, outPath: C:\Users\o0_0o\Desktop\1.pdf, docPassword: 
2020-05-09 20:16:32.3843  INFO - 변환 성공
2020-05-09 20:16:32.4057  INFO - ==================== End ====================
2020-05-09 20:18:09.1588  INFO - ==================== Start ====================
2020-05-09 20:18:09.2036  INFO - Method: PowerPointSaveAs, FilePath: C:\Users\o0_0o\Desktop\첨부변환 오류파일200508.pptx, outPath: C:\Users\o0_0o\Desktop\첨부변환 오류파일200508.pdf, docPassword: 
2020-05-09 20:18:11.1280  INFO - 변환 성공
2020-05-09 20:18:11.1439  INFO - ==================== End ====================
2020-05-09 20:18:28.5801  INFO - ==================== Start ====================
2020-05-09 20:18:28.6240  INFO - Method: PowerPointSaveAs, FilePath: C:\Users\o0_0o\Desktop\1.pptx, outPath: C:\Users\o0_0o\Desktop\1.pdf, docPassword: 
2020-05-09 20:18:30.3602  INFO - 변환 성공
2020-05-09 20:18:30.3782  INFO - ==================== End ====================
