2020-05-09 11:55:27.5057 ERROR - ======= Method: WordSaveAs =======
2020-05-09 11:55:27.5087 ERROR -    위치: Microsoft.Office.Interop.Word.DocumentClass.ExportAsFixedFormat(String OutputFileName, WdExportFormat ExportFormat, Boolean OpenAfterExport, WdExportOptimizeFor OptimizeFor, WdExportRange Range, Int32 From, Int32 To, WdExportItem Item, Boolean IncludeDocProps, Boolean KeepIRM, WdExportCreateBookmarks CreateBookmarks, Boolean DocStructureTags, Boolean BitmapMissingFonts, Boolean UseISO19005_1, Object& FixedFormatExtClassPtr)
   위치: DocConvert_Core.OfficeLib.WordConvert_Core.WordSaveAs(String FilePath, String outPath, String docPassword, Boolean pageCounting, Boolean appvisible) 파일 D:\sources\DocConvert\DocConvert_Core\OfficeLib\WordConvert_Core.cs:줄 183

2020-05-09 11:55:27.5087 ERROR - 변환 실패: 오류로 인해 내보내지 못했습니다.
2020-05-09 11:55:27.5087 ERROR - ================ End ================
2020-05-09 19:53:11.2354 ERROR - ======= Method: PowerPointSaveAs =======
2020-05-09 19:53:11.2354 ERROR -    위치: DocConvert_Core.OfficeLib.PowerPointConvert_Core.PowerPointSaveAs(String FilePath, String outPath, String docPassword, Boolean pageCounting, Boolean appvisible) 파일 D:\sources\DocConvert\DocConvert_Core\OfficeLib\PowerPointConvert_Core.cs:줄 156

2020-05-09 19:53:11.2354 ERROR - 변환 실패: 값이 예상 범위를 벗어났습니다.
2020-05-09 19:53:11.2354 ERROR - ================ End ================
2020-05-09 19:57:31.6217 ERROR - ======= Method: PowerPointSaveAs =======
2020-05-09 19:57:31.6254 ERROR -    위치: DocConvert_Core.OfficeLib.PowerPointConvert_Core.PowerPointSaveAs(String FilePath, String outPath, String docPassword, Boolean pageCounting, Boolean appvisible) 파일 D:\sources\DocConvert\DocConvert_Core\OfficeLib\PowerPointConvert_Core.cs:줄 156

2020-05-09 19:57:31.6254 ERROR - 변환 실패: 값이 예상 범위를 벗어났습니다.
2020-05-09 19:57:31.6254 ERROR - ================ End ================
2020-05-09 20:15:44.0751 ERROR - ======= Method: PowerPointSaveAs =======
2020-05-09 20:15:44.0782 ERROR -    위치: DocConvert_Core.OfficeLib.PowerPointConvert_Core.PowerPointSaveAs(String FilePath, String outPath, String docPassword, Boolean pageCounting, Boolean appvisible) 파일 D:\sources\DocConvert\DocConvert_Core\OfficeLib\PowerPointConvert_Core.cs:줄 157

2020-05-09 20:15:44.0782 ERROR - 변환 실패: 값이 예상 범위를 벗어났습니다.
2020-05-09 20:15:44.0782 ERROR - ================ End ================
2020-05-09 20:16:04.2169 ERROR - ======= Method: PowerPointSaveAs =======
2020-05-09 20:16:04.2169 ERROR -    위치: DocConvert_Core.OfficeLib.PowerPointConvert_Core.PowerPointSaveAs(String FilePath, String outPath, String docPassword, Boolean pageCounting, Boolean appvisible) 파일 D:\sources\DocConvert\DocConvert_Core\OfficeLib\PowerPointConvert_Core.cs:줄 157

2020-05-09 20:16:04.2169 ERROR - 변환 실패: 값이 예상 범위를 벗어났습니다.
2020-05-09 20:16:04.2169 ERROR - ================ End ================
