2020-04-25 10:50:32.3752  INFO - [INFO] DocConvert Server를 옵션없이 실행하였습니다.
2020-04-25 10:53:24.7730  INFO - [INFO] 아규먼트:    [0]: noLicense   [1]: JmSoftWare
2020-04-25 10:53:49.4255  INFO - [INFO] 아규먼트:    [0]: noLicense   [1]: JmSoftWare
2020-04-25 11:01:14.1742  INFO - [INFO] 한글 DLL을 레지스트리에 등록하였습니다.
2020-04-25 11:01:14.1742  INFO - [Scheduler] 스케줄러가 실행중입니다. 작업공간 정리 스케줄러: 3일   로그 정리 스케줄러: 30일
2020-04-25 11:01:14.2679  INFO - [Socket] 핸들러 등록 완료
2020-04-25 11:01:14.2679  INFO - [Socket] 서버 생성 성공
2020-04-25 11:23:03.0384  INFO - [INFO] 한글 DLL을 레지스트리에 등록하였습니다.
2020-04-25 11:23:03.0384  INFO - [Scheduler] 스케줄러가 실행중입니다. 작업공간 정리 스케줄러: 3일   로그 정리 스케줄러: 30일
2020-04-25 11:23:03.1165  INFO - [Socket] 핸들러 등록 완료
2020-04-25 11:23:03.1165  INFO - [Socket] 서버 생성 성공
2020-04-25 11:25:16.6504  INFO - [INFO] 한글 DLL을 레지스트리에 등록하였습니다.
2020-04-25 11:25:16.6504  INFO - [Scheduler] 스케줄러가 실행중입니다. 작업공간 정리 스케줄러: 3일   로그 정리 스케줄러: 30일
2020-04-25 11:25:16.7129  INFO - [Socket] 핸들러 등록 완료
2020-04-25 11:25:16.7129  INFO - [Socket] 서버 생성 성공
2020-04-25 11:25:34.9256  INFO - [INFO] 한글 DLL을 레지스트리에 등록하였습니다.
2020-04-25 11:25:34.9256  INFO - [Scheduler] 스케줄러가 실행중입니다. 작업공간 정리 스케줄러: 3일   로그 정리 스케줄러: 30일
2020-04-25 11:25:35.0037  INFO - [Socket] 핸들러 등록 완료
2020-04-25 11:25:35.0037  INFO - [Socket] 서버 생성 성공
2020-04-25 11:26:05.1797  INFO - [INFO] 한글 DLL을 레지스트리에 등록하였습니다.
2020-04-25 11:26:05.1797  INFO - [Scheduler] 스케줄러가 실행중입니다. 작업공간 정리 스케줄러: 3일   로그 정리 스케줄러: 30일
2020-04-25 11:26:05.2578  INFO - [Socket] 핸들러 등록 완료
2020-04-25 11:26:05.2578  INFO - [Socket] 서버 생성 성공
2020-04-25 11:26:35.3440  INFO - [INFO] 한글 DLL을 레지스트리에 등록하였습니다.
2020-04-25 11:26:35.3440  INFO - [Scheduler] 스케줄러가 실행중입니다. 작업공간 정리 스케줄러: 3일   로그 정리 스케줄러: 30일
2020-04-25 11:26:35.4221  INFO - [Socket] 핸들러 등록 완료
2020-04-25 11:26:35.4221  INFO - [Socket] 서버 생성 성공
2020-04-25 11:26:42.7493  INFO - [Socket] Server Listening...
2020-04-25 11:26:42.7493  INFO - [Socket][INFO] IP: 127.0.0.1   포트: 12000   프로토콜: Tcp   서버이름: ConvertServer
2020-04-25 11:26:42.8118  INFO - [Web Socket] Server Listening...
2020-04-25 11:26:42.8118  INFO - [Web Socket][INFO] IP: 127.0.0.1   포트: 12005
2020-04-25 11:27:12.3473  INFO - [INFO] 나의 하드웨어 ID: BFEBFBFF000806EB
2020-04-25 11:27:12.3473  INFO - [INFO] 한글 DLL을 레지스트리에 등록하였습니다.
2020-04-25 11:27:12.3473  INFO - [Scheduler] 스케줄러가 실행중입니다. 작업공간 정리 스케줄러: 3일   로그 정리 스케줄러: 30일
2020-04-25 11:27:12.4254  INFO - [Socket] 핸들러 등록 완료
2020-04-25 11:27:12.4254  INFO - [Socket] 서버 생성 성공
2020-04-25 11:27:31.3293  INFO - [INFO] 나의 하드웨어 ID: BFEBFBFF000806EB
2020-04-25 11:27:31.3450  INFO - [INFO] 한글 DLL을 레지스트리에 등록하였습니다.
2020-04-25 11:27:31.3450  INFO - [Scheduler] 스케줄러가 실행중입니다. 작업공간 정리 스케줄러: 3일   로그 정리 스케줄러: 30일
2020-04-25 11:27:31.4075  INFO - [Socket] 핸들러 등록 완료
2020-04-25 11:27:31.4075  INFO - [Socket] 서버 생성 성공
2020-04-25 11:27:48.8774  INFO - [INFO] 나의 하드웨어 ID: BFEBFBFF000806EB
2020-04-25 11:27:48.8774  INFO - [INFO] 한글 DLL을 레지스트리에 등록하였습니다.
2020-04-25 11:27:48.8774  INFO - [Scheduler] 스케줄러가 실행중입니다. 작업공간 정리 스케줄러: 3일   로그 정리 스케줄러: 30일
2020-04-25 11:27:48.9513  INFO - [Socket] 핸들러 등록 완료
2020-04-25 11:27:48.9513  INFO - [Socket] 서버 생성 성공
2020-04-25 11:28:18.9489  INFO - [INFO] 나의 하드웨어 ID: BFEBFBFF000806EB
2020-04-25 11:28:18.9519  INFO - [INFO] 한글 DLL을 레지스트리에 등록하였습니다.
2020-04-25 11:28:18.9519  INFO - [Scheduler] 스케줄러가 실행중입니다. 작업공간 정리 스케줄러: 3일   로그 정리 스케줄러: 30일
2020-04-25 11:28:19.0148  INFO - [Socket] 핸들러 등록 완료
2020-04-25 11:28:19.0148  INFO - [Socket] 서버 생성 성공
2020-04-25 11:28:24.8785  INFO - [Socket] Server Listening...
2020-04-25 11:28:24.8785  INFO - [Socket][INFO] IP: 127.0.0.1   포트: 12000   프로토콜: Tcp   서버이름: ConvertServer
2020-04-25 11:28:24.9722  INFO - [Web Socket] Server Listening...
2020-04-25 11:28:24.9722  INFO - [Web Socket][INFO] IP: 127.0.0.1   포트: 12005
2020-04-25 11:28:40.5935  INFO - [INFO] 한글 DLL을 레지스트리에 등록하였습니다.
2020-04-25 11:28:40.5935  INFO - [Scheduler] 스케줄러가 실행중입니다. 작업공간 정리 스케줄러: 3일   로그 정리 스케줄러: 30일
2020-04-25 11:28:40.6873  INFO - [Socket] 핸들러 등록 완료
2020-04-25 11:28:40.6873  INFO - [Socket] 서버 생성 성공
2020-04-25 11:30:39.0255  INFO - [INFO] 한글 DLL을 레지스트리에 등록하였습니다.
2020-04-25 11:30:39.0255  INFO - [Scheduler] 스케줄러가 실행중입니다. 작업공간 정리 스케줄러: 3일   로그 정리 스케줄러: 30일
2020-04-25 11:30:39.1035  INFO - [Socket] 핸들러 등록 완료
2020-04-25 11:30:39.1035  INFO - [Socket] 서버 생성 성공
2020-04-25 11:30:39.1348  INFO - [Socket] Server Listening...
2020-04-25 11:30:39.1348  INFO - [Socket][INFO] IP: 127.0.0.1   포트: 12000   프로토콜: Tcp   서버이름: ConvertServer
2020-04-25 11:30:39.1973  INFO - [Web Socket] Server Listening...
2020-04-25 11:30:39.1973  INFO - [Web Socket][INFO] IP: 127.0.0.1   포트: 12005
2020-04-25 11:31:02.3513  INFO - [INFO] DocConvert Server를 옵션없이 실행하였습니다.
2020-04-25 11:31:13.1769  INFO - [INFO] DocConvert Server를 옵션없이 실행하였습니다.
2020-04-25 11:31:13.3643  INFO - [INFO] 나의 하드웨어 ID: BFEBFBFF000806EB
2020-04-25 11:31:13.3643  INFO - [INFO] 라이센스 만료날짜: 2020-12-31
2020-04-25 11:31:13.3643  INFO - [INFO] 한글 DLL을 레지스트리에 등록하였습니다.
2020-04-25 11:31:13.3643  INFO - [Scheduler] 스케줄러가 실행중입니다. 작업공간 정리 스케줄러: 3일   로그 정리 스케줄러: 30일
2020-04-25 11:31:13.4268  INFO - [Socket] 핸들러 등록 완료
2020-04-25 11:31:13.4268  INFO - [Socket] 서버 생성 성공
2020-04-25 11:31:13.4580  INFO - [Socket] Server Listening...
2020-04-25 11:31:13.4580  INFO - [Socket][INFO] IP: 127.0.0.1   포트: 12000   프로토콜: Tcp   서버이름: ConvertServer
2020-04-25 11:31:13.5518  INFO - [Web Socket] Server Listening...
2020-04-25 11:31:13.5518  INFO - [Web Socket][INFO] IP: 127.0.0.1   포트: 12005
2020-04-25 11:35:09.8129  INFO - [INFO] 나의 하드웨어 ID: BFEBFBFF000806EB
2020-04-25 11:35:09.8285  INFO - [INFO] 한글 DLL을 레지스트리에 등록하였습니다.
2020-04-25 11:35:09.8285  INFO - [Scheduler] 스케줄러가 실행중입니다. 작업공간 정리 스케줄러: 3일   로그 정리 스케줄러: 30일
2020-04-25 11:35:09.8598  INFO - [Socket] 핸들러 등록 완료
2020-04-25 11:35:09.8598  INFO - [Socket] 서버 생성 성공
2020-04-25 11:35:09.8754  INFO - [Socket] Server Listening...
2020-04-25 11:35:09.8754  INFO - [Socket][INFO] IP: 127.0.0.1   포트: 12000   프로토콜: Tcp   서버이름: ConvertServer
2020-04-25 11:35:09.9066  INFO - [Web Socket] Server Listening...
2020-04-25 11:35:09.9066  INFO - [Web Socket][INFO] IP: 127.0.0.1   포트: 12005
2020-04-25 11:35:51.8869  INFO - [INFO] 나의 하드웨어 ID: BFEBFBFF000806EB
2020-04-25 11:35:51.9025  INFO - [INFO] 라이센스 만료날짜: 2020-12-31
2020-04-25 11:35:51.9181  INFO - [INFO] 한글 DLL을 레지스트리에 등록하였습니다.
2020-04-25 11:35:51.9181  INFO - [Scheduler] 스케줄러가 실행중입니다. 작업공간 정리 스케줄러: 3일   로그 정리 스케줄러: 30일
2020-04-25 11:35:51.9650  INFO - [Socket] 핸들러 등록 완료
2020-04-25 11:35:51.9650  INFO - [Socket] 서버 생성 성공
2020-04-25 11:35:51.9806  INFO - [Socket] Server Listening...
2020-04-25 11:35:51.9806  INFO - [Socket][INFO] IP: 127.0.0.1   포트: 12000   프로토콜: Tcp   서버이름: ConvertServer
2020-04-25 11:35:52.0275  INFO - [Web Socket] Server Listening...
2020-04-25 11:35:52.0275  INFO - [Web Socket][INFO] IP: 127.0.0.1   포트: 12005
2020-04-25 11:36:00.3507  INFO - [INFO] 나의 하드웨어 ID: BFEBFBFF000806EB
2020-04-25 11:36:00.3820  INFO - [INFO] 라이센스 만료날짜: 2020-12-31
2020-04-25 11:36:00.3820  INFO - [INFO] 한글 DLL을 레지스트리에 등록하였습니다.
2020-04-25 11:36:00.3820  INFO - [Scheduler] 스케줄러가 실행중입니다. 작업공간 정리 스케줄러: 3일   로그 정리 스케줄러: 30일
2020-04-25 11:36:00.4288  INFO - [Socket] 핸들러 등록 완료
2020-04-25 11:36:00.4288  INFO - [Socket] 서버 생성 성공
2020-04-25 11:36:00.4445  INFO - [Socket] Server Listening...
2020-04-25 11:36:00.4445  INFO - [Socket][INFO] IP: 127.0.0.1   포트: 12000   프로토콜: Tcp   서버이름: ConvertServer
2020-04-25 11:36:00.4757  INFO - [Web Socket] Server Listening...
2020-04-25 11:36:00.4757  INFO - [Web Socket][INFO] IP: 127.0.0.1   포트: 12005
2020-04-25 11:36:19.8018  INFO - [INFO] 나의 하드웨어 ID: BFEBFBFF000806EB
2020-04-25 11:36:19.8174  INFO - [INFO] 라이센스 만료날짜: 2020-12-31
2020-04-25 11:36:19.8330  INFO - [INFO] 한글 DLL을 레지스트리에 등록하였습니다.
2020-04-25 11:36:19.8330  INFO - [Scheduler] 스케줄러가 실행중입니다. 작업공간 정리 스케줄러: 3일   로그 정리 스케줄러: 30일
2020-04-25 11:36:19.8643  INFO - [Socket] 핸들러 등록 완료
2020-04-25 11:36:19.8643  INFO - [Socket] 서버 생성 성공
2020-04-25 11:36:19.8955  INFO - [Socket] Server Listening...
2020-04-25 11:36:19.8955  INFO - [Socket][INFO] IP: 127.0.0.1   포트: 12000   프로토콜: Tcp   서버이름: ConvertServer
2020-04-25 11:36:19.9268  INFO - [Web Socket] Server Listening...
2020-04-25 11:36:19.9268  INFO - [Web Socket][INFO] IP: 127.0.0.1   포트: 12005
2020-04-25 11:36:25.2072  INFO - [INFO] 나의 하드웨어 ID: BFEBFBFF000806EB
2020-04-25 11:36:25.2229  INFO - [INFO] 라이센스 만료날짜: 2020-12-31
2020-04-25 11:36:25.2229  INFO - [INFO] 한글 DLL을 레지스트리에 등록하였습니다.
2020-04-25 11:36:25.2229  INFO - [Scheduler] 스케줄러가 실행중입니다. 작업공간 정리 스케줄러: 3일   로그 정리 스케줄러: 30일
2020-04-25 11:36:25.2697  INFO - [Socket] 핸들러 등록 완료
2020-04-25 11:36:25.2697  INFO - [Socket] 서버 생성 성공
2020-04-25 11:36:25.2853  INFO - [Socket] Server Listening...
2020-04-25 11:36:25.2853  INFO - [Socket][INFO] IP: 127.0.0.1   포트: 12000   프로토콜: Tcp   서버이름: ConvertServer
2020-04-25 11:36:25.3322  INFO - [Web Socket] Server Listening...
2020-04-25 11:36:25.3322  INFO - [Web Socket][INFO] IP: 127.0.0.1   포트: 12005
2020-04-25 11:36:54.3555  INFO - [INFO] 한글 DLL을 레지스트리에 등록하였습니다.
2020-04-25 11:36:54.3555  INFO - [Scheduler] 스케줄러가 실행중입니다. 작업공간 정리 스케줄러: 3일   로그 정리 스케줄러: 30일
2020-04-25 11:36:54.4023  INFO - [Socket] 핸들러 등록 완료
2020-04-25 11:36:54.4023  INFO - [Socket] 서버 생성 성공
2020-04-25 11:36:54.4180  INFO - [Socket] Server Listening...
2020-04-25 11:36:54.4180  INFO - [Socket][INFO] IP: 127.0.0.1   포트: 12000   프로토콜: Tcp   서버이름: ConvertServer
2020-04-25 11:36:54.4492  INFO - [Web Socket] Server Listening...
2020-04-25 11:36:54.4492  INFO - [Web Socket][INFO] IP: 127.0.0.1   포트: 12005
2020-04-25 13:42:23.0294  INFO - [INFO] 나의 하드웨어 ID: BFEBFBFF000806EB
2020-04-25 13:42:24.1759  INFO - [INFO] 라이센스 만료날짜: 2020-12-31
2020-04-25 13:42:28.1128  INFO - [INFO] 한글 DLL을 레지스트리에 등록하였습니다.
2020-04-25 13:42:28.1128  INFO - [Scheduler] 스케줄러가 실행중입니다. 작업공간 정리 스케줄러: 3일   로그 정리 스케줄러: 30일
2020-04-25 13:42:28.1857  INFO - [Socket] 핸들러 등록 완료
2020-04-25 13:42:28.1867  INFO - [Socket] 서버 생성 성공
2020-04-25 13:42:28.2116  INFO - [Socket] Server Listening...
2020-04-25 13:42:28.2116  INFO - [Socket][INFO] IP: 127.0.0.1   포트: 12000   프로토콜: Tcp   서버이름: ConvertServer
2020-04-25 13:42:28.2935  INFO - [Web Socket] Server Listening...
2020-04-25 13:42:28.2935  INFO - [Web Socket][INFO] IP: 127.0.0.1   포트: 12005
2020-04-25 13:42:35.3747  INFO - [INFO] 나의 하드웨어 ID: BFEBFBFF000806EB
2020-04-25 13:42:35.3966  INFO - [INFO] 라이센스 만료날짜: 2020-12-31
2020-04-25 13:42:35.3966  INFO - [INFO] 한글 DLL을 레지스트리에 등록하였습니다.
2020-04-25 13:42:35.3966  INFO - [Scheduler] 스케줄러가 실행중입니다. 작업공간 정리 스케줄러: 3일   로그 정리 스케줄러: 30일
2020-04-25 13:42:35.4744  INFO - [Socket] 핸들러 등록 완료
2020-04-25 13:42:35.4744  INFO - [Socket] 서버 생성 성공
2020-04-25 13:42:35.4994  INFO - [Socket] Server Listening...
2020-04-25 13:42:35.4994  INFO - [Socket][INFO] IP: 127.0.0.1   포트: 12000   프로토콜: Tcp   서버이름: ConvertServer
2020-04-25 13:42:35.5830  INFO - [Web Socket] Server Listening...
2020-04-25 13:42:35.5830  INFO - [Web Socket][INFO] IP: 127.0.0.1   포트: 12005
2020-04-25 13:42:41.2687  INFO - [INFO] 나의 하드웨어 ID: BFEBFBFF000806EB
2020-04-25 13:42:41.3006  INFO - [INFO] 라이센스 만료날짜: 2020-12-31
2020-04-25 13:42:41.3006  INFO - [INFO] 한글 DLL을 레지스트리에 등록하였습니다.
2020-04-25 13:42:41.3006  INFO - [Scheduler] 스케줄러가 실행중입니다. 작업공간 정리 스케줄러: 3일   로그 정리 스케줄러: 30일
2020-04-25 13:42:41.3714  INFO - [Socket] 핸들러 등록 완료
2020-04-25 13:42:41.3714  INFO - [Socket] 서버 생성 성공
2020-04-25 13:42:41.3933  INFO - [Socket] Server Listening...
2020-04-25 13:42:41.3933  INFO - [Socket][INFO] IP: 127.0.0.1   포트: 12000   프로토콜: Tcp   서버이름: ConvertServer
2020-04-25 13:42:41.4811  INFO - [Web Socket] Server Listening...
2020-04-25 13:42:41.4811  INFO - [Web Socket][INFO] IP: 127.0.0.1   포트: 12005
2020-04-25 13:45:38.9993  INFO - [WebSocket] 접속 IP: 127.0.0.1
2020-04-25 13:45:39.0461  INFO - 
[WebSocket][Client => Server]
{
  "DocPassword": "",
  "Method": "DocConvert",
  "FileName": "certificate.crt",
  "useCompression": false,
  "KEY": "B29D00A3 - F825 - 4EB7 - 93C1 - A77F5E31A7C2",
  "ConvertIMG": 1
}

2020-04-25 13:45:39.1243  INFO - 변환중 오류발생 자세한 내용은 오류로그 참고
2020-04-25 13:45:39.1399  INFO - 
[WebSocket][Server => Client]
{
  "msg": "'C:\\Data\\workspace\\0C41CBA8F243DEA3885EA1AF77742D52\\certificate.pdf' 파일을 찾을 수 없습니다.",
  "isSuccess": false,
  "Method": "DocConvert"
}

2020-04-25 13:45:39.1399  INFO - [WebSocket] 작업 소요시간: 00:00:00.1249717
2020-04-25 13:45:39.1399  INFO - [WebSocket] 클라이언트와 연결을 해제함.
2020-04-25 13:49:56.7926  INFO - [INFO] 나의 하드웨어 ID: BFEBFBFF000806EB
2020-04-25 13:49:56.8239  INFO - [INFO] 라이센스 만료날짜: 2020-12-31
2020-04-25 13:49:56.8239  INFO - [INFO] 한글 DLL을 레지스트리에 등록하였습니다.
2020-04-25 13:49:56.8239  INFO - [Scheduler] 스케줄러가 실행중입니다. 작업공간 정리 스케줄러: 3일   로그 정리 스케줄러: 30일
2020-04-25 13:49:56.9020  INFO - [Socket] 핸들러 등록 완료
2020-04-25 13:49:56.9020  INFO - [Socket] 서버 생성 성공
2020-04-25 13:49:56.9332  INFO - [Socket] Server Listening...
2020-04-25 13:49:56.9332  INFO - [Socket][INFO] IP: 127.0.0.1   포트: 12000   프로토콜: Tcp   서버이름: ConvertServer
2020-04-25 13:49:57.0113  INFO - [Web Socket] Server Listening...
2020-04-25 13:49:57.0113  INFO - [Web Socket][INFO] IP: 127.0.0.1   포트: 12005
2020-04-25 13:50:09.1335  INFO - [WebSocket] 접속 IP: 127.0.0.1
2020-04-25 13:50:09.1960  INFO - 
[WebSocket][Client => Server]
{
  "DocPassword": "",
  "Method": "DocConvert",
  "FileName": "Welcome to Hwp.hwp",
  "useCompression": false,
  "KEY": "B29D00A3 - F825 - 4EB7 - 93C1 - A77F5E31A7C2",
  "ConvertIMG": 2
}

2020-04-25 13:50:14.5698  INFO - 
[WebSocket][Server => Client]
{
  "convertImgCnt": "5",
  "URL": "/workspace/2B699FCE2A5094957B24445F97FCE8CC",
  "isSuccess": true,
  "msg": "이미지 변환에 성공하였습니다.",
  "useCompression": false,
  "Method": "DocConvert"
}

2020-04-25 13:50:14.5698  INFO - [WebSocket] 작업 소요시간: 00:00:05.4206696
2020-04-25 13:50:14.5698  INFO - [WebSocket] 클라이언트와 연결을 해제함.
2020-04-25 13:50:34.5748  INFO - [WebSocket] 접속 IP: 127.0.0.1
2020-04-25 13:50:34.5748  INFO - 
[WebSocket][Client => Server]
{
  "DocPassword": "",
  "Method": "DocConvert",
  "FileName": "PowerPoint 시작.pptx",
  "useCompression": false,
  "KEY": "B29D00A3 - F825 - 4EB7 - 93C1 - A77F5E31A7C2",
  "ConvertIMG": 1
}

2020-04-25 13:50:39.0425  INFO - 
[WebSocket][Server => Client]
{
  "convertImgCnt": "9",
  "URL": "/workspace/4678934C0436A452BB6CFAF5AB921A68",
  "isSuccess": true,
  "msg": "이미지 변환에 성공하였습니다.",
  "useCompression": false,
  "Method": "DocConvert"
}

2020-04-25 13:50:39.0425  INFO - [WebSocket] 작업 소요시간: 00:00:04.4676892
2020-04-25 13:50:39.0425  INFO - [WebSocket] 클라이언트와 연결을 해제함.
2020-04-25 13:52:43.4706  INFO - [WebSocket] 접속 IP: 127.0.0.1
2020-04-25 13:52:43.4706  INFO - 
[WebSocket][Client => Server]
{
  "DocPassword": "",
  "Method": "DocConvert",
  "FileName": "PowerPoint 시작.pptx",
  "useCompression": false,
  "KEY": "B29D00A3 - F825 - 4EB7 - 93C1 - A77F5E31A7C2",
  "ConvertIMG": 1
}

2020-04-25 13:52:46.9797  INFO - 
[WebSocket][Server => Client]
{
  "convertImgCnt": "9",
  "URL": "/workspace/4678934C0436A452BB6CFAF5AB921A68",
  "isSuccess": true,
  "msg": "이미지 변환에 성공하였습니다.",
  "useCompression": false,
  "Method": "DocConvert"
}

2020-04-25 13:52:46.9797  INFO - [WebSocket] 작업 소요시간: 00:00:03.5091719
2020-04-25 13:52:46.9797  INFO - [WebSocket] 클라이언트와 연결을 해제함.
2020-04-25 13:55:32.2222  INFO - [WebSocket] 접속 IP: 127.0.0.1
2020-04-25 13:55:32.2222  INFO - 
[WebSocket][Client => Server]
{
  "DocPassword": "",
  "Method": "DocConvert",
  "FileName": "PowerPoint 시작.pptx",
  "useCompression": false,
  "KEY": "B29D00A3 - F825 - 4EB7 - 93C1 - A77F5E31A7C2",
  "ConvertIMG": 1
}

2020-04-25 13:55:35.5652  INFO - 
[WebSocket][Server => Client]
{
  "convertImgCnt": "9",
  "URL": "/workspace/4678934C0436A452BB6CFAF5AB921A68",
  "isSuccess": true,
  "msg": "이미지 변환에 성공하였습니다.",
  "useCompression": false,
  "Method": "DocConvert"
}

2020-04-25 13:55:35.5652  INFO - [WebSocket] 작업 소요시간: 00:00:03.3429916
2020-04-25 13:55:35.5652  INFO - [WebSocket] 클라이언트와 연결을 해제함.
2020-04-25 13:58:05.6301  INFO - [WebSocket] 접속 IP: 127.0.0.1
2020-04-25 13:58:05.6458  INFO - 
[WebSocket][Client => Server]
{
  "DocPassword": "",
  "Method": "DocConvert",
  "FileName": "PowerPoint 시작.pptx",
  "useCompression": false,
  "KEY": "B29D00A3 - F825 - 4EB7 - 93C1 - A77F5E31A7C2",
  "ConvertIMG": 1
}

2020-04-25 13:58:08.9732  INFO - 
[WebSocket][Server => Client]
{
  "convertImgCnt": "9",
  "URL": "/workspace/4678934C0436A452BB6CFAF5AB921A68",
  "isSuccess": true,
  "msg": "이미지 변환에 성공하였습니다.",
  "useCompression": false,
  "Method": "DocConvert"
}

2020-04-25 13:58:08.9732  INFO - [WebSocket] 작업 소요시간: 00:00:03.3273836
2020-04-25 13:58:08.9732  INFO - [WebSocket] 클라이언트와 연결을 해제함.
2020-04-25 13:59:51.0346  INFO - [WebSocket] 접속 IP: 127.0.0.1
2020-04-25 13:59:51.0503  INFO - 
[WebSocket][Client => Server]
{
  "DocPassword": "",
  "Method": "DocConvert",
  "FileName": "PowerPoint 시작.pptx",
  "useCompression": false,
  "KEY": "B29D00A3 - F825 - 4EB7 - 93C1 - A77F5E31A7C2",
  "ConvertIMG": 1
}

2020-04-25 13:59:54.3776  INFO - 
[WebSocket][Server => Client]
{
  "convertImgCnt": "9",
  "URL": "/workspace/4678934C0436A452BB6CFAF5AB921A68",
  "isSuccess": true,
  "msg": "이미지 변환에 성공하였습니다.",
  "useCompression": false,
  "Method": "DocConvert"
}

2020-04-25 13:59:54.3776  INFO - [WebSocket] 작업 소요시간: 00:00:03.3273030
2020-04-25 13:59:54.3932  INFO - [WebSocket] 클라이언트와 연결을 해제함.
2020-04-25 14:51:57.6066  INFO - [INFO] 나의 하드웨어 ID: BFEBFBFF000806EB
2020-04-25 14:51:57.6356  INFO - [INFO] 라이센스 만료날짜: 2020-12-31
2020-04-25 14:51:57.6356  INFO - [INFO] 한글 DLL을 레지스트리에 등록하였습니다.
2020-04-25 14:51:57.6356  INFO - [Scheduler] 스케줄러가 실행중입니다. 작업공간 정리 스케줄러: 3일   로그 정리 스케줄러: 30일
2020-04-25 14:51:57.7250  INFO - [Socket] 핸들러 등록 완료
2020-04-25 14:51:57.7250  INFO - [Socket] 서버 생성 성공
2020-04-25 14:51:57.7516  INFO - [Socket] Server Listening...
2020-04-25 14:51:57.7516  INFO - [Socket][INFO] IP: 127.0.0.1   포트: 12000   프로토콜: Tcp   서버이름: ConvertServer
2020-04-25 14:51:57.8434  INFO - [Web Socket] Server Listening...
2020-04-25 14:51:57.8434  INFO - [Web Socket][INFO] IP: 127.0.0.1   포트: 12005
2020-04-25 14:53:43.8127  INFO - [WebSocket] 접속 IP: 127.0.0.1
2020-04-25 14:53:43.8596  INFO - 
[WebSocket][Client => Server]
{
  "DocPassword": "",
  "FileName": "Word 시작.docx",
  "Method": "DocConvert",
  "ConvertIMG": 1,
  "useCompression": false,
  "KEY": "B29D00A3 - F825 - 4EB7 - 93C1 - A77F5E31A7C2"
}

2020-04-25 14:53:49.3077  INFO - 
[WebSocket][Server => Client]
{
  "convertImgCnt": "8",
  "URL": "/workspace/FC88A00681BEA2BA4BCA029AEC82643A",
  "isSuccess": true,
  "msg": "이미지 변환에 성공하였습니다.",
  "useCompression": false,
  "Method": "DocConvert"
}

2020-04-25 14:53:49.3077  INFO - [WebSocket] 작업 소요시간: 00:00:05.4793873
2020-04-25 14:53:49.3234  INFO - [WebSocket] 클라이언트와 연결을 해제함.
2020-04-25 14:56:00.8296  INFO - [INFO] 나의 하드웨어 ID: BFEBFBFF000806EB
2020-04-25 14:56:00.8608  INFO - [INFO] 라이센스 만료날짜: 2020-12-31
2020-04-25 14:56:00.8608  INFO - [INFO] 한글 DLL을 레지스트리에 등록하였습니다.
2020-04-25 14:56:00.8608  INFO - [Scheduler] 스케줄러가 실행중입니다. 작업공간 정리 스케줄러: 3일   로그 정리 스케줄러: 30일
2020-04-25 14:56:00.9077  INFO - [Socket] 핸들러 등록 완료
2020-04-25 14:56:00.9077  INFO - [Socket] 서버 생성 성공
2020-04-25 14:56:00.9233  INFO - [Socket] Server Listening...
2020-04-25 14:56:00.9233  INFO - [Socket][INFO] IP: 172.30.1.30   포트: 12000   프로토콜: Tcp   서버이름: ConvertServer
2020-04-25 14:56:00.9545  INFO - [Web Socket] Server Listening...
2020-04-25 14:56:00.9545  INFO - [Web Socket][INFO] IP: 172.30.1.30   포트: 12005
2020-04-25 14:56:10.3622  INFO - [WebSocket] 접속 IP: 172.30.1.30
2020-04-25 14:56:10.4169  INFO - 
[WebSocket][Client => Server]
{
  "DocPassword": "",
  "FileName": "Excel.xlsx",
  "Method": "DocConvert",
  "ConvertIMG": 1,
  "useCompression": false,
  "KEY": "B29D00A3 - F825 - 4EB7 - 93C1 - A77F5E31A7C2"
}

2020-04-25 14:56:25.0821  INFO - 
[WebSocket][Server => Client]
{
  "convertImgCnt": "92",
  "URL": "/workspace/8DF91B0995A750BFE6B8873646995F7B",
  "isSuccess": true,
  "msg": "이미지 변환에 성공하였습니다.",
  "useCompression": false,
  "Method": "DocConvert"
}

2020-04-25 14:56:25.0821  INFO - [WebSocket] 작업 소요시간: 00:00:14.6964686
2020-04-25 14:56:25.0821  INFO - [WebSocket] 클라이언트와 연결을 해제함.
2020-04-25 14:56:44.5543  INFO - [WebSocket] 접속 IP: 172.30.1.30
2020-04-25 14:56:44.5660  INFO - 
[WebSocket][Client => Server]
{
  "DocPassword": "",
  "FileName": "PowerPoint.pptx",
  "Method": "DocConvert",
  "ConvertIMG": 1,
  "useCompression": false,
  "KEY": "B29D00A3 - F825 - 4EB7 - 93C1 - A77F5E31A7C2"
}

2020-04-25 14:56:48.0141  INFO - 
[WebSocket][Server => Client]
{
  "convertImgCnt": "9",
  "URL": "/workspace/4678934C0436A452BB6CFAF5AB921A68",
  "isSuccess": true,
  "msg": "이미지 변환에 성공하였습니다.",
  "useCompression": false,
  "Method": "DocConvert"
}

2020-04-25 14:56:48.0141  INFO - [WebSocket] 작업 소요시간: 00:00:03.4494050
2020-04-25 14:56:48.0141  INFO - [WebSocket] 클라이언트와 연결을 해제함.
2020-04-25 14:57:07.7400  INFO - [WebSocket] 접속 IP: 172.30.1.30
2020-04-25 14:57:07.7518  INFO - 
[WebSocket][Client => Server]
{
  "DocPassword": "",
  "FileName": "Welcome to Hwp.hwp",
  "Method": "DocConvert",
  "ConvertIMG": 1,
  "useCompression": false,
  "KEY": "B29D00A3 - F825 - 4EB7 - 93C1 - A77F5E31A7C2"
}

2020-04-25 14:57:11.4576  INFO - 
[WebSocket][Server => Client]
{
  "convertImgCnt": "5",
  "URL": "/workspace/2B699FCE2A5094957B24445F97FCE8CC",
  "isSuccess": true,
  "msg": "이미지 변환에 성공하였습니다.",
  "useCompression": false,
  "Method": "DocConvert"
}

2020-04-25 14:57:11.4576  INFO - [WebSocket] 작업 소요시간: 00:00:03.7058411
2020-04-25 14:57:11.4576  INFO - [WebSocket] 클라이언트와 연결을 해제함.
2020-04-25 14:57:22.6772  INFO - [WebSocket] 접속 IP: 172.30.1.30
2020-04-25 14:57:22.6928  INFO - 
[WebSocket][Client => Server]
{
  "DocPassword": "",
  "FileName": "Word.docx",
  "Method": "DocConvert",
  "ConvertIMG": 1,
  "useCompression": false,
  "KEY": "B29D00A3 - F825 - 4EB7 - 93C1 - A77F5E31A7C2"
}

2020-04-25 14:57:26.9470  INFO - 
[WebSocket][Server => Client]
{
  "convertImgCnt": "8",
  "URL": "/workspace/FC88A00681BEA2BA4BCA029AEC82643A",
  "isSuccess": true,
  "msg": "이미지 변환에 성공하였습니다.",
  "useCompression": false,
  "Method": "DocConvert"
}

2020-04-25 14:57:26.9507  INFO - [WebSocket] 작업 소요시간: 00:00:04.2578557
2020-04-25 14:57:26.9507  INFO - [WebSocket] 클라이언트와 연결을 해제함.
2020-04-25 14:57:40.6354  INFO - [WebSocket] 접속 IP: 172.30.1.30
2020-04-25 14:57:40.6510  INFO - 
[WebSocket][Client => Server]
{
  "DocPassword": "",
  "FileName": "setting.properties",
  "Method": "DocConvert",
  "ConvertIMG": 1,
  "useCompression": false,
  "KEY": "B29D00A3 - F825 - 4EB7 - 93C1 - A77F5E31A7C2"
}

2020-04-25 14:57:40.6510  INFO - 변환중 오류발생 자세한 내용은 오류로그 참고
2020-04-25 14:57:40.6667  INFO - 
[WebSocket][Server => Client]
{
  "msg": "'C:\\Data\\workspace\\86DE8EC53B8C707D9CA39F5C2EDD86BC\\setting.pdf' 파일을 찾을 수 없습니다.",
  "isSuccess": false,
  "Method": "DocConvert"
}

2020-04-25 14:57:40.6667  INFO - [WebSocket] 작업 소요시간: 00:00:00.0156443
2020-04-25 14:57:40.6667  INFO - [WebSocket] 클라이언트와 연결을 해제함.
2020-04-25 14:58:43.2629  INFO - [INFO] 나의 하드웨어 ID: BFEBFBFF000806EB
2020-04-25 14:58:43.2941  INFO - [INFO] 라이센스 만료날짜: 2020-12-31
2020-04-25 14:58:43.2941  INFO - [INFO] 한글 DLL을 레지스트리에 등록하였습니다.
2020-04-25 14:58:43.2941  INFO - [Scheduler] 스케줄러가 실행중입니다. 작업공간 정리 스케줄러: 3일   로그 정리 스케줄러: 30일
2020-04-25 14:58:43.3879  INFO - [Socket] 핸들러 등록 완료
2020-04-25 14:58:43.3879  INFO - [Socket] 서버 생성 성공
2020-04-25 14:58:43.4191  INFO - [Socket] Server Listening...
2020-04-25 14:58:43.4191  INFO - [Socket][INFO] IP: 127.0.0.1   포트: 12000   프로토콜: Tcp   서버이름: ConvertServer
2020-04-25 14:58:43.4972  INFO - [Web Socket] Server Listening...
2020-04-25 14:58:43.4972  INFO - [Web Socket][INFO] IP: 127.0.0.1   포트: 12005
2020-04-25 14:58:53.4324  INFO - 
[Socket][Client => Server]
{
  "KEY": "B29D00A3 - F825 - 4EB7 - 93C1 - A77F5E31A7C2",
  "Method": "DocConvert",
  "FileName": "DocConvert.docx",
  "ConvertIMG": 2,
  "useCompression": false
}

2020-04-25 14:59:15.3233  INFO - 
[Socket][Server => Client]
{
  "convertImgCnt": "5",
  "URL": "/workspace/2E48D4CF48C7B4A7959CD45D68C9E915",
  "isSuccess": true,
  "msg": "이미지 변환에 성공하였습니다.",
  "useCompression": false,
  "Method": "DocConvert"
}

2020-04-25 14:59:15.3233  INFO - [Socket] 작업 소요시간: 00:00:21.8909090
2020-04-25 14:59:15.4483  INFO - [Socket] 세션ID: 67b3f13a-030b-44c0-a9e8-857a088549da 접속해제: ClientClosing
2020-04-25 14:59:30.2688  INFO - 
[Socket][Client => Server]
{
  "KEY": "B29D00A3 - F825 - 4EB7 - 93C1 - A77F5E31A7C2",
  "Method": "DocConvert",
  "FileName": "DocConvert_Server_INFO.log",
  "ConvertIMG": 2,
  "useCompression": false
}

2020-04-25 15:00:28.7929  INFO - [INFO] 나의 하드웨어 ID: BFEBFBFF000806EB
2020-04-25 15:00:28.8241  INFO - [INFO] 라이센스 만료날짜: 2020-12-31
2020-04-25 15:00:28.8398  INFO - [INFO] 한글 DLL을 레지스트리에 등록하였습니다.
2020-04-25 15:00:28.8398  INFO - [Scheduler] 스케줄러가 실행중입니다. 작업공간 정리 스케줄러: 3일   로그 정리 스케줄러: 30일
2020-04-25 15:00:28.9179  INFO - [Socket] 핸들러 등록 완료
2020-04-25 15:00:28.9179  INFO - [Socket] 서버 생성 성공
2020-04-25 15:00:28.9491  INFO - [Socket] Server Listening...
2020-04-25 15:00:28.9491  INFO - [Socket][INFO] IP: 127.0.0.1   포트: 12000   프로토콜: Tcp   서버이름: ConvertServer
2020-04-25 15:00:29.0428  INFO - [Web Socket] Server Listening...
2020-04-25 15:00:29.0428  INFO - [Web Socket][INFO] IP: 127.0.0.1   포트: 12005
2020-04-25 15:00:32.5108  INFO - 
[Socket][Client => Server]
{
  "KEY": "B29D00A3 - F825 - 4EB7 - 93C1 - A77F5E31A7C2",
  "Method": "DocConvert",
  "FileName": "DocConvert_Server_INFO.log",
  "ConvertIMG": 2,
  "useCompression": false
}

2020-04-25 15:00:34.1543  INFO - 
[Socket][Server => Client]
{
  "KEY": "B29D00A3 - F825 - 4EB7 - 93C1 - A77F5E31A7C2",
  "Method": "DocConvert",
  "FileName": "DocConvert_Server_INFO.log",
  "ConvertIMG": 2,
  "useCompression": false
}

2020-04-25 15:00:34.1543  INFO - [Socket] 작업 소요시간: 00:00:01.6435324
2020-04-25 15:00:46.2609  INFO - [Socket] 세션ID: 330a0d1f-be0c-4195-b3c8-61f4caac7dc8 접속해제: SocketError
2020-04-25 15:01:00.8926  INFO - 
[Socket][Client => Server]
{
  "KEY": "B29D00A3 - F825 - 4EB7 - 93C1 - A77F5E31A7C2",
  "Method": "DocConvert",
  "FileName": "DocConvert_Server_INFO.log",
  "ConvertIMG": 0,
  "useCompression": false
}

2020-04-25 15:01:12.8589  INFO - 
[Socket][Server => Client]
{
  "KEY": "B29D00A3 - F825 - 4EB7 - 93C1 - A77F5E31A7C2",
  "Method": "DocConvert",
  "FileName": "DocConvert_Server_INFO.log",
  "ConvertIMG": 0,
  "useCompression": false
}

2020-04-25 15:01:12.8740  INFO - [Socket] 작업 소요시간: 00:00:11.9662524
2020-04-25 15:02:30.1342  INFO - [INFO] 나의 하드웨어 ID: BFEBFBFF000806EB
2020-04-25 15:02:30.1654  INFO - [INFO] 라이센스 만료날짜: 2020-12-31
2020-04-25 15:02:30.1654  INFO - [INFO] 한글 DLL을 레지스트리에 등록하였습니다.
2020-04-25 15:02:30.1654  INFO - [Scheduler] 스케줄러가 실행중입니다. 작업공간 정리 스케줄러: 3일   로그 정리 스케줄러: 30일
2020-04-25 15:02:30.2592  INFO - [Socket] 핸들러 등록 완료
2020-04-25 15:02:30.2592  INFO - [Socket] 서버 생성 성공
2020-04-25 15:02:30.2748  INFO - [Socket] Server Listening...
2020-04-25 15:02:30.2748  INFO - [Socket][INFO] IP: 127.0.0.1   포트: 12000   프로토콜: Tcp   서버이름: ConvertServer
2020-04-25 15:02:30.3685  INFO - [Web Socket] Server Listening...
2020-04-25 15:02:30.3685  INFO - [Web Socket][INFO] IP: 127.0.0.1   포트: 12005
2020-04-25 15:02:46.2978  INFO - 
[Socket][Client => Server]
{
  "KEY": "B29D00A3 - F825 - 4EB7 - 93C1 - A77F5E31A7C2",
  "Method": "DocConvert",
  "FileName": "DocConvert_Server_INFO.log",
  "ConvertIMG": 0,
  "useCompression": false
}

2020-04-25 15:02:48.4346  INFO - 
[Socket][Server => Client]
{
  "URL": null,
  "isSuccess": false,
  "msg": "[상태]   지원포맷 아님. 파싱한 확장자: .log",
  "Method": "DocConvert",
  "useCompression": false
}

2020-04-25 15:02:48.4346  INFO - [Socket] 작업 소요시간: 00:00:02.1367779
2020-04-25 15:02:48.4815  INFO - [Socket] 세션ID: c450dd6b-8913-4b38-ab77-6c0d9b0c65ea 접속해제: ClientClosing
