2020-04-25 10:56:06.4179 DEBUG - 라이센스없이 프로그램을 실행하였습니다
2020-04-25 10:56:13.3501 DEBUG - 라이센스없이 프로그램을 실행하였습니다
2020-04-25 10:56:41.1089 DEBUG - 라이센스없이 프로그램을 실행하였습니다
2020-04-25 10:57:47.2427 DEBUG - 라이센스없이 프로그램을 실행하였습니다
2020-04-25 10:58:58.7832 DEBUG - 라이센스없이 프로그램을 실행하였습니다
2020-04-25 10:59:47.2523 DEBUG - 라이센스없이 프로그램을 실행하였습니다
2020-04-25 10:59:58.8958 DEBUG - 라이센스없이 프로그램을 실행하였습니다
2020-04-25 11:00:48.2817 DEBUG - 라이센스없이 프로그램을 실행하였습니다
2020-04-25 11:01:12.4558 DEBUG - 라이센스없이 프로그램을 실행하였습니다
2020-04-25 11:22:59.9454 DEBUG - 라이센스없이 프로그램을 실행하였습니다
2020-04-25 11:25:14.9633 DEBUG - 라이센스없이 프로그램을 실행하였습니다
2020-04-25 11:25:33.7384 DEBUG - 라이센스없이 프로그램을 실행하였습니다
2020-04-25 11:26:03.3833 DEBUG - 라이센스없이 프로그램을 실행하였습니다
2020-04-25 11:26:33.5954 DEBUG - 라이센스없이 프로그램을 실행하였습니다
2020-04-25 11:27:12.1911 DEBUG - 라이센스없이 프로그램을 실행하였습니다
2020-04-25 11:27:31.1419 DEBUG - 라이센스없이 프로그램을 실행하였습니다
2020-04-25 11:27:48.7084 DEBUG - 라이센스없이 프로그램을 실행하였습니다
2020-04-25 11:28:18.7795 DEBUG - 라이센스없이 프로그램을 실행하였습니다
2020-04-25 11:28:38.8439 DEBUG - 라이센스없이 프로그램을 실행하였습니다
2020-04-25 11:30:37.4789 DEBUG - 라이센스없이 프로그램을 실행하였습니다
2020-04-25 11:35:09.7035 DEBUG - 라이센스없이 프로그램을 실행하였습니다
2020-04-25 11:36:52.7636 DEBUG - 라이센스없이 프로그램을 실행하였습니다
2020-04-25 14:58:53.4168 DEBUG - [Socket] 접속IP: 127.0.0.1, 세션ID: 67b3f13a-030b-44c0-a9e8-857a088549da
2020-04-25 14:58:53.4324 DEBUG - [Socket] 세션ID: 67b3f13a-030b-44c0-a9e8-857a088549da 받은 데이터 크기: 340, ThreadId: 6
2020-04-25 14:59:30.2688 DEBUG - [Socket] 접속IP: 127.0.0.1, 세션ID: bd0bef8e-e798-4e51-a45a-c68db9d1966b
2020-04-25 14:59:30.2688 DEBUG - [Socket] 세션ID: bd0bef8e-e798-4e51-a45a-c68db9d1966b 받은 데이터 크기: 362, ThreadId: 17
2020-04-25 15:00:32.4952 DEBUG - [Socket] 접속IP: 127.0.0.1, 세션ID: 330a0d1f-be0c-4195-b3c8-61f4caac7dc8
2020-04-25 15:00:32.4952 DEBUG - [Socket] 세션ID: 330a0d1f-be0c-4195-b3c8-61f4caac7dc8 받은 데이터 크기: 362, ThreadId: 13
2020-04-25 15:01:00.8770 DEBUG - [Socket] 접속IP: 127.0.0.1, 세션ID: c43d8f43-506b-490b-87bd-b08f64c22eab
2020-04-25 15:01:00.8926 DEBUG - [Socket] 세션ID: c43d8f43-506b-490b-87bd-b08f64c22eab 받은 데이터 크기: 362, ThreadId: 13
2020-04-25 15:02:46.2822 DEBUG - [Socket] 접속IP: 127.0.0.1, 세션ID: c450dd6b-8913-4b38-ab77-6c0d9b0c65ea
2020-04-25 15:02:46.2978 DEBUG - [Socket] 세션ID: c450dd6b-8913-4b38-ab77-6c0d9b0c65ea 받은 데이터 크기: 362, ThreadId: 6
2020-04-25 15:10:51.6399 DEBUG - 라이센스없이 프로그램을 실행하였습니다
2020-04-25 15:11:06.9460 DEBUG - 라이센스없이 프로그램을 실행하였습니다
2020-04-25 15:13:26.0921 DEBUG - 라이센스없이 프로그램을 실행하였습니다.
무단으로 사용할 경우 법적 처벌을 받을 수 있습니다.
2020-04-25 15:13:45.6091 DEBUG - 라이센스없이 프로그램을 실행하였습니다.
=====================>무단으로 사용할 경우 법적 처벌을 받을 수 있습니다.
2020-04-25 15:14:30.8031 DEBUG - 라이센스없이 프로그램을 실행하였습니다.
=====================>무단으로 사용할 경우 법적 처벌을 받을 수 있습니다.
2020-04-25 15:14:42.0005 DEBUG - 라이센스없이 프로그램을 실행하였습니다.
=====================>무단으로 사용할 경우 법적 처벌을 받을 수 있습니다.
2020-04-25 15:15:06.3525 DEBUG - 라이센스없이 프로그램을 실행하였습니다.
=========================>무단으로 사용할 경우 법적 처벌을 받을 수 있습니다.
