2020-04-25 13:45:39.0774  INFO - ==================== Start ====================
2020-04-25 13:45:39.0774  INFO - Method: PDFtoJpeg, FilePath: C:\Data\workspace\0C41CBA8F243DEA3885EA1AF77742D52\certificate.pdf, outPath: C:\Data\workspace\0C41CBA8F243DEA3885EA1AF77742D52\certificate\
2020-04-25 13:45:39.1243  INFO - ==================== End ====================
2020-04-25 13:50:09.2116  INFO - ==================== Start ====================
2020-04-25 13:50:09.2272  INFO - Method: HwpSaveAs, FilePath: C:\Data\workspace\2B699FCE2A5094957B24445F97FCE8CC\Welcome to Hwp.hwp, outPath: C:\Data\workspace\2B699FCE2A5094957B24445F97FCE8CC\Welcome to Hwp.pdf
2020-04-25 13:50:09.2272  INFO - 파일 언락 성공!
2020-04-25 13:50:14.4448  INFO - ==================== End ====================
2020-04-25 13:50:14.4604  INFO - ==================== Start ====================
2020-04-25 13:50:14.4604  INFO - Method: PDFtoPng, FilePath: C:\Data\workspace\2B699FCE2A5094957B24445F97FCE8CC\Welcome to Hwp.pdf, outPath: C:\Data\workspace\2B699FCE2A5094957B24445F97FCE8CC\Welcome to Hwp\
2020-04-25 13:50:14.5541  INFO - 이미지 변환 성공!
2020-04-25 13:50:14.5541  INFO - ==================== End ====================
2020-04-25 13:50:34.5904  INFO - ==================== Start ====================
2020-04-25 13:50:34.5904  INFO - Method: PowerPointSaveAs, FilePath: C:\Data\workspace\4678934C0436A452BB6CFAF5AB921A68\PowerPoint 시작.pptx, outPath: C:\Data\workspace\4678934C0436A452BB6CFAF5AB921A68\PowerPoint 시작.pdf, docPassword: 
2020-04-25 13:50:38.5585  INFO - 변환 성공
2020-04-25 13:50:38.6676  INFO - ==================== End ====================
2020-04-25 13:50:38.6832  INFO - ==================== Start ====================
2020-04-25 13:50:38.6832  INFO - Method: PDFtoJpeg, FilePath: C:\Data\workspace\4678934C0436A452BB6CFAF5AB921A68\PowerPoint 시작.pdf, outPath: C:\Data\workspace\4678934C0436A452BB6CFAF5AB921A68\PowerPoint 시작\
2020-04-25 13:50:39.0425  INFO - 이미지 변환 성공!
2020-04-25 13:50:39.0425  INFO - ==================== End ====================
2020-04-25 13:52:43.5018  INFO - ==================== Start ====================
2020-04-25 13:52:43.5018  INFO - Method: PowerPointSaveAs, FilePath: C:\Data\workspace\4678934C0436A452BB6CFAF5AB921A68\PowerPoint 시작.pptx, outPath: C:\Data\workspace\4678934C0436A452BB6CFAF5AB921A68\PowerPoint 시작.pdf, docPassword: 
2020-04-25 13:52:46.6048  INFO - 변환 성공
2020-04-25 13:52:46.6985  INFO - ==================== End ====================
2020-04-25 13:52:46.6985  INFO - ==================== Start ====================
2020-04-25 13:52:46.6985  INFO - Method: PDFtoJpeg, FilePath: C:\Data\workspace\4678934C0436A452BB6CFAF5AB921A68\PowerPoint 시작.pdf, outPath: C:\Data\workspace\4678934C0436A452BB6CFAF5AB921A68\PowerPoint 시작\
2020-04-25 13:52:46.9797  INFO - 이미지 변환 성공!
2020-04-25 13:52:46.9797  INFO - ==================== End ====================
2020-04-25 13:55:32.2378  INFO - ==================== Start ====================
2020-04-25 13:55:32.2378  INFO - Method: PowerPointSaveAs, FilePath: C:\Data\workspace\4678934C0436A452BB6CFAF5AB921A68\PowerPoint 시작.pptx, outPath: C:\Data\workspace\4678934C0436A452BB6CFAF5AB921A68\PowerPoint 시작.pdf, docPassword: 
2020-04-25 13:55:35.2059  INFO - 변환 성공
2020-04-25 13:55:35.3152  INFO - ==================== End ====================
2020-04-25 13:55:35.3152  INFO - ==================== Start ====================
2020-04-25 13:55:35.3152  INFO - Method: PDFtoJpeg, FilePath: C:\Data\workspace\4678934C0436A452BB6CFAF5AB921A68\PowerPoint 시작.pdf, outPath: C:\Data\workspace\4678934C0436A452BB6CFAF5AB921A68\PowerPoint 시작\
2020-04-25 13:55:35.5652  INFO - 이미지 변환 성공!
2020-04-25 13:55:35.5652  INFO - ==================== End ====================
2020-04-25 13:58:05.6614  INFO - ==================== Start ====================
2020-04-25 13:58:05.6614  INFO - Method: PowerPointSaveAs, FilePath: C:\Data\workspace\4678934C0436A452BB6CFAF5AB921A68\PowerPoint 시작.pptx, outPath: C:\Data\workspace\4678934C0436A452BB6CFAF5AB921A68\PowerPoint 시작.pdf, docPassword: 
2020-04-25 13:58:08.6294  INFO - 변환 성공
2020-04-25 13:58:08.7388  INFO - ==================== End ====================
2020-04-25 13:58:08.7388  INFO - ==================== Start ====================
2020-04-25 13:58:08.7388  INFO - Method: PDFtoJpeg, FilePath: C:\Data\workspace\4678934C0436A452BB6CFAF5AB921A68\PowerPoint 시작.pdf, outPath: C:\Data\workspace\4678934C0436A452BB6CFAF5AB921A68\PowerPoint 시작\
2020-04-25 13:58:08.9732  INFO - 이미지 변환 성공!
2020-04-25 13:58:08.9732  INFO - ==================== End ====================
2020-04-25 13:59:51.0659  INFO - ==================== Start ====================
2020-04-25 13:59:51.0659  INFO - Method: PowerPointSaveAs, FilePath: C:\Data\workspace\4678934C0436A452BB6CFAF5AB921A68\PowerPoint 시작.pptx, outPath: C:\Data\workspace\4678934C0436A452BB6CFAF5AB921A68\PowerPoint 시작.pdf, docPassword: 
2020-04-25 13:59:54.0183  INFO - 변환 성공
2020-04-25 13:59:54.1120  INFO - ==================== End ====================
2020-04-25 13:59:54.1120  INFO - ==================== Start ====================
2020-04-25 13:59:54.1120  INFO - Method: PDFtoJpeg, FilePath: C:\Data\workspace\4678934C0436A452BB6CFAF5AB921A68\PowerPoint 시작.pdf, outPath: C:\Data\workspace\4678934C0436A452BB6CFAF5AB921A68\PowerPoint 시작\
2020-04-25 13:59:54.3776  INFO - 이미지 변환 성공!
2020-04-25 13:59:54.3776  INFO - ==================== End ====================
2020-04-25 14:53:43.8909  INFO - ==================== Start ====================
2020-04-25 14:53:43.8909  INFO - Method: WordSaveAs, FilePath: C:\Data\workspace\FC88A00681BEA2BA4BCA029AEC82643A\Word 시작.docx, outPath: C:\Data\workspace\FC88A00681BEA2BA4BCA029AEC82643A\Word 시작.pdf, docPassword: 
2020-04-25 14:53:48.8703  INFO - 변환 성공
2020-04-25 14:53:49.0578  INFO - ==================== End ====================
2020-04-25 14:53:49.0734  INFO - ==================== Start ====================
2020-04-25 14:53:49.0734  INFO - Method: PDFtoJpeg, FilePath: C:\Data\workspace\FC88A00681BEA2BA4BCA029AEC82643A\Word 시작.pdf, outPath: C:\Data\workspace\FC88A00681BEA2BA4BCA029AEC82643A\Word 시작\
2020-04-25 14:53:49.3077  INFO - 이미지 변환 성공!
2020-04-25 14:53:49.3077  INFO - ==================== End ====================
2020-04-25 14:56:10.4481  INFO - ==================== Start ====================
2020-04-25 14:56:10.4481  INFO - Method: ExcelSaveAs, FilePath: C:\Data\workspace\8DF91B0995A750BFE6B8873646995F7B\Excel.xlsx, outPath: C:\Data\workspace\8DF91B0995A750BFE6B8873646995F7B\Excel.pdf, docPassword: 
2020-04-25 14:56:23.3950  INFO - 변환 성공
2020-04-25 14:56:23.9574  INFO - ==================== End ====================
2020-04-25 14:56:23.9574  INFO - ==================== Start ====================
2020-04-25 14:56:23.9574  INFO - Method: PDFtoJpeg, FilePath: C:\Data\workspace\8DF91B0995A750BFE6B8873646995F7B\Excel.pdf, outPath: C:\Data\workspace\8DF91B0995A750BFE6B8873646995F7B\Excel\
2020-04-25 14:56:25.0821  INFO - 이미지 변환 성공!
2020-04-25 14:56:25.0821  INFO - ==================== End ====================
2020-04-25 14:56:44.5895  INFO - ==================== Start ====================
2020-04-25 14:56:44.5895  INFO - Method: PowerPointSaveAs, FilePath: C:\Data\workspace\4678934C0436A452BB6CFAF5AB921A68\PowerPoint.pptx, outPath: C:\Data\workspace\4678934C0436A452BB6CFAF5AB921A68\PowerPoint.pdf, docPassword: 
2020-04-25 14:56:47.6209  INFO - 변환 성공
2020-04-25 14:56:47.7779  INFO - ==================== End ====================
2020-04-25 14:56:47.7779  INFO - ==================== Start ====================
2020-04-25 14:56:47.7779  INFO - Method: PDFtoJpeg, FilePath: C:\Data\workspace\4678934C0436A452BB6CFAF5AB921A68\PowerPoint.pdf, outPath: C:\Data\workspace\4678934C0436A452BB6CFAF5AB921A68\PowerPoint\
2020-04-25 14:56:48.0141  INFO - 이미지 변환 성공!
2020-04-25 14:56:48.0141  INFO - ==================== End ====================
2020-04-25 14:57:07.7518  INFO - ==================== Start ====================
2020-04-25 14:57:07.7518  INFO - Method: HwpSaveAs, FilePath: C:\Data\workspace\2B699FCE2A5094957B24445F97FCE8CC\Welcome to Hwp.hwp, outPath: C:\Data\workspace\2B699FCE2A5094957B24445F97FCE8CC\Welcome to Hwp.pdf
2020-04-25 14:57:07.7518  INFO - 파일 언락 성공!
2020-04-25 14:57:11.3670  INFO - ==================== End ====================
2020-04-25 14:57:11.3726  INFO - ==================== Start ====================
2020-04-25 14:57:11.3726  INFO - Method: PDFtoJpeg, FilePath: C:\Data\workspace\2B699FCE2A5094957B24445F97FCE8CC\Welcome to Hwp.pdf, outPath: C:\Data\workspace\2B699FCE2A5094957B24445F97FCE8CC\Welcome to Hwp\
2020-04-25 14:57:11.4576  INFO - 이미지 변환 성공!
2020-04-25 14:57:11.4576  INFO - ==================== End ====================
2020-04-25 14:57:22.6928  INFO - ==================== Start ====================
2020-04-25 14:57:22.6928  INFO - Method: WordSaveAs, FilePath: C:\Data\workspace\FC88A00681BEA2BA4BCA029AEC82643A\Word.docx, outPath: C:\Data\workspace\FC88A00681BEA2BA4BCA029AEC82643A\Word.pdf, docPassword: 
2020-04-25 14:57:26.6398  INFO - 변환 성공
2020-04-25 14:57:26.7841  INFO - ==================== End ====================
2020-04-25 14:57:26.7841  INFO - ==================== Start ====================
2020-04-25 14:57:26.7841  INFO - Method: PDFtoJpeg, FilePath: C:\Data\workspace\FC88A00681BEA2BA4BCA029AEC82643A\Word.pdf, outPath: C:\Data\workspace\FC88A00681BEA2BA4BCA029AEC82643A\Word\
2020-04-25 14:57:26.9470  INFO - 이미지 변환 성공!
2020-04-25 14:57:26.9470  INFO - ==================== End ====================
2020-04-25 14:57:40.6510  INFO - ==================== Start ====================
2020-04-25 14:57:40.6510  INFO - Method: PDFtoJpeg, FilePath: C:\Data\workspace\86DE8EC53B8C707D9CA39F5C2EDD86BC\setting.pdf, outPath: C:\Data\workspace\86DE8EC53B8C707D9CA39F5C2EDD86BC\setting\
2020-04-25 14:57:40.6510  INFO - ==================== End ====================
2020-04-25 14:59:08.0594  INFO - ==================== Start ====================
2020-04-25 14:59:08.0594  INFO - Method: WordSaveAs, FilePath: C:\Data\workspace\2E48D4CF48C7B4A7959CD45D68C9E915\DocConvert.docx, outPath: C:\Data\workspace\2E48D4CF48C7B4A7959CD45D68C9E915\DocConvert.pdf, docPassword: 
2020-04-25 14:59:12.1366  INFO - 변환 성공
2020-04-25 14:59:12.3397  INFO - ==================== End ====================
2020-04-25 14:59:15.0734  INFO - ==================== Start ====================
2020-04-25 14:59:15.0734  INFO - Method: PDFtoPng, FilePath: C:\Data\workspace\2E48D4CF48C7B4A7959CD45D68C9E915\DocConvert.pdf, outPath: C:\Data\workspace\2E48D4CF48C7B4A7959CD45D68C9E915\DocConvert\
2020-04-25 14:59:15.3233  INFO - 이미지 변환 성공!
2020-04-25 14:59:15.3233  INFO - ==================== End ====================
