2020-04-20 18:06:22.4324  INFO - ==================== Start ====================
2020-04-20 18:06:22.4324  INFO - Method: ExcelSaveAs, FilePath: C:\Data\workspace\E2DDB1F4A236D30F6E63319BEC7F35AC\Excel.xlsx, outPath: C:\Data\workspace\E2DDB1F4A236D30F6E63319BEC7F35AC\Excel.pdf, docPassword: 
2020-04-20 18:06:22.4494  INFO - 파일 언락 성공!
2020-04-20 18:06:46.8774  INFO - 변환 성공
2020-04-20 18:06:47.8952  INFO - ==================== End ====================
2020-04-20 18:06:47.9695  INFO - ==================== Start ====================
2020-04-20 18:06:47.9772  INFO - Method: PDFtoPng, FilePath: C:\Data\workspace\E2DDB1F4A236D30F6E63319BEC7F35AC\Excel.pdf, outPath: C:\Data\workspace\E2DDB1F4A236D30F6E63319BEC7F35AC\Excel\
2020-04-20 18:06:50.3388  INFO - 이미지 변환 성공!
2020-04-20 18:06:50.3688  INFO - ==================== End ====================
2020-04-20 18:06:50.8718  INFO - ==================== Start ====================
2020-04-20 18:06:50.8880  INFO - Method: ExcelSaveAs, FilePath: C:\Data\workspace\5834CC7C5A3E18A5EC2C012F7F3D91D9\memo_calendar.xlsx, outPath: C:\Data\workspace\5834CC7C5A3E18A5EC2C012F7F3D91D9\memo_calendar.pdf, docPassword: 
2020-04-20 18:06:50.9110  INFO - 파일 언락 성공!
2020-04-20 18:07:33.7028  INFO - 변환 성공
2020-04-20 18:07:34.8862  INFO - ==================== End ====================
2020-04-20 18:07:34.9006  INFO - ==================== Start ====================
2020-04-20 18:07:34.9006  INFO - Method: PDFtoJpeg, FilePath: C:\Data\workspace\5834CC7C5A3E18A5EC2C012F7F3D91D9\memo_calendar.pdf, outPath: C:\Data\workspace\5834CC7C5A3E18A5EC2C012F7F3D91D9\memo_calendar\
2020-04-20 18:07:36.0588  INFO - 이미지 변환 성공!
2020-04-20 18:07:36.0844  INFO - ==================== End ====================
2020-04-20 18:08:29.3680  INFO - ==================== Start ====================
2020-04-20 18:08:29.3680  INFO - Method: ExcelSaveAs, FilePath: C:\Data\workspace\E2DDB1F4A236D30F6E63319BEC7F35AC\Excel.xlsx, outPath: C:\Data\workspace\E2DDB1F4A236D30F6E63319BEC7F35AC\Excel.pdf, docPassword: 
2020-04-20 18:08:29.3890  INFO - 파일 언락 성공!
2020-04-20 18:08:53.8980  INFO - 변환 성공
2020-04-20 18:08:54.9648  INFO - ==================== End ====================
2020-04-20 18:08:54.9915  INFO - ==================== Start ====================
2020-04-20 18:08:54.9915  INFO - Method: PDFtoPng, FilePath: C:\Data\workspace\E2DDB1F4A236D30F6E63319BEC7F35AC\Excel.pdf, outPath: C:\Data\workspace\E2DDB1F4A236D30F6E63319BEC7F35AC\Excel\
2020-04-20 18:08:57.4682  INFO - 이미지 변환 성공!
2020-04-20 18:08:57.5042  INFO - ==================== End ====================
2020-04-20 18:08:57.7305  INFO - ==================== Start ====================
2020-04-20 18:08:57.7474  INFO - Method: ExcelSaveAs, FilePath: C:\Data\workspace\5834CC7C5A3E18A5EC2C012F7F3D91D9\memo_calendar.xlsx, outPath: C:\Data\workspace\5834CC7C5A3E18A5EC2C012F7F3D91D9\memo_calendar.pdf, docPassword: 
2020-04-20 18:08:57.7838  INFO - 파일 언락 성공!
2020-04-20 18:09:42.8681  INFO - 변환 성공
2020-04-20 18:09:44.1148  INFO - ==================== End ====================
2020-04-20 18:09:44.1287  INFO - ==================== Start ====================
2020-04-20 18:09:44.1467  INFO - Method: PDFtoJpeg, FilePath: C:\Data\workspace\5834CC7C5A3E18A5EC2C012F7F3D91D9\memo_calendar.pdf, outPath: C:\Data\workspace\5834CC7C5A3E18A5EC2C012F7F3D91D9\memo_calendar\
2020-04-20 18:09:45.1845  INFO - 이미지 변환 성공!
2020-04-20 18:09:45.2257  INFO - ==================== End ====================
2020-04-20 18:19:09.7007  INFO - ==================== Start ====================
2020-04-20 18:19:09.7007  INFO - Method: ExcelSaveAs, FilePath: C:\Data\workspace\E2DDB1F4A236D30F6E63319BEC7F35AC\Excel.xlsx, outPath: C:\Data\workspace\E2DDB1F4A236D30F6E63319BEC7F35AC\Excel.pdf, docPassword: 
2020-04-20 18:19:09.7197  INFO - 파일 언락 성공!
2020-04-20 18:19:12.5880  INFO - ==================== Start ====================
2020-04-20 18:19:12.5880  INFO - Method: ExcelSaveAs, FilePath: C:\Data\workspace\5834CC7C5A3E18A5EC2C012F7F3D91D9\memo_calendar.xlsx, outPath: C:\Data\workspace\5834CC7C5A3E18A5EC2C012F7F3D91D9\memo_calendar.pdf, docPassword: 
2020-04-20 18:19:12.6100  INFO - 파일 언락 성공!
2020-04-20 18:19:34.2915  INFO - 변환 성공
2020-04-20 18:19:35.3859  INFO - ==================== End ====================
2020-04-20 18:19:35.4109  INFO - ==================== Start ====================
2020-04-20 18:19:35.4209  INFO - Method: PDFtoJpeg, FilePath: C:\Data\workspace\E2DDB1F4A236D30F6E63319BEC7F35AC\Excel.pdf, outPath: C:\Data\workspace\E2DDB1F4A236D30F6E63319BEC7F35AC\Excel\
2020-04-20 18:19:38.2343  INFO - 이미지 변환 성공!
2020-04-20 18:19:38.2713  INFO - ==================== End ====================
2020-04-20 18:19:53.3656  INFO - 변환 성공
2020-04-20 18:19:54.3232  INFO - ==================== End ====================
2020-04-20 18:19:54.3431  INFO - ==================== Start ====================
2020-04-20 18:19:54.3581  INFO - Method: PDFtoPng, FilePath: C:\Data\workspace\5834CC7C5A3E18A5EC2C012F7F3D91D9\memo_calendar.pdf, outPath: C:\Data\workspace\5834CC7C5A3E18A5EC2C012F7F3D91D9\memo_calendar\
2020-04-20 18:19:55.0048  INFO - 이미지 변환 성공!
2020-04-20 18:19:55.0347  INFO - ==================== End ====================
2020-04-20 18:20:59.1142  INFO - ==================== Start ====================
2020-04-20 18:20:59.1172  INFO - ==================== Start ====================
2020-04-20 18:20:59.1172  INFO - Method: ExcelSaveAs, FilePath: C:\Data\workspace\E2DDB1F4A236D30F6E63319BEC7F35AC\Excel.xlsx, outPath: C:\Data\workspace\E2DDB1F4A236D30F6E63319BEC7F35AC\Excel.pdf, docPassword: 
2020-04-20 18:20:59.1432  INFO - Method: ExcelSaveAs, FilePath: C:\Data\workspace\5834CC7C5A3E18A5EC2C012F7F3D91D9\memo_calendar.xlsx, outPath: C:\Data\workspace\5834CC7C5A3E18A5EC2C012F7F3D91D9\memo_calendar.pdf, docPassword: 
2020-04-20 18:20:59.1582  INFO - 파일 언락 성공!
2020-04-20 18:20:59.1672  INFO - 파일 언락 성공!
2020-04-20 18:21:26.3692  INFO - 변환 성공
2020-04-20 18:21:27.5655  INFO - ==================== End ====================
2020-04-20 18:21:27.5885  INFO - ==================== Start ====================
2020-04-20 18:21:27.6075  INFO - Method: PDFtoJpeg, FilePath: C:\Data\workspace\E2DDB1F4A236D30F6E63319BEC7F35AC\Excel.pdf, outPath: C:\Data\workspace\E2DDB1F4A236D30F6E63319BEC7F35AC\Excel\
2020-04-20 18:21:30.4918  INFO - 이미지 변환 성공!
2020-04-20 18:21:30.5378  INFO - ==================== End ====================
2020-04-20 18:21:43.6313  INFO - 변환 성공
2020-04-20 18:21:44.6077  INFO - ==================== End ====================
2020-04-20 18:21:44.6247  INFO - ==================== Start ====================
2020-04-20 18:21:44.6467  INFO - Method: PDFtoPng, FilePath: C:\Data\workspace\5834CC7C5A3E18A5EC2C012F7F3D91D9\memo_calendar.pdf, outPath: C:\Data\workspace\5834CC7C5A3E18A5EC2C012F7F3D91D9\memo_calendar\
2020-04-20 18:21:45.3493  INFO - 이미지 변환 성공!
2020-04-20 18:21:45.3853  INFO - ==================== End ====================
