2020-04-20 18:04:09.1810  INFO - [INFO] DocConvert Server를 옵션없이 실행하였습니다.
2020-04-20 18:04:27.1539  INFO - [INFO] DocConvert Server를 옵션없이 실행하였습니다.
2020-04-20 18:04:46.6462  INFO - [INFO] DocConvert Server를 옵션없이 실행하였습니다.
2020-04-20 18:04:47.5328  INFO - [INFO] 나의 하드웨어 ID: BFEBFBFF000306C3
2020-04-20 18:04:47.5328  INFO - [INFO] 라이센스 만료날짜: 2021-03-24
2020-04-20 18:04:47.5328  INFO - [INFO] 한글 DLL을 레지스트리에 등록하였습니다.
2020-04-20 18:04:47.5328  INFO - [Scheduler] 스케줄러가 실행중입니다. 작업공간 정리 스케줄러: 3일   로그 정리 스케줄러: 30일
2020-04-20 18:04:47.9352  INFO - [Socket] 핸들러 등록 완료
2020-04-20 18:04:47.9352  INFO - [Socket] 서버 생성 성공
2020-04-20 18:04:47.9959  INFO - [Socket] Server Listening...
2020-04-20 18:04:47.9959  INFO - [Socket][INFO] IP: 127.0.0.1   포트: 12000   프로토콜: Tcp   서버이름: ConvertServer
2020-04-20 18:04:48.2373  INFO - [Web Socket] Server Listening...
2020-04-20 18:04:48.2373  INFO - [Web Socket][INFO] IP: 127.0.0.1   포트: 12005
2020-04-20 18:06:22.1855  INFO - [WebSocket] 클라이언트로 부터 연결요청이 들어옴: 127.0.0.1:49174
2020-04-20 18:06:22.3224  INFO - 
[WebSocket][Client => Server]
{
  "DocPassword": "",
  "FileName": "Excel.xlsx",
  "Method": "DocConvert",
  "ConvertIMG": 2,
  "KEY": "B29D00A3 - F825 - 4EB7 - 93C1 - A77F5E31A7C2"
}

2020-04-20 18:06:50.3688  INFO - 
[WebSocket][Server => Client]
{
  "convertImgCnt": "93",
  "URL": "/workspace/E2DDB1F4A236D30F6E63319BEC7F35AC",
  "isSuccess": true,
  "msg": "이미지 변환에 성공하였습니다.",
  "Method": "DocConvert"
}

2020-04-20 18:06:50.3688  INFO - [WebSocket] 작업 소요시간: 00:00:28.1313887
2020-04-20 18:06:50.3976  INFO - [WebSocket]서버와 연결이 해제되었습니다.
2020-04-20 18:06:50.3976  INFO - [WebSocket] 클라이언트로 부터 연결요청이 들어옴: 127.0.0.1:49177
2020-04-20 18:06:50.8488  INFO - 
[WebSocket][Client => Server]
{
  "DocPassword": "",
  "FileName": "memo_calendar.xlsx",
  "Method": "DocConvert",
  "ConvertIMG": 1,
  "KEY": "B29D00A3 - F825 - 4EB7 - 93C1 - A77F5E31A7C2"
}

2020-04-20 18:07:36.0944  INFO - 
[WebSocket][Server => Client]
{
  "convertImgCnt": "16",
  "URL": "/workspace/5834CC7C5A3E18A5EC2C012F7F3D91D9",
  "isSuccess": true,
  "msg": "이미지 변환에 성공하였습니다.",
  "Method": "DocConvert"
}

2020-04-20 18:07:36.0944  INFO - [WebSocket] 작업 소요시간: 00:00:45.2465466
2020-04-20 18:07:36.0944  INFO - [WebSocket]서버와 연결이 해제되었습니다.
2020-04-20 18:08:14.7660  INFO - [INFO] DocConvert Server를 옵션없이 실행하였습니다.
2020-04-20 18:08:15.5928  INFO - [INFO] 나의 하드웨어 ID: BFEBFBFF000306C3
2020-04-20 18:08:15.5928  INFO - [INFO] 라이센스 만료날짜: 2021-03-24
2020-04-20 18:08:15.5928  INFO - [INFO] 한글 DLL을 레지스트리에 등록하였습니다.
2020-04-20 18:08:15.6028  INFO - [Scheduler] 스케줄러가 실행중입니다. 작업공간 정리 스케줄러: 3일   로그 정리 스케줄러: 30일
2020-04-20 18:08:15.9338  INFO - [Socket] 핸들러 등록 완료
2020-04-20 18:08:15.9338  INFO - [Socket] 서버 생성 성공
2020-04-20 18:08:16.0069  INFO - [Socket] Server Listening...
2020-04-20 18:08:16.0069  INFO - [Socket][INFO] IP: 127.0.0.1   포트: 12000   프로토콜: Tcp   서버이름: ConvertServer
2020-04-20 18:08:16.1608  INFO - [Web Socket] Server Listening...
2020-04-20 18:08:16.1608  INFO - [Web Socket][INFO] IP: 127.0.0.1   포트: 12005
2020-04-20 18:08:29.1430  INFO - [WebSocket] 클라이언트로 부터 연결요청이 들어옴: 127.0.0.1:49320
2020-04-20 18:08:29.2935  INFO - 
[WebSocket][Client => Server]
{
  "DocPassword": "",
  "FileName": "Excel.xlsx",
  "Method": "DocConvert",
  "ConvertIMG": 2,
  "KEY": "B29D00A3 - F825 - 4EB7 - 93C1 - A77F5E31A7C2"
}

2020-04-20 18:08:57.5162  INFO - 
[WebSocket][Server => Client]
{
  "convertImgCnt": "93",
  "URL": "/workspace/E2DDB1F4A236D30F6E63319BEC7F35AC",
  "isSuccess": true,
  "msg": "이미지 변환에 성공하였습니다.",
  "Method": "DocConvert"
}

2020-04-20 18:08:57.5162  INFO - [WebSocket] 작업 소요시간: 00:00:28.2990716
2020-04-20 18:08:57.5252  INFO - [WebSocket]서버와 연결이 해제되었습니다.
2020-04-20 18:08:57.5252  INFO - [WebSocket] 클라이언트로 부터 연결요청이 들어옴: 127.0.0.1:49323
2020-04-20 18:08:57.6735  INFO - 
[WebSocket][Client => Server]
{
  "DocPassword": "",
  "FileName": "memo_calendar.xlsx",
  "Method": "DocConvert",
  "ConvertIMG": 1,
  "KEY": "B29D00A3 - F825 - 4EB7 - 93C1 - A77F5E31A7C2"
}

2020-04-20 18:09:45.2537  INFO - 
[WebSocket][Server => Client]
{
  "convertImgCnt": "16",
  "URL": "/workspace/5834CC7C5A3E18A5EC2C012F7F3D91D9",
  "isSuccess": true,
  "msg": "이미지 변환에 성공하였습니다.",
  "Method": "DocConvert"
}

2020-04-20 18:09:45.2537  INFO - [WebSocket] 작업 소요시간: 00:00:47.5822167
2020-04-20 18:09:45.2577  INFO - [WebSocket]서버와 연결이 해제되었습니다.
2020-04-20 18:18:54.9418  INFO - [INFO] DocConvert Server를 옵션없이 실행하였습니다.
2020-04-20 18:18:55.4265  INFO - [INFO] 나의 하드웨어 ID: BFEBFBFF000306C3
2020-04-20 18:18:55.4265  INFO - [INFO] 라이센스 만료날짜: 2021-03-24
2020-04-20 18:18:55.4325  INFO - [INFO] 한글 DLL을 레지스트리에 등록하였습니다.
2020-04-20 18:18:55.4325  INFO - [Scheduler] 스케줄러가 실행중입니다. 작업공간 정리 스케줄러: 3일   로그 정리 스케줄러: 30일
2020-04-20 18:18:55.7474  INFO - [Socket] 핸들러 등록 완료
2020-04-20 18:18:55.7474  INFO - [Socket] 서버 생성 성공
2020-04-20 18:18:55.8003  INFO - [Socket] Server Listening...
2020-04-20 18:18:55.8003  INFO - [Socket][INFO] IP: 127.0.0.1   포트: 12000   프로토콜: Tcp   서버이름: ConvertServer
2020-04-20 18:18:55.9113  INFO - [Web Socket] Server Listening...
2020-04-20 18:18:55.9113  INFO - [Web Socket][INFO] IP: 127.0.0.1   포트: 12005
2020-04-20 18:19:09.5408  INFO - [WebSocket] 클라이언트로 부터 연결요청이 들어옴: 127.0.0.1:49599
2020-04-20 18:19:09.6467  INFO - 
[WebSocket][Client => Server]
{
  "DocPassword": "",
  "FileName": "Excel.xlsx",
  "Method": "DocConvert",
  "ConvertIMG": 1,
  "KEY": "B29D00A3 - F825 - 4EB7 - 93C1 - A77F5E31A7C2"
}

2020-04-20 18:19:12.5480  INFO - [WebSocket] 클라이언트로 부터 연결요청이 들어옴: 127.0.0.1:49602
2020-04-20 18:19:12.5600  INFO - 
[WebSocket][Client => Server]
{
  "DocPassword": "",
  "FileName": "memo_calendar.xlsx",
  "Method": "DocConvert",
  "ConvertIMG": 2,
  "KEY": "B29D00A3 - F825 - 4EB7 - 93C1 - A77F5E31A7C2"
}

2020-04-20 18:19:38.2852  INFO - 
[WebSocket][Server => Client]
{
  "convertImgCnt": "93",
  "URL": "/workspace/E2DDB1F4A236D30F6E63319BEC7F35AC",
  "isSuccess": true,
  "msg": "이미지 변환에 성공하였습니다.",
  "Method": "DocConvert"
}

2020-04-20 18:19:38.2852  INFO - [WebSocket] 작업 소요시간: 00:00:28.6965208
2020-04-20 18:19:38.2942  INFO - [WebSocket]서버와 연결이 해제되었습니다.
2020-04-20 18:19:55.0447  INFO - 
[WebSocket][Server => Client]
{
  "convertImgCnt": "16",
  "URL": "/workspace/5834CC7C5A3E18A5EC2C012F7F3D91D9",
  "isSuccess": true,
  "msg": "이미지 변환에 성공하였습니다.",
  "Method": "DocConvert"
}

2020-04-20 18:19:55.0447  INFO - [WebSocket] 작업 소요시간: 00:00:42.4857157
2020-04-20 18:19:55.0447  INFO - [WebSocket]서버와 연결이 해제되었습니다.
2020-04-20 18:20:14.1238  INFO - [INFO] DocConvert Server를 옵션없이 실행하였습니다.
2020-04-20 18:20:14.4736  INFO - [INFO] 나의 하드웨어 ID: BFEBFBFF000306C3
2020-04-20 18:20:14.4736  INFO - [INFO] 라이센스 만료날짜: 2021-03-24
2020-04-20 18:20:14.4816  INFO - [INFO] 한글 DLL을 레지스트리에 등록하였습니다.
2020-04-20 18:20:14.4816  INFO - [Scheduler] 스케줄러가 실행중입니다. 작업공간 정리 스케줄러: 3일   로그 정리 스케줄러: 30일
2020-04-20 18:20:14.6585  INFO - [Socket] 핸들러 등록 완료
2020-04-20 18:20:14.6585  INFO - [Socket] 서버 생성 성공
2020-04-20 18:20:14.7764  INFO - [Socket] Server Listening...
2020-04-20 18:20:14.7764  INFO - [Socket][INFO] IP: 127.0.0.1   포트: 12000   프로토콜: Tcp   서버이름: ConvertServer
2020-04-20 18:20:15.6769  INFO - [Web Socket] Server Listening...
2020-04-20 18:20:15.6839  INFO - [Web Socket][INFO] IP: 127.0.0.1   포트: 12005
2020-04-20 18:20:58.6125  INFO - [WebSocket] 클라이언트로 부터 연결요청이 들어옴: 127.0.0.1:49771
2020-04-20 18:20:58.8174  INFO - 
[WebSocket][Client => Server]
{
  "DocPassword": "",
  "FileName": "Excel.xlsx",
  "Method": "DocConvert",
  "ConvertIMG": 1,
  "KEY": "B29D00A3 - F825 - 4EB7 - 93C1 - A77F5E31A7C2"
}

2020-04-20 18:20:59.0373  INFO - [WebSocket] 클라이언트로 부터 연결요청이 들어옴: 127.0.0.1:49773
2020-04-20 18:20:59.0573  INFO - 
[WebSocket][Client => Server]
{
  "DocPassword": "",
  "FileName": "memo_calendar.xlsx",
  "Method": "DocConvert",
  "ConvertIMG": 2,
  "KEY": "B29D00A3 - F825 - 4EB7 - 93C1 - A77F5E31A7C2"
}

2020-04-20 18:21:30.5528  INFO - 
[WebSocket][Server => Client]
{
  "convertImgCnt": "93",
  "URL": "/workspace/E2DDB1F4A236D30F6E63319BEC7F35AC",
  "isSuccess": true,
  "msg": "이미지 변환에 성공하였습니다.",
  "Method": "DocConvert"
}

2020-04-20 18:21:30.5608  INFO - [WebSocket] 작업 소요시간: 00:00:31.8673311
2020-04-20 18:21:30.5768  INFO - [WebSocket]서버와 연결이 해제되었습니다.
2020-04-20 18:21:45.4083  INFO - 
[WebSocket][Server => Client]
{
  "convertImgCnt": "16",
  "URL": "/workspace/5834CC7C5A3E18A5EC2C012F7F3D91D9",
  "isSuccess": true,
  "msg": "이미지 변환에 성공하였습니다.",
  "Method": "DocConvert"
}

2020-04-20 18:21:45.4083  INFO - [WebSocket] 작업 소요시간: 00:00:46.3530167
2020-04-20 18:21:45.4083  INFO - [WebSocket]서버와 연결이 해제되었습니다.
2020-04-20 18:22:32.8122  INFO - [INFO] DocConvert Server를 옵션없이 실행하였습니다.
2020-04-20 18:22:33.3738  INFO - [INFO] 나의 하드웨어 ID: BFEBFBFF000306C3
2020-04-20 18:22:33.3738  INFO - [INFO] 라이센스 만료날짜: 2021-03-24
2020-04-20 18:22:33.3738  INFO - [INFO] 한글 DLL을 레지스트리에 등록하였습니다.
2020-04-20 18:22:33.3818  INFO - [Scheduler] 스케줄러가 실행중입니다. 작업공간 정리 스케줄러: 3일   로그 정리 스케줄러: 30일
2020-04-20 18:22:33.5967  INFO - [Socket] 핸들러 등록 완료
2020-04-20 18:22:33.5967  INFO - [Socket] 서버 생성 성공
2020-04-20 18:22:33.6697  INFO - [Socket] Server Listening...
2020-04-20 18:22:33.6697  INFO - [Socket][INFO] IP: 127.0.0.1   포트: 12000   프로토콜: Tcp   서버이름: ConvertServer
2020-04-20 18:22:34.0544  INFO - [Web Socket] Server Listening...
2020-04-20 18:22:34.0544  INFO - [Web Socket][INFO] IP: 127.0.0.1   포트: 12005
2020-04-20 18:22:51.3165  INFO - [INFO] DocConvert Server를 옵션없이 실행하였습니다.
2020-04-20 18:22:51.5134  INFO - [INFO] 나의 하드웨어 ID: BFEBFBFF000306C3
2020-04-20 18:22:51.5134  INFO - [INFO] 라이센스 만료날짜: 2021-03-24
2020-04-20 18:22:51.5134  INFO - [INFO] 한글 DLL을 레지스트리에 등록하였습니다.
2020-04-20 18:22:51.5134  INFO - [Scheduler] 스케줄러가 실행중입니다. 작업공간 정리 스케줄러: 3일   로그 정리 스케줄러: 30일
2020-04-20 18:22:51.5984  INFO - [Socket] 핸들러 등록 완료
2020-04-20 18:22:51.5984  INFO - [Socket] 서버 생성 성공
2020-04-20 18:22:51.6314  INFO - [Socket] Server Listening...
2020-04-20 18:22:51.6324  INFO - [Socket][INFO] IP: 127.0.0.1   포트: 12000   프로토콜: Tcp   서버이름: ConvertServer
2020-04-20 18:22:51.7273  INFO - [Web Socket] Server Listening...
2020-04-20 18:22:51.7273  INFO - [Web Socket][INFO] IP: 127.0.0.1   포트: 12005
2020-04-20 19:52:13.9171  INFO - [INFO] DocConvert Server를 옵션없이 실행하였습니다.
2020-04-20 19:52:37.2601  INFO - [INFO] DocConvert Server를 옵션없이 실행하였습니다.
2020-04-20 19:52:37.4795  INFO - [INFO] 나의 하드웨어 ID: BFEBFBFF000806EB
2020-04-20 19:52:37.4795  INFO - [INFO] 라이센스 만료날짜: 2020-12-31
2020-04-20 19:52:37.4855  INFO - [INFO] 한글 DLL을 레지스트리에 등록하였습니다.
2020-04-20 19:52:37.4855  INFO - [Scheduler] 스케줄러가 실행중입니다. 작업공간 정리 스케줄러: 3일   로그 정리 스케줄러: 30일
2020-04-20 19:52:37.5802  INFO - [Socket] 핸들러 등록 완료
2020-04-20 19:52:37.5802  INFO - [Socket] 서버 생성 성공
2020-04-20 19:52:37.6321  INFO - [Socket] Server Listening...
2020-04-20 19:52:37.6321  INFO - [Socket][INFO] IP: 127.0.0.1   포트: 12000   프로토콜: Tcp   서버이름: ConvertServer
2020-04-20 19:52:37.7448  INFO - [Web Socket] Server Listening...
2020-04-20 19:52:37.7448  INFO - [Web Socket][INFO] IP: 127.0.0.1   포트: 12005
2020-04-20 19:54:20.0621  INFO - [INFO] DocConvert Server를 옵션없이 실행하였습니다.
2020-04-20 19:54:20.3174  INFO - [INFO] 나의 하드웨어 ID: BFEBFBFF000806EB
2020-04-20 19:54:20.3174  INFO - [INFO] 라이센스 만료날짜: 2020-12-31
2020-04-20 19:54:20.3174  INFO - [INFO] 한글 DLL을 레지스트리에 등록하였습니다.
2020-04-20 19:54:20.3174  INFO - [Scheduler] 스케줄러가 실행중입니다. 작업공간 정리 스케줄러: 3일   로그 정리 스케줄러: 30일
2020-04-20 19:54:20.4191  INFO - [Socket] 핸들러 등록 완료
2020-04-20 19:54:20.4191  INFO - [Socket] 서버 생성 성공
2020-04-20 19:54:20.4560  INFO - [Socket] Server Listening...
2020-04-20 19:54:20.4560  INFO - [Socket][INFO] IP: 127.0.0.1   포트: 12000   프로토콜: Tcp   서버이름: ConvertServer
2020-04-20 19:54:20.5847  INFO - [Web Socket] Server Listening...
2020-04-20 19:54:20.5847  INFO - [Web Socket][INFO] IP: 127.0.0.1   포트: 12005
2020-04-20 19:57:58.1387  INFO - [INFO] DocConvert Server를 옵션없이 실행하였습니다.
2020-04-20 19:57:58.3940  INFO - [INFO] 나의 하드웨어 ID: BFEBFBFF000806EB
2020-04-20 19:57:58.3940  INFO - [INFO] 라이센스 만료날짜: 2020-12-31
2020-04-20 19:57:58.3940  INFO - [INFO] 한글 DLL을 레지스트리에 등록하였습니다.
2020-04-20 19:57:58.3940  INFO - [Scheduler] 스케줄러가 실행중입니다. 작업공간 정리 스케줄러: 3일   로그 정리 스케줄러: 30일
2020-04-20 19:57:58.4897  INFO - [Socket] 핸들러 등록 완료
2020-04-20 19:57:58.4897  INFO - [Socket] 서버 생성 성공
2020-04-20 19:57:58.5266  INFO - [Socket] Server Listening...
2020-04-20 19:57:58.5266  INFO - [Socket][INFO] IP: 127.0.0.1   포트: 12000   프로토콜: Tcp   서버이름: ConvertServer
2020-04-20 19:57:58.6333  INFO - [Web Socket] Server Listening...
2020-04-20 19:57:58.6333  INFO - [Web Socket][INFO] IP: 127.0.0.1   포트: 12005
2020-04-20 19:58:17.5840  INFO - [INFO] DocConvert Server를 옵션없이 실행하였습니다.
2020-04-20 19:58:17.8174  INFO - [INFO] 나의 하드웨어 ID: BFEBFBFF000806EB
2020-04-20 19:58:17.8174  INFO - [INFO] 라이센스 만료날짜: 2020-12-31
2020-04-20 19:58:17.8174  INFO - [INFO] 한글 DLL을 레지스트리에 등록하였습니다.
2020-04-20 19:58:17.8174  INFO - [Scheduler] 스케줄러가 실행중입니다. 작업공간 정리 스케줄러: 3일   로그 정리 스케줄러: 30일
2020-04-20 19:58:17.9211  INFO - [Socket] 핸들러 등록 완료
2020-04-20 19:58:17.9211  INFO - [Socket] 서버 생성 성공
2020-04-20 19:58:17.9581  INFO - [Socket] Server Listening...
2020-04-20 19:58:17.9581  INFO - [Socket][INFO] IP: 127.0.0.1   포트: 12000   프로토콜: Tcp   서버이름: ConvertServer
2020-04-20 19:58:18.0698  INFO - [Web Socket] Server Listening...
2020-04-20 19:58:18.0698  INFO - [Web Socket][INFO] IP: 127.0.0.1   포트: 12005
2020-04-20 19:58:26.3355  INFO - [INFO] DocConvert Server를 옵션없이 실행하였습니다.
2020-04-20 19:58:26.5669  INFO - [INFO] 나의 하드웨어 ID: BFEBFBFF000806EB
2020-04-20 19:58:26.5669  INFO - [INFO] 라이센스 만료날짜: 2020-12-31
2020-04-20 19:58:26.5669  INFO - [INFO] 한글 DLL을 레지스트리에 등록하였습니다.
2020-04-20 19:58:26.5669  INFO - [Scheduler] 스케줄러가 실행중입니다. 작업공간 정리 스케줄러: 3일   로그 정리 스케줄러: 30일
2020-04-20 19:58:26.6666  INFO - [Socket] 핸들러 등록 완료
2020-04-20 19:58:26.6666  INFO - [Socket] 서버 생성 성공
2020-04-20 19:58:26.6987  INFO - [Socket] Server Listening...
2020-04-20 19:58:26.6987  INFO - [Socket][INFO] IP: 127.0.0.1   포트: 12000   프로토콜: Tcp   서버이름: ConvertServer
2020-04-20 19:58:26.8033  INFO - [Web Socket] Server Listening...
2020-04-20 19:58:26.8033  INFO - [Web Socket][INFO] IP: 127.0.0.1   포트: 12005
2020-04-20 19:59:00.0038  INFO - [Scheduler] 작업공간 정리 스케줄러가 실행되었습니다.
2020-04-20 19:59:00.0626  INFO - [Scheduler] 로그 정리 스케줄러가 실행되었습니다.
2020-04-20 19:59:34.9622  INFO - [INFO] DocConvert Server를 옵션없이 실행하였습니다.
2020-04-20 19:59:35.1657  INFO - [INFO] 나의 하드웨어 ID: BFEBFBFF000806EB
2020-04-20 19:59:35.1657  INFO - [INFO] 라이센스 만료날짜: 2020-12-31
2020-04-20 19:59:35.1736  INFO - [INFO] 한글 DLL을 레지스트리에 등록하였습니다.
2020-04-20 19:59:35.1736  INFO - [Scheduler] 스케줄러가 실행중입니다. 작업공간 정리 스케줄러: 3일   로그 정리 스케줄러: 30일
2020-04-20 19:59:35.2624  INFO - [Socket] 핸들러 등록 완료
2020-04-20 19:59:35.2624  INFO - [Socket] 서버 생성 성공
2020-04-20 19:59:35.2993  INFO - [Socket] Server Listening...
2020-04-20 19:59:35.2993  INFO - [Socket][INFO] IP: 127.0.0.1   포트: 12000   프로토콜: Tcp   서버이름: ConvertServer
2020-04-20 19:59:35.4000  INFO - [Web Socket] Server Listening...
2020-04-20 19:59:35.4000  INFO - [Web Socket][INFO] IP: 127.0.0.1   포트: 12005
2020-04-20 20:00:30.6627  INFO - [INFO] DocConvert Server를 옵션없이 실행하였습니다.
2020-04-20 20:00:30.8861  INFO - [INFO] 나의 하드웨어 ID: BFEBFBFF000806EB
2020-04-20 20:00:30.8861  INFO - [INFO] 라이센스 만료날짜: 2020-12-31
2020-04-20 20:00:30.8931  INFO - [INFO] 한글 DLL을 레지스트리에 등록하였습니다.
2020-04-20 20:00:30.8931  INFO - [Scheduler] 스케줄러가 실행중입니다. 작업공간 정리 스케줄러: 3일   로그 정리 스케줄러: 30일
2020-04-20 20:01:32.6208  INFO - [INFO] DocConvert Server를 옵션없이 실행하였습니다.
2020-04-20 20:01:32.8572  INFO - [INFO] 나의 하드웨어 ID: BFEBFBFF000806EB
2020-04-20 20:01:32.8572  INFO - [INFO] 라이센스 만료날짜: 2020-12-31
2020-04-20 20:01:32.8953  INFO - [INFO] 한글 DLL을 레지스트리에 등록하였습니다.
2020-04-20 20:01:32.8953  INFO - [Scheduler] 스케줄러가 실행중입니다. 작업공간 정리 스케줄러: 3일   로그 정리 스케줄러: 30일
2020-04-20 20:01:33.0111  INFO - [Socket] 핸들러 등록 완료
2020-04-20 20:01:33.0111  INFO - [Socket] 서버 생성 성공
2020-04-20 20:01:33.0509  INFO - [Socket] Server Listening...
2020-04-20 20:01:33.0509  INFO - [Socket][INFO] IP: 127.0.0.1   포트: 12000   프로토콜: Tcp   서버이름: ConvertServer
2020-04-20 20:01:33.1546  INFO - [Web Socket] Server Listening...
2020-04-20 20:01:33.1546  INFO - [Web Socket][INFO] IP: 127.0.0.1   포트: 12005
2020-04-20 20:04:44.9655  INFO - [INFO] DocConvert Server를 옵션없이 실행하였습니다.
2020-04-20 20:04:45.1899  INFO - [INFO] 나의 하드웨어 ID: BFEBFBFF000806EB
2020-04-20 20:04:45.1899  INFO - [INFO] 라이센스 만료날짜: 2020-12-31
2020-04-20 20:04:45.1899  INFO - [INFO] 한글 DLL을 레지스트리에 등록하였습니다.
2020-04-20 20:04:45.1899  INFO - [Scheduler] 스케줄러가 실행중입니다. 작업공간 정리 스케줄러: 3일   로그 정리 스케줄러: 30일
2020-04-20 20:05:27.1654  INFO - [INFO] DocConvert Server를 옵션없이 실행하였습니다.
2020-04-20 20:05:27.3878  INFO - [INFO] 나의 하드웨어 ID: BFEBFBFF000806EB
2020-04-20 20:05:27.3878  INFO - [INFO] 라이센스 만료날짜: 2020-12-31
2020-04-20 20:05:27.3878  INFO - [INFO] 한글 DLL을 레지스트리에 등록하였습니다.
2020-04-20 20:05:27.3878  INFO - [Scheduler] 스케줄러가 실행중입니다. 작업공간 정리 스케줄러: 3일   로그 정리 스케줄러: 30일
2020-04-20 20:05:27.4905  INFO - [Socket] 핸들러 등록 완료
2020-04-20 20:05:27.4905  INFO - [Socket] 서버 생성 성공
2020-04-20 20:05:27.5284  INFO - [Socket] Server Listening...
2020-04-20 20:05:27.5284  INFO - [Socket][INFO] IP: 127.0.0.1   포트: 12000   프로토콜: Tcp   서버이름: ConvertServer
2020-04-20 20:05:27.6273  INFO - [Web Socket] Server Listening...
2020-04-20 20:05:27.6273  INFO - [Web Socket][INFO] IP: 127.0.0.1   포트: 12005
2020-04-20 20:06:10.8053  INFO - [INFO] DocConvert Server를 옵션없이 실행하였습니다.
2020-04-20 20:06:11.0546  INFO - [INFO] 나의 하드웨어 ID: BFEBFBFF000806EB
2020-04-20 20:06:11.0546  INFO - [INFO] 라이센스 만료날짜: 2020-12-31
2020-04-20 20:06:11.0616  INFO - [INFO] 한글 DLL을 레지스트리에 등록하였습니다.
2020-04-20 20:06:11.0616  INFO - [Scheduler] 스케줄러가 실행중입니다. 작업공간 정리 스케줄러: 3일   로그 정리 스케줄러: 30일
2020-04-20 20:06:11.1523  INFO - [Socket] 핸들러 등록 완료
2020-04-20 20:06:11.1523  INFO - [Socket] 서버 생성 성공
2020-04-20 20:06:11.1833  INFO - [Socket] Server Listening...
2020-04-20 20:06:11.1833  INFO - [Socket][INFO] IP: 127.0.0.1   포트: 12000   프로토콜: Tcp   서버이름: ConvertServer
2020-04-20 20:06:11.2830  INFO - [Web Socket] Server Listening...
2020-04-20 20:06:11.2830  INFO - [Web Socket][INFO] IP: 127.0.0.1   포트: 12005
2020-04-20 20:07:29.2090  INFO - [INFO] DocConvert Server를 옵션없이 실행하였습니다.
2020-04-20 20:07:29.4473  INFO - [INFO] 나의 하드웨어 ID: BFEBFBFF000806EB
2020-04-20 20:07:29.4473  INFO - [INFO] 라이센스 만료날짜: 2020-12-31
2020-04-20 20:07:29.4523  INFO - [INFO] 한글 DLL을 레지스트리에 등록하였습니다.
2020-04-20 20:07:29.4523  INFO - [Scheduler] 스케줄러가 실행중입니다. 작업공간 정리 스케줄러: 3일   로그 정리 스케줄러: 30일
2020-04-20 20:07:29.5741  INFO - [Socket] 핸들러 등록 완료
2020-04-20 20:07:29.5741  INFO - [Socket] 서버 생성 성공
2020-04-20 20:07:29.6149  INFO - [Socket] Server Listening...
2020-04-20 20:07:29.6149  INFO - [Socket][INFO] IP: 127.0.0.1   포트: 12000   프로토콜: Tcp   서버이름: ConvertServer
2020-04-20 20:07:29.7386  INFO - [Web Socket] Server Listening...
2020-04-20 20:07:29.7386  INFO - [Web Socket][INFO] IP: 127.0.0.1   포트: 12005
2020-04-20 20:07:53.2165  INFO - [INFO] DocConvert Server를 옵션없이 실행하였습니다.
2020-04-20 20:07:53.4379  INFO - [INFO] 나의 하드웨어 ID: BFEBFBFF000806EB
2020-04-20 20:07:53.4379  INFO - [INFO] 라이센스 만료날짜: 2020-12-31
2020-04-20 20:07:53.4379  INFO - [INFO] 한글 DLL을 레지스트리에 등록하였습니다.
2020-04-20 20:07:53.4379  INFO - [Scheduler] 스케줄러가 실행중입니다. 작업공간 정리 스케줄러: 3일   로그 정리 스케줄러: 30일
2020-04-20 20:07:53.5486  INFO - [Socket] 핸들러 등록 완료
2020-04-20 20:07:53.5486  INFO - [Socket] 서버 생성 성공
2020-04-20 20:07:53.5835  INFO - [Socket] Server Listening...
2020-04-20 20:07:53.5835  INFO - [Socket][INFO] IP: 127.0.0.1   포트: 12000   프로토콜: Tcp   서버이름: ConvertServer
2020-04-20 20:07:53.6963  INFO - [Web Socket] Server Listening...
2020-04-20 20:07:53.6963  INFO - [Web Socket][INFO] IP: 127.0.0.1   포트: 12005
2020-04-20 11:59:27.5589  INFO - [INFO] DocConvert Server를 옵션없이 실행하였습니다.
2020-04-20 11:59:27.7603  INFO - [INFO] 나의 하드웨어 ID: BFEBFBFF000806EB
2020-04-20 11:59:27.7603  INFO - [INFO] 라이센스 만료날짜: 2020-12-31
2020-04-20 11:59:27.7603  INFO - [INFO] 한글 DLL을 레지스트리에 등록하였습니다.
2020-04-20 11:59:27.7603  INFO - [Scheduler] 스케줄러가 실행중입니다. 작업공간 정리 스케줄러: 3일   로그 정리 스케줄러: 30일
2020-04-20 11:59:27.9019  INFO - [Socket] 핸들러 등록 완료
2020-04-20 11:59:27.9019  INFO - [Socket] 서버 생성 성공
2020-04-20 11:59:27.9518  INFO - [Socket] Server Listening...
2020-04-20 11:59:27.9518  INFO - [Socket][INFO] IP: 127.0.0.1   포트: 12000   프로토콜: Tcp   서버이름: ConvertServer
2020-04-20 11:59:28.2789  INFO - [Web Socket] Server Listening...
2020-04-20 11:59:28.2789  INFO - [Web Socket][INFO] IP: 127.0.0.1   포트: 12005
2020-04-20 11:59:25.7797  INFO - [INFO] DocConvert Server를 옵션없이 실행하였습니다.
2020-04-20 11:59:26.0181  INFO - [INFO] 나의 하드웨어 ID: BFEBFBFF000806EB
2020-04-20 11:59:26.0181  INFO - [INFO] 라이센스 만료날짜: 2020-12-31
2020-04-20 11:59:26.0181  INFO - [INFO] 한글 DLL을 레지스트리에 등록하였습니다.
2020-04-20 11:59:26.0181  INFO - [Scheduler] 스케줄러가 실행중입니다. 작업공간 정리 스케줄러: 3일   로그 정리 스케줄러: 30일
2020-04-20 11:59:26.1388  INFO - [Socket] 핸들러 등록 완료
2020-04-20 11:59:26.1388  INFO - [Socket] 서버 생성 성공
2020-04-20 11:59:26.1846  INFO - [Socket] Server Listening...
2020-04-20 11:59:26.1846  INFO - [Socket][INFO] IP: 127.0.0.1   포트: 12000   프로토콜: Tcp   서버이름: ConvertServer
2020-04-20 11:59:26.4928  INFO - [Web Socket] Server Listening...
2020-04-20 11:59:26.4928  INFO - [Web Socket][INFO] IP: 127.0.0.1   포트: 12005
2020-04-20 23:59:38.5675  INFO - [INFO] DocConvert Server를 옵션없이 실행하였습니다.
2020-04-20 23:59:38.8198  INFO - [INFO] 나의 하드웨어 ID: BFEBFBFF000806EB
2020-04-20 23:59:38.8198  INFO - [INFO] 라이센스 만료날짜: 2020-12-31
2020-04-20 23:59:38.8198  INFO - [INFO] 한글 DLL을 레지스트리에 등록하였습니다.
2020-04-20 23:59:38.8198  INFO - [Scheduler] 스케줄러가 실행중입니다. 작업공간 정리 스케줄러: 3일   로그 정리 스케줄러: 30일
2020-04-20 23:59:38.9455  INFO - [Socket] 핸들러 등록 완료
2020-04-20 23:59:38.9455  INFO - [Socket] 서버 생성 성공
2020-04-20 23:59:38.9924  INFO - [Socket] Server Listening...
2020-04-20 23:59:38.9924  INFO - [Socket][INFO] IP: 127.0.0.1   포트: 12000   프로토콜: Tcp   서버이름: ConvertServer
2020-04-20 23:59:39.1120  INFO - [Web Socket] Server Listening...
2020-04-20 23:59:39.1120  INFO - [Web Socket][INFO] IP: 127.0.0.1   포트: 12005
2020-04-20 20:18:38.5187  INFO - [INFO] DocConvert Server를 옵션없이 실행하였습니다.
2020-04-20 20:18:39.4801  INFO - [INFO] 나의 하드웨어 ID: BFEBFBFF000806EB
2020-04-20 20:18:39.4801  INFO - [INFO] 라이센스 만료날짜: 2020-12-31
2020-04-20 20:18:39.4801  INFO - [INFO] 한글 DLL을 레지스트리에 등록하였습니다.
2020-04-20 20:18:39.4801  INFO - [Scheduler] 스케줄러가 실행중입니다. 작업공간 정리 스케줄러: 3일   로그 정리 스케줄러: 30일
2020-04-20 20:18:39.9150  INFO - [Socket] 핸들러 등록 완료
2020-04-20 20:18:39.9150  INFO - [Socket] 서버 생성 성공
2020-04-20 20:18:39.9918  INFO - [Socket] Server Listening...
2020-04-20 20:18:39.9918  INFO - [Socket][INFO] IP: 127.0.0.1   포트: 12000   프로토콜: Tcp   서버이름: ConvertServer
2020-04-20 20:18:40.4485  INFO - [Web Socket] Server Listening...
2020-04-20 20:18:40.4485  INFO - [Web Socket][INFO] IP: 127.0.0.1   포트: 12005
2020-04-20 20:19:08.3344  INFO - [INFO] DocConvert Server를 옵션없이 실행하였습니다.
2020-04-20 20:19:09.4716  INFO - [INFO] 나의 하드웨어 ID: BFEBFBFF000806EB
2020-04-20 20:19:09.4716  INFO - [INFO] 라이센스 만료날짜: 2020-12-31
2020-04-20 20:19:09.4774  INFO - [INFO] 한글 DLL을 레지스트리에 등록하였습니다.
2020-04-20 20:19:09.4774  INFO - [Scheduler] 스케줄러가 실행중입니다. 작업공간 정리 스케줄러: 3일   로그 정리 스케줄러: 30일
2020-04-20 20:19:09.9269  INFO - [Socket] 핸들러 등록 완료
2020-04-20 20:19:09.9269  INFO - [Socket] 서버 생성 성공
2020-04-20 20:19:10.1393  INFO - [Socket] Server Listening...
2020-04-20 20:19:10.1393  INFO - [Socket][INFO] IP: 127.0.0.1   포트: 12000   프로토콜: Tcp   서버이름: ConvertServer
2020-04-20 20:19:10.8873  INFO - [Web Socket] Server Listening...
2020-04-20 20:19:10.8873  INFO - [Web Socket][INFO] IP: 127.0.0.1   포트: 12005
2020-04-20 20:27:00.4934  INFO - [INFO] DocConvert Server를 옵션없이 실행하였습니다.
2020-04-20 20:27:00.7388  INFO - [INFO] 나의 하드웨어 ID: BFEBFBFF000806EB
2020-04-20 20:27:00.7388  INFO - [INFO] 라이센스 만료날짜: 2020-12-31
2020-04-20 20:27:00.7478  INFO - [INFO] 한글 DLL을 레지스트리에 등록하였습니다.
2020-04-20 20:27:00.7478  INFO - [Scheduler] 스케줄러가 실행중입니다. 작업공간 정리 스케줄러: 3일   로그 정리 스케줄러: 30일
2020-04-20 20:27:00.8313  INFO - [Socket] 핸들러 등록 완료
2020-04-20 20:27:00.8313  INFO - [Socket] 서버 생성 성공
2020-04-20 20:27:00.8618  INFO - [Socket] Server Listening...
2020-04-20 20:27:00.8618  INFO - [Socket][INFO] IP: 127.0.0.1   포트: 12000   프로토콜: Tcp   서버이름: ConvertServer
2020-04-20 20:27:00.9704  INFO - [Web Socket] Server Listening...
2020-04-20 20:27:00.9704  INFO - [Web Socket][INFO] IP: 127.0.0.1   포트: 12005
2020-04-20 20:27:25.2849  INFO - [WebSocket] 클라이언트로 부터 연결요청이 들어옴: 127.0.0.1:6039
2020-04-20 20:27:25.3455  INFO - 
[WebSocket][Client => Server]
{
  "DocPassword": "",
  "Method": "DocConvert",
  "FileName": "Word 시작.docx",
  "KEY": "B29D00A3 - F825 - 4EB7 - 93C1 - A77F5E31A7C2",
  "ConvertIMG": 1
}

2020-04-20 20:27:33.7588  INFO - 
[WebSocket][Server => Client]
{
  "convertImgCnt": "8",
  "URL": "/workspace/FC88A00681BEA2BA4BCA029AEC82643A",
  "isSuccess": true,
  "msg": "이미지 변환에 성공하였습니다.",
  "Method": "DocConvert"
}

2020-04-20 20:27:33.7588  INFO - [WebSocket] 작업 소요시간: 00:00:08.4512079
2020-04-20 20:27:33.7588  INFO - [WebSocket]서버와 연결이 해제되었습니다.
2020-04-20 20:27:51.5258  INFO - [WebSocket] 클라이언트로 부터 연결요청이 들어옴: 127.0.0.1:6062
2020-04-20 20:27:51.5258  INFO - 
[WebSocket][Client => Server]
{
  "DocPassword": "",
  "Method": "DocConvert",
  "FileName": "Word 시작.docx",
  "KEY": "1B29D00A3 - F825 - 4EB7 - 93C1 - A77F5E31A7C2",
  "ConvertIMG": 1
}

2020-04-20 20:27:57.5110  INFO - 
[WebSocket][Server => Client]
{
  "URL": "/workspace/FC88A00681BEA2BA4BCA029AEC82643A",
  "isSuccess": true,
  "msg": "이미지 변환에 성공하였습니다.",
  "convertImgCnt": "8",
  "Method": "DocConvert"
}

2020-04-20 20:27:57.5110  INFO - [WebSocket] 작업 소요시간: 00:00:05.9765927
2020-04-20 20:27:57.5110  INFO - [WebSocket]서버와 연결이 해제되었습니다.
2020-04-20 20:28:35.0724  INFO - [INFO] DocConvert Server를 옵션없이 실행하였습니다.
2020-04-20 20:28:35.2719  INFO - [INFO] 나의 하드웨어 ID: BFEBFBFF000806EB
2020-04-20 20:28:35.2719  INFO - [INFO] 라이센스 만료날짜: 2020-12-31
2020-04-20 20:28:35.2719  INFO - [INFO] 한글 DLL을 레지스트리에 등록하였습니다.
2020-04-20 20:28:35.2719  INFO - [Scheduler] 스케줄러가 실행중입니다. 작업공간 정리 스케줄러: 3일   로그 정리 스케줄러: 30일
2020-04-20 20:28:35.3685  INFO - [Socket] 핸들러 등록 완료
2020-04-20 20:28:35.3685  INFO - [Socket] 서버 생성 성공
2020-04-20 20:28:35.4275  INFO - [Socket] Server Listening...
2020-04-20 20:28:35.4285  INFO - [Socket][INFO] IP: 127.0.0.1   포트: 12000   프로토콜: Tcp   서버이름: ConvertServer
2020-04-20 20:28:35.5280  INFO - [Web Socket] Server Listening...
2020-04-20 20:28:35.5280  INFO - [Web Socket][INFO] IP: 127.0.0.1   포트: 12005
2020-04-20 20:28:44.8298  INFO - [WebSocket] 클라이언트로 부터 연결요청이 들어옴: 127.0.0.1:6081
2020-04-20 20:28:44.8880  INFO - 
[WebSocket][Client => Server]
{
  "DocPassword": "",
  "Method": "DocConvert",
  "FileName": "Word 시작.docx",
  "KEY": "1B29D00A3 - F825 - 4EB7 - 93C1 - A77F5E31A7C2",
  "ConvertIMG": 1
}

2020-04-20 20:28:51.0387  INFO - 
[WebSocket][Server => Client]
{
  "URL": "/workspace/FC88A00681BEA2BA4BCA029AEC82643A",
  "isSuccess": true,
  "msg": "이미지 변환에 성공하였습니다.",
  "convertImgCnt": "8",
  "Method": "DocConvert"
}

2020-04-20 20:28:51.0387  INFO - [WebSocket] 작업 소요시간: 00:00:06.1848419
2020-04-20 20:28:51.0387  INFO - [WebSocket]서버와 연결이 해제되었습니다.
2020-04-20 20:29:41.8900  INFO - [INFO] DocConvert Server를 옵션없이 실행하였습니다.
2020-04-20 20:29:42.1001  INFO - [INFO] 나의 하드웨어 ID: BFEBFBFF000806EB
2020-04-20 20:29:42.1001  INFO - [INFO] 라이센스 만료날짜: 2020-12-31
2020-04-20 20:29:42.1001  INFO - [INFO] 한글 DLL을 레지스트리에 등록하였습니다.
2020-04-20 20:29:42.1001  INFO - [Scheduler] 스케줄러가 실행중입니다. 작업공간 정리 스케줄러: 3일   로그 정리 스케줄러: 30일
2020-04-20 20:29:42.1693  INFO - [Socket] 핸들러 등록 완료
2020-04-20 20:29:42.1693  INFO - [Socket] 서버 생성 성공
2020-04-20 20:29:42.2023  INFO - [Socket] Server Listening...
2020-04-20 20:29:42.2023  INFO - [Socket][INFO] IP: 127.0.0.1   포트: 12000   프로토콜: Tcp   서버이름: ConvertServer
2020-04-20 20:29:42.3076  INFO - [Web Socket] Server Listening...
2020-04-20 20:29:42.3076  INFO - [Web Socket][INFO] IP: 127.0.0.1   포트: 12005
2020-04-20 20:29:47.1224  INFO - [WebSocket] 클라이언트로 부터 연결요청이 들어옴: 127.0.0.1:6102
2020-04-20 20:29:47.1791  INFO - 
[WebSocket][Client => Server]
{
  "DocPassword": "",
  "Method": "DocConvert",
  "FileName": "Word 시작.docx",
  "KEY": "1B29D00A3 - F825 - 4EB7 - 93C1 - A77F5E31A7C2",
  "ConvertIMG": 1
}

2020-04-20 20:30:31.1744  INFO - [INFO] DocConvert Server를 옵션없이 실행하였습니다.
2020-04-20 20:30:31.3514  INFO - [INFO] 나의 하드웨어 ID: BFEBFBFF000806EB
2020-04-20 20:30:31.3514  INFO - [INFO] 라이센스 만료날짜: 2020-12-31
2020-04-20 20:30:31.3514  INFO - [INFO] 한글 DLL을 레지스트리에 등록하였습니다.
2020-04-20 20:30:31.3514  INFO - [Scheduler] 스케줄러가 실행중입니다. 작업공간 정리 스케줄러: 3일   로그 정리 스케줄러: 30일
2020-04-20 20:30:31.4303  INFO - [Socket] 핸들러 등록 완료
2020-04-20 20:30:31.4303  INFO - [Socket] 서버 생성 성공
2020-04-20 20:30:31.4658  INFO - [Socket] Server Listening...
2020-04-20 20:30:31.4658  INFO - [Socket][INFO] IP: 127.0.0.1   포트: 12000   프로토콜: Tcp   서버이름: ConvertServer
2020-04-20 20:30:31.5684  INFO - [Web Socket] Server Listening...
2020-04-20 20:30:31.5694  INFO - [Web Socket][INFO] IP: 127.0.0.1   포트: 12005
2020-04-20 20:30:46.7544  INFO - [WebSocket] 클라이언트로 부터 연결요청이 들어옴: 127.0.0.1:6112
2020-04-20 20:30:46.8096  INFO - 
[WebSocket][Client => Server]
{
  "DocPassword": "",
  "Method": "DocConvert",
  "FileName": "Word 시작.docx",
  "KEY": "1B29D00A3 - F825 - 4EB7 - 93C1 - A77F5E31A7C2",
  "ConvertIMG": 2
}

2020-04-20 20:30:46.8289  INFO - 
[WebSocket][Server => Client]
{
  "URL": null,
  "isSuccess": false,
  "msg": "키가 유효하지 않습니다. 확인 후 다시시도하세요.",
  "Method": "DocConvert"
}

2020-04-20 20:30:46.8289  INFO - [WebSocket] 작업 소요시간: 00:00:00.0503156
2020-04-20 20:30:46.8289  INFO - [WebSocket]서버와 연결이 해제되었습니다.
2020-04-20 20:34:03.1327  INFO - [WebSocket] 클라이언트로 부터 연결요청이 들어옴: 127.0.0.1:6130
2020-04-20 20:34:03.1327  INFO - 
[WebSocket][Client => Server]
{
  "DocPassword": "",
  "Method": "DocConvert",
  "FileName": "Word 시작.docx",
  "KEY": "1B29D00A3 - F825 - 4EB7 - 93C1 - A77F5E31A7C2",
  "ConvertIMG": 2
}

2020-04-20 20:34:03.1327  INFO - 
[WebSocket][Server => Client]
{
  "URL": null,
  "isSuccess": false,
  "msg": "키가 유효하지 않습니다. 확인 후 다시시도하세요.",
  "Method": "DocConvert"
}

2020-04-20 20:34:03.1327  INFO - [WebSocket] 작업 소요시간: 00:00:00.0009987
2020-04-20 20:34:03.1327  INFO - [WebSocket]서버와 연결이 해제되었습니다.
2020-04-20 20:34:32.7170  INFO - [WebSocket] 클라이언트로 부터 연결요청이 들어옴: 127.0.0.1:6141
2020-04-20 20:34:32.7267  INFO - 
[WebSocket][Client => Server]
{
  "DocPassword": "",
  "Method": "DocConvert",
  "FileName": "Word 시작.docx",
  "KEY": "B29D00A3 - F825 - 4EB7 - 93C1 - A77F5E31A7C2",
  "ConvertIMG": 2
}

2020-04-20 20:34:39.2348  INFO - 
[WebSocket][Server => Client]
{
  "convertImgCnt": "8",
  "URL": "/workspace/FC88A00681BEA2BA4BCA029AEC82643A",
  "isSuccess": true,
  "msg": "이미지 변환에 성공하였습니다.",
  "Method": "DocConvert"
}

2020-04-20 20:34:39.2348  INFO - [WebSocket] 작업 소요시간: 00:00:06.5137345
2020-04-20 20:34:39.2416  INFO - [WebSocket]서버와 연결이 해제되었습니다.
