2020-04-19 13:12:04.6953  INFO - ==================== Start ====================
2020-04-19 13:12:04.6953  INFO - Method: HwpSaveAs, FilePath: C:\Data\workspace\2B699FCE2A5094957B24445F97FCE8CC\Welcome to Hwp.hwp, outPath: C:\Data\workspace\2B699FCE2A5094957B24445F97FCE8CC\Welcome to Hwp.pdf
2020-04-19 13:12:04.7109  INFO - 파일 언락 성공!
2020-04-19 13:12:09.9128  INFO - ==================== End ====================
2020-04-19 13:12:09.9440  INFO - ==================== Start ====================
2020-04-19 13:12:09.9440  INFO - Method: PDFtoPng, FilePath: C:\Data\workspace\2B699FCE2A5094957B24445F97FCE8CC\Welcome to Hwp.pdf, outPath: C:\Data\workspace\2B699FCE2A5094957B24445F97FCE8CC\Welcome to Hwp\
2020-04-19 13:12:10.0222  INFO - 이미지 변환 성공!
2020-04-19 13:12:10.0222  INFO - ==================== End ====================
2020-04-19 13:15:20.7802  INFO - ==================== Start ====================
2020-04-19 13:15:20.7802  INFO - Method: WordSaveAs, FilePath: C:\Data\workspace\FC88A00681BEA2BA4BCA029AEC82643A\Word 시작.docx, outPath: C:\Data\workspace\FC88A00681BEA2BA4BCA029AEC82643A\Word 시작.pdf, docPassword: 
2020-04-19 13:15:20.7802  INFO - 파일 언락 성공!
2020-04-19 13:15:24.8574  INFO - 변환 성공
2020-04-19 13:15:25.0761  INFO - ==================== End ====================
2020-04-19 13:15:25.0761  INFO - ==================== Start ====================
2020-04-19 13:15:25.0761  INFO - Method: PDFtoPng, FilePath: C:\Data\workspace\FC88A00681BEA2BA4BCA029AEC82643A\Word 시작.pdf, outPath: C:\Data\workspace\FC88A00681BEA2BA4BCA029AEC82643A\Word 시작\
2020-04-19 13:15:25.3054  INFO - 이미지 변환 성공!
2020-04-19 13:15:25.3054  INFO - ==================== End ====================
2020-04-19 13:15:32.3942  INFO - ==================== Start ====================
2020-04-19 13:15:32.3942  INFO - Method: ExcelSaveAs, FilePath: C:\Data\workspace\8DF91B0995A750BFE6B8873646995F7B\Excel 시작.xlsx, outPath: C:\Data\workspace\8DF91B0995A750BFE6B8873646995F7B\Excel 시작.pdf, docPassword: 
2020-04-19 13:15:32.3942  INFO - 파일 언락 성공!
2020-04-19 13:15:46.0004  INFO - 변환 성공
2020-04-19 13:15:46.5628  INFO - ==================== End ====================
2020-04-19 13:15:46.5628  INFO - ==================== Start ====================
2020-04-19 13:15:46.5628  INFO - Method: PDFtoPng, FilePath: C:\Data\workspace\8DF91B0995A750BFE6B8873646995F7B\Excel 시작.pdf, outPath: C:\Data\workspace\8DF91B0995A750BFE6B8873646995F7B\Excel 시작\
2020-04-19 13:15:47.6563  INFO - 이미지 변환 성공!
2020-04-19 13:15:47.6719  INFO - ==================== End ====================
2020-04-19 13:17:25.9283  INFO - ==================== Start ====================
2020-04-19 13:17:25.9283  INFO - Method: WordSaveAs, FilePath: C:\Data\workspace\2E48D4CF48C7B4A7959CD45D68C9E915\DocConvert.docx, outPath: C:\Data\workspace\2E48D4CF48C7B4A7959CD45D68C9E915\DocConvert.pdf, docPassword: 
2020-04-19 13:17:25.9283  INFO - 파일 언락 성공!
2020-04-19 13:17:29.7243  INFO - 변환 성공
2020-04-19 13:17:29.8805  INFO - ==================== End ====================
2020-04-19 13:17:29.8962  INFO - ==================== Start ====================
2020-04-19 13:17:29.8962  INFO - Method: PDFtoJpeg, FilePath: C:\Data\workspace\2E48D4CF48C7B4A7959CD45D68C9E915\DocConvert.pdf, outPath: C:\Data\workspace\2E48D4CF48C7B4A7959CD45D68C9E915\DocConvert\
2020-04-19 13:17:30.0992  INFO - 이미지 변환 성공!
2020-04-19 13:17:30.0992  INFO - ==================== End ====================
2020-04-19 13:17:55.1046  INFO - ==================== Start ====================
2020-04-19 13:17:55.1046  INFO - Method: ExcelSaveAs, FilePath: C:\Data\workspace\8DF91B0995A750BFE6B8873646995F7B\Excel 시작.xlsx, outPath: C:\Data\workspace\8DF91B0995A750BFE6B8873646995F7B\Excel 시작.pdf, docPassword: 
2020-04-19 13:17:55.1202  INFO - 파일 언락 성공!
2020-04-19 13:18:07.1017  INFO - 변환 성공
2020-04-19 13:18:07.6172  INFO - ==================== End ====================
2020-04-19 13:18:07.6172  INFO - ==================== Start ====================
2020-04-19 13:18:07.6172  INFO - Method: PDFtoJpeg, FilePath: C:\Data\workspace\8DF91B0995A750BFE6B8873646995F7B\Excel 시작.pdf, outPath: C:\Data\workspace\8DF91B0995A750BFE6B8873646995F7B\Excel 시작\
2020-04-19 13:18:08.5076  INFO - 이미지 변환 성공!
2020-04-19 13:18:08.5076  INFO - ==================== End ====================
2020-04-19 13:18:15.8953  INFO - ==================== Start ====================
2020-04-19 13:18:15.8953  INFO - Method: WordSaveAs, FilePath: C:\Data\workspace\FC88A00681BEA2BA4BCA029AEC82643A\Word 시작.docx, outPath: C:\Data\workspace\FC88A00681BEA2BA4BCA029AEC82643A\Word 시작.pdf, docPassword: 
2020-04-19 13:18:15.8953  INFO - 파일 언락 성공!
2020-04-19 13:18:19.7069  INFO - 변환 성공
2020-04-19 13:18:19.9725  INFO - ==================== End ====================
2020-04-19 13:18:19.9725  INFO - ==================== Start ====================
2020-04-19 13:18:19.9725  INFO - Method: PDFtoJpeg, FilePath: C:\Data\workspace\FC88A00681BEA2BA4BCA029AEC82643A\Word 시작.pdf, outPath: C:\Data\workspace\FC88A00681BEA2BA4BCA029AEC82643A\Word 시작\
2020-04-19 13:18:20.0975  INFO - 이미지 변환 성공!
2020-04-19 13:18:20.0975  INFO - ==================== End ====================
2020-04-19 13:20:49.9637  INFO - ==================== Start ====================
2020-04-19 13:20:49.9637  INFO - Method: PowerPointSaveAs, FilePath: C:\Data\workspace\EF571FDA3EDF671CBBF1EDDF9C63C0ED\PowerPoint 시작.pptx, outPath: C:\Data\workspace\EF571FDA3EDF671CBBF1EDDF9C63C0ED\PowerPoint 시작.pdf, docPassword: 
2020-04-19 13:20:49.9637  INFO - 파일 언락 성공!
2020-04-19 13:20:51.6457  INFO - 변환 성공
2020-04-19 13:20:51.7238  INFO - ==================== End ====================
2020-04-19 13:20:51.7395  INFO - ==================== Start ====================
2020-04-19 13:20:51.7395  INFO - Method: PDFtoPng, FilePath: C:\Data\workspace\EF571FDA3EDF671CBBF1EDDF9C63C0ED\PowerPoint 시작.pdf, outPath: C:\Data\workspace\EF571FDA3EDF671CBBF1EDDF9C63C0ED\PowerPoint 시작\
2020-04-19 13:20:52.0519  INFO - 이미지 변환 성공!
2020-04-19 13:20:52.0675  INFO - ==================== End ====================
2020-04-19 14:16:56.0571  INFO - ==================== Start ====================
2020-04-19 14:16:56.0571  INFO - Method: WordSaveAs, FilePath: C:\Data\workspace\2E48D4CF48C7B4A7959CD45D68C9E915\DocConvert.docx, outPath: C:\Data\workspace\2E48D4CF48C7B4A7959CD45D68C9E915\DocConvert.pdf, docPassword: 
2020-04-19 14:16:56.0571  INFO - 파일 언락 성공!
2020-04-19 14:17:00.3534  INFO - 변환 성공
2020-04-19 14:17:00.5570  INFO - ==================== End ====================
2020-04-19 14:17:00.5721  INFO - ==================== Start ====================
2020-04-19 14:17:00.5721  INFO - Method: PDFtoJpeg, FilePath: C:\Data\workspace\2E48D4CF48C7B4A7959CD45D68C9E915\DocConvert.pdf, outPath: C:\Data\workspace\2E48D4CF48C7B4A7959CD45D68C9E915\DocConvert\
2020-04-19 14:17:00.7596  INFO - 이미지 변환 성공!
2020-04-19 14:17:00.7596  INFO - ==================== End ====================
2020-04-19 14:17:09.9614  INFO - ==================== Start ====================
2020-04-19 14:17:09.9614  INFO - Method: WordSaveAs, FilePath: C:\Data\workspace\2E48D4CF48C7B4A7959CD45D68C9E915\DocConvert.docx, outPath: C:\Data\workspace\2E48D4CF48C7B4A7959CD45D68C9E915\DocConvert.pdf, docPassword: 
2020-04-19 14:17:09.9771  INFO - 파일 언락 성공!
2020-04-19 14:17:13.9120  INFO - 변환 성공
2020-04-19 14:17:14.0998  INFO - ==================== End ====================
2020-04-19 14:21:03.8507  INFO - ==================== Start ====================
2020-04-19 14:21:03.8507  INFO - Method: ExcelSaveAs, FilePath: C:\Data\workspace\8DF91B0995A750BFE6B8873646995F7B\Excel 시작.xlsx, outPath: C:\Data\workspace\8DF91B0995A750BFE6B8873646995F7B\Excel 시작.pdf, docPassword: 
2020-04-19 14:21:03.8507  INFO - 파일 언락 성공!
2020-04-19 14:21:17.4420  INFO - 변환 성공
2020-04-19 14:21:17.9888  INFO - ==================== End ====================
2020-04-19 14:21:22.2106  INFO - ==================== Start ====================
2020-04-19 14:21:22.2106  INFO - Method: ExcelSaveAs, FilePath: C:\Data\workspace\8DF91B0995A750BFE6B8873646995F7B\Excel 시작.xlsx, outPath: C:\Data\workspace\8DF91B0995A750BFE6B8873646995F7B\Excel 시작.pdf, docPassword: 
2020-04-19 14:21:22.2106  INFO - 파일 언락 성공!
2020-04-19 14:21:34.4728  INFO - 변환 성공
2020-04-19 14:21:35.0507  INFO - ==================== End ====================
2020-04-19 14:21:35.0664  INFO - ==================== Start ====================
2020-04-19 14:21:35.0664  INFO - Method: PDFtoJpeg, FilePath: C:\Data\workspace\8DF91B0995A750BFE6B8873646995F7B\Excel 시작.pdf, outPath: C:\Data\workspace\8DF91B0995A750BFE6B8873646995F7B\Excel 시작\
2020-04-19 14:21:36.0997  INFO - 이미지 변환 성공!
2020-04-19 14:21:36.1154  INFO - ==================== End ====================
2020-04-19 14:23:54.8512  INFO - ==================== Start ====================
2020-04-19 14:23:54.8512  INFO - Method: WordSaveAs, FilePath: C:\Data\workspace\2E48D4CF48C7B4A7959CD45D68C9E915\DocConvert.docx, outPath: C:\Data\workspace\2E48D4CF48C7B4A7959CD45D68C9E915\DocConvert.pdf, docPassword: 
2020-04-19 14:23:54.8512  INFO - 파일 언락 성공!
2020-04-19 14:23:58.8956  INFO - 변환 성공
2020-04-19 14:23:59.0945  INFO - ==================== End ====================
2020-04-19 14:24:01.6026  INFO - ==================== Start ====================
2020-04-19 14:24:01.6026  INFO - Method: WordSaveAs, FilePath: C:\Data\workspace\2E48D4CF48C7B4A7959CD45D68C9E915\DocConvert.docx, outPath: C:\Data\workspace\2E48D4CF48C7B4A7959CD45D68C9E915\DocConvert.pdf, docPassword: 
2020-04-19 14:24:01.6026  INFO - 파일 언락 성공!
2020-04-19 14:24:05.4298  INFO - 변환 성공
2020-04-19 14:24:05.6485  INFO - ==================== End ====================
2020-04-19 14:24:05.6485  INFO - ==================== Start ====================
2020-04-19 14:24:05.6485  INFO - Method: PDFtoJpeg, FilePath: C:\Data\workspace\2E48D4CF48C7B4A7959CD45D68C9E915\DocConvert.pdf, outPath: C:\Data\workspace\2E48D4CF48C7B4A7959CD45D68C9E915\DocConvert\
2020-04-19 14:24:05.8516  INFO - 이미지 변환 성공!
2020-04-19 14:24:05.8516  INFO - ==================== End ====================
2020-04-19 15:06:50.0426  INFO - ==================== Start ====================
2020-04-19 15:06:50.0426  INFO - Method: ExcelSaveAs, FilePath: C:\Data\workspace\8DF91B0995A750BFE6B8873646995F7B\Excel 시작.xlsx, outPath: C:\Data\workspace\8DF91B0995A750BFE6B8873646995F7B\Excel 시작.pdf, docPassword: 
2020-04-19 15:06:50.0426  INFO - 파일 언락 성공!
2020-04-19 15:07:02.7841  INFO - 변환 성공
2020-04-19 15:07:03.2996  INFO - ==================== End ====================
2020-04-19 15:07:03.2996  INFO - ==================== Start ====================
2020-04-19 15:07:03.2996  INFO - Method: PDFtoJpeg, FilePath: C:\Data\workspace\8DF91B0995A750BFE6B8873646995F7B\Excel 시작.pdf, outPath: C:\Data\workspace\8DF91B0995A750BFE6B8873646995F7B\Excel 시작\
2020-04-19 15:07:04.3775  INFO - 이미지 변환 성공!
2020-04-19 15:07:04.3931  INFO - ==================== End ====================
2020-04-19 15:08:04.5162  INFO - ==================== Start ====================
2020-04-19 15:08:04.5162  INFO - Method: WordSaveAs, FilePath: C:\Data\workspace\FC88A00681BEA2BA4BCA029AEC82643A\Word 시작.docx, outPath: C:\Data\workspace\FC88A00681BEA2BA4BCA029AEC82643A\Word 시작.pdf, docPassword: 
2020-04-19 15:08:04.5162  INFO - 파일 언락 성공!
2020-04-19 15:08:08.6402  INFO - 변환 성공
2020-04-19 15:08:08.9214  INFO - ==================== End ====================
2020-04-19 15:28:09.8006  INFO - ==================== Start ====================
2020-04-19 15:28:09.8006  INFO - Method: WordSaveAs, FilePath: C:\Data\workspace\2E48D4CF48C7B4A7959CD45D68C9E915\DocConvert.docx, outPath: C:\Data\workspace\2E48D4CF48C7B4A7959CD45D68C9E915\DocConvert.pdf, docPassword: 
2020-04-19 15:28:09.8006  INFO - 파일 언락 성공!
2020-04-19 15:28:13.8934  INFO - 변환 성공
2020-04-19 15:28:14.0808  INFO - ==================== End ====================
2020-04-19 15:28:14.0808  INFO - ==================== Start ====================
2020-04-19 15:28:14.0808  INFO - Method: PDFtoJpeg, FilePath: C:\Data\workspace\2E48D4CF48C7B4A7959CD45D68C9E915\DocConvert.pdf, outPath: C:\Data\workspace\2E48D4CF48C7B4A7959CD45D68C9E915\DocConvert\
2020-04-19 15:28:14.2058  INFO - 이미지 변환 성공!
2020-04-19 15:28:14.2058  INFO - ==================== End ====================
2020-04-19 15:28:40.8764  INFO - ==================== Start ====================
2020-04-19 15:28:40.8764  INFO - Method: WordSaveAs, FilePath: C:\Data\workspace\2E48D4CF48C7B4A7959CD45D68C9E915\DocConvert.docx, outPath: C:\Data\workspace\2E48D4CF48C7B4A7959CD45D68C9E915\DocConvert.pdf, docPassword: 
2020-04-19 15:28:40.8764  INFO - 파일 언락 성공!
2020-04-19 15:28:44.7036  INFO - 변환 성공
2020-04-19 15:28:44.8761  INFO - ==================== End ====================
2020-04-19 15:28:44.8761  INFO - ==================== Start ====================
2020-04-19 15:28:44.8911  INFO - Method: PDFtoJpeg, FilePath: C:\Data\workspace\2E48D4CF48C7B4A7959CD45D68C9E915\DocConvert.pdf, outPath: C:\Data\workspace\2E48D4CF48C7B4A7959CD45D68C9E915\DocConvert\
2020-04-19 15:28:44.9848  INFO - 이미지 변환 성공!
2020-04-19 15:28:45.0005  INFO - ==================== End ====================
2020-04-19 16:12:26.5564  INFO - ==================== Start ====================
2020-04-19 16:12:26.5564  INFO - Method: PowerPointSaveAs, FilePath: C:\Data\workspace\EF571FDA3EDF671CBBF1EDDF9C63C0ED\PowerPoint 시작.pptx, outPath: C:\Data\workspace\EF571FDA3EDF671CBBF1EDDF9C63C0ED\PowerPoint 시작.pdf, docPassword: 
2020-04-19 16:12:26.5564  INFO - 파일 언락 성공!
2020-04-19 16:12:31.8530  INFO - 변환 성공
2020-04-19 16:12:31.9275  INFO - ==================== End ====================
2020-04-19 16:12:31.9373  INFO - ==================== Start ====================
2020-04-19 16:12:31.9373  INFO - Method: PDFtoJpeg, FilePath: C:\Data\workspace\EF571FDA3EDF671CBBF1EDDF9C63C0ED\PowerPoint 시작.pdf, outPath: C:\Data\workspace\EF571FDA3EDF671CBBF1EDDF9C63C0ED\PowerPoint 시작\
2020-04-19 16:12:32.3798  INFO - 이미지 변환 성공!
2020-04-19 16:12:32.3858  INFO - ==================== End ====================
2020-04-19 16:13:18.6223  INFO - ==================== Start ====================
2020-04-19 16:13:18.6223  INFO - Method: PowerPointSaveAs, FilePath: C:\Data\workspace\EF571FDA3EDF671CBBF1EDDF9C63C0ED\PowerPoint 시작.pptx, outPath: C:\Data\workspace\EF571FDA3EDF671CBBF1EDDF9C63C0ED\PowerPoint 시작.pdf, docPassword: 
2020-04-19 16:13:18.6223  INFO - 파일 언락 성공!
2020-04-19 16:13:20.4800  INFO - 변환 성공
2020-04-19 16:13:20.5587  INFO - ==================== End ====================
2020-04-19 16:14:13.4876  INFO - ==================== Start ====================
2020-04-19 16:14:13.4876  INFO - Method: PowerPointSaveAs, FilePath: C:\Data\workspace\EF571FDA3EDF671CBBF1EDDF9C63C0ED\PowerPoint 시작.pptx, outPath: C:\Data\workspace\EF571FDA3EDF671CBBF1EDDF9C63C0ED\PowerPoint 시작.pdf, docPassword: 
2020-04-19 16:14:13.4876  INFO - 파일 언락 성공!
2020-04-19 16:14:15.2809  INFO - 변환 성공
2020-04-19 16:14:15.3526  INFO - ==================== End ====================
2020-04-19 16:14:15.3526  INFO - ==================== Start ====================
2020-04-19 16:14:15.3526  INFO - Method: PDFtoPng, FilePath: C:\Data\workspace\EF571FDA3EDF671CBBF1EDDF9C63C0ED\PowerPoint 시작.pdf, outPath: C:\Data\workspace\EF571FDA3EDF671CBBF1EDDF9C63C0ED\PowerPoint 시작\
2020-04-19 16:14:15.6309  INFO - 이미지 변환 성공!
2020-04-19 16:14:15.6369  INFO - ==================== End ====================
