2020-04-19 15:48:37.7020 ERROR - ==================== Method: document_Convert ====================
2020-04-19 15:48:37.7020 ERROR -    위치: System.IO.__Error.WinIOError(Int32 errorCode, String maybeFullPath)
   위치: System.IO.FileStream.Init(String path, FileMode mode, FileAccess access, Int32 rights, Boolean useRights, FileShare share, Int32 bufferSize, FileOptions options, SECURITY_ATTRIBUTES secAttrs, String msgPath, Boolean bFromProxy, Boolean useLongPath, Boolean checkHost)
   위치: System.IO.FileStream..ctor(String path, FileMode mode, FileAccess access, FileShare share)
   위치: System.IO.File.OpenRead(String path)
   위치: DocConvert_Server.Document_Convert.MD5_CheckSUM(String filename) 파일 C:\Users\o0_0o\Documents\GitHub\DocConvert\DocConvert_Server\ServerLib\Document_Convert.cs:줄 214
   위치: DocConvert_Server.Document_Convert.document_Convert(String requestInfo) 파일 C:\Users\o0_0o\Documents\GitHub\DocConvert\DocConvert_Server\ServerLib\Document_Convert.cs:줄 57

2020-04-19 15:48:37.7176 ERROR - 변환 실패: 'C:\Data\tmp\Excel 시작.xlsx' 파일을 찾을 수 없습니다.
2020-04-19 15:48:37.7176 ERROR - ==================== End ====================
2020-04-19 15:53:36.2171 ERROR - ==================== Method: document_Convert ====================
2020-04-19 15:53:36.2171 ERROR -    위치: System.IO.__Error.WinIOError(Int32 errorCode, String maybeFullPath)
   위치: System.IO.FileStream.Init(String path, FileMode mode, FileAccess access, Int32 rights, Boolean useRights, FileShare share, Int32 bufferSize, FileOptions options, SECURITY_ATTRIBUTES secAttrs, String msgPath, Boolean bFromProxy, Boolean useLongPath, Boolean checkHost)
   위치: System.IO.FileStream..ctor(String path, FileMode mode, FileAccess access, FileShare share)
   위치: System.IO.File.OpenRead(String path)
   위치: DocConvert_Server.Document_Convert.MD5_CheckSUM(String filename) 파일 C:\Users\o0_0o\Documents\GitHub\DocConvert\DocConvert_Server\ServerLib\Document_Convert.cs:줄 214
   위치: DocConvert_Server.Document_Convert.document_Convert(String requestInfo) 파일 C:\Users\o0_0o\Documents\GitHub\DocConvert\DocConvert_Server\ServerLib\Document_Convert.cs:줄 57

2020-04-19 15:53:36.2171 ERROR - 변환 실패: 'C:\Data\tmp\Excel 시작.xlsx' 파일을 찾을 수 없습니다.
2020-04-19 15:53:36.2171 ERROR - ==================== End ====================
2020-04-19 15:56:41.2339 ERROR - ==================== Method: document_Convert ====================
2020-04-19 15:56:41.2339 ERROR -    위치: System.IO.__Error.WinIOError(Int32 errorCode, String maybeFullPath)
   위치: System.IO.FileStream.Init(String path, FileMode mode, FileAccess access, Int32 rights, Boolean useRights, FileShare share, Int32 bufferSize, FileOptions options, SECURITY_ATTRIBUTES secAttrs, String msgPath, Boolean bFromProxy, Boolean useLongPath, Boolean checkHost)
   위치: System.IO.FileStream..ctor(String path, FileMode mode, FileAccess access, FileShare share)
   위치: System.IO.File.OpenRead(String path)
   위치: DocConvert_Server.Document_Convert.MD5_CheckSUM(String filename) 파일 C:\Users\o0_0o\Documents\GitHub\DocConvert\DocConvert_Server\ServerLib\Document_Convert.cs:줄 214
   위치: DocConvert_Server.Document_Convert.document_Convert(String requestInfo) 파일 C:\Users\o0_0o\Documents\GitHub\DocConvert\DocConvert_Server\ServerLib\Document_Convert.cs:줄 57

2020-04-19 15:56:41.2339 ERROR - 변환 실패: 'C:\Data\tmp\Excel 시작.xlsx' 파일을 찾을 수 없습니다.
2020-04-19 15:56:41.2339 ERROR - ==================== End ====================
2020-04-19 15:58:07.3582 ERROR - ==================== Method: document_Convert ====================
2020-04-19 15:58:07.3582 ERROR -    위치: System.IO.__Error.WinIOError(Int32 errorCode, String maybeFullPath)
   위치: System.IO.FileStream.Init(String path, FileMode mode, FileAccess access, Int32 rights, Boolean useRights, FileShare share, Int32 bufferSize, FileOptions options, SECURITY_ATTRIBUTES secAttrs, String msgPath, Boolean bFromProxy, Boolean useLongPath, Boolean checkHost)
   위치: System.IO.FileStream..ctor(String path, FileMode mode, FileAccess access, FileShare share)
   위치: System.IO.File.OpenRead(String path)
   위치: DocConvert_Server.Document_Convert.MD5_CheckSUM(String filename) 파일 C:\Users\o0_0o\Documents\GitHub\DocConvert\DocConvert_Server\ServerLib\Document_Convert.cs:줄 214
   위치: DocConvert_Server.Document_Convert.document_Convert(String requestInfo) 파일 C:\Users\o0_0o\Documents\GitHub\DocConvert\DocConvert_Server\ServerLib\Document_Convert.cs:줄 57

2020-04-19 15:58:07.3582 ERROR - 변환 실패: 'C:\Data\tmp\Welcome to Hwp.hwp' 파일을 찾을 수 없습니다.
2020-04-19 15:58:07.3582 ERROR - ==================== End ====================
2020-04-19 15:59:37.5808 ERROR - ==================== Method: document_Convert ====================
2020-04-19 15:59:37.5808 ERROR -    위치: System.IO.__Error.WinIOError(Int32 errorCode, String maybeFullPath)
   위치: System.IO.FileStream.Init(String path, FileMode mode, FileAccess access, Int32 rights, Boolean useRights, FileShare share, Int32 bufferSize, FileOptions options, SECURITY_ATTRIBUTES secAttrs, String msgPath, Boolean bFromProxy, Boolean useLongPath, Boolean checkHost)
   위치: System.IO.FileStream..ctor(String path, FileMode mode, FileAccess access, FileShare share)
   위치: System.IO.File.OpenRead(String path)
   위치: DocConvert_Server.Document_Convert.MD5_CheckSUM(String filename) 파일 C:\Users\o0_0o\Documents\GitHub\DocConvert\DocConvert_Server\ServerLib\Document_Convert.cs:줄 214
   위치: DocConvert_Server.Document_Convert.document_Convert(String requestInfo) 파일 C:\Users\o0_0o\Documents\GitHub\DocConvert\DocConvert_Server\ServerLib\Document_Convert.cs:줄 57

2020-04-19 15:59:37.5808 ERROR - 변환 실패: 'C:\Data\tmp\Excel 시작.xlsx' 파일을 찾을 수 없습니다.
2020-04-19 15:59:37.5808 ERROR - ==================== End ====================
2020-04-19 16:08:28.0751 ERROR - ==================== Method: document_Convert ====================
2020-04-19 16:08:28.0907 ERROR -    위치: System.IO.__Error.WinIOError(Int32 errorCode, String maybeFullPath)
   위치: System.IO.FileStream.Init(String path, FileMode mode, FileAccess access, Int32 rights, Boolean useRights, FileShare share, Int32 bufferSize, FileOptions options, SECURITY_ATTRIBUTES secAttrs, String msgPath, Boolean bFromProxy, Boolean useLongPath, Boolean checkHost)
   위치: System.IO.FileStream..ctor(String path, FileMode mode, FileAccess access, FileShare share)
   위치: System.IO.File.OpenRead(String path)
   위치: DocConvert_Server.Document_Convert.MD5_CheckSUM(String filename) 파일 C:\Users\o0_0o\Documents\GitHub\DocConvert\DocConvert_Server\ServerLib\Document_Convert.cs:줄 214
   위치: DocConvert_Server.Document_Convert.document_Convert(String requestInfo) 파일 C:\Users\o0_0o\Documents\GitHub\DocConvert\DocConvert_Server\ServerLib\Document_Convert.cs:줄 57

2020-04-19 16:08:28.0907 ERROR - 변환 실패: 'C:\Data\tmp\PowerPoint 시작.pptx' 파일을 찾을 수 없습니다.
2020-04-19 16:08:28.0907 ERROR - ==================== End ====================
2020-04-19 16:09:09.4466 ERROR - ==================== Method: document_Convert ====================
2020-04-19 16:09:09.4466 ERROR -    위치: System.IO.__Error.WinIOError(Int32 errorCode, String maybeFullPath)
   위치: System.IO.FileStream.Init(String path, FileMode mode, FileAccess access, Int32 rights, Boolean useRights, FileShare share, Int32 bufferSize, FileOptions options, SECURITY_ATTRIBUTES secAttrs, String msgPath, Boolean bFromProxy, Boolean useLongPath, Boolean checkHost)
   위치: System.IO.FileStream..ctor(String path, FileMode mode, FileAccess access, FileShare share)
   위치: System.IO.File.OpenRead(String path)
   위치: DocConvert_Server.Document_Convert.MD5_CheckSUM(String filename) 파일 C:\Users\o0_0o\Documents\GitHub\DocConvert\DocConvert_Server\ServerLib\Document_Convert.cs:줄 214
   위치: DocConvert_Server.Document_Convert.document_Convert(String requestInfo) 파일 C:\Users\o0_0o\Documents\GitHub\DocConvert\DocConvert_Server\ServerLib\Document_Convert.cs:줄 57

2020-04-19 16:09:09.4466 ERROR - 변환 실패: 'C:\Data\tmp\PowerPoint 시작.pptx' 파일을 찾을 수 없습니다.
2020-04-19 16:09:09.4466 ERROR - ==================== End ====================
