2020-04-18 10:23:17.0836  INFO - ==================== Start ====================
2020-04-18 10:23:17.0836  INFO - Method: WordSaveAs, FilePath: C:\Data\workspace\FC88A00681BEA2BA4BCA029AEC82643A\Word 시작.docx, outPath: C:\Data\workspace\FC88A00681BEA2BA4BCA029AEC82643A\Word 시작.pdf, docPassword: 
2020-04-18 10:23:17.0866  INFO - 파일 언락 성공!
2020-04-18 10:23:23.1292  INFO - 변환 성공
2020-04-18 10:23:23.2711  INFO - ==================== End ====================
2020-04-18 10:23:23.2751  INFO - ==================== Start ====================
2020-04-18 10:23:23.2751  INFO - Method: PDFtoJpeg, FilePath: C:\Data\workspace\FC88A00681BEA2BA4BCA029AEC82643A\Word 시작.pdf, outPath: C:\Data\workspace\FC88A00681BEA2BA4BCA029AEC82643A\Word 시작\
2020-04-18 10:23:23.5690  INFO - 이미지 변환 성공!
2020-04-18 10:23:23.5727  INFO - ==================== End ====================
2020-04-18 10:23:25.9827  INFO - ==================== Start ====================
2020-04-18 10:23:25.9827  INFO - Method: WordSaveAs, FilePath: C:\Data\workspace\FC88A00681BEA2BA4BCA029AEC82643A\Word 시작.docx, outPath: C:\Data\workspace\FC88A00681BEA2BA4BCA029AEC82643A\Word 시작.pdf, docPassword: 
2020-04-18 10:23:25.9927  INFO - 파일 언락 성공!
2020-04-18 10:23:30.0301  INFO - 변환 성공
2020-04-18 10:23:30.1712  INFO - ==================== End ====================
2020-04-18 10:23:30.1712  INFO - ==================== Start ====================
2020-04-18 10:23:30.1712  INFO - Method: PDFtoJpeg, FilePath: C:\Data\workspace\FC88A00681BEA2BA4BCA029AEC82643A\Word 시작.pdf, outPath: C:\Data\workspace\FC88A00681BEA2BA4BCA029AEC82643A\Word 시작\
2020-04-18 10:23:30.3098  INFO - 이미지 변환 성공!
2020-04-18 10:23:30.3098  INFO - ==================== End ====================
2020-04-18 10:23:32.1705  INFO - ==================== Start ====================
2020-04-18 10:23:32.1705  INFO - Method: WordSaveAs, FilePath: C:\Data\workspace\FC88A00681BEA2BA4BCA029AEC82643A\Word 시작.docx, outPath: C:\Data\workspace\FC88A00681BEA2BA4BCA029AEC82643A\Word 시작.pdf, docPassword: 
2020-04-18 10:23:32.1795  INFO - 파일 언락 성공!
2020-04-18 10:23:36.1872  INFO - 변환 성공
2020-04-18 10:23:36.3147  INFO - ==================== End ====================
2020-04-18 10:23:36.3147  INFO - ==================== Start ====================
2020-04-18 10:23:36.3147  INFO - Method: PDFtoPng, FilePath: C:\Data\workspace\FC88A00681BEA2BA4BCA029AEC82643A\Word 시작.pdf, outPath: C:\Data\workspace\FC88A00681BEA2BA4BCA029AEC82643A\Word 시작\
2020-04-18 10:23:36.4734  INFO - 이미지 변환 성공!
2020-04-18 10:23:36.4764  INFO - ==================== End ====================
2020-04-18 10:23:38.7454  INFO - ==================== Start ====================
2020-04-18 10:23:38.7454  INFO - Method: WordSaveAs, FilePath: C:\Data\workspace\FC88A00681BEA2BA4BCA029AEC82643A\Word 시작.docx, outPath: C:\Data\workspace\FC88A00681BEA2BA4BCA029AEC82643A\Word 시작.pdf, docPassword: 
2020-04-18 10:23:38.7454  INFO - 파일 언락 성공!
2020-04-18 10:23:42.7159  INFO - 변환 성공
2020-04-18 10:23:42.8427  INFO - ==================== End ====================
2020-04-18 10:23:42.8427  INFO - ==================== Start ====================
2020-04-18 10:23:42.8427  INFO - Method: PDFtoBmp, FilePath: C:\Data\workspace\FC88A00681BEA2BA4BCA029AEC82643A\Word 시작.pdf, outPath: C:\Data\workspace\FC88A00681BEA2BA4BCA029AEC82643A\Word 시작\
2020-04-18 10:23:42.9764  INFO - 이미지 변환 성공!
2020-04-18 10:23:42.9764  INFO - ==================== End ====================
2020-04-18 11:09:10.7360  INFO - ==================== Start ====================
2020-04-18 11:09:10.7360  INFO - Method: HwpSaveAs, FilePath: C:\Data\workspace\2B699FCE2A5094957B24445F97FCE8CC\Welcome to Hwp.hwp, outPath: C:\Data\workspace\2B699FCE2A5094957B24445F97FCE8CC\Welcome to Hwp.pdf
2020-04-18 11:09:10.7360  INFO - 파일 언락 성공!
2020-04-18 11:09:15.8007  INFO - ==================== End ====================
2020-04-18 11:09:15.8257  INFO - ==================== Start ====================
2020-04-18 11:09:15.8257  INFO - Method: PDFtoJpeg, FilePath: C:\Data\workspace\2B699FCE2A5094957B24445F97FCE8CC\Welcome to Hwp.pdf, outPath: C:\Data\workspace\2B699FCE2A5094957B24445F97FCE8CC\Welcome to Hwp\
2020-04-18 11:09:15.9134  INFO - 이미지 변환 성공!
2020-04-18 11:09:15.9154  INFO - ==================== End ====================
