2020-04-18 00:03:31.1601  INFO - 나의 하드웨어 ID: BFEBFBFF000806EB
2020-04-18 00:03:31.2226  INFO - 라이센스 만료날짜: 2021-10-20
2020-04-18 00:03:31.3319  INFO - [Socket]핸들러 등록 완료
2020-04-18 00:03:31.3319  INFO - [Socket]서버 생성 성공
2020-04-18 00:03:31.3788  INFO - [Socket Server Listening...]
2020-04-18 00:03:31.3788  INFO - [Socket][INFO] IP: 192.168.0.101   포트: 12000   프로토콜: Tcp   서버이름: ConvertServer
2020-04-18 00:03:31.5038  INFO - [Web Socket Server Listening...]
2020-04-18 00:03:31.5038  INFO - [Web Socket][INFO] IP: 192.168.0.101   포트: 12005
2020-04-18 00:08:27.7768  INFO - 나의 하드웨어 ID: BFEBFBFF000806EB
2020-04-18 00:08:27.8277  INFO - 라이센스 만료날짜: 2021-10-20
2020-04-18 00:08:27.9912  INFO - [Socket]핸들러 등록 완료
2020-04-18 00:08:27.9912  INFO - [Socket]서버 생성 성공
2020-04-18 00:08:28.0401  INFO - [Socket Server Listening...]
2020-04-18 00:08:28.0401  INFO - [Socket][INFO] IP: 192.168.0.101   포트: 12000   프로토콜: Tcp   서버이름: ConvertServer
2020-04-18 00:08:28.9624  INFO - [Web Socket Server Listening...]
2020-04-18 00:08:28.9624  INFO - [Web Socket][INFO] IP: 192.168.0.101   포트: 12005
2020-04-18 00:08:42.9850  INFO - 
[Socket][Client => Server]
{
  "KEY": "B29D00A3 - F825 - 4EB7 - 93C1 - A77F5E31A7C2",
  "Method": "WebCapture",
  "URL": "https://www.naver.com/"
}

2020-04-18 00:08:54.3428  INFO - 
[Socket][Server => Client]
{
  "URL": "/workspace/8a4d7f9e-0d8b-4205-b687-fe1a220bc54a_2020-04-18/0.png",
  "isSuccess": true,
  "msg": "WebCapture에 성공하였습니다.",
  "convertImgCnt": 1,
  "Method": "WebCapture"
}

2020-04-18 00:08:54.3428  INFO - [Socket] 작업 소요시간: 00:00:11.3577853
2020-04-18 00:08:54.3897  INFO - [Socket]세션ID: eb921e7c-916e-454b-8fa5-3230f504b53c 접속해제: ClientClosing
2020-04-18 10:21:16.6379  INFO - 나의 하드웨어 ID: BFEBFBFF000806EB
2020-04-18 10:21:16.6684  INFO - 라이센스 만료날짜: 2021-10-20
2020-04-18 10:21:16.7393  INFO - [Socket]핸들러 등록 완료
2020-04-18 10:21:16.7393  INFO - [Socket]서버 생성 성공
2020-04-18 10:21:16.7622  INFO - [Socket Server Listening...]
2020-04-18 10:21:16.7622  INFO - [Socket][INFO] IP: 192.168.0.101   포트: 12000   프로토콜: Tcp   서버이름: ConvertServer
2020-04-18 10:21:16.8169  INFO - [Web Socket Server Listening...]
2020-04-18 10:21:16.8169  INFO - [Web Socket][INFO] IP: 192.168.0.101   포트: 12005
2020-04-18 10:23:17.0598  INFO - 
[Socket][Client => Server]
{
  "KEY": "B29D00A3 - F825 - 4EB7 - 93C1 - A77F5E31A7C2",
  "Method": "DocConvert",
  "FileName": "Word 시작.docx",
  "ConvertIMG": 1
}

2020-04-18 10:23:23.5966  INFO - 
[Socket][Server => Client]
{
  "convertImgCnt": "8",
  "URL": "/workspace/FC88A00681BEA2BA4BCA029AEC82643A",
  "isSuccess": true,
  "msg": "이미지 변환에 성공하였습니다.",
  "Method": "DocConvert"
}

2020-04-18 10:23:23.5966  INFO - [Socket] 작업 소요시간: 00:00:06.5267568
2020-04-18 10:23:23.7831  INFO - [Socket]세션ID: e9b5cb49-cd64-458c-b641-edef68913647 접속해제: ClientClosing
2020-04-18 10:23:25.9827  INFO - 
[Socket][Client => Server]
{
  "KEY": "B29D00A3 - F825 - 4EB7 - 93C1 - A77F5E31A7C2",
  "Method": "DocConvert",
  "FileName": "Word 시작.docx",
  "ConvertIMG": 1
}

2020-04-18 10:23:30.3098  INFO - 
[Socket][Server => Client]
{
  "convertImgCnt": "8",
  "URL": "/workspace/FC88A00681BEA2BA4BCA029AEC82643A",
  "isSuccess": true,
  "msg": "이미지 변환에 성공하였습니다.",
  "Method": "DocConvert"
}

2020-04-18 10:23:30.3098  INFO - [Socket] 작업 소요시간: 00:00:04.3261909
2020-04-18 10:23:30.4896  INFO - [Socket]세션ID: 010827fe-4054-4174-98c9-bd6f3a89f63a 접속해제: ClientClosing
2020-04-18 10:23:32.1705  INFO - 
[Socket][Client => Server]
{
  "KEY": "B29D00A3 - F825 - 4EB7 - 93C1 - A77F5E31A7C2",
  "Method": "DocConvert",
  "FileName": "Word 시작.docx",
  "ConvertIMG": 2
}

2020-04-18 10:23:36.4764  INFO - 
[Socket][Server => Client]
{
  "convertImgCnt": "8",
  "URL": "/workspace/FC88A00681BEA2BA4BCA029AEC82643A",
  "isSuccess": true,
  "msg": "이미지 변환에 성공하였습니다.",
  "Method": "DocConvert"
}

2020-04-18 10:23:36.4764  INFO - [Socket] 작업 소요시간: 00:00:04.3039242
2020-04-18 10:23:36.6176  INFO - [Socket]세션ID: 6dbbc057-cde4-442a-8d77-ee5b03086798 접속해제: ClientClosing
2020-04-18 10:23:38.7374  INFO - 
[Socket][Client => Server]
{
  "KEY": "B29D00A3 - F825 - 4EB7 - 93C1 - A77F5E31A7C2",
  "Method": "DocConvert",
  "FileName": "Word 시작.docx",
  "ConvertIMG": 3
}

2020-04-18 10:23:42.9764  INFO - 
[Socket][Server => Client]
{
  "convertImgCnt": "8",
  "URL": "/workspace/FC88A00681BEA2BA4BCA029AEC82643A",
  "isSuccess": true,
  "msg": "이미지 변환에 성공하였습니다.",
  "Method": "DocConvert"
}

2020-04-18 10:23:42.9764  INFO - [Socket] 작업 소요시간: 00:00:04.2389886
2020-04-18 10:23:43.1784  INFO - [Socket]세션ID: cf17c2f3-5326-458d-ad37-e40a7c502363 접속해제: ClientClosing
2020-04-18 10:26:57.9676  INFO - 
[Socket][Client => Server]
{
  "KEY": "B29D00A3 - F825 - 4EB7 - 93C1 - A77F5E31A7C2",
  "Method": "WebCapture",
  "URL": "https://www.naver.com/"
}

2020-04-18 10:27:04.0320  INFO - 
[Socket][Server => Client]
{
  "URL": "/workspace/ea86cc0e-8ad5-4817-9396-2fbe283302bb_2020-04-18/0.png",
  "isSuccess": true,
  "msg": "WebCapture에 성공하였습니다.",
  "convertImgCnt": 1,
  "Method": "WebCapture"
}

2020-04-18 10:27:04.0320  INFO - [Socket] 작업 소요시간: 00:00:06.0604010
2020-04-18 10:27:04.0818  INFO - [Socket]세션ID: 2d03aa1a-e30b-47c9-bc90-be1b682e7046 접속해제: ClientClosing
2020-04-18 10:32:15.1456  INFO - 나의 하드웨어 ID: BFEBFBFF000806EB
2020-04-18 10:32:15.1705  INFO - 라이센스 만료날짜: 2021-10-20
2020-04-18 10:32:15.2593  INFO - [Socket]핸들러 등록 완료
2020-04-18 10:32:15.2593  INFO - [Socket]서버 생성 성공
2020-04-18 10:32:15.3062  INFO - [Socket Server Listening...]
2020-04-18 10:32:15.3062  INFO - [Socket][INFO] IP: 192.168.0.101   포트: 12000   프로토콜: Tcp   서버이름: ConvertServer
2020-04-18 10:32:15.4069  INFO - [Web Socket Server Listening...]
2020-04-18 10:32:15.4069  INFO - [Web Socket][INFO] IP: 192.168.0.101   포트: 12005
2020-04-18 10:34:59.8523  INFO - 나의 하드웨어 ID: BFEBFBFF000806EB
2020-04-18 10:34:59.8952  INFO - 라이센스 만료날짜: 2021-10-20
2020-04-18 10:34:59.9759  INFO - [Socket]핸들러 등록 완료
2020-04-18 10:34:59.9759  INFO - [Socket]서버 생성 성공
2020-04-18 10:35:00.0128  INFO - [Socket Server Listening...]
2020-04-18 10:35:00.0128  INFO - [Socket][INFO] IP: 192.168.0.101   포트: 12000   프로토콜: Tcp   서버이름: ConvertServer
2020-04-18 10:35:00.1265  INFO - [Web Socket Server Listening...]
2020-04-18 10:35:00.1265  INFO - [Web Socket][INFO] IP: 192.168.0.101   포트: 12005
2020-04-18 10:35:53.2851  INFO - 나의 하드웨어 ID: BFEBFBFF000806EB
2020-04-18 10:35:53.3130  INFO - 라이센스 만료날짜: 2021-10-20
2020-04-18 10:35:53.4127  INFO - [Socket]핸들러 등록 완료
2020-04-18 10:35:53.4127  INFO - [Socket]서버 생성 성공
2020-04-18 10:35:53.4386  INFO - [Socket Server Listening...]
2020-04-18 10:35:53.4386  INFO - [Socket][INFO] IP: 192.168.0.101   포트: 12000   프로토콜: Tcp   서버이름: ConvertServer
2020-04-18 10:35:53.5344  INFO - [Web Socket Server Listening...]
2020-04-18 10:35:53.5344  INFO - [Web Socket][INFO] IP: 192.168.0.101   포트: 12005
2020-04-18 10:49:26.6482  INFO - 나의 하드웨어 ID: BFEBFBFF000806EB
2020-04-18 10:49:26.6881  INFO - 라이센스 만료날짜: 2021-10-20
2020-04-18 10:49:26.7988  INFO - [Socket]핸들러 등록 완료
2020-04-18 10:49:26.7988  INFO - [Socket]서버 생성 성공
2020-04-18 10:49:26.8436  INFO - [Socket Server Listening...]
2020-04-18 10:49:26.8436  INFO - [Socket][INFO] IP: 192.168.0.101   포트: 12000   프로토콜: Tcp   서버이름: ConvertServer
2020-04-18 10:49:26.9424  INFO - [Web Socket Server Listening...]
2020-04-18 10:49:26.9424  INFO - [Web Socket][INFO] IP: 192.168.0.101   포트: 12005
2020-04-18 10:50:09.3823  INFO - 나의 하드웨어 ID: BFEBFBFF000806EB
2020-04-18 10:50:09.4113  INFO - 라이센스 만료날짜: 2021-10-20
2020-04-18 10:50:09.4920  INFO - workspace 폴더 자동삭제 기능이 꺼져있습니다.
2020-04-18 10:50:09.5808  INFO - [Socket]핸들러 등록 완료
2020-04-18 10:50:09.5808  INFO - [Socket]서버 생성 성공
2020-04-18 10:50:09.6117  INFO - [Socket Server Listening...]
2020-04-18 10:50:09.6117  INFO - [Socket][INFO] IP: 192.168.0.101   포트: 12000   프로토콜: Tcp   서버이름: ConvertServer
2020-04-18 10:50:09.7105  INFO - [Web Socket Server Listening...]
2020-04-18 10:50:09.7105  INFO - [Web Socket][INFO] IP: 192.168.0.101   포트: 12005
2020-04-18 10:50:50.8878  INFO - 나의 하드웨어 ID: BFEBFBFF000806EB
2020-04-18 10:50:50.9167  INFO - 라이센스 만료날짜: 2021-10-20
2020-04-18 10:50:50.9167  INFO - workspace 폴더 자동삭제 기능이 켜져있습니다. 자동삭제 주기: 30
2020-04-18 10:50:51.0254  INFO - [Socket]핸들러 등록 완료
2020-04-18 10:50:51.0254  INFO - [Socket]서버 생성 성공
2020-04-18 10:50:51.0653  INFO - [Socket Server Listening...]
2020-04-18 10:50:51.0653  INFO - [Socket][INFO] IP: 192.168.0.101   포트: 12000   프로토콜: Tcp   서버이름: ConvertServer
2020-04-18 10:50:51.1920  INFO - [Web Socket Server Listening...]
2020-04-18 10:50:51.1920  INFO - [Web Socket][INFO] IP: 192.168.0.101   포트: 12005
2020-04-18 10:56:12.5376  INFO - 나의 하드웨어 ID: BFEBFBFF000806EB
2020-04-18 10:56:12.5695  INFO - 라이센스 만료날짜: 2021-10-20
2020-04-18 10:56:12.6972  INFO - [Socket]핸들러 등록 완료
2020-04-18 10:56:12.6972  INFO - [Socket]서버 생성 성공
2020-04-18 10:56:12.7391  INFO - [Socket Server Listening...]
2020-04-18 10:56:12.7391  INFO - [Socket][INFO] IP: 192.168.0.101   포트: 12000   프로토콜: Tcp   서버이름: ConvertServer
2020-04-18 10:56:12.8428  INFO - [Web Socket Server Listening...]
2020-04-18 10:56:12.8428  INFO - [Web Socket][INFO] IP: 192.168.0.101   포트: 12005
2020-04-18 10:58:18.2122  INFO - 나의 하드웨어 ID: BFEBFBFF000806EB
2020-04-18 10:58:18.2481  INFO - 라이센스 만료날짜: 2021-10-20
2020-04-18 10:58:18.3598  INFO - [Socket]핸들러 등록 완료
2020-04-18 10:58:18.3598  INFO - [Socket]서버 생성 성공
2020-04-18 10:58:18.4027  INFO - [Socket Server Listening...]
2020-04-18 10:58:18.4027  INFO - [Socket][INFO] IP: 192.168.0.101   포트: 12000   프로토콜: Tcp   서버이름: ConvertServer
2020-04-18 10:58:18.4935  INFO - [Web Socket Server Listening...]
2020-04-18 10:58:18.4935  INFO - [Web Socket][INFO] IP: 192.168.0.101   포트: 12005
2020-04-18 11:00:22.2602  INFO - 나의 하드웨어 ID: BFEBFBFF000806EB
2020-04-18 11:00:22.2921  INFO - 라이센스 만료날짜: 2021-10-20
2020-04-18 11:00:22.4826  INFO - [Socket]핸들러 등록 완료
2020-04-18 11:00:22.4826  INFO - [Socket]서버 생성 성공
2020-04-18 11:00:22.5225  INFO - [Socket Server Listening...]
2020-04-18 11:00:22.5225  INFO - [Socket][INFO] IP: 192.168.0.101   포트: 12000   프로토콜: Tcp   서버이름: ConvertServer
2020-04-18 11:00:22.6163  INFO - [Web Socket Server Listening...]
2020-04-18 11:00:22.6163  INFO - [Web Socket][INFO] IP: 192.168.0.101   포트: 12005
2020-04-18 11:08:54.4982  INFO - 나의 하드웨어 ID: BFEBFBFF000806EB
2020-04-18 11:08:54.5251  INFO - 라이센스 만료날짜: 2021-10-20
2020-04-18 11:08:54.6289  INFO - [Socket]핸들러 등록 완료
2020-04-18 11:08:54.6289  INFO - [Socket]서버 생성 성공
2020-04-18 11:08:54.6718  INFO - [Socket Server Listening...]
2020-04-18 11:08:54.6718  INFO - [Socket][INFO] IP: 192.168.0.101   포트: 12000   프로토콜: Tcp   서버이름: ConvertServer
2020-04-18 11:08:54.7904  INFO - [Web Socket Server Listening...]
2020-04-18 11:08:54.7904  INFO - [Web Socket][INFO] IP: 192.168.0.101   포트: 12005
2020-04-18 11:09:10.7036  INFO - 
[Socket][Client => Server]
{
  "KEY": "B29D00A3 - F825 - 4EB7 - 93C1 - A77F5E31A7C2",
  "Method": "DocConvert",
  "FileName": "Welcome to Hwp.hwp",
  "ConvertIMG": 1
}

2020-04-18 11:09:15.9434  INFO - 
[Socket][Server => Client]
{
  "convertImgCnt": "5",
  "URL": "/workspace/2B699FCE2A5094957B24445F97FCE8CC",
  "isSuccess": true,
  "msg": "이미지 변환에 성공하였습니다.",
  "Method": "DocConvert"
}

2020-04-18 11:09:15.9434  INFO - [Socket] 작업 소요시간: 00:00:05.2377292
2020-04-18 11:09:16.0638  INFO - [Socket]세션ID: 42ec42b0-d100-4155-9666-026ee2022428 접속해제: ClientClosing
2020-04-18 11:10:52.6912  INFO - 나의 하드웨어 ID: BFEBFBFF000806EB
2020-04-18 11:10:52.7171  INFO - 라이센스 만료날짜: 2021-10-20
2020-04-18 11:10:52.8198  INFO - [Socket]핸들러 등록 완료
2020-04-18 11:10:52.8198  INFO - [Socket]서버 생성 성공
2020-04-18 11:10:52.8627  INFO - [Socket Server Listening...]
2020-04-18 11:10:52.8627  INFO - [Socket][INFO] IP: 192.168.0.101   포트: 12000   프로토콜: Tcp   서버이름: ConvertServer
2020-04-18 11:10:52.9704  INFO - [Web Socket Server Listening...]
2020-04-18 11:10:52.9704  INFO - [Web Socket][INFO] IP: 192.168.0.101   포트: 12005
2020-04-18 11:15:50.1905  INFO - 나의 하드웨어 ID: BFEBFBFF000806EB
2020-04-18 11:15:50.2214  INFO - 라이센스 만료날짜: 2021-10-20
2020-04-18 11:15:50.2214  INFO - 한글 DLL을 레지스트리에 등록하였습니다.
2020-04-18 11:15:50.3720  INFO - [Socket]핸들러 등록 완료
2020-04-18 11:15:50.3720  INFO - [Socket]서버 생성 성공
2020-04-18 11:15:50.4089  INFO - [Socket Server Listening...]
2020-04-18 11:15:50.4089  INFO - [Socket][INFO] IP: 192.168.0.101   포트: 12000   프로토콜: Tcp   서버이름: ConvertServer
2020-04-18 11:15:50.4967  INFO - [Web Socket Server Listening...]
2020-04-18 11:15:50.4967  INFO - [Web Socket][INFO] IP: 192.168.0.101   포트: 12005
2020-04-18 11:17:19.0159  INFO - 나의 하드웨어 ID: BFEBFBFF000806EB
2020-04-18 11:17:19.0568  INFO - 라이센스 만료날짜: 2021-10-20
2020-04-18 11:17:19.0568  INFO - 한글 DLL을 레지스트리에 등록하였습니다.
2020-04-18 11:17:19.1854  INFO - [Socket]핸들러 등록 완료
2020-04-18 11:17:19.1854  INFO - [Socket]서버 생성 성공
2020-04-18 11:17:19.2433  INFO - [Socket Server Listening...]
2020-04-18 11:17:19.2433  INFO - [Socket][INFO] IP: 192.168.0.101   포트: 12000   프로토콜: Tcp   서버이름: ConvertServer
2020-04-18 11:17:19.3640  INFO - [Web Socket Server Listening...]
2020-04-18 11:17:19.3640  INFO - [Web Socket][INFO] IP: 192.168.0.101   포트: 12005
2020-04-18 11:22:08.2179  INFO - DocConvert를 수동으로 실행하였습니다.
2020-04-18 11:22:08.4723  INFO - 나의 하드웨어 ID: BFEBFBFF000806EB
2020-04-18 11:22:08.4723  INFO - 라이센스 만료날짜: 2021-10-20
2020-04-18 11:22:08.5062  INFO - 한글 DLL을 레지스트리에 등록하였습니다.
2020-04-18 11:22:08.6368  INFO - [Socket]핸들러 등록 완료
2020-04-18 11:22:08.6368  INFO - [Socket]서버 생성 성공
2020-04-18 11:22:08.6857  INFO - [Socket Server Listening...]
2020-04-18 11:22:08.6857  INFO - [Socket][INFO] IP: 192.168.0.101   포트: 12000   프로토콜: Tcp   서버이름: ConvertServer
2020-04-18 11:22:08.8094  INFO - [Web Socket Server Listening...]
2020-04-18 11:22:08.8094  INFO - [Web Socket][INFO] IP: 192.168.0.101   포트: 12005
2020-04-18 11:25:04.0222  INFO - DocConvert Server를 수동으로 실행하였습니다.
2020-04-18 11:25:04.2486  INFO - 나의 하드웨어 ID: BFEBFBFF000806EB
2020-04-18 11:25:04.2486  INFO - 라이센스 만료날짜: 2021-10-20
2020-04-18 11:25:04.2486  INFO - 한글 DLL을 레지스트리에 등록하였습니다.
2020-04-18 11:25:04.3802  INFO - [Socket]핸들러 등록 완료
2020-04-18 11:25:04.3802  INFO - [Socket]서버 생성 성공
2020-04-18 11:25:04.4451  INFO - [Socket Server Listening...]
2020-04-18 11:25:04.4451  INFO - [Socket][INFO] IP: 192.168.0.101   포트: 12000   프로토콜: Tcp   서버이름: ConvertServer
2020-04-18 11:25:04.5488  INFO - [Web Socket Server Listening...]
2020-04-18 11:25:04.5488  INFO - [Web Socket][INFO] IP: 192.168.0.101   포트: 12005
2020-04-18 11:25:32.8121  INFO - 다음 옵션으로 프로그램을 실행하였습니다 test
2020-04-18 11:25:32.9248  INFO - 나의 하드웨어 ID: BFEBFBFF000806EB
2020-04-18 11:25:32.9248  INFO - 라이센스 만료날짜: 2021-10-20
2020-04-18 11:25:32.9248  INFO - 한글 DLL을 레지스트리에 등록하였습니다.
2020-04-18 11:25:32.9718  INFO - [Socket]핸들러 등록 완료
2020-04-18 11:25:32.9718  INFO - [Socket]서버 생성 성공
2020-04-18 11:25:32.9967  INFO - [Socket Server Listening...]
2020-04-18 11:25:32.9967  INFO - [Socket][INFO] IP: 192.168.0.101   포트: 12000   프로토콜: Tcp   서버이름: ConvertServer
2020-04-18 11:25:33.0413  INFO - [Web Socket Server Listening...]
2020-04-18 11:25:33.0413  INFO - [Web Socket][INFO] IP: 192.168.0.101   포트: 12005
2020-04-18 11:28:10.6677  INFO - DocConvert Server를 수동으로 실행하였습니다.
2020-04-18 11:28:10.8951  INFO - 나의 하드웨어 ID: BFEBFBFF000806EB
2020-04-18 11:28:10.8951  INFO - 라이센스 만료날짜: 2021-10-20
2020-04-18 11:28:10.9000  INFO - 한글 DLL을 레지스트리에 등록하였습니다.
2020-04-18 11:28:11.0217  INFO - [Socket]핸들러 등록 완료
2020-04-18 11:28:11.0217  INFO - [Socket]서버 생성 성공
2020-04-18 11:28:11.0776  INFO - [Socket Server Listening...]
2020-04-18 11:28:11.0776  INFO - [Socket][INFO] IP: 192.168.0.101   포트: 12000   프로토콜: Tcp   서버이름: ConvertServer
2020-04-18 11:28:11.2691  INFO - [Web Socket Server Listening...]
2020-04-18 11:28:11.2691  INFO - [Web Socket][INFO] IP: 192.168.0.101   포트: 12005
2020-04-18 11:31:05.7697  INFO - 다음 옵션으로 프로그램을 실행하였습니다   args[0]: test  args[1]: 123
2020-04-18 11:31:05.8774  INFO - 나의 하드웨어 ID: BFEBFBFF000806EB
2020-04-18 11:31:05.8774  INFO - 라이센스 만료날짜: 2021-10-20
2020-04-18 11:31:05.8774  INFO - 한글 DLL을 레지스트리에 등록하였습니다.
2020-04-18 11:31:05.9284  INFO - [Socket]핸들러 등록 완료
2020-04-18 11:31:05.9284  INFO - [Socket]서버 생성 성공
2020-04-18 11:31:13.6665  INFO - 다음 옵션으로 프로그램을 실행하였습니다   args[0]: test
2020-04-18 11:31:13.7804  INFO - 나의 하드웨어 ID: BFEBFBFF000806EB
2020-04-18 11:31:13.7804  INFO - 라이센스 만료날짜: 2021-10-20
2020-04-18 11:31:13.7804  INFO - 한글 DLL을 레지스트리에 등록하였습니다.
2020-04-18 11:31:13.8306  INFO - [Socket]핸들러 등록 완료
2020-04-18 11:31:13.8306  INFO - [Socket]서버 생성 성공
2020-04-18 11:31:13.8557  INFO - [Socket Server Listening...]
2020-04-18 11:31:13.8557  INFO - [Socket][INFO] IP: 192.168.0.101   포트: 12000   프로토콜: Tcp   서버이름: ConvertServer
2020-04-18 11:31:13.8989  INFO - [Web Socket Server Listening...]
2020-04-18 11:31:13.8989  INFO - [Web Socket][INFO] IP: 192.168.0.101   포트: 12005
2020-04-18 11:31:23.5581  INFO - 실행옵션:  args[0]: test  args[1]: 123
2020-04-18 11:31:23.6782  INFO - 나의 하드웨어 ID: BFEBFBFF000806EB
2020-04-18 11:31:23.6782  INFO - 라이센스 만료날짜: 2021-10-20
2020-04-18 11:31:23.6802  INFO - 한글 DLL을 레지스트리에 등록하였습니다.
2020-04-18 11:31:23.7287  INFO - [Socket]핸들러 등록 완료
2020-04-18 11:31:23.7287  INFO - [Socket]서버 생성 성공
2020-04-18 11:31:23.7506  INFO - [Socket Server Listening...]
2020-04-18 11:31:23.7506  INFO - [Socket][INFO] IP: 192.168.0.101   포트: 12000   프로토콜: Tcp   서버이름: ConvertServer
2020-04-18 11:31:23.7995  INFO - [Web Socket Server Listening...]
2020-04-18 11:31:23.7995  INFO - [Web Socket][INFO] IP: 192.168.0.101   포트: 12005
2020-04-18 11:32:14.5202  INFO - DocConvert Server를 수동으로 실행하였습니다.
2020-04-18 11:32:14.7127  INFO - 나의 하드웨어 ID: BFEBFBFF000806EB
2020-04-18 11:32:14.7127  INFO - 라이센스 만료날짜: 2021-10-20
2020-04-18 11:32:14.7127  INFO - 한글 DLL을 레지스트리에 등록하였습니다.
2020-04-18 11:32:14.8253  INFO - [Socket]핸들러 등록 완료
2020-04-18 11:32:14.8253  INFO - [Socket]서버 생성 성공
2020-04-18 11:32:14.8623  INFO - [Socket Server Listening...]
2020-04-18 11:32:14.8623  INFO - [Socket][INFO] IP: 192.168.0.101   포트: 12000   프로토콜: Tcp   서버이름: ConvertServer
2020-04-18 11:32:15.0158  INFO - [Web Socket Server Listening...]
2020-04-18 11:32:15.0158  INFO - [Web Socket][INFO] IP: 192.168.0.101   포트: 12005
2020-04-18 11:32:26.2313  INFO - 아규먼트:  [0]: test [1]: 123
2020-04-18 11:32:26.3494  INFO - 나의 하드웨어 ID: BFEBFBFF000806EB
2020-04-18 11:32:26.3494  INFO - 라이센스 만료날짜: 2021-10-20
2020-04-18 11:32:26.3514  INFO - 한글 DLL을 레지스트리에 등록하였습니다.
2020-04-18 11:32:26.4041  INFO - [Socket]핸들러 등록 완료
2020-04-18 11:32:26.4041  INFO - [Socket]서버 생성 성공
2020-04-18 11:32:26.4271  INFO - [Socket Server Listening...]
2020-04-18 11:32:26.4271  INFO - [Socket][INFO] IP: 192.168.0.101   포트: 12000   프로토콜: Tcp   서버이름: ConvertServer
2020-04-18 11:32:26.4710  INFO - [Web Socket Server Listening...]
2020-04-18 11:32:26.4710  INFO - [Web Socket][INFO] IP: 192.168.0.101   포트: 12005
2020-04-18 11:32:53.5220  INFO - DocConvert Server를 수동으로 실행하였습니다.
2020-04-18 11:32:53.7214  INFO - 나의 하드웨어 ID: BFEBFBFF000806EB
2020-04-18 11:32:53.7214  INFO - 라이센스 만료날짜: 2021-10-20
2020-04-18 11:32:53.7214  INFO - 한글 DLL을 레지스트리에 등록하였습니다.
2020-04-18 11:32:53.8291  INFO - [Socket]핸들러 등록 완료
2020-04-18 11:32:53.8291  INFO - [Socket]서버 생성 성공
2020-04-18 11:32:53.8660  INFO - [Socket Server Listening...]
2020-04-18 11:32:53.8670  INFO - [Socket][INFO] IP: 192.168.0.101   포트: 12000   프로토콜: Tcp   서버이름: ConvertServer
2020-04-18 11:32:53.9897  INFO - [Web Socket Server Listening...]
2020-04-18 11:32:53.9897  INFO - [Web Socket][INFO] IP: 192.168.0.101   포트: 12005
2020-04-18 11:32:59.6065  INFO - 아규먼트:    [0]: test   [1]: 123
2020-04-18 11:32:59.7196  INFO - 나의 하드웨어 ID: BFEBFBFF000806EB
2020-04-18 11:32:59.7196  INFO - 라이센스 만료날짜: 2021-10-20
2020-04-18 11:32:59.7196  INFO - 한글 DLL을 레지스트리에 등록하였습니다.
2020-04-18 11:32:59.7704  INFO - [Socket]핸들러 등록 완료
2020-04-18 11:32:59.7704  INFO - [Socket]서버 생성 성공
2020-04-18 11:32:59.7979  INFO - [Socket Server Listening...]
2020-04-18 11:32:59.7979  INFO - [Socket][INFO] IP: 192.168.0.101   포트: 12000   프로토콜: Tcp   서버이름: ConvertServer
2020-04-18 11:32:59.8477  INFO - [Web Socket Server Listening...]
2020-04-18 11:32:59.8477  INFO - [Web Socket][INFO] IP: 192.168.0.101   포트: 12005
2020-04-18 11:33:13.6563  INFO - DocConvert Server를 수동으로 실행하였습니다.
2020-04-18 11:33:13.8588  INFO - 나의 하드웨어 ID: BFEBFBFF000806EB
2020-04-18 11:33:13.8588  INFO - 라이센스 만료날짜: 2021-10-20
2020-04-18 11:33:13.8588  INFO - 한글 DLL을 레지스트리에 등록하였습니다.
2020-04-18 11:33:13.9745  INFO - [Socket]핸들러 등록 완료
2020-04-18 11:33:13.9745  INFO - [Socket]서버 생성 성공
2020-04-18 11:33:14.0084  INFO - [Socket Server Listening...]
2020-04-18 11:33:14.0084  INFO - [Socket][INFO] IP: 192.168.0.101   포트: 12000   프로토콜: Tcp   서버이름: ConvertServer
2020-04-18 11:33:14.1281  INFO - [Web Socket Server Listening...]
2020-04-18 11:33:14.1281  INFO - [Web Socket][INFO] IP: 192.168.0.101   포트: 12005
2020-04-18 11:41:58.1708  INFO - DocConvert Server를 수동으로 실행하였습니다.
2020-04-18 11:41:58.4052  INFO - 나의 하드웨어 ID: BFEBFBFF000806EB
2020-04-18 11:41:58.4052  INFO - 라이센스 만료날짜: 2021-10-20
2020-04-18 11:41:58.4052  INFO - 한글 DLL을 레지스트리에 등록하였습니다.
2020-04-18 11:41:58.4939  INFO - [Socket]핸들러 등록 완료
2020-04-18 11:41:58.4939  INFO - [Socket]서버 생성 성공
2020-04-18 11:41:58.5238  INFO - [Socket Server Listening...]
2020-04-18 11:41:58.5238  INFO - [Socket][INFO] IP: 192.168.0.101   포트: 12000   프로토콜: Tcp   서버이름: ConvertServer
2020-04-18 11:41:58.6296  INFO - [Web Socket Server Listening...]
2020-04-18 11:41:58.6296  INFO - [Web Socket][INFO] IP: 192.168.0.101   포트: 12005
