2020-04-18 18:56:56.6384 ERROR - [Socket][ERROR] 서버 네트워크 시작 실패, 설정한 IP주소가 일치하지거나 바인딩한 포트가 이미 사용중일경우 발생하는 오류.
2020-04-18 19:43:07.8446 ERROR - ==================== Method: document_Convert ====================
2020-04-18 19:43:07.8446 ERROR -    위치: DocConvert_Core.imageLib.ConvertImg.PDFtoPng(String SourcePDF, String outPath, PdfRenderFlags quality) 파일 C:\Users\o0_0o\Documents\GitHub\DocConvert\DocConvert\imageLib\ConvertImg.cs:줄 194
   위치: DocConvert_Core.imageLib.ConvertImg.PDFtoPng(String SourcePDF, String outPath) 파일 C:\Users\o0_0o\Documents\GitHub\DocConvert\DocConvert\imageLib\ConvertImg.cs:줄 145
   위치: DocConvert_Server.Document_Convert.document_Convert(String requestInfo) 파일 C:\Users\o0_0o\Documents\GitHub\DocConvert\DocConvert_Server\ServerLib\Document_Convert.cs:줄 134

2020-04-18 19:43:07.8602 ERROR - 변환 실패: 'C:\Data\workspace\538E373AEF88E05CDE8830FF9F64976C\2-1. 사직서.pdf' 파일을 찾을 수 없습니다.
2020-04-18 19:43:07.8602 ERROR - ==================== End ====================
2020-04-18 20:02:08.7590 ERROR - ==================== Method: document_Convert ====================
2020-04-18 20:02:08.7746 ERROR -    위치: DocConvert_Core.imageLib.ConvertImg.PDFtoPng(String SourcePDF, String outPath, PdfRenderFlags quality) 파일 C:\Users\o0_0o\Documents\GitHub\DocConvert\DocConvert\imageLib\ConvertImg.cs:줄 194
   위치: DocConvert_Core.imageLib.ConvertImg.PDFtoPng(String SourcePDF, String outPath) 파일 C:\Users\o0_0o\Documents\GitHub\DocConvert\DocConvert\imageLib\ConvertImg.cs:줄 145
   위치: DocConvert_Server.Document_Convert.document_Convert(String requestInfo) 파일 C:\Users\o0_0o\Documents\GitHub\DocConvert\DocConvert_Server\ServerLib\Document_Convert.cs:줄 134

2020-04-18 20:02:08.7746 ERROR - 변환 실패: 'C:\Data\workspace\538E373AEF88E05CDE8830FF9F64976C\2-1. 사직서.pdf' 파일을 찾을 수 없습니다.
2020-04-18 20:02:08.7746 ERROR - ==================== End ====================
2020-04-18 20:24:10.6472 ERROR - ==================== Method: document_Convert ====================
2020-04-18 20:24:10.6628 ERROR -    위치: System.IO.__Error.WinIOError(Int32 errorCode, String maybeFullPath)
   위치: System.IO.FileStream.Init(String path, FileMode mode, FileAccess access, Int32 rights, Boolean useRights, FileShare share, Int32 bufferSize, FileOptions options, SECURITY_ATTRIBUTES secAttrs, String msgPath, Boolean bFromProxy, Boolean useLongPath, Boolean checkHost)
   위치: System.IO.FileStream..ctor(String path, FileMode mode, FileAccess access, FileShare share)
   위치: System.IO.File.OpenRead(String path)
   위치: DocConvert_Server.Document_Convert.MD5_CheckSUM(String filename) 파일 C:\Users\o0_0o\Documents\GitHub\DocConvert\DocConvert_Server\ServerLib\Document_Convert.cs:줄 216
   위치: DocConvert_Server.Document_Convert.document_Convert(String requestInfo) 파일 C:\Users\o0_0o\Documents\GitHub\DocConvert\DocConvert_Server\ServerLib\Document_Convert.cs:줄 57

2020-04-18 20:24:10.6628 ERROR - 변환 실패: 'C:\Data\tmp\2-1. 사직서.hwp' 파일을 찾을 수 없습니다.
2020-04-18 20:24:10.6628 ERROR - ==================== End ====================
2020-04-18 20:53:35.3379 ERROR - ==================== Method: document_Convert ====================
2020-04-18 20:53:35.3379 ERROR -    위치: System.IO.Directory.DeleteHelper(String fullPath, String userPath, Boolean recursive, Boolean throwOnTopLevelDirectoryNotFound, WIN32_FIND_DATA& data)
   위치: System.IO.Directory.Delete(String fullPath, String userPath, Boolean recursive, Boolean checkHost)
   위치: System.IO.DirectoryInfo.Delete(Boolean recursive)
   위치: DocConvert_Server.Document_Convert.document_Convert(String requestInfo) 파일 C:\Users\o0_0o\Documents\GitHub\DocConvert\DocConvert_Server\ServerLib\Document_Convert.cs:줄 67

2020-04-18 20:53:35.3535 ERROR - 변환 실패: 'PowerPoint 시작.pptx' 파일은 다른 프로세스에서 사용 중이므로 프로세스에서 액세스할 수 없습니다.
2020-04-18 20:53:35.3535 ERROR - ==================== End ====================
2020-04-18 20:53:52.6499 ERROR - ==================== Method: document_Convert ====================
2020-04-18 20:53:52.6499 ERROR -    위치: System.IO.Directory.DeleteHelper(String fullPath, String userPath, Boolean recursive, Boolean throwOnTopLevelDirectoryNotFound, WIN32_FIND_DATA& data)
   위치: System.IO.Directory.Delete(String fullPath, String userPath, Boolean recursive, Boolean checkHost)
   위치: System.IO.DirectoryInfo.Delete(Boolean recursive)
   위치: DocConvert_Server.Document_Convert.document_Convert(String requestInfo) 파일 C:\Users\o0_0o\Documents\GitHub\DocConvert\DocConvert_Server\ServerLib\Document_Convert.cs:줄 67

2020-04-18 20:53:52.6499 ERROR - 변환 실패: 'DocConvert.docx' 파일은 다른 프로세스에서 사용 중이므로 프로세스에서 액세스할 수 없습니다.
2020-04-18 20:53:52.6499 ERROR - ==================== End ====================
