2020-04-18 19:01:25.3423 DEBUG - [Socket]技记ID: cfaa1cab-d50a-4409-a268-d6f896f440a6 立加
2020-04-18 19:01:25.3579 DEBUG - [Socket]技记ID: cfaa1cab-d50a-4409-a268-d6f896f440a6 罐篮 单捞磐 农扁: 278, ThreadId: 17
2020-04-18 19:02:40.1890 DEBUG - [Socket]技记ID: 7f5ff155-da42-4c92-a3e8-be12fb06d1a2 立加
2020-04-18 19:02:40.1890 DEBUG - [Socket]技记ID: 7f5ff155-da42-4c92-a3e8-be12fb06d1a2 罐篮 单捞磐 农扁: 278, ThreadId: 12
2020-04-18 19:06:03.3911 DEBUG - [Socket]技记ID: 20ba492d-4d66-4cde-89ab-a6769dd3153e 立加
2020-04-18 19:06:03.3911 DEBUG - [Socket]技记ID: 20ba492d-4d66-4cde-89ab-a6769dd3153e 罐篮 单捞磐 农扁: 278, ThreadId: 14
2020-04-18 19:08:28.3393 DEBUG - [Socket]技记ID: acf0b7ac-91d0-466b-a47e-32a5a0f5e082 立加
2020-04-18 19:08:28.3549 DEBUG - [Socket]技记ID: acf0b7ac-91d0-466b-a47e-32a5a0f5e082 罐篮 单捞磐 农扁: 278, ThreadId: 6
2020-04-18 19:26:26.2692 DEBUG - [Socket]技记ID: 6ace3b79-ae72-4ca1-aba6-6df4eb0653cc 立加
2020-04-18 19:26:26.2848 DEBUG - [Socket]技记ID: 6ace3b79-ae72-4ca1-aba6-6df4eb0653cc 罐篮 单捞磐 农扁: 278, ThreadId: 6
2020-04-18 19:26:44.4973 DEBUG - [Socket]技记ID: b4667135-3b0b-4297-b44c-68df0c03054c 立加
2020-04-18 19:26:44.5129 DEBUG - [Socket]技记ID: b4667135-3b0b-4297-b44c-68df0c03054c 罐篮 单捞磐 农扁: 278, ThreadId: 6
2020-04-18 19:27:15.9299 DEBUG - [Socket]技记ID: 7788ae9d-76b0-4691-b784-663d646fd7ee 立加
2020-04-18 19:27:15.9456 DEBUG - [Socket]技记ID: 7788ae9d-76b0-4691-b784-663d646fd7ee 罐篮 单捞磐 农扁: 278, ThreadId: 9
2020-04-18 19:27:43.7374 DEBUG - [Socket]技记ID: 77c89ebd-a557-4d6d-abd0-9503f2b81985 立加
2020-04-18 19:27:43.7530 DEBUG - [Socket]技记ID: 77c89ebd-a557-4d6d-abd0-9503f2b81985 罐篮 单捞磐 农扁: 278, ThreadId: 6
2020-04-18 19:27:53.9607 DEBUG - [Socket]技记ID: 759f06ca-8ecc-420b-aa98-b7a589b96abf 立加
2020-04-18 19:27:53.9607 DEBUG - [Socket]技记ID: 759f06ca-8ecc-420b-aa98-b7a589b96abf 罐篮 单捞磐 农扁: 278, ThreadId: 14
2020-04-18 19:32:45.3807 DEBUG - [Socket]技记ID: 19d30c67-321c-41a3-a574-724f0f04e9ad 立加
2020-04-18 19:32:45.4119 DEBUG - [Socket]技记ID: 19d30c67-321c-41a3-a574-724f0f04e9ad 罐篮 单捞磐 农扁: 278, ThreadId: 6
2020-04-18 19:36:52.5779 DEBUG - [Socket]技记ID: 0fc99833-0ed8-42cd-b641-1ee2c73c5ec1 立加
2020-04-18 19:36:52.5935 DEBUG - [Socket]技记ID: 0fc99833-0ed8-42cd-b641-1ee2c73c5ec1 罐篮 单捞磐 农扁: 278, ThreadId: 6
2020-04-18 19:43:06.2513 DEBUG - [Socket]技记ID: af7ae7ca-ee04-44c0-bd10-d9f7971faefd 立加
2020-04-18 19:43:06.2513 DEBUG - [Socket]技记ID: af7ae7ca-ee04-44c0-bd10-d9f7971faefd 罐篮 单捞磐 农扁: 278, ThreadId: 14
2020-04-18 19:43:06.8917 DEBUG - [Socket]技记ID: 7bbe300b-5c27-48b2-b76c-b44c5f05ef21 立加
2020-04-18 19:43:06.9073 DEBUG - [Socket]技记ID: 7bbe300b-5c27-48b2-b76c-b44c5f05ef21 罐篮 单捞磐 农扁: 290, ThreadId: 6
2020-04-18 19:43:12.4998 DEBUG - [Socket]技记ID: fc0e2101-0677-4f98-9f42-6c944b237276 立加
2020-04-18 19:43:12.4998 DEBUG - [Socket]技记ID: fc0e2101-0677-4f98-9f42-6c944b237276 罐篮 单捞磐 农扁: 278, ThreadId: 22
2020-04-18 19:43:13.1090 DEBUG - [Socket]技记ID: fba60359-7846-4ece-b5c9-e3b5e8e3126b 立加
2020-04-18 19:43:13.1090 DEBUG - [Socket]技记ID: fba60359-7846-4ece-b5c9-e3b5e8e3126b 罐篮 单捞磐 农扁: 290, ThreadId: 20
2020-04-18 19:44:10.9864 DEBUG - [Socket]技记ID: 9992d8f7-e172-457e-88fe-7fc8f158b01c 立加
2020-04-18 19:44:10.9864 DEBUG - [Socket]技记ID: 9992d8f7-e172-457e-88fe-7fc8f158b01c 罐篮 单捞磐 农扁: 278, ThreadId: 6
2020-04-18 19:44:11.5800 DEBUG - [Socket]技记ID: 4954f284-0a5c-45ce-92d5-a6d5ff446151 立加
2020-04-18 19:44:11.5956 DEBUG - [Socket]技记ID: 4954f284-0a5c-45ce-92d5-a6d5ff446151 罐篮 单捞磐 农扁: 290, ThreadId: 26
2020-04-18 19:45:54.9881 DEBUG - [Socket]技记ID: fd323bea-b875-4c66-85eb-86f667a9ac09 立加
2020-04-18 19:45:55.0037 DEBUG - [Socket]技记ID: fd323bea-b875-4c66-85eb-86f667a9ac09 罐篮 单捞磐 农扁: 278, ThreadId: 6
2020-04-18 19:45:55.6911 DEBUG - [Socket]技记ID: 9454a4de-fe27-47d4-bf8e-84c295918b0e 立加
2020-04-18 19:45:55.6911 DEBUG - [Socket]技记ID: 9454a4de-fe27-47d4-bf8e-84c295918b0e 罐篮 单捞磐 农扁: 290, ThreadId: 27
2020-04-18 19:54:14.8662 DEBUG - [Socket]技记ID: c0e0d834-b774-4552-9dfb-869dab394380 立加
2020-04-18 19:54:14.8818 DEBUG - [Socket]技记ID: c0e0d834-b774-4552-9dfb-869dab394380 罐篮 单捞磐 农扁: 278, ThreadId: 14
2020-04-18 19:54:15.7722 DEBUG - [Socket]技记ID: 53252831-cf1e-42a9-96fc-670b69c6060b 立加
2020-04-18 19:54:15.7878 DEBUG - [Socket]技记ID: 53252831-cf1e-42a9-96fc-670b69c6060b 罐篮 单捞磐 农扁: 290, ThreadId: 26
2020-04-18 19:55:51.6721 DEBUG - [Socket]技记ID: 86801d02-ae82-46ac-815b-b81dc5caf6b1 立加
2020-04-18 19:55:51.6877 DEBUG - [Socket]技记ID: 86801d02-ae82-46ac-815b-b81dc5caf6b1 罐篮 单捞磐 农扁: 278, ThreadId: 14
2020-04-18 19:56:11.2184 DEBUG - [Socket]技记ID: eb32312d-7690-444b-872f-3b940d3a19de 立加
2020-04-18 19:56:11.2184 DEBUG - [Socket]技记ID: eb32312d-7690-444b-872f-3b940d3a19de 罐篮 单捞磐 农扁: 290, ThreadId: 15
2020-04-18 19:57:07.3412 DEBUG - [Socket]技记ID: b2fcc02f-1546-41e1-b656-43fd682f45bc 立加
2020-04-18 19:57:07.3562 DEBUG - [Socket]技记ID: b2fcc02f-1546-41e1-b656-43fd682f45bc 罐篮 单捞磐 农扁: 278, ThreadId: 14
2020-04-18 19:57:11.4062 DEBUG - [Socket]技记ID: 351601fc-8e59-4db4-8bd5-f2fe8a717a8d 立加
2020-04-18 19:57:11.4062 DEBUG - [Socket]技记ID: 351601fc-8e59-4db4-8bd5-f2fe8a717a8d 罐篮 单捞磐 农扁: 278, ThreadId: 14
2020-04-18 19:57:15.0376 DEBUG - [Socket]技记ID: 77826656-9e27-4c6c-9ae0-834b8b8ad1b7 立加
2020-04-18 19:57:15.0376 DEBUG - [Socket]技记ID: 77826656-9e27-4c6c-9ae0-834b8b8ad1b7 罐篮 单捞磐 农扁: 278, ThreadId: 17
2020-04-18 20:01:30.6183 DEBUG - [Socket]技记ID: 2c5ec645-032a-450c-a4f8-9514ab369c00 立加
2020-04-18 20:01:30.6340 DEBUG - [Socket]技记ID: 2c5ec645-032a-450c-a4f8-9514ab369c00 罐篮 单捞磐 农扁: 278, ThreadId: 6
2020-04-18 20:01:31.1807 DEBUG - [Socket]技记ID: 5982def6-d658-40a3-96d4-f704069c3845 立加
2020-04-18 20:01:31.1963 DEBUG - [Socket]技记ID: 5982def6-d658-40a3-96d4-f704069c3845 罐篮 单捞磐 农扁: 290, ThreadId: 28
2020-04-18 20:02:07.1031 DEBUG - [Socket]技记ID: c8bebd14-4039-4628-a13c-96d11ebca910 立加
2020-04-18 20:02:07.1187 DEBUG - [Socket]技记ID: c8bebd14-4039-4628-a13c-96d11ebca910 罐篮 单捞磐 农扁: 278, ThreadId: 14
2020-04-18 20:02:08.0560 DEBUG - [Socket]技记ID: c67528ca-00b9-4ed3-9487-ddf27ad97cee 立加
2020-04-18 20:02:08.0716 DEBUG - [Socket]技记ID: c67528ca-00b9-4ed3-9487-ddf27ad97cee 罐篮 单捞磐 农扁: 290, ThreadId: 17
2020-04-18 20:02:12.2581 DEBUG - [Socket]技记ID: aead2218-7341-4e4c-a9ea-caffbfc264d6 立加
2020-04-18 20:02:12.2581 DEBUG - [Socket]技记ID: aead2218-7341-4e4c-a9ea-caffbfc264d6 罐篮 单捞磐 农扁: 278, ThreadId: 6
2020-04-18 20:02:12.9142 DEBUG - [Socket]技记ID: a625ffd0-c292-47cc-be51-443e8ba2198f 立加
2020-04-18 20:02:12.9142 DEBUG - [Socket]技记ID: a625ffd0-c292-47cc-be51-443e8ba2198f 罐篮 单捞磐 农扁: 290, ThreadId: 29
2020-04-18 20:02:28.9809 DEBUG - [Socket]技记ID: b8205a01-0313-4440-8b31-626931537f42 立加
2020-04-18 20:02:28.9965 DEBUG - [Socket]技记ID: b8205a01-0313-4440-8b31-626931537f42 罐篮 单捞磐 农扁: 278, ThreadId: 6
2020-04-18 20:02:29.5745 DEBUG - [Socket]技记ID: 10c48446-36fa-4ddc-abec-4dd175517667 立加
2020-04-18 20:02:29.5901 DEBUG - [Socket]技记ID: 10c48446-36fa-4ddc-abec-4dd175517667 罐篮 单捞磐 农扁: 290, ThreadId: 14
2020-04-18 20:03:13.4959 DEBUG - [Socket]技记ID: d08d45e5-2819-4fe1-8960-1ebcb4a3d4a8 立加
2020-04-18 20:03:13.5116 DEBUG - [Socket]技记ID: d08d45e5-2819-4fe1-8960-1ebcb4a3d4a8 罐篮 单捞磐 农扁: 278, ThreadId: 6
2020-04-18 20:03:14.1208 DEBUG - [Socket]技记ID: dd25936d-381a-41f8-b213-91e060b5f427 立加
2020-04-18 20:03:14.1208 DEBUG - [Socket]技记ID: dd25936d-381a-41f8-b213-91e060b5f427 罐篮 单捞磐 农扁: 290, ThreadId: 17
2020-04-18 20:04:03.5574 DEBUG - [Socket]技记ID: c01c7b52-e087-414c-9c59-91948e6265a7 立加
2020-04-18 20:04:03.5574 DEBUG - [Socket]技记ID: c01c7b52-e087-414c-9c59-91948e6265a7 罐篮 单捞磐 农扁: 278, ThreadId: 17
2020-04-18 20:04:15.7571 DEBUG - [Socket]技记ID: c18ee8ab-00a1-4b66-91ac-d9a8bc40eb88 立加
2020-04-18 20:04:15.7571 DEBUG - [Socket]技记ID: c18ee8ab-00a1-4b66-91ac-d9a8bc40eb88 罐篮 单捞磐 农扁: 278, ThreadId: 17
2020-04-18 20:04:30.7826 DEBUG - [Socket]技记ID: 4d0ba1bc-74de-4056-a8d1-1cd3a396ad9f 立加
2020-04-18 20:04:30.7983 DEBUG - [Socket]技记ID: 4d0ba1bc-74de-4056-a8d1-1cd3a396ad9f 罐篮 单捞磐 农扁: 278, ThreadId: 6
2020-04-18 20:04:36.7003 DEBUG - [Socket]技记ID: e5a32783-a818-417b-a719-23f19428dbd9 立加
2020-04-18 20:04:36.7003 DEBUG - [Socket]技记ID: e5a32783-a818-417b-a719-23f19428dbd9 罐篮 单捞磐 农扁: 278, ThreadId: 6
2020-04-18 20:11:28.1192 DEBUG - [Socket]技记ID: a95bd430-9ac8-4b42-a373-06a61954f3e5 立加
2020-04-18 20:11:28.1349 DEBUG - [Socket]技记ID: a95bd430-9ac8-4b42-a373-06a61954f3e5 罐篮 单捞磐 农扁: 278, ThreadId: 6
2020-04-18 20:11:28.8222 DEBUG - [Socket]技记ID: 4962a058-91c9-4868-be3a-5de42569c5ef 立加
2020-04-18 20:11:28.8222 DEBUG - [Socket]技记ID: 4962a058-91c9-4868-be3a-5de42569c5ef 罐篮 单捞磐 农扁: 290, ThreadId: 8
2020-04-18 20:12:02.5329 DEBUG - [Socket]技记ID: b2183e33-7b5e-456e-a6af-8bfa7c337694 立加
2020-04-18 20:12:02.5485 DEBUG - [Socket]技记ID: b2183e33-7b5e-456e-a6af-8bfa7c337694 罐篮 单捞磐 农扁: 290, ThreadId: 14
2020-04-18 20:13:48.3102 DEBUG - [Socket]技记ID: accadbc3-fae0-4b11-90c2-d3f54a7078aa 立加
2020-04-18 20:13:48.3258 DEBUG - [Socket]技记ID: accadbc3-fae0-4b11-90c2-d3f54a7078aa 罐篮 单捞磐 农扁: 282, ThreadId: 6
2020-04-18 20:14:34.6949 DEBUG - [Socket]技记ID: 0f02296d-38b0-45c9-a599-5ff8faa0653a 立加
2020-04-18 20:14:34.7105 DEBUG - [Socket]技记ID: 0f02296d-38b0-45c9-a599-5ff8faa0653a 罐篮 单捞磐 农扁: 278, ThreadId: 6
2020-04-18 20:14:53.4560 DEBUG - [Socket]技记ID: b2f85750-8cb3-4538-aab1-8b83fc21cfed 立加
2020-04-18 20:14:53.4560 DEBUG - [Socket]技记ID: b2f85750-8cb3-4538-aab1-8b83fc21cfed 罐篮 单捞磐 农扁: 278, ThreadId: 14
2020-04-18 20:14:56.6584 DEBUG - [Socket]技记ID: 44b879e8-40a4-4271-b59d-2a7703b3fc80 立加
2020-04-18 20:14:56.6584 DEBUG - [Socket]技记ID: 44b879e8-40a4-4271-b59d-2a7703b3fc80 罐篮 单捞磐 农扁: 278, ThreadId: 14
2020-04-18 20:14:57.3770 DEBUG - [Socket]技记ID: 51cf328a-a0ec-402d-946e-2dfd416aaa6b 立加
2020-04-18 20:14:57.3770 DEBUG - [Socket]技记ID: 51cf328a-a0ec-402d-946e-2dfd416aaa6b 罐篮 单捞磐 农扁: 290, ThreadId: 17
2020-04-18 20:16:26.3319 DEBUG - [Socket]技记ID: d7773175-d9e0-42f7-8ce7-f7940f17ed77 立加
2020-04-18 20:16:26.3319 DEBUG - [Socket]技记ID: d7773175-d9e0-42f7-8ce7-f7940f17ed77 罐篮 单捞磐 农扁: 282, ThreadId: 6
2020-04-18 20:16:26.8943 DEBUG - [Socket]技记ID: 280b6e98-ab6b-463e-9470-d8585e63c9c0 立加
2020-04-18 20:16:26.9099 DEBUG - [Socket]技记ID: 280b6e98-ab6b-463e-9470-d8585e63c9c0 罐篮 单捞磐 农扁: 278, ThreadId: 17
2020-04-18 20:17:20.4340 DEBUG - [Socket]技记ID: b9536ab3-a0e5-4c79-8fdb-3ed18660aaad 立加
2020-04-18 20:17:20.4497 DEBUG - [Socket]技记ID: b9536ab3-a0e5-4c79-8fdb-3ed18660aaad 罐篮 单捞磐 农扁: 278, ThreadId: 6
2020-04-18 20:17:20.9652 DEBUG - [Socket]技记ID: bb2a8670-0fa0-4d27-900b-6ba7a136e7b1 立加
2020-04-18 20:17:20.9808 DEBUG - [Socket]技记ID: bb2a8670-0fa0-4d27-900b-6ba7a136e7b1 罐篮 单捞磐 农扁: 290, ThreadId: 27
2020-04-18 20:21:46.5577 DEBUG - [Socket]技记ID: 5da42c7f-587a-4f25-84de-6649da802dc1 立加
2020-04-18 20:21:46.5577 DEBUG - [Socket]技记ID: 5da42c7f-587a-4f25-84de-6649da802dc1 罐篮 单捞磐 农扁: 278, ThreadId: 8
2020-04-18 20:21:47.1201 DEBUG - [Socket]技记ID: 97b6878b-2911-4545-babd-1a4955da0373 立加
2020-04-18 20:21:47.1357 DEBUG - [Socket]技记ID: 97b6878b-2911-4545-babd-1a4955da0373 罐篮 单捞磐 农扁: 282, ThreadId: 14
2020-04-18 20:24:09.5850 DEBUG - [Socket]技记ID: d5470cd0-ccdd-4373-a369-310ebbccf4ff 立加
2020-04-18 20:24:09.6006 DEBUG - [Socket]技记ID: d5470cd0-ccdd-4373-a369-310ebbccf4ff 罐篮 单捞磐 农扁: 278, ThreadId: 6
2020-04-18 20:24:10.0849 DEBUG - [Socket]技记ID: 3a87f5d0-5205-447d-9899-d5bb50047171 立加
2020-04-18 20:24:10.1005 DEBUG - [Socket]技记ID: 3a87f5d0-5205-447d-9899-d5bb50047171 罐篮 单捞磐 农扁: 282, ThreadId: 17
2020-04-18 20:26:35.5817 DEBUG - [Socket]技记ID: dc1be3ae-68f6-41ac-b1c1-4895bd0af8b5 立加
2020-04-18 20:26:35.5973 DEBUG - [Socket]技记ID: dc1be3ae-68f6-41ac-b1c1-4895bd0af8b5 罐篮 单捞磐 农扁: 278, ThreadId: 6
2020-04-18 20:26:36.2534 DEBUG - [Socket]技记ID: 53c6e72a-10e5-42f2-a9b1-e8170ef5e5e6 立加
2020-04-18 20:26:36.2690 DEBUG - [Socket]技记ID: 53c6e72a-10e5-42f2-a9b1-e8170ef5e5e6 罐篮 单捞磐 农扁: 282, ThreadId: 14
2020-04-18 20:27:02.7159 DEBUG - [Socket]技记ID: 170e43f2-69d3-40da-845f-b96285f987bc 立加
2020-04-18 20:27:02.7315 DEBUG - [Socket]技记ID: 170e43f2-69d3-40da-845f-b96285f987bc 罐篮 单捞磐 农扁: 278, ThreadId: 6
2020-04-18 20:27:03.4032 DEBUG - [Socket]技记ID: 2e1b927c-651e-4fff-a6a0-328876411a41 立加
2020-04-18 20:27:03.4188 DEBUG - [Socket]技记ID: 2e1b927c-651e-4fff-a6a0-328876411a41 罐篮 单捞磐 农扁: 282, ThreadId: 25
2020-04-18 20:27:19.6254 DEBUG - [Socket]技记ID: 90e2f411-acea-42cc-ba14-8cf7f7eba23a 立加
2020-04-18 20:27:19.6254 DEBUG - [Socket]技记ID: 90e2f411-acea-42cc-ba14-8cf7f7eba23a 罐篮 单捞磐 农扁: 290, ThreadId: 29
2020-04-18 20:27:20.4377 DEBUG - [Socket]技记ID: f7776672-ebff-4142-91e7-1f3ab6d38b71 立加
2020-04-18 20:27:20.4377 DEBUG - [Socket]技记ID: f7776672-ebff-4142-91e7-1f3ab6d38b71 罐篮 单捞磐 农扁: 278, ThreadId: 27
2020-04-18 20:27:40.1300 DEBUG - [Socket]技记ID: 0c0105dd-8866-4663-8e90-c40054596518 立加
2020-04-18 20:27:40.1456 DEBUG - [Socket]技记ID: 0c0105dd-8866-4663-8e90-c40054596518 罐篮 单捞磐 农扁: 290, ThreadId: 27
2020-04-18 20:27:40.6611 DEBUG - [Socket]技记ID: cf9efe42-4dbe-45c4-bccf-ecde92fe4ea0 立加
2020-04-18 20:27:40.6767 DEBUG - [Socket]技记ID: cf9efe42-4dbe-45c4-bccf-ecde92fe4ea0 罐篮 单捞磐 农扁: 278, ThreadId: 26
2020-04-18 20:27:45.8786 DEBUG - [Socket]技记ID: 7ea81827-c9c8-4c60-bcba-33da4ed03ab9 立加
2020-04-18 20:27:45.8786 DEBUG - [Socket]技记ID: 7ea81827-c9c8-4c60-bcba-33da4ed03ab9 罐篮 单捞磐 农扁: 282, ThreadId: 27
2020-04-18 20:27:49.3153 DEBUG - [Socket]技记ID: ac9646b8-6f47-4976-bc4d-4bd602a48fd3 立加
2020-04-18 20:27:49.3153 DEBUG - [Socket]技记ID: ac9646b8-6f47-4976-bc4d-4bd602a48fd3 罐篮 单捞磐 农扁: 278, ThreadId: 29
2020-04-18 20:27:50.0183 DEBUG - [Socket]技记ID: 4eecfed7-1161-470f-b30e-c2dd3e28615f 立加
2020-04-18 20:27:50.0339 DEBUG - [Socket]技记ID: 4eecfed7-1161-470f-b30e-c2dd3e28615f 罐篮 单捞磐 农扁: 290, ThreadId: 6
