2020-04-03 14:10:32.0404  INFO - ==================== Start ====================
2020-04-03 14:10:32.0683  INFO - Method: HwpSaveAs, FilePath: C:\Users\o0_0o\Documents\Welcome to Hwp.hwp, outPath: C:\Users\o0_0o\Documents\Welcome to Hwp.pdf
2020-04-03 14:10:32.0683  INFO - 파일 언락 성공!
2020-04-03 14:10:38.3569  INFO - ==================== End ====================
2020-04-03 21:05:48.4551  INFO - ==================== Start ====================
2020-04-03 21:05:48.4790  INFO - Method: HwpSaveAs, FilePath: C:\Data\Documents\2B699FCE2A5094957B24445F97FCE8CC\Welcome to Hwp.hwp, outPath: \Welcome to Hwp.pdf
2020-04-03 21:05:48.4790  INFO - 파일 언락 성공!
2020-04-03 21:05:48.5110  INFO - 변환중 오류발생 자세한 내용은 오류로그 참고
2020-04-03 21:08:47.0518  INFO - ==================== Start ====================
2020-04-03 21:08:47.0746  INFO - Method: HwpSaveAs, FilePath: C:\Data\Documents\2B699FCE2A5094957B24445F97FCE8CC\Welcome to Hwp.hwp, outPath: \Welcome to Hwp.pdf
2020-04-03 21:08:47.0746  INFO - 파일 언락 성공!
2020-04-03 21:08:47.0996  INFO - 변환중 오류발생 자세한 내용은 오류로그 참고
2020-04-03 21:11:06.9148  INFO - ==================== Start ====================
2020-04-03 21:11:06.9378  INFO - Method: HwpSaveAs, FilePath: C:\Data\Documents\2B699FCE2A5094957B24445F97FCE8CC\Welcome to Hwp.hwp, outPath: C:\Data\Documents\2B699FCE2A5094957B24445F97FCE8CC\Welcome to Hwp.pdf
2020-04-03 21:11:06.9378  INFO - 파일 언락 성공!
2020-04-03 21:11:06.9647  INFO - 변환중 오류발생 자세한 내용은 오류로그 참고
2020-04-03 21:12:23.3368  INFO - ==================== Start ====================
2020-04-03 21:12:23.6663  INFO - Method: HwpSaveAs, FilePath: C:\Data\Documents\2B699FCE2A5094957B24445F97FCE8CC\Welcome to Hwp.hwp, outPath: C:\Data\Documents\2B699FCE2A5094957B24445F97FCE8CC\Welcome to Hwp.pdf
2020-04-03 21:12:25.7792  INFO - 파일 언락 성공!
2020-04-03 21:12:47.9766  INFO - 변환중 오류발생 자세한 내용은 오류로그 참고
2020-04-03 21:13:16.0608  INFO - ==================== Start ====================
2020-04-03 21:13:16.3134  INFO - Method: HwpSaveAs, FilePath: C:\Data\Documents\2B699FCE2A5094957B24445F97FCE8CC\Welcome to Hwp.hwp, outPath: C:\Data\Documents\2B699FCE2A5094957B24445F97FCE8CC\Welcome to Hwp.pdf
2020-04-03 21:13:16.9840  INFO - 파일 언락 성공!
2020-04-03 21:14:47.1176  INFO - ==================== Start ====================
2020-04-03 21:14:47.1426  INFO - Method: HwpSaveAs, FilePath: C:\Data\Documents\2B699FCE2A5094957B24445F97FCE8CC\Welcome to Hwp.hwp, outPath: C:\Data\Documents\2B699FCE2A5094957B24445F97FCE8CC\Welcome to Hwp.pdf
2020-04-03 21:14:47.1426  INFO - 파일 언락 성공!
2020-04-03 21:14:47.1674  INFO - 변환중 오류발생 자세한 내용은 오류로그 참고
2020-04-03 21:14:58.7102  INFO - ==================== Start ====================
2020-04-03 21:14:58.9187  INFO - Method: HwpSaveAs, FilePath: C:\Data\Documents\2B699FCE2A5094957B24445F97FCE8CC\Welcome to Hwp.hwp, outPath: C:\Data\Documents\2B699FCE2A5094957B24445F97FCE8CC\Welcome to Hwp.pdf
2020-04-03 21:14:59.6535  INFO - 파일 언락 성공!
2020-04-03 21:40:51.4466  INFO - ==================== Start ====================
2020-04-03 21:40:51.4725  INFO - Method: HwpSaveAs, FilePath: C:\Data\Documents\2B699FCE2A5094957B24445F97FCE8CC\Welcome to Hwp.hwp, outPath: C:\Data\Documents\2B699FCE2A5094957B24445F97FCE8CC\Welcome to Hwp.pdf
2020-04-03 21:40:51.4725  INFO - 파일 언락 성공!
2020-04-03 21:40:51.4985  INFO - 변환중 오류발생 자세한 내용은 오류로그 참고
2020-04-03 21:42:30.5470  INFO - ==================== Start ====================
2020-04-03 21:42:30.5739  INFO - Method: HwpSaveAs, FilePath: C:\Data\Documents\2B699FCE2A5094957B24445F97FCE8CC\Welcome to Hwp.hwp, outPath: C:\Data\Documents\2B699FCE2A5094957B24445F97FCE8CC\Welcome to Hwp.pdf
2020-04-03 21:42:30.5739  INFO - 파일 언락 성공!
2020-04-03 21:42:30.6098  INFO - 변환중 오류발생 자세한 내용은 오류로그 참고
2020-04-03 21:43:30.5908  INFO - ==================== Start ====================
2020-04-03 21:43:30.6127  INFO - Method: WordSaveAs, FilePath: C:\Data\Documents\3C9BDA23B6E35658EDCA264B7F032B80\Word 시작.docx, outPath: C:\Data\Documents\3C9BDA23B6E35658EDCA264B7F032B80\Word 시작.pdf, docPassword: 
2020-04-03 21:43:30.6427  INFO - 파일 언락 실패! 자세한내용 로그 참고
2020-04-03 21:43:58.1405  INFO - ==================== Start ====================
2020-04-03 21:43:58.1664  INFO - Method: WordSaveAs, FilePath: C:\Data\Documents\3C9BDA23B6E35658EDCA264B7F032B80\Word 시작.docx, outPath: C:\Data\Documents\3C9BDA23B6E35658EDCA264B7F032B80\Word 시작.pdf, docPassword: 
2020-04-03 21:43:58.1664  INFO - 파일 언락 성공!
2020-04-03 21:44:00.0809  INFO - 변환중 오류발생 자세한 내용은 오류로그 참고
2020-04-03 21:44:00.2247  INFO - ==================== End ====================
2020-04-03 21:44:23.4574  INFO - ==================== Start ====================
2020-04-03 21:44:23.4574  INFO - Method: WordSaveAs, FilePath: C:\Data\Documents\3C9BDA23B6E35658EDCA264B7F032B80\Word 시작.docx, outPath: C:\Data\Documents\3C9BDA23B6E35658EDCA264B7F032B80\Word 시작.pdf, docPassword: 
2020-04-03 21:44:23.4574  INFO - 파일 언락 성공!
2020-04-03 21:44:25.3333  INFO - 변환중 오류발생 자세한 내용은 오류로그 참고
2020-04-03 21:44:25.4702  INFO - ==================== End ====================
2020-04-03 21:45:02.5674  INFO - ==================== Start ====================
2020-04-03 21:45:02.8041  INFO - Method: WordSaveAs, FilePath: C:\Data\Documents\3C9BDA23B6E35658EDCA264B7F032B80\Word 시작.docx, outPath: C:\Data\Documents\3C9BDA23B6E35658EDCA264B7F032B80\Word 시작.pdf, docPassword: 
2020-04-03 21:45:03.4473  INFO - 파일 언락 성공!
2020-04-03 21:45:27.8799  INFO - 변환중 오류발생 자세한 내용은 오류로그 참고
2020-04-03 21:45:28.0210  INFO - ==================== End ====================
2020-04-03 21:46:59.4757  INFO - ==================== Start ====================
2020-04-03 21:46:59.6836  INFO - Method: WordSaveAs, FilePath: C:\Data\Documents\3C9BDA23B6E35658EDCA264B7F032B80\Word 시작.docx, outPath: C:\Data\Documents\3C9BDA23B6E35658EDCA264B7F032B80\Word 시작.pdf, docPassword: 
2020-04-03 21:47:00.2093  INFO - 파일 언락 성공!
2020-04-03 21:47:40.3530  INFO - 변환중 오류발생 자세한 내용은 오류로그 참고
2020-04-03 21:47:40.5121  INFO - ==================== End ====================
2020-04-03 21:47:48.3412  INFO - ==================== Start ====================
2020-04-03 21:47:48.3591  INFO - Method: WordSaveAs, FilePath: C:\Data\tmp\Word 시작.docx, outPath: C:\Data\tmp\Word 시작.pdf, docPassword: 
2020-04-03 21:47:48.3591  INFO - 파일 언락 성공!
2020-04-03 21:47:52.6381  INFO - 변환 성공
2020-04-03 21:47:52.7958  INFO - ==================== End ====================
2020-04-03 21:49:31.3182  INFO - ==================== Start ====================
2020-04-03 21:49:31.9106  INFO - Method: WordSaveAs, FilePath: C:\Data\Documents\3C9BDA23B6E35658EDCA264B7F032B80\Word 시작.docx, outPath: C:\Data\Documents\3C9BDA23B6E35658EDCA264B7F032B80\Word 시작.pdf, docPassword: 
2020-04-03 21:49:32.7186  INFO - 파일 언락 성공!
2020-04-03 21:50:05.2039  INFO - 변환중 오류발생 자세한 내용은 오류로그 참고
2020-04-03 21:50:05.3508  INFO - ==================== End ====================
2020-04-03 21:52:24.6376  INFO - ==================== Start ====================
2020-04-03 21:52:24.6605  INFO - Method: WordSaveAs, FilePath: C:\Data\workspace\3C9BDA23B6E35658EDCA264B7F032B80\Word 시작.docx, outPath: C:\Data\workspace\3C9BDA23B6E35658EDCA264B7F032B80\Word 시작.pdf, docPassword: 
2020-04-03 21:52:24.6605  INFO - 파일 언락 성공!
2020-04-03 21:52:26.6084  INFO - 변환중 오류발생 자세한 내용은 오류로그 참고
2020-04-03 21:52:26.7479  INFO - ==================== End ====================
2020-04-03 21:52:35.7531  INFO - ==================== Start ====================
2020-04-03 21:52:35.7531  INFO - Method: WordSaveAs, FilePath: C:\Data\workspace\3C9BDA23B6E35658EDCA264B7F032B80\Word 시작.docx, outPath: C:\Data\workspace\3C9BDA23B6E35658EDCA264B7F032B80\Word 시작.pdf, docPassword: 
2020-04-03 21:52:35.7531  INFO - 파일 언락 성공!
2020-04-03 21:52:48.3987  INFO - ==================== Start ====================
2020-04-03 21:52:48.4236  INFO - Method: WordSaveAs, FilePath: C:\Data\workspace\3C9BDA23B6E35658EDCA264B7F032B80\Word 시작.docx, outPath: C:\Data\workspace\3C9BDA23B6E35658EDCA264B7F032B80\Word 시작.pdf, docPassword: 
2020-04-03 21:52:48.4236  INFO - 파일 언락 성공!
2020-04-03 21:52:50.5818  INFO - 변환중 오류발생 자세한 내용은 오류로그 참고
2020-04-03 21:52:51.5304  INFO - ==================== End ====================
2020-04-03 21:56:03.6683  INFO - ==================== Start ====================
2020-04-03 21:56:03.6912  INFO - Method: WordSaveAs, FilePath: C:\Data\workspace\3C9BDA23B6E35658EDCA264B7F032B80\Word 시작.docx, outPath: C:\Data\workspace\3C9BDA23B6E35658EDCA264B7F032B80\Word 시작.pdf, docPassword: 
2020-04-03 21:56:03.6912  INFO - 파일 언락 성공!
2020-04-03 21:56:05.8333  INFO - 변환중 오류발생 자세한 내용은 오류로그 참고
2020-04-03 21:56:06.7956  INFO - ==================== End ====================
2020-04-03 21:57:40.2807  INFO - ==================== Start ====================
2020-04-03 21:57:40.2807  INFO - Method: WordSaveAs, FilePath: C:\Data\workspace\3C9BDA23B6E35658EDCA264B7F032B80\Word 시작.docx, outPath: C:\Data\workspace\3C9BDA23B6E35658EDCA264B7F032B80\Word 시작.pdf, docPassword: 
2020-04-03 21:57:40.2807  INFO - 파일 언락 성공!
2020-04-03 21:57:42.4023  INFO - 변환중 오류발생 자세한 내용은 오류로그 참고
2020-04-03 21:57:42.6518  INFO - ==================== End ====================
2020-04-03 21:57:45.5212  INFO - ==================== Start ====================
2020-04-03 21:57:45.5471  INFO - Method: WordSaveAs, FilePath: C:\Data\tmp\Word 시작.docx, outPath: C:\Data\tmp\Word 시작.pdf, docPassword: 
2020-04-03 21:57:45.5471  INFO - 파일 언락 성공!
2020-04-03 21:57:50.0454  INFO - 변환 성공
2020-04-03 21:57:50.1951  INFO - ==================== End ====================
2020-04-03 21:58:41.9533  INFO - ==================== Start ====================
2020-04-03 21:58:41.9733  INFO - Method: WordSaveAs, FilePath: C:\Data\tmp\Word 시작.docx, outPath: C:\Data\tmp\Word 시작.pdf, docPassword: 
2020-04-03 21:58:41.9733  INFO - 파일 언락 성공!
2020-04-03 21:58:46.4340  INFO - 변환 성공
2020-04-03 21:58:46.6083  INFO - ==================== End ====================
2020-04-03 22:00:34.6625  INFO - ==================== Start ====================
2020-04-03 22:00:34.6834  INFO - Method: WordSaveAs, FilePath: C:\Data\workspace\3C9BDA23B6E35658EDCA264B7F032B80\Word 시작.docx, outPath: C:\Data\workspace\3C9BDA23B6E35658EDCA264B7F032B80\Word 시작.pdf, docPassword: 
2020-04-03 22:00:34.6834  INFO - 파일 언락 성공!
2020-04-03 22:00:36.8900  INFO - 변환중 오류발생 자세한 내용은 오류로그 참고
2020-04-03 22:00:37.9278  INFO - ==================== End ====================
2020-04-03 22:01:52.5164  INFO - ==================== Start ====================
2020-04-03 22:01:52.5852  INFO - Method: WordSaveAs, FilePath: C:\Data\workspace\3C9BDA23B6E35658EDCA264B7F032B80\Word 시작.docx, outPath: C:\Data\workspace\3C9BDA23B6E35658EDCA264B7F032B80\Word 시작.pdf, docPassword: 
2020-04-03 22:01:52.7115  INFO - 파일 언락 성공!
2020-04-03 22:03:12.7331  INFO - ==================== Start ====================
2020-04-03 22:03:12.7590  INFO - Method: WordSaveAs, FilePath: C:\Data\workspace\3C9BDA23B6E35658EDCA264B7F032B80\Word 시작.docx, outPath: C:\Data\workspace\3C9BDA23B6E35658EDCA264B7F032B80\Word 시작.pdf, docPassword: 
2020-04-03 22:03:12.7590  INFO - 파일 언락 성공!
2020-04-03 22:03:17.1722  INFO - 변환 성공
2020-04-03 22:03:17.3610  INFO - ==================== End ====================
2020-04-03 22:04:23.1119  INFO - ==================== Start ====================
2020-04-03 22:04:23.1358  INFO - Method: PowerPointSaveAs, FilePath: C:\Data\workspace\B76510175D2D6634050430B11CF164A6\PowerPoint 시작.pptx, outPath: C:\Data\workspace\B76510175D2D6634050430B11CF164A6\PowerPoint 시작.pdf, docPassword: 
2020-04-03 22:04:23.1527  INFO - 파일 언락 실패! 자세한내용 로그 참고
2020-04-03 22:04:23.6741  INFO - 변환중 오류발생 자세한 내용은 오류로그 참고
2020-04-03 22:04:23.7000  INFO - ==================== End ====================
2020-04-03 22:04:43.7698  INFO - ==================== Start ====================
2020-04-03 22:04:43.7698  INFO - Method: ExcelSaveAs, FilePath: C:\Data\workspace\74C5728223BB8AE604AC1056C0D7DC2A\Excel 시작1.xlsx, outPath: C:\Data\workspace\74C5728223BB8AE604AC1056C0D7DC2A\Excel 시작1.pdf, docPassword: 
2020-04-03 22:04:43.7827  INFO - 파일 언락 실패! 자세한내용 로그 참고
2020-04-03 22:04:45.0485  INFO - 변환중 오류발생 자세한 내용은 오류로그 참고
2020-04-03 22:04:45.1931  INFO - ==================== End ====================
2020-04-03 22:05:00.7386  INFO - ==================== Start ====================
2020-04-03 22:05:00.7386  INFO - Method: ExcelSaveAs, FilePath: C:\Data\workspace\74C5728223BB8AE604AC1056C0D7DC2A\Excel 시작1.xlsx, outPath: C:\Data\workspace\74C5728223BB8AE604AC1056C0D7DC2A\Excel 시작1.pdf, docPassword: 
2020-04-03 22:05:00.7386  INFO - 파일 언락 성공!
2020-04-03 22:05:18.9196  INFO - 변환 성공
2020-04-03 22:05:19.0692  INFO - ==================== End ====================
2020-04-03 22:05:27.0762  INFO - ==================== Start ====================
2020-04-03 22:05:27.0762  INFO - Method: PowerPointSaveAs, FilePath: C:\Data\workspace\B76510175D2D6634050430B11CF164A6\PowerPoint 시작.pptx, outPath: C:\Data\workspace\B76510175D2D6634050430B11CF164A6\PowerPoint 시작.pdf, docPassword: 
2020-04-03 22:05:27.0792  INFO - 파일 언락 성공!
2020-04-03 22:05:30.2842  INFO - 변환 성공
2020-04-03 22:05:30.5578  INFO - ==================== End ====================
2020-04-03 22:08:25.3677  INFO - ==================== Start ====================
2020-04-03 22:08:25.3916  INFO - Method: PowerPointSaveAs, FilePath: C:\Data\workspace\B76510175D2D6634050430B11CF164A6\PowerPoint 시작.pptx, outPath: C:\Data\workspace\B76510175D2D6634050430B11CF164A6\PowerPoint 시작.pdf, docPassword: 
2020-04-03 22:08:25.3916  INFO - 파일 언락 성공!
2020-04-03 22:08:29.1192  INFO - 변환 성공
2020-04-03 22:08:29.1911  INFO - ==================== End ====================
2020-04-03 22:08:29.3656  INFO - 이미지 변환 성공!
2020-04-03 22:08:29.3656  INFO - Source image: C:\Data\workspace\B76510175D2D6634050430B11CF164A6\PowerPoint 시작.pdf
2020-04-03 22:08:29.3656  INFO - outFiles: C:\Data\workspace\B76510175D2D6634050430B11CF164A6\PowerPoint 시작\1.jpg
2020-04-03 22:08:29.5781  INFO - 이미지 변환 성공!
2020-04-03 22:08:29.5781  INFO - Source image: C:\Data\workspace\B76510175D2D6634050430B11CF164A6\PowerPoint 시작.pdf
2020-04-03 22:08:29.5781  INFO - outFiles: C:\Data\workspace\B76510175D2D6634050430B11CF164A6\PowerPoint 시작\2.jpg
2020-04-03 22:08:29.7226  INFO - 이미지 변환 성공!
2020-04-03 22:08:29.7226  INFO - Source image: C:\Data\workspace\B76510175D2D6634050430B11CF164A6\PowerPoint 시작.pdf
2020-04-03 22:08:29.7226  INFO - outFiles: C:\Data\workspace\B76510175D2D6634050430B11CF164A6\PowerPoint 시작\3.jpg
2020-04-03 22:08:29.8802  INFO - 이미지 변환 성공!
2020-04-03 22:08:29.8802  INFO - Source image: C:\Data\workspace\B76510175D2D6634050430B11CF164A6\PowerPoint 시작.pdf
2020-04-03 22:08:29.8802  INFO - outFiles: C:\Data\workspace\B76510175D2D6634050430B11CF164A6\PowerPoint 시작\4.jpg
2020-04-03 22:08:30.0069  INFO - 이미지 변환 성공!
2020-04-03 22:08:30.0069  INFO - Source image: C:\Data\workspace\B76510175D2D6634050430B11CF164A6\PowerPoint 시작.pdf
2020-04-03 22:08:30.0069  INFO - outFiles: C:\Data\workspace\B76510175D2D6634050430B11CF164A6\PowerPoint 시작\5.jpg
2020-04-03 22:08:30.1579  INFO - 이미지 변환 성공!
2020-04-03 22:08:30.1579  INFO - Source image: C:\Data\workspace\B76510175D2D6634050430B11CF164A6\PowerPoint 시작.pdf
2020-04-03 22:08:30.1579  INFO - outFiles: C:\Data\workspace\B76510175D2D6634050430B11CF164A6\PowerPoint 시작\6.jpg
2020-04-03 22:08:30.3494  INFO - 이미지 변환 성공!
2020-04-03 22:08:30.3494  INFO - Source image: C:\Data\workspace\B76510175D2D6634050430B11CF164A6\PowerPoint 시작.pdf
2020-04-03 22:08:30.3494  INFO - outFiles: C:\Data\workspace\B76510175D2D6634050430B11CF164A6\PowerPoint 시작\7.jpg
2020-04-03 22:08:30.5409  INFO - 이미지 변환 성공!
2020-04-03 22:08:30.5409  INFO - Source image: C:\Data\workspace\B76510175D2D6634050430B11CF164A6\PowerPoint 시작.pdf
2020-04-03 22:08:30.5409  INFO - outFiles: C:\Data\workspace\B76510175D2D6634050430B11CF164A6\PowerPoint 시작\8.jpg
2020-04-03 22:08:30.7485  INFO - 이미지 변환 성공!
2020-04-03 22:08:30.7485  INFO - Source image: C:\Data\workspace\B76510175D2D6634050430B11CF164A6\PowerPoint 시작.pdf
2020-04-03 22:08:30.7495  INFO - outFiles: C:\Data\workspace\B76510175D2D6634050430B11CF164A6\PowerPoint 시작\9.jpg
2020-04-03 22:09:01.7980  INFO - ==================== Start ====================
2020-04-03 22:09:01.8219  INFO - Method: PowerPointSaveAs, FilePath: C:\Data\workspace\B76510175D2D6634050430B11CF164A6\PowerPoint 시작.pptx, outPath: C:\Data\workspace\B76510175D2D6634050430B11CF164A6\PowerPoint 시작.pdf, docPassword: 
2020-04-03 22:09:01.8219  INFO - 파일 언락 성공!
2020-04-03 22:09:05.5476  INFO - 변환 성공
2020-04-03 22:09:05.6214  INFO - ==================== End ====================
2020-04-03 22:09:05.7780  INFO - 이미지 변환 성공!
2020-04-03 22:09:05.7780  INFO - Source image: C:\Data\workspace\B76510175D2D6634050430B11CF164A6\PowerPoint 시작.pdf
2020-04-03 22:09:05.7780  INFO - outFiles: C:\Data\workspace\B76510175D2D6634050430B11CF164A6\PowerPoint 시작\1.png
2020-04-03 22:09:06.0353  INFO - 이미지 변환 성공!
2020-04-03 22:09:06.0353  INFO - Source image: C:\Data\workspace\B76510175D2D6634050430B11CF164A6\PowerPoint 시작.pdf
2020-04-03 22:09:06.0353  INFO - outFiles: C:\Data\workspace\B76510175D2D6634050430B11CF164A6\PowerPoint 시작\2.png
2020-04-03 22:09:06.1740  INFO - 이미지 변환 성공!
2020-04-03 22:09:06.1740  INFO - Source image: C:\Data\workspace\B76510175D2D6634050430B11CF164A6\PowerPoint 시작.pdf
2020-04-03 22:09:06.1740  INFO - outFiles: C:\Data\workspace\B76510175D2D6634050430B11CF164A6\PowerPoint 시작\3.png
2020-04-03 22:09:06.3904  INFO - 이미지 변환 성공!
2020-04-03 22:09:06.3904  INFO - Source image: C:\Data\workspace\B76510175D2D6634050430B11CF164A6\PowerPoint 시작.pdf
2020-04-03 22:09:06.3904  INFO - outFiles: C:\Data\workspace\B76510175D2D6634050430B11CF164A6\PowerPoint 시작\4.png
2020-04-03 22:09:06.5170  INFO - 이미지 변환 성공!
2020-04-03 22:09:06.5170  INFO - Source image: C:\Data\workspace\B76510175D2D6634050430B11CF164A6\PowerPoint 시작.pdf
2020-04-03 22:09:06.5170  INFO - outFiles: C:\Data\workspace\B76510175D2D6634050430B11CF164A6\PowerPoint 시작\5.png
2020-04-03 22:09:06.6766  INFO - 이미지 변환 성공!
2020-04-03 22:09:06.6766  INFO - Source image: C:\Data\workspace\B76510175D2D6634050430B11CF164A6\PowerPoint 시작.pdf
2020-04-03 22:09:06.6766  INFO - outFiles: C:\Data\workspace\B76510175D2D6634050430B11CF164A6\PowerPoint 시작\6.png
2020-04-03 22:09:06.8667  INFO - 이미지 변환 성공!
2020-04-03 22:09:06.8667  INFO - Source image: C:\Data\workspace\B76510175D2D6634050430B11CF164A6\PowerPoint 시작.pdf
2020-04-03 22:09:06.8667  INFO - outFiles: C:\Data\workspace\B76510175D2D6634050430B11CF164A6\PowerPoint 시작\7.png
2020-04-03 22:09:07.1229  INFO - 이미지 변환 성공!
2020-04-03 22:09:07.1229  INFO - Source image: C:\Data\workspace\B76510175D2D6634050430B11CF164A6\PowerPoint 시작.pdf
2020-04-03 22:09:07.1229  INFO - outFiles: C:\Data\workspace\B76510175D2D6634050430B11CF164A6\PowerPoint 시작\8.png
2020-04-03 22:09:07.3254  INFO - 이미지 변환 성공!
2020-04-03 22:09:07.3254  INFO - Source image: C:\Data\workspace\B76510175D2D6634050430B11CF164A6\PowerPoint 시작.pdf
2020-04-03 22:09:07.3254  INFO - outFiles: C:\Data\workspace\B76510175D2D6634050430B11CF164A6\PowerPoint 시작\9.png
2020-04-03 22:11:21.3987  INFO - ==================== Start ====================
2020-04-03 22:11:21.3987  INFO - Method: PowerPointSaveAs, FilePath: C:\Data\workspace\B76510175D2D6634050430B11CF164A6\PowerPoint 시작.pptx, outPath: C:\Data\workspace\B76510175D2D6634050430B11CF164A6\PowerPoint 시작.pdf, docPassword: 
2020-04-03 22:11:21.3987  INFO - 파일 언락 성공!
2020-04-03 22:11:23.4530  INFO - 변환 성공
2020-04-03 22:11:23.5286  INFO - ==================== End ====================
2020-04-03 22:11:23.6293  INFO - 이미지 변환 성공!
2020-04-03 22:11:23.6293  INFO - Source image: C:\Data\workspace\B76510175D2D6634050430B11CF164A6\PowerPoint 시작.pdf
2020-04-03 22:11:23.6293  INFO - outFiles: C:\Data\workspace\B76510175D2D6634050430B11CF164A6\PowerPoint 시작\1.png
2020-04-03 22:11:23.8956  INFO - 이미지 변환 성공!
2020-04-03 22:11:23.8956  INFO - Source image: C:\Data\workspace\B76510175D2D6634050430B11CF164A6\PowerPoint 시작.pdf
2020-04-03 22:11:23.8956  INFO - outFiles: C:\Data\workspace\B76510175D2D6634050430B11CF164A6\PowerPoint 시작\2.png
2020-04-03 22:11:24.0312  INFO - 이미지 변환 성공!
2020-04-03 22:11:24.0312  INFO - Source image: C:\Data\workspace\B76510175D2D6634050430B11CF164A6\PowerPoint 시작.pdf
2020-04-03 22:11:24.0312  INFO - outFiles: C:\Data\workspace\B76510175D2D6634050430B11CF164A6\PowerPoint 시작\3.png
2020-04-03 22:11:24.2456  INFO - 이미지 변환 성공!
2020-04-03 22:11:24.2456  INFO - Source image: C:\Data\workspace\B76510175D2D6634050430B11CF164A6\PowerPoint 시작.pdf
2020-04-03 22:11:24.2456  INFO - outFiles: C:\Data\workspace\B76510175D2D6634050430B11CF164A6\PowerPoint 시작\4.png
2020-04-03 22:11:24.3703  INFO - 이미지 변환 성공!
2020-04-03 22:11:24.3703  INFO - Source image: C:\Data\workspace\B76510175D2D6634050430B11CF164A6\PowerPoint 시작.pdf
2020-04-03 22:11:24.3703  INFO - outFiles: C:\Data\workspace\B76510175D2D6634050430B11CF164A6\PowerPoint 시작\5.png
2020-04-03 22:11:24.5286  INFO - 이미지 변환 성공!
2020-04-03 22:11:24.5286  INFO - Source image: C:\Data\workspace\B76510175D2D6634050430B11CF164A6\PowerPoint 시작.pdf
2020-04-03 22:11:24.5286  INFO - outFiles: C:\Data\workspace\B76510175D2D6634050430B11CF164A6\PowerPoint 시작\6.png
2020-04-03 22:11:24.7051  INFO - 이미지 변환 성공!
2020-04-03 22:11:24.7051  INFO - Source image: C:\Data\workspace\B76510175D2D6634050430B11CF164A6\PowerPoint 시작.pdf
2020-04-03 22:11:24.7051  INFO - outFiles: C:\Data\workspace\B76510175D2D6634050430B11CF164A6\PowerPoint 시작\7.png
2020-04-03 22:11:24.9265  INFO - 이미지 변환 성공!
2020-04-03 22:11:24.9265  INFO - Source image: C:\Data\workspace\B76510175D2D6634050430B11CF164A6\PowerPoint 시작.pdf
2020-04-03 22:11:24.9265  INFO - outFiles: C:\Data\workspace\B76510175D2D6634050430B11CF164A6\PowerPoint 시작\8.png
2020-04-03 22:11:25.0223  INFO - 이미지 변환 성공!
2020-04-03 22:11:25.0223  INFO - Source image: C:\Data\workspace\B76510175D2D6634050430B11CF164A6\PowerPoint 시작.pdf
2020-04-03 22:11:25.0223  INFO - outFiles: C:\Data\workspace\B76510175D2D6634050430B11CF164A6\PowerPoint 시작\9.png
2020-04-03 22:12:13.4540  INFO - ==================== Start ====================
2020-04-03 22:12:13.4839  INFO - Method: PowerPointSaveAs, FilePath: C:\Data\workspace\B76510175D2D6634050430B11CF164A6\PowerPoint 시작.pptx, outPath: C:\Data\workspace\B76510175D2D6634050430B11CF164A6\PowerPoint 시작.pdf, docPassword: 
2020-04-03 22:12:13.4839  INFO - 파일 언락 성공!
2020-04-03 22:12:15.5713  INFO - 변환 성공
2020-04-03 22:12:15.6551  INFO - ==================== End ====================
2020-04-03 22:12:15.8373  INFO - 이미지 변환 성공!
2020-04-03 22:12:15.8373  INFO - Source image: C:\Data\workspace\B76510175D2D6634050430B11CF164A6\PowerPoint 시작.pdf
2020-04-03 22:12:15.8373  INFO - outFiles: C:\Data\workspace\B76510175D2D6634050430B11CF164A6\PowerPoint 시작\1.png
2020-04-03 22:12:16.0915  INFO - 이미지 변환 성공!
2020-04-03 22:12:16.0915  INFO - Source image: C:\Data\workspace\B76510175D2D6634050430B11CF164A6\PowerPoint 시작.pdf
2020-04-03 22:12:16.0915  INFO - outFiles: C:\Data\workspace\B76510175D2D6634050430B11CF164A6\PowerPoint 시작\2.png
2020-04-03 22:12:16.2173  INFO - 이미지 변환 성공!
2020-04-03 22:12:16.2183  INFO - Source image: C:\Data\workspace\B76510175D2D6634050430B11CF164A6\PowerPoint 시작.pdf
2020-04-03 22:12:16.2183  INFO - outFiles: C:\Data\workspace\B76510175D2D6634050430B11CF164A6\PowerPoint 시작\3.png
2020-04-03 22:12:16.4297  INFO - 이미지 변환 성공!
2020-04-03 22:12:16.4297  INFO - Source image: C:\Data\workspace\B76510175D2D6634050430B11CF164A6\PowerPoint 시작.pdf
2020-04-03 22:12:16.4297  INFO - outFiles: C:\Data\workspace\B76510175D2D6634050430B11CF164A6\PowerPoint 시작\4.png
2020-04-03 22:12:16.5723  INFO - 이미지 변환 성공!
2020-04-03 22:12:16.5723  INFO - Source image: C:\Data\workspace\B76510175D2D6634050430B11CF164A6\PowerPoint 시작.pdf
2020-04-03 22:12:16.5723  INFO - outFiles: C:\Data\workspace\B76510175D2D6634050430B11CF164A6\PowerPoint 시작\5.png
2020-04-03 22:12:16.7369  INFO - 이미지 변환 성공!
2020-04-03 22:12:16.7369  INFO - Source image: C:\Data\workspace\B76510175D2D6634050430B11CF164A6\PowerPoint 시작.pdf
2020-04-03 22:12:16.7369  INFO - outFiles: C:\Data\workspace\B76510175D2D6634050430B11CF164A6\PowerPoint 시작\6.png
2020-04-03 22:12:16.9433  INFO - 이미지 변환 성공!
2020-04-03 22:12:16.9433  INFO - Source image: C:\Data\workspace\B76510175D2D6634050430B11CF164A6\PowerPoint 시작.pdf
2020-04-03 22:12:16.9433  INFO - outFiles: C:\Data\workspace\B76510175D2D6634050430B11CF164A6\PowerPoint 시작\7.png
2020-04-03 22:12:17.1598  INFO - 이미지 변환 성공!
2020-04-03 22:12:17.1598  INFO - Source image: C:\Data\workspace\B76510175D2D6634050430B11CF164A6\PowerPoint 시작.pdf
2020-04-03 22:12:17.1598  INFO - outFiles: C:\Data\workspace\B76510175D2D6634050430B11CF164A6\PowerPoint 시작\8.png
2020-04-03 22:12:17.3461  INFO - 이미지 변환 성공!
2020-04-03 22:12:17.3461  INFO - Source image: C:\Data\workspace\B76510175D2D6634050430B11CF164A6\PowerPoint 시작.pdf
2020-04-03 22:12:17.3461  INFO - outFiles: C:\Data\workspace\B76510175D2D6634050430B11CF164A6\PowerPoint 시작\9.png
2020-04-03 22:12:35.8063  INFO - ==================== Start ====================
2020-04-03 22:12:35.8063  INFO - Method: PowerPointSaveAs, FilePath: C:\Data\workspace\B76510175D2D6634050430B11CF164A6\PowerPoint 시작.pptx, outPath: C:\Data\workspace\B76510175D2D6634050430B11CF164A6\PowerPoint 시작.pdf, docPassword: 
2020-04-03 22:12:35.8063  INFO - 파일 언락 성공!
2020-04-03 22:12:37.8638  INFO - 변환 성공
2020-04-03 22:12:37.9426  INFO - ==================== End ====================
2020-04-03 22:12:38.0534  INFO - 이미지 변환 성공!
2020-04-03 22:12:38.0534  INFO - Source image: C:\Data\workspace\B76510175D2D6634050430B11CF164A6\PowerPoint 시작.pdf
2020-04-03 22:12:38.0534  INFO - outFiles: C:\Data\workspace\B76510175D2D6634050430B11CF164A6\PowerPoint 시작\1.png
2020-04-03 22:12:38.3147  INFO - 이미지 변환 성공!
2020-04-03 22:12:38.3147  INFO - Source image: C:\Data\workspace\B76510175D2D6634050430B11CF164A6\PowerPoint 시작.pdf
2020-04-03 22:12:38.3147  INFO - outFiles: C:\Data\workspace\B76510175D2D6634050430B11CF164A6\PowerPoint 시작\2.png
2020-04-03 22:12:38.4503  INFO - 이미지 변환 성공!
2020-04-03 22:12:38.4503  INFO - Source image: C:\Data\workspace\B76510175D2D6634050430B11CF164A6\PowerPoint 시작.pdf
2020-04-03 22:12:38.4503  INFO - outFiles: C:\Data\workspace\B76510175D2D6634050430B11CF164A6\PowerPoint 시작\3.png
2020-04-03 22:12:38.6747  INFO - 이미지 변환 성공!
2020-04-03 22:12:38.6747  INFO - Source image: C:\Data\workspace\B76510175D2D6634050430B11CF164A6\PowerPoint 시작.pdf
2020-04-03 22:12:38.6747  INFO - outFiles: C:\Data\workspace\B76510175D2D6634050430B11CF164A6\PowerPoint 시작\4.png
2020-04-03 22:12:38.7984  INFO - 이미지 변환 성공!
2020-04-03 22:12:38.7984  INFO - Source image: C:\Data\workspace\B76510175D2D6634050430B11CF164A6\PowerPoint 시작.pdf
2020-04-03 22:12:38.7984  INFO - outFiles: C:\Data\workspace\B76510175D2D6634050430B11CF164A6\PowerPoint 시작\5.png
2020-04-03 22:12:38.9799  INFO - 이미지 변환 성공!
2020-04-03 22:12:38.9799  INFO - Source image: C:\Data\workspace\B76510175D2D6634050430B11CF164A6\PowerPoint 시작.pdf
2020-04-03 22:12:38.9799  INFO - outFiles: C:\Data\workspace\B76510175D2D6634050430B11CF164A6\PowerPoint 시작\6.png
2020-04-03 22:12:39.1754  INFO - 이미지 변환 성공!
2020-04-03 22:12:39.1754  INFO - Source image: C:\Data\workspace\B76510175D2D6634050430B11CF164A6\PowerPoint 시작.pdf
2020-04-03 22:12:39.1754  INFO - outFiles: C:\Data\workspace\B76510175D2D6634050430B11CF164A6\PowerPoint 시작\7.png
2020-04-03 22:12:39.4067  INFO - 이미지 변환 성공!
2020-04-03 22:12:39.4067  INFO - Source image: C:\Data\workspace\B76510175D2D6634050430B11CF164A6\PowerPoint 시작.pdf
2020-04-03 22:12:39.4067  INFO - outFiles: C:\Data\workspace\B76510175D2D6634050430B11CF164A6\PowerPoint 시작\8.png
2020-04-03 22:12:39.5125  INFO - 이미지 변환 성공!
2020-04-03 22:12:39.5125  INFO - Source image: C:\Data\workspace\B76510175D2D6634050430B11CF164A6\PowerPoint 시작.pdf
2020-04-03 22:12:39.5125  INFO - outFiles: C:\Data\workspace\B76510175D2D6634050430B11CF164A6\PowerPoint 시작\9.png
2020-04-03 22:13:27.7972  INFO - ==================== Start ====================
2020-04-03 22:13:27.8211  INFO - Method: PowerPointSaveAs, FilePath: C:\Data\workspace\B76510175D2D6634050430B11CF164A6\PowerPoint 시작.pptx, outPath: C:\Data\workspace\B76510175D2D6634050430B11CF164A6\PowerPoint 시작.pdf, docPassword: 
2020-04-03 22:13:27.8211  INFO - 파일 언락 성공!
2020-04-03 22:13:29.9717  INFO - 변환 성공
2020-04-03 22:13:30.0541  INFO - ==================== End ====================
2020-04-03 22:13:30.2127  INFO - 이미지 변환 성공!
2020-04-03 22:13:30.2127  INFO - Source image: C:\Data\workspace\B76510175D2D6634050430B11CF164A6\PowerPoint 시작.pdf
2020-04-03 22:13:30.2127  INFO - outFiles: C:\Data\workspace\B76510175D2D6634050430B11CF164A6\PowerPoint 시작\1.png
2020-04-03 22:13:30.4729  INFO - 이미지 변환 성공!
2020-04-03 22:13:30.4729  INFO - Source image: C:\Data\workspace\B76510175D2D6634050430B11CF164A6\PowerPoint 시작.pdf
2020-04-03 22:13:30.4729  INFO - outFiles: C:\Data\workspace\B76510175D2D6634050430B11CF164A6\PowerPoint 시작\2.png
2020-04-03 22:13:30.6045  INFO - 이미지 변환 성공!
2020-04-03 22:13:30.6045  INFO - Source image: C:\Data\workspace\B76510175D2D6634050430B11CF164A6\PowerPoint 시작.pdf
2020-04-03 22:13:30.6045  INFO - outFiles: C:\Data\workspace\B76510175D2D6634050430B11CF164A6\PowerPoint 시작\3.png
2020-04-03 22:13:30.8269  INFO - 이미지 변환 성공!
2020-04-03 22:13:30.8279  INFO - Source image: C:\Data\workspace\B76510175D2D6634050430B11CF164A6\PowerPoint 시작.pdf
2020-04-03 22:13:30.8279  INFO - outFiles: C:\Data\workspace\B76510175D2D6634050430B11CF164A6\PowerPoint 시작\4.png
2020-04-03 22:13:30.9546  INFO - 이미지 변환 성공!
2020-04-03 22:13:30.9546  INFO - Source image: C:\Data\workspace\B76510175D2D6634050430B11CF164A6\PowerPoint 시작.pdf
2020-04-03 22:13:30.9546  INFO - outFiles: C:\Data\workspace\B76510175D2D6634050430B11CF164A6\PowerPoint 시작\5.png
2020-04-03 22:13:31.1131  INFO - 이미지 변환 성공!
2020-04-03 22:13:31.1131  INFO - Source image: C:\Data\workspace\B76510175D2D6634050430B11CF164A6\PowerPoint 시작.pdf
2020-04-03 22:13:31.1131  INFO - outFiles: C:\Data\workspace\B76510175D2D6634050430B11CF164A6\PowerPoint 시작\6.png
2020-04-03 22:13:31.3136  INFO - 이미지 변환 성공!
2020-04-03 22:13:31.3136  INFO - Source image: C:\Data\workspace\B76510175D2D6634050430B11CF164A6\PowerPoint 시작.pdf
2020-04-03 22:13:31.3136  INFO - outFiles: C:\Data\workspace\B76510175D2D6634050430B11CF164A6\PowerPoint 시작\7.png
2020-04-03 22:13:31.5320  INFO - 이미지 변환 성공!
2020-04-03 22:13:31.5320  INFO - Source image: C:\Data\workspace\B76510175D2D6634050430B11CF164A6\PowerPoint 시작.pdf
2020-04-03 22:13:31.5320  INFO - outFiles: C:\Data\workspace\B76510175D2D6634050430B11CF164A6\PowerPoint 시작\8.png
2020-04-03 22:13:31.7157  INFO - 이미지 변환 성공!
2020-04-03 22:13:31.7157  INFO - Source image: C:\Data\workspace\B76510175D2D6634050430B11CF164A6\PowerPoint 시작.pdf
2020-04-03 22:13:31.7157  INFO - outFiles: C:\Data\workspace\B76510175D2D6634050430B11CF164A6\PowerPoint 시작\9.png
2020-04-03 22:14:04.4544  INFO - ==================== Start ====================
2020-04-03 22:14:04.4783  INFO - Method: WordSaveAs, FilePath: C:\Data\workspace\3C9BDA23B6E35658EDCA264B7F032B80\Word 시작.docx, outPath: C:\Data\workspace\3C9BDA23B6E35658EDCA264B7F032B80\Word 시작.pdf, docPassword: 
2020-04-03 22:14:04.4783  INFO - 파일 언락 성공!
2020-04-03 22:14:08.7506  INFO - 변환 성공
2020-04-03 22:14:08.9260  INFO - ==================== End ====================
2020-04-03 22:14:09.2057  INFO - 이미지 변환 성공!
2020-04-03 22:14:09.2057  INFO - Source image: C:\Data\workspace\3C9BDA23B6E35658EDCA264B7F032B80\Word 시작.pdf
2020-04-03 22:14:09.2057  INFO - outFiles: C:\Data\workspace\3C9BDA23B6E35658EDCA264B7F032B80\Word 시작\1.png
2020-04-03 22:14:09.3044  INFO - 이미지 변환 성공!
2020-04-03 22:14:09.3044  INFO - Source image: C:\Data\workspace\3C9BDA23B6E35658EDCA264B7F032B80\Word 시작.pdf
2020-04-03 22:14:09.3044  INFO - outFiles: C:\Data\workspace\3C9BDA23B6E35658EDCA264B7F032B80\Word 시작\2.png
2020-04-03 22:14:09.4769  INFO - 이미지 변환 성공!
2020-04-03 22:14:09.4769  INFO - Source image: C:\Data\workspace\3C9BDA23B6E35658EDCA264B7F032B80\Word 시작.pdf
2020-04-03 22:14:09.4769  INFO - outFiles: C:\Data\workspace\3C9BDA23B6E35658EDCA264B7F032B80\Word 시작\3.png
2020-04-03 22:14:09.5647  INFO - 이미지 변환 성공!
2020-04-03 22:14:09.5647  INFO - Source image: C:\Data\workspace\3C9BDA23B6E35658EDCA264B7F032B80\Word 시작.pdf
2020-04-03 22:14:09.5647  INFO - outFiles: C:\Data\workspace\3C9BDA23B6E35658EDCA264B7F032B80\Word 시작\4.png
2020-04-03 22:14:09.6455  INFO - 이미지 변환 성공!
2020-04-03 22:14:09.6455  INFO - Source image: C:\Data\workspace\3C9BDA23B6E35658EDCA264B7F032B80\Word 시작.pdf
2020-04-03 22:14:09.6455  INFO - outFiles: C:\Data\workspace\3C9BDA23B6E35658EDCA264B7F032B80\Word 시작\5.png
2020-04-03 22:14:09.7382  INFO - 이미지 변환 성공!
2020-04-03 22:14:09.7382  INFO - Source image: C:\Data\workspace\3C9BDA23B6E35658EDCA264B7F032B80\Word 시작.pdf
2020-04-03 22:14:09.7382  INFO - outFiles: C:\Data\workspace\3C9BDA23B6E35658EDCA264B7F032B80\Word 시작\6.png
2020-04-03 22:14:09.8369  INFO - 이미지 변환 성공!
2020-04-03 22:14:09.8369  INFO - Source image: C:\Data\workspace\3C9BDA23B6E35658EDCA264B7F032B80\Word 시작.pdf
2020-04-03 22:14:09.8369  INFO - outFiles: C:\Data\workspace\3C9BDA23B6E35658EDCA264B7F032B80\Word 시작\7.png
2020-04-03 22:14:09.9417  INFO - 이미지 변환 성공!
2020-04-03 22:14:09.9417  INFO - Source image: C:\Data\workspace\3C9BDA23B6E35658EDCA264B7F032B80\Word 시작.pdf
2020-04-03 22:14:09.9417  INFO - outFiles: C:\Data\workspace\3C9BDA23B6E35658EDCA264B7F032B80\Word 시작\8.png
2020-04-03 23:34:57.8762  INFO - ==================== Start ====================
2020-04-03 23:34:57.8952  INFO - Method: WordSaveAs, FilePath: C:\Data\workspace\3C9BDA23B6E35658EDCA264B7F032B80\Word 시작.docx, outPath: C:\Data\workspace\3C9BDA23B6E35658EDCA264B7F032B80\Word 시작.pdf, docPassword: 
2020-04-03 23:34:57.8952  INFO - 파일 언락 성공!
2020-04-03 23:35:02.5039  INFO - 변환 성공
2020-04-03 23:35:02.6676  INFO - ==================== End ====================
2020-04-03 23:35:29.2096  INFO - ==================== Start ====================
2020-04-03 23:35:29.2096  INFO - Method: WordSaveAs, FilePath: C:\Data\workspace\3C9BDA23B6E35658EDCA264B7F032B80\Word 시작.docx, outPath: C:\Data\workspace\3C9BDA23B6E35658EDCA264B7F032B80\Word 시작.pdf, docPassword: 
2020-04-03 23:35:29.2096  INFO - 파일 언락 성공!
2020-04-03 23:35:33.3390  INFO - 변환 성공
2020-04-03 23:35:33.4879  INFO - ==================== End ====================
2020-04-03 23:37:10.5980  INFO - ==================== Start ====================
2020-04-03 23:37:10.6199  INFO - Method: PowerPointSaveAs, FilePath: C:\Data\workspace\B76510175D2D6634050430B11CF164A6\PowerPoint 시작.pptx, outPath: C:\Data\workspace\B76510175D2D6634050430B11CF164A6\PowerPoint 시작.pdf, docPassword: 
2020-04-03 23:37:10.6199  INFO - 파일 언락 성공!
2020-04-03 23:37:14.5432  INFO - 변환 성공
2020-04-03 23:37:14.6080  INFO - ==================== End ====================
2020-04-03 23:37:21.9530  INFO - ==================== Start ====================
2020-04-03 23:37:21.9530  INFO - Method: WordSaveAs, FilePath: C:\Data\workspace\3C9BDA23B6E35658EDCA264B7F032B80\Word 시작.docx, outPath: C:\Data\workspace\3C9BDA23B6E35658EDCA264B7F032B80\Word 시작.pdf, docPassword: 
2020-04-03 23:37:21.9530  INFO - 파일 언락 성공!
2020-04-03 23:37:25.8857  INFO - 변환 성공
2020-04-03 23:37:26.0522  INFO - ==================== End ====================
2020-04-03 23:38:29.5877  INFO - ==================== Start ====================
2020-04-03 23:38:29.5877  INFO - Method: WordSaveAs, FilePath: C:\Data\workspace\3C9BDA23B6E35658EDCA264B7F032B80\Word 시작.docx, outPath: C:\Data\workspace\3C9BDA23B6E35658EDCA264B7F032B80\Word 시작.pdf, docPassword: 
2020-04-03 23:38:29.5877  INFO - 파일 언락 성공!
2020-04-03 23:38:33.5405  INFO - 변환 성공
2020-04-03 23:38:33.6807  INFO - ==================== End ====================
2020-04-03 23:38:34.1017  INFO - 이미지 변환 성공!
2020-04-03 23:38:34.1017  INFO - Source image: C:\Data\workspace\3C9BDA23B6E35658EDCA264B7F032B80\Word 시작.pdf
2020-04-03 23:38:34.1017  INFO - outFiles: C:\Data\workspace\3C9BDA23B6E35658EDCA264B7F032B80\Word 시작\1.png
2020-04-03 23:38:34.2204  INFO - 이미지 변환 성공!
2020-04-03 23:38:34.2204  INFO - Source image: C:\Data\workspace\3C9BDA23B6E35658EDCA264B7F032B80\Word 시작.pdf
2020-04-03 23:38:34.2204  INFO - outFiles: C:\Data\workspace\3C9BDA23B6E35658EDCA264B7F032B80\Word 시작\2.png
2020-04-03 23:38:34.3999  INFO - 이미지 변환 성공!
2020-04-03 23:38:34.3999  INFO - Source image: C:\Data\workspace\3C9BDA23B6E35658EDCA264B7F032B80\Word 시작.pdf
2020-04-03 23:38:34.3999  INFO - outFiles: C:\Data\workspace\3C9BDA23B6E35658EDCA264B7F032B80\Word 시작\3.png
2020-04-03 23:38:34.4807  INFO - 이미지 변환 성공!
2020-04-03 23:38:34.4807  INFO - Source image: C:\Data\workspace\3C9BDA23B6E35658EDCA264B7F032B80\Word 시작.pdf
2020-04-03 23:38:34.4807  INFO - outFiles: C:\Data\workspace\3C9BDA23B6E35658EDCA264B7F032B80\Word 시작\4.png
2020-04-03 23:38:34.5485  INFO - 이미지 변환 성공!
2020-04-03 23:38:34.5485  INFO - Source image: C:\Data\workspace\3C9BDA23B6E35658EDCA264B7F032B80\Word 시작.pdf
2020-04-03 23:38:34.5485  INFO - outFiles: C:\Data\workspace\3C9BDA23B6E35658EDCA264B7F032B80\Word 시작\5.png
2020-04-03 23:38:34.6283  INFO - 이미지 변환 성공!
2020-04-03 23:38:34.6283  INFO - Source image: C:\Data\workspace\3C9BDA23B6E35658EDCA264B7F032B80\Word 시작.pdf
2020-04-03 23:38:34.6283  INFO - outFiles: C:\Data\workspace\3C9BDA23B6E35658EDCA264B7F032B80\Word 시작\6.png
2020-04-03 23:38:34.7121  INFO - 이미지 변환 성공!
2020-04-03 23:38:34.7121  INFO - Source image: C:\Data\workspace\3C9BDA23B6E35658EDCA264B7F032B80\Word 시작.pdf
2020-04-03 23:38:34.7121  INFO - outFiles: C:\Data\workspace\3C9BDA23B6E35658EDCA264B7F032B80\Word 시작\7.png
2020-04-03 23:38:34.7929  INFO - 이미지 변환 성공!
2020-04-03 23:38:34.7929  INFO - Source image: C:\Data\workspace\3C9BDA23B6E35658EDCA264B7F032B80\Word 시작.pdf
2020-04-03 23:38:34.7929  INFO - outFiles: C:\Data\workspace\3C9BDA23B6E35658EDCA264B7F032B80\Word 시작\8.png
