2020-04-24 10:29:48.6848  INFO - ==================== Start ====================
2020-04-24 10:29:48.7057  INFO - Method: PowerPointSaveAs, FilePath: C:\Users\o0_0o\Desktop\PowerPoint 시작.pptx, outPath: C:\Users\o0_0o\Desktop\PowerPoint 시작.pdf, docPassword: 
2020-04-24 10:30:05.3844  INFO - 변환 성공
2020-04-24 10:30:05.4482  INFO - ==================== End ====================
2020-04-24 10:30:05.4562  INFO - ==================== Start ====================
2020-04-24 10:30:05.4562  INFO - Method: PDFtoJpeg, FilePath: C:\Users\o0_0o\Desktop\PowerPoint 시작.pdf, outPath: C:\Users\o0_0o\Desktop\PowerPoint 시작\
2020-04-24 10:30:06.0636  INFO - ==================== End ====================
2020-04-24 10:31:46.7161  INFO - ==================== Start ====================
2020-04-24 10:31:46.7161  INFO - Method: PowerPointSaveAs, FilePath: C:\Users\o0_0o\Desktop\PowerPoint 시작.pptx, outPath: C:\Users\o0_0o\Desktop\PowerPoint 시작.pdf, docPassword: 
2020-04-24 10:31:48.1262  INFO - ==================== End ====================
2020-04-24 10:32:11.4881  INFO - ==================== Start ====================
2020-04-24 10:32:11.5051  INFO - Method: PDFtoJpeg, FilePath: C:\Users\o0_0o\Desktop\PowerPoint 시작.pdf, outPath: C:\Users\o0_0o\Desktop\PowerPoint 시작\
2020-04-24 10:32:12.0367  INFO - ==================== End ====================
2020-04-24 10:35:00.1527  INFO - ==================== Start ====================
2020-04-24 10:35:00.1697  INFO - Method: PDFtoJpeg, FilePath: C:\Users\o0_0o\Desktop\PowerPoint 시작.pdf, outPath: C:\Users\o0_0o\Desktop\PowerPoint 시작\
2020-04-24 10:35:00.7572  INFO - ==================== End ====================
2020-04-24 10:36:32.2824  INFO - ==================== Start ====================
2020-04-24 10:36:32.3024  INFO - Method: PDFtoJpeg, FilePath: C:\Users\o0_0o\Desktop\PowerPoint 시작.pdf, outPath: C:\Users\o0_0o\Desktop\PowerPoint 시작\
2020-04-24 10:36:32.9096  INFO - ==================== End ====================
2020-04-24 10:36:48.1141  INFO - ==================== Start ====================
2020-04-24 10:36:48.1340  INFO - Method: PDFtoJpeg, FilePath: C:\Users\o0_0o\Desktop\PowerPoint 시작.pdf, outPath: C:\Users\o0_0o\Desktop\PowerPoint 시작\
2020-04-24 10:39:15.4244  INFO - ==================== Start ====================
2020-04-24 10:39:15.4434  INFO - Method: PDFtoJpeg, FilePath: C:\Users\o0_0o\Desktop\PowerPoint 시작.pdf, outPath: C:\Users\o0_0o\Desktop\PowerPoint 시작\
2020-04-24 10:39:16.0208  INFO - ==================== End ====================
2020-04-24 10:39:53.8730  INFO - ==================== Start ====================
2020-04-24 10:39:53.8899  INFO - Method: PDFtoJpeg, FilePath: C:\Users\o0_0o\Desktop\PowerPoint 시작.pdf, outPath: C:\Users\o0_0o\Desktop\PowerPoint 시작\
2020-04-24 10:40:22.3695  INFO - ==================== Start ====================
2020-04-24 10:40:22.3875  INFO - Method: PDFtoJpeg, FilePath: C:\Users\o0_0o\Desktop\PowerPoint 시작.pdf, outPath: C:\Users\o0_0o\Desktop\PowerPoint 시작\
2020-04-24 10:40:37.3269  INFO - ==================== End ====================
2020-04-24 10:44:30.0148  INFO - ==================== Start ====================
2020-04-24 10:44:30.0338  INFO - Method: PDFtoJpeg, FilePath: C:\Users\o0_0o\Desktop\PowerPoint 시작.pdf, outPath: C:\Users\o0_0o\Desktop\PowerPoint 시작\
2020-04-24 10:44:32.9063  INFO - ==================== End ====================
2020-04-24 10:45:57.9041  INFO - ==================== Start ====================
2020-04-24 10:45:57.9220  INFO - Method: PDFtoJpeg, FilePath: C:\Users\o0_0o\Desktop\PowerPoint 시작.pdf, outPath: C:\Users\o0_0o\Desktop\PowerPoint 시작\
2020-04-24 10:46:00.8256  INFO - ==================== End ====================
2020-04-24 10:47:21.7250  INFO - ==================== Start ====================
2020-04-24 10:47:21.7449  INFO - Method: PDFtoJpeg, FilePath: C:\Users\o0_0o\Desktop\PowerPoint 시작.pdf, outPath: C:\Users\o0_0o\Desktop\PowerPoint 시작\
2020-04-24 10:47:24.8472  INFO - ==================== End ====================
2020-04-24 10:48:22.9966  INFO - ==================== Start ====================
2020-04-24 10:48:23.0176  INFO - Method: PDFtoPng, FilePath: C:\Users\o0_0o\Desktop\PowerPoint 시작.pdf, outPath: C:\Users\o0_0o\Desktop\PowerPoint 시작\
2020-04-24 10:48:28.6984  INFO - 이미지 변환 성공!
2020-04-24 10:48:28.7891  INFO - ==================== End ====================
2020-04-24 10:48:39.4981  INFO - ==================== Start ====================
2020-04-24 10:48:39.4981  INFO - Method: PDFtoPng, FilePath: C:\Users\o0_0o\Desktop\PowerPoint 시작.pdf, outPath: C:\Users\o0_0o\Desktop\PowerPoint 시작\
2020-04-24 10:48:45.3957  INFO - 이미지 변환 성공!
2020-04-24 10:48:45.4949  INFO - ==================== End ====================
2020-04-24 10:49:42.7675  INFO - ==================== Start ====================
2020-04-24 10:49:42.7675  INFO - Method: PowerPointSaveAs, FilePath: C:\Users\o0_0o\Desktop\새 Microsoft PowerPoint 프레젠테이션.pptx, outPath: C:\Users\o0_0o\Desktop\새 Microsoft PowerPoint 프레젠테이션.pdf, docPassword: 
2020-04-24 10:49:49.4999  INFO - 변환 성공
2020-04-24 10:49:49.5936  INFO - ==================== End ====================
2020-04-24 10:49:49.6016  INFO - ==================== Start ====================
2020-04-24 10:49:49.6016  INFO - Method: PDFtoPng, FilePath: C:\Users\o0_0o\Desktop\새 Microsoft PowerPoint 프레젠테이션.pdf, outPath: C:\Users\o0_0o\Desktop\새 Microsoft PowerPoint 프레젠테이션\
2020-04-24 10:50:54.5192  INFO - ==================== Start ====================
2020-04-24 10:50:54.5381  INFO - Method: PDFtoJpeg, FilePath: C:\Users\o0_0o\Desktop\새 Microsoft PowerPoint 프레젠테이션.pdf, outPath: C:\Users\o0_0o\Desktop\새 Microsoft PowerPoint 프레젠테이션\
2020-04-24 10:51:05.6769  INFO - ==================== End ====================
2020-04-24 10:53:44.1226  INFO - ==================== Start ====================
2020-04-24 10:53:44.1405  INFO - Method: PDFtoJpeg, FilePath: C:\Users\o0_0o\Desktop\새 Microsoft PowerPoint 프레젠테이션.pdf, outPath: C:\Users\o0_0o\Desktop\새 Microsoft PowerPoint 프레젠테이션\
2020-04-24 10:53:55.0844  INFO - ==================== End ====================
2020-04-24 10:55:13.3523  INFO - ==================== Start ====================
2020-04-24 10:55:13.3692  INFO - Method: PDFtoJpeg, FilePath: C:\Users\o0_0o\Desktop\새 Microsoft PowerPoint 프레젠테이션.pdf, outPath: C:\Users\o0_0o\Desktop\새 Microsoft PowerPoint 프레젠테이션\
2020-04-24 10:56:36.5212  INFO - ==================== Start ====================
2020-04-24 10:56:36.5411  INFO - Method: PDFtoJpeg, FilePath: C:\Users\o0_0o\Desktop\새 Microsoft PowerPoint 프레젠테이션.pdf, outPath: C:\Users\o0_0o\Desktop\새 Microsoft PowerPoint 프레젠테이션\
2020-04-24 10:56:56.7487  INFO - ==================== End ====================
2020-04-24 10:57:47.1352  INFO - ==================== Start ====================
2020-04-24 10:57:47.1531  INFO - Method: PDFtoJpeg, FilePath: C:\Users\o0_0o\Desktop\새 Microsoft PowerPoint 프레젠테이션.pdf, outPath: C:\Users\o0_0o\Desktop\새 Microsoft PowerPoint 프레젠테이션\
2020-04-24 10:58:08.1281  INFO - ==================== End ====================
2020-04-24 10:58:24.9238  INFO - ==================== Start ====================
2020-04-24 10:58:24.9238  INFO - Method: PDFtoJpeg, FilePath: C:\Users\o0_0o\Desktop\새 Microsoft PowerPoint 프레젠테이션.pdf, outPath: C:\Users\o0_0o\Desktop\새 Microsoft PowerPoint 프레젠테이션\
2020-04-24 10:58:48.3798  INFO - ==================== End ====================
2020-04-24 10:59:22.3939  INFO - ==================== Start ====================
2020-04-24 10:59:22.4148  INFO - Method: PDFtoJpeg, FilePath: C:\Users\o0_0o\Desktop\새 Microsoft PowerPoint 프레젠테이션.pdf, outPath: C:\Users\o0_0o\Desktop\새 Microsoft PowerPoint 프레젠테이션\
2020-04-24 10:59:46.8935  INFO - ==================== End ====================
2020-04-24 11:01:39.2017  INFO - ==================== Start ====================
2020-04-24 11:01:39.2217  INFO - Method: PDFtoPng, FilePath: C:\Users\o0_0o\Desktop\새 Microsoft PowerPoint 프레젠테이션.pdf, outPath: C:\Users\o0_0o\Desktop\새 Microsoft PowerPoint 프레젠테이션\
2020-04-24 11:02:17.1183  INFO - ==================== Start ====================
2020-04-24 11:02:17.1383  INFO - Method: PDFtoJpeg, FilePath: C:\Users\o0_0o\Desktop\새 Microsoft PowerPoint 프레젠테이션.pdf, outPath: C:\Users\o0_0o\Desktop\새 Microsoft PowerPoint 프레젠테이션\
2020-04-24 11:03:57.5823  INFO - ==================== Start ====================
2020-04-24 11:03:57.6073  INFO - Method: PDFtoJpeg, FilePath: C:\Users\o0_0o\Desktop\새 Microsoft PowerPoint 프레젠테이션.pdf, outPath: C:\Users\o0_0o\Desktop\새 Microsoft PowerPoint 프레젠테이션\
2020-04-24 11:04:22.4768  INFO - ==================== End ====================
2020-04-24 11:04:52.8169  INFO - ==================== Start ====================
2020-04-24 11:04:52.8359  INFO - Method: PDFtoJpeg, FilePath: C:\Users\o0_0o\Desktop\새 Microsoft PowerPoint 프레젠테이션.pdf, outPath: C:\Users\o0_0o\Desktop\새 Microsoft PowerPoint 프레젠테이션\
2020-04-24 11:05:16.7113  INFO - ==================== End ====================
2020-04-24 11:07:19.3497  INFO - ==================== Start ====================
2020-04-24 11:07:19.3727  INFO - Method: PDFtoJpeg, FilePath: C:\Users\o0_0o\Desktop\새 Microsoft PowerPoint 프레젠테이션.pdf, outPath: C:\Users\o0_0o\Desktop\새 Microsoft PowerPoint 프레젠테이션\
2020-04-24 11:07:42.8476  INFO - ==================== End ====================
2020-04-24 11:08:35.9304  INFO - ==================== Start ====================
2020-04-24 11:08:35.9513  INFO - Method: PDFtoJpeg, FilePath: C:\Users\o0_0o\Desktop\새 Microsoft PowerPoint 프레젠테이션.pdf, outPath: C:\Users\o0_0o\Desktop\새 Microsoft PowerPoint 프레젠테이션\
2020-04-24 11:09:07.1256  INFO - ==================== End ====================
2020-04-24 11:09:39.2504  INFO - ==================== Start ====================
2020-04-24 11:09:39.2693  INFO - Method: PDFtoJpeg, FilePath: C:\Users\o0_0o\Desktop\새 Microsoft PowerPoint 프레젠테이션.pdf, outPath: C:\Users\o0_0o\Desktop\새 Microsoft PowerPoint 프레젠테이션\
2020-04-24 11:10:16.8145  INFO - 이미지 변환 성공!
2020-04-24 11:10:16.8145  INFO - ==================== End ====================
2020-04-24 11:11:56.2286  INFO - ==================== Start ====================
2020-04-24 11:11:56.2286  INFO - Method: HwpSaveAs, FilePath: C:\Users\o0_0o\Desktop\Welcome to Hwp.hwp, outPath: C:\Users\o0_0o\Desktop\Welcome to Hwp.pdf
2020-04-24 11:11:56.2286  INFO - 파일 언락 성공!
2020-04-24 11:12:01.3027  INFO - ==================== End ====================
2020-04-24 11:12:01.3027  INFO - ==================== Start ====================
2020-04-24 11:12:01.3027  INFO - Method: PDFtoJpeg, FilePath: C:\Users\o0_0o\Desktop\Welcome to Hwp.pdf, outPath: C:\Users\o0_0o\Desktop\Welcome to Hwp\
2020-04-24 11:12:05.6159  INFO - 이미지 변환 성공!
2020-04-24 11:12:05.6159  INFO - ==================== End ====================
2020-04-24 11:12:19.2366  INFO - ==================== Start ====================
2020-04-24 11:12:19.2366  INFO - Method: PowerPointSaveAs, FilePath: C:\Users\o0_0o\Desktop\PowerPoint 시작.pptx, outPath: C:\Users\o0_0o\Desktop\PowerPoint 시작.pdf, docPassword: 
2020-04-24 11:12:22.5568  INFO - 변환 성공
2020-04-24 11:12:22.6246  INFO - ==================== End ====================
2020-04-24 11:12:22.6346  INFO - ==================== Start ====================
2020-04-24 11:12:22.6346  INFO - Method: PDFtoJpeg, FilePath: C:\Users\o0_0o\Desktop\PowerPoint 시작.pdf, outPath: C:\Users\o0_0o\Desktop\PowerPoint 시작\
2020-04-24 11:12:23.0106  INFO - 이미지 변환 성공!
2020-04-24 11:12:23.0106  INFO - ==================== End ====================
2020-04-24 11:15:45.1287  INFO - ==================== Start ====================
2020-04-24 11:15:45.1547  INFO - Method: PowerPointSaveAs, FilePath: C:\Users\o0_0o\Desktop\PowerPoint 시작.pptx, outPath: C:\Users\o0_0o\Desktop\PowerPoint 시작.pdf, docPassword: 
2020-04-24 11:15:48.5665  INFO - 변환 성공
2020-04-24 11:15:48.6433  INFO - ==================== End ====================
2020-04-24 11:15:48.6433  INFO - ==================== Start ====================
2020-04-24 11:15:48.6433  INFO - Method: PDFtoPng, FilePath: C:\Users\o0_0o\Desktop\PowerPoint 시작.pdf, outPath: C:\Users\o0_0o\Desktop\PowerPoint 시작\
2020-04-24 11:15:49.0246  INFO - 이미지 변환 성공!
2020-04-24 11:15:49.0246  INFO - ==================== End ====================
2020-04-24 11:15:51.8450  INFO - ==================== Start ====================
2020-04-24 11:15:51.8450  INFO - Method: PowerPointSaveAs, FilePath: C:\Users\o0_0o\Desktop\PowerPoint 시작.pptx, outPath: C:\Users\o0_0o\Desktop\PowerPoint 시작.pdf, docPassword: 
2020-04-24 11:15:53.2766  INFO - ==================== End ====================
2020-04-24 11:16:43.4316  INFO - ==================== Start ====================
2020-04-24 11:16:43.4535  INFO - Method: PowerPointSaveAs, FilePath: C:\Users\o0_0o\Desktop\PowerPoint 시작.pptx, outPath: C:\Users\o0_0o\Desktop\PowerPoint 시작.pdf, docPassword: 
2020-04-24 11:16:46.7941  INFO - 변환 성공
2020-04-24 11:16:46.8579  INFO - ==================== End ====================
2020-04-24 11:16:46.8689  INFO - ==================== Start ====================
2020-04-24 11:16:46.8689  INFO - Method: PDFtoJpeg, FilePath: C:\Users\o0_0o\Desktop\PowerPoint 시작.pdf, outPath: C:\Users\o0_0o\Desktop\PowerPoint 시작\
2020-04-24 11:16:47.2539  INFO - 이미지 변환 성공!
2020-04-24 11:16:47.2539  INFO - ==================== End ====================
2020-04-24 11:16:49.7608  INFO - ==================== Start ====================
2020-04-24 11:16:49.7608  INFO - Method: PowerPointSaveAs, FilePath: C:\Users\o0_0o\Desktop\PowerPoint 시작.pptx, outPath: C:\Users\o0_0o\Desktop\PowerPoint 시작.pdf, docPassword: 
2020-04-24 11:16:51.1188  INFO - ==================== End ====================
2020-04-24 11:18:43.8098  INFO - ==================== Start ====================
2020-04-24 11:18:44.1200  INFO - Method: PDFtoBmp, FilePath: C:\Users\o0_0o\Desktop\PowerPoint 시작.pdf, outPath: C:\Users\o0_0o\Desktop\PowerPoint 시작\
2020-04-24 11:19:13.0663  INFO - 이미지 변환 성공!
2020-04-24 11:19:15.2949  INFO - ==================== End ====================
2020-04-24 11:19:28.6628  INFO - ==================== Start ====================
2020-04-24 11:19:28.6628  INFO - Method: PDFtoPng, FilePath: C:\Users\o0_0o\Desktop\PowerPoint 시작.pdf, outPath: C:\Users\o0_0o\Desktop\PowerPoint 시작\
2020-04-24 11:19:48.4938  INFO - 이미지 변환 성공!
2020-04-24 11:19:50.9864  INFO - ==================== End ====================
2020-04-24 11:20:09.2891  INFO - ==================== Start ====================
2020-04-24 11:20:09.2891  INFO - Method: PowerPointSaveAs, FilePath: C:\Users\o0_0o\Desktop\PowerPoint 시작.pptx, outPath: C:\Users\o0_0o\Desktop\PowerPoint 시작.pdf, docPassword: 
2020-04-24 11:20:10.8156  INFO - ==================== End ====================
2020-04-24 11:20:23.0648  INFO - ==================== Start ====================
2020-04-24 11:20:23.0648  INFO - Method: HwpSaveAs, FilePath: C:\Users\o0_0o\Desktop\Welcome to Hwp.hwp, outPath: C:\Users\o0_0o\Desktop\Welcome to Hwp.pdf
2020-04-24 11:20:23.0648  INFO - 파일 언락 성공!
2020-04-24 11:20:27.3011  INFO - ==================== End ====================
2020-04-24 11:20:27.3011  INFO - ==================== Start ====================
2020-04-24 11:20:27.3011  INFO - Method: PDFtoBmp, FilePath: C:\Users\o0_0o\Desktop\Welcome to Hwp.pdf, outPath: C:\Users\o0_0o\Desktop\Welcome to Hwp\
2020-04-24 11:20:27.4048  INFO - 이미지 변환 성공!
2020-04-24 11:20:27.4048  INFO - ==================== End ====================
2020-04-24 11:20:30.3375  INFO - ==================== Start ====================
2020-04-24 11:20:30.3375  INFO - Method: PowerPointSaveAs, FilePath: C:\Users\o0_0o\Desktop\새 Microsoft PowerPoint 프레젠테이션.pptx, outPath: C:\Users\o0_0o\Desktop\새 Microsoft PowerPoint 프레젠테이션.pdf, docPassword: 
2020-04-24 11:20:36.8165  INFO - 변환 성공
2020-04-24 11:20:36.8903  INFO - ==================== End ====================
2020-04-24 11:20:36.8993  INFO - ==================== Start ====================
2020-04-24 11:20:36.8993  INFO - Method: PDFtoBmp, FilePath: C:\Users\o0_0o\Desktop\새 Microsoft PowerPoint 프레젠테이션.pdf, outPath: C:\Users\o0_0o\Desktop\새 Microsoft PowerPoint 프레젠테이션\
2020-04-24 11:21:00.4339  INFO - 이미지 변환 성공!
2020-04-24 11:21:00.4339  INFO - ==================== End ====================
2020-04-24 11:22:11.6648  INFO - ==================== Start ====================
2020-04-24 11:22:11.6847  INFO - Method: PowerPointSaveAs, FilePath: C:\Users\o0_0o\Desktop\새 Microsoft PowerPoint 프레젠테이션.pptx, outPath: C:\Users\o0_0o\Desktop\새 Microsoft PowerPoint 프레젠테이션.pdf, docPassword: 
2020-04-24 11:22:18.4830  INFO - 변환 성공
2020-04-24 11:22:18.5419  INFO - ==================== End ====================
2020-04-24 11:22:18.5529  INFO - ==================== Start ====================
2020-04-24 11:22:18.5529  INFO - Method: PDFtoJpeg, FilePath: C:\Users\o0_0o\Desktop\새 Microsoft PowerPoint 프레젠테이션.pdf, outPath: C:\Users\o0_0o\Desktop\새 Microsoft PowerPoint 프레젠테이션\
2020-04-24 11:22:40.6298  INFO - 이미지 변환 성공!
2020-04-24 11:22:40.6298  INFO - ==================== End ====================
