2020-04-24 10:29:06.6411  INFO - [INFO] DocConvert Server를 옵션없이 실행하였습니다.
2020-04-24 10:29:06.7774  INFO - [INFO] 나의 하드웨어 ID: BFEBFBFF000806EB
2020-04-24 10:29:06.7774  INFO - [INFO] 라이센스 만료날짜: 2020-12-31
2020-04-24 10:29:06.7824  INFO - [INFO] 한글 DLL을 레지스트리에 등록하였습니다.
2020-04-24 10:29:06.7824  INFO - [Scheduler] 스케줄러가 실행중입니다. 작업공간 정리 스케줄러: 3일   로그 정리 스케줄러: 30일
2020-04-24 10:29:06.8193  INFO - [Socket] 핸들러 등록 완료
2020-04-24 10:29:06.8193  INFO - [Socket] 서버 생성 성공
2020-04-24 10:29:06.8372  INFO - [Socket] Server Listening...
2020-04-24 10:29:06.8372  INFO - [Socket][INFO] IP: 127.0.0.1   포트: 12000   프로토콜: Tcp   서버이름: ConvertServer
2020-04-24 10:29:06.8721  INFO - [Web Socket] Server Listening...
2020-04-24 10:29:06.8721  INFO - [Web Socket][INFO] IP: 127.0.0.1   포트: 12005
2020-04-24 17:08:59.2718  INFO - [INFO] DocConvert Server를 옵션없이 실행하였습니다.
2020-04-24 17:08:59.4393  INFO - [INFO] 나의 하드웨어 ID: BFEBFBFF000806EB
2020-04-24 17:08:59.4393  INFO - [INFO] 라이센스 만료날짜: 2020-12-31
2020-04-24 17:08:59.4393  INFO - [INFO] 한글 DLL을 레지스트리에 등록하였습니다.
2020-04-24 17:08:59.4393  INFO - [Scheduler] 스케줄러가 실행중입니다. 작업공간 정리 스케줄러: 3일   로그 정리 스케줄러: 30일
2020-04-24 17:08:59.4952  INFO - [Socket] 핸들러 등록 완료
2020-04-24 17:08:59.4952  INFO - [Socket] 서버 생성 성공
2020-04-24 17:08:59.5161  INFO - [Socket] Server Listening...
2020-04-24 17:08:59.5161  INFO - [Socket][INFO] IP: 127.0.0.1   포트: 12000   프로토콜: Tcp   서버이름: ConvertServer
2020-04-24 17:08:59.5640  INFO - [Web Socket] Server Listening...
2020-04-24 17:08:59.5640  INFO - [Web Socket][INFO] IP: 127.0.0.1   포트: 12005
2020-04-24 17:09:09.4857  INFO - 
[Socket][Client => Server]
{
  "KEY": "B29D00A3 - F825 - 4EB7 - 93C1 - A77F5E31A7C2",
  "Method": "DocConvert",
  "FileName": "DocConvert.docx",
  "ConvertIMG": 1,
  "useCompression": false
}

2020-04-24 17:09:13.8376  INFO - 
[Socket][Server => Client]
{
  "convertImgCnt": "5",
  "URL": "/workspace/2E48D4CF48C7B4A7959CD45D68C9E915",
  "isSuccess": true,
  "msg": "이미지 변환에 성공하였습니다.",
  "useCompression": false,
  "Method": "DocConvert"
}

2020-04-24 17:09:13.8376  INFO - [Socket] 작업 소요시간: 00:00:04.3419338
2020-04-24 17:09:13.9672  INFO - [Socket] 세션ID: cd499dac-9411-4fd7-a5b0-79a2c96014da 접속해제: ClientClosing
2020-04-24 17:09:33.4398  INFO - [INFO] DocConvert Server를 옵션없이 실행하였습니다.
2020-04-24 17:09:33.5486  INFO - [INFO] 나의 하드웨어 ID: BFEBFBFF000806EB
2020-04-24 17:09:33.5486  INFO - [INFO] 라이센스 만료날짜: 2020-12-31
2020-04-24 17:09:33.5486  INFO - [INFO] 한글 DLL을 레지스트리에 등록하였습니다.
2020-04-24 17:09:33.5486  INFO - [Scheduler] 스케줄러가 실행중입니다. 작업공간 정리 스케줄러: 3일   로그 정리 스케줄러: 30일
2020-04-24 17:09:33.5974  INFO - [Socket] 핸들러 등록 완료
2020-04-24 17:09:33.5974  INFO - [Socket] 서버 생성 성공
2020-04-24 17:09:33.6164  INFO - [Socket] Server Listening...
2020-04-24 17:09:33.6164  INFO - [Socket][INFO] IP: 127.0.0.1   포트: 12000   프로토콜: Tcp   서버이름: ConvertServer
2020-04-24 17:09:33.6533  INFO - [Web Socket] Server Listening...
2020-04-24 17:09:33.6533  INFO - [Web Socket][INFO] IP: 127.0.0.1   포트: 12005
2020-04-24 17:09:35.4104  INFO - 
[Socket][Client => Server]
{
  "KEY": "B29D00A3 - F825 - 4EB7 - 93C1 - A77F5E31A7C2",
  "Method": "DocConvert",
  "FileName": "DocConvert.docx",
  "ConvertIMG": 1,
  "useCompression": false
}

2020-04-24 17:09:39.5865  INFO - 
[Socket][Server => Client]
{
  "convertImgCnt": "5",
  "URL": "/workspace/2E48D4CF48C7B4A7959CD45D68C9E915",
  "isSuccess": true,
  "msg": "이미지 변환에 성공하였습니다.",
  "useCompression": false,
  "Method": "DocConvert"
}

2020-04-24 17:09:39.5865  INFO - [Socket] 작업 소요시간: 00:00:04.1752031
2020-04-24 17:09:39.7171  INFO - [Socket] 세션ID: ce65abe0-5878-4f38-94ba-6261bd7be106 접속해제: ClientClosing
2020-04-24 17:10:11.2217  INFO - [INFO] DocConvert Server를 옵션없이 실행하였습니다.
2020-04-24 17:10:11.3773  INFO - [INFO] 나의 하드웨어 ID: BFEBFBFF000806EB
2020-04-24 17:10:11.3773  INFO - [INFO] 라이센스 만료날짜: 2020-12-31
2020-04-24 17:10:11.3773  INFO - [Scheduler] 스케줄러가 실행중입니다. 작업공간 정리 스케줄러: 3일   로그 정리 스케줄러: 30일
2020-04-24 17:10:11.4392  INFO - [Socket] 핸들러 등록 완료
2020-04-24 17:10:11.4392  INFO - [Socket] 서버 생성 성공
2020-04-24 17:10:11.4561  INFO - [Socket] Server Listening...
2020-04-24 17:10:11.4561  INFO - [Socket][INFO] IP: 127.0.0.1   포트: 12000   프로토콜: Tcp   서버이름: ConvertServer
2020-04-24 17:10:11.5080  INFO - [Web Socket] Server Listening...
2020-04-24 17:10:11.5080  INFO - [Web Socket][INFO] IP: 127.0.0.1   포트: 12005
2020-04-24 17:10:13.2016  INFO - 
[Socket][Client => Server]
{
  "KEY": "B29D00A3 - F825 - 4EB7 - 93C1 - A77F5E31A7C2",
  "Method": "DocConvert",
  "FileName": "DocConvert.docx",
  "ConvertIMG": 1,
  "useCompression": false
}

2020-04-24 17:10:17.6358  INFO - 
[Socket][Server => Client]
{
  "convertImgCnt": "5",
  "URL": "/workspace/2E48D4CF48C7B4A7959CD45D68C9E915",
  "isSuccess": true,
  "msg": "이미지 변환에 성공하였습니다.",
  "useCompression": false,
  "Method": "DocConvert"
}

2020-04-24 17:10:17.6358  INFO - [Socket] 작업 소요시간: 00:00:04.4321629
2020-04-24 17:10:17.7644  INFO - [Socket] 세션ID: 1f361b80-1c1b-4dd9-9336-f5d7b0683ee3 접속해제: ClientClosing
2020-04-24 17:10:22.8634  INFO - 
[Socket][Client => Server]
{
  "KEY": "B29D00A3 - F825 - 4EB7 - 93C1 - A77F5E31A7C2",
  "Method": "DocConvert",
  "FileName": "DocConvert.docx",
  "ConvertIMG": 1,
  "useCompression": false
}

2020-04-24 17:10:26.9780  INFO - 
[Socket][Server => Client]
{
  "convertImgCnt": "5",
  "URL": "/workspace/2E48D4CF48C7B4A7959CD45D68C9E915",
  "isSuccess": true,
  "msg": "이미지 변환에 성공하였습니다.",
  "useCompression": false,
  "Method": "DocConvert"
}

2020-04-24 17:10:26.9780  INFO - [Socket] 작업 소요시간: 00:00:04.1156115
2020-04-24 17:10:27.0968  INFO - [Socket] 세션ID: b5d0db84-4bbb-462b-af19-c92d9798ca29 접속해제: ClientClosing
2020-04-24 17:11:30.5342  INFO - [INFO] DocConvert Server를 옵션없이 실행하였습니다.
2020-04-24 17:11:30.6742  INFO - [INFO] 나의 하드웨어 ID: BFEBFBFF000806EB
2020-04-24 17:11:30.6742  INFO - [INFO] 라이센스 만료날짜: 2020-12-31
2020-04-24 17:11:30.6742  INFO - [INFO] 한글 DLL을 레지스트리에 등록하였습니다.
2020-04-24 17:11:30.6742  INFO - [Scheduler] 스케줄러가 실행중입니다. 작업공간 정리 스케줄러: 3일   로그 정리 스케줄러: 30일
2020-04-24 17:11:30.7162  INFO - [Socket] 핸들러 등록 완료
2020-04-24 17:11:30.7162  INFO - [Socket] 서버 생성 성공
2020-04-24 17:11:30.7323  INFO - [Socket] Server Listening...
2020-04-24 17:11:30.7332  INFO - [Socket][INFO] IP: 127.0.0.1   포트: 12000   프로토콜: Tcp   서버이름: ConvertServer
2020-04-24 17:11:30.7676  INFO - [Web Socket] Server Listening...
2020-04-24 17:11:30.7676  INFO - [Web Socket][INFO] IP: 127.0.0.1   포트: 12005
2020-04-24 17:11:39.0776  INFO - 
[Socket][Client => Server]
{
  "KEY": "B29D00A3 - F825 - 4EB7 - 93C1 - A77F5E31A7C2",
  "Method": "DocConvert",
  "FileName": "DocConvert.docx",
  "ConvertIMG": 1,
  "useCompression": false
}

2020-04-24 17:11:43.1878  INFO - 
[Socket][Server => Client]
{
  "convertImgCnt": "5",
  "URL": "/workspace/2E48D4CF48C7B4A7959CD45D68C9E915",
  "isSuccess": true,
  "msg": "이미지 변환에 성공하였습니다.",
  "useCompression": false,
  "Method": "DocConvert"
}

2020-04-24 17:11:43.1878  INFO - [Socket] 작업 소요시간: 00:00:04.1092199
2020-04-24 17:11:43.3085  INFO - [Socket] 세션ID: e13667f4-bc51-473d-b6b5-3098ef729f16 접속해제: ClientClosing
2020-04-24 17:12:56.5955  INFO - [INFO] DocConvert Server를 옵션없이 실행하였습니다.
2020-04-24 17:12:56.7272  INFO - [INFO] 나의 하드웨어 ID: BFEBFBFF000806EB
2020-04-24 17:12:56.7272  INFO - [INFO] 라이센스 만료날짜: 2020-12-31
2020-04-24 17:12:56.7272  INFO - [INFO] 한글 DLL을 레지스트리에 등록하였습니다.
2020-04-24 17:12:56.7272  INFO - [Scheduler] 스케줄러가 실행중입니다. 작업공간 정리 스케줄러: 3일   로그 정리 스케줄러: 30일
2020-04-24 17:12:56.7761  INFO - [Socket] 핸들러 등록 완료
2020-04-24 17:12:56.7761  INFO - [Socket] 서버 생성 성공
2020-04-24 17:12:56.7931  INFO - [Socket] Server Listening...
2020-04-24 17:12:56.7931  INFO - [Socket][INFO] IP: 127.0.0.1   포트: 12000   프로토콜: Tcp   서버이름: ConvertServer
2020-04-24 17:12:56.8339  INFO - [Web Socket] Server Listening...
2020-04-24 17:12:56.8339  INFO - [Web Socket][INFO] IP: 127.0.0.1   포트: 12005
2020-04-24 17:13:03.7329  INFO - 
[Socket][Client => Server]
{
  "KEY": "B29D00A3 - F825 - 4EB7 - 93C1 - A77F5E31A7C2",
  "Method": "DocConvert",
  "FileName": "DocConvert.docx",
  "ConvertIMG": 1,
  "useCompression": false
}

2020-04-24 17:13:07.9284  INFO - 
[Socket][Server => Client]
{
  "convertImgCnt": "5",
  "URL": "/workspace/2E48D4CF48C7B4A7959CD45D68C9E915",
  "isSuccess": true,
  "msg": "이미지 변환에 성공하였습니다.",
  "useCompression": false,
  "Method": "DocConvert"
}

2020-04-24 17:13:07.9284  INFO - [Socket] 작업 소요시간: 00:00:04.1825256
2020-04-24 17:13:08.0510  INFO - [Socket] 세션ID: 5ebe65d3-d6f2-481c-9bc0-0147bcfb6d1f 접속해제: ClientClosing
2020-04-24 17:13:42.5558  INFO - [INFO] DocConvert Server를 옵션없이 실행하였습니다.
2020-04-24 17:13:42.6768  INFO - [INFO] 나의 하드웨어 ID: BFEBFBFF000806EB
2020-04-24 17:13:42.6768  INFO - [INFO] 라이센스 만료날짜: 2020-12-31
2020-04-24 17:13:42.6768  INFO - [INFO] 한글 DLL을 레지스트리에 등록하였습니다.
2020-04-24 17:13:42.6768  INFO - [Scheduler] 스케줄러가 실행중입니다. 작업공간 정리 스케줄러: 3일   로그 정리 스케줄러: 30일
2020-04-24 17:13:42.7237  INFO - [Socket] 핸들러 등록 완료
2020-04-24 17:13:42.7237  INFO - [Socket] 서버 생성 성공
2020-04-24 17:13:42.7420  INFO - [Socket] Server Listening...
2020-04-24 17:13:42.7420  INFO - [Socket][INFO] IP: 127.0.0.1   포트: 12000   프로토콜: Tcp   서버이름: ConvertServer
2020-04-24 17:13:42.7800  INFO - [Web Socket] Server Listening...
2020-04-24 17:13:42.7800  INFO - [Web Socket][INFO] IP: 127.0.0.1   포트: 12005
2020-04-24 17:14:03.3273  INFO - [WebSocket] 클라이언트로 부터 연결요청이 들어옴: 127.0.0.1
2020-04-24 17:14:03.3841  INFO - 
[WebSocket][Client => Server]
{
  "DocPassword": "",
  "FileName": "DocConvert.docx",
  "Method": "DocConvert",
  "ConvertIMG": 1,
  "useCompression": true,
  "KEY": "B29D00A3 - F825 - 4EB7 - 93C1 - A77F5E31A7C2"
}

2020-04-24 17:14:07.5034  INFO - 
[WebSocket][Server => Client]
{
  "convertImgCnt": "5",
  "URL": "/workspace/2E48D4CF48C7B4A7959CD45D68C9E915",
  "isSuccess": true,
  "msg": "이미지 변환에 성공하였습니다.",
  "useCompression": true,
  "Method": "DocConvert"
}

2020-04-24 17:14:07.5034  INFO - [WebSocket] 작업 소요시간: 00:00:04.1551897
2020-04-24 17:14:07.5034  INFO - [WebSocket]서버와 연결이 해제되었습니다.
2020-04-24 17:14:15.1862  INFO - 
[Socket][Client => Server]
{
  "KEY": "B29D00A3 - F825 - 4EB7 - 93C1 - A77F5E31A7C2",
  "Method": "DocConvert",
  "FileName": "DocConvert.docx",
  "ConvertIMG": 1,
  "useCompression": false
}

2020-04-24 17:14:19.1788  INFO - 
[Socket][Server => Client]
{
  "convertImgCnt": "5",
  "URL": "/workspace/2E48D4CF48C7B4A7959CD45D68C9E915",
  "isSuccess": true,
  "msg": "이미지 변환에 성공하였습니다.",
  "useCompression": false,
  "Method": "DocConvert"
}

2020-04-24 17:14:19.1788  INFO - [Socket] 작업 소요시간: 00:00:03.9935783
2020-04-24 17:14:19.3123  INFO - [Socket] 세션ID: 81a837ab-c2b1-458c-bd05-247caf2f0bd0 접속해제: ClientClosing
2020-04-24 17:17:37.1614  INFO - [INFO] DocConvert Server를 옵션없이 실행하였습니다.
2020-04-24 17:17:37.2911  INFO - [INFO] 나의 하드웨어 ID: BFEBFBFF000806EB
2020-04-24 17:17:37.2911  INFO - [INFO] 라이센스 만료날짜: 2020-12-31
2020-04-24 17:17:37.2911  INFO - [INFO] 한글 DLL을 레지스트리에 등록하였습니다.
2020-04-24 17:17:37.2911  INFO - [Scheduler] 스케줄러가 실행중입니다. 작업공간 정리 스케줄러: 3일   로그 정리 스케줄러: 30일
2020-04-24 17:17:37.3369  INFO - [Socket] 핸들러 등록 완료
2020-04-24 17:17:37.3369  INFO - [Socket] 서버 생성 성공
2020-04-24 17:17:37.3549  INFO - [Socket] Server Listening...
2020-04-24 17:17:37.3549  INFO - [Socket][INFO] IP: 127.0.0.1   포트: 12000   프로토콜: Tcp   서버이름: ConvertServer
2020-04-24 17:17:37.3981  INFO - [Web Socket] Server Listening...
2020-04-24 17:17:37.3981  INFO - [Web Socket][INFO] IP: 127.0.0.1   포트: 12005
2020-04-24 17:17:46.3293  INFO - 
[Socket][Client => Server]
{
  "KEY": "B29D00A3 - F825 - 4EB7 - 93C1 - A77F5E31A7C2",
  "Method": "DocConvert",
  "FileName": "DocConvert.docx",
  "ConvertIMG": 1,
  "useCompression": false
}

2020-04-24 17:17:50.5795  INFO - 
[Socket][Server => Client]
{
  "convertImgCnt": "5",
  "URL": "/workspace/2E48D4CF48C7B4A7959CD45D68C9E915",
  "isSuccess": true,
  "msg": "이미지 변환에 성공하였습니다.",
  "useCompression": false,
  "Method": "DocConvert"
}

2020-04-24 17:17:50.5795  INFO - [Socket] 작업 소요시간: 00:00:04.2491941
2020-04-24 17:17:50.7155  INFO - [Socket] 세션ID: 6928ffe3-d349-483a-ba15-a36897c8b79a 접속해제: ClientClosing
2020-04-24 17:18:24.8941  INFO - [INFO] DocConvert Server를 옵션없이 실행하였습니다.
2020-04-24 17:18:25.0188  INFO - [INFO] 나의 하드웨어 ID: BFEBFBFF000806EB
2020-04-24 17:18:25.0188  INFO - [INFO] 라이센스 만료날짜: 2020-12-31
2020-04-24 17:18:25.0188  INFO - [INFO] 한글 DLL을 레지스트리에 등록하였습니다.
2020-04-24 17:18:25.0188  INFO - [Scheduler] 스케줄러가 실행중입니다. 작업공간 정리 스케줄러: 3일   로그 정리 스케줄러: 30일
2020-04-24 17:18:25.0617  INFO - [Socket] 핸들러 등록 완료
2020-04-24 17:18:25.0617  INFO - [Socket] 서버 생성 성공
2020-04-24 17:18:25.0785  INFO - [Socket] Server Listening...
2020-04-24 17:18:25.0785  INFO - [Socket][INFO] IP: 127.0.0.1   포트: 12000   프로토콜: Tcp   서버이름: ConvertServer
2020-04-24 17:18:25.1126  INFO - [Web Socket] Server Listening...
2020-04-24 17:18:25.1126  INFO - [Web Socket][INFO] IP: 127.0.0.1   포트: 12005
2020-04-24 17:18:34.6914  INFO - 
[Socket][Client => Server]
{
  "KEY": "B29D00A3 - F825 - 4EB7 - 93C1 - A77F5E31A7C2",
  "Method": "DocConvert",
  "FileName": "DocConvert.docx",
  "ConvertIMG": 1,
  "useCompression": false
}

2020-04-24 17:18:38.7340  INFO - 
[Socket][Server => Client]
{
  "convertImgCnt": "5",
  "URL": "/workspace/2E48D4CF48C7B4A7959CD45D68C9E915",
  "isSuccess": true,
  "msg": "이미지 변환에 성공하였습니다.",
  "useCompression": false,
  "Method": "DocConvert"
}

2020-04-24 17:18:38.7340  INFO - [Socket] 작업 소요시간: 00:00:04.0425727
2020-04-24 17:18:38.8675  INFO - [Socket] 세션ID: b605eec3-b843-4db9-9c2c-dd4b856fada2 접속해제: ClientClosing
2020-04-24 17:21:57.5201  INFO - [INFO] DocConvert Server를 옵션없이 실행하였습니다.
2020-04-24 17:21:57.6316  INFO - [INFO] 나의 하드웨어 ID: BFEBFBFF000806EB
2020-04-24 17:21:57.6316  INFO - [INFO] 라이센스 만료날짜: 2020-12-31
2020-04-24 17:21:57.6316  INFO - [INFO] 한글 DLL을 레지스트리에 등록하였습니다.
2020-04-24 17:21:57.6316  INFO - [Scheduler] 스케줄러가 실행중입니다. 작업공간 정리 스케줄러: 3일   로그 정리 스케줄러: 30일
2020-04-24 17:21:57.6775  INFO - [Socket] 핸들러 등록 완료
2020-04-24 17:21:57.6775  INFO - [Socket] 서버 생성 성공
2020-04-24 17:21:57.6934  INFO - [Socket] Server Listening...
2020-04-24 17:21:57.6934  INFO - [Socket][INFO] IP: 127.0.0.1   포트: 12000   프로토콜: Tcp   서버이름: ConvertServer
2020-04-24 17:21:57.7333  INFO - [Web Socket] Server Listening...
2020-04-24 17:21:57.7333  INFO - [Web Socket][INFO] IP: 127.0.0.1   포트: 12005
2020-04-24 17:22:04.9940  INFO - [WebSocket] 접속 IP: 127.0.0.1
2020-04-24 17:22:05.0498  INFO - 
[WebSocket][Client => Server]
{
  "DocPassword": "",
  "FileName": "DocConvert.docx",
  "Method": "DocConvert",
  "ConvertIMG": 1,
  "useCompression": true,
  "KEY": "B29D00A3 - F825 - 4EB7 - 93C1 - A77F5E31A7C2"
}

2020-04-24 17:22:09.2500  INFO - 
[WebSocket][Server => Client]
{
  "convertImgCnt": "5",
  "URL": "/workspace/2E48D4CF48C7B4A7959CD45D68C9E915",
  "isSuccess": true,
  "msg": "이미지 변환에 성공하였습니다.",
  "useCompression": true,
  "Method": "DocConvert"
}

2020-04-24 17:22:09.2500  INFO - [WebSocket] 작업 소요시간: 00:00:04.2341716
2020-04-24 17:22:09.2500  INFO - [WebSocket] 연결해제: False
2020-04-24 19:59:05.3727  INFO - [INFO] DocConvert Server를 옵션없이 실행하였습니다.
2020-04-24 19:59:05.5855  INFO - [INFO] 나의 하드웨어 ID: BFEBFBFF000806EB
2020-04-24 19:59:05.5855  INFO - [INFO] 라이센스 만료날짜: 2020-12-31
2020-04-24 19:59:05.5855  INFO - [INFO] 한글 DLL을 레지스트리에 등록하였습니다.
2020-04-24 19:59:05.5855  INFO - [Scheduler] 스케줄러가 실행중입니다. 작업공간 정리 스케줄러: 3일   로그 정리 스케줄러: 30일
2020-04-24 19:59:05.6892  INFO - [Socket] 핸들러 등록 완료
2020-04-24 19:59:05.6892  INFO - [Socket] 서버 생성 성공
2020-04-24 19:59:17.0331  INFO - [INFO] DocConvert Server를 옵션없이 실행하였습니다.
2020-04-24 19:59:17.2125  INFO - [INFO] 나의 하드웨어 ID: BFEBFBFF000806EB
2020-04-24 19:59:17.2125  INFO - [INFO] 라이센스 만료날짜: 2020-12-31
2020-04-24 19:59:17.2125  INFO - [INFO] 한글 DLL을 레지스트리에 등록하였습니다.
2020-04-24 19:59:17.2186  INFO - [Scheduler] 스케줄러가 실행중입니다. 작업공간 정리 스케줄러: 3일   로그 정리 스케줄러: 30일
2020-04-24 19:59:17.3044  INFO - [Socket] 핸들러 등록 완료
2020-04-24 19:59:17.3044  INFO - [Socket] 서버 생성 성공
2020-04-24 19:59:17.3333  INFO - [Socket] Server Listening...
2020-04-24 19:59:17.3333  INFO - [Socket][INFO] IP: 127.0.0.1   포트: 12000   프로토콜: Tcp   서버이름: ConvertServer
2020-04-24 19:59:17.4355  INFO - [Web Socket] Server Listening...
2020-04-24 19:59:17.4355  INFO - [Web Socket][INFO] IP: 127.0.0.1   포트: 12005
2020-04-24 20:00:42.3267  INFO - [WebSocket] 접속 IP: 127.0.0.1
2020-04-24 20:00:42.3941  INFO - 
[WebSocket][Client => Server]
{
  "DocPassword": "",
  "Method": "DocConvert",
  "FileName": "Word 시작.docx",
  "useCompression": true,
  "KEY": "B29D00A3 - F825 - 4EB7 - 93C1 - A77F5E31A7C2",
  "ConvertIMG": 1
}

2020-04-24 20:00:49.0000  INFO - 
[WebSocket][Server => Client]
{
  "convertImgCnt": "8",
  "URL": "/workspace/FC88A00681BEA2BA4BCA029AEC82643A",
  "isSuccess": true,
  "msg": "이미지 변환에 성공하였습니다.",
  "useCompression": true,
  "Method": "DocConvert"
}

2020-04-24 20:00:49.0000  INFO - [WebSocket] 작업 소요시간: 00:00:06.6476293
2020-04-24 20:00:49.0000  INFO - [WebSocket] 클라이언트와 연결을 해제함.
2020-04-24 20:01:06.2843  INFO - [WebSocket] 접속 IP: 127.0.0.1
2020-04-24 20:01:06.2955  INFO - 
[WebSocket][Client => Server]
{
  "DocPassword": "",
  "Method": "DocConvert",
  "FileName": "Word 시작.docx",
  "useCompression": true,
  "KEY": "B29D00A3 - F825 - 4EB7 - 93C1 - A77F5E31A7C2",
  "ConvertIMG": 2
}

2020-04-24 20:01:12.3539  INFO - 
[WebSocket][Server => Client]
{
  "convertImgCnt": "8",
  "URL": "/workspace/FC88A00681BEA2BA4BCA029AEC82643A",
  "isSuccess": true,
  "msg": "이미지 변환에 성공하였습니다.",
  "useCompression": true,
  "Method": "DocConvert"
}

2020-04-24 20:01:12.3539  INFO - [WebSocket] 작업 소요시간: 00:00:06.0617534
2020-04-24 20:01:12.3582  INFO - [WebSocket] 클라이언트와 연결을 해제함.
2020-04-24 20:07:31.2942  INFO - [WebSocket] 접속 IP: 127.0.0.1
2020-04-24 20:07:31.3084  INFO - 
[WebSocket][Client => Server]
{
  "Method": "WebCapture",
  "KEY": "B29D00A3 - F825 - 4EB7 - 93C1 - A77F5E31A7C2",
  "URL": "https://www.naver.com/"
}

2020-04-24 20:07:42.4829  INFO - 
[WebSocket][Server => Client]
{
  "URL": "/workspace/916427b8-51f1-4089-9689-631be3cb6a12_2020-04-24/0.png",
  "isSuccess": true,
  "msg": "WebCapture에 성공하였습니다.",
  "convertImgCnt": 1,
  "Method": "WebCapture"
}

2020-04-24 20:07:42.4829  INFO - [WebSocket] 작업 소요시간: 00:00:11.1754744
2020-04-24 20:07:42.4829  INFO - [WebSocket] 클라이언트와 연결을 해제함.
2020-04-24 20:08:48.8947  INFO - [WebSocket] 접속 IP: 127.0.0.1
2020-04-24 20:08:48.9069  INFO - 
[WebSocket][Client => Server]
{
  "Method": "WebCapture",
  "KEY": "B29D00A3 - F825 - 4EB7 - 93C1 - A77F5E31A7C2",
  "URL": "https://www.naver.com/"
}

2020-04-24 20:08:58.4880  INFO - 
[WebSocket][Server => Client]
{
  "URL": "/workspace/fc7d8853-8a49-4752-9983-4eeed6c48729_2020-04-24/0.png",
  "isSuccess": true,
  "msg": "WebCapture에 성공하였습니다.",
  "convertImgCnt": 1,
  "Method": "WebCapture"
}

2020-04-24 20:08:58.4880  INFO - [WebSocket] 작업 소요시간: 00:00:09.5821484
2020-04-24 20:08:58.4880  INFO - [WebSocket] 클라이언트와 연결을 해제함.
