2021-02-13 14:49:37.3658  WARN - 
          _____              _____                          _   
         |  __ \            / ____|                        | |  
         | |  | | ___   ___| |     ___  _ ____   _____ _ __| |_ 
         | |  | |/ _ \ / __| |    / _ \| '_ \ \ / / _ \ '__| __|
         | |__| | (_) | (__| |___| (_) | | | \ V /  __/ |  | |_ 
         |_____/ \___/ \___|\_____\___/|_| |_|\_/ \___|_|   \__|
          / ____|                                               
         | (___   ___ _ ____   _____ _ __                       
          \___ \ / _ \ '__\ \ / / _ \ '__|                      
          ____) |  __/ |   \ V /  __/ |                         
         |_____/ \___|_|    \_/ \___|_|  

                
2021-02-13 14:49:37.3992  WARN -           Copyright© 2021. Jm's Corp. All rights reserved.


2021-02-13 14:49:37.3992  WARN - Starting DocConvert Server..
2021-02-13 14:49:37.4276  WARN - DocConvert Server Started
2021-02-13 14:49:48.3407  WARN - 
          _____              _____                          _   
         |  __ \            / ____|                        | |  
         | |  | | ___   ___| |     ___  _ ____   _____ _ __| |_ 
         | |  | |/ _ \ / __| |    / _ \| '_ \ \ / / _ \ '__| __|
         | |__| | (_) | (__| |___| (_) | | | \ V /  __/ |  | |_ 
         |_____/ \___/ \___|\_____\___/|_| |_|\_/ \___|_|   \__|
          / ____|                                               
         | (___   ___ _ ____   _____ _ __                       
          \___ \ / _ \ '__\ \ / / _ \ '__|                      
          ____) |  __/ |   \ V /  __/ |                         
         |_____/ \___|_|    \_/ \___|_|  

                
2021-02-13 14:49:48.3669  WARN -           Copyright© 2021. Jm's Corp. All rights reserved.


2021-02-13 14:49:48.3669  WARN - Starting DocConvert Server..
2021-02-13 14:49:48.3851  WARN - DocConvert Server Started
2021-02-13 14:49:59.1814  WARN - 
          _____              _____                          _   
         |  __ \            / ____|                        | |  
         | |  | | ___   ___| |     ___  _ ____   _____ _ __| |_ 
         | |  | |/ _ \ / __| |    / _ \| '_ \ \ / / _ \ '__| __|
         | |__| | (_) | (__| |___| (_) | | | \ V /  __/ |  | |_ 
         |_____/ \___/ \___|\_____\___/|_| |_|\_/ \___|_|   \__|
          / ____|                                               
         | (___   ___ _ ____   _____ _ __                       
          \___ \ / _ \ '__\ \ / / _ \ '__|                      
          ____) |  __/ |   \ V /  __/ |                         
         |_____/ \___|_|    \_/ \___|_|  

                
2021-02-13 14:49:59.2044  WARN -           Copyright© 2021. Jm's Corp. All rights reserved.


2021-02-13 14:49:59.2074  WARN - Starting DocConvert Server..
2021-02-13 14:49:59.2275  WARN - DocConvert Server Started
2021-02-13 14:52:07.5405  WARN - 
          _____              _____                          _   
         |  __ \            / ____|                        | |  
         | |  | | ___   ___| |     ___  _ ____   _____ _ __| |_ 
         | |  | |/ _ \ / __| |    / _ \| '_ \ \ / / _ \ '__| __|
         | |__| | (_) | (__| |___| (_) | | | \ V /  __/ |  | |_ 
         |_____/ \___/ \___|\_____\___/|_| |_|\_/ \___|_|   \__|
          / ____|                                               
         | (___   ___ _ ____   _____ _ __                       
          \___ \ / _ \ '__\ \ / / _ \ '__|                      
          ____) |  __/ |   \ V /  __/ |                         
         |_____/ \___|_|    \_/ \___|_|  

                
2021-02-13 14:52:07.5692  WARN -           Copyright© 2021. Jm's Corp. All rights reserved.


2021-02-13 14:52:07.5692  WARN - Starting DocConvert Server..
2021-02-13 14:52:07.5827  WARN - DocConvert Server Started
2021-02-13 14:53:58.0016  WARN - 
          _____              _____                          _   
         |  __ \            / ____|                        | |  
         | |  | | ___   ___| |     ___  _ ____   _____ _ __| |_ 
         | |  | |/ _ \ / __| |    / _ \| '_ \ \ / / _ \ '__| __|
         | |__| | (_) | (__| |___| (_) | | | \ V /  __/ |  | |_ 
         |_____/ \___/ \___|\_____\___/|_| |_|\_/ \___|_|   \__|
          / ____|                                               
         | (___   ___ _ ____   _____ _ __                       
          \___ \ / _ \ '__\ \ / / _ \ '__|                      
          ____) |  __/ |   \ V /  __/ |                         
         |_____/ \___|_|    \_/ \___|_|  

                
2021-02-13 14:53:58.0444  WARN -           Copyright© 2021. Jm's Corp. All rights reserved.


2021-02-13 14:53:58.0444  WARN - Starting DocConvert Server..
2021-02-13 14:53:58.0599  WARN - DocConvert Server Started
2021-02-13 14:54:27.0272  WARN - 
          _____              _____                          _   
         |  __ \            / ____|                        | |  
         | |  | | ___   ___| |     ___  _ ____   _____ _ __| |_ 
         | |  | |/ _ \ / __| |    / _ \| '_ \ \ / / _ \ '__| __|
         | |__| | (_) | (__| |___| (_) | | | \ V /  __/ |  | |_ 
         |_____/ \___/ \___|\_____\___/|_| |_|\_/ \___|_|   \__|
          / ____|                                               
         | (___   ___ _ ____   _____ _ __                       
          \___ \ / _ \ '__\ \ / / _ \ '__|                      
          ____) |  __/ |   \ V /  __/ |                         
         |_____/ \___|_|    \_/ \___|_|  

                
2021-02-13 14:54:27.0482  WARN -           Copyright© 2021. Jm's Corp. All rights reserved.


2021-02-13 14:54:27.0482  WARN - Starting DocConvert Server..
2021-02-13 14:54:27.0512  WARN - DocConvert Server Started
2021-02-13 15:06:07.0269  WARN - 
          _____              _____                          _   
         |  __ \            / ____|                        | |  
         | |  | | ___   ___| |     ___  _ ____   _____ _ __| |_ 
         | |  | |/ _ \ / __| |    / _ \| '_ \ \ / / _ \ '__| __|
         | |__| | (_) | (__| |___| (_) | | | \ V /  __/ |  | |_ 
         |_____/ \___/ \___|\_____\___/|_| |_|\_/ \___|_|   \__|
          / ____|                                               
         | (___   ___ _ ____   _____ _ __                       
          \___ \ / _ \ '__\ \ / / _ \ '__|                      
          ____) |  __/ |   \ V /  __/ |                         
         |_____/ \___|_|    \_/ \___|_|  

                
2021-02-13 15:06:07.0659  WARN -           Copyright© 2021. Jm's Corp. All rights reserved.


2021-02-13 15:06:07.0681  WARN - Starting DocConvert Server..
2021-02-13 15:06:07.1768  WARN - DocConvert Server Started
2021-02-13 15:06:10.1958  WARN - 
          _____              _____                          _   
         |  __ \            / ____|                        | |  
         | |  | | ___   ___| |     ___  _ ____   _____ _ __| |_ 
         | |  | |/ _ \ / __| |    / _ \| '_ \ \ / / _ \ '__| __|
         | |__| | (_) | (__| |___| (_) | | | \ V /  __/ |  | |_ 
         |_____/ \___/ \___|\_____\___/|_| |_|\_/ \___|_|   \__|
          / ____|                                               
         | (___   ___ _ ____   _____ _ __                       
          \___ \ / _ \ '__\ \ / / _ \ '__|                      
          ____) |  __/ |   \ V /  __/ |                         
         |_____/ \___|_|    \_/ \___|_|  

                
2021-02-13 15:06:10.2208  WARN -           Copyright© 2021. Jm's Corp. All rights reserved.


2021-02-13 15:06:10.2228  WARN - Starting DocConvert Server..
2021-02-13 15:06:10.2902  WARN - DocConvert Server Started
2021-02-13 15:06:35.2130  WARN - 
          _____              _____                          _   
         |  __ \            / ____|                        | |  
         | |  | | ___   ___| |     ___  _ ____   _____ _ __| |_ 
         | |  | |/ _ \ / __| |    / _ \| '_ \ \ / / _ \ '__| __|
         | |__| | (_) | (__| |___| (_) | | | \ V /  __/ |  | |_ 
         |_____/ \___/ \___|\_____\___/|_| |_|\_/ \___|_|   \__|
          / ____|                                               
         | (___   ___ _ ____   _____ _ __                       
          \___ \ / _ \ '__\ \ / / _ \ '__|                      
          ____) |  __/ |   \ V /  __/ |                         
         |_____/ \___|_|    \_/ \___|_|  

                
2021-02-13 15:06:35.2409  WARN -           Copyright© 2021. Jm's Corp. All rights reserved.


2021-02-13 15:06:35.2409  WARN - Starting DocConvert Server..
2021-02-13 15:06:35.2881  WARN - DocConvert Server Started
2021-02-13 15:08:44.6326  WARN - 
          _____              _____                          _   
         |  __ \            / ____|                        | |  
         | |  | | ___   ___| |     ___  _ ____   _____ _ __| |_ 
         | |  | |/ _ \ / __| |    / _ \| '_ \ \ / / _ \ '__| __|
         | |__| | (_) | (__| |___| (_) | | | \ V /  __/ |  | |_ 
         |_____/ \___/ \___|\_____\___/|_| |_|\_/ \___|_|   \__|
          / ____|                                               
         | (___   ___ _ ____   _____ _ __                       
          \___ \ / _ \ '__\ \ / / _ \ '__|                      
          ____) |  __/ |   \ V /  __/ |                         
         |_____/ \___|_|    \_/ \___|_|  

                
2021-02-13 15:08:44.6575  WARN -           Copyright© 2021. Jm's Corp. All rights reserved.


2021-02-13 15:08:44.6605  WARN - Starting DocConvert Server..
2021-02-13 15:08:44.7073  WARN - DocConvert Server Started
2021-02-13 15:10:00.0748  WARN - 
          _____              _____                          _   
         |  __ \            / ____|                        | |  
         | |  | | ___   ___| |     ___  _ ____   _____ _ __| |_ 
         | |  | |/ _ \ / __| |    / _ \| '_ \ \ / / _ \ '__| __|
         | |__| | (_) | (__| |___| (_) | | | \ V /  __/ |  | |_ 
         |_____/ \___/ \___|\_____\___/|_| |_|\_/ \___|_|   \__|
          / ____|                                               
         | (___   ___ _ ____   _____ _ __                       
          \___ \ / _ \ '__\ \ / / _ \ '__|                      
          ____) |  __/ |   \ V /  __/ |                         
         |_____/ \___|_|    \_/ \___|_|  

                
2021-02-13 15:10:00.1051  WARN -           Copyright© 2021. Jm's Corp. All rights reserved.


2021-02-13 15:10:00.1051  WARN - Starting DocConvert Server..
2021-02-13 15:10:00.1610  WARN - DocConvert Server Started
2021-02-13 15:10:11.4089  WARN - 
          _____              _____                          _   
         |  __ \            / ____|                        | |  
         | |  | | ___   ___| |     ___  _ ____   _____ _ __| |_ 
         | |  | |/ _ \ / __| |    / _ \| '_ \ \ / / _ \ '__| __|
         | |__| | (_) | (__| |___| (_) | | | \ V /  __/ |  | |_ 
         |_____/ \___/ \___|\_____\___/|_| |_|\_/ \___|_|   \__|
          / ____|                                               
         | (___   ___ _ ____   _____ _ __                       
          \___ \ / _ \ '__\ \ / / _ \ '__|                      
          ____) |  __/ |   \ V /  __/ |                         
         |_____/ \___|_|    \_/ \___|_|  

                
2021-02-13 15:10:11.4352  WARN -           Copyright© 2021. Jm's Corp. All rights reserved.


2021-02-13 15:10:11.4352  WARN - Starting DocConvert Server..
2021-02-13 15:10:11.4730  WARN - DocConvert Server Started
2021-02-13 15:10:49.4527  WARN - 
          _____              _____                          _   
         |  __ \            / ____|                        | |  
         | |  | | ___   ___| |     ___  _ ____   _____ _ __| |_ 
         | |  | |/ _ \ / __| |    / _ \| '_ \ \ / / _ \ '__| __|
         | |__| | (_) | (__| |___| (_) | | | \ V /  __/ |  | |_ 
         |_____/ \___/ \___|\_____\___/|_| |_|\_/ \___|_|   \__|
          / ____|                                               
         | (___   ___ _ ____   _____ _ __                       
          \___ \ / _ \ '__\ \ / / _ \ '__|                      
          ____) |  __/ |   \ V /  __/ |                         
         |_____/ \___|_|    \_/ \___|_|  

                
2021-02-13 15:10:49.4806  WARN -           Copyright© 2021. Jm's Corp. All rights reserved.


2021-02-13 15:10:49.4806  WARN - Starting DocConvert Server..
2021-02-13 15:10:49.5197  WARN - DocConvert Server Started
2021-02-13 15:11:11.0092  WARN - 
          _____              _____                          _   
         |  __ \            / ____|                        | |  
         | |  | | ___   ___| |     ___  _ ____   _____ _ __| |_ 
         | |  | |/ _ \ / __| |    / _ \| '_ \ \ / / _ \ '__| __|
         | |__| | (_) | (__| |___| (_) | | | \ V /  __/ |  | |_ 
         |_____/ \___/ \___|\_____\___/|_| |_|\_/ \___|_|   \__|
          / ____|                                               
         | (___   ___ _ ____   _____ _ __                       
          \___ \ / _ \ '__\ \ / / _ \ '__|                      
          ____) |  __/ |   \ V /  __/ |                         
         |_____/ \___|_|    \_/ \___|_|  

                
2021-02-13 15:11:11.0354  WARN -           Copyright© 2021. Jm's Corp. All rights reserved.


2021-02-13 15:11:11.0354  WARN - Starting DocConvert Server..
2021-02-13 15:11:11.0836  WARN - DocConvert Server Started
2021-02-13 15:12:47.1999  WARN - 
          _____              _____                          _   
         |  __ \            / ____|                        | |  
         | |  | | ___   ___| |     ___  _ ____   _____ _ __| |_ 
         | |  | |/ _ \ / __| |    / _ \| '_ \ \ / / _ \ '__| __|
         | |__| | (_) | (__| |___| (_) | | | \ V /  __/ |  | |_ 
         |_____/ \___/ \___|\_____\___/|_| |_|\_/ \___|_|   \__|
          / ____|                                               
         | (___   ___ _ ____   _____ _ __                       
          \___ \ / _ \ '__\ \ / / _ \ '__|                      
          ____) |  __/ |   \ V /  __/ |                         
         |_____/ \___|_|    \_/ \___|_|  

                
2021-02-13 15:12:47.2209  WARN -           Copyright© 2021. Jm's Corp. All rights reserved.


2021-02-13 15:12:47.2229  WARN - Starting DocConvert Server..
2021-02-13 15:12:47.2548  WARN - DocConvert Server Started
2021-02-13 15:15:07.0767  WARN - 
          _____              _____                          _   
         |  __ \            / ____|                        | |  
         | |  | | ___   ___| |     ___  _ ____   _____ _ __| |_ 
         | |  | |/ _ \ / __| |    / _ \| '_ \ \ / / _ \ '__| __|
         | |__| | (_) | (__| |___| (_) | | | \ V /  __/ |  | |_ 
         |_____/ \___/ \___|\_____\___/|_| |_|\_/ \___|_|   \__|
          / ____|                                               
         | (___   ___ _ ____   _____ _ __                       
          \___ \ / _ \ '__\ \ / / _ \ '__|                      
          ____) |  __/ |   \ V /  __/ |                         
         |_____/ \___|_|    \_/ \___|_|  

                
2021-02-13 15:15:07.1038  WARN -           Copyright© 2021. Jm's Corp. All rights reserved.


2021-02-13 15:15:07.1038  WARN - Starting DocConvert Server..
2021-02-13 15:15:07.1619  WARN - DocConvert Server Started
2021-02-13 15:15:13.4330  WARN - 
          _____              _____                          _   
         |  __ \            / ____|                        | |  
         | |  | | ___   ___| |     ___  _ ____   _____ _ __| |_ 
         | |  | |/ _ \ / __| |    / _ \| '_ \ \ / / _ \ '__| __|
         | |__| | (_) | (__| |___| (_) | | | \ V /  __/ |  | |_ 
         |_____/ \___/ \___|\_____\___/|_| |_|\_/ \___|_|   \__|
          / ____|                                               
         | (___   ___ _ ____   _____ _ __                       
          \___ \ / _ \ '__\ \ / / _ \ '__|                      
          ____) |  __/ |   \ V /  __/ |                         
         |_____/ \___|_|    \_/ \___|_|  

                
2021-02-13 15:15:13.4598  WARN -           Copyright© 2021. Jm's Corp. All rights reserved.


2021-02-13 15:15:13.4598  WARN - Starting DocConvert Server..
2021-02-13 15:15:13.5297  WARN - DocConvert Server Started
2021-02-13 15:16:55.1049  WARN - 
          _____              _____                          _   
         |  __ \            / ____|                        | |  
         | |  | | ___   ___| |     ___  _ ____   _____ _ __| |_ 
         | |  | |/ _ \ / __| |    / _ \| '_ \ \ / / _ \ '__| __|
         | |__| | (_) | (__| |___| (_) | | | \ V /  __/ |  | |_ 
         |_____/ \___/ \___|\_____\___/|_| |_|\_/ \___|_|   \__|
          / ____|                                               
         | (___   ___ _ ____   _____ _ __                       
          \___ \ / _ \ '__\ \ / / _ \ '__|                      
          ____) |  __/ |   \ V /  __/ |                         
         |_____/ \___|_|    \_/ \___|_|  

                
2021-02-13 15:16:55.1279  WARN -           Copyright© 2021. Jm's Corp. All rights reserved.


2021-02-13 15:16:55.1309  WARN - Starting DocConvert Server..
2021-02-13 15:16:55.1620  WARN - DocConvert Server Started
2021-02-13 15:17:39.5237  WARN - 
          _____              _____                          _   
         |  __ \            / ____|                        | |  
         | |  | | ___   ___| |     ___  _ ____   _____ _ __| |_ 
         | |  | |/ _ \ / __| |    / _ \| '_ \ \ / / _ \ '__| __|
         | |__| | (_) | (__| |___| (_) | | | \ V /  __/ |  | |_ 
         |_____/ \___/ \___|\_____\___/|_| |_|\_/ \___|_|   \__|
          / ____|                                               
         | (___   ___ _ ____   _____ _ __                       
          \___ \ / _ \ '__\ \ / / _ \ '__|                      
          ____) |  __/ |   \ V /  __/ |                         
         |_____/ \___|_|    \_/ \___|_|  

                
2021-02-13 15:17:39.5472  WARN -           Copyright© 2021. Jm's Corp. All rights reserved.


2021-02-13 15:17:39.5472  WARN - Starting DocConvert Server..
2021-02-13 15:17:39.5854  WARN - DocConvert Server Started
2021-02-13 15:18:01.9196  WARN - 
          _____              _____                          _   
         |  __ \            / ____|                        | |  
         | |  | | ___   ___| |     ___  _ ____   _____ _ __| |_ 
         | |  | |/ _ \ / __| |    / _ \| '_ \ \ / / _ \ '__| __|
         | |__| | (_) | (__| |___| (_) | | | \ V /  __/ |  | |_ 
         |_____/ \___/ \___|\_____\___/|_| |_|\_/ \___|_|   \__|
          / ____|                                               
         | (___   ___ _ ____   _____ _ __                       
          \___ \ / _ \ '__\ \ / / _ \ '__|                      
          ____) |  __/ |   \ V /  __/ |                         
         |_____/ \___|_|    \_/ \___|_|  

                
2021-02-13 15:18:01.9478  WARN -           Copyright© 2021. Jm's Corp. All rights reserved.


2021-02-13 15:18:01.9478  WARN - Starting DocConvert Server..
2021-02-13 15:18:02.0352  WARN - DocConvert Server Started
2021-02-13 15:18:20.9489  WARN - 
          _____              _____                          _   
         |  __ \            / ____|                        | |  
         | |  | | ___   ___| |     ___  _ ____   _____ _ __| |_ 
         | |  | |/ _ \ / __| |    / _ \| '_ \ \ / / _ \ '__| __|
         | |__| | (_) | (__| |___| (_) | | | \ V /  __/ |  | |_ 
         |_____/ \___/ \___|\_____\___/|_| |_|\_/ \___|_|   \__|
          / ____|                                               
         | (___   ___ _ ____   _____ _ __                       
          \___ \ / _ \ '__\ \ / / _ \ '__|                      
          ____) |  __/ |   \ V /  __/ |                         
         |_____/ \___|_|    \_/ \___|_|  

                
2021-02-13 15:18:20.9733  WARN -           Copyright© 2021. Jm's Corp. All rights reserved.


2021-02-13 15:18:20.9733  WARN - Starting DocConvert Server..
2021-02-13 15:18:21.1002  WARN - DocConvert Server Started
2021-02-13 15:19:18.6815  WARN - 
          _____              _____                          _   
         |  __ \            / ____|                        | |  
         | |  | | ___   ___| |     ___  _ ____   _____ _ __| |_ 
         | |  | |/ _ \ / __| |    / _ \| '_ \ \ / / _ \ '__| __|
         | |__| | (_) | (__| |___| (_) | | | \ V /  __/ |  | |_ 
         |_____/ \___/ \___|\_____\___/|_| |_|\_/ \___|_|   \__|
          / ____|                                               
         | (___   ___ _ ____   _____ _ __                       
          \___ \ / _ \ '__\ \ / / _ \ '__|                      
          ____) |  __/ |   \ V /  __/ |                         
         |_____/ \___|_|    \_/ \___|_|  

                
2021-02-13 15:19:18.7065  WARN -           Copyright© 2021. Jm's Corp. All rights reserved.


2021-02-13 15:19:18.7085  WARN - Starting DocConvert Server..
2021-02-13 15:19:18.8013  WARN - DocConvert Server Started
2021-02-13 15:20:25.9629  WARN - 
          _____              _____                          _   
         |  __ \            / ____|                        | |  
         | |  | | ___   ___| |     ___  _ ____   _____ _ __| |_ 
         | |  | |/ _ \ / __| |    / _ \| '_ \ \ / / _ \ '__| __|
         | |__| | (_) | (__| |___| (_) | | | \ V /  __/ |  | |_ 
         |_____/ \___/ \___|\_____\___/|_| |_|\_/ \___|_|   \__|
          / ____|                                               
         | (___   ___ _ ____   _____ _ __                       
          \___ \ / _ \ '__\ \ / / _ \ '__|                      
          ____) |  __/ |   \ V /  __/ |                         
         |_____/ \___|_|    \_/ \___|_|  

                
2021-02-13 15:20:25.9883  WARN -           Copyright© 2021. Jm's Corp. All rights reserved.


2021-02-13 15:20:25.9883  WARN - Starting DocConvert Server..
2021-02-13 15:20:26.0977  WARN - DocConvert Server Started
2021-02-13 15:20:44.2984  WARN - 
          _____              _____                          _   
         |  __ \            / ____|                        | |  
         | |  | | ___   ___| |     ___  _ ____   _____ _ __| |_ 
         | |  | |/ _ \ / __| |    / _ \| '_ \ \ / / _ \ '__| __|
         | |__| | (_) | (__| |___| (_) | | | \ V /  __/ |  | |_ 
         |_____/ \___/ \___|\_____\___/|_| |_|\_/ \___|_|   \__|
          / ____|                                               
         | (___   ___ _ ____   _____ _ __                       
          \___ \ / _ \ '__\ \ / / _ \ '__|                      
          ____) |  __/ |   \ V /  __/ |                         
         |_____/ \___|_|    \_/ \___|_|  

                
2021-02-13 15:20:44.3305  WARN -           Copyright© 2021. Jm's Corp. All rights reserved.


2021-02-13 15:20:44.3335  WARN - Starting DocConvert Server..
2021-02-13 15:20:44.4266  WARN - DocConvert Server Started
2021-02-13 15:20:58.1595  WARN - 
          _____              _____                          _   
         |  __ \            / ____|                        | |  
         | |  | | ___   ___| |     ___  _ ____   _____ _ __| |_ 
         | |  | |/ _ \ / __| |    / _ \| '_ \ \ / / _ \ '__| __|
         | |__| | (_) | (__| |___| (_) | | | \ V /  __/ |  | |_ 
         |_____/ \___/ \___|\_____\___/|_| |_|\_/ \___|_|   \__|
          / ____|                                               
         | (___   ___ _ ____   _____ _ __                       
          \___ \ / _ \ '__\ \ / / _ \ '__|                      
          ____) |  __/ |   \ V /  __/ |                         
         |_____/ \___|_|    \_/ \___|_|  

                
2021-02-13 15:20:58.1877  WARN -           Copyright© 2021. Jm's Corp. All rights reserved.


2021-02-13 15:20:58.1877  WARN - Starting DocConvert Server..
2021-02-13 15:20:58.2541  WARN - DocConvert Server Started
2021-02-13 15:23:57.2062  WARN - 
          _____              _____                          _   
         |  __ \            / ____|                        | |  
         | |  | | ___   ___| |     ___  _ ____   _____ _ __| |_ 
         | |  | |/ _ \ / __| |    / _ \| '_ \ \ / / _ \ '__| __|
         | |__| | (_) | (__| |___| (_) | | | \ V /  __/ |  | |_ 
         |_____/ \___/ \___|\_____\___/|_| |_|\_/ \___|_|   \__|
          / ____|                                               
         | (___   ___ _ ____   _____ _ __                       
          \___ \ / _ \ '__\ \ / / _ \ '__|                      
          ____) |  __/ |   \ V /  __/ |                         
         |_____/ \___|_|    \_/ \___|_|  

                
2021-02-13 15:23:57.2326  WARN -           Copyright© 2021. Jm's Corp. All rights reserved.


2021-02-13 15:23:57.2326  WARN - Starting DocConvert Server..
2021-02-13 15:23:57.3018  WARN - DocConvert Server Started
2021-02-13 15:31:29.6273  WARN - 
          _____              _____                          _   
         |  __ \            / ____|                        | |  
         | |  | | ___   ___| |     ___  _ ____   _____ _ __| |_ 
         | |  | |/ _ \ / __| |    / _ \| '_ \ \ / / _ \ '__| __|
         | |__| | (_) | (__| |___| (_) | | | \ V /  __/ |  | |_ 
         |_____/ \___/ \___|\_____\___/|_| |_|\_/ \___|_|   \__|
          / ____|                                               
         | (___   ___ _ ____   _____ _ __                       
          \___ \ / _ \ '__\ \ / / _ \ '__|                      
          ____) |  __/ |   \ V /  __/ |                         
         |_____/ \___|_|    \_/ \___|_|  

                
2021-02-13 15:31:29.6510  WARN -           Copyright© 2021. Jm's Corp. All rights reserved.


2021-02-13 15:31:29.6510  WARN - Starting DocConvert Server..
2021-02-13 15:31:29.7230  WARN - DocConvert Server Started
2021-02-13 15:32:19.6241  WARN - 
          _____              _____                          _   
         |  __ \            / ____|                        | |  
         | |  | | ___   ___| |     ___  _ ____   _____ _ __| |_ 
         | |  | |/ _ \ / __| |    / _ \| '_ \ \ / / _ \ '__| __|
         | |__| | (_) | (__| |___| (_) | | | \ V /  __/ |  | |_ 
         |_____/ \___/ \___|\_____\___/|_| |_|\_/ \___|_|   \__|
          / ____|                                               
         | (___   ___ _ ____   _____ _ __                       
          \___ \ / _ \ '__\ \ / / _ \ '__|                      
          ____) |  __/ |   \ V /  __/ |                         
         |_____/ \___|_|    \_/ \___|_|  

                
2021-02-13 15:32:19.6610  WARN -          Copyright© 2021. Jm's Corp. All rights reserved.


2021-02-13 15:32:19.6610  WARN - Starting DocConvert Server..
2021-02-13 15:32:19.7407  WARN - DocConvert Server Started
2021-02-13 15:34:49.2516  WARN - 
          _____              _____                          _   
         |  __ \            / ____|                        | |  
         | |  | | ___   ___| |     ___  _ ____   _____ _ __| |_ 
         | |  | |/ _ \ / __| |    / _ \| '_ \ \ / / _ \ '__| __|
         | |__| | (_) | (__| |___| (_) | | | \ V /  __/ |  | |_ 
         |_____/ \___/ \___|\_____\___/|_| |_|\_/ \___|_|   \__|
          / ____|                                               
         | (___   ___ _ ____   _____ _ __                       
          \___ \ / _ \ '__\ \ / / _ \ '__|                      
          ____) |  __/ |   \ V /  __/ |                         
         |_____/ \___|_|    \_/ \___|_|  

                
2021-02-13 15:34:49.2792  WARN -          Copyright© 2021. Jm's Corp. All rights reserved.


2021-02-13 15:34:49.2792  WARN - Starting DocConvert Server..
2021-02-13 15:34:49.4108  WARN - DocConvert Server Started
2021-02-13 15:35:59.9684  WARN - 
          _____              _____                          _   
         |  __ \            / ____|                        | |  
         | |  | | ___   ___| |     ___  _ ____   _____ _ __| |_ 
         | |  | |/ _ \ / __| |    / _ \| '_ \ \ / / _ \ '__| __|
         | |__| | (_) | (__| |___| (_) | | | \ V /  __/ |  | |_ 
         |_____/ \___/ \___|\_____\___/|_| |_|\_/ \___|_|   \__|
          / ____|                                               
         | (___   ___ _ ____   _____ _ __                       
          \___ \ / _ \ '__\ \ / / _ \ '__|                      
          ____) |  __/ |   \ V /  __/ |                         
         |_____/ \___|_|    \_/ \___|_|  

                
2021-02-13 15:35:59.9933  WARN -          Copyright© 2021. Jm's Corp. All rights reserved.


2021-02-13 15:35:59.9933  WARN - Starting DocConvert Server..
2021-02-13 15:36:00.0845  WARN - DocConvert Server Started
2021-02-13 15:36:17.9483  WARN - 
          _____              _____                          _   
         |  __ \            / ____|                        | |  
         | |  | | ___   ___| |     ___  _ ____   _____ _ __| |_ 
         | |  | |/ _ \ / __| |    / _ \| '_ \ \ / / _ \ '__| __|
         | |__| | (_) | (__| |___| (_) | | | \ V /  __/ |  | |_ 
         |_____/ \___/ \___|\_____\___/|_| |_|\_/ \___|_|   \__|
          / ____|                                               
         | (___   ___ _ ____   _____ _ __                       
          \___ \ / _ \ '__\ \ / / _ \ '__|                      
          ____) |  __/ |   \ V /  __/ |                         
         |_____/ \___|_|    \_/ \___|_|  

                
2021-02-13 15:36:17.9739  WARN -          Copyright© 2021. Jm's Corp. All rights reserved.


2021-02-13 15:36:17.9739  WARN - Starting DocConvert Server..
2021-02-13 15:36:18.0429  WARN - DocConvert Server Started
2021-02-13 15:36:48.0386  WARN - 
          _____              _____                          _   
         |  __ \            / ____|                        | |  
         | |  | | ___   ___| |     ___  _ ____   _____ _ __| |_ 
         | |  | |/ _ \ / __| |    / _ \| '_ \ \ / / _ \ '__| __|
         | |__| | (_) | (__| |___| (_) | | | \ V /  __/ |  | |_ 
         |_____/ \___/ \___|\_____\___/|_| |_|\_/ \___|_|   \__|
          / ____|                                               
         | (___   ___ _ ____   _____ _ __                       
          \___ \ / _ \ '__\ \ / / _ \ '__|                      
          ____) |  __/ |   \ V /  __/ |                         
         |_____/ \___|_|    \_/ \___|_|  

                
2021-02-13 15:36:48.1095  WARN -          Copyright© 2021. Jm's Corp. All rights reserved.


2021-02-13 15:36:48.1157  WARN - Starting DocConvert Server..
2021-02-13 15:36:48.2464  WARN - DocConvert Server Started
2021-02-13 15:37:00.5053  WARN - 
          _____              _____                          _   
         |  __ \            / ____|                        | |  
         | |  | | ___   ___| |     ___  _ ____   _____ _ __| |_ 
         | |  | |/ _ \ / __| |    / _ \| '_ \ \ / / _ \ '__| __|
         | |__| | (_) | (__| |___| (_) | | | \ V /  __/ |  | |_ 
         |_____/ \___/ \___|\_____\___/|_| |_|\_/ \___|_|   \__|
          / ____|                                               
         | (___   ___ _ ____   _____ _ __                       
          \___ \ / _ \ '__\ \ / / _ \ '__|                      
          ____) |  __/ |   \ V /  __/ |                         
         |_____/ \___|_|    \_/ \___|_|  

                
2021-02-13 15:37:00.5332  WARN -          Copyright© 2021. Jm's Corp. All rights reserved.


2021-02-13 15:37:00.5332  WARN - Starting DocConvert Server..
2021-02-13 15:37:00.5855  WARN - DocConvert Server Started
2021-02-13 15:38:14.5805  WARN - 
          _____              _____                          _   
         |  __ \            / ____|                        | |  
         | |  | | ___   ___| |     ___  _ ____   _____ _ __| |_ 
         | |  | |/ _ \ / __| |    / _ \| '_ \ \ / / _ \ '__| __|
         | |__| | (_) | (__| |___| (_) | | | \ V /  __/ |  | |_ 
         |_____/ \___/ \___|\_____\___/|_| |_|\_/ \___|_|   \__|
          / ____|                                               
         | (___   ___ _ ____   _____ _ __                       
          \___ \ / _ \ '__\ \ / / _ \ '__|                      
          ____) |  __/ |   \ V /  __/ |                         
         |_____/ \___|_|    \_/ \___|_|  

                
2021-02-13 15:38:14.6045  WARN -          Copyright© 2021. Jm's Corp. All rights reserved.


2021-02-13 15:38:14.6045  WARN - Starting DocConvert Server..
2021-02-13 15:38:14.6307  WARN - DocConvert Server Started
2021-02-13 15:38:48.0352  WARN - 
          _____              _____                          _   
         |  __ \            / ____|                        | |  
         | |  | | ___   ___| |     ___  _ ____   _____ _ __| |_ 
         | |  | |/ _ \ / __| |    / _ \| '_ \ \ / / _ \ '__| __|
         | |__| | (_) | (__| |___| (_) | | | \ V /  __/ |  | |_ 
         |_____/ \___/ \___|\_____\___/|_| |_|\_/ \___|_|   \__|
          / ____|                                               
         | (___   ___ _ ____   _____ _ __                       
          \___ \ / _ \ '__\ \ / / _ \ '__|                      
          ____) |  __/ |   \ V /  __/ |                         
         |_____/ \___|_|    \_/ \___|_|  

                
2021-02-13 15:38:48.0634  WARN -          Copyright© 2021. Jm's Corp. All rights reserved.


2021-02-13 15:38:48.0634  WARN - Starting DocConvert Server..
2021-02-13 15:38:48.0995  WARN - DocConvert Server Started
2021-02-13 15:39:02.1619  WARN - 
          _____              _____                          _   
         |  __ \            / ____|                        | |  
         | |  | | ___   ___| |     ___  _ ____   _____ _ __| |_ 
         | |  | |/ _ \ / __| |    / _ \| '_ \ \ / / _ \ '__| __|
         | |__| | (_) | (__| |___| (_) | | | \ V /  __/ |  | |_ 
         |_____/ \___/ \___|\_____\___/|_| |_|\_/ \___|_|   \__|
          / ____|                                               
         | (___   ___ _ ____   _____ _ __                       
          \___ \ / _ \ '__\ \ / / _ \ '__|                      
          ____) |  __/ |   \ V /  __/ |                         
         |_____/ \___|_|    \_/ \___|_|  

                
2021-02-13 15:39:02.1918  WARN -          Copyright© 2021. Jm's Corp. All rights reserved.


2021-02-13 15:39:02.1918  WARN - Starting DocConvert Server..
2021-02-13 15:39:02.2247  WARN - DocConvert Server Started
