2021-02-13 15:06:07.1558 ERROR -    위치: DocConvert_Core.IniLib.IniValue.ToString2() 파일 C:\Users\o0_0o\Documents\Source\DocConvert\DocConvert_Core\IniLib\Ini.cs:줄 176
   위치: DocConvert_Console.Program.Main(String[] args) 파일 C:\Users\o0_0o\Documents\Source\DocConvert\DocConvert_Console\Program.cs:줄 40
2021-02-13 15:06:10.2472 ERROR -    위치: DocConvert_Core.IniLib.IniValue.ToString2() 파일 C:\Users\o0_0o\Documents\Source\DocConvert\DocConvert_Core\IniLib\Ini.cs:줄 176
   위치: DocConvert_Console.Program.Main(String[] args) 파일 C:\Users\o0_0o\Documents\Source\DocConvert\DocConvert_Console\Program.cs:줄 40
2021-02-13 15:18:01.9947 ERROR -    위치: DocConvert_Core.IniLib.IniValue.ToString2() 파일 C:\Users\o0_0o\Documents\Source\DocConvert\DocConvert_Core\IniLib\Ini.cs:줄 176
   위치: DocConvert_Console.Program.Main(String[] args) 파일 C:\Users\o0_0o\Documents\Source\DocConvert\DocConvert_Console\Program.cs:줄 45
2021-02-13 15:18:21.0044 ERROR - 개체 참조가 개체의 인스턴스로 설정되지 않았습니다.
2021-02-13 15:18:21.0302 ERROR -    위치: DocConvert_Core.IniLib.IniValue.ToString2() 파일 C:\Users\o0_0o\Documents\Source\DocConvert\DocConvert_Core\IniLib\Ini.cs:줄 176
   위치: DocConvert_Console.Program.Main(String[] args) 파일 C:\Users\o0_0o\Documents\Source\DocConvert\DocConvert_Console\Program.cs:줄 45
2021-02-13 15:19:18.7343 ERROR - 개체 참조가 개체의 인스턴스로 설정되지 않았습니다.
2021-02-13 15:19:18.7603 ERROR - DocConvert_Core
2021-02-13 15:19:18.7603 ERROR -    위치: DocConvert_Core.IniLib.IniValue.ToString2() 파일 C:\Users\o0_0o\Documents\Source\DocConvert\DocConvert_Core\IniLib\Ini.cs:줄 176
   위치: DocConvert_Console.Program.Main(String[] args) 파일 C:\Users\o0_0o\Documents\Source\DocConvert\DocConvert_Console\Program.cs:줄 45
2021-02-13 15:20:26.0287 ERROR - 개체 참조가 개체의 인스턴스로 설정되지 않았습니다.
2021-02-13 15:20:26.0475 ERROR -    위치: DocConvert_Core.IniLib.IniValue.ToString2() 파일 C:\Users\o0_0o\Documents\Source\DocConvert\DocConvert_Core\IniLib\Ini.cs:줄 176
   위치: DocConvert_Console.Program.Main(String[] args) 파일 C:\Users\o0_0o\Documents\Source\DocConvert\DocConvert_Console\Program.cs:줄 45
2021-02-13 15:20:44.3742 ERROR - 개체 참조가 개체의 인스턴스로 설정되지 않았습니다.
2021-02-13 15:20:44.3892 ERROR -    위치: DocConvert_Core.IniLib.IniValue.ToString2() 파일 C:\Users\o0_0o\Documents\Source\DocConvert\DocConvert_Core\IniLib\Ini.cs:줄 176
   위치: DocConvert_Console.Program.Main(String[] args) 파일 C:\Users\o0_0o\Documents\Source\DocConvert\DocConvert_Console\Program.cs:줄 45
2021-02-13 15:20:58.2189 ERROR - 개체 참조가 개체의 인스턴스로 설정되지 않았습니다.
2021-02-13 15:20:58.2330 ERROR -    위치: DocConvert_Core.IniLib.IniValue.ToString2() 파일 C:\Users\o0_0o\Documents\Source\DocConvert\DocConvert_Core\IniLib\Ini.cs:줄 176
   위치: DocConvert_Console.Program.Main(String[] args) 파일 C:\Users\o0_0o\Documents\Source\DocConvert\DocConvert_Console\Program.cs:줄 45
2021-02-13 15:23:57.2654 ERROR - 개체 참조가 개체의 인스턴스로 설정되지 않았습니다.
2021-02-13 15:23:57.2828 ERROR -    위치: DocConvert_Core.IniLib.IniValue.ToString2() 파일 C:\Users\o0_0o\Documents\Source\DocConvert\DocConvert_Core\IniLib\Ini.cs:줄 176
   위치: DocConvert_Console.Program.Main(String[] args) 파일 C:\Users\o0_0o\Documents\Source\DocConvert\DocConvert_Console\Program.cs:줄 45
2021-02-13 15:31:29.6611 ERROR - ERROR CODE: 1001
2021-02-13 15:31:29.6765 ERROR - 원인: 설정파일 파싱 도중 오류발생.
2021-02-13 15:31:29.6765 ERROR - 해결: C:\Users\o0_0o\Documents\Source\DocConvert\bin\Debug\DocConvert_Server.ini에 위치한 설정 파일을 백업 삭제 후 다시시도.
2021-02-13 15:31:29.6765 ERROR - 개체 참조가 개체의 인스턴스로 설정되지 않았습니다.
2021-02-13 15:31:29.7023 ERROR -    위치: DocConvert_Core.IniLib.IniValue.ToString2() 파일 C:\Users\o0_0o\Documents\Source\DocConvert\DocConvert_Core\IniLib\Ini.cs:줄 176
   위치: DocConvert_Console.Program.Main(String[] args) 파일 C:\Users\o0_0o\Documents\Source\DocConvert\DocConvert_Console\Program.cs:줄 46
2021-02-13 15:32:19.6993 ERROR - ERROR CODE: 1001
2021-02-13 15:32:19.6993 ERROR - 원인: 설정파일 파싱 도중 오류발생.
2021-02-13 15:32:19.6993 ERROR - 해결: C:\Users\o0_0o\Documents\Source\DocConvert\bin\Debug\DocConvert_Server.ini에 위치한 설정 파일을 백업 삭제 후 다시시도.
2021-02-13 15:32:19.6993 ERROR - 개체 참조가 개체의 인스턴스로 설정되지 않았습니다.
2021-02-13 15:32:19.7195 ERROR -    위치: DocConvert_Core.IniLib.IniValue.ToString2() 파일 C:\Users\o0_0o\Documents\Source\DocConvert\DocConvert_Core\IniLib\Ini.cs:줄 176
   위치: DocConvert_Console.Program.Main(String[] args) 파일 C:\Users\o0_0o\Documents\Source\DocConvert\DocConvert_Console\Program.cs:줄 46
2021-02-13 15:34:49.3208 ERROR - ERROR CODE: 1001
2021-02-13 15:34:49.3208 ERROR - 개체 참조가 개체의 인스턴스로 설정되지 않았습니다.
2021-02-13 15:34:49.3393 ERROR -    위치: DocConvert_Core.IniLib.IniValue.ToString2() 파일 C:\Users\o0_0o\Documents\Source\DocConvert\DocConvert_Core\IniLib\Ini.cs:줄 176
   위치: DocConvert_Console.Program.Main(String[] args) 파일 C:\Users\o0_0o\Documents\Source\DocConvert\DocConvert_Console\Program.cs:줄 46
2021-02-13 15:36:00.0350 ERROR - ERROR CODE: 1001
2021-02-13 15:36:00.0360 ERROR - 개체 참조가 개체의 인스턴스로 설정되지 않았습니다.
2021-02-13 15:36:00.0532 ERROR -    위치: DocConvert_Core.IniLib.IniValue.ToString2() 파일 C:\Users\o0_0o\Documents\Source\DocConvert\DocConvert_Core\IniLib\Ini.cs:줄 176
   위치: DocConvert_Console.Program.Main(String[] args) 파일 C:\Users\o0_0o\Documents\Source\DocConvert\DocConvert_Console\Program.cs:줄 46
2021-02-13 15:36:00.0532 ERROR - There is a problem with the config file and continues with default settings
2021-02-13 15:36:17.9950 ERROR - There is a problem with the config file and continues with default settings
