2021-02-26 21:05:43.9249  WARN - 
          _____              _____                          _   
         |  __ \            / ____|                        | |  
         | |  | | ___   ___| |     ___  _ ____   _____ _ __| |_ 
         | |  | |/ _ \ / __| |    / _ \| '_ \ \ / / _ \ '__| __|
         | |__| | (_) | (__| |___| (_) | | | \ V /  __/ |  | |_ 
         |_____/ \___/ \___|\_____\___/|_| |_|\_/ \___|_|   \__|
          / ____|                                               
         | (___   ___ _ ____   _____ _ __                       
          \___ \ / _ \ '__\ \ / / _ \ '__|                      
          ____) |  __/ |   \ V /  __/ |                         
         |_____/ \___|_|    \_/ \___|_|  

                
2021-02-26 21:05:43.9625  WARN -          Copyright© 2021. Jm's Corp. All rights reserved.


2021-02-26 21:05:43.9658  WARN - Starting DocConvert Server..
2021-02-26 21:05:44.0130  WARN - DocConvert Server Started
2021-02-26 21:21:20.5843  WARN - 
          _____              _____                          _   
         |  __ \            / ____|                        | |  
         | |  | | ___   ___| |     ___  _ ____   _____ _ __| |_ 
         | |  | |/ _ \ / __| |    / _ \| '_ \ \ / / _ \ '__| __|
         | |__| | (_) | (__| |___| (_) | | | \ V /  __/ |  | |_ 
         |_____/ \___/ \___|\_____\___/|_| |_|\_/ \___|_|   \__|
          / ____|                                               
         | (___   ___ _ ____   _____ _ __                       
          \___ \ / _ \ '__\ \ / / _ \ '__|                      
          ____) |  __/ |   \ V /  __/ |                         
         |_____/ \___|_|    \_/ \___|_|  

                
2021-02-26 21:21:20.6103  WARN -          Copyright© 2021. Jm's Corp. All rights reserved.


2021-02-26 21:21:20.6103  WARN - Starting DocConvert Server..
2021-02-26 21:24:00.4712  WARN - 
          _____              _____                          _   
         |  __ \            / ____|                        | |  
         | |  | | ___   ___| |     ___  _ ____   _____ _ __| |_ 
         | |  | |/ _ \ / __| |    / _ \| '_ \ \ / / _ \ '__| __|
         | |__| | (_) | (__| |___| (_) | | | \ V /  __/ |  | |_ 
         |_____/ \___/ \___|\_____\___/|_| |_|\_/ \___|_|   \__|
          / ____|                                               
         | (___   ___ _ ____   _____ _ __                       
          \___ \ / _ \ '__\ \ / / _ \ '__|                      
          ____) |  __/ |   \ V /  __/ |                         
         |_____/ \___|_|    \_/ \___|_|  

                
2021-02-26 21:24:00.5010  WARN -          Copyright© 2021. Jm's Corp. All rights reserved.


2021-02-26 21:24:00.5010  WARN - Starting DocConvert Server..
2021-02-26 21:24:00.6705  WARN - DocConvert Server Started
2021-02-26 21:25:37.6010  WARN - 
          _____              _____                          _   
         |  __ \            / ____|                        | |  
         | |  | | ___   ___| |     ___  _ ____   _____ _ __| |_ 
         | |  | |/ _ \ / __| |    / _ \| '_ \ \ / / _ \ '__| __|
         | |__| | (_) | (__| |___| (_) | | | \ V /  __/ |  | |_ 
         |_____/ \___/ \___|\_____\___/|_| |_|\_/ \___|_|   \__|
          / ____|                                               
         | (___   ___ _ ____   _____ _ __                       
          \___ \ / _ \ '__\ \ / / _ \ '__|                      
          ____) |  __/ |   \ V /  __/ |                         
         |_____/ \___|_|    \_/ \___|_|  

                
2021-02-26 21:25:37.6272  WARN -          Copyright© 2021. Jm's Corp. All rights reserved.


2021-02-26 21:25:37.6272  WARN - Starting DocConvert Server..
2021-02-26 21:25:37.7340  WARN - DocConvert Server Started
2021-02-26 21:26:02.5923  WARN - 
          _____              _____                          _   
         |  __ \            / ____|                        | |  
         | |  | | ___   ___| |     ___  _ ____   _____ _ __| |_ 
         | |  | |/ _ \ / __| |    / _ \| '_ \ \ / / _ \ '__| __|
         | |__| | (_) | (__| |___| (_) | | | \ V /  __/ |  | |_ 
         |_____/ \___/ \___|\_____\___/|_| |_|\_/ \___|_|   \__|
          / ____|                                               
         | (___   ___ _ ____   _____ _ __                       
          \___ \ / _ \ '__\ \ / / _ \ '__|                      
          ____) |  __/ |   \ V /  __/ |                         
         |_____/ \___|_|    \_/ \___|_|  

                
2021-02-26 21:26:02.6158  WARN -          Copyright© 2021. Jm's Corp. All rights reserved.


2021-02-26 21:26:02.6158  WARN - Starting DocConvert Server..
2021-02-26 21:26:02.6801  WARN - DocConvert Server Started
2021-02-26 21:26:25.5021  WARN - 
          _____              _____                          _   
         |  __ \            / ____|                        | |  
         | |  | | ___   ___| |     ___  _ ____   _____ _ __| |_ 
         | |  | |/ _ \ / __| |    / _ \| '_ \ \ / / _ \ '__| __|
         | |__| | (_) | (__| |___| (_) | | | \ V /  __/ |  | |_ 
         |_____/ \___/ \___|\_____\___/|_| |_|\_/ \___|_|   \__|
          / ____|                                               
         | (___   ___ _ ____   _____ _ __                       
          \___ \ / _ \ '__\ \ / / _ \ '__|                      
          ____) |  __/ |   \ V /  __/ |                         
         |_____/ \___|_|    \_/ \___|_|  

                
2021-02-26 21:26:25.5296  WARN -          Copyright© 2021. Jm's Corp. All rights reserved.


2021-02-26 21:26:25.5296  WARN - Starting DocConvert Server..
2021-02-26 21:26:25.6212  WARN - DocConvert Server Started
