2021-02-26 21:05:43.9658  INFO - Program Directory: C:\Users\o0_0o\Documents\Source\DocConvert\bin\Debug
2021-02-26 21:05:43.9658  INFO - .Net Framework Version: 4.0.30319.42000
2021-02-26 21:05:43.9658  INFO - OS Version: Microsoft Windows NT 6.2.9200.0
2021-02-26 21:05:43.9658  INFO - PC(Domain) Name: DESKTOP-6DNS55V
2021-02-26 21:05:43.9658  INFO - User Name: o0_0o
2021-02-26 21:05:43.9658  INFO - ------------ Parsing Ini File ------------
2021-02-26 21:05:43.9874  INFO - - Bind IP: 127.0.0.1
2021-02-26 21:05:43.9874  INFO - - HTTP Port: 12300
2021-02-26 21:05:43.9874  INFO - - Client KEY: abcd
2021-02-26 21:05:43.9874  INFO - - Workspace Directory: C:\Data\Test
2021-02-26 21:05:43.9874  INFO - - SchedulerTime: 3,0
2021-02-26 21:05:43.9973  INFO - - CleanWorkspaceSchedulerYn: False
2021-02-26 21:05:43.9973  INFO - - CleanWorkspaceDay: 5
2021-02-26 21:05:43.9973  INFO - - CleanLogSchedulerYn: False
2021-02-26 21:05:43.9973  INFO - - CleanLogDay: 7
2021-02-26 21:05:43.9973  INFO - - DRM useYn: False
2021-02-26 21:05:43.9973  INFO - - DRM Path: test
2021-02-26 21:05:43.9973  INFO - - DRM Result: 1
2021-02-26 21:05:44.0130  INFO - - DRM Args: $Full_Path$
2021-02-26 21:05:44.0130  INFO - ------------------------------------------
2021-02-26 21:21:20.6103  INFO - Program Directory: C:\Users\o0_0o\Documents\Source\DocConvert\bin\Debug
2021-02-26 21:21:20.6103  INFO - .Net Framework Version: 4.0.30319.42000
2021-02-26 21:21:20.6103  INFO - OS Version: Microsoft Windows NT 6.2.9200.0
2021-02-26 21:21:20.6103  INFO - PC(Domain) Name: DESKTOP-6DNS55V
2021-02-26 21:21:20.6103  INFO - User Name: o0_0o
2021-02-26 21:21:20.6219  INFO - ------------ Parsing Ini File ------------
2021-02-26 21:21:20.6219  INFO - - Bind IP: 127.0.0.1
2021-02-26 21:21:20.6219  INFO - - HTTP Port: 12300
2021-02-26 21:21:20.6219  INFO - - Client KEY: abcd
2021-02-26 21:21:20.6219  INFO - - Workspace Directory: C:\Data\Test
2021-02-26 21:21:20.6219  INFO - - SchedulerTime: 3,0
2021-02-26 21:21:20.6382  INFO - - CleanWorkspaceSchedulerYn: False
2021-02-26 21:21:20.6382  INFO - - CleanWorkspaceDay: 5
2021-02-26 21:21:20.6382  INFO - - CleanLogSchedulerYn: False
2021-02-26 21:21:20.6382  INFO - - CleanLogDay: 7
2021-02-26 21:21:20.6382  INFO - - DRM useYn: False
2021-02-26 21:21:20.6544  INFO - - DRM Path: test
2021-02-26 21:21:20.6544  INFO - - DRM Result: 1
2021-02-26 21:21:20.6544  INFO - - DRM Args: $Full_Path$
2021-02-26 21:21:20.6544  INFO - ------------------------------------------
2021-02-26 21:24:00.5010  INFO - Program Directory: C:\Users\o0_0o\Documents\Source\DocConvert\bin\Debug
2021-02-26 21:24:00.5010  INFO - .Net Framework Version: 4.0.30319.42000
2021-02-26 21:24:00.5010  INFO - OS Version: Microsoft Windows NT 6.2.9200.0
2021-02-26 21:24:00.5010  INFO - PC(Domain) Name: DESKTOP-6DNS55V
2021-02-26 21:24:00.5010  INFO - User Name: o0_0o
2021-02-26 21:24:00.5143  INFO - ------------ Parsing Ini File ------------
2021-02-26 21:24:00.5794  INFO - - Bind IP: 127.0.0.1
2021-02-26 21:24:00.5794  INFO - - Socket Port: 12000
2021-02-26 21:24:00.5952  INFO - - Client KEY: B29D00A3 - F25 - 4EB7 - 93C1 - A77F5E31A7C2
2021-02-26 21:24:00.5952  INFO - - Workspace Directory: C:\Data
2021-02-26 21:24:00.5952  INFO - - SchedulerTime: 1,0
2021-02-26 21:24:00.5952  INFO - - CleanWorkspaceSchedulerYn: False
2021-02-26 21:24:00.5952  INFO - - CleanWorkspaceDay: 3
2021-02-26 21:24:00.5952  INFO - - CleanLogSchedulerYn: False
2021-02-26 21:24:00.6120  INFO - - CleanLogDay: 3
2021-02-26 21:24:00.6120  INFO - - DRM useYn: False
2021-02-26 21:24:00.6120  INFO - - DRM Path: 
2021-02-26 21:24:00.6670  INFO - - DRM Result: 
2021-02-26 21:24:00.6670  INFO - - DRM Args: 
2021-02-26 21:24:00.6705  INFO - ------------------------------------------
2021-02-26 21:25:37.6272  INFO - Program Directory: C:\Users\o0_0o\Documents\Source\DocConvert\bin\Debug
2021-02-26 21:25:37.6272  INFO - .Net Framework Version: 4.0.30319.42000
2021-02-26 21:25:37.6272  INFO - OS Version: Microsoft Windows NT 6.2.9200.0
2021-02-26 21:25:37.6381  INFO - PC(Domain) Name: DESKTOP-6DNS55V
2021-02-26 21:25:37.6381  INFO - User Name: o0_0o
2021-02-26 21:25:37.6381  INFO - ------------ Parsing Ini File ------------
2021-02-26 21:25:37.6859  INFO - - Bind IP: 127.0.0.1
2021-02-26 21:25:37.6859  INFO - - Socket Port: 12000
2021-02-26 21:25:37.6859  INFO - - Client KEY: B29D00A3 - F25 - 4EB7 - 93C1 - A77F5E31A7C2
2021-02-26 21:25:37.6859  INFO - - Workspace Directory: C:\Data
2021-02-26 21:25:37.6859  INFO - - SchedulerTime: 1,0
2021-02-26 21:25:37.6859  INFO - - CleanWorkspaceSchedulerYn: False
2021-02-26 21:25:37.6859  INFO - - CleanWorkspaceDay: 3
2021-02-26 21:25:37.6859  INFO - - CleanLogSchedulerYn: False
2021-02-26 21:25:37.7010  INFO - - CleanLogDay: 3
2021-02-26 21:25:37.7010  INFO - - DRM useYn: False
2021-02-26 21:25:37.7010  INFO - - DRM Path: 
2021-02-26 21:25:37.7010  INFO - - DRM Result: 
2021-02-26 21:25:37.7010  INFO - - DRM Args: 
2021-02-26 21:25:37.7212  INFO - ------------------------------------------
2021-02-26 21:26:02.6158  INFO - Program Directory: C:\Users\o0_0o\Documents\Source\DocConvert\bin\Debug
2021-02-26 21:26:02.6158  INFO - .Net Framework Version: 4.0.30319.42000
2021-02-26 21:26:02.6230  INFO - OS Version: Microsoft Windows NT 6.2.9200.0
2021-02-26 21:26:02.6230  INFO - PC(Domain) Name: DESKTOP-6DNS55V
2021-02-26 21:26:02.6230  INFO - User Name: o0_0o
2021-02-26 21:26:02.6230  INFO - ------------ Parsing Ini File ------------
2021-02-26 21:26:02.6409  INFO - The configuration file is created in C:\Users\o0_0o\Documents\Source\DocConvert\bin\Debug\DocConvert_Server.ini
2021-02-26 21:26:02.6409  INFO - - Bind IP: 0.0.0.0
2021-02-26 21:26:02.6409  INFO - - Socket Port: 12000
2021-02-26 21:26:02.6409  INFO - - Client KEY: B29D00A3 - F25 - 4EB7 - 93C1 - A77F5E31A7C2
2021-02-26 21:26:02.6409  INFO - - Workspace Directory: C:\Data
2021-02-26 21:26:02.6409  INFO - - SchedulerTime: 1,0
2021-02-26 21:26:02.6409  INFO - - CleanWorkspaceSchedulerYn: False
2021-02-26 21:26:02.6409  INFO - - CleanWorkspaceDay: 3
2021-02-26 21:26:02.6540  INFO - - CleanLogSchedulerYn: False
2021-02-26 21:26:02.6540  INFO - - CleanLogDay: 3
2021-02-26 21:26:02.6540  INFO - - DRM useYn: False
2021-02-26 21:26:02.6540  INFO - - DRM Path: 
2021-02-26 21:26:02.6540  INFO - - DRM Result: 
2021-02-26 21:26:02.6540  INFO - - DRM Args: 
2021-02-26 21:26:02.6540  INFO - ------------------------------------------
2021-02-26 21:26:25.5296  INFO - Program Directory: C:\Users\o0_0o\Documents\Source\DocConvert\bin\Debug
2021-02-26 21:26:25.5296  INFO - .Net Framework Version: 4.0.30319.42000
2021-02-26 21:26:25.5296  INFO - OS Version: Microsoft Windows NT 6.2.9200.0
2021-02-26 21:26:25.5296  INFO - PC(Domain) Name: DESKTOP-6DNS55V
2021-02-26 21:26:25.5296  INFO - User Name: o0_0o
2021-02-26 21:26:25.5444  INFO - ------------ Parsing Ini File ------------
2021-02-26 21:26:25.5444  INFO - - Bind IP: 0.0.0.0
2021-02-26 21:26:25.5444  INFO - - Socket Port: 12000
2021-02-26 21:26:25.5444  INFO - - Client KEY: B29D00A3 - F25 - 4EB7 - 93C1 - A77F5E31A7C2
2021-02-26 21:26:25.5444  INFO - - Workspace Directory: C:\Data
2021-02-26 21:26:25.5602  INFO - - SchedulerTime: 1,0
2021-02-26 21:26:25.5602  INFO - - CleanWorkspaceSchedulerYn: True
2021-02-26 21:26:25.5602  INFO - - CleanWorkspaceDay: 3
2021-02-26 21:26:25.5602  INFO - - CleanLogSchedulerYn: True
2021-02-26 21:26:25.5602  INFO - - CleanLogDay: 10
2021-02-26 21:26:25.5602  INFO - - DRM useYn: False
2021-02-26 21:26:25.5602  INFO - - DRM Path: 
2021-02-26 21:26:25.5763  INFO - - DRM Result: 0
2021-02-26 21:26:25.5763  INFO - - DRM Args: $Full_Path$,$Out_Full_Path$,$DRM_Type$
2021-02-26 21:26:25.5763  INFO - ------------------------------------------
