2020-04-12 17:58:38.2247  INFO - ==================== Start ====================
2020-04-12 17:58:38.2526  INFO - Method: ExcelSaveAs, FilePath: C:\Data\workspace\47563F77C6FA21C9733888B3331AD4CF\0_10_FF947EFB63D2711E9D2BD888712021E8.xlsx, outPath: C:\Data\workspace\47563F77C6FA21C9733888B3331AD4CF\0_10_FF947EFB63D2711E9D2BD888712021E8.pdf, docPassword: 
2020-04-12 17:58:38.2526  INFO - 파일 언락 성공!
2020-04-12 17:58:45.3253  INFO - 변환중 오류발생 자세한 내용은 오류로그 참고
2020-04-12 17:58:46.3412  INFO - ==================== End ====================
2020-04-12 18:00:33.3723  INFO - ==================== Start ====================
2020-04-12 18:00:33.3733  INFO - Method: ExcelSaveAs, FilePath: C:\Data\workspace\47563F77C6FA21C9733888B3331AD4CF\0_10_FF947EFB63D2711E9D2BD888712021E8.xlsx, outPath: C:\Data\workspace\47563F77C6FA21C9733888B3331AD4CF\0_10_FF947EFB63D2711E9D2BD888712021E8.pdf, docPassword: 
2020-04-12 18:00:33.3733  INFO - 파일 언락 성공!
2020-04-12 18:00:39.0607  INFO - 변환중 오류발생 자세한 내용은 오류로그 참고
2020-04-12 18:00:39.8296  INFO - ==================== End ====================
2020-04-12 18:01:07.0440  INFO - ==================== Start ====================
2020-04-12 18:01:07.6987  INFO - Method: ExcelSaveAs, FilePath: C:\Data\workspace\47563F77C6FA21C9733888B3331AD4CF\0_10_FF947EFB63D2711E9D2BD888712021E8.xlsx, outPath: C:\Data\workspace\47563F77C6FA21C9733888B3331AD4CF\0_10_FF947EFB63D2711E9D2BD888712021E8.pdf, docPassword: 
2020-04-12 18:01:08.5252  INFO - 파일 언락 성공!
2020-04-12 18:01:39.7066  INFO - 변환중 오류발생 자세한 내용은 오류로그 참고
2020-04-12 18:03:17.8382  INFO - ==================== Start ====================
2020-04-12 18:03:17.8722  INFO - Method: ExcelSaveAs, FilePath: C:\Data\workspace\47563F77C6FA21C9733888B3331AD4CF\0_10_FF947EFB63D2711E9D2BD888712021E8.xlsx, outPath: C:\Data\workspace\47563F77C6FA21C9733888B3331AD4CF\0_10_FF947EFB63D2711E9D2BD888712021E8.pdf, docPassword: 
2020-04-12 18:03:17.8741  INFO - 파일 언락 성공!
2020-04-12 18:03:23.6151  INFO - 변환중 오류발생 자세한 내용은 오류로그 참고
2020-04-12 18:03:24.5534  INFO - ==================== End ====================
2020-04-12 18:05:51.5309  INFO - ==================== Start ====================
2020-04-12 18:05:51.5538  INFO - Method: ExcelSaveAs, FilePath: C:\Data\workspace\47563F77C6FA21C9733888B3331AD4CF\0_10_FF947EFB63D2711E9D2BD888712021E8.xlsx, outPath: C:\Data\workspace\47563F77C6FA21C9733888B3331AD4CF\0_10_FF947EFB63D2711E9D2BD888712021E8.pdf, docPassword: 
2020-04-12 18:05:51.5538  INFO - 파일 언락 성공!
2020-04-12 18:05:57.4839  INFO - 변환중 오류발생 자세한 내용은 오류로그 참고
2020-04-12 18:05:58.4730  INFO - ==================== End ====================
2020-04-12 18:06:29.0504  INFO - ==================== Start ====================
2020-04-12 18:06:29.0723  INFO - Method: ExcelSaveAs, FilePath: C:\Data\workspace\47563F77C6FA21C9733888B3331AD4CF\0_10_FF947EFB63D2711E9D2BD888712021E8.xlsx, outPath: C:\Data\workspace\47563F77C6FA21C9733888B3331AD4CF\0_10_FF947EFB63D2711E9D2BD888712021E8.pdf, docPassword: 
2020-04-12 18:06:29.0723  INFO - 파일 언락 성공!
2020-04-12 18:06:35.4719  INFO - 변환중 오류발생 자세한 내용은 오류로그 참고
2020-04-12 18:06:36.4716  INFO - ==================== End ====================
2020-04-12 18:08:47.3034  INFO - ==================== Start ====================
2020-04-12 18:08:47.3263  INFO - Method: ExcelSaveAs, FilePath: C:\Users\o0_0o\Downloads\0_10_FF947EFB63D2711E9D2BD888712021E8 - 복사본.xlsx, outPath: C:\Users\o0_0o\Downloads\0_10_FF947EFB63D2711E9D2BD888712021E8 - 복사본.pdf, docPassword: 
2020-04-12 18:08:47.3263  INFO - 파일 언락 성공!
2020-04-12 18:08:53.9337  INFO - 변환중 오류발생 자세한 내용은 오류로그 참고
2020-04-12 18:08:54.9758  INFO - ==================== End ====================
2020-04-12 18:11:01.3459  INFO - ==================== Start ====================
2020-04-12 18:11:01.3668  INFO - Method: ExcelSaveAs, FilePath: C:\Users\o0_0o\Downloads\0_10_FF947EFB63D2711E9D2BD888712021E8 - 복사본.xlsx, outPath: C:\Users\o0_0o\Downloads\0_10_FF947EFB63D2711E9D2BD888712021E8 - 복사본.pdf, docPassword: 
2020-04-12 18:11:01.3668  INFO - 파일 언락 성공!
2020-04-12 18:11:02.7989  INFO - 변환중 오류발생 자세한 내용은 오류로그 참고
2020-04-12 18:11:03.5275  INFO - ==================== End ====================
2020-04-12 18:11:06.1441  INFO - ==================== Start ====================
2020-04-12 18:11:06.1441  INFO - Method: ExcelSaveAs, FilePath: C:\Users\o0_0o\Downloads\0_10_FF947EFB63D2711E9D2BD888712021E8.xlsx, outPath: C:\Users\o0_0o\Downloads\0_10_FF947EFB63D2711E9D2BD888712021E8.pdf, docPassword: 
2020-04-12 18:11:06.1441  INFO - 파일 언락 성공!
2020-04-12 18:11:11.9066  INFO - 변환중 오류발생 자세한 내용은 오류로그 참고
2020-04-12 18:11:12.8818  INFO - ==================== End ====================
2020-04-12 18:12:32.2259  INFO - ==================== Start ====================
2020-04-12 18:12:32.2468  INFO - Method: ExcelSaveAs, FilePath: C:\Users\o0_0o\Downloads\0_10_FF947EFB63D2711E9D2BD888712021E8.xlsx, outPath: C:\Users\o0_0o\Downloads\0_10_FF947EFB63D2711E9D2BD888712021E8.pdf, docPassword: 
2020-04-12 18:12:32.2498  INFO - 파일 언락 성공!
2020-04-12 18:12:38.0711  INFO - 변환중 오류발생 자세한 내용은 오류로그 참고
2020-04-12 18:12:39.1588  INFO - ==================== End ====================
2020-04-12 18:14:33.9097  INFO - ==================== Start ====================
2020-04-12 18:14:33.9097  INFO - Method: ExcelSaveAs, FilePath: C:\Users\o0_0o\Downloads\0_10_FF947EFB63D2711E9D2BD888712021E8.xlsx, outPath: C:\Users\o0_0o\Downloads\0_10_FF947EFB63D2711E9D2BD888712021E8.pdf, docPassword: 
2020-04-12 18:14:33.9097  INFO - 파일 언락 성공!
2020-04-12 18:14:39.6265  INFO - 변환중 오류발생 자세한 내용은 오류로그 참고
2020-04-12 18:14:40.6059  INFO - ==================== End ====================
2020-04-12 18:18:01.6886  INFO - ==================== Start ====================
2020-04-12 18:18:01.7105  INFO - Method: ExcelSaveAs, FilePath: C:\Users\o0_0o\Downloads\0_10_FF947EFB63D2711E9D2BD888712021E8.xlsx, outPath: C:\Users\o0_0o\Downloads\0_10_FF947EFB63D2711E9D2BD888712021E8.pdf, docPassword: 
2020-04-12 18:18:01.7105  INFO - 파일 언락 성공!
2020-04-12 18:18:07.6637  INFO - 변환중 오류발생 자세한 내용은 오류로그 참고
2020-04-12 18:18:08.7565  INFO - ==================== End ====================
2020-04-12 18:18:08.8054  INFO - 이미지 변환 실패!
2020-04-12 18:18:08.8054  INFO - Source image: C:\Users\o0_0o\Downloads\0_10_FF947EFB63D2711E9D2BD888712021E8.pdf
2020-04-12 18:18:08.8054  INFO - 'C:\Users\o0_0o\Downloads\0_10_FF947EFB63D2711E9D2BD888712021E8.pdf' 파일을 찾을 수 없습니다.
2020-04-12 18:27:20.3449  INFO - ==================== Start ====================
2020-04-12 18:27:20.3708  INFO - Method: ExcelSaveAs, FilePath: C:\Users\o0_0o\Documents\Document\excel.xlsx, outPath: C:\Users\o0_0o\Documents\Document\excel.pdf, docPassword: 
2020-04-12 18:27:20.3818  INFO - 파일 언락 성공!
2020-04-12 18:27:36.2122  INFO - 변환 성공
2020-04-12 18:27:37.0019  INFO - ==================== End ====================
2020-04-12 18:27:37.2403  INFO - 이미지 변환 성공!
2020-04-12 18:27:37.2403  INFO - Source image: C:\Users\o0_0o\Documents\Document\excel.pdf
2020-04-12 18:27:37.2403  INFO - outFiles: C:\Users\o0_0o\Documents\Document\excel\1.jpg
2020-04-12 18:27:37.2532  INFO - 이미지 변환 성공!
2020-04-12 18:27:37.2532  INFO - Source image: C:\Users\o0_0o\Documents\Document\excel.pdf
2020-04-12 18:27:37.2532  INFO - outFiles: C:\Users\o0_0o\Documents\Document\excel\2.jpg
2020-04-12 18:27:37.3538  INFO - 이미지 변환 성공!
2020-04-12 18:27:37.3538  INFO - Source image: C:\Users\o0_0o\Documents\Document\excel.pdf
2020-04-12 18:27:37.3538  INFO - outFiles: C:\Users\o0_0o\Documents\Document\excel\3.jpg
2020-04-12 18:27:37.3618  INFO - 이미지 변환 성공!
2020-04-12 18:27:37.3618  INFO - Source image: C:\Users\o0_0o\Documents\Document\excel.pdf
2020-04-12 18:27:37.3618  INFO - outFiles: C:\Users\o0_0o\Documents\Document\excel\4.jpg
2020-04-12 18:27:37.3778  INFO - 이미지 변환 성공!
2020-04-12 18:27:37.3778  INFO - Source image: C:\Users\o0_0o\Documents\Document\excel.pdf
2020-04-12 18:27:37.3778  INFO - outFiles: C:\Users\o0_0o\Documents\Document\excel\5.jpg
2020-04-12 18:27:37.3947  INFO - 이미지 변환 성공!
2020-04-12 18:27:37.3947  INFO - Source image: C:\Users\o0_0o\Documents\Document\excel.pdf
2020-04-12 18:27:37.3947  INFO - outFiles: C:\Users\o0_0o\Documents\Document\excel\6.jpg
2020-04-12 18:27:37.4057  INFO - 이미지 변환 성공!
2020-04-12 18:27:37.4057  INFO - Source image: C:\Users\o0_0o\Documents\Document\excel.pdf
2020-04-12 18:27:37.4057  INFO - outFiles: C:\Users\o0_0o\Documents\Document\excel\7.jpg
2020-04-12 18:27:37.4057  INFO - 이미지 변환 성공!
2020-04-12 18:27:37.4057  INFO - Source image: C:\Users\o0_0o\Documents\Document\excel.pdf
2020-04-12 18:27:37.4057  INFO - outFiles: C:\Users\o0_0o\Documents\Document\excel\8.jpg
2020-04-12 18:27:37.4256  INFO - 이미지 변환 성공!
2020-04-12 18:27:37.4256  INFO - Source image: C:\Users\o0_0o\Documents\Document\excel.pdf
2020-04-12 18:27:37.4256  INFO - outFiles: C:\Users\o0_0o\Documents\Document\excel\9.jpg
2020-04-12 18:27:37.4366  INFO - 이미지 변환 성공!
2020-04-12 18:27:37.4366  INFO - Source image: C:\Users\o0_0o\Documents\Document\excel.pdf
2020-04-12 18:27:37.4366  INFO - outFiles: C:\Users\o0_0o\Documents\Document\excel\10.jpg
2020-04-12 18:27:37.4366  INFO - 이미지 변환 성공!
2020-04-12 18:27:37.4366  INFO - Source image: C:\Users\o0_0o\Documents\Document\excel.pdf
2020-04-12 18:27:37.4366  INFO - outFiles: C:\Users\o0_0o\Documents\Document\excel\11.jpg
2020-04-12 18:27:37.4596  INFO - 이미지 변환 성공!
2020-04-12 18:27:37.4596  INFO - Source image: C:\Users\o0_0o\Documents\Document\excel.pdf
2020-04-12 18:27:37.4596  INFO - outFiles: C:\Users\o0_0o\Documents\Document\excel\12.jpg
2020-04-12 18:27:37.4695  INFO - 이미지 변환 성공!
2020-04-12 18:27:37.4695  INFO - Source image: C:\Users\o0_0o\Documents\Document\excel.pdf
2020-04-12 18:27:37.4695  INFO - outFiles: C:\Users\o0_0o\Documents\Document\excel\13.jpg
2020-04-12 18:27:37.4695  INFO - 이미지 변환 성공!
2020-04-12 18:27:37.4695  INFO - Source image: C:\Users\o0_0o\Documents\Document\excel.pdf
2020-04-12 18:27:37.4695  INFO - outFiles: C:\Users\o0_0o\Documents\Document\excel\14.jpg
2020-04-12 18:27:37.4865  INFO - 이미지 변환 성공!
2020-04-12 18:27:37.4865  INFO - Source image: C:\Users\o0_0o\Documents\Document\excel.pdf
2020-04-12 18:27:37.4865  INFO - outFiles: C:\Users\o0_0o\Documents\Document\excel\15.jpg
2020-04-12 18:27:37.5004  INFO - 이미지 변환 성공!
2020-04-12 18:27:37.5004  INFO - Source image: C:\Users\o0_0o\Documents\Document\excel.pdf
2020-04-12 18:27:37.5004  INFO - outFiles: C:\Users\o0_0o\Documents\Document\excel\16.jpg
2020-04-12 18:27:37.5204  INFO - 이미지 변환 성공!
2020-04-12 18:27:37.5204  INFO - Source image: C:\Users\o0_0o\Documents\Document\excel.pdf
2020-04-12 18:27:37.5204  INFO - outFiles: C:\Users\o0_0o\Documents\Document\excel\17.jpg
2020-04-12 18:27:37.5204  INFO - 이미지 변환 성공!
2020-04-12 18:27:37.5204  INFO - Source image: C:\Users\o0_0o\Documents\Document\excel.pdf
2020-04-12 18:27:37.5293  INFO - outFiles: C:\Users\o0_0o\Documents\Document\excel\18.jpg
2020-04-12 18:27:37.5293  INFO - 이미지 변환 성공!
2020-04-12 18:27:37.5453  INFO - Source image: C:\Users\o0_0o\Documents\Document\excel.pdf
2020-04-12 18:27:37.5453  INFO - outFiles: C:\Users\o0_0o\Documents\Document\excel\19.jpg
2020-04-12 18:27:37.5792  INFO - 이미지 변환 성공!
2020-04-12 18:27:37.5792  INFO - Source image: C:\Users\o0_0o\Documents\Document\excel.pdf
2020-04-12 18:27:37.5792  INFO - outFiles: C:\Users\o0_0o\Documents\Document\excel\20.jpg
2020-04-12 18:27:37.5922  INFO - 이미지 변환 성공!
2020-04-12 18:27:37.5922  INFO - Source image: C:\Users\o0_0o\Documents\Document\excel.pdf
2020-04-12 18:27:37.5922  INFO - outFiles: C:\Users\o0_0o\Documents\Document\excel\21.jpg
2020-04-12 18:27:37.5922  INFO - 이미지 변환 성공!
2020-04-12 18:27:37.5922  INFO - Source image: C:\Users\o0_0o\Documents\Document\excel.pdf
2020-04-12 18:27:37.5922  INFO - outFiles: C:\Users\o0_0o\Documents\Document\excel\22.jpg
2020-04-12 18:27:37.6172  INFO - 이미지 변환 성공!
2020-04-12 18:27:37.6172  INFO - Source image: C:\Users\o0_0o\Documents\Document\excel.pdf
2020-04-12 18:27:37.6172  INFO - outFiles: C:\Users\o0_0o\Documents\Document\excel\23.jpg
2020-04-12 18:27:37.6172  INFO - 이미지 변환 성공!
2020-04-12 18:27:37.6232  INFO - Source image: C:\Users\o0_0o\Documents\Document\excel.pdf
2020-04-12 18:27:37.6232  INFO - outFiles: C:\Users\o0_0o\Documents\Document\excel\24.jpg
2020-04-12 18:27:37.6232  INFO - 이미지 변환 성공!
2020-04-12 18:27:37.6232  INFO - Source image: C:\Users\o0_0o\Documents\Document\excel.pdf
2020-04-12 18:27:37.6232  INFO - outFiles: C:\Users\o0_0o\Documents\Document\excel\25.jpg
2020-04-12 18:27:37.6232  INFO - 이미지 변환 성공!
2020-04-12 18:27:37.6232  INFO - Source image: C:\Users\o0_0o\Documents\Document\excel.pdf
2020-04-12 18:27:37.6232  INFO - outFiles: C:\Users\o0_0o\Documents\Document\excel\26.jpg
2020-04-12 18:27:37.6441  INFO - 이미지 변환 성공!
2020-04-12 18:27:37.6441  INFO - Source image: C:\Users\o0_0o\Documents\Document\excel.pdf
2020-04-12 18:27:37.6441  INFO - outFiles: C:\Users\o0_0o\Documents\Document\excel\27.jpg
2020-04-12 18:27:37.6441  INFO - 이미지 변환 성공!
2020-04-12 18:27:37.6441  INFO - Source image: C:\Users\o0_0o\Documents\Document\excel.pdf
2020-04-12 18:27:37.6441  INFO - outFiles: C:\Users\o0_0o\Documents\Document\excel\28.jpg
2020-04-12 18:27:37.6562  INFO - 이미지 변환 성공!
2020-04-12 18:27:37.6562  INFO - Source image: C:\Users\o0_0o\Documents\Document\excel.pdf
2020-04-12 18:27:37.6562  INFO - outFiles: C:\Users\o0_0o\Documents\Document\excel\29.jpg
2020-04-12 18:27:37.6562  INFO - 이미지 변환 성공!
2020-04-12 18:27:37.6562  INFO - Source image: C:\Users\o0_0o\Documents\Document\excel.pdf
2020-04-12 18:27:37.6562  INFO - outFiles: C:\Users\o0_0o\Documents\Document\excel\30.jpg
2020-04-12 18:27:37.6701  INFO - 이미지 변환 성공!
2020-04-12 18:27:37.6701  INFO - Source image: C:\Users\o0_0o\Documents\Document\excel.pdf
2020-04-12 18:27:37.6701  INFO - outFiles: C:\Users\o0_0o\Documents\Document\excel\31.jpg
2020-04-12 18:27:37.6701  INFO - 이미지 변환 성공!
2020-04-12 18:27:37.6701  INFO - Source image: C:\Users\o0_0o\Documents\Document\excel.pdf
2020-04-12 18:27:37.6701  INFO - outFiles: C:\Users\o0_0o\Documents\Document\excel\32.jpg
2020-04-12 18:27:37.6951  INFO - 이미지 변환 성공!
2020-04-12 18:27:37.6951  INFO - Source image: C:\Users\o0_0o\Documents\Document\excel.pdf
2020-04-12 18:27:37.6951  INFO - outFiles: C:\Users\o0_0o\Documents\Document\excel\33.jpg
2020-04-12 18:27:37.7110  INFO - 이미지 변환 성공!
2020-04-12 18:27:37.7110  INFO - Source image: C:\Users\o0_0o\Documents\Document\excel.pdf
2020-04-12 18:27:37.7110  INFO - outFiles: C:\Users\o0_0o\Documents\Document\excel\34.jpg
2020-04-12 18:27:37.7200  INFO - 이미지 변환 성공!
2020-04-12 18:27:37.7200  INFO - Source image: C:\Users\o0_0o\Documents\Document\excel.pdf
2020-04-12 18:27:37.7200  INFO - outFiles: C:\Users\o0_0o\Documents\Document\excel\35.jpg
2020-04-12 18:27:37.7200  INFO - 이미지 변환 성공!
2020-04-12 18:27:37.7200  INFO - Source image: C:\Users\o0_0o\Documents\Document\excel.pdf
2020-04-12 18:27:37.7200  INFO - outFiles: C:\Users\o0_0o\Documents\Document\excel\36.jpg
2020-04-12 18:27:37.7389  INFO - 이미지 변환 성공!
2020-04-12 18:27:37.7389  INFO - Source image: C:\Users\o0_0o\Documents\Document\excel.pdf
2020-04-12 18:27:37.7389  INFO - outFiles: C:\Users\o0_0o\Documents\Document\excel\37.jpg
2020-04-12 18:27:37.7389  INFO - 이미지 변환 성공!
2020-04-12 18:27:37.7389  INFO - Source image: C:\Users\o0_0o\Documents\Document\excel.pdf
2020-04-12 18:27:37.7479  INFO - outFiles: C:\Users\o0_0o\Documents\Document\excel\38.jpg
2020-04-12 18:27:37.7479  INFO - 이미지 변환 성공!
2020-04-12 18:27:37.7479  INFO - Source image: C:\Users\o0_0o\Documents\Document\excel.pdf
2020-04-12 18:27:37.7479  INFO - outFiles: C:\Users\o0_0o\Documents\Document\excel\39.jpg
2020-04-12 18:27:37.7479  INFO - 이미지 변환 성공!
2020-04-12 18:27:37.7479  INFO - Source image: C:\Users\o0_0o\Documents\Document\excel.pdf
2020-04-12 18:27:37.7479  INFO - outFiles: C:\Users\o0_0o\Documents\Document\excel\40.jpg
2020-04-12 18:27:37.7719  INFO - 이미지 변환 성공!
2020-04-12 18:27:37.7719  INFO - Source image: C:\Users\o0_0o\Documents\Document\excel.pdf
2020-04-12 18:27:37.7719  INFO - outFiles: C:\Users\o0_0o\Documents\Document\excel\41.jpg
2020-04-12 18:27:37.7808  INFO - 이미지 변환 성공!
2020-04-12 18:27:37.7808  INFO - Source image: C:\Users\o0_0o\Documents\Document\excel.pdf
2020-04-12 18:27:37.7808  INFO - outFiles: C:\Users\o0_0o\Documents\Document\excel\42.jpg
2020-04-12 18:27:37.7996  INFO - 이미지 변환 성공!
2020-04-12 18:27:37.7996  INFO - Source image: C:\Users\o0_0o\Documents\Document\excel.pdf
2020-04-12 18:27:37.7996  INFO - outFiles: C:\Users\o0_0o\Documents\Document\excel\43.jpg
2020-04-12 18:27:37.8105  INFO - 이미지 변환 성공!
2020-04-12 18:27:37.8105  INFO - Source image: C:\Users\o0_0o\Documents\Document\excel.pdf
2020-04-12 18:27:37.8105  INFO - outFiles: C:\Users\o0_0o\Documents\Document\excel\44.jpg
2020-04-12 18:27:37.8105  INFO - 이미지 변환 성공!
2020-04-12 18:27:37.8105  INFO - Source image: C:\Users\o0_0o\Documents\Document\excel.pdf
2020-04-12 18:27:37.8105  INFO - outFiles: C:\Users\o0_0o\Documents\Document\excel\45.jpg
2020-04-12 18:27:37.8285  INFO - 이미지 변환 성공!
2020-04-12 18:27:37.8285  INFO - Source image: C:\Users\o0_0o\Documents\Document\excel.pdf
2020-04-12 18:27:37.8285  INFO - outFiles: C:\Users\o0_0o\Documents\Document\excel\46.jpg
2020-04-12 18:27:37.8285  INFO - 이미지 변환 성공!
2020-04-12 18:27:37.8285  INFO - Source image: C:\Users\o0_0o\Documents\Document\excel.pdf
2020-04-12 18:27:37.8285  INFO - outFiles: C:\Users\o0_0o\Documents\Document\excel\47.jpg
2020-04-12 18:27:37.8285  INFO - 이미지 변환 성공!
2020-04-12 18:27:37.8285  INFO - Source image: C:\Users\o0_0o\Documents\Document\excel.pdf
2020-04-12 18:27:37.8414  INFO - outFiles: C:\Users\o0_0o\Documents\Document\excel\48.jpg
2020-04-12 18:27:37.8414  INFO - 이미지 변환 성공!
2020-04-12 18:27:37.8414  INFO - Source image: C:\Users\o0_0o\Documents\Document\excel.pdf
2020-04-12 18:27:37.8414  INFO - outFiles: C:\Users\o0_0o\Documents\Document\excel\49.jpg
2020-04-12 18:27:37.8414  INFO - 이미지 변환 성공!
2020-04-12 18:27:37.8414  INFO - Source image: C:\Users\o0_0o\Documents\Document\excel.pdf
2020-04-12 18:27:37.8414  INFO - outFiles: C:\Users\o0_0o\Documents\Document\excel\50.jpg
2020-04-12 18:27:37.8664  INFO - 이미지 변환 성공!
2020-04-12 18:27:37.8664  INFO - Source image: C:\Users\o0_0o\Documents\Document\excel.pdf
2020-04-12 18:27:37.8664  INFO - outFiles: C:\Users\o0_0o\Documents\Document\excel\51.jpg
2020-04-12 18:27:37.8783  INFO - 이미지 변환 성공!
2020-04-12 18:27:37.8783  INFO - Source image: C:\Users\o0_0o\Documents\Document\excel.pdf
2020-04-12 18:27:37.8783  INFO - outFiles: C:\Users\o0_0o\Documents\Document\excel\52.jpg
2020-04-12 18:27:37.9003  INFO - 이미지 변환 성공!
2020-04-12 18:27:37.9003  INFO - Source image: C:\Users\o0_0o\Documents\Document\excel.pdf
2020-04-12 18:27:37.9003  INFO - outFiles: C:\Users\o0_0o\Documents\Document\excel\53.jpg
2020-04-12 18:27:37.9112  INFO - 이미지 변환 성공!
2020-04-12 18:27:37.9112  INFO - Source image: C:\Users\o0_0o\Documents\Document\excel.pdf
2020-04-12 18:27:37.9112  INFO - outFiles: C:\Users\o0_0o\Documents\Document\excel\54.jpg
2020-04-12 18:27:37.9222  INFO - 이미지 변환 성공!
2020-04-12 18:27:37.9222  INFO - Source image: C:\Users\o0_0o\Documents\Document\excel.pdf
2020-04-12 18:27:37.9222  INFO - outFiles: C:\Users\o0_0o\Documents\Document\excel\55.jpg
2020-04-12 18:27:37.9222  INFO - 이미지 변환 성공!
2020-04-12 18:27:37.9222  INFO - Source image: C:\Users\o0_0o\Documents\Document\excel.pdf
2020-04-12 18:27:37.9222  INFO - outFiles: C:\Users\o0_0o\Documents\Document\excel\56.jpg
2020-04-12 18:27:37.9222  INFO - 이미지 변환 성공!
2020-04-12 18:27:37.9222  INFO - Source image: C:\Users\o0_0o\Documents\Document\excel.pdf
2020-04-12 18:27:37.9222  INFO - outFiles: C:\Users\o0_0o\Documents\Document\excel\57.jpg
2020-04-12 18:27:37.9462  INFO - 이미지 변환 성공!
2020-04-12 18:27:37.9462  INFO - Source image: C:\Users\o0_0o\Documents\Document\excel.pdf
2020-04-12 18:27:37.9462  INFO - outFiles: C:\Users\o0_0o\Documents\Document\excel\58.jpg
2020-04-12 18:27:37.9551  INFO - 이미지 변환 성공!
2020-04-12 18:27:37.9551  INFO - Source image: C:\Users\o0_0o\Documents\Document\excel.pdf
2020-04-12 18:27:37.9551  INFO - outFiles: C:\Users\o0_0o\Documents\Document\excel\59.jpg
2020-04-12 18:27:37.9691  INFO - 이미지 변환 성공!
2020-04-12 18:27:37.9691  INFO - Source image: C:\Users\o0_0o\Documents\Document\excel.pdf
2020-04-12 18:27:37.9691  INFO - outFiles: C:\Users\o0_0o\Documents\Document\excel\60.jpg
2020-04-12 18:27:37.9691  INFO - 이미지 변환 성공!
2020-04-12 18:27:37.9691  INFO - Source image: C:\Users\o0_0o\Documents\Document\excel.pdf
2020-04-12 18:27:37.9821  INFO - outFiles: C:\Users\o0_0o\Documents\Document\excel\61.jpg
2020-04-12 18:27:37.9821  INFO - 이미지 변환 성공!
2020-04-12 18:27:37.9821  INFO - Source image: C:\Users\o0_0o\Documents\Document\excel.pdf
2020-04-12 18:27:37.9821  INFO - outFiles: C:\Users\o0_0o\Documents\Document\excel\62.jpg
2020-04-12 18:27:37.9821  INFO - 이미지 변환 성공!
2020-04-12 18:27:37.9821  INFO - Source image: C:\Users\o0_0o\Documents\Document\excel.pdf
2020-04-12 18:27:37.9821  INFO - outFiles: C:\Users\o0_0o\Documents\Document\excel\63.jpg
2020-04-12 18:27:38.0020  INFO - 이미지 변환 성공!
2020-04-12 18:27:38.0020  INFO - Source image: C:\Users\o0_0o\Documents\Document\excel.pdf
2020-04-12 18:27:38.0020  INFO - outFiles: C:\Users\o0_0o\Documents\Document\excel\64.jpg
2020-04-12 18:27:38.0020  INFO - 이미지 변환 성공!
2020-04-12 18:27:38.0020  INFO - Source image: C:\Users\o0_0o\Documents\Document\excel.pdf
2020-04-12 18:27:38.0020  INFO - outFiles: C:\Users\o0_0o\Documents\Document\excel\65.jpg
2020-04-12 18:27:38.0020  INFO - 이미지 변환 성공!
2020-04-12 18:27:38.0020  INFO - Source image: C:\Users\o0_0o\Documents\Document\excel.pdf
2020-04-12 18:27:38.0020  INFO - outFiles: C:\Users\o0_0o\Documents\Document\excel\66.jpg
2020-04-12 18:27:38.0209  INFO - 이미지 변환 성공!
2020-04-12 18:27:38.0209  INFO - Source image: C:\Users\o0_0o\Documents\Document\excel.pdf
2020-04-12 18:27:38.0209  INFO - outFiles: C:\Users\o0_0o\Documents\Document\excel\67.jpg
2020-04-12 18:27:38.0309  INFO - 이미지 변환 성공!
2020-04-12 18:27:38.0309  INFO - Source image: C:\Users\o0_0o\Documents\Document\excel.pdf
2020-04-12 18:27:38.0309  INFO - outFiles: C:\Users\o0_0o\Documents\Document\excel\68.jpg
2020-04-12 18:27:38.0309  INFO - 이미지 변환 성공!
2020-04-12 18:27:38.0309  INFO - Source image: C:\Users\o0_0o\Documents\Document\excel.pdf
2020-04-12 18:27:38.0309  INFO - outFiles: C:\Users\o0_0o\Documents\Document\excel\69.jpg
2020-04-12 18:27:38.0559  INFO - 이미지 변환 성공!
2020-04-12 18:27:38.0559  INFO - Source image: C:\Users\o0_0o\Documents\Document\excel.pdf
2020-04-12 18:27:38.0559  INFO - outFiles: C:\Users\o0_0o\Documents\Document\excel\70.jpg
2020-04-12 18:27:38.0668  INFO - 이미지 변환 성공!
2020-04-12 18:27:38.0668  INFO - Source image: C:\Users\o0_0o\Documents\Document\excel.pdf
2020-04-12 18:27:38.0668  INFO - outFiles: C:\Users\o0_0o\Documents\Document\excel\71.jpg
2020-04-12 18:27:38.0668  INFO - 이미지 변환 성공!
2020-04-12 18:27:38.0668  INFO - Source image: C:\Users\o0_0o\Documents\Document\excel.pdf
2020-04-12 18:27:38.0758  INFO - outFiles: C:\Users\o0_0o\Documents\Document\excel\72.jpg
2020-04-12 18:27:38.0758  INFO - 이미지 변환 성공!
2020-04-12 18:27:38.0758  INFO - Source image: C:\Users\o0_0o\Documents\Document\excel.pdf
2020-04-12 18:27:38.0758  INFO - outFiles: C:\Users\o0_0o\Documents\Document\excel\73.jpg
2020-04-12 18:27:38.0958  INFO - 이미지 변환 성공!
2020-04-12 18:27:38.0958  INFO - Source image: C:\Users\o0_0o\Documents\Document\excel.pdf
2020-04-12 18:27:38.0958  INFO - outFiles: C:\Users\o0_0o\Documents\Document\excel\74.jpg
2020-04-12 18:27:38.1077  INFO - 이미지 변환 성공!
2020-04-12 18:27:38.1077  INFO - Source image: C:\Users\o0_0o\Documents\Document\excel.pdf
2020-04-12 18:27:38.1077  INFO - outFiles: C:\Users\o0_0o\Documents\Document\excel\75.jpg
2020-04-12 18:27:38.1077  INFO - 이미지 변환 성공!
2020-04-12 18:27:38.1227  INFO - Source image: C:\Users\o0_0o\Documents\Document\excel.pdf
2020-04-12 18:27:38.1227  INFO - outFiles: C:\Users\o0_0o\Documents\Document\excel\76.jpg
2020-04-12 18:27:38.1227  INFO - 이미지 변환 성공!
2020-04-12 18:27:38.1227  INFO - Source image: C:\Users\o0_0o\Documents\Document\excel.pdf
2020-04-12 18:27:38.1227  INFO - outFiles: C:\Users\o0_0o\Documents\Document\excel\77.jpg
2020-04-12 18:27:38.1446  INFO - 이미지 변환 성공!
2020-04-12 18:27:38.1446  INFO - Source image: C:\Users\o0_0o\Documents\Document\excel.pdf
2020-04-12 18:27:38.1446  INFO - outFiles: C:\Users\o0_0o\Documents\Document\excel\78.jpg
2020-04-12 18:27:38.1446  INFO - 이미지 변환 성공!
2020-04-12 18:27:38.1446  INFO - Source image: C:\Users\o0_0o\Documents\Document\excel.pdf
2020-04-12 18:27:38.1446  INFO - outFiles: C:\Users\o0_0o\Documents\Document\excel\79.jpg
2020-04-12 18:27:38.1606  INFO - 이미지 변환 성공!
2020-04-12 18:27:38.1606  INFO - Source image: C:\Users\o0_0o\Documents\Document\excel.pdf
2020-04-12 18:27:38.1606  INFO - outFiles: C:\Users\o0_0o\Documents\Document\excel\80.jpg
2020-04-12 18:27:38.1606  INFO - 이미지 변환 성공!
2020-04-12 18:27:38.1606  INFO - Source image: C:\Users\o0_0o\Documents\Document\excel.pdf
2020-04-12 18:27:38.1606  INFO - outFiles: C:\Users\o0_0o\Documents\Document\excel\81.jpg
2020-04-12 18:27:38.1756  INFO - 이미지 변환 성공!
2020-04-12 18:27:38.1756  INFO - Source image: C:\Users\o0_0o\Documents\Document\excel.pdf
2020-04-12 18:27:38.1756  INFO - outFiles: C:\Users\o0_0o\Documents\Document\excel\82.jpg
2020-04-12 18:27:38.1756  INFO - 이미지 변환 성공!
2020-04-12 18:27:38.1756  INFO - Source image: C:\Users\o0_0o\Documents\Document\excel.pdf
2020-04-12 18:27:38.1756  INFO - outFiles: C:\Users\o0_0o\Documents\Document\excel\83.jpg
2020-04-12 18:27:38.1866  INFO - 이미지 변환 성공!
2020-04-12 18:27:38.1866  INFO - Source image: C:\Users\o0_0o\Documents\Document\excel.pdf
2020-04-12 18:27:38.1866  INFO - outFiles: C:\Users\o0_0o\Documents\Document\excel\84.jpg
2020-04-12 18:27:38.1866  INFO - 이미지 변환 성공!
2020-04-12 18:27:38.1866  INFO - Source image: C:\Users\o0_0o\Documents\Document\excel.pdf
2020-04-12 18:27:38.1866  INFO - outFiles: C:\Users\o0_0o\Documents\Document\excel\85.jpg
2020-04-12 18:27:38.2035  INFO - 이미지 변환 성공!
2020-04-12 18:27:38.2035  INFO - Source image: C:\Users\o0_0o\Documents\Document\excel.pdf
2020-04-12 18:27:38.2035  INFO - outFiles: C:\Users\o0_0o\Documents\Document\excel\86.jpg
2020-04-12 18:27:38.2035  INFO - 이미지 변환 성공!
2020-04-12 18:27:38.2164  INFO - Source image: C:\Users\o0_0o\Documents\Document\excel.pdf
2020-04-12 18:27:38.2164  INFO - outFiles: C:\Users\o0_0o\Documents\Document\excel\87.jpg
2020-04-12 18:27:38.2164  INFO - 이미지 변환 성공!
2020-04-12 18:27:38.2164  INFO - Source image: C:\Users\o0_0o\Documents\Document\excel.pdf
2020-04-12 18:27:38.2164  INFO - outFiles: C:\Users\o0_0o\Documents\Document\excel\88.jpg
2020-04-12 18:27:38.2334  INFO - 이미지 변환 성공!
2020-04-12 18:27:38.2334  INFO - Source image: C:\Users\o0_0o\Documents\Document\excel.pdf
2020-04-12 18:27:38.2334  INFO - outFiles: C:\Users\o0_0o\Documents\Document\excel\89.jpg
2020-04-12 18:27:38.2334  INFO - 이미지 변환 성공!
2020-04-12 18:27:38.2334  INFO - Source image: C:\Users\o0_0o\Documents\Document\excel.pdf
2020-04-12 18:27:38.2334  INFO - outFiles: C:\Users\o0_0o\Documents\Document\excel\90.jpg
2020-04-12 18:27:38.2334  INFO - 이미지 변환 성공!
2020-04-12 18:27:38.2334  INFO - Source image: C:\Users\o0_0o\Documents\Document\excel.pdf
2020-04-12 18:27:38.2334  INFO - outFiles: C:\Users\o0_0o\Documents\Document\excel\91.jpg
2020-04-12 18:27:38.2514  INFO - 이미지 변환 성공!
2020-04-12 18:27:38.2514  INFO - Source image: C:\Users\o0_0o\Documents\Document\excel.pdf
2020-04-12 18:27:38.2514  INFO - outFiles: C:\Users\o0_0o\Documents\Document\excel\92.jpg
2020-04-12 18:27:38.2514  INFO - 이미지 변환 성공!
2020-04-12 18:27:38.2514  INFO - Source image: C:\Users\o0_0o\Documents\Document\excel.pdf
2020-04-12 18:27:38.2514  INFO - outFiles: C:\Users\o0_0o\Documents\Document\excel\93.jpg
2020-04-12 18:27:38.2634  INFO - 이미지 변환 성공!
2020-04-12 18:27:38.2634  INFO - Source image: C:\Users\o0_0o\Documents\Document\excel.pdf
2020-04-12 18:27:38.2634  INFO - outFiles: C:\Users\o0_0o\Documents\Document\excel\94.jpg
2020-04-12 18:27:38.2634  INFO - 이미지 변환 성공!
2020-04-12 18:27:38.2634  INFO - Source image: C:\Users\o0_0o\Documents\Document\excel.pdf
2020-04-12 18:27:38.2634  INFO - outFiles: C:\Users\o0_0o\Documents\Document\excel\95.jpg
2020-04-12 18:27:38.2813  INFO - 이미지 변환 성공!
2020-04-12 18:27:38.2813  INFO - Source image: C:\Users\o0_0o\Documents\Document\excel.pdf
2020-04-12 18:27:38.2813  INFO - outFiles: C:\Users\o0_0o\Documents\Document\excel\96.jpg
2020-04-12 18:34:00.7411  INFO - 이미지 변환 성공!
2020-04-12 18:34:00.7611  INFO - Source image: C:\Users\o0_0o\Documents\Document\01.SQL 기본.pdf
2020-04-12 18:34:00.7611  INFO - outFiles: C:\Users\o0_0o\Documents\Document\01.SQL 기본\1.jpg
2020-04-12 18:34:00.7920  INFO - 이미지 변환 성공!
2020-04-12 18:34:00.7920  INFO - Source image: C:\Users\o0_0o\Documents\Document\01.SQL 기본.pdf
2020-04-12 18:34:00.7920  INFO - outFiles: C:\Users\o0_0o\Documents\Document\01.SQL 기본\2.jpg
2020-04-12 18:34:00.8149  INFO - 이미지 변환 성공!
2020-04-12 18:34:00.8149  INFO - Source image: C:\Users\o0_0o\Documents\Document\01.SQL 기본.pdf
2020-04-12 18:34:00.8149  INFO - outFiles: C:\Users\o0_0o\Documents\Document\01.SQL 기본\3.jpg
2020-04-12 18:34:00.8369  INFO - 이미지 변환 성공!
2020-04-12 18:34:00.8369  INFO - Source image: C:\Users\o0_0o\Documents\Document\01.SQL 기본.pdf
2020-04-12 18:34:00.8369  INFO - outFiles: C:\Users\o0_0o\Documents\Document\01.SQL 기본\4.jpg
2020-04-12 18:34:00.8608  INFO - 이미지 변환 성공!
2020-04-12 18:34:00.8608  INFO - Source image: C:\Users\o0_0o\Documents\Document\01.SQL 기본.pdf
2020-04-12 18:34:00.8608  INFO - outFiles: C:\Users\o0_0o\Documents\Document\01.SQL 기본\5.jpg
2020-04-12 18:34:00.8822  INFO - 이미지 변환 성공!
2020-04-12 18:34:00.8822  INFO - Source image: C:\Users\o0_0o\Documents\Document\01.SQL 기본.pdf
2020-04-12 18:34:00.8822  INFO - outFiles: C:\Users\o0_0o\Documents\Document\01.SQL 기본\6.jpg
2020-04-12 18:34:00.9051  INFO - 이미지 변환 성공!
2020-04-12 18:34:00.9051  INFO - Source image: C:\Users\o0_0o\Documents\Document\01.SQL 기본.pdf
2020-04-12 18:34:00.9051  INFO - outFiles: C:\Users\o0_0o\Documents\Document\01.SQL 기본\7.jpg
2020-04-12 18:34:00.9051  INFO - 이미지 변환 성공!
2020-04-12 18:34:00.9051  INFO - Source image: C:\Users\o0_0o\Documents\Document\01.SQL 기본.pdf
2020-04-12 18:34:00.9051  INFO - outFiles: C:\Users\o0_0o\Documents\Document\01.SQL 기본\8.jpg
2020-04-12 18:34:00.9320  INFO - 이미지 변환 성공!
2020-04-12 18:34:00.9320  INFO - Source image: C:\Users\o0_0o\Documents\Document\01.SQL 기본.pdf
2020-04-12 18:34:00.9320  INFO - outFiles: C:\Users\o0_0o\Documents\Document\01.SQL 기본\9.jpg
2020-04-12 18:34:00.9450  INFO - 이미지 변환 성공!
2020-04-12 18:34:00.9450  INFO - Source image: C:\Users\o0_0o\Documents\Document\01.SQL 기본.pdf
2020-04-12 18:34:00.9450  INFO - outFiles: C:\Users\o0_0o\Documents\Document\01.SQL 기본\10.jpg
2020-04-12 18:34:00.9609  INFO - 이미지 변환 성공!
2020-04-12 18:34:00.9609  INFO - Source image: C:\Users\o0_0o\Documents\Document\01.SQL 기본.pdf
2020-04-12 18:34:00.9609  INFO - outFiles: C:\Users\o0_0o\Documents\Document\01.SQL 기본\11.jpg
2020-04-12 18:34:00.9879  INFO - 이미지 변환 성공!
2020-04-12 18:34:00.9879  INFO - Source image: C:\Users\o0_0o\Documents\Document\01.SQL 기본.pdf
2020-04-12 18:34:00.9879  INFO - outFiles: C:\Users\o0_0o\Documents\Document\01.SQL 기본\12.jpg
2020-04-12 18:34:01.0128  INFO - 이미지 변환 성공!
2020-04-12 18:34:01.0128  INFO - Source image: C:\Users\o0_0o\Documents\Document\01.SQL 기본.pdf
2020-04-12 18:34:01.0128  INFO - outFiles: C:\Users\o0_0o\Documents\Document\01.SQL 기본\13.jpg
2020-04-12 18:34:01.0367  INFO - 이미지 변환 성공!
2020-04-12 18:34:01.0367  INFO - Source image: C:\Users\o0_0o\Documents\Document\01.SQL 기본.pdf
2020-04-12 18:34:01.0367  INFO - outFiles: C:\Users\o0_0o\Documents\Document\01.SQL 기본\14.jpg
2020-04-12 18:34:01.0637  INFO - 이미지 변환 성공!
2020-04-12 18:34:01.0637  INFO - Source image: C:\Users\o0_0o\Documents\Document\01.SQL 기본.pdf
2020-04-12 18:34:01.0637  INFO - outFiles: C:\Users\o0_0o\Documents\Document\01.SQL 기본\15.jpg
2020-04-12 18:34:01.0936  INFO - 이미지 변환 성공!
2020-04-12 18:34:01.0936  INFO - Source image: C:\Users\o0_0o\Documents\Document\01.SQL 기본.pdf
2020-04-12 18:34:01.0936  INFO - outFiles: C:\Users\o0_0o\Documents\Document\01.SQL 기본\16.jpg
2020-04-12 18:34:01.1175  INFO - 이미지 변환 성공!
2020-04-12 18:34:01.1175  INFO - Source image: C:\Users\o0_0o\Documents\Document\01.SQL 기본.pdf
2020-04-12 18:34:01.1175  INFO - outFiles: C:\Users\o0_0o\Documents\Document\01.SQL 기본\17.jpg
2020-04-12 18:34:01.1445  INFO - 이미지 변환 성공!
2020-04-12 18:34:01.1445  INFO - Source image: C:\Users\o0_0o\Documents\Document\01.SQL 기본.pdf
2020-04-12 18:34:01.1445  INFO - outFiles: C:\Users\o0_0o\Documents\Document\01.SQL 기본\18.jpg
2020-04-12 18:34:01.1684  INFO - 이미지 변환 성공!
2020-04-12 18:34:01.1684  INFO - Source image: C:\Users\o0_0o\Documents\Document\01.SQL 기본.pdf
2020-04-12 18:34:01.1684  INFO - outFiles: C:\Users\o0_0o\Documents\Document\01.SQL 기본\19.jpg
2020-04-12 18:34:01.1963  INFO - 이미지 변환 성공!
2020-04-12 18:34:01.1963  INFO - Source image: C:\Users\o0_0o\Documents\Document\01.SQL 기본.pdf
2020-04-12 18:34:01.1963  INFO - outFiles: C:\Users\o0_0o\Documents\Document\01.SQL 기본\20.jpg
2020-04-12 18:34:01.2212  INFO - 이미지 변환 성공!
2020-04-12 18:34:01.2212  INFO - Source image: C:\Users\o0_0o\Documents\Document\01.SQL 기본.pdf
2020-04-12 18:34:01.2212  INFO - outFiles: C:\Users\o0_0o\Documents\Document\01.SQL 기본\21.jpg
2020-04-12 18:34:01.2332  INFO - 이미지 변환 성공!
2020-04-12 18:34:01.2332  INFO - Source image: C:\Users\o0_0o\Documents\Document\01.SQL 기본.pdf
2020-04-12 18:34:01.2332  INFO - outFiles: C:\Users\o0_0o\Documents\Document\01.SQL 기본\22.jpg
2020-04-12 18:34:01.2601  INFO - 이미지 변환 성공!
2020-04-12 18:34:01.2601  INFO - Source image: C:\Users\o0_0o\Documents\Document\01.SQL 기본.pdf
2020-04-12 18:34:01.2601  INFO - outFiles: C:\Users\o0_0o\Documents\Document\01.SQL 기본\23.jpg
2020-04-12 18:34:01.2781  INFO - 이미지 변환 성공!
2020-04-12 18:34:01.2791  INFO - Source image: C:\Users\o0_0o\Documents\Document\01.SQL 기본.pdf
2020-04-12 18:34:01.2791  INFO - outFiles: C:\Users\o0_0o\Documents\Document\01.SQL 기본\24.jpg
2020-04-12 18:34:01.3001  INFO - 이미지 변환 성공!
2020-04-12 18:34:01.3001  INFO - Source image: C:\Users\o0_0o\Documents\Document\01.SQL 기본.pdf
2020-04-12 18:34:01.3001  INFO - outFiles: C:\Users\o0_0o\Documents\Document\01.SQL 기본\25.jpg
2020-04-12 18:34:01.3190  INFO - 이미지 변환 성공!
2020-04-12 18:34:01.3190  INFO - Source image: C:\Users\o0_0o\Documents\Document\01.SQL 기본.pdf
2020-04-12 18:34:01.3190  INFO - outFiles: C:\Users\o0_0o\Documents\Document\01.SQL 기본\26.jpg
2020-04-12 18:34:01.3370  INFO - 이미지 변환 성공!
2020-04-12 18:34:01.3370  INFO - Source image: C:\Users\o0_0o\Documents\Document\01.SQL 기본.pdf
2020-04-12 18:34:01.3370  INFO - outFiles: C:\Users\o0_0o\Documents\Document\01.SQL 기본\27.jpg
2020-04-12 18:34:01.3569  INFO - 이미지 변환 성공!
2020-04-12 18:34:01.3569  INFO - Source image: C:\Users\o0_0o\Documents\Document\01.SQL 기본.pdf
2020-04-12 18:34:01.3579  INFO - outFiles: C:\Users\o0_0o\Documents\Document\01.SQL 기본\28.jpg
2020-04-12 18:34:01.3768  INFO - 이미지 변환 성공!
2020-04-12 18:34:01.3768  INFO - Source image: C:\Users\o0_0o\Documents\Document\01.SQL 기본.pdf
2020-04-12 18:34:01.3768  INFO - outFiles: C:\Users\o0_0o\Documents\Document\01.SQL 기본\29.jpg
2020-04-12 18:34:01.3988  INFO - 이미지 변환 성공!
2020-04-12 18:34:01.3988  INFO - Source image: C:\Users\o0_0o\Documents\Document\01.SQL 기본.pdf
2020-04-12 18:34:01.3988  INFO - outFiles: C:\Users\o0_0o\Documents\Document\01.SQL 기본\30.jpg
2020-04-12 18:34:01.4198  INFO - 이미지 변환 성공!
2020-04-12 18:34:01.4198  INFO - Source image: C:\Users\o0_0o\Documents\Document\01.SQL 기본.pdf
2020-04-12 18:34:01.4198  INFO - outFiles: C:\Users\o0_0o\Documents\Document\01.SQL 기본\31.jpg
2020-04-12 18:34:01.4367  INFO - 이미지 변환 성공!
2020-04-12 18:34:01.4367  INFO - Source image: C:\Users\o0_0o\Documents\Document\01.SQL 기본.pdf
2020-04-12 18:34:01.4367  INFO - outFiles: C:\Users\o0_0o\Documents\Document\01.SQL 기본\32.jpg
2020-04-12 18:34:01.4527  INFO - 이미지 변환 성공!
2020-04-12 18:34:01.4527  INFO - Source image: C:\Users\o0_0o\Documents\Document\01.SQL 기본.pdf
2020-04-12 18:34:01.4527  INFO - outFiles: C:\Users\o0_0o\Documents\Document\01.SQL 기본\33.jpg
2020-04-12 18:34:01.4716  INFO - 이미지 변환 성공!
2020-04-12 18:34:01.4716  INFO - Source image: C:\Users\o0_0o\Documents\Document\01.SQL 기본.pdf
2020-04-12 18:34:01.4716  INFO - outFiles: C:\Users\o0_0o\Documents\Document\01.SQL 기본\34.jpg
2020-04-12 18:34:01.4906  INFO - 이미지 변환 성공!
2020-04-12 18:34:01.4906  INFO - Source image: C:\Users\o0_0o\Documents\Document\01.SQL 기본.pdf
2020-04-12 18:34:01.4906  INFO - outFiles: C:\Users\o0_0o\Documents\Document\01.SQL 기본\35.jpg
2020-04-12 18:34:01.5116  INFO - 이미지 변환 성공!
2020-04-12 18:34:01.5116  INFO - Source image: C:\Users\o0_0o\Documents\Document\01.SQL 기본.pdf
2020-04-12 18:34:01.5116  INFO - outFiles: C:\Users\o0_0o\Documents\Document\01.SQL 기본\36.jpg
2020-04-12 18:34:01.5334  INFO - 이미지 변환 성공!
2020-04-12 18:34:01.5334  INFO - Source image: C:\Users\o0_0o\Documents\Document\01.SQL 기본.pdf
2020-04-12 18:34:01.5334  INFO - outFiles: C:\Users\o0_0o\Documents\Document\01.SQL 기본\37.jpg
2020-04-12 18:34:01.5514  INFO - 이미지 변환 성공!
2020-04-12 18:34:01.5514  INFO - Source image: C:\Users\o0_0o\Documents\Document\01.SQL 기본.pdf
2020-04-12 18:34:01.5514  INFO - outFiles: C:\Users\o0_0o\Documents\Document\01.SQL 기본\38.jpg
2020-04-12 18:34:01.5763  INFO - 이미지 변환 성공!
2020-04-12 18:34:01.5763  INFO - Source image: C:\Users\o0_0o\Documents\Document\01.SQL 기본.pdf
2020-04-12 18:34:01.5763  INFO - outFiles: C:\Users\o0_0o\Documents\Document\01.SQL 기본\39.jpg
2020-04-12 18:34:01.6023  INFO - 이미지 변환 성공!
2020-04-12 18:34:01.6023  INFO - Source image: C:\Users\o0_0o\Documents\Document\01.SQL 기본.pdf
2020-04-12 18:34:01.6023  INFO - outFiles: C:\Users\o0_0o\Documents\Document\01.SQL 기본\40.jpg
2020-04-12 18:34:01.6282  INFO - 이미지 변환 성공!
2020-04-12 18:34:01.6282  INFO - Source image: C:\Users\o0_0o\Documents\Document\01.SQL 기본.pdf
2020-04-12 18:34:01.6282  INFO - outFiles: C:\Users\o0_0o\Documents\Document\01.SQL 기본\41.jpg
2020-04-12 18:34:01.6581  INFO - 이미지 변환 성공!
2020-04-12 18:34:01.6581  INFO - Source image: C:\Users\o0_0o\Documents\Document\01.SQL 기본.pdf
2020-04-12 18:34:01.6581  INFO - outFiles: C:\Users\o0_0o\Documents\Document\01.SQL 기본\42.jpg
2020-04-12 18:34:01.6710  INFO - 이미지 변환 성공!
2020-04-12 18:34:01.6710  INFO - Source image: C:\Users\o0_0o\Documents\Document\01.SQL 기본.pdf
2020-04-12 18:34:01.6710  INFO - outFiles: C:\Users\o0_0o\Documents\Document\01.SQL 기본\43.jpg
2020-04-12 18:34:01.7000  INFO - 이미지 변환 성공!
2020-04-12 18:34:01.7010  INFO - Source image: C:\Users\o0_0o\Documents\Document\01.SQL 기본.pdf
2020-04-12 18:34:01.7010  INFO - outFiles: C:\Users\o0_0o\Documents\Document\01.SQL 기본\44.jpg
2020-04-12 18:34:01.7260  INFO - 이미지 변환 성공!
2020-04-12 18:34:01.7260  INFO - Source image: C:\Users\o0_0o\Documents\Document\01.SQL 기본.pdf
2020-04-12 18:34:01.7260  INFO - outFiles: C:\Users\o0_0o\Documents\Document\01.SQL 기본\45.jpg
2020-04-12 18:34:01.7488  INFO - 이미지 변환 성공!
2020-04-12 18:34:01.7488  INFO - Source image: C:\Users\o0_0o\Documents\Document\01.SQL 기본.pdf
2020-04-12 18:34:01.7488  INFO - outFiles: C:\Users\o0_0o\Documents\Document\01.SQL 기본\46.jpg
2020-04-12 18:34:01.7668  INFO - 이미지 변환 성공!
2020-04-12 18:34:01.7668  INFO - Source image: C:\Users\o0_0o\Documents\Document\01.SQL 기본.pdf
2020-04-12 18:34:01.7668  INFO - outFiles: C:\Users\o0_0o\Documents\Document\01.SQL 기본\47.jpg
2020-04-12 18:34:01.7967  INFO - 이미지 변환 성공!
2020-04-12 18:34:01.7967  INFO - Source image: C:\Users\o0_0o\Documents\Document\01.SQL 기본.pdf
2020-04-12 18:34:01.7967  INFO - outFiles: C:\Users\o0_0o\Documents\Document\01.SQL 기본\48.jpg
2020-04-12 18:34:01.8226  INFO - 이미지 변환 성공!
2020-04-12 18:34:01.8226  INFO - Source image: C:\Users\o0_0o\Documents\Document\01.SQL 기본.pdf
2020-04-12 18:34:01.8226  INFO - outFiles: C:\Users\o0_0o\Documents\Document\01.SQL 기본\49.jpg
2020-04-12 18:34:01.8456  INFO - 이미지 변환 성공!
2020-04-12 18:34:01.8456  INFO - Source image: C:\Users\o0_0o\Documents\Document\01.SQL 기본.pdf
2020-04-12 18:34:01.8456  INFO - outFiles: C:\Users\o0_0o\Documents\Document\01.SQL 기본\50.jpg
2020-04-12 18:34:01.8715  INFO - 이미지 변환 성공!
2020-04-12 18:34:01.8715  INFO - Source image: C:\Users\o0_0o\Documents\Document\01.SQL 기본.pdf
2020-04-12 18:34:01.8715  INFO - outFiles: C:\Users\o0_0o\Documents\Document\01.SQL 기본\51.jpg
2020-04-12 18:34:01.8995  INFO - 이미지 변환 성공!
2020-04-12 18:34:01.8995  INFO - Source image: C:\Users\o0_0o\Documents\Document\01.SQL 기본.pdf
2020-04-12 18:34:01.8995  INFO - outFiles: C:\Users\o0_0o\Documents\Document\01.SQL 기본\52.jpg
2020-04-12 18:34:01.9274  INFO - 이미지 변환 성공!
2020-04-12 18:34:01.9274  INFO - Source image: C:\Users\o0_0o\Documents\Document\01.SQL 기본.pdf
2020-04-12 18:34:01.9274  INFO - outFiles: C:\Users\o0_0o\Documents\Document\01.SQL 기본\53.jpg
2020-04-12 18:34:01.9493  INFO - 이미지 변환 성공!
2020-04-12 18:34:01.9493  INFO - Source image: C:\Users\o0_0o\Documents\Document\01.SQL 기본.pdf
2020-04-12 18:34:01.9493  INFO - outFiles: C:\Users\o0_0o\Documents\Document\01.SQL 기본\54.jpg
2020-04-12 18:34:01.9663  INFO - 이미지 변환 성공!
2020-04-12 18:34:01.9673  INFO - Source image: C:\Users\o0_0o\Documents\Document\01.SQL 기본.pdf
2020-04-12 18:34:01.9673  INFO - outFiles: C:\Users\o0_0o\Documents\Document\01.SQL 기본\55.jpg
2020-04-12 18:34:01.9882  INFO - 이미지 변환 성공!
2020-04-12 18:34:01.9882  INFO - Source image: C:\Users\o0_0o\Documents\Document\01.SQL 기본.pdf
2020-04-12 18:34:01.9882  INFO - outFiles: C:\Users\o0_0o\Documents\Document\01.SQL 기본\56.jpg
2020-04-12 18:34:02.0161  INFO - 이미지 변환 성공!
2020-04-12 18:34:02.0161  INFO - Source image: C:\Users\o0_0o\Documents\Document\01.SQL 기본.pdf
2020-04-12 18:34:02.0161  INFO - outFiles: C:\Users\o0_0o\Documents\Document\01.SQL 기본\57.jpg
2020-04-12 18:34:02.0371  INFO - 이미지 변환 성공!
2020-04-12 18:34:02.0371  INFO - Source image: C:\Users\o0_0o\Documents\Document\01.SQL 기본.pdf
2020-04-12 18:34:02.0371  INFO - outFiles: C:\Users\o0_0o\Documents\Document\01.SQL 기본\58.jpg
2020-04-12 18:34:02.0600  INFO - 이미지 변환 성공!
2020-04-12 18:34:02.0610  INFO - Source image: C:\Users\o0_0o\Documents\Document\01.SQL 기본.pdf
2020-04-12 18:34:02.0610  INFO - outFiles: C:\Users\o0_0o\Documents\Document\01.SQL 기본\59.jpg
2020-04-12 18:34:02.0819  INFO - 이미지 변환 성공!
2020-04-12 18:34:02.0819  INFO - Source image: C:\Users\o0_0o\Documents\Document\01.SQL 기본.pdf
2020-04-12 18:34:02.0819  INFO - outFiles: C:\Users\o0_0o\Documents\Document\01.SQL 기본\60.jpg
2020-04-12 18:34:02.0999  INFO - 이미지 변환 성공!
2020-04-12 18:34:02.0999  INFO - Source image: C:\Users\o0_0o\Documents\Document\01.SQL 기본.pdf
2020-04-12 18:34:02.0999  INFO - outFiles: C:\Users\o0_0o\Documents\Document\01.SQL 기본\61.jpg
2020-04-12 18:34:02.1229  INFO - 이미지 변환 성공!
2020-04-12 18:34:02.1229  INFO - Source image: C:\Users\o0_0o\Documents\Document\01.SQL 기본.pdf
2020-04-12 18:34:02.1229  INFO - outFiles: C:\Users\o0_0o\Documents\Document\01.SQL 기본\62.jpg
2020-04-12 18:34:02.1229  INFO - 이미지 변환 성공!
2020-04-12 18:34:02.1229  INFO - Source image: C:\Users\o0_0o\Documents\Document\01.SQL 기본.pdf
2020-04-12 18:34:02.1229  INFO - outFiles: C:\Users\o0_0o\Documents\Document\01.SQL 기본\63.jpg
2020-04-12 18:34:02.1577  INFO - 이미지 변환 성공!
2020-04-12 18:34:02.1577  INFO - Source image: C:\Users\o0_0o\Documents\Document\01.SQL 기본.pdf
2020-04-12 18:34:02.1577  INFO - outFiles: C:\Users\o0_0o\Documents\Document\01.SQL 기본\64.jpg
2020-04-12 18:34:02.1757  INFO - 이미지 변환 성공!
2020-04-12 18:34:02.1757  INFO - Source image: C:\Users\o0_0o\Documents\Document\01.SQL 기본.pdf
2020-04-12 18:34:02.1757  INFO - outFiles: C:\Users\o0_0o\Documents\Document\01.SQL 기본\65.jpg
2020-04-12 18:34:02.1996  INFO - 이미지 변환 성공!
2020-04-12 18:34:02.1996  INFO - Source image: C:\Users\o0_0o\Documents\Document\01.SQL 기본.pdf
2020-04-12 18:34:02.1996  INFO - outFiles: C:\Users\o0_0o\Documents\Document\01.SQL 기본\66.jpg
2020-04-12 18:34:02.2186  INFO - 이미지 변환 성공!
2020-04-12 18:34:02.2186  INFO - Source image: C:\Users\o0_0o\Documents\Document\01.SQL 기본.pdf
2020-04-12 18:34:02.2186  INFO - outFiles: C:\Users\o0_0o\Documents\Document\01.SQL 기본\67.jpg
2020-04-12 18:34:02.2186  INFO - 이미지 변환 성공!
2020-04-12 18:34:02.2186  INFO - Source image: C:\Users\o0_0o\Documents\Document\01.SQL 기본.pdf
2020-04-12 18:34:02.2186  INFO - outFiles: C:\Users\o0_0o\Documents\Document\01.SQL 기본\68.jpg
2020-04-12 18:34:02.2435  INFO - 이미지 변환 성공!
2020-04-12 18:34:02.2435  INFO - Source image: C:\Users\o0_0o\Documents\Document\01.SQL 기본.pdf
2020-04-12 18:34:02.2435  INFO - outFiles: C:\Users\o0_0o\Documents\Document\01.SQL 기본\69.jpg
2020-04-12 18:34:02.2655  INFO - 이미지 변환 성공!
2020-04-12 18:34:02.2655  INFO - Source image: C:\Users\o0_0o\Documents\Document\01.SQL 기본.pdf
2020-04-12 18:34:02.2655  INFO - outFiles: C:\Users\o0_0o\Documents\Document\01.SQL 기본\70.jpg
2020-04-12 18:34:02.2834  INFO - 이미지 변환 성공!
2020-04-12 18:34:02.2834  INFO - Source image: C:\Users\o0_0o\Documents\Document\01.SQL 기본.pdf
2020-04-12 18:34:02.2834  INFO - outFiles: C:\Users\o0_0o\Documents\Document\01.SQL 기본\71.jpg
2020-04-12 18:34:02.3074  INFO - 이미지 변환 성공!
2020-04-12 18:34:02.3074  INFO - Source image: C:\Users\o0_0o\Documents\Document\01.SQL 기본.pdf
2020-04-12 18:34:02.3074  INFO - outFiles: C:\Users\o0_0o\Documents\Document\01.SQL 기본\72.jpg
2020-04-12 18:34:02.3293  INFO - 이미지 변환 성공!
2020-04-12 18:34:02.3293  INFO - Source image: C:\Users\o0_0o\Documents\Document\01.SQL 기본.pdf
2020-04-12 18:34:02.3293  INFO - outFiles: C:\Users\o0_0o\Documents\Document\01.SQL 기본\73.jpg
2020-04-12 18:34:02.3522  INFO - 이미지 변환 성공!
2020-04-12 18:34:02.3522  INFO - Source image: C:\Users\o0_0o\Documents\Document\01.SQL 기본.pdf
2020-04-12 18:34:02.3522  INFO - outFiles: C:\Users\o0_0o\Documents\Document\01.SQL 기본\74.jpg
2020-04-12 18:34:02.3732  INFO - 이미지 변환 성공!
2020-04-12 18:34:02.3732  INFO - Source image: C:\Users\o0_0o\Documents\Document\01.SQL 기본.pdf
2020-04-12 18:34:02.3732  INFO - outFiles: C:\Users\o0_0o\Documents\Document\01.SQL 기본\75.jpg
2020-04-12 18:34:02.3941  INFO - 이미지 변환 성공!
2020-04-12 18:34:02.3941  INFO - Source image: C:\Users\o0_0o\Documents\Document\01.SQL 기본.pdf
2020-04-12 18:34:02.3941  INFO - outFiles: C:\Users\o0_0o\Documents\Document\01.SQL 기본\76.jpg
2020-04-12 18:34:02.4200  INFO - 이미지 변환 성공!
2020-04-12 18:34:02.4200  INFO - Source image: C:\Users\o0_0o\Documents\Document\01.SQL 기본.pdf
2020-04-12 18:34:02.4200  INFO - outFiles: C:\Users\o0_0o\Documents\Document\01.SQL 기본\77.jpg
2020-04-12 18:34:08.7670  INFO - 이미지 변환 성공!
2020-04-12 18:34:08.7670  INFO - Source image: C:\Users\o0_0o\Documents\Document\01.SQL 기본.pdf
2020-04-12 18:34:08.7670  INFO - outFiles: C:\Users\o0_0o\Documents\Document\01.SQL 기본\1.jpg
2020-04-12 18:34:08.7939  INFO - 이미지 변환 성공!
2020-04-12 18:34:08.7949  INFO - Source image: C:\Users\o0_0o\Documents\Document\01.SQL 기본.pdf
2020-04-12 18:34:08.7949  INFO - outFiles: C:\Users\o0_0o\Documents\Document\01.SQL 기본\2.jpg
2020-04-12 18:34:08.8119  INFO - 이미지 변환 성공!
2020-04-12 18:34:08.8119  INFO - Source image: C:\Users\o0_0o\Documents\Document\01.SQL 기본.pdf
2020-04-12 18:34:08.8119  INFO - outFiles: C:\Users\o0_0o\Documents\Document\01.SQL 기본\3.jpg
2020-04-12 18:34:08.8428  INFO - 이미지 변환 성공!
2020-04-12 18:34:08.8428  INFO - Source image: C:\Users\o0_0o\Documents\Document\01.SQL 기본.pdf
2020-04-12 18:34:08.8428  INFO - outFiles: C:\Users\o0_0o\Documents\Document\01.SQL 기본\4.jpg
2020-04-12 18:34:08.8698  INFO - 이미지 변환 성공!
2020-04-12 18:34:08.8698  INFO - Source image: C:\Users\o0_0o\Documents\Document\01.SQL 기본.pdf
2020-04-12 18:34:08.8698  INFO - outFiles: C:\Users\o0_0o\Documents\Document\01.SQL 기본\5.jpg
2020-04-12 18:34:08.8877  INFO - 이미지 변환 성공!
2020-04-12 18:34:08.8887  INFO - Source image: C:\Users\o0_0o\Documents\Document\01.SQL 기본.pdf
2020-04-12 18:34:08.8887  INFO - outFiles: C:\Users\o0_0o\Documents\Document\01.SQL 기본\6.jpg
2020-04-12 18:34:08.9077  INFO - 이미지 변환 성공!
2020-04-12 18:34:08.9077  INFO - Source image: C:\Users\o0_0o\Documents\Document\01.SQL 기본.pdf
2020-04-12 18:34:08.9077  INFO - outFiles: C:\Users\o0_0o\Documents\Document\01.SQL 기본\7.jpg
2020-04-12 18:34:08.9077  INFO - 이미지 변환 성공!
2020-04-12 18:34:08.9077  INFO - Source image: C:\Users\o0_0o\Documents\Document\01.SQL 기본.pdf
2020-04-12 18:34:08.9077  INFO - outFiles: C:\Users\o0_0o\Documents\Document\01.SQL 기본\8.jpg
2020-04-12 18:34:08.9346  INFO - 이미지 변환 성공!
2020-04-12 18:34:08.9356  INFO - Source image: C:\Users\o0_0o\Documents\Document\01.SQL 기본.pdf
2020-04-12 18:34:08.9356  INFO - outFiles: C:\Users\o0_0o\Documents\Document\01.SQL 기본\9.jpg
2020-04-12 18:34:08.9515  INFO - 이미지 변환 성공!
2020-04-12 18:34:08.9515  INFO - Source image: C:\Users\o0_0o\Documents\Document\01.SQL 기본.pdf
2020-04-12 18:34:08.9515  INFO - outFiles: C:\Users\o0_0o\Documents\Document\01.SQL 기본\10.jpg
2020-04-12 18:34:08.9685  INFO - 이미지 변환 성공!
2020-04-12 18:34:08.9685  INFO - Source image: C:\Users\o0_0o\Documents\Document\01.SQL 기본.pdf
2020-04-12 18:34:08.9685  INFO - outFiles: C:\Users\o0_0o\Documents\Document\01.SQL 기본\11.jpg
2020-04-12 18:34:08.9885  INFO - 이미지 변환 성공!
2020-04-12 18:34:08.9885  INFO - Source image: C:\Users\o0_0o\Documents\Document\01.SQL 기본.pdf
2020-04-12 18:34:08.9885  INFO - outFiles: C:\Users\o0_0o\Documents\Document\01.SQL 기본\12.jpg
2020-04-12 18:34:09.0124  INFO - 이미지 변환 성공!
2020-04-12 18:34:09.0124  INFO - Source image: C:\Users\o0_0o\Documents\Document\01.SQL 기본.pdf
2020-04-12 18:34:09.0133  INFO - outFiles: C:\Users\o0_0o\Documents\Document\01.SQL 기본\13.jpg
2020-04-12 18:34:09.0393  INFO - 이미지 변환 성공!
2020-04-12 18:34:09.0393  INFO - Source image: C:\Users\o0_0o\Documents\Document\01.SQL 기본.pdf
2020-04-12 18:34:09.0393  INFO - outFiles: C:\Users\o0_0o\Documents\Document\01.SQL 기본\14.jpg
2020-04-12 18:34:09.0672  INFO - 이미지 변환 성공!
2020-04-12 18:34:09.0672  INFO - Source image: C:\Users\o0_0o\Documents\Document\01.SQL 기본.pdf
2020-04-12 18:34:09.0672  INFO - outFiles: C:\Users\o0_0o\Documents\Document\01.SQL 기본\15.jpg
2020-04-12 18:34:09.0922  INFO - 이미지 변환 성공!
2020-04-12 18:34:09.0922  INFO - Source image: C:\Users\o0_0o\Documents\Document\01.SQL 기본.pdf
2020-04-12 18:34:09.0922  INFO - outFiles: C:\Users\o0_0o\Documents\Document\01.SQL 기본\16.jpg
2020-04-12 18:34:09.1121  INFO - 이미지 변환 성공!
2020-04-12 18:34:09.1121  INFO - Source image: C:\Users\o0_0o\Documents\Document\01.SQL 기본.pdf
2020-04-12 18:34:09.1121  INFO - outFiles: C:\Users\o0_0o\Documents\Document\01.SQL 기본\17.jpg
2020-04-12 18:34:09.1321  INFO - 이미지 변환 성공!
2020-04-12 18:34:09.1321  INFO - Source image: C:\Users\o0_0o\Documents\Document\01.SQL 기본.pdf
2020-04-12 18:34:09.1321  INFO - outFiles: C:\Users\o0_0o\Documents\Document\01.SQL 기본\18.jpg
2020-04-12 18:34:09.1510  INFO - 이미지 변환 성공!
2020-04-12 18:34:09.1510  INFO - Source image: C:\Users\o0_0o\Documents\Document\01.SQL 기본.pdf
2020-04-12 18:34:09.1510  INFO - outFiles: C:\Users\o0_0o\Documents\Document\01.SQL 기본\19.jpg
2020-04-12 18:34:09.1730  INFO - 이미지 변환 성공!
2020-04-12 18:34:09.1730  INFO - Source image: C:\Users\o0_0o\Documents\Document\01.SQL 기본.pdf
2020-04-12 18:34:09.1730  INFO - outFiles: C:\Users\o0_0o\Documents\Document\01.SQL 기본\20.jpg
2020-04-12 18:34:09.1909  INFO - 이미지 변환 성공!
2020-04-12 18:34:09.1909  INFO - Source image: C:\Users\o0_0o\Documents\Document\01.SQL 기본.pdf
2020-04-12 18:34:09.1909  INFO - outFiles: C:\Users\o0_0o\Documents\Document\01.SQL 기본\21.jpg
2020-04-12 18:34:09.1909  INFO - 이미지 변환 성공!
2020-04-12 18:34:09.1909  INFO - Source image: C:\Users\o0_0o\Documents\Document\01.SQL 기본.pdf
2020-04-12 18:34:09.1909  INFO - outFiles: C:\Users\o0_0o\Documents\Document\01.SQL 기본\22.jpg
2020-04-12 18:34:09.2168  INFO - 이미지 변환 성공!
2020-04-12 18:34:09.2168  INFO - Source image: C:\Users\o0_0o\Documents\Document\01.SQL 기본.pdf
2020-04-12 18:34:09.2168  INFO - outFiles: C:\Users\o0_0o\Documents\Document\01.SQL 기본\23.jpg
2020-04-12 18:34:09.2358  INFO - 이미지 변환 성공!
2020-04-12 18:34:09.2358  INFO - Source image: C:\Users\o0_0o\Documents\Document\01.SQL 기본.pdf
2020-04-12 18:34:09.2358  INFO - outFiles: C:\Users\o0_0o\Documents\Document\01.SQL 기본\24.jpg
2020-04-12 18:34:09.2577  INFO - 이미지 변환 성공!
2020-04-12 18:34:09.2577  INFO - Source image: C:\Users\o0_0o\Documents\Document\01.SQL 기본.pdf
2020-04-12 18:34:09.2577  INFO - outFiles: C:\Users\o0_0o\Documents\Document\01.SQL 기본\25.jpg
2020-04-12 18:34:09.2757  INFO - 이미지 변환 성공!
2020-04-12 18:34:09.2757  INFO - Source image: C:\Users\o0_0o\Documents\Document\01.SQL 기본.pdf
2020-04-12 18:34:09.2757  INFO - outFiles: C:\Users\o0_0o\Documents\Document\01.SQL 기본\26.jpg
2020-04-12 18:34:09.2936  INFO - 이미지 변환 성공!
2020-04-12 18:34:09.2946  INFO - Source image: C:\Users\o0_0o\Documents\Document\01.SQL 기본.pdf
2020-04-12 18:34:09.2946  INFO - outFiles: C:\Users\o0_0o\Documents\Document\01.SQL 기본\27.jpg
2020-04-12 18:34:09.3155  INFO - 이미지 변환 성공!
2020-04-12 18:34:09.3155  INFO - Source image: C:\Users\o0_0o\Documents\Document\01.SQL 기본.pdf
2020-04-12 18:34:09.3155  INFO - outFiles: C:\Users\o0_0o\Documents\Document\01.SQL 기본\28.jpg
2020-04-12 18:34:09.3335  INFO - 이미지 변환 성공!
2020-04-12 18:34:09.3335  INFO - Source image: C:\Users\o0_0o\Documents\Document\01.SQL 기본.pdf
2020-04-12 18:34:09.3335  INFO - outFiles: C:\Users\o0_0o\Documents\Document\01.SQL 기본\29.jpg
2020-04-12 18:34:09.3505  INFO - 이미지 변환 성공!
2020-04-12 18:34:09.3505  INFO - Source image: C:\Users\o0_0o\Documents\Document\01.SQL 기본.pdf
2020-04-12 18:34:09.3505  INFO - outFiles: C:\Users\o0_0o\Documents\Document\01.SQL 기본\30.jpg
2020-04-12 18:34:09.3694  INFO - 이미지 변환 성공!
2020-04-12 18:34:09.3694  INFO - Source image: C:\Users\o0_0o\Documents\Document\01.SQL 기본.pdf
2020-04-12 18:34:09.3694  INFO - outFiles: C:\Users\o0_0o\Documents\Document\01.SQL 기본\31.jpg
2020-04-12 18:34:09.3864  INFO - 이미지 변환 성공!
2020-04-12 18:34:09.3864  INFO - Source image: C:\Users\o0_0o\Documents\Document\01.SQL 기본.pdf
2020-04-12 18:34:09.3864  INFO - outFiles: C:\Users\o0_0o\Documents\Document\01.SQL 기본\32.jpg
2020-04-12 18:34:09.4004  INFO - 이미지 변환 성공!
2020-04-12 18:34:09.4004  INFO - Source image: C:\Users\o0_0o\Documents\Document\01.SQL 기본.pdf
2020-04-12 18:34:09.4004  INFO - outFiles: C:\Users\o0_0o\Documents\Document\01.SQL 기본\33.jpg
2020-04-12 18:34:09.4193  INFO - 이미지 변환 성공!
2020-04-12 18:34:09.4193  INFO - Source image: C:\Users\o0_0o\Documents\Document\01.SQL 기본.pdf
2020-04-12 18:34:09.4203  INFO - outFiles: C:\Users\o0_0o\Documents\Document\01.SQL 기본\34.jpg
2020-04-12 18:34:09.4432  INFO - 이미지 변환 성공!
2020-04-12 18:34:09.4432  INFO - Source image: C:\Users\o0_0o\Documents\Document\01.SQL 기본.pdf
2020-04-12 18:34:09.4432  INFO - outFiles: C:\Users\o0_0o\Documents\Document\01.SQL 기본\35.jpg
2020-04-12 18:34:09.4622  INFO - 이미지 변환 성공!
2020-04-12 18:34:09.4622  INFO - Source image: C:\Users\o0_0o\Documents\Document\01.SQL 기본.pdf
2020-04-12 18:34:09.4622  INFO - outFiles: C:\Users\o0_0o\Documents\Document\01.SQL 기본\36.jpg
2020-04-12 18:34:09.4841  INFO - 이미지 변환 성공!
2020-04-12 18:34:09.4841  INFO - Source image: C:\Users\o0_0o\Documents\Document\01.SQL 기본.pdf
2020-04-12 18:34:09.4841  INFO - outFiles: C:\Users\o0_0o\Documents\Document\01.SQL 기본\37.jpg
2020-04-12 18:34:09.5020  INFO - 이미지 변환 성공!
2020-04-12 18:34:09.5020  INFO - Source image: C:\Users\o0_0o\Documents\Document\01.SQL 기본.pdf
2020-04-12 18:34:09.5020  INFO - outFiles: C:\Users\o0_0o\Documents\Document\01.SQL 기본\38.jpg
2020-04-12 18:34:09.5210  INFO - 이미지 변환 성공!
2020-04-12 18:34:09.5210  INFO - Source image: C:\Users\o0_0o\Documents\Document\01.SQL 기본.pdf
2020-04-12 18:34:09.5210  INFO - outFiles: C:\Users\o0_0o\Documents\Document\01.SQL 기본\39.jpg
2020-04-12 18:34:09.5409  INFO - 이미지 변환 성공!
2020-04-12 18:34:09.5409  INFO - Source image: C:\Users\o0_0o\Documents\Document\01.SQL 기본.pdf
2020-04-12 18:34:09.5409  INFO - outFiles: C:\Users\o0_0o\Documents\Document\01.SQL 기본\40.jpg
2020-04-12 18:34:09.5589  INFO - 이미지 변환 성공!
2020-04-12 18:34:09.5589  INFO - Source image: C:\Users\o0_0o\Documents\Document\01.SQL 기본.pdf
2020-04-12 18:34:09.5589  INFO - outFiles: C:\Users\o0_0o\Documents\Document\01.SQL 기본\41.jpg
2020-04-12 18:34:09.5808  INFO - 이미지 변환 성공!
2020-04-12 18:34:09.5808  INFO - Source image: C:\Users\o0_0o\Documents\Document\01.SQL 기본.pdf
2020-04-12 18:34:09.5808  INFO - outFiles: C:\Users\o0_0o\Documents\Document\01.SQL 기본\42.jpg
2020-04-12 18:34:09.5928  INFO - 이미지 변환 성공!
2020-04-12 18:34:09.5928  INFO - Source image: C:\Users\o0_0o\Documents\Document\01.SQL 기본.pdf
2020-04-12 18:34:09.5928  INFO - outFiles: C:\Users\o0_0o\Documents\Document\01.SQL 기본\43.jpg
2020-04-12 18:34:09.6167  INFO - 이미지 변환 성공!
2020-04-12 18:34:09.6167  INFO - Source image: C:\Users\o0_0o\Documents\Document\01.SQL 기본.pdf
2020-04-12 18:34:09.6167  INFO - outFiles: C:\Users\o0_0o\Documents\Document\01.SQL 기본\44.jpg
2020-04-12 18:34:09.6397  INFO - 이미지 변환 성공!
2020-04-12 18:34:09.6397  INFO - Source image: C:\Users\o0_0o\Documents\Document\01.SQL 기본.pdf
2020-04-12 18:34:09.6397  INFO - outFiles: C:\Users\o0_0o\Documents\Document\01.SQL 기본\45.jpg
2020-04-12 18:34:09.6606  INFO - 이미지 변환 성공!
2020-04-12 18:34:09.6606  INFO - Source image: C:\Users\o0_0o\Documents\Document\01.SQL 기본.pdf
2020-04-12 18:34:09.6606  INFO - outFiles: C:\Users\o0_0o\Documents\Document\01.SQL 기본\46.jpg
2020-04-12 18:34:09.6746  INFO - 이미지 변환 성공!
2020-04-12 18:34:09.6746  INFO - Source image: C:\Users\o0_0o\Documents\Document\01.SQL 기본.pdf
2020-04-12 18:34:09.6746  INFO - outFiles: C:\Users\o0_0o\Documents\Document\01.SQL 기본\47.jpg
2020-04-12 18:34:09.6955  INFO - 이미지 변환 성공!
2020-04-12 18:34:09.6955  INFO - Source image: C:\Users\o0_0o\Documents\Document\01.SQL 기본.pdf
2020-04-12 18:34:09.6955  INFO - outFiles: C:\Users\o0_0o\Documents\Document\01.SQL 기본\48.jpg
2020-04-12 18:34:09.7185  INFO - 이미지 변환 성공!
2020-04-12 18:34:09.7185  INFO - Source image: C:\Users\o0_0o\Documents\Document\01.SQL 기본.pdf
2020-04-12 18:34:09.7185  INFO - outFiles: C:\Users\o0_0o\Documents\Document\01.SQL 기본\49.jpg
2020-04-12 18:34:09.7374  INFO - 이미지 변환 성공!
2020-04-12 18:34:09.7374  INFO - Source image: C:\Users\o0_0o\Documents\Document\01.SQL 기본.pdf
2020-04-12 18:34:09.7374  INFO - outFiles: C:\Users\o0_0o\Documents\Document\01.SQL 기본\50.jpg
2020-04-12 18:34:09.7564  INFO - 이미지 변환 성공!
2020-04-12 18:34:09.7564  INFO - Source image: C:\Users\o0_0o\Documents\Document\01.SQL 기본.pdf
2020-04-12 18:34:09.7564  INFO - outFiles: C:\Users\o0_0o\Documents\Document\01.SQL 기본\51.jpg
2020-04-12 18:34:09.7813  INFO - 이미지 변환 성공!
2020-04-12 18:34:09.7813  INFO - Source image: C:\Users\o0_0o\Documents\Document\01.SQL 기본.pdf
2020-04-12 18:34:09.7813  INFO - outFiles: C:\Users\o0_0o\Documents\Document\01.SQL 기본\52.jpg
2020-04-12 18:34:09.8042  INFO - 이미지 변환 성공!
2020-04-12 18:34:09.8042  INFO - Source image: C:\Users\o0_0o\Documents\Document\01.SQL 기본.pdf
2020-04-12 18:34:09.8042  INFO - outFiles: C:\Users\o0_0o\Documents\Document\01.SQL 기본\53.jpg
2020-04-12 18:34:09.8262  INFO - 이미지 변환 성공!
2020-04-12 18:34:09.8262  INFO - Source image: C:\Users\o0_0o\Documents\Document\01.SQL 기본.pdf
2020-04-12 18:34:09.8262  INFO - outFiles: C:\Users\o0_0o\Documents\Document\01.SQL 기본\54.jpg
2020-04-12 18:34:09.8521  INFO - 이미지 변환 성공!
2020-04-12 18:34:09.8521  INFO - Source image: C:\Users\o0_0o\Documents\Document\01.SQL 기본.pdf
2020-04-12 18:34:09.8521  INFO - outFiles: C:\Users\o0_0o\Documents\Document\01.SQL 기본\55.jpg
2020-04-12 18:34:09.8810  INFO - 이미지 변환 성공!
2020-04-12 18:34:09.8810  INFO - Source image: C:\Users\o0_0o\Documents\Document\01.SQL 기본.pdf
2020-04-12 18:34:09.8810  INFO - outFiles: C:\Users\o0_0o\Documents\Document\01.SQL 기본\56.jpg
2020-04-12 18:34:09.9149  INFO - 이미지 변환 성공!
2020-04-12 18:34:09.9149  INFO - Source image: C:\Users\o0_0o\Documents\Document\01.SQL 기본.pdf
2020-04-12 18:34:09.9149  INFO - outFiles: C:\Users\o0_0o\Documents\Document\01.SQL 기본\57.jpg
2020-04-12 18:34:09.9449  INFO - 이미지 변환 성공!
2020-04-12 18:34:09.9449  INFO - Source image: C:\Users\o0_0o\Documents\Document\01.SQL 기본.pdf
2020-04-12 18:34:09.9449  INFO - outFiles: C:\Users\o0_0o\Documents\Document\01.SQL 기본\58.jpg
2020-04-12 18:34:09.9688  INFO - 이미지 변환 성공!
2020-04-12 18:34:09.9688  INFO - Source image: C:\Users\o0_0o\Documents\Document\01.SQL 기본.pdf
2020-04-12 18:34:09.9688  INFO - outFiles: C:\Users\o0_0o\Documents\Document\01.SQL 기본\59.jpg
2020-04-12 18:34:09.9898  INFO - 이미지 변환 성공!
2020-04-12 18:34:09.9898  INFO - Source image: C:\Users\o0_0o\Documents\Document\01.SQL 기본.pdf
2020-04-12 18:34:09.9898  INFO - outFiles: C:\Users\o0_0o\Documents\Document\01.SQL 기본\60.jpg
2020-04-12 18:34:10.0077  INFO - 이미지 변환 성공!
2020-04-12 18:34:10.0077  INFO - Source image: C:\Users\o0_0o\Documents\Document\01.SQL 기본.pdf
2020-04-12 18:34:10.0077  INFO - outFiles: C:\Users\o0_0o\Documents\Document\01.SQL 기본\61.jpg
2020-04-12 18:34:10.0287  INFO - 이미지 변환 성공!
2020-04-12 18:34:10.0296  INFO - Source image: C:\Users\o0_0o\Documents\Document\01.SQL 기본.pdf
2020-04-12 18:34:10.0296  INFO - outFiles: C:\Users\o0_0o\Documents\Document\01.SQL 기본\62.jpg
2020-04-12 18:34:10.0296  INFO - 이미지 변환 성공!
2020-04-12 18:34:10.0296  INFO - Source image: C:\Users\o0_0o\Documents\Document\01.SQL 기본.pdf
2020-04-12 18:34:10.0296  INFO - outFiles: C:\Users\o0_0o\Documents\Document\01.SQL 기본\63.jpg
2020-04-12 18:34:10.0636  INFO - 이미지 변환 성공!
2020-04-12 18:34:10.0636  INFO - Source image: C:\Users\o0_0o\Documents\Document\01.SQL 기본.pdf
2020-04-12 18:34:10.0636  INFO - outFiles: C:\Users\o0_0o\Documents\Document\01.SQL 기본\64.jpg
2020-04-12 18:34:10.0865  INFO - 이미지 변환 성공!
2020-04-12 18:34:10.0865  INFO - Source image: C:\Users\o0_0o\Documents\Document\01.SQL 기본.pdf
2020-04-12 18:34:10.0865  INFO - outFiles: C:\Users\o0_0o\Documents\Document\01.SQL 기본\65.jpg
2020-04-12 18:34:10.1055  INFO - 이미지 변환 성공!
2020-04-12 18:34:10.1055  INFO - Source image: C:\Users\o0_0o\Documents\Document\01.SQL 기본.pdf
2020-04-12 18:34:10.1055  INFO - outFiles: C:\Users\o0_0o\Documents\Document\01.SQL 기본\66.jpg
2020-04-12 18:34:10.1224  INFO - 이미지 변환 성공!
2020-04-12 18:34:10.1234  INFO - Source image: C:\Users\o0_0o\Documents\Document\01.SQL 기본.pdf
2020-04-12 18:34:10.1234  INFO - outFiles: C:\Users\o0_0o\Documents\Document\01.SQL 기본\67.jpg
2020-04-12 18:34:10.1234  INFO - 이미지 변환 성공!
2020-04-12 18:34:10.1234  INFO - Source image: C:\Users\o0_0o\Documents\Document\01.SQL 기본.pdf
2020-04-12 18:34:10.1234  INFO - outFiles: C:\Users\o0_0o\Documents\Document\01.SQL 기본\68.jpg
2020-04-12 18:34:10.1513  INFO - 이미지 변환 성공!
2020-04-12 18:34:10.1513  INFO - Source image: C:\Users\o0_0o\Documents\Document\01.SQL 기본.pdf
2020-04-12 18:34:10.1513  INFO - outFiles: C:\Users\o0_0o\Documents\Document\01.SQL 기본\69.jpg
2020-04-12 18:34:10.1753  INFO - 이미지 변환 성공!
2020-04-12 18:34:10.1753  INFO - Source image: C:\Users\o0_0o\Documents\Document\01.SQL 기본.pdf
2020-04-12 18:34:10.1753  INFO - outFiles: C:\Users\o0_0o\Documents\Document\01.SQL 기본\70.jpg
2020-04-12 18:34:10.1932  INFO - 이미지 변환 성공!
2020-04-12 18:34:10.1932  INFO - Source image: C:\Users\o0_0o\Documents\Document\01.SQL 기본.pdf
2020-04-12 18:34:10.1932  INFO - outFiles: C:\Users\o0_0o\Documents\Document\01.SQL 기본\71.jpg
2020-04-12 18:34:10.2142  INFO - 이미지 변환 성공!
2020-04-12 18:34:10.2142  INFO - Source image: C:\Users\o0_0o\Documents\Document\01.SQL 기본.pdf
2020-04-12 18:34:10.2142  INFO - outFiles: C:\Users\o0_0o\Documents\Document\01.SQL 기본\72.jpg
2020-04-12 18:34:10.2351  INFO - 이미지 변환 성공!
2020-04-12 18:34:10.2351  INFO - Source image: C:\Users\o0_0o\Documents\Document\01.SQL 기본.pdf
2020-04-12 18:34:10.2351  INFO - outFiles: C:\Users\o0_0o\Documents\Document\01.SQL 기본\73.jpg
2020-04-12 18:34:10.2600  INFO - 이미지 변환 성공!
2020-04-12 18:34:10.2600  INFO - Source image: C:\Users\o0_0o\Documents\Document\01.SQL 기본.pdf
2020-04-12 18:34:10.2600  INFO - outFiles: C:\Users\o0_0o\Documents\Document\01.SQL 기본\74.jpg
2020-04-12 18:34:10.2860  INFO - 이미지 변환 성공!
2020-04-12 18:34:10.2860  INFO - Source image: C:\Users\o0_0o\Documents\Document\01.SQL 기본.pdf
2020-04-12 18:34:10.2860  INFO - outFiles: C:\Users\o0_0o\Documents\Document\01.SQL 기본\75.jpg
2020-04-12 18:34:10.3059  INFO - 이미지 변환 성공!
2020-04-12 18:34:10.3059  INFO - Source image: C:\Users\o0_0o\Documents\Document\01.SQL 기본.pdf
2020-04-12 18:34:10.3059  INFO - outFiles: C:\Users\o0_0o\Documents\Document\01.SQL 기본\76.jpg
2020-04-12 18:34:10.3289  INFO - 이미지 변환 성공!
2020-04-12 18:34:10.3289  INFO - Source image: C:\Users\o0_0o\Documents\Document\01.SQL 기본.pdf
2020-04-12 18:34:10.3289  INFO - outFiles: C:\Users\o0_0o\Documents\Document\01.SQL 기본\77.jpg
2020-04-12 18:41:56.3463  INFO - ==================== Start ====================
2020-04-12 18:41:56.3663  INFO - Method: ExcelSaveAs, FilePath: C:\Users\o0_0o\Documents\Document\excel.xlsx, outPath: C:\Users\o0_0o\Documents\Document\excel.pdf, docPassword: 
2020-04-12 18:41:56.3663  INFO - 파일 언락 성공!
2020-04-12 18:42:11.8709  INFO - 변환 성공
2020-04-12 18:42:12.6937  INFO - ==================== End ====================
2020-04-12 18:42:16.8794  INFO - ==================== Start ====================
2020-04-12 18:42:16.8794  INFO - Method: ExcelSaveAs, FilePath: C:\Users\o0_0o\Documents\Document\excel.xlsx, outPath: C:\Users\o0_0o\Documents\Document\excel.pdf, docPassword: 
2020-04-12 18:42:16.8794  INFO - 파일 언락 성공!
2020-04-12 18:42:31.9948  INFO - 변환 성공
2020-04-12 18:42:32.7859  INFO - ==================== End ====================
2020-04-12 18:49:24.9374  INFO - ==================== Start ====================
2020-04-12 18:49:24.9594  INFO - Method: ExcelSaveAs, FilePath: C:\Users\o0_0o\Documents\Document\excel.xlsx, outPath: C:\Users\o0_0o\Documents\Document\excel.pdf, docPassword: 
2020-04-12 18:49:24.9624  INFO - 파일 언락 성공!
2020-04-12 18:49:40.3609  INFO - 변환 성공
2020-04-12 18:49:41.1228  INFO - ==================== End ====================
2020-04-12 18:49:44.0307  INFO - ==================== Start ====================
2020-04-12 18:49:44.0307  INFO - Method: ExcelSaveAs, FilePath: C:\Users\o0_0o\Documents\Document\excel.xlsx, outPath: C:\Users\o0_0o\Documents\Document\excel.pdf, docPassword: 
2020-04-12 18:49:44.0307  INFO - 파일 언락 성공!
2020-04-12 18:50:00.2996  INFO - 변환 성공
2020-04-12 18:50:01.1389  INFO - ==================== End ====================
2020-04-12 18:52:01.8135  INFO - ==================== Start ====================
2020-04-12 18:52:01.8313  INFO - Method: ExcelSaveAs, FilePath: C:\Users\o0_0o\Documents\Document\학년도 달력1.xlsx, outPath: C:\Users\o0_0o\Documents\Document\학년도 달력1.pdf, docPassword: 
2020-04-12 18:52:01.8313  INFO - 파일 언락 성공!
2020-04-12 18:52:03.6393  INFO - 변환 성공
2020-04-12 18:52:04.4087  INFO - ==================== End ====================
2020-04-12 18:53:54.4393  INFO - ==================== Start ====================
2020-04-12 18:53:54.4603  INFO - Method: PowerPointSaveAs, FilePath: C:\Users\o0_0o\Documents\Document\6.자바-GUI-3.pptx, outPath: C:\Users\o0_0o\Documents\Document\6.자바-GUI-3.pdf, docPassword: 
2020-04-12 18:53:54.4633  INFO - 파일 언락 성공!
2020-04-12 18:53:58.1257  INFO - 변환 성공
2020-04-12 18:53:58.1885  INFO - ==================== End ====================
2020-04-12 19:02:03.8179  INFO - 이미지 변환 성공!
2020-04-12 19:02:03.8359  INFO - Source image: C:\Users\o0_0o\Documents\Document\01.데이터 모델링의 이해.pdf
2020-04-12 19:02:03.8369  INFO - outFiles: C:\Users\o0_0o\Documents\Document\01.데이터 모델링의 이해\1.png
2020-04-12 19:02:03.8718  INFO - 이미지 변환 성공!
2020-04-12 19:02:03.8718  INFO - Source image: C:\Users\o0_0o\Documents\Document\01.데이터 모델링의 이해.pdf
2020-04-12 19:02:03.8718  INFO - outFiles: C:\Users\o0_0o\Documents\Document\01.데이터 모델링의 이해\2.png
2020-04-12 19:02:03.9037  INFO - 이미지 변환 성공!
2020-04-12 19:02:03.9037  INFO - Source image: C:\Users\o0_0o\Documents\Document\01.데이터 모델링의 이해.pdf
2020-04-12 19:02:03.9037  INFO - outFiles: C:\Users\o0_0o\Documents\Document\01.데이터 모델링의 이해\3.png
2020-04-12 19:02:03.9306  INFO - 이미지 변환 성공!
2020-04-12 19:02:03.9306  INFO - Source image: C:\Users\o0_0o\Documents\Document\01.데이터 모델링의 이해.pdf
2020-04-12 19:02:03.9306  INFO - outFiles: C:\Users\o0_0o\Documents\Document\01.데이터 모델링의 이해\4.png
2020-04-12 19:02:03.9579  INFO - 이미지 변환 성공!
2020-04-12 19:02:03.9579  INFO - Source image: C:\Users\o0_0o\Documents\Document\01.데이터 모델링의 이해.pdf
2020-04-12 19:02:03.9579  INFO - outFiles: C:\Users\o0_0o\Documents\Document\01.데이터 모델링의 이해\5.png
2020-04-12 19:02:04.0021  INFO - 이미지 변환 성공!
2020-04-12 19:02:04.0021  INFO - Source image: C:\Users\o0_0o\Documents\Document\01.데이터 모델링의 이해.pdf
2020-04-12 19:02:04.0021  INFO - outFiles: C:\Users\o0_0o\Documents\Document\01.데이터 모델링의 이해\6.png
2020-04-12 19:02:04.0331  INFO - 이미지 변환 성공!
2020-04-12 19:02:04.0331  INFO - Source image: C:\Users\o0_0o\Documents\Document\01.데이터 모델링의 이해.pdf
2020-04-12 19:02:04.0331  INFO - outFiles: C:\Users\o0_0o\Documents\Document\01.데이터 모델링의 이해\7.png
2020-04-12 19:02:04.0570  INFO - 이미지 변환 성공!
2020-04-12 19:02:04.0570  INFO - Source image: C:\Users\o0_0o\Documents\Document\01.데이터 모델링의 이해.pdf
2020-04-12 19:02:04.0570  INFO - outFiles: C:\Users\o0_0o\Documents\Document\01.데이터 모델링의 이해\8.png
2020-04-12 19:02:04.0869  INFO - 이미지 변환 성공!
2020-04-12 19:02:04.0869  INFO - Source image: C:\Users\o0_0o\Documents\Document\01.데이터 모델링의 이해.pdf
2020-04-12 19:02:04.0869  INFO - outFiles: C:\Users\o0_0o\Documents\Document\01.데이터 모델링의 이해\9.png
2020-04-12 19:02:04.1148  INFO - 이미지 변환 성공!
2020-04-12 19:02:04.1148  INFO - Source image: C:\Users\o0_0o\Documents\Document\01.데이터 모델링의 이해.pdf
2020-04-12 19:02:04.1148  INFO - outFiles: C:\Users\o0_0o\Documents\Document\01.데이터 모델링의 이해\10.png
2020-04-12 19:02:04.1398  INFO - 이미지 변환 성공!
2020-04-12 19:02:04.1398  INFO - Source image: C:\Users\o0_0o\Documents\Document\01.데이터 모델링의 이해.pdf
2020-04-12 19:02:04.1398  INFO - outFiles: C:\Users\o0_0o\Documents\Document\01.데이터 모델링의 이해\11.png
2020-04-12 19:02:04.1617  INFO - 이미지 변환 성공!
2020-04-12 19:02:04.1617  INFO - Source image: C:\Users\o0_0o\Documents\Document\01.데이터 모델링의 이해.pdf
2020-04-12 19:02:04.1617  INFO - outFiles: C:\Users\o0_0o\Documents\Document\01.데이터 모델링의 이해\12.png
2020-04-12 19:02:04.1817  INFO - 이미지 변환 성공!
2020-04-12 19:02:04.1817  INFO - Source image: C:\Users\o0_0o\Documents\Document\01.데이터 모델링의 이해.pdf
2020-04-12 19:02:04.1817  INFO - outFiles: C:\Users\o0_0o\Documents\Document\01.데이터 모델링의 이해\13.png
2020-04-12 19:02:04.2130  INFO - 이미지 변환 성공!
2020-04-12 19:02:04.2130  INFO - Source image: C:\Users\o0_0o\Documents\Document\01.데이터 모델링의 이해.pdf
2020-04-12 19:02:04.2130  INFO - outFiles: C:\Users\o0_0o\Documents\Document\01.데이터 모델링의 이해\14.png
2020-04-12 19:02:04.2359  INFO - 이미지 변환 성공!
2020-04-12 19:02:04.2359  INFO - Source image: C:\Users\o0_0o\Documents\Document\01.데이터 모델링의 이해.pdf
2020-04-12 19:02:04.2359  INFO - outFiles: C:\Users\o0_0o\Documents\Document\01.데이터 모델링의 이해\15.png
2020-04-12 19:02:04.2599  INFO - 이미지 변환 성공!
2020-04-12 19:02:04.2599  INFO - Source image: C:\Users\o0_0o\Documents\Document\01.데이터 모델링의 이해.pdf
2020-04-12 19:02:04.2599  INFO - outFiles: C:\Users\o0_0o\Documents\Document\01.데이터 모델링의 이해\16.png
2020-04-12 19:02:04.2768  INFO - 이미지 변환 성공!
2020-04-12 19:02:04.2768  INFO - Source image: C:\Users\o0_0o\Documents\Document\01.데이터 모델링의 이해.pdf
2020-04-12 19:02:04.2768  INFO - outFiles: C:\Users\o0_0o\Documents\Document\01.데이터 모델링의 이해\17.png
2020-04-12 19:02:04.3037  INFO - 이미지 변환 성공!
2020-04-12 19:02:04.3037  INFO - Source image: C:\Users\o0_0o\Documents\Document\01.데이터 모델링의 이해.pdf
2020-04-12 19:02:04.3037  INFO - outFiles: C:\Users\o0_0o\Documents\Document\01.데이터 모델링의 이해\18.png
2020-04-12 19:02:04.3376  INFO - 이미지 변환 성공!
2020-04-12 19:02:04.3376  INFO - Source image: C:\Users\o0_0o\Documents\Document\01.데이터 모델링의 이해.pdf
2020-04-12 19:02:04.3376  INFO - outFiles: C:\Users\o0_0o\Documents\Document\01.데이터 모델링의 이해\19.png
2020-04-12 19:02:04.3755  INFO - 이미지 변환 성공!
2020-04-12 19:02:04.3755  INFO - Source image: C:\Users\o0_0o\Documents\Document\01.데이터 모델링의 이해.pdf
2020-04-12 19:02:04.3755  INFO - outFiles: C:\Users\o0_0o\Documents\Document\01.데이터 모델링의 이해\20.png
2020-04-12 19:02:04.3865  INFO - 이미지 변환 성공!
2020-04-12 19:02:04.3865  INFO - Source image: C:\Users\o0_0o\Documents\Document\01.데이터 모델링의 이해.pdf
2020-04-12 19:02:04.3865  INFO - outFiles: C:\Users\o0_0o\Documents\Document\01.데이터 모델링의 이해\21.png
2020-04-12 19:02:04.4204  INFO - 이미지 변환 성공!
2020-04-12 19:02:04.4204  INFO - Source image: C:\Users\o0_0o\Documents\Document\01.데이터 모델링의 이해.pdf
2020-04-12 19:02:04.4204  INFO - outFiles: C:\Users\o0_0o\Documents\Document\01.데이터 모델링의 이해\22.png
2020-04-12 19:02:04.4473  INFO - 이미지 변환 성공!
2020-04-12 19:02:04.4473  INFO - Source image: C:\Users\o0_0o\Documents\Document\01.데이터 모델링의 이해.pdf
2020-04-12 19:02:04.4473  INFO - outFiles: C:\Users\o0_0o\Documents\Document\01.데이터 모델링의 이해\23.png
2020-04-12 19:02:04.4763  INFO - 이미지 변환 성공!
2020-04-12 19:02:04.4763  INFO - Source image: C:\Users\o0_0o\Documents\Document\01.데이터 모델링의 이해.pdf
2020-04-12 19:02:04.4763  INFO - outFiles: C:\Users\o0_0o\Documents\Document\01.데이터 모델링의 이해\24.png
2020-04-12 19:02:04.4982  INFO - 이미지 변환 성공!
2020-04-12 19:02:04.4982  INFO - Source image: C:\Users\o0_0o\Documents\Document\01.데이터 모델링의 이해.pdf
2020-04-12 19:02:04.4982  INFO - outFiles: C:\Users\o0_0o\Documents\Document\01.데이터 모델링의 이해\25.png
2020-04-12 19:02:04.5241  INFO - 이미지 변환 성공!
2020-04-12 19:02:04.5241  INFO - Source image: C:\Users\o0_0o\Documents\Document\01.데이터 모델링의 이해.pdf
2020-04-12 19:02:04.5241  INFO - outFiles: C:\Users\o0_0o\Documents\Document\01.데이터 모델링의 이해\26.png
2020-04-12 19:02:04.5461  INFO - 이미지 변환 성공!
2020-04-12 19:02:04.5461  INFO - Source image: C:\Users\o0_0o\Documents\Document\01.데이터 모델링의 이해.pdf
2020-04-12 19:02:04.5461  INFO - outFiles: C:\Users\o0_0o\Documents\Document\01.데이터 모델링의 이해\27.png
2020-04-12 19:02:04.5631  INFO - 이미지 변환 성공!
2020-04-12 19:02:04.5631  INFO - Source image: C:\Users\o0_0o\Documents\Document\01.데이터 모델링의 이해.pdf
2020-04-12 19:02:04.5631  INFO - outFiles: C:\Users\o0_0o\Documents\Document\01.데이터 모델링의 이해\28.png
2020-04-12 19:02:04.5928  INFO - 이미지 변환 성공!
2020-04-12 19:02:04.5928  INFO - Source image: C:\Users\o0_0o\Documents\Document\01.데이터 모델링의 이해.pdf
2020-04-12 19:02:04.5928  INFO - outFiles: C:\Users\o0_0o\Documents\Document\01.데이터 모델링의 이해\29.png
2020-04-12 19:02:04.6157  INFO - 이미지 변환 성공!
2020-04-12 19:02:04.6157  INFO - Source image: C:\Users\o0_0o\Documents\Document\01.데이터 모델링의 이해.pdf
2020-04-12 19:02:04.6157  INFO - outFiles: C:\Users\o0_0o\Documents\Document\01.데이터 모델링의 이해\30.png
2020-04-12 19:02:04.6416  INFO - 이미지 변환 성공!
2020-04-12 19:02:04.6416  INFO - Source image: C:\Users\o0_0o\Documents\Document\01.데이터 모델링의 이해.pdf
2020-04-12 19:02:04.6416  INFO - outFiles: C:\Users\o0_0o\Documents\Document\01.데이터 모델링의 이해\31.png
2020-04-12 19:02:04.6635  INFO - 이미지 변환 성공!
2020-04-12 19:02:04.6635  INFO - Source image: C:\Users\o0_0o\Documents\Document\01.데이터 모델링의 이해.pdf
2020-04-12 19:02:04.6635  INFO - outFiles: C:\Users\o0_0o\Documents\Document\01.데이터 모델링의 이해\32.png
2020-04-12 19:02:04.6895  INFO - 이미지 변환 성공!
2020-04-12 19:02:04.6895  INFO - Source image: C:\Users\o0_0o\Documents\Document\01.데이터 모델링의 이해.pdf
2020-04-12 19:02:04.6895  INFO - outFiles: C:\Users\o0_0o\Documents\Document\01.데이터 모델링의 이해\33.png
2020-04-12 19:02:04.7065  INFO - 이미지 변환 성공!
2020-04-12 19:02:04.7065  INFO - Source image: C:\Users\o0_0o\Documents\Document\01.데이터 모델링의 이해.pdf
2020-04-12 19:02:04.7065  INFO - outFiles: C:\Users\o0_0o\Documents\Document\01.데이터 모델링의 이해\34.png
2020-04-12 19:02:04.7274  INFO - 이미지 변환 성공!
2020-04-12 19:02:04.7274  INFO - Source image: C:\Users\o0_0o\Documents\Document\01.데이터 모델링의 이해.pdf
2020-04-12 19:02:04.7274  INFO - outFiles: C:\Users\o0_0o\Documents\Document\01.데이터 모델링의 이해\35.png
2020-04-12 19:02:04.7543  INFO - 이미지 변환 성공!
2020-04-12 19:02:04.7543  INFO - Source image: C:\Users\o0_0o\Documents\Document\01.데이터 모델링의 이해.pdf
2020-04-12 19:02:04.7543  INFO - outFiles: C:\Users\o0_0o\Documents\Document\01.데이터 모델링의 이해\36.png
2020-04-12 19:02:04.7813  INFO - 이미지 변환 성공!
2020-04-12 19:02:04.7813  INFO - Source image: C:\Users\o0_0o\Documents\Document\01.데이터 모델링의 이해.pdf
2020-04-12 19:02:04.7813  INFO - outFiles: C:\Users\o0_0o\Documents\Document\01.데이터 모델링의 이해\37.png
2020-04-12 19:02:04.8112  INFO - 이미지 변환 성공!
2020-04-12 19:02:04.8112  INFO - Source image: C:\Users\o0_0o\Documents\Document\01.데이터 모델링의 이해.pdf
2020-04-12 19:02:04.8112  INFO - outFiles: C:\Users\o0_0o\Documents\Document\01.데이터 모델링의 이해\38.png
2020-04-12 19:02:04.8391  INFO - 이미지 변환 성공!
2020-04-12 19:02:04.8391  INFO - Source image: C:\Users\o0_0o\Documents\Document\01.데이터 모델링의 이해.pdf
2020-04-12 19:02:04.8391  INFO - outFiles: C:\Users\o0_0o\Documents\Document\01.데이터 모델링의 이해\39.png
2020-04-12 19:02:04.8660  INFO - 이미지 변환 성공!
2020-04-12 19:02:04.8660  INFO - Source image: C:\Users\o0_0o\Documents\Document\01.데이터 모델링의 이해.pdf
2020-04-12 19:02:04.8660  INFO - outFiles: C:\Users\o0_0o\Documents\Document\01.데이터 모델링의 이해\40.png
2020-04-12 19:02:04.8780  INFO - 이미지 변환 성공!
2020-04-12 19:02:04.8780  INFO - Source image: C:\Users\o0_0o\Documents\Document\01.데이터 모델링의 이해.pdf
2020-04-12 19:02:04.8780  INFO - outFiles: C:\Users\o0_0o\Documents\Document\01.데이터 모델링의 이해\41.png
2020-04-12 19:02:04.9119  INFO - 이미지 변환 성공!
2020-04-12 19:02:04.9119  INFO - Source image: C:\Users\o0_0o\Documents\Document\01.데이터 모델링의 이해.pdf
2020-04-12 19:02:04.9119  INFO - outFiles: C:\Users\o0_0o\Documents\Document\01.데이터 모델링의 이해\42.png
2020-04-12 19:02:04.9398  INFO - 이미지 변환 성공!
2020-04-12 19:02:04.9398  INFO - Source image: C:\Users\o0_0o\Documents\Document\01.데이터 모델링의 이해.pdf
2020-04-12 19:02:04.9398  INFO - outFiles: C:\Users\o0_0o\Documents\Document\01.데이터 모델링의 이해\43.png
2020-04-12 19:02:04.9687  INFO - 이미지 변환 성공!
2020-04-12 19:02:04.9687  INFO - Source image: C:\Users\o0_0o\Documents\Document\01.데이터 모델링의 이해.pdf
2020-04-12 19:02:04.9687  INFO - outFiles: C:\Users\o0_0o\Documents\Document\01.데이터 모델링의 이해\44.png
2020-04-12 19:02:05.0036  INFO - 이미지 변환 성공!
2020-04-12 19:02:05.0036  INFO - Source image: C:\Users\o0_0o\Documents\Document\01.데이터 모델링의 이해.pdf
2020-04-12 19:02:05.0036  INFO - outFiles: C:\Users\o0_0o\Documents\Document\01.데이터 모델링의 이해\45.png
2020-04-12 19:02:05.0405  INFO - 이미지 변환 성공!
2020-04-12 19:02:05.0405  INFO - Source image: C:\Users\o0_0o\Documents\Document\01.데이터 모델링의 이해.pdf
2020-04-12 19:02:05.0405  INFO - outFiles: C:\Users\o0_0o\Documents\Document\01.데이터 모델링의 이해\46.png
2020-04-12 19:02:05.0715  INFO - 이미지 변환 성공!
2020-04-12 19:02:05.0715  INFO - Source image: C:\Users\o0_0o\Documents\Document\01.데이터 모델링의 이해.pdf
2020-04-12 19:02:05.0715  INFO - outFiles: C:\Users\o0_0o\Documents\Document\01.데이터 모델링의 이해\47.png
2020-04-12 19:02:05.0904  INFO - 이미지 변환 성공!
2020-04-12 19:02:05.0904  INFO - Source image: C:\Users\o0_0o\Documents\Document\01.데이터 모델링의 이해.pdf
2020-04-12 19:02:05.0904  INFO - outFiles: C:\Users\o0_0o\Documents\Document\01.데이터 모델링의 이해\48.png
2020-04-12 19:02:05.1173  INFO - 이미지 변환 성공!
2020-04-12 19:02:05.1173  INFO - Source image: C:\Users\o0_0o\Documents\Document\01.데이터 모델링의 이해.pdf
2020-04-12 19:02:05.1173  INFO - outFiles: C:\Users\o0_0o\Documents\Document\01.데이터 모델링의 이해\49.png
2020-04-12 19:02:05.1403  INFO - 이미지 변환 성공!
2020-04-12 19:02:05.1403  INFO - Source image: C:\Users\o0_0o\Documents\Document\01.데이터 모델링의 이해.pdf
2020-04-12 19:02:05.1403  INFO - outFiles: C:\Users\o0_0o\Documents\Document\01.데이터 모델링의 이해\50.png
2020-04-12 19:02:05.1652  INFO - 이미지 변환 성공!
2020-04-12 19:02:05.1652  INFO - Source image: C:\Users\o0_0o\Documents\Document\01.데이터 모델링의 이해.pdf
2020-04-12 19:02:05.1652  INFO - outFiles: C:\Users\o0_0o\Documents\Document\01.데이터 모델링의 이해\51.png
2020-04-12 19:02:05.1922  INFO - 이미지 변환 성공!
2020-04-12 19:02:05.1922  INFO - Source image: C:\Users\o0_0o\Documents\Document\01.데이터 모델링의 이해.pdf
2020-04-12 19:02:05.1922  INFO - outFiles: C:\Users\o0_0o\Documents\Document\01.데이터 모델링의 이해\52.png
2020-04-12 19:02:05.2201  INFO - 이미지 변환 성공!
2020-04-12 19:02:05.2201  INFO - Source image: C:\Users\o0_0o\Documents\Document\01.데이터 모델링의 이해.pdf
2020-04-12 19:02:05.2201  INFO - outFiles: C:\Users\o0_0o\Documents\Document\01.데이터 모델링의 이해\53.png
2020-04-12 19:02:05.2390  INFO - 이미지 변환 성공!
2020-04-12 19:02:05.2390  INFO - Source image: C:\Users\o0_0o\Documents\Document\01.데이터 모델링의 이해.pdf
2020-04-12 19:02:05.2390  INFO - outFiles: C:\Users\o0_0o\Documents\Document\01.데이터 모델링의 이해\54.png
2020-04-12 19:02:05.2630  INFO - 이미지 변환 성공!
2020-04-12 19:02:05.2630  INFO - Source image: C:\Users\o0_0o\Documents\Document\01.데이터 모델링의 이해.pdf
2020-04-12 19:02:05.2630  INFO - outFiles: C:\Users\o0_0o\Documents\Document\01.데이터 모델링의 이해\55.png
2020-04-12 19:20:21.0211  INFO - 이미지 변환 성공!
2020-04-12 19:20:21.0401  INFO - Source image: C:\Users\o0_0o\Documents\Document\01.데이터 모델링의 이해.pdf
2020-04-12 19:20:21.0401  INFO - outFiles: C:\Users\o0_0o\Documents\Document\01.데이터 모델링의 이해\1.jpg
2020-04-12 19:20:21.0690  INFO - 이미지 변환 성공!
2020-04-12 19:20:21.0690  INFO - Source image: C:\Users\o0_0o\Documents\Document\01.데이터 모델링의 이해.pdf
2020-04-12 19:20:21.0690  INFO - outFiles: C:\Users\o0_0o\Documents\Document\01.데이터 모델링의 이해\2.jpg
2020-04-12 19:20:21.1019  INFO - 이미지 변환 성공!
2020-04-12 19:20:21.1019  INFO - Source image: C:\Users\o0_0o\Documents\Document\01.데이터 모델링의 이해.pdf
2020-04-12 19:20:21.1019  INFO - outFiles: C:\Users\o0_0o\Documents\Document\01.데이터 모델링의 이해\3.jpg
2020-04-12 19:20:21.1278  INFO - 이미지 변환 성공!
2020-04-12 19:20:21.1278  INFO - Source image: C:\Users\o0_0o\Documents\Document\01.데이터 모델링의 이해.pdf
2020-04-12 19:20:21.1278  INFO - outFiles: C:\Users\o0_0o\Documents\Document\01.데이터 모델링의 이해\4.jpg
2020-04-12 19:20:21.1567  INFO - 이미지 변환 성공!
2020-04-12 19:20:21.1567  INFO - Source image: C:\Users\o0_0o\Documents\Document\01.데이터 모델링의 이해.pdf
2020-04-12 19:20:21.1567  INFO - outFiles: C:\Users\o0_0o\Documents\Document\01.데이터 모델링의 이해\5.jpg
2020-04-12 19:20:21.1907  INFO - 이미지 변환 성공!
2020-04-12 19:20:21.1907  INFO - Source image: C:\Users\o0_0o\Documents\Document\01.데이터 모델링의 이해.pdf
2020-04-12 19:20:21.1907  INFO - outFiles: C:\Users\o0_0o\Documents\Document\01.데이터 모델링의 이해\6.jpg
2020-04-12 19:20:21.2146  INFO - 이미지 변환 성공!
2020-04-12 19:20:21.2146  INFO - Source image: C:\Users\o0_0o\Documents\Document\01.데이터 모델링의 이해.pdf
2020-04-12 19:20:21.2146  INFO - outFiles: C:\Users\o0_0o\Documents\Document\01.데이터 모델링의 이해\7.jpg
2020-04-12 19:20:21.2365  INFO - 이미지 변환 성공!
2020-04-12 19:20:21.2365  INFO - Source image: C:\Users\o0_0o\Documents\Document\01.데이터 모델링의 이해.pdf
2020-04-12 19:20:21.2365  INFO - outFiles: C:\Users\o0_0o\Documents\Document\01.데이터 모델링의 이해\8.jpg
2020-04-12 19:20:21.2585  INFO - 이미지 변환 성공!
2020-04-12 19:20:21.2585  INFO - Source image: C:\Users\o0_0o\Documents\Document\01.데이터 모델링의 이해.pdf
2020-04-12 19:20:21.2585  INFO - outFiles: C:\Users\o0_0o\Documents\Document\01.데이터 모델링의 이해\9.jpg
2020-04-12 19:20:21.2804  INFO - 이미지 변환 성공!
2020-04-12 19:20:21.2804  INFO - Source image: C:\Users\o0_0o\Documents\Document\01.데이터 모델링의 이해.pdf
2020-04-12 19:20:21.2804  INFO - outFiles: C:\Users\o0_0o\Documents\Document\01.데이터 모델링의 이해\10.jpg
2020-04-12 19:20:21.3034  INFO - 이미지 변환 성공!
2020-04-12 19:20:21.3034  INFO - Source image: C:\Users\o0_0o\Documents\Document\01.데이터 모델링의 이해.pdf
2020-04-12 19:20:21.3034  INFO - outFiles: C:\Users\o0_0o\Documents\Document\01.데이터 모델링의 이해\11.jpg
2020-04-12 19:20:21.3223  INFO - 이미지 변환 성공!
2020-04-12 19:20:21.3223  INFO - Source image: C:\Users\o0_0o\Documents\Document\01.데이터 모델링의 이해.pdf
2020-04-12 19:20:21.3223  INFO - outFiles: C:\Users\o0_0o\Documents\Document\01.데이터 모델링의 이해\12.jpg
2020-04-12 19:20:21.3373  INFO - 이미지 변환 성공!
2020-04-12 19:20:21.3373  INFO - Source image: C:\Users\o0_0o\Documents\Document\01.데이터 모델링의 이해.pdf
2020-04-12 19:20:21.3373  INFO - outFiles: C:\Users\o0_0o\Documents\Document\01.데이터 모델링의 이해\13.jpg
2020-04-12 19:20:21.3642  INFO - 이미지 변환 성공!
2020-04-12 19:20:21.3642  INFO - Source image: C:\Users\o0_0o\Documents\Document\01.데이터 모델링의 이해.pdf
2020-04-12 19:20:21.3642  INFO - outFiles: C:\Users\o0_0o\Documents\Document\01.데이터 모델링의 이해\14.jpg
2020-04-12 19:20:21.3831  INFO - 이미지 변환 성공!
2020-04-12 19:20:21.3831  INFO - Source image: C:\Users\o0_0o\Documents\Document\01.데이터 모델링의 이해.pdf
2020-04-12 19:20:21.3831  INFO - outFiles: C:\Users\o0_0o\Documents\Document\01.데이터 모델링의 이해\15.jpg
2020-04-12 19:20:21.4051  INFO - 이미지 변환 성공!
2020-04-12 19:20:21.4051  INFO - Source image: C:\Users\o0_0o\Documents\Document\01.데이터 모델링의 이해.pdf
2020-04-12 19:20:21.4051  INFO - outFiles: C:\Users\o0_0o\Documents\Document\01.데이터 모델링의 이해\16.jpg
2020-04-12 19:20:21.4201  INFO - 이미지 변환 성공!
2020-04-12 19:20:21.4201  INFO - Source image: C:\Users\o0_0o\Documents\Document\01.데이터 모델링의 이해.pdf
2020-04-12 19:20:21.4201  INFO - outFiles: C:\Users\o0_0o\Documents\Document\01.데이터 모델링의 이해\17.jpg
2020-04-12 19:20:21.4400  INFO - 이미지 변환 성공!
2020-04-12 19:20:21.4400  INFO - Source image: C:\Users\o0_0o\Documents\Document\01.데이터 모델링의 이해.pdf
2020-04-12 19:20:21.4400  INFO - outFiles: C:\Users\o0_0o\Documents\Document\01.데이터 모델링의 이해\18.jpg
2020-04-12 19:20:21.4660  INFO - 이미지 변환 성공!
2020-04-12 19:20:21.4660  INFO - Source image: C:\Users\o0_0o\Documents\Document\01.데이터 모델링의 이해.pdf
2020-04-12 19:20:21.4660  INFO - outFiles: C:\Users\o0_0o\Documents\Document\01.데이터 모델링의 이해\19.jpg
2020-04-12 19:20:21.4880  INFO - 이미지 변환 성공!
2020-04-12 19:20:21.4880  INFO - Source image: C:\Users\o0_0o\Documents\Document\01.데이터 모델링의 이해.pdf
2020-04-12 19:20:21.4880  INFO - outFiles: C:\Users\o0_0o\Documents\Document\01.데이터 모델링의 이해\20.jpg
2020-04-12 19:20:21.4958  INFO - 이미지 변환 성공!
2020-04-12 19:20:21.4958  INFO - Source image: C:\Users\o0_0o\Documents\Document\01.데이터 모델링의 이해.pdf
2020-04-12 19:20:21.4958  INFO - outFiles: C:\Users\o0_0o\Documents\Document\01.데이터 모델링의 이해\21.jpg
2020-04-12 19:20:21.5158  INFO - 이미지 변환 성공!
2020-04-12 19:20:21.5158  INFO - Source image: C:\Users\o0_0o\Documents\Document\01.데이터 모델링의 이해.pdf
2020-04-12 19:20:21.5158  INFO - outFiles: C:\Users\o0_0o\Documents\Document\01.데이터 모델링의 이해\22.jpg
2020-04-12 19:20:21.5358  INFO - 이미지 변환 성공!
2020-04-12 19:20:21.5358  INFO - Source image: C:\Users\o0_0o\Documents\Document\01.데이터 모델링의 이해.pdf
2020-04-12 19:20:21.5358  INFO - outFiles: C:\Users\o0_0o\Documents\Document\01.데이터 모델링의 이해\23.jpg
2020-04-12 19:20:21.5607  INFO - 이미지 변환 성공!
2020-04-12 19:20:21.5607  INFO - Source image: C:\Users\o0_0o\Documents\Document\01.데이터 모델링의 이해.pdf
2020-04-12 19:20:21.5607  INFO - outFiles: C:\Users\o0_0o\Documents\Document\01.데이터 모델링의 이해\24.jpg
2020-04-12 19:20:21.5826  INFO - 이미지 변환 성공!
2020-04-12 19:20:21.5826  INFO - Source image: C:\Users\o0_0o\Documents\Document\01.데이터 모델링의 이해.pdf
2020-04-12 19:20:21.5826  INFO - outFiles: C:\Users\o0_0o\Documents\Document\01.데이터 모델링의 이해\25.jpg
2020-04-12 19:20:21.6026  INFO - 이미지 변환 성공!
2020-04-12 19:20:21.6026  INFO - Source image: C:\Users\o0_0o\Documents\Document\01.데이터 모델링의 이해.pdf
2020-04-12 19:20:21.6026  INFO - outFiles: C:\Users\o0_0o\Documents\Document\01.데이터 모델링의 이해\26.jpg
2020-04-12 19:20:21.6245  INFO - 이미지 변환 성공!
2020-04-12 19:20:21.6245  INFO - Source image: C:\Users\o0_0o\Documents\Document\01.데이터 모델링의 이해.pdf
2020-04-12 19:20:21.6245  INFO - outFiles: C:\Users\o0_0o\Documents\Document\01.데이터 모델링의 이해\27.jpg
2020-04-12 19:20:21.6385  INFO - 이미지 변환 성공!
2020-04-12 19:20:21.6385  INFO - Source image: C:\Users\o0_0o\Documents\Document\01.데이터 모델링의 이해.pdf
2020-04-12 19:20:21.6385  INFO - outFiles: C:\Users\o0_0o\Documents\Document\01.데이터 모델링의 이해\28.jpg
2020-04-12 19:20:21.6644  INFO - 이미지 변환 성공!
2020-04-12 19:20:21.6644  INFO - Source image: C:\Users\o0_0o\Documents\Document\01.데이터 모델링의 이해.pdf
2020-04-12 19:20:21.6644  INFO - outFiles: C:\Users\o0_0o\Documents\Document\01.데이터 모델링의 이해\29.jpg
2020-04-12 19:20:21.6823  INFO - 이미지 변환 성공!
2020-04-12 19:20:21.6823  INFO - Source image: C:\Users\o0_0o\Documents\Document\01.데이터 모델링의 이해.pdf
2020-04-12 19:20:21.6823  INFO - outFiles: C:\Users\o0_0o\Documents\Document\01.데이터 모델링의 이해\30.jpg
2020-04-12 19:20:21.7033  INFO - 이미지 변환 성공!
2020-04-12 19:20:21.7033  INFO - Source image: C:\Users\o0_0o\Documents\Document\01.데이터 모델링의 이해.pdf
2020-04-12 19:20:21.7033  INFO - outFiles: C:\Users\o0_0o\Documents\Document\01.데이터 모델링의 이해\31.jpg
2020-04-12 19:20:21.7192  INFO - 이미지 변환 성공!
2020-04-12 19:20:21.7192  INFO - Source image: C:\Users\o0_0o\Documents\Document\01.데이터 모델링의 이해.pdf
2020-04-12 19:20:21.7192  INFO - outFiles: C:\Users\o0_0o\Documents\Document\01.데이터 모델링의 이해\32.jpg
2020-04-12 19:20:21.7392  INFO - 이미지 변환 성공!
2020-04-12 19:20:21.7392  INFO - Source image: C:\Users\o0_0o\Documents\Document\01.데이터 모델링의 이해.pdf
2020-04-12 19:20:21.7392  INFO - outFiles: C:\Users\o0_0o\Documents\Document\01.데이터 모델링의 이해\33.jpg
2020-04-12 19:20:21.7502  INFO - 이미지 변환 성공!
2020-04-12 19:20:21.7502  INFO - Source image: C:\Users\o0_0o\Documents\Document\01.데이터 모델링의 이해.pdf
2020-04-12 19:20:21.7502  INFO - outFiles: C:\Users\o0_0o\Documents\Document\01.데이터 모델링의 이해\34.jpg
2020-04-12 19:20:21.7671  INFO - 이미지 변환 성공!
2020-04-12 19:20:21.7671  INFO - Source image: C:\Users\o0_0o\Documents\Document\01.데이터 모델링의 이해.pdf
2020-04-12 19:20:21.7671  INFO - outFiles: C:\Users\o0_0o\Documents\Document\01.데이터 모델링의 이해\35.jpg
2020-04-12 19:20:21.7891  INFO - 이미지 변환 성공!
2020-04-12 19:20:21.7901  INFO - Source image: C:\Users\o0_0o\Documents\Document\01.데이터 모델링의 이해.pdf
2020-04-12 19:20:21.7901  INFO - outFiles: C:\Users\o0_0o\Documents\Document\01.데이터 모델링의 이해\36.jpg
2020-04-12 19:20:21.8110  INFO - 이미지 변환 성공!
2020-04-12 19:20:21.8110  INFO - Source image: C:\Users\o0_0o\Documents\Document\01.데이터 모델링의 이해.pdf
2020-04-12 19:20:21.8110  INFO - outFiles: C:\Users\o0_0o\Documents\Document\01.데이터 모델링의 이해\37.jpg
2020-04-12 19:20:21.8310  INFO - 이미지 변환 성공!
2020-04-12 19:20:21.8310  INFO - Source image: C:\Users\o0_0o\Documents\Document\01.데이터 모델링의 이해.pdf
2020-04-12 19:20:21.8310  INFO - outFiles: C:\Users\o0_0o\Documents\Document\01.데이터 모델링의 이해\38.jpg
2020-04-12 19:20:21.8479  INFO - 이미지 변환 성공!
2020-04-12 19:20:21.8479  INFO - Source image: C:\Users\o0_0o\Documents\Document\01.데이터 모델링의 이해.pdf
2020-04-12 19:20:21.8479  INFO - outFiles: C:\Users\o0_0o\Documents\Document\01.데이터 모델링의 이해\39.jpg
2020-04-12 19:20:21.8649  INFO - 이미지 변환 성공!
2020-04-12 19:20:21.8649  INFO - Source image: C:\Users\o0_0o\Documents\Document\01.데이터 모델링의 이해.pdf
2020-04-12 19:20:21.8649  INFO - outFiles: C:\Users\o0_0o\Documents\Document\01.데이터 모델링의 이해\40.jpg
2020-04-12 19:20:21.8728  INFO - 이미지 변환 성공!
2020-04-12 19:20:21.8728  INFO - Source image: C:\Users\o0_0o\Documents\Document\01.데이터 모델링의 이해.pdf
2020-04-12 19:20:21.8728  INFO - outFiles: C:\Users\o0_0o\Documents\Document\01.데이터 모델링의 이해\41.jpg
2020-04-12 19:20:21.8918  INFO - 이미지 변환 성공!
2020-04-12 19:20:21.8918  INFO - Source image: C:\Users\o0_0o\Documents\Document\01.데이터 모델링의 이해.pdf
2020-04-12 19:20:21.8918  INFO - outFiles: C:\Users\o0_0o\Documents\Document\01.데이터 모델링의 이해\42.jpg
2020-04-12 19:20:21.9087  INFO - 이미지 변환 성공!
2020-04-12 19:20:21.9087  INFO - Source image: C:\Users\o0_0o\Documents\Document\01.데이터 모델링의 이해.pdf
2020-04-12 19:20:21.9087  INFO - outFiles: C:\Users\o0_0o\Documents\Document\01.데이터 모델링의 이해\43.jpg
2020-04-12 19:20:21.9277  INFO - 이미지 변환 성공!
2020-04-12 19:20:21.9277  INFO - Source image: C:\Users\o0_0o\Documents\Document\01.데이터 모델링의 이해.pdf
2020-04-12 19:20:21.9277  INFO - outFiles: C:\Users\o0_0o\Documents\Document\01.데이터 모델링의 이해\44.jpg
2020-04-12 19:20:21.9526  INFO - 이미지 변환 성공!
2020-04-12 19:20:21.9526  INFO - Source image: C:\Users\o0_0o\Documents\Document\01.데이터 모델링의 이해.pdf
2020-04-12 19:20:21.9526  INFO - outFiles: C:\Users\o0_0o\Documents\Document\01.데이터 모델링의 이해\45.jpg
2020-04-12 19:20:21.9845  INFO - 이미지 변환 성공!
2020-04-12 19:20:21.9845  INFO - Source image: C:\Users\o0_0o\Documents\Document\01.데이터 모델링의 이해.pdf
2020-04-12 19:20:21.9845  INFO - outFiles: C:\Users\o0_0o\Documents\Document\01.데이터 모델링의 이해\46.jpg
2020-04-12 19:20:22.0055  INFO - 이미지 변환 성공!
2020-04-12 19:20:22.0055  INFO - Source image: C:\Users\o0_0o\Documents\Document\01.데이터 모델링의 이해.pdf
2020-04-12 19:20:22.0055  INFO - outFiles: C:\Users\o0_0o\Documents\Document\01.데이터 모델링의 이해\47.jpg
2020-04-12 19:20:22.0245  INFO - 이미지 변환 성공!
2020-04-12 19:20:22.0245  INFO - Source image: C:\Users\o0_0o\Documents\Document\01.데이터 모델링의 이해.pdf
2020-04-12 19:20:22.0245  INFO - outFiles: C:\Users\o0_0o\Documents\Document\01.데이터 모델링의 이해\48.jpg
2020-04-12 19:20:22.0484  INFO - 이미지 변환 성공!
2020-04-12 19:20:22.0484  INFO - Source image: C:\Users\o0_0o\Documents\Document\01.데이터 모델링의 이해.pdf
2020-04-12 19:20:22.0484  INFO - outFiles: C:\Users\o0_0o\Documents\Document\01.데이터 모델링의 이해\49.jpg
2020-04-12 19:20:22.0714  INFO - 이미지 변환 성공!
2020-04-12 19:20:22.0714  INFO - Source image: C:\Users\o0_0o\Documents\Document\01.데이터 모델링의 이해.pdf
2020-04-12 19:20:22.0714  INFO - outFiles: C:\Users\o0_0o\Documents\Document\01.데이터 모델링의 이해\50.jpg
2020-04-12 19:20:22.0933  INFO - 이미지 변환 성공!
2020-04-12 19:20:22.0933  INFO - Source image: C:\Users\o0_0o\Documents\Document\01.데이터 모델링의 이해.pdf
2020-04-12 19:20:22.0933  INFO - outFiles: C:\Users\o0_0o\Documents\Document\01.데이터 모델링의 이해\51.jpg
2020-04-12 19:20:22.1172  INFO - 이미지 변환 성공!
2020-04-12 19:20:22.1182  INFO - Source image: C:\Users\o0_0o\Documents\Document\01.데이터 모델링의 이해.pdf
2020-04-12 19:20:22.1182  INFO - outFiles: C:\Users\o0_0o\Documents\Document\01.데이터 모델링의 이해\52.jpg
2020-04-12 19:20:22.1461  INFO - 이미지 변환 성공!
2020-04-12 19:20:22.1461  INFO - Source image: C:\Users\o0_0o\Documents\Document\01.데이터 모델링의 이해.pdf
2020-04-12 19:20:22.1461  INFO - outFiles: C:\Users\o0_0o\Documents\Document\01.데이터 모델링의 이해\53.jpg
2020-04-12 19:20:22.1631  INFO - 이미지 변환 성공!
2020-04-12 19:20:22.1631  INFO - Source image: C:\Users\o0_0o\Documents\Document\01.데이터 모델링의 이해.pdf
2020-04-12 19:20:22.1631  INFO - outFiles: C:\Users\o0_0o\Documents\Document\01.데이터 모델링의 이해\54.jpg
2020-04-12 19:20:22.1950  INFO - 이미지 변환 성공!
2020-04-12 19:20:22.1980  INFO - Source image: C:\Users\o0_0o\Documents\Document\01.데이터 모델링의 이해.pdf
2020-04-12 19:20:22.1980  INFO - outFiles: C:\Users\o0_0o\Documents\Document\01.데이터 모델링의 이해\55.jpg
2020-04-12 20:23:30.3264  INFO - ==================== Start ====================
2020-04-12 20:23:30.3463  INFO - Method: HwpSaveAs, FilePath: C:\Users\o0_0o\Documents\Document\Hwp.hwp, outPath: C:\Users\o0_0o\Documents\Document\Hwp.pdf
2020-04-12 20:23:30.3463  INFO - 파일 언락 성공!
2020-04-12 20:23:34.8712  INFO - ==================== End ====================
2020-04-12 20:24:30.8450  INFO - ==================== Start ====================
2020-04-12 20:24:30.8699  INFO - Method: HwpSaveAs, FilePath: C:\Users\o0_0o\Documents\Document\Hwp.hwp, outPath: C:\Users\o0_0o\Documents\Document\Hwp.pdf
2020-04-12 20:24:30.8699  INFO - 파일 언락 성공!
2020-04-12 20:24:35.0756  INFO - ==================== End ====================
2020-04-12 20:24:56.5206  INFO - ==================== Start ====================
2020-04-12 20:24:56.5395  INFO - Method: HwpSaveAs, FilePath: C:\Users\o0_0o\Documents\Document\5.18 민중항쟁.hwp, outPath: C:\Users\o0_0o\Documents\Document\5.18 민중항쟁.pdf
2020-04-12 20:24:56.5395  INFO - 파일 언락 성공!
2020-04-12 20:25:02.8542  INFO - ==================== End ====================
2020-04-12 20:29:19.8181  INFO - ==================== Start ====================
2020-04-12 20:29:19.8410  INFO - Method: HwpSaveAs, FilePath: C:\Users\o0_0o\Documents\Document\5.18 민중항쟁.hwp, outPath: C:\Users\o0_0o\Documents\Document\5.18 민중항쟁.pdf
2020-04-12 20:29:19.8410  INFO - 파일 언락 성공!
2020-04-12 20:29:26.4838  INFO - ==================== End ====================
2020-04-12 20:33:21.9715  INFO - ==================== Start ====================
2020-04-12 20:33:21.9913  INFO - Method: HwpSaveAs, FilePath: C:\Users\o0_0o\Documents\Document\5.18 민중항쟁.hwp, outPath: C:\Users\o0_0o\Documents\Document\5.18 민중항쟁.pdf
2020-04-12 20:33:21.9933  INFO - 파일 언락 성공!
2020-04-12 20:33:28.0891  INFO - ==================== End ====================
2020-04-12 20:36:48.8022  INFO - ==================== Start ====================
2020-04-12 20:36:48.8212  INFO - Method: HwpSaveAs, FilePath: C:\Users\o0_0o\Documents\Document\Hwp.hwp, outPath: C:\Users\o0_0o\Documents\Document\Hwp.pdf
2020-04-12 20:36:48.8212  INFO - 파일 언락 성공!
2020-04-12 20:36:52.7227  INFO - ==================== End ====================
2020-04-12 20:37:05.7002  INFO - ==================== Start ====================
2020-04-12 20:37:05.7002  INFO - Method: HwpSaveAs, FilePath: C:\Users\o0_0o\Documents\Document\Hwp.hwp, outPath: C:\Users\o0_0o\Documents\Document\Hwp.pdf
2020-04-12 20:37:05.7002  INFO - 파일 언락 성공!
2020-04-12 20:37:06.6560  INFO - ==================== End ====================
2020-04-12 20:37:43.7063  INFO - ==================== Start ====================
2020-04-12 20:37:43.7262  INFO - Method: HwpSaveAs, FilePath: C:\Users\o0_0o\Documents\Document\Hwp.hwp, outPath: C:\Users\o0_0o\Documents\Document\Hwp.pdf
2020-04-12 20:37:43.7292  INFO - 파일 언락 성공!
2020-04-12 20:37:47.6098  INFO - ==================== End ====================
