2020-05-04 20:37:28.1730  INFO - [INFO] 데이터 경로: C:\Data
2020-05-04 20:37:28.1730  INFO - [INFO] 클라이언트 키: B29D00A3 - F825 - 4EB7 - 93C1 - A77F5E31A7C2
2020-05-04 20:37:28.1800  INFO - [INFO] 오피스 디버깅모드: True
2020-05-04 20:37:28.1800  INFO - [INFO] 웹 캡쳐 모드: Phantom JS
2020-05-04 20:37:28.1800  INFO - [INFO] 웹 캡쳐 타임아웃: 30초
2020-05-04 20:37:28.1800  INFO - [INFO] 한글 DLL을 레지스트리에 등록하였습니다.
2020-05-04 20:37:28.1800  INFO - [Scheduler] 스케줄러가 실행중입니다. 작업공간 정리 스케줄러: 3일   로그 정리 스케줄러: 10일
2020-05-04 20:37:28.3037  INFO - [Web Socket] Server Listening...
2020-05-04 20:37:28.3037  INFO - [Web Socket][INFO] IP: 0.0.0.0   포트: 12000
2020-05-04 20:38:09.0179  INFO - [INFO] 데이터 경로: C:\Data
2020-05-04 20:38:09.0210  INFO - [INFO] 클라이언트 키: B29D00A3 - F825 - 4EB7 - 93C1 - A77F5E31A7C2
2020-05-04 20:38:09.0210  INFO - [INFO] 오피스 디버깅모드: True
2020-05-04 20:38:09.0210  INFO - [INFO] 웹 캡쳐 모드: Phantom JS
2020-05-04 20:38:09.0210  INFO - [INFO] 웹 캡쳐 타임아웃: 30초
2020-05-04 20:38:09.0210  INFO - [INFO] 한글 DLL을 레지스트리에 등록하였습니다.
2020-05-04 20:38:09.0210  INFO - [Scheduler] 스케줄러가 실행중입니다. 작업공간 정리 스케줄러: 3일   로그 정리 스케줄러: 10일
2020-05-04 20:38:09.2648  INFO - [Web Socket] Server Listening...
2020-05-04 20:38:09.2648  INFO - [Web Socket][INFO] IP: 0.0.0.0   포트: 12000
2020-05-04 20:43:11.3345  INFO - [INFO] 데이터 경로: C:\Data
2020-05-04 20:43:11.3345  INFO - [INFO] 클라이언트 키: B29D00A3 - F825 - 4EB7 - 93C1 - A77F5E31A7C2
2020-05-04 20:43:11.3345  INFO - [INFO] 오피스 디버깅모드: True
2020-05-04 20:43:11.3345  INFO - [INFO] 웹 캡쳐 모드: Phantom JS
2020-05-04 20:43:11.3345  INFO - [INFO] 웹 캡쳐 타임아웃: 30초
2020-05-04 20:43:11.3345  INFO - [INFO] 한글 DLL을 레지스트리에 등록하였습니다.
2020-05-04 20:43:11.3345  INFO - [Scheduler] 스케줄러가 실행중입니다. 작업공간 정리 스케줄러: 3일   로그 정리 스케줄러: 10일
2020-05-04 20:43:11.3591  INFO - 
2020-05-04 20:43:11.5624  INFO - [Web Socket] Server Listening...
2020-05-04 20:43:11.5624  INFO - [Web Socket][INFO] IP: 0.0.0.0   포트: 12000
2020-05-04 20:44:15.8017  INFO - [INFO] 데이터 경로: C:\Data
2020-05-04 20:44:15.8054  INFO - [INFO] 클라이언트 키: B29D00A3 - F825 - 4EB7 - 93C1 - A77F5E31A7C2
2020-05-04 20:44:15.8054  INFO - [INFO] 오피스 디버깅모드: True
2020-05-04 20:44:15.8054  INFO - [INFO] 웹 캡쳐 모드: Phantom JS
2020-05-04 20:44:15.8054  INFO - [INFO] 웹 캡쳐 타임아웃: 30초
2020-05-04 20:44:15.8207  INFO - [INFO] 한글 DLL을 레지스트리에 등록하였습니다.
2020-05-04 20:44:15.8207  INFO - [Scheduler] 스케줄러가 실행중입니다. 작업공간 정리 스케줄러: 3일   로그 정리 스케줄러: 10일
2020-05-04 20:44:15.8508  INFO - 웹 소켓 응답 타임아웃: 1분 0초
2020-05-04 20:44:16.0374  INFO - [Web Socket] Server Listening...
2020-05-04 20:44:16.0374  INFO - [Web Socket][INFO] IP: 0.0.0.0   포트: 12000
2020-05-04 20:44:53.2670  INFO - [INFO] 데이터 경로: C:\Data
2020-05-04 20:44:53.2670  INFO - [INFO] 클라이언트 키: B29D00A3 - F825 - 4EB7 - 93C1 - A77F5E31A7C2
2020-05-04 20:44:53.2670  INFO - [INFO] 오피스 디버깅모드: True
2020-05-04 20:44:53.2670  INFO - [INFO] 웹 캡쳐 모드: Phantom JS
2020-05-04 20:44:53.2670  INFO - [INFO] 웹 캡쳐 타임아웃: 30초
2020-05-04 20:44:53.2712  INFO - [INFO] 한글 DLL을 레지스트리에 등록하였습니다.
2020-05-04 20:44:53.2712  INFO - [Scheduler] 스케줄러가 실행중입니다. 작업공간 정리 스케줄러: 3일   로그 정리 스케줄러: 10일
2020-05-04 20:44:53.2712  INFO - 웹 소켓 응답 타임아웃: 2분 0초
2020-05-04 20:44:53.4343  INFO - [Web Socket] Server Listening...
2020-05-04 20:44:53.4343  INFO - [Web Socket][INFO] IP: 0.0.0.0   포트: 12000
2020-05-04 20:46:47.2776  INFO - [INFO] 데이터 경로: C:\Data
2020-05-04 20:46:47.2776  INFO - [INFO] 클라이언트 키: B29D00A3 - F825 - 4EB7 - 93C1 - A77F5E31A7C2
2020-05-04 20:46:47.2776  INFO - [INFO] 오피스 디버깅모드: True
2020-05-04 20:46:47.2776  INFO - [INFO] 웹 캡쳐 모드: Phantom JS
2020-05-04 20:46:47.2776  INFO - [INFO] 웹 캡쳐 타임아웃: 30초
2020-05-04 20:46:47.2889  INFO - [INFO] 한글 DLL을 레지스트리에 등록하였습니다.
2020-05-04 20:46:47.2889  INFO - [Scheduler] 스케줄러가 실행중입니다. 작업공간 정리 스케줄러: 3일   로그 정리 스케줄러: 10일
2020-05-04 20:46:47.3047  INFO - [Web Socket] 웹 소켓 응답 타임아웃: 2분 0초
2020-05-04 20:46:47.4984  INFO - [Web Socket] Server Listening...
2020-05-04 20:46:47.4984  INFO - [Web Socket][INFO] IP: 0.0.0.0   포트: 12000
