2021-03-02 21:59:07.2873  INFO - ==================== Start ====================
2021-03-02 21:59:07.2873  INFO - Method: WordSaveAs, FilePath: C:\workspace\data\20210302\243D3FE4D0D4594EACF0995A30DEA3E6\1장.docx, outPath: C:\workspace\data\20210302\243D3FE4D0D4594EACF0995A30DEA3E6\1장.pdf, docPassword: 
2021-03-02 21:59:10.1034  INFO - Conversion success
2021-03-02 21:59:10.2476  INFO - ==================== End ====================
2021-03-02 22:23:03.4285  INFO - ==================== Start ====================
2021-03-02 22:23:03.4285  INFO - Method: ExcelSaveAs, FilePath: C:\workspace\data\20210302\BFF0CED46552E55EEF1B895A83577D5F\Excel 시작1.xlsx, outPath: C:\workspace\data\20210302\BFF0CED46552E55EEF1B895A83577D5F\Excel 시작1.pdf, docPassword: 
2021-03-02 22:23:14.6590  INFO - Conversion success
2021-03-02 22:23:15.2701  INFO - ==================== End ====================
2021-03-02 22:30:25.0057  INFO - ==================== Start ====================
2021-03-02 22:30:25.0057  INFO - Method: WordSaveAs, FilePath: C:\workspace\data\20210302\6C63F3FD7FC63D3957BC7556728C63B5\5장.docx, outPath: C:\workspace\data\20210302\6C63F3FD7FC63D3957BC7556728C63B5\5장.pdf, docPassword: 
2021-03-02 22:30:27.4493  INFO - Conversion success
2021-03-02 22:30:27.5599  INFO - ==================== End ====================
2021-03-02 22:30:32.9893  INFO - ==================== Start ====================
2021-03-02 22:30:32.9893  INFO - Method: HwpSaveAs, FilePath: C:\workspace\data\20210302\2B699FCE2A5094957B24445F97FCE8CC\Welcome to Hwp.hwp, outPath: C:\workspace\data\20210302\2B699FCE2A5094957B24445F97FCE8CC\Welcome to Hwp.pdf
2021-03-02 22:30:38.4220  INFO - ==================== End ====================
2021-03-02 22:35:36.5844  INFO - ==================== Start ====================
2021-03-02 22:35:36.5844  INFO - Method: ExcelSaveAs, FilePath: C:\workspace\data\20210302\056510B3AC0E69062AF8B8335CDF5E60\5장.xlsx, outPath: C:\workspace\data\20210302\056510B3AC0E69062AF8B8335CDF5E60\5장.pdf, docPassword: 
2021-03-02 22:35:37.9696  INFO - Conversion success
2021-03-02 22:35:38.6429  INFO - ==================== End ====================
2021-03-02 22:35:52.6453  INFO - ==================== Start ====================
2021-03-02 22:35:52.6453  INFO - Method: WordSaveAs, FilePath: C:\workspace\data\20210302\0452378B72766F4FD0EE9110A9975F6B\Word 시작.docx, outPath: C:\workspace\data\20210302\0452378B72766F4FD0EE9110A9975F6B\Word 시작.pdf, docPassword: 
2021-03-02 22:35:55.9803  INFO - Conversion success
2021-03-02 22:35:56.1284  INFO - ==================== End ====================
2021-03-02 22:36:01.3967  INFO - ==================== Start ====================
2021-03-02 22:36:01.3967  INFO - Method: PowerPointSaveAs, FilePath: C:\workspace\data\20210302\AF49679A99A8C8C83F1F34955CF43346\PowerPoint 시작.pptx, outPath: C:\workspace\data\20210302\AF49679A99A8C8C83F1F34955CF43346\PowerPoint 시작.pdf, docPassword: 
2021-03-02 22:36:04.8648  INFO - Conversion success
2021-03-02 22:36:04.8648  INFO - ==================== End ====================
