2020-05-05 12:34:43.6479 TRACE - [Scheduler] 다음 스케줄러 작동시간: 2020-05-06 오전 1:00:00
2020-05-05 12:35:54.8963 TRACE - [Scheduler] 다음 스케줄러 작동시간: 2020-05-06 오전 1:00:00
2020-05-05 12:37:11.1617 TRACE - [Scheduler] 다음 스케줄러 작동시간: 2020-05-06 오전 1:00:00
2020-05-05 12:37:53.1797 TRACE - [Scheduler] 다음 스케줄러 작동시간: 2020-05-06 오전 1:00:00
2020-05-05 12:38:41.8190 TRACE - [Scheduler] 다음 스케줄러 작동시간: 2020-05-06 오전 1:00:00
2020-05-05 12:41:06.4909 TRACE - [Scheduler] 다음 스케줄러 작동시간: 2020-05-06 오전 1:00:00
2020-05-05 12:44:02.2865 TRACE - [Scheduler] 다음 스케줄러 작동시간: 2020-05-06 오전 1:00:00
2020-05-05 14:43:24.3421 TRACE - [Scheduler] 다음 스케줄러 작동시간: 2020-05-06 오전 1:00:00
2020-05-05 14:44:16.5308 TRACE - [Scheduler] 다음 스케줄러 작동시간: 2020-05-06 오전 1:00:00
2020-05-05 14:47:44.6994 TRACE - [Scheduler] 다음 스케줄러 작동시간: 2020-05-06 오전 1:00:00
2020-05-05 14:48:15.0326 TRACE - [Scheduler] 다음 스케줄러 작동시간: 2020-05-06 오전 1:00:00
2020-05-05 14:49:27.1687 TRACE - [Scheduler] 다음 스케줄러 작동시간: 2020-05-06 오전 1:00:00
2020-05-05 14:51:46.9662 TRACE - [Scheduler] 다음 스케줄러 작동시간: 2020-05-06 오전 1:00:00
2020-05-05 15:03:34.4484 TRACE - [Scheduler] 다음 스케줄러 작동시간: 2020-05-06 오전 1:00:00
2020-05-05 15:04:58.3412 TRACE - [Scheduler] 다음 스케줄러 작동시간: 2020-05-06 오전 1:00:00
2020-05-05 15:05:28.7294 TRACE - [Scheduler] 다음 스케줄러 작동시간: 2020-05-06 오전 1:00:00
2020-05-05 15:06:03.1199 TRACE - [Scheduler] 다음 스케줄러 작동시간: 2020-05-06 오전 1:00:00
2020-05-05 15:07:22.7939 TRACE - ┏━━━┓╋╋╋╋╋┏━━━┓╋╋╋╋╋╋╋╋╋╋╋╋╋┏┓╋┏━━━┓
┗┓┏┓┃╋╋╋╋╋┃┏━┓┃╋╋╋╋╋╋╋╋╋╋╋╋┏┛┗┓┃┏━┓┃
╋┃┃┃┣━━┳━━┫┃╋┗╋━━┳━┓┏┓┏┳━━┳┻┓┏┛┃┗━━┳━━┳━┳┓┏┳━━┳━┓
╋┃┃┃┃┏┓┃┏━┫┃╋┏┫┏┓┃┏┓┫┗┛┃┃━┫┏┫┃╋┗━━┓┃┃━┫┏┫┗┛┃┃━┫┏┛
┏┛┗┛┃┗┛┃┗━┫┗━┛┃┗┛┃┃┃┣┓┏┫┃━┫┃┃┗┓┃┗━┛┃┃━┫┃┗┓┏┫┃━┫┃
┗━━━┻━━┻━━┻━━━┻━━┻┛┗┛┗┛┗━━┻┛┗━┛┗━━━┻━━┻┛╋┗┛┗━━┻┛

2020-05-05 15:07:23.0105 TRACE - [Scheduler] 다음 스케줄러 작동시간: 2020-05-06 오전 1:00:00
2020-05-05 15:08:38.0903 TRACE - [Scheduler] 다음 스케줄러 작동시간: 2020-05-06 오전 1:00:00
2020-05-05 15:09:33.8567 TRACE - [Scheduler] 다음 스케줄러 작동시간: 2020-05-06 오전 1:00:00
2020-05-05 15:09:59.2449 TRACE - [Scheduler] 다음 스케줄러 작동시간: 2020-05-06 오전 1:00:00
2020-05-05 15:10:10.9653 TRACE - [Scheduler] 다음 스케줄러 작동시간: 2020-05-06 오전 1:00:00
2020-05-05 15:10:52.1876 TRACE - [Scheduler] 다음 스케줄러 작동시간: 2020-05-06 오전 1:00:00
2020-05-05 15:11:30.0576 TRACE - [Scheduler] 다음 스케줄러 작동시간: 2020-05-06 오전 1:00:00
2020-05-05 15:12:23.4190 TRACE - [Scheduler] 다음 스케줄러 작동시간: 2020-05-06 오전 1:00:00
2020-05-05 15:16:14.9969 TRACE - [Scheduler] 다음 스케줄러 작동시간: 2020-05-06 오전 1:00:00
2020-05-05 15:21:51.5599 TRACE - [Scheduler] 다음 스케줄러 작동시간: 2020-05-06 오전 1:00:00
2020-05-05 15:24:21.1521 TRACE - [Scheduler] 다음 스케줄러 작동시간: 2020-05-06 오전 1:00:00
2020-05-05 15:24:49.6544 TRACE - [Scheduler] 다음 스케줄러 작동시간: 2020-05-06 오전 1:00:00
2020-05-05 15:25:25.7925 TRACE - [Scheduler] 다음 스케줄러 작동시간: 2020-05-06 오전 1:00:00
2020-05-05 15:27:01.6373 TRACE - [Scheduler] 다음 스케줄러 작동시간: 2020-05-06 오전 1:00:00
2020-05-05 15:27:58.9177 TRACE - [Scheduler] 다음 스케줄러 작동시간: 2020-05-06 오전 1:00:00
2020-05-05 15:29:15.3254 TRACE - [Scheduler] 다음 스케줄러 작동시간: 2020-05-06 오전 1:00:00
2020-05-05 15:29:47.2605 TRACE - [Scheduler] 다음 스케줄러 작동시간: 2020-05-06 오전 1:00:00
2020-05-05 15:31:04.6989 TRACE - [Scheduler] 다음 스케줄러 작동시간: 2020-05-06 오전 1:00:00
2020-05-05 15:32:35.1670 TRACE - [Scheduler] 다음 스케줄러 작동시간: 2020-05-06 오전 1:00:00
2020-05-05 15:32:58.1049 TRACE - [Scheduler] 다음 스케줄러 작동시간: 2020-05-06 오전 1:00:00
2020-05-05 15:35:31.8288 TRACE - [Scheduler] 다음 스케줄러 작동시간: 2020-05-06 오전 1:00:00
2020-05-05 15:39:01.4964 TRACE - [Scheduler] 다음 스케줄러 작동시간: 2020-05-06 오전 1:00:00
2020-05-05 15:41:46.0619 TRACE - [Scheduler] 다음 스케줄러 작동시간: 2020-05-06 오전 1:00:00
2020-05-05 15:43:19.8274 TRACE - [Scheduler] 다음 스케줄러 작동시간: 2020-05-06 오전 1:00:00
2020-05-05 15:43:57.5109 TRACE - [Scheduler] 다음 스케줄러 작동시간: 2020-05-06 오전 1:00:00
2020-05-05 15:44:52.9490 TRACE - [Scheduler] 다음 스케줄러 작동시간: 2020-05-06 오전 1:00:00
2020-05-05 15:47:17.4645 TRACE - 삭제된 개체에 액세스할 수 없습니다.
개체 이름: 'System.Net.Sockets.Socket'
2020-05-05 15:48:17.5744 TRACE - [Scheduler] 다음 스케줄러 작동시간: 2020-05-06 오전 1:00:00
2020-05-05 15:48:48.0576 TRACE - [Scheduler] 다음 스케줄러 작동시간: 2020-05-06 오전 1:00:00
2020-05-05 15:49:54.2634 TRACE - [Scheduler] 다음 스케줄러 작동시간: 2020-05-06 오전 1:00:00
2020-05-05 15:50:47.9641 TRACE - [Scheduler] 다음 스케줄러 작동시간: 2020-05-06 오전 1:00:00
2020-05-05 15:51:25.1535 TRACE - [Scheduler] 다음 스케줄러 작동시간: 2020-05-06 오전 1:00:00
2020-05-05 15:51:42.4979 TRACE - [Scheduler] 다음 스케줄러 작동시간: 2020-05-06 오전 1:00:00
2020-05-05 15:52:03.4768 TRACE - [Scheduler] 다음 스케줄러 작동시간: 2020-05-06 오전 1:00:00
2020-05-05 15:52:30.2003 TRACE - [Scheduler] 다음 스케줄러 작동시간: 2020-05-06 오전 1:00:00
2020-05-05 15:53:41.7140 TRACE - [Scheduler] 다음 스케줄러 작동시간: 2020-05-06 오전 1:00:00
2020-05-05 15:54:56.5976 TRACE - [Scheduler] 다음 스케줄러 작동시간: 2020-05-06 오전 12:59:59
2020-05-05 15:55:43.1889 TRACE - [Scheduler] 다음 스케줄러 작동시간: 2020-05-06 오전 12:59:59
2020-05-05 15:56:07.9904 TRACE - [Scheduler] 다음 스케줄러 작동시간: 2020-05-06 오전 12:59:59
2020-05-05 15:56:19.9364 TRACE - [Scheduler] 다음 스케줄러 작동시간: 2020-05-06 오전 12:59:59
2020-05-05 15:58:43.2961 TRACE - [Scheduler] 다음 스케줄러 작동시간: 2020-05-06 오전 1:00:00
2020-05-05 15:58:56.1991 TRACE - [Scheduler] 다음 스케줄러 작동시간: 2020-05-06 오전 1:00:00
2020-05-05 16:02:59.6606 TRACE - [Scheduler] 다음 스케줄러 작동시간: 2020-05-06 오전 12:59:59
2020-05-05 16:06:36.7756 TRACE - [Scheduler] 다음 스케줄러 작동시간: 2020-05-06 오전 12:59:59
2020-05-05 16:07:17.2985 TRACE - [Scheduler] 다음 스케줄러 작동시간: 2020-05-06 오전 12:59:59
2020-05-05 16:07:36.9236 TRACE - [Scheduler] 다음 스케줄러 작동시간: 2020-05-06 오전 12:59:59
2020-05-05 16:07:56.9369 TRACE - [Scheduler] 다음 스케줄러 작동시간: 2020-05-06 오전 12:59:59
2020-05-05 16:08:50.8439 TRACE - [Scheduler] 다음 스케줄러 작동시간: 2020-05-06 오전 12:59:59
2020-05-05 16:09:14.5029 TRACE - [Scheduler] 다음 스케줄러 작동시간: 2020-05-06 오전 12:59:59
2020-05-05 16:09:35.7786 TRACE - [Scheduler] 다음 스케줄러 작동시간: 2020-05-06 오전 12:59:59
2020-05-05 16:10:44.8596 TRACE - [Scheduler] 다음 스케줄러 작동시간: 2020-05-06 오전 1:00:00
2020-05-05 16:11:56.6409 TRACE - [Scheduler] 다음 스케줄러 작동시간: 2020-05-06 오전 1:00:00
2020-05-05 16:12:21.4809 TRACE - [Scheduler] 다음 스케줄러 작동시간: 2020-05-06 오전 12:59:59
2020-05-05 16:13:56.4157 TRACE - [Scheduler] 다음 스케줄러 작동시간: 2020-05-06 오전 12:59:59
2020-05-05 16:15:49.3147 TRACE - [Scheduler] 다음 스케줄러 작동시간: 2020-05-06 오전 1:00:00
2020-05-05 16:16:40.5501 TRACE - [Scheduler] 다음 스케줄러 작동시간: 2020-05-06 오전 12:59:59
2020-05-05 16:16:55.6894 TRACE - [Scheduler] 다음 스케줄러 작동시간: 2020-05-06 오전 12:59:59
2020-05-05 16:17:38.6695 TRACE - [Scheduler] 다음 스케줄러 작동시간: 2020-05-06 오전 12:59:59
2020-05-05 16:18:53.8522 TRACE - [Scheduler] 다음 스케줄러 작동시간: 2020-05-06 오전 12:59:59
2020-05-05 16:19:18.4188 TRACE - [Scheduler] 다음 스케줄러 작동시간: 2020-05-06 오전 12:59:59
2020-05-05 16:21:30.8744 TRACE - [Scheduler] 다음 스케줄러 작동시간: 2020-05-06 오전 12:59:59
2020-05-05 16:26:23.2664 TRACE - [Scheduler] 다음 스케줄러 작동시간: 2020-05-06 오전 12:59:59
2020-05-05 16:27:07.5094 TRACE - [Scheduler] 다음 스케줄러 작동시간: 2020-05-06 오전 12:59:59
2020-05-05 16:30:20.8357 TRACE - [Scheduler] 다음 스케줄러 작동시간: 2020-05-06 오전 12:59:59
2020-05-05 16:32:51.1067 TRACE - [Scheduler] 다음 스케줄러 작동시간: 2020-05-06 오전 12:59:59
2020-05-05 16:33:07.5070 TRACE - 삭제된 개체에 액세스할 수 없습니다.
개체 이름: 'System.Net.Sockets.Socket'
2020-05-05 16:42:47.1984 TRACE - [Scheduler] 다음 스케줄러 작동시간: 2020-05-06 오전 1:00:00
2020-05-05 16:42:51.3489 TRACE - 삭제된 개체에 액세스할 수 없습니다.
개체 이름: 'System.Net.Sockets.Socket'
2020-05-05 16:43:29.3390 TRACE - [Scheduler] 다음 스케줄러 작동시간: 2020-05-06 오전 1:00:00
