2020-05-05 12:34:43.5925  INFO - [INFO] 나의 하드웨어 ID: BFEBFBFF000806EB
2020-05-05 12:34:43.6350  INFO - [INFO] 라이센스 만료날짜: 2020-09-16 23:59:59
2020-05-05 12:34:43.6350  INFO - [INFO] 데이터 경로: C:\Data
2020-05-05 12:34:43.6350  INFO - [INFO] 클라이언트 키: B29D00A3 - F825 - 4EB7 - 93C1 - A77F5E31A7C2
2020-05-05 12:34:43.6350  INFO - [INFO] 오피스 디버깅모드: True
2020-05-05 12:34:43.6350  INFO - [INFO] 웹 캡쳐 모드: Phantom JS
2020-05-05 12:34:43.6350  INFO - [INFO] 웹 캡쳐 타임아웃: 30초
2020-05-05 12:34:43.6350  INFO - [INFO] 한글 DLL을 레지스트리에 등록하였습니다.
2020-05-05 12:34:43.6350  INFO - [Scheduler] 스케줄러가 실행중입니다. 작업공간 정리 스케줄러: 3일   로그 정리 스케줄러: 10일
2020-05-05 12:34:43.6479  INFO - [Web Socket] 웹 소켓 타임아웃: 2분 0초
2020-05-05 12:34:43.7182  INFO - [Web Socket] Server Listening...
2020-05-05 12:34:43.7182  INFO - [Web Socket][INFO] IP: 0.0.0.0   포트: 12000
2020-05-05 12:35:54.8096  INFO - [INFO] 나의 하드웨어 ID: BFEBFBFF000806EB
2020-05-05 12:35:54.8883  INFO - [INFO] 라이센스 만료날짜: 2020-09-16 23:59:59
2020-05-05 12:35:54.8883  INFO - [INFO] 데이터 경로: C:\Data
2020-05-05 12:35:54.8883  INFO - [INFO] 클라이언트 키: B29D00A3 - F825 - 4EB7 - 93C1 - A77F5E31A7C2
2020-05-05 12:35:54.8883  INFO - [INFO] 오피스 디버깅모드: True
2020-05-05 12:35:54.8963  INFO - [INFO] 웹 캡쳐 모드: Phantom JS
2020-05-05 12:35:54.8963  INFO - [INFO] 웹 캡쳐 타임아웃: 30초
2020-05-05 12:35:54.8963  INFO - [INFO] 한글 DLL을 레지스트리에 등록하였습니다.
2020-05-05 12:35:54.8963  INFO - [Scheduler] 스케줄러가 실행중입니다. 작업공간 정리 스케줄러: 3일   로그 정리 스케줄러: 10일
2020-05-05 12:35:54.8963  INFO - [Web Socket] 웹 소켓 타임아웃: 2분 0초
2020-05-05 12:35:55.0210  INFO - [Web Socket] Server Listening...
2020-05-05 12:35:55.0210  INFO - [Web Socket][INFO] IP: 0.0.0.0   포트: 12000
2020-05-05 12:37:11.1617  INFO - [INFO] 나의 하드웨어 ID: BFEBFBFF000806EB
2020-05-05 12:37:11.1617  INFO - [INFO] 데이터 경로: C:\Data
2020-05-05 12:37:11.1617  INFO - [INFO] 클라이언트 키: B29D00A3 - F825 - 4EB7 - 93C1 - A77F5E31A7C2
2020-05-05 12:37:11.1617  INFO - [INFO] 오피스 디버깅모드: True
2020-05-05 12:37:11.1617  INFO - [INFO] 웹 캡쳐 모드: Phantom JS
2020-05-05 12:37:11.1617  INFO - [INFO] 웹 캡쳐 타임아웃: 30초
2020-05-05 12:37:11.1617  INFO - [INFO] 한글 DLL을 레지스트리에 등록하였습니다.
2020-05-05 12:37:11.1617  INFO - [Scheduler] 스케줄러가 실행중입니다. 작업공간 정리 스케줄러: 3일   로그 정리 스케줄러: 10일
2020-05-05 12:37:11.1780  INFO - [Web Socket] 웹 소켓 타임아웃: 2분 0초
2020-05-05 12:37:11.3088  INFO - [Web Socket] Server Listening...
2020-05-05 12:37:11.3088  INFO - [Web Socket][INFO] IP: 0.0.0.0   포트: 12000
2020-05-05 12:37:53.1767  INFO - [INFO] 나의 하드웨어 ID: BFEBFBFF000806EB
2020-05-05 12:37:53.1797  INFO - [INFO] 데이터 경로: C:\Data
2020-05-05 12:37:53.1797  INFO - [INFO] 클라이언트 키: B29D00A3 - F825 - 4EB7 - 93C1 - A77F5E31A7C2
2020-05-05 12:37:53.1797  INFO - [INFO] 오피스 디버깅모드: True
2020-05-05 12:37:53.1797  INFO - [INFO] 웹 캡쳐 모드: Phantom JS
2020-05-05 12:37:53.1797  INFO - [INFO] 웹 캡쳐 타임아웃: 30초
2020-05-05 12:37:53.1797  INFO - [INFO] 한글 DLL을 레지스트리에 등록하였습니다.
2020-05-05 12:37:53.1797  INFO - [Scheduler] 스케줄러가 실행중입니다. 작업공간 정리 스케줄러: 3일   로그 정리 스케줄러: 10일
2020-05-05 12:37:53.1797  INFO - [Web Socket] 웹 소켓 타임아웃: 2분 0초
2020-05-05 12:37:53.3090  INFO - [Web Socket] Server Listening...
2020-05-05 12:37:53.3090  INFO - [Web Socket][INFO] IP: 0.0.0.0   포트: 12000
2020-05-05 12:38:41.8067  INFO - [INFO] 나의 하드웨어 ID: BFEBFBFF000806EB
2020-05-05 12:38:41.8067  INFO - [INFO] 데이터 경로: C:\Data
2020-05-05 12:38:41.8067  INFO - [INFO] 클라이언트 키: B29D00A3 - F825 - 4EB7 - 93C1 - A77F5E31A7C2
2020-05-05 12:38:41.8067  INFO - [INFO] 오피스 디버깅모드: True
2020-05-05 12:38:41.8067  INFO - [INFO] 웹 캡쳐 모드: Phantom JS
2020-05-05 12:38:41.8067  INFO - [INFO] 웹 캡쳐 타임아웃: 30초
2020-05-05 12:38:41.8067  INFO - [INFO] 한글 DLL을 레지스트리에 등록하였습니다.
2020-05-05 12:38:41.8067  INFO - [Scheduler] 스케줄러가 실행중입니다. 작업공간 정리 스케줄러: 3일   로그 정리 스케줄러: 10일
2020-05-05 12:38:41.8190  INFO - [Web Socket] 웹 소켓 타임아웃: 2분 0초
2020-05-05 12:38:41.9269  INFO - [Web Socket] Server Listening...
2020-05-05 12:38:41.9269  INFO - [Web Socket][INFO] IP: 0.0.0.0   포트: 12000
2020-05-05 12:41:06.3975  INFO - [INFO] 나의 하드웨어 ID: BFEBFBFF000806EB
2020-05-05 12:41:06.4759  INFO - [INFO] 라이센스 만료날짜: 2020-09-16 23:59:59
2020-05-05 12:41:06.4759  INFO - [INFO] 데이터 경로: C:\Data
2020-05-05 12:41:06.4759  INFO - [INFO] 클라이언트 키: B29D00A3 - F825 - 4EB7 - 93C1 - A77F5E31A7C2
2020-05-05 12:41:06.4759  INFO - [INFO] 오피스 디버깅모드: True
2020-05-05 12:41:06.4759  INFO - [INFO] 웹 캡쳐 모드: Phantom JS
2020-05-05 12:41:06.4759  INFO - [INFO] 웹 캡쳐 타임아웃: 30초
2020-05-05 12:41:06.4759  INFO - [INFO] 한글 DLL을 레지스트리에 등록하였습니다.
2020-05-05 12:41:06.4759  INFO - [Scheduler] 스케줄러가 실행중입니다. 작업공간 정리 스케줄러: 3일   로그 정리 스케줄러: 10일
2020-05-05 12:41:06.4909  INFO - [Web Socket] 웹 소켓 타임아웃: 2분 0초
2020-05-05 12:41:06.5513  INFO - [Web Socket] Server Listening...
2020-05-05 12:41:06.5513  INFO - [Web Socket][INFO] IP: 0.0.0.0   포트: 12000
2020-05-05 12:44:02.2102  INFO - [INFO] 나의 하드웨어 ID: BFEBFBFF000806EB
2020-05-05 12:44:02.2743  INFO - [INFO] 라이센스 만료날짜: 2020-09-16 23:59:59
2020-05-05 12:44:02.2743  INFO - [INFO] 데이터 경로: C:\Data
2020-05-05 12:44:02.2743  INFO - [INFO] 클라이언트 키: B29D00A3 - F825 - 4EB7 - 93C1 - A77F5E31A7C2
2020-05-05 12:44:02.2743  INFO - [INFO] 오피스 디버깅모드: True
2020-05-05 12:44:02.2743  INFO - [INFO] 웹 캡쳐 모드: Phantom JS
2020-05-05 12:44:02.2743  INFO - [INFO] 웹 캡쳐 타임아웃: 30초
2020-05-05 12:44:02.2743  INFO - [INFO] 한글 DLL을 레지스트리에 등록하였습니다.
2020-05-05 12:44:02.2743  INFO - [Scheduler] 스케줄러가 실행중입니다. 작업공간 정리 스케줄러: 3일   로그 정리 스케줄러: 10일
2020-05-05 12:44:02.2865  INFO - [Web Socket] 웹 소켓 타임아웃: 2분 0초
2020-05-05 12:44:02.3723  INFO - [Web Socket] Server Listening...
2020-05-05 12:44:02.3723  INFO - [Web Socket][INFO] IP: 0.0.0.0   포트: 12000
