2020-05-05 15:13:08.8151  INFO - ==================== Start ====================
2020-05-05 15:13:08.8151  INFO - Method: WordSaveAs, FilePath: C:\Data\workspace\2E48D4CF48C7B4A7959CD45D68C9E915\DocConvert.docx, outPath: C:\Data\workspace\2E48D4CF48C7B4A7959CD45D68C9E915\DocConvert.pdf, docPassword: 
2020-05-05 15:13:19.9793  INFO - 변환 성공
2020-05-05 15:13:20.2140  INFO - ==================== End ====================
2020-05-05 15:13:20.2140  INFO - ==================== Start ====================
2020-05-05 15:13:20.2140  INFO - Method: PDFtoJpeg, FilePath: C:\Data\workspace\2E48D4CF48C7B4A7959CD45D68C9E915\DocConvert.pdf, outPath: C:\Data\workspace\2E48D4CF48C7B4A7959CD45D68C9E915\DocConvert\
2020-05-05 15:13:20.8178  INFO - 이미지 변환 성공!
2020-05-05 15:13:20.8178  INFO - ==================== End ====================
2020-05-05 15:13:25.7229  INFO - ==================== Start ====================
2020-05-05 15:13:25.7229  INFO - Method: WordSaveAs, FilePath: C:\Data\workspace\2E48D4CF48C7B4A7959CD45D68C9E915\DocConvert.docx, outPath: C:\Data\workspace\2E48D4CF48C7B4A7959CD45D68C9E915\DocConvert.pdf, docPassword: 
2020-05-05 15:13:33.2105  INFO - 변환 성공
2020-05-05 15:13:33.4171  INFO - ==================== End ====================
2020-05-05 15:13:33.4171  INFO - ==================== Start ====================
2020-05-05 15:13:33.4171  INFO - Method: PDFtoJpeg, FilePath: C:\Data\workspace\2E48D4CF48C7B4A7959CD45D68C9E915\DocConvert.pdf, outPath: C:\Data\workspace\2E48D4CF48C7B4A7959CD45D68C9E915\DocConvert\
2020-05-05 15:13:33.6890  INFO - 이미지 변환 성공!
2020-05-05 15:13:33.6890  INFO - ==================== End ====================
2020-05-05 15:31:21.2925  INFO - ==================== Start ====================
2020-05-05 15:31:21.2925  INFO - Method: WordSaveAs, FilePath: C:\Data\workspace\FC88A00681BEA2BA4BCA029AEC82643A\Word 시작.docx, outPath: C:\Data\workspace\FC88A00681BEA2BA4BCA029AEC82643A\Word 시작.pdf, docPassword: 
2020-05-05 15:31:29.3378  INFO - 변환 성공
2020-05-05 15:31:29.5686  INFO - ==================== End ====================
2020-05-05 15:31:29.5807  INFO - ==================== Start ====================
2020-05-05 15:31:29.5807  INFO - Method: PDFtoJpeg, FilePath: C:\Data\workspace\FC88A00681BEA2BA4BCA029AEC82643A\Word 시작.pdf, outPath: C:\Data\workspace\FC88A00681BEA2BA4BCA029AEC82643A\Word 시작\
2020-05-05 15:31:30.0400  INFO - 이미지 변환 성공!
2020-05-05 15:31:30.0400  INFO - ==================== End ====================
2020-05-05 16:12:52.9926  INFO - ==================== Start ====================
2020-05-05 16:12:52.9926  INFO - Method: WordSaveAs, FilePath: C:\Data\workspace\2E48D4CF48C7B4A7959CD45D68C9E915\DocConvert.docx, outPath: C:\Data\workspace\2E48D4CF48C7B4A7959CD45D68C9E915\DocConvert.pdf, docPassword: 
2020-05-05 16:12:56.8823  INFO - 변환 성공
2020-05-05 16:12:57.0702  INFO - ==================== End ====================
2020-05-05 16:12:59.6583  INFO - ==================== Start ====================
2020-05-05 16:12:59.6583  INFO - Method: WordSaveAs, FilePath: C:\Data\workspace\2E48D4CF48C7B4A7959CD45D68C9E915\DocConvert.docx, outPath: C:\Data\workspace\2E48D4CF48C7B4A7959CD45D68C9E915\DocConvert.pdf, docPassword: 
2020-05-05 16:13:03.2355  INFO - 변환 성공
2020-05-05 16:13:03.4074  INFO - ==================== End ====================
2020-05-05 16:14:06.7314  INFO - ==================== Start ====================
2020-05-05 16:14:06.7314  INFO - Method: WordSaveAs, FilePath: C:\Data\workspace\2E48D4CF48C7B4A7959CD45D68C9E915\DocConvert.docx, outPath: C:\Data\workspace\2E48D4CF48C7B4A7959CD45D68C9E915\DocConvert.pdf, docPassword: 
2020-05-05 16:14:10.3815  INFO - 변환 성공
2020-05-05 16:14:10.5693  INFO - ==================== End ====================
2020-05-05 16:17:46.6908  INFO - ==================== Start ====================
2020-05-05 16:17:46.6908  INFO - Method: WordSaveAs, FilePath: C:\Data\workspace\2E48D4CF48C7B4A7959CD45D68C9E915\DocConvert.docx, outPath: C:\Data\workspace\2E48D4CF48C7B4A7959CD45D68C9E915\DocConvert.pdf, docPassword: 
2020-05-05 16:17:50.4399  INFO - 변환 성공
2020-05-05 16:17:50.6274  INFO - ==================== End ====================
2020-05-05 16:18:59.1530  INFO - ==================== Start ====================
2020-05-05 16:18:59.1530  INFO - Method: WordSaveAs, FilePath: C:\Data\workspace\2E48D4CF48C7B4A7959CD45D68C9E915\DocConvert.docx, outPath: C:\Data\workspace\2E48D4CF48C7B4A7959CD45D68C9E915\DocConvert.pdf, docPassword: 
2020-05-05 16:19:02.8656  INFO - 변환 성공
2020-05-05 16:19:03.0375  INFO - ==================== End ====================
2020-05-05 16:19:20.8201  INFO - ==================== Start ====================
2020-05-05 16:19:20.8201  INFO - Method: WordSaveAs, FilePath: C:\Data\workspace\2E48D4CF48C7B4A7959CD45D68C9E915\DocConvert.docx, outPath: C:\Data\workspace\2E48D4CF48C7B4A7959CD45D68C9E915\DocConvert.pdf, docPassword: 
2020-05-05 16:19:24.6317  INFO - 변환 성공
2020-05-05 16:19:24.7723  INFO - ==================== End ====================
2020-05-05 16:21:55.4660  INFO - ==================== Start ====================
2020-05-05 16:21:55.4660  INFO - Method: WordSaveAs, FilePath: C:\Data\workspace\FC88A00681BEA2BA4BCA029AEC82643A\Word 시작.docx, outPath: C:\Data\workspace\FC88A00681BEA2BA4BCA029AEC82643A\Word 시작.pdf, docPassword: 
2020-05-05 16:21:59.8868  INFO - 변환 성공
2020-05-05 16:22:00.0743  INFO - ==================== End ====================
2020-05-05 16:22:03.4797  INFO - ==================== Start ====================
2020-05-05 16:22:03.4797  INFO - Method: WordSaveAs, FilePath: C:\Data\workspace\FC88A00681BEA2BA4BCA029AEC82643A\Word 시작.docx, outPath: C:\Data\workspace\FC88A00681BEA2BA4BCA029AEC82643A\Word 시작.pdf, docPassword: 
2020-05-05 16:22:07.6455  INFO - 변환 성공
2020-05-05 16:22:07.8174  INFO - ==================== End ====================
2020-05-05 16:24:06.6246  INFO - ==================== Start ====================
2020-05-05 16:24:06.6246  INFO - Method: WordSaveAs, FilePath: C:\Data\workspace\2E48D4CF48C7B4A7959CD45D68C9E915\DocConvert.docx, outPath: C:\Data\workspace\2E48D4CF48C7B4A7959CD45D68C9E915\DocConvert.pdf, docPassword: 
2020-05-05 16:24:10.1394  INFO - 변환 성공
2020-05-05 16:24:10.3119  INFO - ==================== End ====================
2020-05-05 16:27:12.7894  INFO - ==================== Start ====================
2020-05-05 16:27:12.7894  INFO - Method: WordSaveAs, FilePath: C:\Data\workspace\2E48D4CF48C7B4A7959CD45D68C9E915\DocConvert.docx, outPath: C:\Data\workspace\2E48D4CF48C7B4A7959CD45D68C9E915\DocConvert.pdf, docPassword: 
2020-05-05 16:27:16.5073  INFO - 변환 성공
2020-05-05 16:27:16.6791  INFO - ==================== End ====================
2020-05-05 16:27:22.1953  INFO - ==================== Start ====================
2020-05-05 16:27:22.1953  INFO - Method: WordSaveAs, FilePath: C:\Data\workspace\2E48D4CF48C7B4A7959CD45D68C9E915\DocConvert.docx, outPath: C:\Data\workspace\2E48D4CF48C7B4A7959CD45D68C9E915\DocConvert.pdf, docPassword: 
2020-05-05 16:27:25.7050  INFO - 변환 성공
2020-05-05 16:27:25.8926  INFO - ==================== End ====================
2020-05-05 16:27:34.6532  INFO - ==================== Start ====================
2020-05-05 16:27:34.6532  INFO - Method: ExcelSaveAs, FilePath: C:\Data\workspace\8DF91B0995A750BFE6B8873646995F7B\Excel 시작.xlsx, outPath: C:\Data\workspace\8DF91B0995A750BFE6B8873646995F7B\Excel 시작.pdf, docPassword: 
2020-05-05 16:27:47.6049  INFO - 변환 성공
2020-05-05 16:27:48.1124  INFO - ==================== End ====================
2020-05-05 16:27:57.2665  INFO - ==================== Start ====================
2020-05-05 16:27:57.2665  INFO - Method: ExcelSaveAs, FilePath: C:\Data\workspace\8DF91B0995A750BFE6B8873646995F7B\Excel 시작.xlsx, outPath: C:\Data\workspace\8DF91B0995A750BFE6B8873646995F7B\Excel 시작.pdf, docPassword: 
2020-05-05 16:28:09.4512  INFO - 변환 성공
2020-05-05 16:28:10.0135  INFO - ==================== End ====================
2020-05-05 16:30:32.3443  INFO - ==================== Start ====================
2020-05-05 16:30:32.3443  INFO - Method: ExcelSaveAs, FilePath: C:\Data\workspace\8DF91B0995A750BFE6B8873646995F7B\Excel 시작.xlsx, outPath: C:\Data\workspace\8DF91B0995A750BFE6B8873646995F7B\Excel 시작.pdf, docPassword: 
2020-05-05 16:30:44.4300  INFO - 변환 성공
2020-05-05 16:30:44.8986  INFO - ==================== End ====================
2020-05-05 16:30:58.5670  INFO - ==================== Start ====================
2020-05-05 16:30:58.5670  INFO - Method: ExcelSaveAs, FilePath: C:\Data\workspace\8DF91B0995A750BFE6B8873646995F7B\Excel 시작.xlsx, outPath: C:\Data\workspace\8DF91B0995A750BFE6B8873646995F7B\Excel 시작.pdf, docPassword: 
2020-05-05 16:31:10.5709  INFO - 변환 성공
2020-05-05 16:31:11.1176  INFO - ==================== End ====================
2020-05-05 16:31:18.5221  INFO - ==================== Start ====================
2020-05-05 16:31:18.5221  INFO - Method: WordSaveAs, FilePath: C:\Data\workspace\FC88A00681BEA2BA4BCA029AEC82643A\Word 시작.docx, outPath: C:\Data\workspace\FC88A00681BEA2BA4BCA029AEC82643A\Word 시작.pdf, docPassword: 
2020-05-05 16:31:22.6774  INFO - 변환 성공
2020-05-05 16:31:22.9273  INFO - ==================== End ====================
