2021-02-19 21:26:48.3062  INFO - Program Directory: C:\Users\o0_0o\Documents\Source\DocConvert\bin\Debug
2021-02-19 21:26:48.3062  INFO - .Net Framework Version: 4.0.30319.42000
2021-02-19 21:26:48.3062  INFO - OS Version: Microsoft Windows NT 6.2.9200.0
2021-02-19 21:26:48.3062  INFO - PC(Domain) Name: DESKTOP-6DNS55V
2021-02-19 21:26:48.3062  INFO - User Name: o0_0o
2021-02-19 21:26:48.3202  INFO - ------------ Parsing Ini File ------------
2021-02-19 21:26:48.3202  INFO - - Bind IP: 127.0.0.1
2021-02-19 21:26:48.3202  INFO - - HTTP Port: 12300
2021-02-19 21:26:48.3202  INFO - - Client KEY: abcd
2021-02-19 21:26:48.3202  INFO - - Workspace Directory: C:\Data\Test
2021-02-19 21:26:48.3202  INFO - - SchedulerTime: 3,0
2021-02-19 21:26:48.3364  INFO - - CleanWorkspaceSchedulerYn: False
2021-02-19 21:26:48.3364  INFO - - CleanWorkspaceDay: 5
2021-02-19 21:26:48.3364  INFO - - CleanLogSchedulerYn: False
2021-02-19 21:26:48.3364  INFO - - CleanLogDay: 7
2021-02-19 21:26:48.3364  INFO - - DRM useYn: False
2021-02-19 21:26:48.3364  INFO - - DRM Path: test
2021-02-19 21:26:48.3364  INFO - - DRM Result: 1
2021-02-19 21:26:48.3520  INFO - - DRM Args: $Full_Path$
2021-02-19 21:26:48.3520  INFO - ------------------------------------------
