2021-02-28 16:52:40.4056 FATAL - 
          _____              _____                          _   
         |  __ \            / ____|                        | |  
         | |  | | ___   ___| |     ___  _ ____   _____ _ __| |_ 
         | |  | |/ _ \ / __| |    / _ \| '_ \ \ / / _ \ '__| __|
         | |__| | (_) | (__| |___| (_) | | | \ V /  __/ |  | |_ 
         |_____/ \___/ \___|\_____\___/|_| |_|\_/ \___|_|   \__|
          / ____|                                               
         | (___   ___ _ ____   _____ _ __                       
          \___ \ / _ \ '__\ \ / / _ \ '__|                      
          ____) |  __/ |   \ V /  __/ |                         
         |_____/ \___|_|    \_/ \___|_|  

                
2021-02-28 16:52:40.4429 FATAL -          Copyright© 2021. Jm's Corp. All rights reserved.


2021-02-28 16:52:40.4429  WARN - Starting DocConvert Server..
2021-02-28 16:52:40.4429  INFO - Program Directory: C:\Users\o0_0o\Documents\Source\DocConvert\bin\Release
2021-02-28 16:52:40.4492  INFO - .Net Framework Version: 4.0.30319.42000
2021-02-28 16:52:40.4492  INFO - OS Version: Microsoft Windows NT 6.2.9200.0
2021-02-28 16:52:40.4492  INFO - PC(Domain) Name: DESKTOP-6DNS55V
2021-02-28 16:52:40.4492  INFO - User Name: o0_0o
2021-02-28 16:52:40.4492  INFO - DocConvert LogLevel: DEBUG
2021-02-28 16:52:40.4645  INFO - DocConvert_Core LogLevel: DEBUG
2021-02-28 16:52:40.4645  INFO - ------------ Parsing Ini File ------------
2021-02-28 16:52:40.4919  INFO - The configuration file is created in C:\Users\o0_0o\Documents\Source\DocConvert\bin\Release\DocConvert.ini
2021-02-28 16:52:40.4956  INFO - - Bind IP: 0.0.0.0
2021-02-28 16:52:40.5310  INFO - - Socket Port: 12000
2021-02-28 16:52:40.5310  INFO - - Client KEY: 7b1d0817-e9d1-4a1f-b7f8-921b534ca41f
2021-02-28 16:52:40.5466  INFO - - Workspace Directory: C:\workspace
2021-02-28 16:52:40.5466  INFO - - SchedulerTime: 1,0
2021-02-28 16:52:40.5466  INFO - - CleanWorkspaceSchedulerYn: True
2021-02-28 16:52:40.5466  INFO - - CleanWorkspaceDay: 3
2021-02-28 16:52:40.5466  INFO - - CleanLogSchedulerYn: True
2021-02-28 16:52:40.5466  INFO - - CleanLogDay: 10
2021-02-28 16:52:40.5466  INFO - - DRM useYn: False
2021-02-28 16:52:40.5466  INFO - ------------------------------------------
2021-02-28 16:52:40.5602  WARN - Socket Server Listen On IP: 0.0.0.0 PORT: 12000
2021-02-28 16:52:40.5602  INFO - Hangul DLL has been registered in the registry.
2021-02-28 16:52:40.5602  WARN - DocConvert Server Started in 2021-02-28 04:52:40
