2021-10-16 13:36:30.1945 FATAL - 
          _____              _____                          _   
         |  __ \            / ____|                        | |  
         | |  | | ___   ___| |     ___  _ ____   _____ _ __| |_ 
         | |  | |/ _ \ / __| |    / _ \| '_ \ \ / / _ \ '__| __|
         | |__| | (_) | (__| |___| (_) | | | \ V /  __/ |  | |_ 
         |_____/ \___/ \___|\_____\___/|_| |_|\_/ \___|_|   \__|
          / ____|                                               
         | (___   ___ _ ____   _____ _ __                       
          \___ \ / _ \ '__\ \ / / _ \ '__|                      
          ____) |  __/ |   \ V /  __/ |                         
         |_____/ \___|_|    \_/ \___|_|  

                
2021-10-16 13:36:30.2196 FATAL -          Copyright© 2021. Jm's Corp. All rights reserved.


2021-10-16 13:36:30.2216  WARN - Starting DocConvert Server..
2021-10-16 13:36:30.2216  INFO - Program Directory: C:\Users\JMKIM\Documents\GitHub\DocConvert\bin\Debug
2021-10-16 13:36:30.2216  INFO - .Net Framework Version: 4.0.30319.42000
2021-10-16 13:36:30.2216  INFO - OS Version: Microsoft Windows NT 6.2.9200.0
2021-10-16 13:36:30.2216  INFO - PC(Domain) Name: DESKTOP-GSVPIKN
2021-10-16 13:36:30.2216  INFO - User Name: JMKIM
2021-10-16 13:36:30.2216  INFO - DocConvert Version: 2.0.7959.24494
2021-10-16 13:36:30.2216  INFO - DocConvert PID: 3108
2021-10-16 13:36:30.2216  INFO - DocConvert LogLevel: DEBUG
2021-10-16 13:36:30.2216  INFO - DocConvert_Core LogLevel: DEBUG
2021-10-16 13:36:30.2216  INFO - ------------ Parsing Ini File ------------
2021-10-16 13:36:30.2216  INFO - - Bind IP: 0.0.0.0
2021-10-16 13:36:30.2216  INFO - - Socket Port: 12000
2021-10-16 13:36:30.2216  INFO - - Client KEY: c8d959df-226d-4860-bfab-8a75342feb10
2021-10-16 13:36:30.2216  INFO - - Workspace Directory: C:\workspace
2021-10-16 13:36:30.2216  INFO - - Product Name: DocConvert
2021-10-16 13:36:30.2216  INFO - - SchedulerTime: 1,0
2021-10-16 13:36:30.2216  INFO - - CleanWorkspaceSchedulerYn: True
2021-10-16 13:36:30.2216  INFO - - CleanWorkspaceDay: 3
2021-10-16 13:36:30.2216  INFO - - CleanLogSchedulerYn: True
2021-10-16 13:36:30.2216  INFO - - CleanLogDay: 7
2021-10-16 13:36:30.2216  INFO - - DRM useYn: False
2021-10-16 13:36:30.2216  INFO - ------------------------------------------
2021-10-16 13:36:30.2216  INFO - Created tmp Directory C:\workspace\tmp
2021-10-16 13:36:30.2358  INFO - Created data Directory C:\workspace\data
2021-10-16 13:36:30.2358  INFO - Hangul DLL has been registered in the registry.
2021-10-16 13:36:30.2358  WARN - Socket Server Listen On 0.0.0.0:12000
2021-10-16 13:36:30.2358  INFO - ============ [Scheduler] ============
2021-10-16 13:36:30.2358  INFO - Next scheduler operation time: 2021-10-17 01:00
2021-10-16 13:36:30.2358  INFO - If the workspace last modified date is past 2021-10-14 01:00
2021-10-16 13:36:30.2358  INFO - If the log last modified date is past 2021-10-10 01:00
2021-10-16 13:36:30.2358  INFO - =====================================
2021-10-16 13:36:30.2358  INFO - Cleanup scheduler is working
2021-10-16 13:36:30.2358  WARN - DocConvert Server Started in 2021-10-16 13:36:30
2021-10-16 13:37:27.9793 FATAL - 
          _____              _____                          _   
         |  __ \            / ____|                        | |  
         | |  | | ___   ___| |     ___  _ ____   _____ _ __| |_ 
         | |  | |/ _ \ / __| |    / _ \| '_ \ \ / / _ \ '__| __|
         | |__| | (_) | (__| |___| (_) | | | \ V /  __/ |  | |_ 
         |_____/ \___/ \___|\_____\___/|_| |_|\_/ \___|_|   \__|
          / ____|                                               
         | (___   ___ _ ____   _____ _ __                       
          \___ \ / _ \ '__\ \ / / _ \ '__|                      
          ____) |  __/ |   \ V /  __/ |                         
         |_____/ \___|_|    \_/ \___|_|  

                
2021-10-16 13:37:27.9988 FATAL -          Copyright© 2021. Jm's Corp. All rights reserved.


2021-10-16 13:37:27.9988  WARN - Starting DocConvert Server..
2021-10-16 13:37:27.9988  INFO - Program Directory: C:\Users\JMKIM\Documents\GitHub\DocConvert\bin\Debug
2021-10-16 13:37:27.9988  INFO - .Net Framework Version: 4.0.30319.42000
2021-10-16 13:37:27.9988  INFO - OS Version: Microsoft Windows NT 6.2.9200.0
2021-10-16 13:37:28.0018  INFO - PC(Domain) Name: DESKTOP-GSVPIKN
2021-10-16 13:37:28.0018  INFO - User Name: JMKIM
2021-10-16 13:37:28.0018  INFO - DocConvert Version: 2.0.7959.24494
2021-10-16 13:37:28.0018  INFO - DocConvert PID: 8700
2021-10-16 13:37:28.0018  INFO - DocConvert LogLevel: DEBUG
2021-10-16 13:37:28.0018  INFO - DocConvert_Core LogLevel: DEBUG
2021-10-16 13:37:28.0018  INFO - ------------ Parsing Ini File ------------
2021-10-16 13:37:28.0018  INFO - - Bind IP: 0.0.0.0
2021-10-16 13:37:28.0018  INFO - - Socket Port: 12000
2021-10-16 13:37:28.0018  INFO - - Client KEY: c8d959df-226d-4860-bfab-8a75342feb10
2021-10-16 13:37:28.0018  INFO - - Workspace Directory: C:\workspace
2021-10-16 13:37:28.0018  INFO - - Product Name: DocConvert
2021-10-16 13:37:28.0018  INFO - - SchedulerTime: 1,0
2021-10-16 13:37:28.0018  INFO - - CleanWorkspaceSchedulerYn: True
2021-10-16 13:37:28.0018  INFO - - CleanWorkspaceDay: 3
2021-10-16 13:37:28.0018  INFO - - CleanLogSchedulerYn: True
2021-10-16 13:37:28.0018  INFO - - CleanLogDay: 7
2021-10-16 13:37:28.0018  INFO - - DRM useYn: False
2021-10-16 13:37:28.0018  INFO - ------------------------------------------
2021-10-16 13:37:28.0018  INFO - Hangul DLL has been registered in the registry.
2021-10-16 13:37:28.0169  WARN - Socket Server Listen On 0.0.0.0:12000
2021-10-16 13:37:28.0169  INFO - ============ [Scheduler] ============
2021-10-16 13:37:28.0169  INFO - Next scheduler operation time: 2021-10-17 01:00
2021-10-16 13:37:28.0169  INFO - If the workspace last modified date is past 2021-10-14 01:00
2021-10-16 13:37:28.0169  INFO - If the log last modified date is past 2021-10-10 01:00
2021-10-16 13:37:28.0169  INFO - =====================================
2021-10-16 13:37:28.0169  INFO - Cleanup scheduler is working
2021-10-16 13:37:28.0169  WARN - DocConvert Server Started in 2021-10-16 13:37:28
2021-10-16 13:39:34.0085  INFO - Connect Client From: 127.0.0.1:65278  Connection time: 2021-10-16 오후 1:39:34
2021-10-16 13:39:34.1066 DEBUG - Received messages from 127.0.0.1:65278
{
  "ClientKey": "",
  "Method": "DocConvert",
  "FileName": "1장.docx",
  "ConvertImg": 2,
  "DocPassword": "",
  "DRM_UseYn": "n",
  "DRM_Type": ""
}
2021-10-16 13:39:34.1066 DEBUG - Response messages to 127.0.0.1:65278
{
  "ResultCode": "1005",
  "Message": "Invalid Client Key"
}
2021-10-16 13:39:34.1066 DEBUG - All Processing time: 00.024
2021-10-16 13:39:34.1139  INFO - Disconnected From:127.0.0.1:65278 Time: 2021-10-16 오후 1:39:34
2021-10-16 13:39:43.8911  INFO - Connect Client From: 127.0.0.1:65281  Connection time: 2021-10-16 오후 1:39:43
2021-10-16 13:39:43.8999 DEBUG - Received messages from 127.0.0.1:65281
{
  "ClientKey": "c8d959df-226d-4860-bfab-8a75342feb10",
  "Method": "DocConvert",
  "FileName": "1장.docx",
  "ConvertImg": 2,
  "DocPassword": "",
  "DRM_UseYn": "n",
  "DRM_Type": ""
}
2021-10-16 13:39:43.9085 DEBUG - Method DocConvert Start ==>
2021-10-16 13:39:43.9085 DEBUG - Initialized variable ========>
2021-10-16 13:39:43.9085 DEBUG - workspacePath ===> C:\workspace
2021-10-16 13:39:43.9085 DEBUG - tmpPath ===> C:\workspace\tmp
2021-10-16 13:39:43.9085 DEBUG - srcFile ===> C:\workspace\tmp\1장.docx
2021-10-16 13:39:43.9085 DEBUG - dataTodayMD5Path ===> C:\workspace\data\20211016\21F8A16C607339872E09C6BE71F0F386
2021-10-16 13:39:43.9085 DEBUG - targetFile ===> C:\workspace\data\20211016\21F8A16C607339872E09C6BE71F0F386\1장.docx
2021-10-16 13:39:43.9085 DEBUG - =============================>
2021-10-16 13:39:43.9085 DEBUG - Created DataTodayMD5Path Directory C:\workspace\data\20211016\21F8A16C607339872E09C6BE71F0F386
2021-10-16 13:39:43.9246 DEBUG - C:\workspace\tmp\1장.docx Move file to C:\workspace\data\20211016\21F8A16C607339872E09C6BE71F0F386\1장.docx
2021-10-16 13:39:43.9246 DEBUG - use DRM: False
2021-10-16 13:39:43.9246 DEBUG - ============= Document To PDF Start =============>
2021-10-16 13:39:47.0057 DEBUG - Document To PDF Processing time: 03.078
2021-10-16 13:39:47.0057 DEBUG - =================================================>
2021-10-16 13:39:47.0057 DEBUG - ============= PDF To Image Start =============>
2021-10-16 13:39:47.0672 DEBUG - PDF To Image Processing time: 00.057
2021-10-16 13:39:47.0672 DEBUG - ==============================================>
2021-10-16 13:39:47.0672 DEBUG - ============= Create Zip Start =============>
2021-10-16 13:39:47.0970 DEBUG - Create Zip Processing time: 00.024
2021-10-16 13:39:47.0970 DEBUG - ==============================================>
2021-10-16 13:39:47.0970 DEBUG - Response messages to 127.0.0.1:65281
{
  "FilePath": "/data/20211016/21F8A16C607339872E09C6BE71F0F386/1장.zip",
  "PageCnt": 1,
  "ResultCode": "0",
  "Message": "success"
}
2021-10-16 13:39:47.0970 DEBUG - All Processing time: 03.207
2021-10-16 13:39:47.1107  INFO - Disconnected From:127.0.0.1:65281 Time: 2021-10-16 오후 1:39:47
2021-10-16 13:39:53.9127  INFO - Connect Client From: 127.0.0.1:65298  Connection time: 2021-10-16 오후 1:39:53
2021-10-16 13:39:53.9127 DEBUG - Received messages from 127.0.0.1:65298
{
  "ClientKey": "c8d959df-226d-4860-bfab-8a75342feb10",
  "Method": "DocConvert",
  "FileName": "1장.pptx",
  "ConvertImg": 2,
  "DocPassword": "",
  "DRM_UseYn": "n",
  "DRM_Type": ""
}
2021-10-16 13:39:53.9127 DEBUG - Method DocConvert Start ==>
2021-10-16 13:39:53.9127 DEBUG - Initialized variable ========>
2021-10-16 13:39:53.9127 DEBUG - workspacePath ===> C:\workspace
2021-10-16 13:39:53.9127 DEBUG - tmpPath ===> C:\workspace\tmp
2021-10-16 13:39:53.9127 DEBUG - srcFile ===> C:\workspace\tmp\1장.pptx
2021-10-16 13:39:53.9127 DEBUG - dataTodayMD5Path ===> C:\workspace\data\20211016\6EBEAEB70DF196419228ACC43FFCE76B
2021-10-16 13:39:53.9237 DEBUG - targetFile ===> C:\workspace\data\20211016\6EBEAEB70DF196419228ACC43FFCE76B\1장.pptx
2021-10-16 13:39:53.9237 DEBUG - =============================>
2021-10-16 13:39:53.9237 DEBUG - Created DataTodayMD5Path Directory C:\workspace\data\20211016\6EBEAEB70DF196419228ACC43FFCE76B
2021-10-16 13:39:53.9237 DEBUG - C:\workspace\tmp\1장.pptx Move file to C:\workspace\data\20211016\6EBEAEB70DF196419228ACC43FFCE76B\1장.pptx
2021-10-16 13:39:53.9237 DEBUG - use DRM: False
2021-10-16 13:39:53.9237 DEBUG - ============= Document To PDF Start =============>
2021-10-16 13:39:56.6006 DEBUG - Document To PDF Processing time: 02.671
2021-10-16 13:39:56.6006 DEBUG - =================================================>
2021-10-16 13:39:56.6006 DEBUG - ============= PDF To Image Start =============>
2021-10-16 13:39:56.6275 DEBUG - PDF To Image Processing time: 00.022
2021-10-16 13:39:56.6275 DEBUG - ==============================================>
2021-10-16 13:39:56.6275 DEBUG - ============= Create Zip Start =============>
2021-10-16 13:39:56.6275 DEBUG - Create Zip Processing time: 00.001
2021-10-16 13:39:56.6275 DEBUG - ==============================================>
2021-10-16 13:39:56.6275 DEBUG - Response messages to 127.0.0.1:65298
{
  "FilePath": "/data/20211016/6EBEAEB70DF196419228ACC43FFCE76B/1장.zip",
  "PageCnt": 1,
  "ResultCode": "0",
  "Message": "success"
}
2021-10-16 13:39:56.6275 DEBUG - All Processing time: 02.723
2021-10-16 13:39:56.6275  INFO - Disconnected From:127.0.0.1:65298 Time: 2021-10-16 오후 1:39:56
2021-10-16 13:40:00.5606  INFO - Connect Client From: 127.0.0.1:65308  Connection time: 2021-10-16 오후 1:40:00
2021-10-16 13:40:00.5656 DEBUG - Received messages from 127.0.0.1:65308
{
  "ClientKey": "c8d959df-226d-4860-bfab-8a75342feb10",
  "Method": "DocConvert",
  "FileName": "1장.xlsx",
  "ConvertImg": 2,
  "DocPassword": "",
  "DRM_UseYn": "n",
  "DRM_Type": ""
}
2021-10-16 13:40:00.5656 DEBUG - Method DocConvert Start ==>
2021-10-16 13:40:00.5656 DEBUG - Initialized variable ========>
2021-10-16 13:40:00.5656 DEBUG - workspacePath ===> C:\workspace
2021-10-16 13:40:00.5656 DEBUG - tmpPath ===> C:\workspace\tmp
2021-10-16 13:40:00.5656 DEBUG - srcFile ===> C:\workspace\tmp\1장.xlsx
2021-10-16 13:40:00.5656 DEBUG - dataTodayMD5Path ===> C:\workspace\data\20211016\67A8EAD733ABA340AACD75B09CDFE958
2021-10-16 13:40:00.5656 DEBUG - targetFile ===> C:\workspace\data\20211016\67A8EAD733ABA340AACD75B09CDFE958\1장.xlsx
2021-10-16 13:40:00.5656 DEBUG - =============================>
2021-10-16 13:40:00.5656 DEBUG - Created DataTodayMD5Path Directory C:\workspace\data\20211016\67A8EAD733ABA340AACD75B09CDFE958
2021-10-16 13:40:00.5656 DEBUG - C:\workspace\tmp\1장.xlsx Move file to C:\workspace\data\20211016\67A8EAD733ABA340AACD75B09CDFE958\1장.xlsx
2021-10-16 13:40:00.5656 DEBUG - use DRM: False
2021-10-16 13:40:00.5656 DEBUG - ============= Document To PDF Start =============>
2021-10-16 13:40:02.2010 DEBUG - Document To PDF Processing time: 01.623
2021-10-16 13:40:02.2010 DEBUG - =================================================>
2021-10-16 13:40:02.2058 DEBUG - ============= PDF To Image Start =============>
2021-10-16 13:40:02.2230 DEBUG - PDF To Image Processing time: 00.017
2021-10-16 13:40:02.2230 DEBUG - ==============================================>
2021-10-16 13:40:02.2230 DEBUG - ============= Create Zip Start =============>
2021-10-16 13:40:02.2358 DEBUG - Create Zip Processing time: 00.001
2021-10-16 13:40:02.2358 DEBUG - ==============================================>
2021-10-16 13:40:02.2358 DEBUG - Response messages to 127.0.0.1:65308
{
  "FilePath": "/data/20211016/67A8EAD733ABA340AACD75B09CDFE958/1장.zip",
  "PageCnt": 1,
  "ResultCode": "0",
  "Message": "success"
}
2021-10-16 13:40:02.2358 DEBUG - All Processing time: 01.679
2021-10-16 13:40:02.2358  INFO - Disconnected From:127.0.0.1:65308 Time: 2021-10-16 오후 1:40:02
2021-10-16 13:40:05.5524  INFO - Connect Client From: 127.0.0.1:65329  Connection time: 2021-10-16 오후 1:40:05
2021-10-16 13:40:05.5680 DEBUG - Received messages from 127.0.0.1:65329
{
  "ClientKey": "c8d959df-226d-4860-bfab-8a75342feb10",
  "Method": "DocConvert",
  "FileName": "통화정책의 현재와 미래_게시용.pdf",
  "ConvertImg": 2,
  "DocPassword": "",
  "DRM_UseYn": "n",
  "DRM_Type": ""
}
2021-10-16 13:40:05.5680 DEBUG - Method DocConvert Start ==>
2021-10-16 13:40:05.6363 DEBUG - Initialized variable ========>
2021-10-16 13:40:05.6363 DEBUG - workspacePath ===> C:\workspace
2021-10-16 13:40:05.6363 DEBUG - tmpPath ===> C:\workspace\tmp
2021-10-16 13:40:05.6363 DEBUG - srcFile ===> C:\workspace\tmp\통화정책의 현재와 미래_게시용.pdf
2021-10-16 13:40:05.6423 DEBUG - dataTodayMD5Path ===> C:\workspace\data\20211016\FC1FA4FA025DE46405CA56AD4EA27E9A
2021-10-16 13:40:05.6423 DEBUG - targetFile ===> C:\workspace\data\20211016\FC1FA4FA025DE46405CA56AD4EA27E9A\통화정책의 현재와 미래_게시용.pdf
2021-10-16 13:40:05.6423 DEBUG - =============================>
2021-10-16 13:40:05.6423 DEBUG - Created DataTodayMD5Path Directory C:\workspace\data\20211016\FC1FA4FA025DE46405CA56AD4EA27E9A
2021-10-16 13:40:05.6423 DEBUG - C:\workspace\tmp\통화정책의 현재와 미래_게시용.pdf Move file to C:\workspace\data\20211016\FC1FA4FA025DE46405CA56AD4EA27E9A\통화정책의 현재와 미래_게시용.pdf
2021-10-16 13:40:05.6423 DEBUG - use DRM: False
2021-10-16 13:40:05.6423 DEBUG - ============= Document To PDF Start =============>
2021-10-16 13:40:05.6423 DEBUG - Document To PDF Processing time: 00.000
2021-10-16 13:40:05.6423 DEBUG - =================================================>
2021-10-16 13:40:05.6423 DEBUG - ============= PDF To Image Start =============>
2021-10-16 13:40:28.0917 DEBUG - PDF To Image Processing time: 22.439
2021-10-16 13:40:28.0958 DEBUG - ==============================================>
2021-10-16 13:40:28.0958 DEBUG - ============= Create Zip Start =============>
2021-10-16 13:40:30.7020 DEBUG - Create Zip Processing time: 02.604
2021-10-16 13:40:30.7020 DEBUG - ==============================================>
2021-10-16 13:40:32.2912 DEBUG - Response messages to 127.0.0.1:65329
{
  "FilePath": "/data/20211016/FC1FA4FA025DE46405CA56AD4EA27E9A/통화정책의 현재와 미래_게시용.zip",
  "PageCnt": 629,
  "ResultCode": "0",
  "Message": "success"
}
2021-10-16 13:40:32.2912 DEBUG - All Processing time: 26.727
2021-10-16 13:40:32.2912  INFO - Disconnected From:127.0.0.1:65329 Time: 2021-10-16 오후 1:40:32
2021-10-16 13:42:43.3040 FATAL - 
          _____              _____                          _   
         |  __ \            / ____|                        | |  
         | |  | | ___   ___| |     ___  _ ____   _____ _ __| |_ 
         | |  | |/ _ \ / __| |    / _ \| '_ \ \ / / _ \ '__| __|
         | |__| | (_) | (__| |___| (_) | | | \ V /  __/ |  | |_ 
         |_____/ \___/ \___|\_____\___/|_| |_|\_/ \___|_|   \__|
          / ____|                                               
         | (___   ___ _ ____   _____ _ __                       
          \___ \ / _ \ '__\ \ / / _ \ '__|                      
          ____) |  __/ |   \ V /  __/ |                         
         |_____/ \___|_|    \_/ \___|_|  

                
2021-10-16 13:42:43.3225 FATAL -          Copyright© 2021. Jm's Corp. All rights reserved.


2021-10-16 13:42:43.3225  WARN - Starting DocConvert Server..
2021-10-16 13:42:43.3225  INFO - Program Directory: C:\Users\JMKIM\Documents\GitHub\DocConvert\bin\Debug
2021-10-16 13:42:43.3225  INFO - .Net Framework Version: 4.0.30319.42000
2021-10-16 13:42:43.3225  INFO - OS Version: Microsoft Windows NT 6.2.9200.0
2021-10-16 13:42:43.3225  INFO - PC(Domain) Name: DESKTOP-GSVPIKN
2021-10-16 13:42:43.3225  INFO - User Name: JMKIM
2021-10-16 13:42:43.3225  INFO - DocConvert Version: 2.0.7959.24681
2021-10-16 13:42:43.3225  INFO - DocConvert PID: 2236
2021-10-16 13:42:43.3225  INFO - DocConvert LogLevel: DEBUG
2021-10-16 13:42:43.3225  INFO - DocConvert_Core LogLevel: DEBUG
2021-10-16 13:42:43.3225  INFO - ------------ Parsing Ini File ------------
2021-10-16 13:42:43.3339  INFO - - Bind IP: 0.0.0.0
2021-10-16 13:42:43.3339  INFO - - Socket Port: 12000
2021-10-16 13:42:43.3339  INFO - - Client KEY: c8d959df-226d-4860-bfab-8a75342feb10
2021-10-16 13:42:43.3339  INFO - - Workspace Directory: C:\workspace
2021-10-16 13:42:43.3339  INFO - - Product Name: DocConvert
2021-10-16 13:42:43.3339  INFO - - SchedulerTime: 1,0
2021-10-16 13:42:43.3339  INFO - - CleanWorkspaceSchedulerYn: True
2021-10-16 13:42:43.3339  INFO - - CleanWorkspaceDay: 3
2021-10-16 13:42:43.3339  INFO - - CleanLogSchedulerYn: True
2021-10-16 13:42:43.3339  INFO - - CleanLogDay: 7
2021-10-16 13:42:43.3339  INFO - - DRM useYn: False
2021-10-16 13:42:43.3479  INFO - ------------------------------------------
2021-10-16 13:42:43.3479  INFO - Hangul DLL has been registered in the registry.
2021-10-16 13:42:43.3479  WARN - Socket Server Listen On 0.0.0.0:12000
2021-10-16 13:42:43.3479  INFO - ============ [Scheduler] ============
2021-10-16 13:42:43.3479  INFO - Next scheduler operation time: 2021-10-17 01:00
2021-10-16 13:42:43.3479  INFO - If the workspace last modified date is past 2021-10-14 01:00
2021-10-16 13:42:43.3479  INFO - If the log last modified date is past 2021-10-10 01:00
2021-10-16 13:42:43.3479  INFO - =====================================
2021-10-16 13:42:43.3479  INFO - Cleanup scheduler is working
2021-10-16 13:42:43.3637  WARN - DocConvert Server Started in 2021-10-16 13:42:43
2021-10-16 13:42:46.4648  INFO - Connect Client From: 127.0.0.1:65350  Connection time: 2021-10-16 오후 1:42:46
2021-10-16 13:42:46.5210 DEBUG - Received messages from 127.0.0.1:65350
{
  "ClientKey": "c8d959df-226d-4860-bfab-8a75342feb10",
  "Method": "DocConvert",
  "FileName": "통화정책의 현재와 미래_게시용.pdf",
  "ConvertImg": 2,
  "DocPassword": "",
  "DRM_UseYn": "n",
  "DRM_Type": ""
}
2021-10-16 13:42:46.5210 DEBUG - Method DocConvert Start ==>
2021-10-16 13:42:46.5850 DEBUG - Initialized variable ========>
2021-10-16 13:42:46.5850 DEBUG - workspacePath ===> C:\workspace
2021-10-16 13:42:46.5850 DEBUG - tmpPath ===> C:\workspace\tmp
2021-10-16 13:42:46.5850 DEBUG - srcFile ===> C:\workspace\tmp\통화정책의 현재와 미래_게시용.pdf
2021-10-16 13:42:46.5850 DEBUG - dataTodayMD5Path ===> C:\workspace\data\20211016\FC1FA4FA025DE46405CA56AD4EA27E9A
2021-10-16 13:42:46.5850 DEBUG - targetFile ===> C:\workspace\data\20211016\FC1FA4FA025DE46405CA56AD4EA27E9A\통화정책의 현재와 미래_게시용.pdf
2021-10-16 13:42:46.5850 DEBUG - =============================>
2021-10-16 13:42:46.5850 DEBUG - Created DataTodayMD5Path Directory C:\workspace\data\20211016\FC1FA4FA025DE46405CA56AD4EA27E9A
2021-10-16 13:42:46.5967 DEBUG - C:\workspace\tmp\통화정책의 현재와 미래_게시용.pdf Move file to C:\workspace\data\20211016\FC1FA4FA025DE46405CA56AD4EA27E9A\통화정책의 현재와 미래_게시용.pdf
2021-10-16 13:42:46.5967 DEBUG - use DRM: False
2021-10-16 13:42:46.5967 DEBUG - ============= Document To PDF Start =============>
2021-10-16 13:42:46.5967 DEBUG - Document To PDF Processing time: 00.000
2021-10-16 13:42:46.5967 DEBUG - =================================================>
2021-10-16 13:42:46.5967 DEBUG - ============= PDF To Image Start =============>
2021-10-16 13:43:06.0409 DEBUG - PDF To Image Processing time: 19.439
2021-10-16 13:43:06.0409 DEBUG - ==============================================>
2021-10-16 13:43:06.0409 DEBUG - ============= Create Zip Start =============>
2021-10-16 13:43:08.7273 DEBUG - Create Zip Processing time: 02.680
2021-10-16 13:43:08.7273 DEBUG - ==============================================>
2021-10-16 13:43:10.3586 DEBUG - Response messages to 127.0.0.1:65350
{
  "FilePath": "/data/20211016/FC1FA4FA025DE46405CA56AD4EA27E9A/통화정책의 현재와 미래_게시용.zip",
  "PageCnt": 629,
  "ResultCode": "0",
  "Message": "success"
}
2021-10-16 13:43:10.3631 DEBUG - All Processing time: 23.861
2021-10-16 13:43:10.3631  INFO - Disconnected From:127.0.0.1:65350 Time: 2021-10-16 오후 1:43:10
2021-10-16 13:43:54.8368 FATAL - 
          _____              _____                          _   
         |  __ \            / ____|                        | |  
         | |  | | ___   ___| |     ___  _ ____   _____ _ __| |_ 
         | |  | |/ _ \ / __| |    / _ \| '_ \ \ / / _ \ '__| __|
         | |__| | (_) | (__| |___| (_) | | | \ V /  __/ |  | |_ 
         |_____/ \___/ \___|\_____\___/|_| |_|\_/ \___|_|   \__|
          / ____|                                               
         | (___   ___ _ ____   _____ _ __                       
          \___ \ / _ \ '__\ \ / / _ \ '__|                      
          ____) |  __/ |   \ V /  __/ |                         
         |_____/ \___|_|    \_/ \___|_|  

                
2021-10-16 13:43:54.8540 FATAL -          Copyright© 2021. Jm's Corp. All rights reserved.


2021-10-16 13:43:54.8540  WARN - Starting DocConvert Server..
2021-10-16 13:43:54.8540  INFO - Program Directory: C:\Users\JMKIM\Documents\GitHub\DocConvert\bin\Debug
2021-10-16 13:43:54.8540  INFO - .Net Framework Version: 4.0.30319.42000
2021-10-16 13:43:54.8540  INFO - OS Version: Microsoft Windows NT 6.2.9200.0
2021-10-16 13:43:54.8540  INFO - PC(Domain) Name: DESKTOP-GSVPIKN
2021-10-16 13:43:54.8540  INFO - User Name: JMKIM
2021-10-16 13:43:54.8540  INFO - DocConvert Version: 2.0.7959.24716
2021-10-16 13:43:54.8540  INFO - DocConvert PID: 10828
2021-10-16 13:43:54.8540  INFO - DocConvert LogLevel: DEBUG
2021-10-16 13:43:54.8607  INFO - DocConvert_Core LogLevel: DEBUG
2021-10-16 13:43:54.8607  INFO - ------------ Parsing Ini File ------------
2021-10-16 13:43:54.8607  INFO - - Bind IP: 0.0.0.0
2021-10-16 13:43:54.8607  INFO - - Socket Port: 12000
2021-10-16 13:43:54.8607  INFO - - Client KEY: c8d959df-226d-4860-bfab-8a75342feb10
2021-10-16 13:43:54.8607  INFO - - Workspace Directory: C:\workspace
2021-10-16 13:43:54.8607  INFO - - Product Name: DocConvert
2021-10-16 13:43:54.8607  INFO - - SchedulerTime: 1,0
2021-10-16 13:43:54.8607  INFO - - CleanWorkspaceSchedulerYn: True
2021-10-16 13:43:54.8607  INFO - - CleanWorkspaceDay: 3
2021-10-16 13:43:54.8607  INFO - - CleanLogSchedulerYn: True
2021-10-16 13:43:54.8607  INFO - - CleanLogDay: 7
2021-10-16 13:43:54.8607  INFO - - DRM useYn: False
2021-10-16 13:43:54.8607  INFO - ------------------------------------------
2021-10-16 13:43:54.8607  INFO - Hangul DLL has been registered in the registry.
2021-10-16 13:43:54.8607  WARN - Socket Server Listen On 0.0.0.0:12000
2021-10-16 13:43:54.8956  INFO - ============ [Scheduler] ============
2021-10-16 13:43:54.8956  INFO - Next scheduler operation time: 2021-10-17 01:00
2021-10-16 13:43:54.8956  INFO - If the workspace last modified date is past 2021-10-14 01:00
2021-10-16 13:43:54.8956  INFO - If the log last modified date is past 2021-10-10 01:00
2021-10-16 13:43:54.8956  INFO - =====================================
2021-10-16 13:43:54.8956  INFO - Cleanup scheduler is working
2021-10-16 13:43:54.8956  WARN - DocConvert Server Started in 2021-10-16 13:43:54
2021-10-16 13:43:56.0882  INFO - Connect Client From: 127.0.0.1:65353  Connection time: 2021-10-16 오후 1:43:56
2021-10-16 13:43:56.1455 DEBUG - Received messages from 127.0.0.1:65353
{
  "ClientKey": "c8d959df-226d-4860-bfab-8a75342feb10",
  "Method": "DocConvert",
  "FileName": "통화정책의 현재와 미래_게시용.pdf",
  "ConvertImg": 2,
  "DocPassword": "",
  "DRM_UseYn": "n",
  "DRM_Type": ""
}
2021-10-16 13:43:56.1455 DEBUG - Method DocConvert Start ==>
2021-10-16 13:43:56.2103 DEBUG - Initialized variable ========>
2021-10-16 13:43:56.2103 DEBUG - workspacePath ===> C:\workspace
2021-10-16 13:43:56.2103 DEBUG - tmpPath ===> C:\workspace\tmp
2021-10-16 13:43:56.2103 DEBUG - srcFile ===> C:\workspace\tmp\통화정책의 현재와 미래_게시용.pdf
2021-10-16 13:43:56.2103 DEBUG - dataTodayMD5Path ===> C:\workspace\data\20211016\FC1FA4FA025DE46405CA56AD4EA27E9A
2021-10-16 13:43:56.2103 DEBUG - targetFile ===> C:\workspace\data\20211016\FC1FA4FA025DE46405CA56AD4EA27E9A\통화정책의 현재와 미래_게시용.pdf
2021-10-16 13:43:56.2103 DEBUG - =============================>
2021-10-16 13:43:57.7147 DEBUG - Response messages to 127.0.0.1:65353
{
  "FilePath": "/data/20211016/FC1FA4FA025DE46405CA56AD4EA27E9A/통화정책의 현재와 미래_게시용.zip",
  "PageCnt": 629,
  "ResultCode": "0",
  "Message": "success"
}
2021-10-16 13:43:57.7147 DEBUG - All Processing time: 01.594
2021-10-16 13:43:57.7207  INFO - Disconnected From:127.0.0.1:65353 Time: 2021-10-16 오후 1:43:57
2021-10-16 13:44:10.2840  INFO - Connect Client From: 127.0.0.1:65354  Connection time: 2021-10-16 오후 1:44:10
2021-10-16 13:44:10.2840 DEBUG - Received messages from 127.0.0.1:65354
{
  "ClientKey": "c8d959df-226d-4860-bfab-8a75342feb10",
  "Method": "DocConvert",
  "FileName": "통화정책의 현재와 미래_게시용.pdf",
  "ConvertImg": 2,
  "DocPassword": "",
  "DRM_UseYn": "n",
  "DRM_Type": ""
}
2021-10-16 13:44:10.2840 DEBUG - Method DocConvert Start ==>
2021-10-16 13:44:10.3477 DEBUG - Initialized variable ========>
2021-10-16 13:44:10.3477 DEBUG - workspacePath ===> C:\workspace
2021-10-16 13:44:10.3477 DEBUG - tmpPath ===> C:\workspace\tmp
2021-10-16 13:44:10.3477 DEBUG - srcFile ===> C:\workspace\tmp\통화정책의 현재와 미래_게시용.pdf
2021-10-16 13:44:10.3477 DEBUG - dataTodayMD5Path ===> C:\workspace\data\20211016\FC1FA4FA025DE46405CA56AD4EA27E9A
2021-10-16 13:44:10.3477 DEBUG - targetFile ===> C:\workspace\data\20211016\FC1FA4FA025DE46405CA56AD4EA27E9A\통화정책의 현재와 미래_게시용.pdf
2021-10-16 13:44:10.3477 DEBUG - =============================>
2021-10-16 13:44:10.3477 DEBUG - C:\workspace\tmp\통화정책의 현재와 미래_게시용.pdf Move file to C:\workspace\data\20211016\FC1FA4FA025DE46405CA56AD4EA27E9A\통화정책의 현재와 미래_게시용.pdf
2021-10-16 13:44:10.3477 DEBUG - use DRM: False
2021-10-16 13:44:10.3477 DEBUG - ============= Document To PDF Start =============>
2021-10-16 13:44:10.3477 DEBUG - Document To PDF Processing time: 00.000
2021-10-16 13:44:10.3477 DEBUG - =================================================>
2021-10-16 13:44:10.3477 DEBUG - ============= PDF To Image Start =============>
2021-10-16 13:44:32.5086 DEBUG - PDF To Image Processing time: 22.147
2021-10-16 13:44:32.5086 DEBUG - ==============================================>
2021-10-16 13:44:32.5175 DEBUG - ============= Create Zip Start =============>
2021-10-16 13:44:35.3035 DEBUG - Create Zip Processing time: 02.784
2021-10-16 13:44:35.3035 DEBUG - ==============================================>
2021-10-16 13:44:37.0005 DEBUG - Response messages to 127.0.0.1:65354
{
  "FilePath": "/data/20211016/FC1FA4FA025DE46405CA56AD4EA27E9A/통화정책의 현재와 미래_게시용.zip",
  "PageCnt": 629,
  "ResultCode": "0",
  "Message": "success"
}
2021-10-16 13:44:37.0030 DEBUG - All Processing time: 26.713
2021-10-16 13:44:37.0030  INFO - Disconnected From:127.0.0.1:65354 Time: 2021-10-16 오후 1:44:37
2021-10-16 13:53:00.6667 FATAL - 
          _____              _____                          _   
         |  __ \            / ____|                        | |  
         | |  | | ___   ___| |     ___  _ ____   _____ _ __| |_ 
         | |  | |/ _ \ / __| |    / _ \| '_ \ \ / / _ \ '__| __|
         | |__| | (_) | (__| |___| (_) | | | \ V /  __/ |  | |_ 
         |_____/ \___/ \___|\_____\___/|_| |_|\_/ \___|_|   \__|
          / ____|                                               
         | (___   ___ _ ____   _____ _ __                       
          \___ \ / _ \ '__\ \ / / _ \ '__|                      
          ____) |  __/ |   \ V /  __/ |                         
         |_____/ \___|_|    \_/ \___|_|  

                
2021-10-16 13:53:00.6874 FATAL -          Copyright© 2021. Jm's Corp. All rights reserved.


2021-10-16 13:53:00.6874  WARN - Starting DocConvert Server..
2021-10-16 13:53:00.6874  INFO - Program Directory: C:\Users\JMKIM\Documents\GitHub\DocConvert\bin\Debug
2021-10-16 13:53:00.6874  INFO - .Net Framework Version: 4.0.30319.42000
2021-10-16 13:53:00.6894  INFO - OS Version: Microsoft Windows NT 6.2.9200.0
2021-10-16 13:53:00.6894  INFO - PC(Domain) Name: DESKTOP-GSVPIKN
2021-10-16 13:53:00.6894  INFO - User Name: JMKIM
2021-10-16 13:53:00.6894  INFO - DocConvert Version: 2.0.7959.24990
2021-10-16 13:53:00.6894  INFO - DocConvert PID: 5468
2021-10-16 13:53:00.6894  INFO - DocConvert LogLevel: DEBUG
2021-10-16 13:53:00.6894  INFO - DocConvert_Core LogLevel: DEBUG
2021-10-16 13:53:00.6894  INFO - ------------ Parsing Ini File ------------
2021-10-16 13:53:00.6894  INFO - - Bind IP: 0.0.0.0
2021-10-16 13:53:00.6894  INFO - - Socket Port: 12000
2021-10-16 13:53:00.6894  INFO - - Client KEY: c8d959df-226d-4860-bfab-8a75342feb10
2021-10-16 13:53:00.6894  INFO - - Workspace Directory: C:\workspace
2021-10-16 13:53:00.6894  INFO - - Product Name: DocConvert
2021-10-16 13:53:00.6894  INFO - - SchedulerTime: 1,0
2021-10-16 13:53:00.6894  INFO - - CleanWorkspaceSchedulerYn: True
2021-10-16 13:53:00.7049  INFO - - CleanWorkspaceDay: 3
2021-10-16 13:53:00.7049  INFO - - CleanLogSchedulerYn: True
2021-10-16 13:53:00.7049  INFO - - CleanLogDay: 7
2021-10-16 13:53:00.7049  INFO - - DRM useYn: False
2021-10-16 13:53:00.7049  INFO - ------------------------------------------
2021-10-16 13:53:00.7049  INFO - Hangul DLL has been registered in the registry.
2021-10-16 13:53:00.7049  WARN - Socket Server Listen On 0.0.0.0:12000
2021-10-16 13:53:00.7049  INFO - ============ [Scheduler] ============
2021-10-16 13:53:00.7049  INFO - Next scheduler operation time: 2021-10-17 01:00
2021-10-16 13:53:00.7049  INFO - If the workspace last modified date is past 2021-10-14 01:00
2021-10-16 13:53:00.7049  INFO - If the log last modified date is past 2021-10-10 01:00
2021-10-16 13:53:00.7207  INFO - =====================================
2021-10-16 13:53:00.7207  INFO - Cleanup scheduler is working
2021-10-16 13:53:00.7207  WARN - DocConvert Server Started in 2021-10-16 13:53:00
2021-10-16 13:53:40.9989  INFO - Connect Client From: 127.0.0.1:62409  Connection time: 2021-10-16 오후 1:53:40
2021-10-16 13:53:41.0896 DEBUG - Received messages from 127.0.0.1:62409
{
  "ClientKey": "c8d959df-226d-4860-bfab-8a75342feb10",
  "Method": "DocConvert",
  "FileName": "통화정책의 현재와 미래_게시용.pdf",
  "ConvertImg": 0,
  "DocPassword": "",
  "DRM_UseYn": "n",
  "DRM_Type": ""
}
2021-10-16 13:53:41.0978 DEBUG - Method DocConvert Start ==>
2021-10-16 13:53:41.1578 DEBUG - Initialized variable ========>
2021-10-16 13:53:41.1578 DEBUG - workspacePath ===> C:\workspace
2021-10-16 13:53:41.1578 DEBUG - tmpPath ===> C:\workspace\tmp
2021-10-16 13:53:41.1578 DEBUG - srcFile ===> C:\workspace\tmp\통화정책의 현재와 미래_게시용.pdf
2021-10-16 13:53:41.1578 DEBUG - dataTodayMD5Path ===> C:\workspace\data\20211016\FC1FA4FA025DE46405CA56AD4EA27E9A
2021-10-16 13:53:41.1578 DEBUG - targetFile ===> C:\workspace\data\20211016\FC1FA4FA025DE46405CA56AD4EA27E9A\통화정책의 현재와 미래_게시용.pdf
2021-10-16 13:53:41.1578 DEBUG - =============================>
2021-10-16 13:53:42.9318 DEBUG - Response messages to 127.0.0.1:62409
{
  "FilePath": "/data/20211016/FC1FA4FA025DE46405CA56AD4EA27E9A/통화정책의 현재와 미래_게시용.pdf",
  "PageCnt": 629,
  "ResultCode": "0",
  "Message": "success"
}
2021-10-16 13:53:42.9318 DEBUG - All Processing time: 01.869
2021-10-16 13:53:42.9318  INFO - Disconnected From:127.0.0.1:62409 Time: 2021-10-16 오후 1:53:42
2021-10-16 13:53:53.7922  INFO - Connect Client From: 127.0.0.1:58670  Connection time: 2021-10-16 오후 1:53:53
2021-10-16 13:53:53.7922 DEBUG - Received messages from 127.0.0.1:58670
{
  "ClientKey": "c8d959df-226d-4860-bfab-8a75342feb10",
  "Method": "DocConvert",
  "FileName": "통화정책의 현재와 미래_게시용.pdf",
  "ConvertImg": 0,
  "DocPassword": "",
  "DRM_UseYn": "n",
  "DRM_Type": ""
}
2021-10-16 13:53:53.7922 DEBUG - Method DocConvert Start ==>
2021-10-16 13:53:53.8556 DEBUG - Initialized variable ========>
2021-10-16 13:53:53.8556 DEBUG - workspacePath ===> C:\workspace
2021-10-16 13:53:53.8556 DEBUG - tmpPath ===> C:\workspace\tmp
2021-10-16 13:53:53.8556 DEBUG - srcFile ===> C:\workspace\tmp\통화정책의 현재와 미래_게시용.pdf
2021-10-16 13:53:53.8556 DEBUG - dataTodayMD5Path ===> C:\workspace\data\20211016\FC1FA4FA025DE46405CA56AD4EA27E9A
2021-10-16 13:53:53.8616 DEBUG - targetFile ===> C:\workspace\data\20211016\FC1FA4FA025DE46405CA56AD4EA27E9A\통화정책의 현재와 미래_게시용.pdf
2021-10-16 13:53:53.8616 DEBUG - =============================>
2021-10-16 13:53:53.8616 DEBUG - C:\workspace\tmp\통화정책의 현재와 미래_게시용.pdf Move file to C:\workspace\data\20211016\FC1FA4FA025DE46405CA56AD4EA27E9A\통화정책의 현재와 미래_게시용.pdf
2021-10-16 13:53:53.8616 DEBUG - use DRM: False
2021-10-16 13:53:53.8616 DEBUG - ============= Document To PDF Start =============>
2021-10-16 13:53:53.8616 DEBUG - Response messages to 127.0.0.1:58670
{
  "ResultCode": "1003",
  "Message": "pdf files cannot be converted to pdf."
}
2021-10-16 13:53:53.8616 DEBUG - All Processing time: 00.075
2021-10-16 13:53:53.8616  INFO - Disconnected From:127.0.0.1:58670 Time: 2021-10-16 오후 1:53:53
2021-10-16 13:54:00.9003  INFO - Connect Client From: 127.0.0.1:58671  Connection time: 2021-10-16 오후 1:54:00
2021-10-16 13:54:00.9003 DEBUG - Received messages from 127.0.0.1:58671
{
  "ClientKey": "c8d959df-226d-4860-bfab-8a75342feb10",
  "Method": "DocConvert",
  "FileName": "통화정책의 현재와 미래_게시용.pdf",
  "ConvertImg": 2,
  "DocPassword": "",
  "DRM_UseYn": "n",
  "DRM_Type": ""
}
2021-10-16 13:54:00.9003 DEBUG - Method DocConvert Start ==>
2021-10-16 13:54:00.9603 DEBUG - Initialized variable ========>
2021-10-16 13:54:00.9603 DEBUG - workspacePath ===> C:\workspace
2021-10-16 13:54:00.9603 DEBUG - tmpPath ===> C:\workspace\tmp
2021-10-16 13:54:00.9603 DEBUG - srcFile ===> C:\workspace\tmp\통화정책의 현재와 미래_게시용.pdf
2021-10-16 13:54:00.9603 DEBUG - dataTodayMD5Path ===> C:\workspace\data\20211016\FC1FA4FA025DE46405CA56AD4EA27E9A
2021-10-16 13:54:00.9603 DEBUG - targetFile ===> C:\workspace\data\20211016\FC1FA4FA025DE46405CA56AD4EA27E9A\통화정책의 현재와 미래_게시용.pdf
2021-10-16 13:54:00.9603 DEBUG - =============================>
2021-10-16 13:54:00.9709 DEBUG - ============= PDF To Image Start =============>
2021-10-16 13:54:30.6775 DEBUG - PDF To Image Processing time: 29.706
2021-10-16 13:54:30.6775 DEBUG - ==============================================>
2021-10-16 13:54:30.6775 DEBUG - ============= Create Zip Start =============>
2021-10-16 13:54:34.8179 DEBUG - Create Zip Processing time: 04.132
2021-10-16 13:54:34.8179 DEBUG - ==============================================>
2021-10-16 13:54:36.1847 DEBUG - Response messages to 127.0.0.1:58671
{
  "FilePath": "/data/20211016/FC1FA4FA025DE46405CA56AD4EA27E9A/통화정책의 현재와 미래_게시용.zip",
  "PageCnt": 629,
  "ResultCode": "0",
  "Message": "success"
}
2021-10-16 13:54:36.1847 DEBUG - All Processing time: 35.283
2021-10-16 13:54:36.1897  INFO - Disconnected From:127.0.0.1:58671 Time: 2021-10-16 오후 1:54:36
