2020-05-10 20:00:37.2448  INFO - ==================== Start ====================
2020-05-10 20:00:37.2777  INFO - Method: ExcelSaveAs, FilePath: C:\Users\o0_0o\Desktop\MOCK_DATA.csv, outPath: C:\Users\o0_0o\Desktop\MOCK_DATA.pdf, docPassword: 
2020-05-10 20:00:39.6937  INFO - 변환 성공
2020-05-10 20:00:40.1936  INFO - ==================== End ====================
2020-05-10 20:02:18.4254  INFO - ==================== Start ====================
2020-05-10 20:02:18.4254  INFO - Method: ExcelSaveAs, FilePath: C:\Data\workspace\92CBCCECAC573A4743E1A828226B7D8B\MOCK_DATA.csv, outPath: C:\Data\workspace\92CBCCECAC573A4743E1A828226B7D8B\MOCK_DATA.pdf, docPassword: 
2020-05-10 20:02:20.5761  INFO - 변환 성공
2020-05-10 20:02:21.0556  INFO - ==================== End ====================
2020-05-10 20:17:37.7155  INFO - ==================== Start ====================
2020-05-10 20:17:37.7312  INFO - Method: ExcelSaveAs, FilePath: C:\Users\o0_0o\Desktop\MOCK_DATA.csv, outPath: C:\Users\o0_0o\Desktop\MOCK_DATA.pdf, docPassword: 
2020-05-10 20:17:39.9167  INFO - 변환 성공
2020-05-10 20:17:40.4063  INFO - ==================== End ====================
2020-05-10 20:17:40.4063  INFO - ==================== Start ====================
2020-05-10 20:17:40.4063  INFO - Method: PDFtoJpeg, FilePath: C:\Users\o0_0o\Desktop\MOCK_DATA.pdf, outPath: C:\Users\o0_0o\Desktop\MOCK_DATA\
2020-05-10 20:17:41.0899  INFO - 이미지 변환 성공!
2020-05-10 20:17:41.0899  INFO - ==================== End ====================
2020-05-10 20:17:55.6991  INFO - ==================== Start ====================
2020-05-10 20:17:55.6991  INFO - Method: ExcelSaveAs, FilePath: C:\Users\o0_0o\Desktop\MOCK_DATA.csv, outPath: C:\Users\o0_0o\Desktop\MOCK_DATA.pdf, docPassword: 
2020-05-10 20:17:57.4034  INFO - 변환 성공
2020-05-10 20:17:58.5240  INFO - ==================== End ====================
2020-05-10 20:17:58.5240  INFO - ==================== Start ====================
2020-05-10 20:17:58.5240  INFO - Method: PDFtoJpeg, FilePath: C:\Users\o0_0o\Desktop\MOCK_DATA.pdf, outPath: C:\Users\o0_0o\Desktop\MOCK_DATA\
2020-05-10 20:17:59.0555  INFO - 이미지 변환 성공!
2020-05-10 20:17:59.0555  INFO - ==================== End ====================
