2020-05-10 20:01:00.8973  INFO - [INFO] 데이터 경로: C:\Data
2020-05-10 20:01:00.8973  INFO - [INFO] 클라이언트 키: B29D00A3 - F825 - 4EB7 - 93C1 - A77F5E31A7C2
2020-05-10 20:01:00.8973  INFO - [INFO] 오피스 디버깅모드: True
2020-05-10 20:01:00.8973  INFO - [INFO] 웹 캡쳐 모드: Phantom JS
2020-05-10 20:01:00.8973  INFO - [INFO] 웹 캡쳐 타임아웃: 30초
2020-05-10 20:01:00.8973  INFO - [INFO] 한글 DLL을 레지스트리에 등록하였습니다.
2020-05-10 20:01:00.8973  INFO - [Scheduler] 스케줄러가 실행중입니다. 작업공간 정리 스케줄러: 3일   로그 정리 스케줄러: 10일
2020-05-10 20:01:00.8973  INFO - [Web Socket] 웹 소켓 타임아웃: 2분 0초
2020-05-10 20:01:00.9442  INFO - [Web Socket] Server Listening...
2020-05-10 20:01:00.9442  INFO - [Web Socket][INFO] IP: 0.0.0.0   포트: 12000
2020-05-10 20:01:13.0729  INFO - [INFO] 웹 소켓 서버를 종료합니다.
2020-05-10 20:02:02.9127  INFO - [INFO] 데이터 경로: C:\Data
2020-05-10 20:02:02.9127  INFO - [INFO] 클라이언트 키: B29D00A3 - F825 - 4EB7 - 93C1 - A77F5E31A7C2
2020-05-10 20:02:02.9127  INFO - [INFO] 오피스 디버깅모드: True
2020-05-10 20:02:02.9127  INFO - [INFO] 웹 캡쳐 모드: Phantom JS
2020-05-10 20:02:02.9127  INFO - [INFO] 웹 캡쳐 타임아웃: 30초
2020-05-10 20:02:02.9127  INFO - [INFO] 한글 DLL을 레지스트리에 등록하였습니다.
2020-05-10 20:02:02.9127  INFO - [Scheduler] 스케줄러가 실행중입니다. 작업공간 정리 스케줄러: 3일   로그 정리 스케줄러: 10일
2020-05-10 20:02:02.9127  INFO - [Web Socket] 웹 소켓 타임아웃: 2분 0초
2020-05-10 20:02:02.9440  INFO - [Web Socket] Server Listening...
2020-05-10 20:02:02.9440  INFO - [Web Socket][INFO] IP: 0.0.0.0   포트: 12000
2020-05-10 20:02:18.3317  INFO - [WebSocket] 접속 IP: 127.0.0.1
2020-05-10 20:02:18.4254  INFO - 
[WebSocket][Client => Server]
{
  "KEY": "B29D00A3 - F825 - 4EB7 - 93C1 - A77F5E31A7C2",
  "Method": "DocConvert",
  "FileName": "MOCK_DATA.csv",
  "ConvertIMG": 0,
  "useCompression": false
}

2020-05-10 20:02:18.4254  INFO - 파일 언락 실패! 자세한내용 로그 참고
2020-05-10 20:02:21.0556  INFO - 
[WebSocket][Server => Client]
{
  "URL": "/workspace/92CBCCECAC573A4743E1A828226B7D8B",
  "isSuccess": true,
  "msg": "변환에 성공하였습니다.",
  "useCompression": false,
  "Method": "DocConvert"
}

2020-05-10 20:02:21.0556  INFO - [WebSocket] 작업 소요시간: 00:00:02.7083059
2020-05-10 20:02:21.0556  INFO - [WebSocket] 클라이언트와 연결을 해제함.
2020-05-10 20:02:29.3424  INFO - [INFO] 웹 소켓 서버를 종료합니다.
