2020-04-16 00:38:39.3128 DEBUG - [Socket]技记ID: 4813627c-d555-4527-a3ce-593d42f485ed 立加
2020-04-16 00:38:39.3567 DEBUG - [Socket]技记ID: 4813627c-d555-4527-a3ce-593d42f485ed 罐篮 单捞磐 农扁: 382, ThreadId: 16
2020-04-16 00:39:16.3591 DEBUG - [Socket]技记ID: 59c0ef1b-af7f-4c9e-9aeb-6e58f9f0e454 立加
2020-04-16 00:39:16.4016 DEBUG - [Socket]技记ID: 59c0ef1b-af7f-4c9e-9aeb-6e58f9f0e454 罐篮 单捞磐 农扁: 382, ThreadId: 16
2020-04-16 00:40:56.9843 DEBUG - [Socket]技记ID: 7ed795d6-c1a5-48c2-89f2-9ca8f339e6b6 立加
2020-04-16 00:40:57.0232 DEBUG - [Socket]技记ID: 7ed795d6-c1a5-48c2-89f2-9ca8f339e6b6 罐篮 单捞磐 农扁: 382, ThreadId: 16
2020-04-16 00:42:41.8705 DEBUG - [Socket]技记ID: 3409acb2-5920-4c3f-af45-ccf017605667 立加
2020-04-16 00:42:41.9114 DEBUG - [Socket]技记ID: 3409acb2-5920-4c3f-af45-ccf017605667 罐篮 单捞磐 农扁: 382, ThreadId: 16
2020-04-16 00:44:38.9564 DEBUG - [Socket]技记ID: e9b29d8f-92c0-4fe2-9f4a-d853c22ebbfb 立加
2020-04-16 00:44:38.9972 DEBUG - [Socket]技记ID: e9b29d8f-92c0-4fe2-9f4a-d853c22ebbfb 罐篮 单捞磐 农扁: 382, ThreadId: 16
2020-04-16 00:46:27.1313 DEBUG - [Socket]技记ID: fe0d0f8e-509f-49c0-b016-59095f2495c2 立加
2020-04-16 00:46:27.1473 DEBUG - [Socket]技记ID: fe0d0f8e-509f-49c0-b016-59095f2495c2 罐篮 单捞磐 农扁: 278, ThreadId: 13
2020-04-16 00:46:45.8739 DEBUG - [Socket]技记ID: ccda31c7-17f8-4bb7-9076-c073b1535741 立加
2020-04-16 00:46:45.8739 DEBUG - [Socket]技记ID: ccda31c7-17f8-4bb7-9076-c073b1535741 罐篮 单捞磐 农扁: 278, ThreadId: 17
2020-04-16 00:47:22.2273 DEBUG - [Socket]技记ID: 6d6cb6e4-4ecc-4feb-ab01-65d0ac6fdea7 立加
2020-04-16 00:47:22.2273 DEBUG - [Socket]技记ID: 6d6cb6e4-4ecc-4feb-ab01-65d0ac6fdea7 罐篮 单捞磐 农扁: 278, ThreadId: 14
2020-04-16 00:47:40.5471 DEBUG - [Socket]技记ID: 288a4f15-1020-4b26-8e61-36d26a27b03d 立加
2020-04-16 00:47:40.5471 DEBUG - [Socket]技记ID: 288a4f15-1020-4b26-8e61-36d26a27b03d 罐篮 单捞磐 农扁: 382, ThreadId: 13
2020-04-16 00:49:13.9320 DEBUG - [Socket]技记ID: f9870dee-9d65-467a-bdbc-bc369e615bcf 立加
2020-04-16 00:49:13.9320 DEBUG - [Socket]技记ID: f9870dee-9d65-467a-bdbc-bc369e615bcf 罐篮 单捞磐 农扁: 278, ThreadId: 14
2020-04-16 00:49:24.6820 DEBUG - [Socket]技记ID: b7c9685a-2cef-485b-b06f-eb3a3abca8a1 立加
2020-04-16 00:49:24.6820 DEBUG - [Socket]技记ID: b7c9685a-2cef-485b-b06f-eb3a3abca8a1 罐篮 单捞磐 农扁: 382, ThreadId: 17
2020-04-16 00:50:56.1601 DEBUG - [Socket]技记ID: 4ca1fd84-eaea-49f6-a9c5-4d165e3d4d91 立加
2020-04-16 00:50:56.1731 DEBUG - [Socket]技记ID: 4ca1fd84-eaea-49f6-a9c5-4d165e3d4d91 罐篮 单捞磐 农扁: 278, ThreadId: 13
2020-04-16 00:51:08.1462 DEBUG - [Socket]技记ID: 9968b89e-0b5c-4195-b817-c8cd236d86fa 立加
2020-04-16 00:51:08.1511 DEBUG - [Socket]技记ID: 9968b89e-0b5c-4195-b817-c8cd236d86fa 罐篮 单捞磐 农扁: 382, ThreadId: 17
2020-04-16 00:51:34.8768 DEBUG - [Socket]技记ID: a487378a-a1ca-41dc-a58c-677729fd84d6 立加
2020-04-16 00:51:34.8834 DEBUG - [Socket]技记ID: a487378a-a1ca-41dc-a58c-677729fd84d6 罐篮 单捞磐 农扁: 348, ThreadId: 14
2020-04-16 00:52:02.3872 DEBUG - [Socket]技记ID: 5e098bfe-54d9-4dbb-8fc0-ae3928d003ca 立加
2020-04-16 00:52:02.3872 DEBUG - [Socket]技记ID: 5e098bfe-54d9-4dbb-8fc0-ae3928d003ca 罐篮 单捞磐 农扁: 246, ThreadId: 13
2020-04-16 00:53:21.5474 DEBUG - [Socket]技记ID: 5460c69b-e059-4c8c-871d-f9da743c3741 立加
2020-04-16 00:53:21.5922 DEBUG - [Socket]技记ID: 5460c69b-e059-4c8c-871d-f9da743c3741 罐篮 单捞磐 农扁: 246, ThreadId: 16
2020-04-16 00:53:53.3774 DEBUG - [Socket]技记ID: 6d6aef9b-89f9-41eb-8a2a-17a82b454ac5 立加
2020-04-16 00:53:53.3835 DEBUG - [Socket]技记ID: 6d6aef9b-89f9-41eb-8a2a-17a82b454ac5 罐篮 单捞磐 农扁: 248, ThreadId: 16
2020-04-16 00:55:00.9742 DEBUG - [Socket]技记ID: 858f30f5-b19f-4347-900c-20c3976a23ea 立加
2020-04-16 00:55:01.0288 DEBUG - [Socket]技记ID: 858f30f5-b19f-4347-900c-20c3976a23ea 罐篮 单捞磐 农扁: 270, ThreadId: 16
2020-04-16 00:55:07.7852 DEBUG - [Socket]技记ID: 8f2fdcfd-220c-42e4-adce-c686cecd486a 立加
2020-04-16 00:55:07.7882 DEBUG - [Socket]技记ID: 8f2fdcfd-220c-42e4-adce-c686cecd486a 罐篮 单捞磐 农扁: 248, ThreadId: 14
2020-04-16 00:55:34.1372 DEBUG - [Socket]技记ID: fee6b7f0-b9b7-40a4-9be8-cb49b1c11a27 立加
2020-04-16 00:55:34.1811 DEBUG - [Socket]技记ID: fee6b7f0-b9b7-40a4-9be8-cb49b1c11a27 罐篮 单捞磐 农扁: 270, ThreadId: 16
2020-04-16 00:57:21.8315 DEBUG - [Socket]技记ID: ff4ebf4f-96a8-449a-9866-c8cdf04277a7 立加
2020-04-16 00:57:21.8733 DEBUG - [Socket]技记ID: ff4ebf4f-96a8-449a-9866-c8cdf04277a7 罐篮 单捞磐 农扁: 248, ThreadId: 16
2020-04-16 00:57:57.6929 DEBUG - [Socket]技记ID: 59db3f29-fdf8-4397-b7f8-9e01b4b8eb0f 立加
2020-04-16 00:57:57.6989 DEBUG - [Socket]技记ID: 59db3f29-fdf8-4397-b7f8-9e01b4b8eb0f 罐篮 单捞磐 农扁: 248, ThreadId: 14
2020-04-16 00:58:40.5786 DEBUG - [Socket]技记ID: a23b73cf-abd3-4bdd-9946-64b871f09833 立加
2020-04-16 00:58:40.6204 DEBUG - [Socket]技记ID: a23b73cf-abd3-4bdd-9946-64b871f09833 罐篮 单捞磐 农扁: 248, ThreadId: 16
2020-04-16 00:59:28.4422 DEBUG - [Socket]技记ID: 54dd0f8a-e34b-461e-9cbd-362e8c43c20d 立加
2020-04-16 00:59:28.4811 DEBUG - [Socket]技记ID: 54dd0f8a-e34b-461e-9cbd-362e8c43c20d 罐篮 单捞磐 农扁: 270, ThreadId: 16
2020-04-16 01:00:25.1441 DEBUG - [Socket]技记ID: 9ab72b6b-cc6c-4773-b530-4559984d2b48 立加
2020-04-16 01:00:25.1810 DEBUG - [Socket]技记ID: 9ab72b6b-cc6c-4773-b530-4559984d2b48 罐篮 单捞磐 农扁: 270, ThreadId: 16
2020-04-16 01:01:38.3695 DEBUG - [Socket]技记ID: 00543a44-270d-4bcc-adb6-7594eb764631 立加
2020-04-16 01:01:38.4134 DEBUG - [Socket]技记ID: 00543a44-270d-4bcc-adb6-7594eb764631 罐篮 单捞磐 农扁: 270, ThreadId: 16
2020-04-16 01:01:52.6882 DEBUG - [Socket]技记ID: e99915db-5da4-45bc-923b-34bd672fd8cf 立加
2020-04-16 01:01:52.6882 DEBUG - [Socket]技记ID: e99915db-5da4-45bc-923b-34bd672fd8cf 罐篮 单捞磐 农扁: 270, ThreadId: 16
2020-04-16 01:02:21.8605 DEBUG - [Socket]技记ID: 5757afa2-6be1-41be-8075-e1ca4fef6225 立加
2020-04-16 01:02:21.8764 DEBUG - [Socket]技记ID: 5757afa2-6be1-41be-8075-e1ca4fef6225 罐篮 单捞磐 农扁: 270, ThreadId: 5
2020-04-16 01:02:37.8604 DEBUG - [Socket]技记ID: c3ef6215-850a-4bf2-adad-3e562d305c5f 立加
2020-04-16 01:02:37.8604 DEBUG - [Socket]技记ID: c3ef6215-850a-4bf2-adad-3e562d305c5f 罐篮 单捞磐 农扁: 248, ThreadId: 14
2020-04-16 01:04:13.3416 DEBUG - [Socket]技记ID: 0accd58a-0b69-4e36-8907-fe18fa9f945c 立加
2020-04-16 01:04:13.3805 DEBUG - [Socket]技记ID: 0accd58a-0b69-4e36-8907-fe18fa9f945c 罐篮 单捞磐 农扁: 248, ThreadId: 16
2020-04-16 01:05:27.4294 DEBUG - [Socket]技记ID: cd2293b0-261b-448a-ae9f-ca7d1127bea8 立加
2020-04-16 01:05:27.4722 DEBUG - [Socket]技记ID: cd2293b0-261b-448a-ae9f-ca7d1127bea8 罐篮 单捞磐 农扁: 270, ThreadId: 13
2020-04-16 01:06:02.2194 DEBUG - [Socket]技记ID: afab4692-d009-455c-9398-a466341617bb 立加
2020-04-16 01:06:02.2613 DEBUG - [Socket]技记ID: afab4692-d009-455c-9398-a466341617bb 罐篮 单捞磐 农扁: 270, ThreadId: 16
2020-04-16 17:27:32.6203 DEBUG - [Socket]技记ID: 738d2928-b439-4bf9-b87c-d023d0144db0 立加
2020-04-16 17:27:32.6383 DEBUG - [Socket]技记ID: 738d2928-b439-4bf9-b87c-d023d0144db0 罐篮 单捞磐 农扁: 290, ThreadId: 5
2020-04-16 17:27:38.9566 DEBUG - [Socket]技记ID: 5ee9f72a-45a6-448b-9d92-2b4314a94d0a 立加
2020-04-16 17:27:38.9566 DEBUG - [Socket]技记ID: 5ee9f72a-45a6-448b-9d92-2b4314a94d0a 罐篮 单捞磐 农扁: 290, ThreadId: 17
2020-04-16 17:27:42.3496 DEBUG - [Socket]技记ID: ac1c43f4-6323-48aa-b395-14ffb903d460 立加
2020-04-16 17:27:42.3536 DEBUG - [Socket]技记ID: ac1c43f4-6323-48aa-b395-14ffb903d460 罐篮 单捞磐 农扁: 290, ThreadId: 14
2020-04-16 17:27:47.0132 DEBUG - [Socket]技记ID: dcfcb338-164a-4a11-96cf-b001fcff4cea 立加
2020-04-16 17:27:47.0132 DEBUG - [Socket]技记ID: dcfcb338-164a-4a11-96cf-b001fcff4cea 罐篮 单捞磐 农扁: 290, ThreadId: 4
2020-04-16 17:27:57.6058 DEBUG - [Socket]技记ID: 3297fa46-7aa6-4112-98a6-717c62adebf5 立加
2020-04-16 17:27:57.6058 DEBUG - [Socket]技记ID: 3297fa46-7aa6-4112-98a6-717c62adebf5 罐篮 单捞磐 农扁: 246, ThreadId: 4
2020-04-16 17:28:06.5110 DEBUG - [Socket]技记ID: 4f3f4ff2-fa05-4a3f-bf2a-e18cd52ed0bf 立加
2020-04-16 17:28:06.5110 DEBUG - [Socket]技记ID: 4f3f4ff2-fa05-4a3f-bf2a-e18cd52ed0bf 罐篮 单捞磐 农扁: 246, ThreadId: 17
2020-04-16 17:28:15.1262 DEBUG - [Socket]技记ID: 6f1318ad-ad28-4093-891d-cbca771ddaba 立加
2020-04-16 17:28:15.1262 DEBUG - [Socket]技记ID: 6f1318ad-ad28-4093-891d-cbca771ddaba 罐篮 单捞磐 农扁: 290, ThreadId: 14
2020-04-16 17:28:18.4193 DEBUG - [Socket]技记ID: 8f412161-3ac4-4c9d-aac4-6e92da458523 立加
2020-04-16 17:28:18.4193 DEBUG - [Socket]技记ID: 8f412161-3ac4-4c9d-aac4-6e92da458523 罐篮 单捞磐 农扁: 290, ThreadId: 4
