2020-04-16 00:12:45.2612  INFO - 나의 하드웨어 ID: BFEBFBFF000806EB
2020-04-16 00:12:45.3151  INFO - 라이센스 만료날짜: 2020-04-30
2020-04-16 00:12:45.4836  INFO - [Socket]핸들러 등록 완료
2020-04-16 00:12:45.4836  INFO - [Socket]서버 생성 성공
2020-04-16 00:12:45.6033  INFO - [Socket Server Listening...]
2020-04-16 00:12:45.6033  INFO - [Socket][INFO] IP: 127.0.0.1   포트: 12000   프로토콜: Tcp   서버이름: ConvertServer
2020-04-16 00:12:45.8955  INFO - [Web Socket Server Listening...]
2020-04-16 00:12:45.8955  INFO - [Web Socket][INFO] IP: 127.0.0.1   포트: 12005
2020-04-16 00:12:54.5301  INFO - [WebSocket] 클라이언트로 부터 연결요청이 들어옴: 127.0.0.1:9236
2020-04-16 00:12:54.6466  INFO - 
[WebSocket][Client => Server]
{
  "Method": "WebCapture",
  "KEY": "B29D00A3 - F825 - 4EB7 - 93C1 - A77F5E31A7C2",
  "URL": "https://www.naver.com/"
}

2020-04-16 00:13:04.2731  INFO - 
[WebSocket][Server => Client]
{
  "URL": "/workspace/1a16e3fe-96bc-4153-b45f-5c214cf0a895_2020-04-16/www.naver.com.png",
  "isSuccess": true,
  "msg": "WebCapture에 성공하였습니다.",
  "convertImgCnt": 0,
  "Method": "WebCapture"
}

2020-04-16 00:13:04.2731  INFO - [Socket] 작업 소요시간: 00:00:09.7044332
2020-04-16 00:13:04.2731  INFO - [WebSocket]서버와 연결이 해제되었습니다.
2020-04-16 00:14:02.4035  INFO - [WebSocket] 클라이언트로 부터 연결요청이 들어옴: 127.0.0.1:9277
2020-04-16 00:14:02.4244  INFO - 
[WebSocket][Client => Server]
{
  "Method": "WebCapture",
  "KEY": "B29D00A3 - F825 - 4EB7 - 93C1 - A77F5E31A7C2",
  "URL": "https://www.naver.com/"
}

2020-04-16 00:14:14.4006  INFO - 
[WebSocket][Server => Client]
{
  "URL": "/workspace/d71573e0-b1d3-4ea7-bf23-5e29aca1c13f_2020-04-16/www.naver.com.png",
  "isSuccess": true,
  "msg": "WebCapture에 성공하였습니다.",
  "convertImgCnt": 0,
  "Method": "WebCapture"
}

2020-04-16 00:14:14.4006  INFO - [Socket] 작업 소요시간: 00:00:11.9770319
2020-04-16 00:14:14.4006  INFO - [WebSocket]서버와 연결이 해제되었습니다.
2020-04-16 00:38:28.9772  INFO - 나의 하드웨어 ID: BFEBFBFF000806EB
2020-04-16 00:38:28.9962  INFO - 라이센스 만료날짜: 2020-04-30
2020-04-16 00:38:29.0471  INFO - [Socket]핸들러 등록 완료
2020-04-16 00:38:29.0471  INFO - [Socket]서버 생성 성공
2020-04-16 00:38:29.0750  INFO - [Socket Server Listening...]
2020-04-16 00:38:29.0750  INFO - [Socket][INFO] IP: 127.0.0.1   포트: 12000   프로토콜: Tcp   서버이름: ConvertServer
2020-04-16 00:38:29.1218  INFO - [Web Socket Server Listening...]
2020-04-16 00:38:29.1218  INFO - [Web Socket][INFO] IP: 127.0.0.1   포트: 12005
2020-04-16 00:38:39.3567  INFO - 
[Socket][Client => Server]
{
  "KEY": "B29D00A3 - F825 - 4EB7 - 93C1 - A77F5E31A7C2",
  "Method": "WebCapture",
  "URL": "https://docs.microsoft.com/en-us/dotnet/api/microsoft.office.interop.excel?view=excel-pia"
}

2020-04-16 00:38:45.3571  INFO - 
[Socket][Server => Client]
{
  "URL": "/workspace/2fce0de6-57f1-4f6f-9346-a501e2ac0059_2020-04-16/docs.microsoft.com.png",
  "isSuccess": false,
  "msg": "WebCapture에 실패하였습니다.",
  "convertImgCnt": 0,
  "Method": "WebCapture"
}

2020-04-16 00:38:45.3571  INFO - [Socket] 작업 소요시간: 00:00:05.9984013
2020-04-16 00:38:45.3900  INFO - [Socket]세션ID: 4813627c-d555-4527-a3ce-593d42f485ed 접속해제: ClientClosing
2020-04-16 00:39:09.9334  INFO - 나의 하드웨어 ID: BFEBFBFF000806EB
2020-04-16 00:39:09.9674  INFO - 라이센스 만료날짜: 2020-04-30
2020-04-16 00:39:10.0252  INFO - [Socket]핸들러 등록 완료
2020-04-16 00:39:10.0252  INFO - [Socket]서버 생성 성공
2020-04-16 00:39:10.0486  INFO - [Socket Server Listening...]
2020-04-16 00:39:10.0486  INFO - [Socket][INFO] IP: 127.0.0.1   포트: 12000   프로토콜: Tcp   서버이름: ConvertServer
2020-04-16 00:39:10.0970  INFO - [Web Socket Server Listening...]
2020-04-16 00:39:10.0970  INFO - [Web Socket][INFO] IP: 127.0.0.1   포트: 12005
2020-04-16 00:39:16.4016  INFO - 
[Socket][Client => Server]
{
  "KEY": "B29D00A3 - F825 - 4EB7 - 93C1 - A77F5E31A7C2",
  "Method": "WebCapture",
  "URL": "https://docs.microsoft.com/en-us/dotnet/api/microsoft.office.interop.excel?view=excel-pia"
}

2020-04-16 00:39:21.6595  INFO - 
[Socket][Server => Client]
{
  "URL": "/workspace/074a670a-cebe-4219-9505-d761a5aec338_2020-04-16/docs.microsoft.com.png",
  "isSuccess": false,
  "msg": "WebCapture에 실패하였습니다.",
  "convertImgCnt": 0,
  "Method": "WebCapture"
}

2020-04-16 00:39:21.6595  INFO - [Socket] 작업 소요시간: 00:00:05.2566538
2020-04-16 00:39:21.7040  INFO - [Socket]세션ID: 59c0ef1b-af7f-4c9e-9aeb-6e58f9f0e454 접속해제: ClientClosing
2020-04-16 00:40:47.4377  INFO - 나의 하드웨어 ID: BFEBFBFF000806EB
2020-04-16 00:40:47.4702  INFO - 라이센스 만료날짜: 2020-04-30
2020-04-16 00:40:47.5254  INFO - [Socket]핸들러 등록 완료
2020-04-16 00:40:47.5254  INFO - [Socket]서버 생성 성공
2020-04-16 00:40:47.5544  INFO - [Socket Server Listening...]
2020-04-16 00:40:47.5544  INFO - [Socket][INFO] IP: 127.0.0.1   포트: 12000   프로토콜: Tcp   서버이름: ConvertServer
2020-04-16 00:40:47.6132  INFO - [Web Socket Server Listening...]
2020-04-16 00:40:47.6132  INFO - [Web Socket][INFO] IP: 127.0.0.1   포트: 12005
2020-04-16 00:40:57.0232  INFO - 
[Socket][Client => Server]
{
  "KEY": "B29D00A3 - F825 - 4EB7 - 93C1 - A77F5E31A7C2",
  "Method": "WebCapture",
  "URL": "https://docs.microsoft.com/en-us/dotnet/api/microsoft.office.interop.excel?view=excel-pia"
}

2020-04-16 00:41:02.9529  INFO - 
[Socket][Server => Client]
{
  "isSuccess": false,
  "msg": "WebCapture에 실패하였습니다.",
  "convertImgCnt": 0
}

2020-04-16 00:41:02.9529  INFO - [Socket] 작업 소요시간: 00:00:05.9267720
2020-04-16 00:41:05.6005  INFO - [Socket]세션ID: 7ed795d6-c1a5-48c2-89f2-9ca8f339e6b6 접속해제: SocketError
2020-04-16 00:42:32.3996  INFO - 나의 하드웨어 ID: BFEBFBFF000806EB
2020-04-16 00:42:32.4325  INFO - 라이센스 만료날짜: 2020-04-30
2020-04-16 00:42:32.4904  INFO - [Socket]핸들러 등록 완료
2020-04-16 00:42:32.4913  INFO - [Socket]서버 생성 성공
2020-04-16 00:42:32.5267  INFO - [Socket Server Listening...]
2020-04-16 00:42:32.5267  INFO - [Socket][INFO] IP: 127.0.0.1   포트: 12000   프로토콜: Tcp   서버이름: ConvertServer
2020-04-16 00:42:32.5841  INFO - [Web Socket Server Listening...]
2020-04-16 00:42:32.5841  INFO - [Web Socket][INFO] IP: 127.0.0.1   포트: 12005
2020-04-16 00:42:41.9114  INFO - 
[Socket][Client => Server]
{
  "KEY": "B29D00A3 - F825 - 4EB7 - 93C1 - A77F5E31A7C2",
  "Method": "WebCapture",
  "URL": "https://docs.microsoft.com/en-us/dotnet/api/microsoft.office.interop.excel?view=excel-pia"
}

2020-04-16 00:42:57.8625  INFO - 
[Socket][Server => Client]
{
  "isSuccess": false,
  "msg": "WebCapture에 실패하였습니다.",
  "convertImgCnt": 0
}

2020-04-16 00:42:57.8625  INFO - [Socket] 작업 소요시간: 00:00:15.9511474
2020-04-16 00:43:16.2804  INFO - [Socket]세션ID: 3409acb2-5920-4c3f-af45-ccf017605667 접속해제: SocketError
2020-04-16 00:44:34.9413  INFO - 나의 하드웨어 ID: BFEBFBFF000806EB
2020-04-16 00:44:34.9746  INFO - 라이센스 만료날짜: 2020-04-30
2020-04-16 00:44:35.0620  INFO - [Socket]핸들러 등록 완료
2020-04-16 00:44:35.0620  INFO - [Socket]서버 생성 성공
2020-04-16 00:44:35.1009  INFO - [Socket Server Listening...]
2020-04-16 00:44:35.1009  INFO - [Socket][INFO] IP: 127.0.0.1   포트: 12000   프로토콜: Tcp   서버이름: ConvertServer
2020-04-16 00:44:35.1757  INFO - [Web Socket Server Listening...]
2020-04-16 00:44:35.1757  INFO - [Web Socket][INFO] IP: 127.0.0.1   포트: 12005
2020-04-16 00:44:38.9972  INFO - 
[Socket][Client => Server]
{
  "KEY": "B29D00A3 - F825 - 4EB7 - 93C1 - A77F5E31A7C2",
  "Method": "WebCapture",
  "URL": "https://docs.microsoft.com/en-us/dotnet/api/microsoft.office.interop.excel?view=excel-pia"
}

2020-04-16 00:44:54.8980  INFO - 
[Socket][Server => Client]
{
  "isSuccess": false,
  "msg": "WebCapture에 실패하였습니다.",
  "convertImgCnt": 0
}

2020-04-16 00:44:54.8980  INFO - [Socket] 작업 소요시간: 00:00:15.8997641
2020-04-16 00:44:59.9111  INFO - [Socket]세션ID: e9b29d8f-92c0-4fe2-9f4a-d853c22ebbfb 접속해제: SocketError
2020-04-16 00:46:15.1339  INFO - 나의 하드웨어 ID: BFEBFBFF000806EB
2020-04-16 00:46:15.1670  INFO - 라이센스 만료날짜: 2020-04-30
2020-04-16 00:46:15.2287  INFO - [Socket]핸들러 등록 완료
2020-04-16 00:46:15.2287  INFO - [Socket]서버 생성 성공
2020-04-16 00:46:15.2636  INFO - [Socket Server Listening...]
2020-04-16 00:46:15.2636  INFO - [Socket][INFO] IP: 127.0.0.1   포트: 12000   프로토콜: Tcp   서버이름: ConvertServer
2020-04-16 00:46:15.3384  INFO - [Web Socket Server Listening...]
2020-04-16 00:46:15.3384  INFO - [Web Socket][INFO] IP: 127.0.0.1   포트: 12005
2020-04-16 00:46:27.1473  INFO - 
[Socket][Client => Server]
{
  "KEY": "B29D00A3 - F825 - 4EB7 - 93C1 - A77F5E31A7C2",
  "Method": "DocConvert",
  "FileName": "Word 시작.docx",
  "ConvertIMG": 0
}

2020-04-16 00:46:34.4543  INFO - 
[Socket][Server => Client]
{
  "URL": "/workspace/FC88A00681BEA2BA4BCA029AEC82643A",
  "isSuccess": true,
  "msg": "변환에 성공하였습니다.",
  "Method": "DocConvert"
}

2020-04-16 00:46:34.4543  INFO - [Socket] 작업 소요시간: 00:00:07.3049778
2020-04-16 00:46:34.4832  INFO - [Socket]세션ID: fe0d0f8e-509f-49c0-b016-59095f2495c2 접속해제: ClientClosing
2020-04-16 00:46:45.8739  INFO - 
[Socket][Client => Server]
{
  "KEY": "B29D00A3 - F825 - 4EB7 - 93C1 - A77F5E31A7C2",
  "Method": "DocConvert",
  "FileName": "Word 시작.docx",
  "ConvertIMG": 1
}

2020-04-16 00:46:52.2921  INFO - 
[Socket][Server => Client]
{
  "convertImgCnt": "8",
  "URL": "/workspace/FC88A00681BEA2BA4BCA029AEC82643A",
  "isSuccess": true,
  "msg": "이미지 변환에 성공하였습니다.",
  "Method": "DocConvert"
}

2020-04-16 00:46:52.2921  INFO - [Socket] 작업 소요시간: 00:00:06.4202295
2020-04-16 00:46:52.3047  INFO - [Socket]세션ID: ccda31c7-17f8-4bb7-9076-c073b1535741 접속해제: ClientClosing
2020-04-16 00:47:16.2091  INFO - 나의 하드웨어 ID: BFEBFBFF000806EB
2020-04-16 00:47:16.2470  INFO - 라이센스 만료날짜: 2020-04-30
2020-04-16 00:47:16.3228  INFO - [Socket]핸들러 등록 완료
2020-04-16 00:47:16.3228  INFO - [Socket]서버 생성 성공
2020-04-16 00:47:16.3500  INFO - [Socket Server Listening...]
2020-04-16 00:47:16.3500  INFO - [Socket][INFO] IP: 127.0.0.1   포트: 12000   프로토콜: Tcp   서버이름: ConvertServer
2020-04-16 00:47:16.4016  INFO - [Web Socket Server Listening...]
2020-04-16 00:47:16.4016  INFO - [Web Socket][INFO] IP: 127.0.0.1   포트: 12005
2020-04-16 00:47:22.2273  INFO - 
[Socket][Client => Server]
{
  "KEY": "B29D00A3 - F825 - 4EB7 - 93C1 - A77F5E31A7C2",
  "Method": "DocConvert",
  "FileName": "Word 시작.docx",
  "ConvertIMG": 1
}

2020-04-16 00:47:28.9753  INFO - 
[Socket][Server => Client]
{
  "convertImgCnt": "8",
  "URL": "/workspace/FC88A00681BEA2BA4BCA029AEC82643A",
  "isSuccess": true,
  "msg": "이미지 변환에 성공하였습니다.",
  "Method": "DocConvert"
}

2020-04-16 00:47:28.9763  INFO - [Socket] 작업 소요시간: 00:00:06.7345497
2020-04-16 00:47:29.2216  INFO - [Socket]세션ID: 6d6cb6e4-4ecc-4feb-ab01-65d0ac6fdea7 접속해제: ClientClosing
2020-04-16 00:47:40.5471  INFO - 
[Socket][Client => Server]
{
  "KEY": "B29D00A3 - F825 - 4EB7 - 93C1 - A77F5E31A7C2",
  "Method": "WebCapture",
  "URL": "https://docs.microsoft.com/en-us/dotnet/api/microsoft.office.interop.excel?view=excel-pia"
}

2020-04-16 00:47:56.4370  INFO - 
[Socket][Server => Client]
{
  "isSuccess": false,
  "msg": "WebCapture에 실패하였습니다.",
  "convertImgCnt": 0
}

2020-04-16 00:47:56.4370  INFO - [Socket] 작업 소요시간: 00:00:15.8834203
2020-04-16 00:48:06.9174  INFO - [Socket]세션ID: 288a4f15-1020-4b26-8e61-36d26a27b03d 접속해제: SocketError
2020-04-16 00:49:05.2494  INFO - 나의 하드웨어 ID: BFEBFBFF000806EB
2020-04-16 00:49:05.2723  INFO - 라이센스 만료날짜: 2020-04-30
2020-04-16 00:49:05.3181  INFO - [Socket]핸들러 등록 완료
2020-04-16 00:49:05.3181  INFO - [Socket]서버 생성 성공
2020-04-16 00:49:05.3491  INFO - [Socket Server Listening...]
2020-04-16 00:49:05.3491  INFO - [Socket][INFO] IP: 127.0.0.1   포트: 12000   프로토콜: Tcp   서버이름: ConvertServer
2020-04-16 00:49:05.4179  INFO - [Web Socket Server Listening...]
2020-04-16 00:49:05.4179  INFO - [Web Socket][INFO] IP: 127.0.0.1   포트: 12005
2020-04-16 00:49:13.9460  INFO - 
[Socket][Client => Server]
{
  "KEY": "B29D00A3 - F825 - 4EB7 - 93C1 - A77F5E31A7C2",
  "Method": "DocConvert",
  "FileName": "Word 시작.docx",
  "ConvertIMG": 1
}

2020-04-16 00:49:20.8137  INFO - 
[Socket][Server => Client]
{
  "convertImgCnt": "8",
  "URL": "/workspace/FC88A00681BEA2BA4BCA029AEC82643A",
  "isSuccess": true,
  "msg": "이미지 변환에 성공하였습니다.",
  "Method": "DocConvert"
}

2020-04-16 00:49:20.8137  INFO - [Socket] 작업 소요시간: 00:00:06.8687018
2020-04-16 00:49:21.0541  INFO - [Socket]세션ID: f9870dee-9d65-467a-bdbc-bc369e615bcf 접속해제: ClientClosing
2020-04-16 00:49:24.6820  INFO - 
[Socket][Client => Server]
{
  "KEY": "B29D00A3 - F825 - 4EB7 - 93C1 - A77F5E31A7C2",
  "Method": "WebCapture",
  "URL": "https://docs.microsoft.com/en-us/dotnet/api/microsoft.office.interop.excel?view=excel-pia"
}

2020-04-16 00:49:40.5442  INFO - 
[Socket][Server => Client]
{
  "isSuccess": false,
  "msg": "WebCapture에 실패하였습니다.",
  "convertImgCnt": 0
}

2020-04-16 00:49:40.5442  INFO - [Socket] 작업 소요시간: 00:00:15.8592189
2020-04-16 00:49:49.7243  INFO - [Socket]세션ID: b7c9685a-2cef-485b-b06f-eb3a3abca8a1 접속해제: SocketError
2020-04-16 00:50:49.9914  INFO - 나의 하드웨어 ID: BFEBFBFF000806EB
2020-04-16 00:50:50.0173  INFO - 라이센스 만료날짜: 2020-04-30
2020-04-16 00:50:50.0752  INFO - [Socket]핸들러 등록 완료
2020-04-16 00:50:50.0752  INFO - [Socket]서버 생성 성공
2020-04-16 00:50:50.1077  INFO - [Socket Server Listening...]
2020-04-16 00:50:50.1077  INFO - [Socket][INFO] IP: 127.0.0.1   포트: 12000   프로토콜: Tcp   서버이름: ConvertServer
2020-04-16 00:50:50.1609  INFO - [Web Socket Server Listening...]
2020-04-16 00:50:50.1609  INFO - [Web Socket][INFO] IP: 127.0.0.1   포트: 12005
2020-04-16 00:50:56.1731  INFO - 
[Socket][Client => Server]
{
  "KEY": "B29D00A3 - F825 - 4EB7 - 93C1 - A77F5E31A7C2",
  "Method": "DocConvert",
  "FileName": "Word 시작.docx",
  "ConvertIMG": 0
}

2020-04-16 00:51:02.3605  INFO - 
[Socket][Server => Client]
{
  "URL": "/workspace/FC88A00681BEA2BA4BCA029AEC82643A",
  "isSuccess": true,
  "msg": "변환에 성공하였습니다.",
  "Method": "DocConvert"
}

2020-04-16 00:51:02.3605  INFO - [Socket] 작업 소요시간: 00:00:06.1864237
2020-04-16 00:51:02.4253  INFO - [Socket]세션ID: 4ca1fd84-eaea-49f6-a9c5-4d165e3d4d91 접속해제: ClientClosing
2020-04-16 00:51:08.1511  INFO - 
[Socket][Client => Server]
{
  "KEY": "B29D00A3 - F825 - 4EB7 - 93C1 - A77F5E31A7C2",
  "Method": "WebCapture",
  "URL": "https://docs.microsoft.com/en-us/dotnet/api/microsoft.office.interop.excel?view=excel-pia"
}

2020-04-16 00:51:24.0262  INFO - 
[Socket][Server => Client]
{
  "isSuccess": false,
  "msg": "WebCapture에 실패하였습니다.",
  "convertImgCnt": 0,
  "Method": "WebCapture"
}

2020-04-16 00:51:24.0262  INFO - [Socket] 작업 소요시간: 00:00:15.8750628
2020-04-16 00:51:24.0431  INFO - [Socket]세션ID: 9968b89e-0b5c-4195-b817-c8cd236d86fa 접속해제: ClientClosing
2020-04-16 00:51:34.8834  INFO - 
[Socket][Client => Server]
{
  "KEY": "B29D00A3 - F825 - 4EB7 - 93C1 - A77F5E31A7C2",
  "Method": "WebCapture",
  "URL": "http://blog.naver.com/PostView.nhn?blogId=goldrushing&logNo=130190777628"
}

2020-04-16 00:51:41.8408  INFO - 
[Socket][Server => Client]
{
  "isSuccess": false,
  "msg": "프로세스가 끝났으므로 요청을 처리할 수 없습니다.",
  "convertImgCnt": 0,
  "Method": "WebCapture"
}

2020-04-16 00:51:41.8408  INFO - [Socket] 작업 소요시간: 00:00:06.9553988
2020-04-16 00:51:41.8608  INFO - [Socket]세션ID: a487378a-a1ca-41dc-a58c-677729fd84d6 접속해제: ClientClosing
2020-04-16 00:52:02.3872  INFO - 
[Socket][Client => Server]
{
  "KEY": "B29D00A3 - F825 - 4EB7 - 93C1 - A77F5E31A7C2",
  "Method": "WebCapture",
  "URL": "https://ui.toast.com/"
}

2020-04-16 00:52:10.8340  INFO - 
[Socket][Server => Client]
{
  "isSuccess": false,
  "msg": "프로세스가 끝났으므로 요청을 처리할 수 없습니다.",
  "convertImgCnt": 0,
  "Method": "WebCapture"
}

2020-04-16 00:52:10.8340  INFO - [Socket] 작업 소요시간: 00:00:08.4415837
2020-04-16 00:52:10.8461  INFO - [Socket]세션ID: 5e098bfe-54d9-4dbb-8fc0-ae3928d003ca 접속해제: ClientClosing
2020-04-16 00:53:15.0693  INFO - 나의 하드웨어 ID: BFEBFBFF000806EB
2020-04-16 00:53:15.0963  INFO - 라이센스 만료날짜: 2020-04-30
2020-04-16 00:53:15.1462  INFO - [Socket]핸들러 등록 완료
2020-04-16 00:53:15.1462  INFO - [Socket]서버 생성 성공
2020-04-16 00:53:15.1681  INFO - [Socket Server Listening...]
2020-04-16 00:53:15.1681  INFO - [Socket][INFO] IP: 127.0.0.1   포트: 12000   프로토콜: Tcp   서버이름: ConvertServer
2020-04-16 00:53:15.2309  INFO - [Web Socket Server Listening...]
2020-04-16 00:53:15.2309  INFO - [Web Socket][INFO] IP: 127.0.0.1   포트: 12005
2020-04-16 00:53:21.5922  INFO - 
[Socket][Client => Server]
{
  "KEY": "B29D00A3 - F825 - 4EB7 - 93C1 - A77F5E31A7C2",
  "Method": "WebCapture",
  "URL": "https://ui.toast.com/"
}

2020-04-16 00:53:39.0606  INFO - 
[Socket][Server => Client]
{
  "isSuccess": false,
  "msg": "프로세스가 끝났으므로 요청을 처리할 수 없습니다.",
  "convertImgCnt": 0,
  "Method": "WebCapture"
}

2020-04-16 00:53:39.0606  INFO - [Socket] 작업 소요시간: 00:00:17.4673871
2020-04-16 00:53:39.0986  INFO - [Socket]세션ID: 5460c69b-e059-4c8c-871d-f9da743c3741 접속해제: ClientClosing
2020-04-16 00:53:53.3835  INFO - 
[Socket][Client => Server]
{
  "KEY": "B29D00A3 - F825 - 4EB7 - 93C1 - A77F5E31A7C2",
  "Method": "WebCapture",
  "URL": "https://www.naver.com/"
}

2020-04-16 00:54:03.6292  INFO - 
[Socket][Server => Client]
{
  "isSuccess": false,
  "msg": "프로세스가 끝났으므로 요청을 처리할 수 없습니다.",
  "convertImgCnt": 0,
  "Method": "WebCapture"
}

2020-04-16 00:54:03.6292  INFO - [Socket] 작업 소요시간: 00:00:10.2442948
2020-04-16 00:54:03.6516  INFO - [Socket]세션ID: 6d6aef9b-89f9-41eb-8a2a-17a82b454ac5 접속해제: ClientClosing
2020-04-16 00:54:54.7531  INFO - 나의 하드웨어 ID: BFEBFBFF000806EB
2020-04-16 00:54:54.7851  INFO - 라이센스 만료날짜: 2020-04-30
2020-04-16 00:54:54.8469  INFO - [Socket]핸들러 등록 완료
2020-04-16 00:54:54.8469  INFO - [Socket]서버 생성 성공
2020-04-16 00:54:54.8758  INFO - [Socket Server Listening...]
2020-04-16 00:54:54.8758  INFO - [Socket][INFO] IP: 127.0.0.1   포트: 12000   프로토콜: Tcp   서버이름: ConvertServer
2020-04-16 00:54:54.9409  INFO - [Web Socket Server Listening...]
2020-04-16 00:54:54.9409  INFO - [Web Socket][INFO] IP: 127.0.0.1   포트: 12005
2020-04-16 00:55:01.0288  INFO - 
[Socket][Client => Server]
{
  "KEY": "B29D00A3 - F825 - 4EB7 - 93C1 - A77F5E31A7C2",
  "Method": "WebCapture",
  "URL": "https://comic.naver.com/index.nhn"
}

2020-04-16 00:55:02.0337  INFO - 
[Socket][Server => Client]
{
  "isSuccess": false,
  "msg": "WebCapture에 실패하였습니다.",
  "convertImgCnt": 0,
  "Method": "WebCapture"
}

2020-04-16 00:55:02.0337  INFO - [Socket] 작업 소요시간: 00:00:01.0029295
2020-04-16 00:55:02.0636  INFO - [Socket]세션ID: 858f30f5-b19f-4347-900c-20c3976a23ea 접속해제: ClientClosing
2020-04-16 00:55:07.7882  INFO - 
[Socket][Client => Server]
{
  "KEY": "B29D00A3 - F825 - 4EB7 - 93C1 - A77F5E31A7C2",
  "Method": "WebCapture",
  "URL": "https://www.naver.com/"
}

2020-04-16 00:55:07.8151  INFO - 
[Socket][Server => Client]
{
  "isSuccess": false,
  "msg": "WebCapture에 실패하였습니다.",
  "convertImgCnt": 0,
  "Method": "WebCapture"
}

2020-04-16 00:55:07.8151  INFO - [Socket] 작업 소요시간: 00:00:00.0259704
2020-04-16 00:55:07.8246  INFO - [Socket]세션ID: 8f2fdcfd-220c-42e4-adce-c686cecd486a 접속해제: ClientClosing
2020-04-16 00:55:25.9251  INFO - 나의 하드웨어 ID: BFEBFBFF000806EB
2020-04-16 00:55:25.9560  INFO - 라이센스 만료날짜: 2020-04-30
2020-04-16 00:55:26.0108  INFO - [Socket]핸들러 등록 완료
2020-04-16 00:55:26.0108  INFO - [Socket]서버 생성 성공
2020-04-16 00:55:26.0405  INFO - [Socket Server Listening...]
2020-04-16 00:55:26.0405  INFO - [Socket][INFO] IP: 127.0.0.1   포트: 12000   프로토콜: Tcp   서버이름: ConvertServer
2020-04-16 00:55:26.0996  INFO - [Web Socket Server Listening...]
2020-04-16 00:55:26.0996  INFO - [Web Socket][INFO] IP: 127.0.0.1   포트: 12005
2020-04-16 00:55:34.1811  INFO - 
[Socket][Client => Server]
{
  "KEY": "B29D00A3 - F825 - 4EB7 - 93C1 - A77F5E31A7C2",
  "Method": "WebCapture",
  "URL": "https://comic.naver.com/index.nhn"
}

2020-04-16 00:55:42.5842  INFO - 
[Socket][Server => Client]
{
  "isSuccess": false,
  "msg": "액세스가 거부되었습니다",
  "convertImgCnt": 0,
  "Method": "WebCapture"
}

2020-04-16 00:55:42.5852  INFO - [Socket] 작업 소요시간: 00:00:08.4011798
2020-04-16 00:55:42.6201  INFO - [Socket]세션ID: fee6b7f0-b9b7-40a4-9be8-cb49b1c11a27 접속해제: ClientClosing
2020-04-16 00:57:07.0503  INFO - 나의 하드웨어 ID: BFEBFBFF000806EB
2020-04-16 00:57:07.0792  INFO - 라이센스 만료날짜: 2020-04-30
2020-04-16 00:57:07.1341  INFO - [Socket]핸들러 등록 완료
2020-04-16 00:57:07.1341  INFO - [Socket]서버 생성 성공
2020-04-16 00:57:07.1780  INFO - [Socket Server Listening...]
2020-04-16 00:57:07.1790  INFO - [Socket][INFO] IP: 127.0.0.1   포트: 12000   프로토콜: Tcp   서버이름: ConvertServer
2020-04-16 00:57:07.2468  INFO - [Web Socket Server Listening...]
2020-04-16 00:57:07.2468  INFO - [Web Socket][INFO] IP: 127.0.0.1   포트: 12005
2020-04-16 00:57:16.6288  INFO - 나의 하드웨어 ID: BFEBFBFF000806EB
2020-04-16 00:57:16.6648  INFO - 라이센스 만료날짜: 2020-04-30
2020-04-16 00:57:16.7196  INFO - [Socket]핸들러 등록 완료
2020-04-16 00:57:16.7196  INFO - [Socket]서버 생성 성공
2020-04-16 00:57:16.7524  INFO - [Socket Server Listening...]
2020-04-16 00:57:16.7524  INFO - [Socket][INFO] IP: 127.0.0.1   포트: 12000   프로토콜: Tcp   서버이름: ConvertServer
2020-04-16 00:57:16.8134  INFO - [Web Socket Server Listening...]
2020-04-16 00:57:16.8134  INFO - [Web Socket][INFO] IP: 127.0.0.1   포트: 12005
2020-04-16 00:57:21.8733  INFO - 
[Socket][Client => Server]
{
  "KEY": "B29D00A3 - F825 - 4EB7 - 93C1 - A77F5E31A7C2",
  "Method": "WebCapture",
  "URL": "https://www.naver.com/"
}

2020-04-16 00:57:49.4162  INFO - 
[Socket][Server => Client]
{
  "isSuccess": false,
  "msg": "프로세스가 끝났으므로 요청을 처리할 수 없습니다.",
  "convertImgCnt": 0,
  "Method": "WebCapture"
}

2020-04-16 00:57:49.4162  INFO - [Socket] 작업 소요시간: 00:00:27.5418370
2020-04-16 00:57:49.4431  INFO - [Socket]세션ID: ff4ebf4f-96a8-449a-9866-c8cdf04277a7 접속해제: ClientClosing
2020-04-16 00:57:57.6989  INFO - 
[Socket][Client => Server]
{
  "KEY": "B29D00A3 - F825 - 4EB7 - 93C1 - A77F5E31A7C2",
  "Method": "WebCapture",
  "URL": "https://www.naver.com/"
}

2020-04-16 00:58:05.8271  INFO - 
[Socket][Server => Client]
{
  "isSuccess": false,
  "msg": "프로세스가 끝났으므로 요청을 처리할 수 없습니다.",
  "convertImgCnt": 0,
  "Method": "WebCapture"
}

2020-04-16 00:58:05.8271  INFO - [Socket] 작업 소요시간: 00:00:08.1281402
2020-04-16 00:58:05.8401  INFO - [Socket]세션ID: 59db3f29-fdf8-4397-b7f8-9e01b4b8eb0f 접속해제: ClientClosing
2020-04-16 00:58:34.9718  INFO - 나의 하드웨어 ID: BFEBFBFF000806EB
2020-04-16 00:58:34.9947  INFO - 라이센스 만료날짜: 2020-04-30
2020-04-16 00:58:35.0486  INFO - [Socket]핸들러 등록 완료
2020-04-16 00:58:35.0486  INFO - [Socket]서버 생성 성공
2020-04-16 00:58:35.0695  INFO - [Socket Server Listening...]
2020-04-16 00:58:35.0695  INFO - [Socket][INFO] IP: 127.0.0.1   포트: 12000   프로토콜: Tcp   서버이름: ConvertServer
2020-04-16 00:58:35.1144  INFO - [Web Socket Server Listening...]
2020-04-16 00:58:35.1144  INFO - [Web Socket][INFO] IP: 127.0.0.1   포트: 12005
2020-04-16 00:58:40.6204  INFO - 
[Socket][Client => Server]
{
  "KEY": "B29D00A3 - F825 - 4EB7 - 93C1 - A77F5E31A7C2",
  "Method": "WebCapture",
  "URL": "https://www.naver.com/"
}

2020-04-16 00:58:49.8919  INFO - 
[Socket][Server => Client]
{
  "isSuccess": false,
  "msg": "프로세스가 끝났으므로 요청을 처리할 수 없습니다.",
  "convertImgCnt": 0,
  "Method": "WebCapture"
}

2020-04-16 00:58:49.8919  INFO - [Socket] 작업 소요시간: 00:00:09.2695079
2020-04-16 00:58:49.9158  INFO - [Socket]세션ID: a23b73cf-abd3-4bdd-9946-64b871f09833 접속해제: ClientClosing
2020-04-16 00:59:20.4766  INFO - 나의 하드웨어 ID: BFEBFBFF000806EB
2020-04-16 00:59:20.5025  INFO - 라이센스 만료날짜: 2020-04-30
2020-04-16 00:59:20.5504  INFO - [Socket]핸들러 등록 완료
2020-04-16 00:59:20.5504  INFO - [Socket]서버 생성 성공
2020-04-16 00:59:20.5723  INFO - [Socket Server Listening...]
2020-04-16 00:59:20.5723  INFO - [Socket][INFO] IP: 127.0.0.1   포트: 12000   프로토콜: Tcp   서버이름: ConvertServer
2020-04-16 00:59:20.6252  INFO - [Web Socket Server Listening...]
2020-04-16 00:59:20.6252  INFO - [Web Socket][INFO] IP: 127.0.0.1   포트: 12005
2020-04-16 00:59:28.4811  INFO - 
[Socket][Client => Server]
{
  "KEY": "B29D00A3 - F825 - 4EB7 - 93C1 - A77F5E31A7C2",
  "Method": "WebCapture",
  "URL": "https://comic.naver.com/index.nhn"
}

2020-04-16 00:59:35.8535  INFO - 
[Socket][Server => Client]
{
  "isSuccess": false,
  "msg": "액세스가 거부되었습니다",
  "convertImgCnt": 0,
  "Method": "WebCapture"
}

2020-04-16 00:59:35.8535  INFO - [Socket] 작업 소요시간: 00:00:07.3703959
2020-04-16 00:59:35.8764  INFO - [Socket]세션ID: 54dd0f8a-e34b-461e-9cbd-362e8c43c20d 접속해제: ClientClosing
2020-04-16 01:00:18.9773  INFO - 나의 하드웨어 ID: BFEBFBFF000806EB
2020-04-16 01:00:19.0112  INFO - 라이센스 만료날짜: 2020-04-30
2020-04-16 01:00:19.1917  INFO - [Socket]핸들러 등록 완료
2020-04-16 01:00:19.1917  INFO - [Socket]서버 생성 성공
2020-04-16 01:00:19.2555  INFO - [Socket Server Listening...]
2020-04-16 01:00:19.2555  INFO - [Socket][INFO] IP: 127.0.0.1   포트: 12000   프로토콜: Tcp   서버이름: ConvertServer
2020-04-16 01:00:19.4969  INFO - [Web Socket Server Listening...]
2020-04-16 01:00:19.4969  INFO - [Web Socket][INFO] IP: 127.0.0.1   포트: 12005
2020-04-16 01:00:25.1810  INFO - 
[Socket][Client => Server]
{
  "KEY": "B29D00A3 - F825 - 4EB7 - 93C1 - A77F5E31A7C2",
  "Method": "WebCapture",
  "URL": "https://comic.naver.com/index.nhn"
}

2020-04-16 01:00:31.9173  INFO - 
[Socket][Server => Client]
{
  "isSuccess": false,
  "msg": "프로세스가 끝났으므로 요청을 처리할 수 없습니다.",
  "convertImgCnt": 0,
  "Method": "WebCapture"
}

2020-04-16 01:00:31.9173  INFO - [Socket] 작업 소요시간: 00:00:06.7342486
2020-04-16 01:00:31.9562  INFO - [Socket]세션ID: 9ab72b6b-cc6c-4773-b530-4559984d2b48 접속해제: ClientClosing
2020-04-16 01:01:31.7255  INFO - 나의 하드웨어 ID: BFEBFBFF000806EB
2020-04-16 01:01:31.7574  INFO - 라이센스 만료날짜: 2020-04-30
2020-04-16 01:01:31.8063  INFO - [Socket]핸들러 등록 완료
2020-04-16 01:01:31.8063  INFO - [Socket]서버 생성 성공
2020-04-16 01:01:31.8282  INFO - [Socket Server Listening...]
2020-04-16 01:01:31.8282  INFO - [Socket][INFO] IP: 127.0.0.1   포트: 12000   프로토콜: Tcp   서버이름: ConvertServer
2020-04-16 01:01:31.8751  INFO - [Web Socket Server Listening...]
2020-04-16 01:01:31.8751  INFO - [Web Socket][INFO] IP: 127.0.0.1   포트: 12005
2020-04-16 01:01:38.4134  INFO - 
[Socket][Client => Server]
{
  "KEY": "B29D00A3 - F825 - 4EB7 - 93C1 - A77F5E31A7C2",
  "Method": "WebCapture",
  "URL": "https://comic.naver.com/index.nhn"
}

2020-04-16 01:01:39.2781  INFO - 
[Socket][Server => Client]
{
  "isSuccess": false,
  "msg": "WebCapture에 실패하였습니다.",
  "convertImgCnt": 0,
  "Method": "WebCapture"
}

2020-04-16 01:01:39.2781  INFO - [Socket] 작업 소요시간: 00:00:00.8627044
2020-04-16 01:01:39.2970  INFO - [Socket]세션ID: 00543a44-270d-4bcc-adb6-7594eb764631 접속해제: ClientClosing
2020-04-16 01:01:52.6882  INFO - 
[Socket][Client => Server]
{
  "KEY": "B29D00A3 - F825 - 4EB7 - 93C1 - A77F5E31A7C2",
  "Method": "WebCapture",
  "URL": "https://comic.naver.com/index.nhn"
}

2020-04-16 01:01:53.0113  INFO - 
[Socket][Server => Client]
{
  "isSuccess": false,
  "msg": "WebCapture에 실패하였습니다.",
  "convertImgCnt": 0,
  "Method": "WebCapture"
}

2020-04-16 01:01:53.0113  INFO - [Socket] 작업 소요시간: 00:00:00.3201978
2020-04-16 01:01:53.0253  INFO - [Socket]세션ID: e99915db-5da4-45bc-923b-34bd672fd8cf 접속해제: ClientClosing
2020-04-16 01:02:19.7980  INFO - 나의 하드웨어 ID: BFEBFBFF000806EB
2020-04-16 01:02:19.8299  INFO - 라이센스 만료날짜: 2020-04-30
2020-04-16 01:02:19.9516  INFO - [Socket]핸들러 등록 완료
2020-04-16 01:02:19.9516  INFO - [Socket]서버 생성 성공
2020-04-16 01:02:19.9865  INFO - [Socket Server Listening...]
2020-04-16 01:02:19.9865  INFO - [Socket][INFO] IP: 127.0.0.1   포트: 12000   프로토콜: Tcp   서버이름: ConvertServer
2020-04-16 01:02:20.0922  INFO - [Web Socket Server Listening...]
2020-04-16 01:02:20.0922  INFO - [Web Socket][INFO] IP: 127.0.0.1   포트: 12005
2020-04-16 01:02:21.8764  INFO - 
[Socket][Client => Server]
{
  "KEY": "B29D00A3 - F825 - 4EB7 - 93C1 - A77F5E31A7C2",
  "Method": "WebCapture",
  "URL": "https://comic.naver.com/index.nhn"
}

2020-04-16 01:02:22.3043  INFO - 
[Socket][Server => Client]
{
  "isSuccess": false,
  "msg": "WebCapture에 실패하였습니다.",
  "convertImgCnt": 0,
  "Method": "WebCapture"
}

2020-04-16 01:02:22.3043  INFO - [Socket] 작업 소요시간: 00:00:00.4267948
2020-04-16 01:02:22.3262  INFO - [Socket]세션ID: 5757afa2-6be1-41be-8075-e1ca4fef6225 접속해제: ClientClosing
2020-04-16 01:02:37.8604  INFO - 
[Socket][Client => Server]
{
  "KEY": "B29D00A3 - F825 - 4EB7 - 93C1 - A77F5E31A7C2",
  "Method": "WebCapture",
  "URL": "https://www.naver.com/"
}

2020-04-16 01:02:38.1935  INFO - 
[Socket][Server => Client]
{
  "isSuccess": false,
  "msg": "WebCapture에 실패하였습니다.",
  "convertImgCnt": 0,
  "Method": "WebCapture"
}

2020-04-16 01:02:38.1945  INFO - [Socket] 작업 소요시간: 00:00:00.3311598
2020-04-16 01:02:38.1945  INFO - [Socket]세션ID: c3ef6215-850a-4bf2-adad-3e562d305c5f 접속해제: ClientClosing
2020-04-16 01:04:07.0029  INFO - 나의 하드웨어 ID: BFEBFBFF000806EB
2020-04-16 01:04:07.0249  INFO - 라이센스 만료날짜: 2020-04-30
2020-04-16 01:04:07.0718  INFO - [Socket]핸들러 등록 완료
2020-04-16 01:04:07.0718  INFO - [Socket]서버 생성 성공
2020-04-16 01:04:07.0957  INFO - [Socket Server Listening...]
2020-04-16 01:04:07.0957  INFO - [Socket][INFO] IP: 127.0.0.1   포트: 12000   프로토콜: Tcp   서버이름: ConvertServer
2020-04-16 01:04:07.1396  INFO - [Web Socket Server Listening...]
2020-04-16 01:04:07.1396  INFO - [Web Socket][INFO] IP: 127.0.0.1   포트: 12005
2020-04-16 01:04:13.3825  INFO - 
[Socket][Client => Server]
{
  "KEY": "B29D00A3 - F825 - 4EB7 - 93C1 - A77F5E31A7C2",
  "Method": "WebCapture",
  "URL": "https://www.naver.com/"
}

2020-04-16 01:04:14.2207  INFO - 
[Socket][Server => Client]
{
  "isSuccess": false,
  "msg": "WebCapture에 실패하였습니다.",
  "convertImgCnt": 0,
  "Method": "WebCapture"
}

2020-04-16 01:04:14.2207  INFO - [Socket] 작업 소요시간: 00:00:00.8382009
2020-04-16 01:04:14.2406  INFO - [Socket]세션ID: 0accd58a-0b69-4e36-8907-fe18fa9f945c 접속해제: ClientClosing
2020-04-16 01:05:22.1710  INFO - 나의 하드웨어 ID: BFEBFBFF000806EB
2020-04-16 01:05:22.2198  INFO - 라이센스 만료날짜: 2020-04-30
2020-04-16 01:05:22.2996  INFO - [Socket]핸들러 등록 완료
2020-04-16 01:05:22.2996  INFO - [Socket]서버 생성 성공
2020-04-16 01:05:22.3295  INFO - [Socket Server Listening...]
2020-04-16 01:05:22.3295  INFO - [Socket][INFO] IP: 127.0.0.1   포트: 12000   프로토콜: Tcp   서버이름: ConvertServer
2020-04-16 01:05:22.3864  INFO - [Web Socket Server Listening...]
2020-04-16 01:05:22.3864  INFO - [Web Socket][INFO] IP: 127.0.0.1   포트: 12005
2020-04-16 01:05:27.4722  INFO - 
[Socket][Client => Server]
{
  "KEY": "B29D00A3 - F825 - 4EB7 - 93C1 - A77F5E31A7C2",
  "Method": "WebCapture",
  "URL": "https://comic.naver.com/index.nhn"
}

2020-04-16 01:05:28.2905  INFO - 
[Socket][Server => Client]
{
  "isSuccess": false,
  "msg": "WebCapture에 실패하였습니다.",
  "convertImgCnt": 0,
  "Method": "WebCapture"
}

2020-04-16 01:05:28.2905  INFO - [Socket] 작업 소요시간: 00:00:00.8172309
2020-04-16 01:05:28.3104  INFO - [Socket]세션ID: cd2293b0-261b-448a-ae9f-ca7d1127bea8 접속해제: ClientClosing
2020-04-16 01:05:58.4314  INFO - 나의 하드웨어 ID: BFEBFBFF000806EB
2020-04-16 01:05:58.4673  INFO - 라이센스 만료날짜: 2020-04-30
2020-04-16 01:05:58.5272  INFO - [Socket]핸들러 등록 완료
2020-04-16 01:05:58.5272  INFO - [Socket]서버 생성 성공
2020-04-16 01:05:58.5581  INFO - [Socket Server Listening...]
2020-04-16 01:05:58.5581  INFO - [Socket][INFO] IP: 127.0.0.1   포트: 12000   프로토콜: Tcp   서버이름: ConvertServer
2020-04-16 01:05:58.6099  INFO - [Web Socket Server Listening...]
2020-04-16 01:05:58.6099  INFO - [Web Socket][INFO] IP: 127.0.0.1   포트: 12005
2020-04-16 01:06:02.2613  INFO - 
[Socket][Client => Server]
{
  "KEY": "B29D00A3 - F825 - 4EB7 - 93C1 - A77F5E31A7C2",
  "Method": "WebCapture",
  "URL": "https://comic.naver.com/index.nhn"
}

2020-04-16 01:06:09.7002  INFO - 
[Socket][Server => Client]
{
  "URL": "/workspace/8ea817ff-c71b-4726-9908-6631ade854d0_2020-04-16/comic.naver.com.png",
  "isSuccess": true,
  "msg": "WebCapture에 성공하였습니다.",
  "convertImgCnt": 1,
  "Method": "WebCapture"
}

2020-04-16 01:06:09.7002  INFO - [Socket] 작업 소요시간: 00:00:07.4369732
2020-04-16 01:06:09.7960  INFO - [Socket]세션ID: afab4692-d009-455c-9398-a466341617bb 접속해제: ClientClosing
2020-04-16 17:27:20.1093  INFO - 나의 하드웨어 ID: BFEBFBFF000806EB
2020-04-16 17:27:20.1492  INFO - 라이센스 만료날짜: 2020-04-30
2020-04-16 17:27:20.2409  INFO - [Socket]핸들러 등록 완료
2020-04-16 17:27:20.2409  INFO - [Socket]서버 생성 성공
2020-04-16 17:27:20.2678  INFO - [Socket Server Listening...]
2020-04-16 17:27:20.2678  INFO - [Socket][INFO] IP: 127.0.0.1   포트: 12000   프로토콜: Tcp   서버이름: ConvertServer
2020-04-16 17:27:20.3965  INFO - [Web Socket Server Listening...]
2020-04-16 17:27:20.3965  INFO - [Web Socket][INFO] IP: 127.0.0.1   포트: 12005
2020-04-16 17:27:32.6383  INFO - 
[Socket][Client => Server]
{
  "KEY": "B29D00A3 - F825 - 4EB7 - 93C1 - A77F5E31A7C2",
  "Method": "DocConvert",
  "FileName": "Welcome to Hwp.hwp",
  "ConvertIMG": 0
}

2020-04-16 17:27:38.1533  INFO - 
[Socket][Server => Client]
{
  "URL": "/workspace/2B699FCE2A5094957B24445F97FCE8CC",
  "isSuccess": true,
  "msg": "변환에 성공하였습니다.",
  "Method": "DocConvert"
}

2020-04-16 17:27:38.1533  INFO - [Socket] 작업 소요시간: 00:00:05.5130388
2020-04-16 17:27:38.2122  INFO - [Socket]세션ID: 738d2928-b439-4bf9-b87c-d023d0144db0 접속해제: ClientClosing
2020-04-16 17:27:38.9566  INFO - 
[Socket][Client => Server]
{
  "KEY": "B29D00A3 - F825 - 4EB7 - 93C1 - A77F5E31A7C2",
  "Method": "DocConvert",
  "FileName": "Welcome to Hwp.hwp",
  "ConvertIMG": 0
}

2020-04-16 17:27:41.2774  INFO - 
[Socket][Server => Client]
{
  "URL": "/workspace/2B699FCE2A5094957B24445F97FCE8CC",
  "isSuccess": true,
  "msg": "변환에 성공하였습니다.",
  "Method": "DocConvert"
}

2020-04-16 17:27:41.2774  INFO - [Socket] 작업 소요시간: 00:00:02.3168004
2020-04-16 17:27:41.3163  INFO - [Socket]세션ID: 5ee9f72a-45a6-448b-9d92-2b4314a94d0a 접속해제: ClientClosing
2020-04-16 17:27:42.3536  INFO - 
[Socket][Client => Server]
{
  "KEY": "B29D00A3 - F825 - 4EB7 - 93C1 - A77F5E31A7C2",
  "Method": "DocConvert",
  "FileName": "Welcome to Hwp.hwp",
  "ConvertIMG": 0
}

2020-04-16 17:27:44.9232  INFO - 
[Socket][Server => Client]
{
  "URL": "/workspace/2B699FCE2A5094957B24445F97FCE8CC",
  "isSuccess": true,
  "msg": "변환에 성공하였습니다.",
  "Method": "DocConvert"
}

2020-04-16 17:27:44.9232  INFO - [Socket] 작업 소요시간: 00:00:02.5686715
2020-04-16 17:27:44.9701  INFO - [Socket]세션ID: ac1c43f4-6323-48aa-b395-14ffb903d460 접속해제: ClientClosing
2020-04-16 17:27:47.0132  INFO - 
[Socket][Client => Server]
{
  "KEY": "B29D00A3 - F825 - 4EB7 - 93C1 - A77F5E31A7C2",
  "Method": "DocConvert",
  "FileName": "Welcome to Hwp.hwp",
  "ConvertIMG": 0
}

2020-04-16 17:27:49.3236  INFO - 
[Socket][Server => Client]
{
  "URL": "/workspace/2B699FCE2A5094957B24445F97FCE8CC",
  "isSuccess": true,
  "msg": "변환에 성공하였습니다.",
  "Method": "DocConvert"
}

2020-04-16 17:27:49.3236  INFO - [Socket] 작업 소요시간: 00:00:02.3064535
2020-04-16 17:27:49.3705  INFO - [Socket]세션ID: dcfcb338-164a-4a11-96cf-b001fcff4cea 접속해제: ClientClosing
2020-04-16 17:27:57.6058  INFO - 
[Socket][Client => Server]
{
  "KEY": "B29D00A3 - F825 - 4EB7 - 93C1 - A77F5E31A7C2",
  "Method": "WebCapture",
  "URL": "https://www.naver.com"
}

2020-04-16 17:28:05.9017  INFO - 
[Socket][Server => Client]
{
  "URL": "/workspace/34759005-8888-4b9f-9abc-e4e3910db994_2020-04-16/www.naver.com.png",
  "isSuccess": true,
  "msg": "WebCapture에 성공하였습니다.",
  "convertImgCnt": 1,
  "Method": "WebCapture"
}

2020-04-16 17:28:05.9017  INFO - [Socket] 작업 소요시간: 00:00:08.2928836
2020-04-16 17:28:05.9555  INFO - [Socket]세션ID: 3297fa46-7aa6-4112-98a6-717c62adebf5 접속해제: ClientClosing
2020-04-16 17:28:06.5110  INFO - 
[Socket][Client => Server]
{
  "KEY": "B29D00A3 - F825 - 4EB7 - 93C1 - A77F5E31A7C2",
  "Method": "WebCapture",
  "URL": "https://www.naver.com"
}

2020-04-16 17:28:13.7379  INFO - 
[Socket][Server => Client]
{
  "URL": "/workspace/d035c75c-c9bc-45e4-a859-a6a38ceefadc_2020-04-16/www.naver.com.png",
  "isSuccess": true,
  "msg": "WebCapture에 성공하였습니다.",
  "convertImgCnt": 1,
  "Method": "WebCapture"
}

2020-04-16 17:28:13.7379  INFO - [Socket] 작업 소요시간: 00:00:07.2229311
2020-04-16 17:28:13.7798  INFO - [Socket]세션ID: 4f3f4ff2-fa05-4a3f-bf2a-e18cd52ed0bf 접속해제: ClientClosing
2020-04-16 17:28:15.1262  INFO - 
[Socket][Client => Server]
{
  "KEY": "B29D00A3 - F825 - 4EB7 - 93C1 - A77F5E31A7C2",
  "Method": "DocConvert",
  "FileName": "Welcome to Hwp.hwp",
  "ConvertIMG": 0
}

2020-04-16 17:28:17.7492  INFO - 
[Socket][Server => Client]
{
  "URL": "/workspace/2B699FCE2A5094957B24445F97FCE8CC",
  "isSuccess": true,
  "msg": "변환에 성공하였습니다.",
  "Method": "DocConvert"
}

2020-04-16 17:28:17.7492  INFO - [Socket] 작업 소요시간: 00:00:02.6199930
2020-04-16 17:28:17.7991  INFO - [Socket]세션ID: 6f1318ad-ad28-4093-891d-cbca771ddaba 접속해제: ClientClosing
2020-04-16 17:28:18.4292  INFO - 
[Socket][Client => Server]
{
  "KEY": "B29D00A3 - F825 - 4EB7 - 93C1 - A77F5E31A7C2",
  "Method": "DocConvert",
  "FileName": "Welcome to Hwp.hwp",
  "ConvertIMG": 0
}

2020-04-16 17:28:20.9973  INFO - 
[Socket][Server => Client]
{
  "URL": "/workspace/2B699FCE2A5094957B24445F97FCE8CC",
  "isSuccess": true,
  "msg": "변환에 성공하였습니다.",
  "Method": "DocConvert"
}

2020-04-16 17:28:21.0073  INFO - [Socket] 작업 소요시간: 00:00:02.5780170
2020-04-16 17:28:21.0571  INFO - [Socket]세션ID: 8f412161-3ac4-4c9d-aac4-6e92da458523 접속해제: ClientClosing
2020-04-16 19:43:57.1357  INFO - 나의 하드웨어 ID: BFEBFBFF000806EB
2020-04-16 19:43:57.1735  INFO - 라이센스 만료날짜: 2020-04-30
2020-04-16 19:43:57.2705  INFO - [Socket]핸들러 등록 완료
2020-04-16 19:43:57.2705  INFO - [Socket]서버 생성 성공
2020-04-16 19:43:57.3040  INFO - [Socket Server Listening...]
2020-04-16 19:43:57.3040  INFO - [Socket][INFO] IP: 127.0.0.1   포트: 12000   프로토콜: Tcp   서버이름: ConvertServer
2020-04-16 19:43:57.4102  INFO - [Web Socket Server Listening...]
2020-04-16 19:43:57.4102  INFO - [Web Socket][INFO] IP: 127.0.0.1   포트: 12005
2020-04-16 19:46:08.4764  INFO - 나의 하드웨어 ID: BFEBFBFF000806EB
2020-04-16 19:46:08.5162  INFO - 라이센스 만료날짜: 2021-03-10
2020-04-16 19:46:08.6130  INFO - [Socket]핸들러 등록 완료
2020-04-16 19:46:08.6138  INFO - [Socket]서버 생성 성공
2020-04-16 19:46:38.6732  INFO - 나의 하드웨어 ID: BFEBFBFF000806EB
2020-04-16 19:46:38.7068  INFO - 라이센스 만료날짜: 2021-03-10
2020-04-16 19:46:38.7725  INFO - [Socket]핸들러 등록 완료
2020-04-16 19:46:38.7725  INFO - [Socket]서버 생성 성공
2020-04-16 19:46:38.8092  INFO - [Socket Server Listening...]
2020-04-16 19:46:38.8092  INFO - [Socket][INFO] IP: 192.168.0.101   포트: 12000   프로토콜: Tcp   서버이름: ConvertServer
2020-04-16 19:46:38.9519  INFO - [Web Socket Server Listening...]
2020-04-16 19:46:38.9519  INFO - [Web Socket][INFO] IP: 192.168.0.101   포트: 12005
