2020-04-06 10:40:55.9717 ERROR - 권한이 없는 작업을 수행하려고 했습니다.
2020-04-06 10:40:55.9857 ERROR - ==================== Method: ExcelSaveAs ====================
2020-04-06 10:40:56.0017 ERROR -    위치: System.RuntimeTypeHandle.CreateInstance(RuntimeType type, Boolean publicOnly, Boolean noCheck, Boolean& canBeCached, RuntimeMethodHandleInternal& ctor, Boolean& bNeedSecurityCheck)
   위치: System.RuntimeType.CreateInstanceSlow(Boolean publicOnly, Boolean skipCheckThis, Boolean fillCache, StackCrawlMark& stackMark)
   위치: System.RuntimeType.CreateInstanceDefaultCtor(Boolean publicOnly, Boolean skipCheckThis, Boolean fillCache, StackCrawlMark& stackMark)
   위치: System.Activator.CreateInstance(Type type, Boolean nonPublic)
   위치: System.Activator.CreateInstance(Type type)
   위치: DocConvert_Core.OfficeLib.ExcelConvert_Core.ExcelSaveAs(String FilePath, String outPath, String docPassword, Boolean pageCounting, Boolean appvisible) 파일 C:\Users\o0_0o\Source\Repos\isugar150\DocConvert\DocConvert\OfficeLib\ExcelConvert_Core.cs:줄 48

2020-04-06 10:40:56.0017 ERROR - 변환 실패: 80040154 클래스가 등록되지 않았습니다. (예외가 발생한 HRESULT: 0x80040154 (REGDB_E_CLASSNOTREG)) 오류로 인해 CLSID가 {00024500-0000-0000-C000-000000000046}인 구성 요소의 COM 클래스 팩터리를 검색하지 못했습니다.
2020-04-06 10:40:56.0167 ERROR - ==================== End ====================
2020-04-06 10:49:00.7673 ERROR - 권한이 없는 작업을 수행하려고 했습니다.
2020-04-06 11:17:28.6614 ERROR - 권한이 없는 작업을 수행하려고 했습니다.
2020-04-06 11:20:43.9750 ERROR - 권한이 없는 작업을 수행하려고 했습니다.
2020-04-06 11:22:09.1135 ERROR - 권한이 없는 작업을 수행하려고 했습니다.
2020-04-06 11:22:38.6816 ERROR - 권한이 없는 작업을 수행하려고 했습니다.
2020-04-06 11:24:17.9457 ERROR - 권한이 없는 작업을 수행하려고 했습니다.
2020-04-06 11:31:47.9909 ERROR - 권한이 없는 작업을 수행하려고 했습니다.
2020-04-06 11:32:11.6435 ERROR - 권한이 없는 작업을 수행하려고 했습니다.
2020-04-06 11:33:46.6783 ERROR - 권한이 없는 작업을 수행하려고 했습니다.
2020-04-06 11:36:19.1667 ERROR - 권한이 없는 작업을 수행하려고 했습니다.
2020-04-06 11:36:36.4914 ERROR - ==================== Method: ExcelSaveAs ====================
2020-04-06 11:36:36.5254 ERROR -    위치: Microsoft.Office.Interop.Excel._Workbook.ExportAsFixedFormat(XlFixedFormatType Type, Object Filename, Object Quality, Object IncludeDocProperties, Object IgnorePrintAreas, Object From, Object To, Object OpenAfterPublish, Object FixedFormatExtClassPtr)
   위치: DocConvert_Core.OfficeLib.ExcelConvert_Core.ExcelSaveAs(String FilePath, String outPath, String docPassword, Boolean pageCounting, Boolean appvisible) 파일 C:\Users\JMKIM\Desktop\DocConvert\DocConvert\OfficeLib\ExcelConvert_Core.cs:줄 150

2020-04-06 11:36:36.5414 ERROR - 변환 실패: 문서가 저장되지 않았습니다. 문서가 열려 있거나 문서를 저장할 때 오류가 발생했습니다.
2020-04-06 11:36:36.5584 ERROR - ==================== End ====================
2020-04-06 11:36:42.2675 ERROR - 권한이 없는 작업을 수행하려고 했습니다.
2020-04-06 11:38:39.2263 ERROR - 권한이 없는 작업을 수행하려고 했습니다.
2020-04-06 11:39:56.0271 ERROR - 권한이 없는 작업을 수행하려고 했습니다.
2020-04-06 11:40:07.4734 ERROR - ==================== Method: ExcelSaveAs ====================
2020-04-06 11:40:07.4924 ERROR -    위치: Microsoft.Office.Interop.Excel._Workbook.ExportAsFixedFormat(XlFixedFormatType Type, Object Filename, Object Quality, Object IncludeDocProperties, Object IgnorePrintAreas, Object From, Object To, Object OpenAfterPublish, Object FixedFormatExtClassPtr)
   위치: DocConvert_Core.OfficeLib.ExcelConvert_Core.ExcelSaveAs(String FilePath, String outPath, String docPassword, Boolean pageCounting, Boolean appvisible) 파일 C:\Users\JMKIM\Desktop\DocConvert\DocConvert\OfficeLib\ExcelConvert_Core.cs:줄 150

2020-04-06 11:40:07.5084 ERROR - 변환 실패: 문서가 저장되지 않았습니다. 문서가 열려 있거나 문서를 저장할 때 오류가 발생했습니다.
2020-04-06 11:40:07.5234 ERROR - ==================== End ====================
2020-04-06 11:40:13.6627 ERROR - 권한이 없는 작업을 수행하려고 했습니다.
2020-04-06 11:41:14.8625 ERROR - 권한이 없는 작업을 수행하려고 했습니다.
2020-04-06 11:42:08.3144 ERROR - 권한이 없는 작업을 수행하려고 했습니다.
2020-04-06 11:45:27.6145 ERROR - 권한이 없는 작업을 수행하려고 했습니다.
2020-04-06 11:48:54.5647 ERROR - 권한이 없는 작업을 수행하려고 했습니다.
2020-04-06 11:49:05.6025 ERROR - ==================== Method: ExcelSaveAs ====================
2020-04-06 11:49:05.6385 ERROR -    위치: Microsoft.Office.Interop.Excel._Workbook.ExportAsFixedFormat(XlFixedFormatType Type, Object Filename, Object Quality, Object IncludeDocProperties, Object IgnorePrintAreas, Object From, Object To, Object OpenAfterPublish, Object FixedFormatExtClassPtr)
   위치: DocConvert_Core.OfficeLib.ExcelConvert_Core.ExcelSaveAs(String FilePath, String outPath, String docPassword, Boolean pageCounting, Boolean appvisible) 파일 C:\Users\JMKIM\Desktop\DocConvert\DocConvert\OfficeLib\ExcelConvert_Core.cs:줄 150

2020-04-06 11:49:05.6684 ERROR - 변환 실패: 문서가 저장되지 않았습니다. 문서가 열려 있거나 문서를 저장할 때 오류가 발생했습니다.
2020-04-06 11:49:05.6838 ERROR - ==================== End ====================
2020-04-06 11:49:14.7637 ERROR - 권한이 없는 작업을 수행하려고 했습니다.
2020-04-06 11:49:56.8982 ERROR - 권한이 없는 작업을 수행하려고 했습니다.
2020-04-06 11:52:13.7388 ERROR - 권한이 없는 작업을 수행하려고 했습니다.
2020-04-06 11:52:47.9267 ERROR - 권한이 없는 작업을 수행하려고 했습니다.
2020-04-06 11:55:53.6623 ERROR - 권한이 없는 작업을 수행하려고 했습니다.
2020-04-06 11:57:00.4729 ERROR - 권한이 없는 작업을 수행하려고 했습니다.
2020-04-06 11:58:31.9446 ERROR - 권한이 없는 작업을 수행하려고 했습니다.
2020-04-06 11:59:19.1543 ERROR - 권한이 없는 작업을 수행하려고 했습니다.
2020-04-06 11:59:43.0494 ERROR - 권한이 없는 작업을 수행하려고 했습니다.
2020-04-06 11:59:55.3797 ERROR - ==================== Method: ExcelSaveAs ====================
2020-04-06 11:59:55.3997 ERROR -    위치: Microsoft.Office.Interop.Excel._Workbook.ExportAsFixedFormat(XlFixedFormatType Type, Object Filename, Object Quality, Object IncludeDocProperties, Object IgnorePrintAreas, Object From, Object To, Object OpenAfterPublish, Object FixedFormatExtClassPtr)
   위치: DocConvert_Core.OfficeLib.ExcelConvert_Core.ExcelSaveAs(String FilePath, String outPath, String docPassword, Boolean pageCounting, Boolean appvisible) 파일 C:\Users\JMKIM\Desktop\DocConvert\DocConvert\OfficeLib\ExcelConvert_Core.cs:줄 150

2020-04-06 11:59:55.4367 ERROR - 변환 실패: 문서가 저장되지 않았습니다. 문서가 열려 있거나 문서를 저장할 때 오류가 발생했습니다.
2020-04-06 11:59:55.4627 ERROR - ==================== End ====================
2020-04-06 12:00:26.5197 ERROR - 권한이 없는 작업을 수행하려고 했습니다.
2020-04-06 12:10:34.8467 ERROR - 권한이 없는 작업을 수행하려고 했습니다.
2020-04-06 12:16:00.8761 ERROR - 권한이 없는 작업을 수행하려고 했습니다.
2020-04-06 12:16:10.3229 ERROR - ==================== Method: PowerPointSaveAs ====================
2020-04-06 12:16:10.3869 ERROR -    위치: Microsoft.Office.Interop.PowerPoint._Presentation.Close()
   위치: DocConvert_Core.OfficeLib.PowerPointConvert_Core.PowerPointSaveAs(String FilePath, String outPath, String docPassword, Boolean pageCounting, Boolean appvisible) 파일 C:\Users\JMKIM\Desktop\DocConvert\DocConvert\OfficeLib\PowerPointConvert_Core.cs:줄 105

2020-04-06 12:16:10.4318 ERROR - 변환 실패: 원격 프로시저를 호출하지 못했습니다. (예외가 발생한 HRESULT: 0x800706BE)
2020-04-06 12:16:10.4448 ERROR - ==================== End ====================
2020-04-06 12:16:39.8313 ERROR - 권한이 없는 작업을 수행하려고 했습니다.
2020-04-06 12:17:01.0246 ERROR - 권한이 없는 작업을 수행하려고 했습니다.
2020-04-06 12:20:30.8294 ERROR - 권한이 없는 작업을 수행하려고 했습니다.
