2020-04-06 10:40:55.9258  INFO - ==================== Start ====================
2020-04-06 10:40:55.9587  INFO - Method: ExcelSaveAs, FilePath: C:\Data\workspace\DD6CB72289883BE117CE80EDD79F1B1B\2020년 03월 교통비정산서.xls, outPath: C:\Data\workspace\DD6CB72289883BE117CE80EDD79F1B1B\2020년 03월 교통비정산서.pdf, docPassword: 
2020-04-06 10:40:55.9587  INFO - 파일 언락 실패! 자세한내용 로그 참고
2020-04-06 10:40:55.9717  INFO - 변환중 오류발생 자세한 내용은 오류로그 참고
2020-04-06 10:49:00.7184  INFO - ==================== Start ====================
2020-04-06 10:49:00.7533  INFO - Method: ExcelSaveAs, FilePath: C:\Data\workspace\DD6CB72289883BE117CE80EDD79F1B1B\2020년 03월 교통비정산서.xls, outPath: C:\Data\workspace\DD6CB72289883BE117CE80EDD79F1B1B\2020년 03월 교통비정산서.pdf, docPassword: 
2020-04-06 10:49:00.7673  INFO - 파일 언락 실패! 자세한내용 로그 참고
2020-04-06 10:49:08.0732  INFO - 변환 성공
2020-04-06 10:49:08.9387  INFO - ==================== End ====================
2020-04-06 10:49:09.2915  INFO - 이미지 변환 성공!
2020-04-06 10:49:09.2985  INFO - Source image: C:\Data\workspace\DD6CB72289883BE117CE80EDD79F1B1B\2020년 03월 교통비정산서.pdf
2020-04-06 10:49:09.2985  INFO - outFiles: C:\Data\workspace\DD6CB72289883BE117CE80EDD79F1B1B\2020년 03월 교통비정산서\1.jpg
2020-04-06 10:49:09.4184  INFO - 이미지 변환 성공!
2020-04-06 10:49:09.4254  INFO - Source image: C:\Data\workspace\DD6CB72289883BE117CE80EDD79F1B1B\2020년 03월 교통비정산서.pdf
2020-04-06 10:49:09.4254  INFO - outFiles: C:\Data\workspace\DD6CB72289883BE117CE80EDD79F1B1B\2020년 03월 교통비정산서\2.jpg
2020-04-06 10:49:09.5303  INFO - 이미지 변환 성공!
2020-04-06 10:49:09.5353  INFO - Source image: C:\Data\workspace\DD6CB72289883BE117CE80EDD79F1B1B\2020년 03월 교통비정산서.pdf
2020-04-06 10:49:09.5353  INFO - outFiles: C:\Data\workspace\DD6CB72289883BE117CE80EDD79F1B1B\2020년 03월 교통비정산서\3.jpg
2020-04-06 10:49:09.6623  INFO - 이미지 변환 성공!
2020-04-06 10:49:09.6623  INFO - Source image: C:\Data\workspace\DD6CB72289883BE117CE80EDD79F1B1B\2020년 03월 교통비정산서.pdf
2020-04-06 10:49:09.6742  INFO - outFiles: C:\Data\workspace\DD6CB72289883BE117CE80EDD79F1B1B\2020년 03월 교통비정산서\4.jpg
2020-04-06 11:17:28.5954  INFO - ==================== Start ====================
2020-04-06 11:17:28.6334  INFO - Method: ExcelSaveAs, FilePath: C:\Data\workspace\E2DDB1F4A236D30F6E63319BEC7F35AC\Excel.xlsx, outPath: C:\Data\workspace\E2DDB1F4A236D30F6E63319BEC7F35AC\Excel.pdf, docPassword: 
2020-04-06 11:17:28.6614  INFO - 파일 언락 실패! 자세한내용 로그 참고
2020-04-06 11:17:47.7980  INFO - 변환 성공
2020-04-06 11:17:48.9033  INFO - ==================== End ====================
2020-04-06 11:20:43.9080  INFO - ==================== Start ====================
2020-04-06 11:20:43.9340  INFO - Method: ExcelSaveAs, FilePath: C:\Data\workspace\E2DDB1F4A236D30F6E63319BEC7F35AC\Excel.xlsx, outPath: C:\Data\workspace\E2DDB1F4A236D30F6E63319BEC7F35AC\Excel.pdf, docPassword: 
2020-04-06 11:20:43.9640  INFO - 파일 언락 실패! 자세한내용 로그 참고
2020-04-06 11:21:06.3811  INFO - 변환 성공
2020-04-06 11:21:07.5404  INFO - ==================== End ====================
2020-04-06 11:22:09.0655  INFO - ==================== Start ====================
2020-04-06 11:22:09.0655  INFO - Method: WordSaveAs, FilePath: C:\Data\workspace\623E240D8979099742001E96E711F663\word.docx, outPath: C:\Data\workspace\623E240D8979099742001E96E711F663\word.pdf, docPassword: 
2020-04-06 11:22:09.1135  INFO - 파일 언락 실패! 자세한내용 로그 참고
2020-04-06 11:22:14.6636  INFO - 변환 성공
2020-04-06 11:22:14.9365  INFO - ==================== End ====================
2020-04-06 11:22:38.6197  INFO - ==================== Start ====================
2020-04-06 11:22:38.6317  INFO - Method: ExcelSaveAs, FilePath: C:\Data\workspace\E2DDB1F4A236D30F6E63319BEC7F35AC\Excel.xlsx, outPath: C:\Data\workspace\E2DDB1F4A236D30F6E63319BEC7F35AC\Excel.pdf, docPassword: 
2020-04-06 11:22:38.6706  INFO - 파일 언락 실패! 자세한내용 로그 참고
2020-04-06 11:22:59.8345  INFO - 변환 성공
2020-04-06 11:23:00.9639  INFO - ==================== End ====================
2020-04-06 11:24:17.8688  INFO - ==================== Start ====================
2020-04-06 11:24:17.8907  INFO - Method: ExcelSaveAs, FilePath: C:\Data\workspace\E2DDB1F4A236D30F6E63319BEC7F35AC\Excel.xlsx, outPath: C:\Data\workspace\E2DDB1F4A236D30F6E63319BEC7F35AC\Excel.pdf, docPassword: 
2020-04-06 11:24:17.9347  INFO - 파일 언락 실패! 자세한내용 로그 참고
2020-04-06 11:24:41.1587  INFO - 변환 성공
2020-04-06 11:24:42.0999  INFO - ==================== End ====================
2020-04-06 11:31:47.9159  INFO - ==================== Start ====================
2020-04-06 11:31:47.9259  INFO - Method: ExcelSaveAs, FilePath: C:\Data\workspace\E2DDB1F4A236D30F6E63319BEC7F35AC\Excel.xlsx, outPath: C:\Data\workspace\E2DDB1F4A236D30F6E63319BEC7F35AC\Excel.pdf, docPassword: 
2020-04-06 11:31:47.9819  INFO - 파일 언락 실패! 자세한내용 로그 참고
2020-04-06 11:32:08.3044  INFO - 변환 성공
2020-04-06 11:32:09.3058  INFO - ==================== End ====================
2020-04-06 11:32:11.5675  INFO - ==================== Start ====================
2020-04-06 11:32:11.5865  INFO - Method: ExcelSaveAs, FilePath: C:\Data\workspace\E2DDB1F4A236D30F6E63319BEC7F35AC\Excel.xlsx, outPath: C:\Data\workspace\E2DDB1F4A236D30F6E63319BEC7F35AC\Excel.pdf, docPassword: 
2020-04-06 11:32:11.6435  INFO - 파일 언락 실패! 자세한내용 로그 참고
2020-04-06 11:32:33.2927  INFO - 변환 성공
2020-04-06 11:32:34.3113  INFO - ==================== End ====================
2020-04-06 11:33:46.5993  INFO - ==================== Start ====================
2020-04-06 11:33:46.6113  INFO - Method: ExcelSaveAs, FilePath: C:\Data\workspace\E2DDB1F4A236D30F6E63319BEC7F35AC\Excel.xlsx, outPath: C:\Data\workspace\E2DDB1F4A236D30F6E63319BEC7F35AC\Excel.pdf, docPassword: 
2020-04-06 11:33:46.6663  INFO - 파일 언락 실패! 자세한내용 로그 참고
2020-04-06 11:34:05.8354  INFO - 변환 성공
2020-04-06 11:34:06.8029  INFO - ==================== End ====================
2020-04-06 11:36:19.0348  INFO - ==================== Start ====================
2020-04-06 11:36:19.1038  INFO - Method: ExcelSaveAs, FilePath: C:\Data\workspace\E2DDB1F4A236D30F6E63319BEC7F35AC\Excel.xlsx, outPath: C:\Data\workspace\E2DDB1F4A236D30F6E63319BEC7F35AC\Excel.pdf, docPassword: 
2020-04-06 11:36:19.1557  INFO - 파일 언락 실패! 자세한내용 로그 참고
2020-04-06 11:36:36.4844  INFO - 변환중 오류발생 자세한 내용은 오류로그 참고
2020-04-06 11:36:37.7585  INFO - ==================== End ====================
2020-04-06 11:36:42.1796  INFO - ==================== Start ====================
2020-04-06 11:36:42.1946  INFO - Method: ExcelSaveAs, FilePath: C:\Data\workspace\E2DDB1F4A236D30F6E63319BEC7F35AC\Excel.xlsx, outPath: C:\Data\workspace\E2DDB1F4A236D30F6E63319BEC7F35AC\Excel.pdf, docPassword: 
2020-04-06 11:36:42.2675  INFO - 파일 언락 실패! 자세한내용 로그 참고
2020-04-06 11:37:05.6960  INFO - 변환 성공
2020-04-06 11:37:06.6565  INFO - ==================== End ====================
2020-04-06 11:38:39.1573  INFO - ==================== Start ====================
2020-04-06 11:38:39.1573  INFO - Method: ExcelSaveAs, FilePath: C:\Data\workspace\E2DDB1F4A236D30F6E63319BEC7F35AC\Excel.xlsx, outPath: C:\Data\workspace\E2DDB1F4A236D30F6E63319BEC7F35AC\Excel.pdf, docPassword: 
2020-04-06 11:38:39.2073  INFO - 파일 언락 실패! 자세한내용 로그 참고
2020-04-06 11:39:00.8927  INFO - 변환 성공
2020-04-06 11:39:01.7932  INFO - ==================== End ====================
2020-04-06 11:39:55.8702  INFO - ==================== Start ====================
2020-04-06 11:39:55.8842  INFO - Method: ExcelSaveAs, FilePath: C:\Data\workspace\E2DDB1F4A236D30F6E63319BEC7F35AC\Excel.xlsx, outPath: C:\Data\workspace\E2DDB1F4A236D30F6E63319BEC7F35AC\Excel.pdf, docPassword: 
2020-04-06 11:39:56.0051  INFO - 파일 언락 실패! 자세한내용 로그 참고
2020-04-06 11:40:07.4595  INFO - 변환중 오류발생 자세한 내용은 오류로그 참고
2020-04-06 11:40:08.6128  INFO - ==================== End ====================
2020-04-06 11:40:13.6017  INFO - ==================== Start ====================
2020-04-06 11:40:13.6197  INFO - Method: ExcelSaveAs, FilePath: C:\Data\workspace\E2DDB1F4A236D30F6E63319BEC7F35AC\Excel.xlsx, outPath: C:\Data\workspace\E2DDB1F4A236D30F6E63319BEC7F35AC\Excel.pdf, docPassword: 
2020-04-06 11:40:13.6507  INFO - 파일 언락 실패! 자세한내용 로그 참고
2020-04-06 11:40:31.9925  INFO - 변환 성공
2020-04-06 11:40:32.8440  INFO - ==================== End ====================
2020-04-06 11:41:14.8085  INFO - ==================== Start ====================
2020-04-06 11:41:14.8175  INFO - Method: ExcelSaveAs, FilePath: C:\Data\workspace\E2DDB1F4A236D30F6E63319BEC7F35AC\Excel.xlsx, outPath: C:\Data\workspace\E2DDB1F4A236D30F6E63319BEC7F35AC\Excel.pdf, docPassword: 
2020-04-06 11:41:14.8505  INFO - 파일 언락 실패! 자세한내용 로그 참고
2020-04-06 11:41:33.4503  INFO - 변환 성공
2020-04-06 11:41:34.3568  INFO - ==================== End ====================
2020-04-06 11:42:08.2664  INFO - ==================== Start ====================
2020-04-06 11:42:08.2664  INFO - Method: ExcelSaveAs, FilePath: C:\Data\workspace\E2DDB1F4A236D30F6E63319BEC7F35AC\Excel.xlsx, outPath: C:\Data\workspace\E2DDB1F4A236D30F6E63319BEC7F35AC\Excel.pdf, docPassword: 
2020-04-06 11:42:08.3014  INFO - 파일 언락 실패! 자세한내용 로그 참고
2020-04-06 11:42:26.6500  INFO - 변환 성공
2020-04-06 11:42:27.4925  INFO - ==================== End ====================
2020-04-06 11:45:27.5655  INFO - ==================== Start ====================
2020-04-06 11:45:27.5815  INFO - Method: ExcelSaveAs, FilePath: C:\Data\workspace\E2DDB1F4A236D30F6E63319BEC7F35AC\Excel.xlsx, outPath: C:\Data\workspace\E2DDB1F4A236D30F6E63319BEC7F35AC\Excel.pdf, docPassword: 
2020-04-06 11:45:27.6145  INFO - 파일 언락 실패! 자세한내용 로그 참고
2020-04-06 11:45:46.9878  INFO - 변환 성공
2020-04-06 11:45:47.9093  INFO - ==================== End ====================
2020-04-06 11:48:54.3089  INFO - ==================== Start ====================
2020-04-06 11:48:54.3338  INFO - Method: ExcelSaveAs, FilePath: C:\Data\workspace\E2DDB1F4A236D30F6E63319BEC7F35AC\Excel.xlsx, outPath: C:\Data\workspace\E2DDB1F4A236D30F6E63319BEC7F35AC\Excel.pdf, docPassword: 
2020-04-06 11:48:54.4438  INFO - 파일 언락 실패! 자세한내용 로그 참고
2020-04-06 11:49:05.5875  INFO - 변환중 오류발생 자세한 내용은 오류로그 참고
2020-04-06 11:49:06.9537  INFO - ==================== End ====================
2020-04-06 11:49:14.6467  INFO - ==================== Start ====================
2020-04-06 11:49:14.6467  INFO - Method: ExcelSaveAs, FilePath: C:\Data\workspace\E2DDB1F4A236D30F6E63319BEC7F35AC\Excel.xlsx, outPath: C:\Data\workspace\E2DDB1F4A236D30F6E63319BEC7F35AC\Excel.pdf, docPassword: 
2020-04-06 11:49:14.6897  INFO - 파일 언락 실패! 자세한내용 로그 참고
2020-04-06 11:49:32.8975  INFO - 변환 성공
2020-04-06 11:49:33.7490  INFO - ==================== End ====================
2020-04-06 11:49:56.8172  INFO - ==================== Start ====================
2020-04-06 11:49:56.8302  INFO - Method: ExcelSaveAs, FilePath: C:\Data\workspace\E2DDB1F4A236D30F6E63319BEC7F35AC\Excel.xlsx, outPath: C:\Data\workspace\E2DDB1F4A236D30F6E63319BEC7F35AC\Excel.pdf, docPassword: 
2020-04-06 11:49:56.8842  INFO - 파일 언락 실패! 자세한내용 로그 참고
2020-04-06 11:52:13.6189  INFO - ==================== Start ====================
2020-04-06 11:52:13.6529  INFO - Method: ExcelSaveAs, FilePath: C:\Data\workspace\E2DDB1F4A236D30F6E63319BEC7F35AC\Excel.xlsx, outPath: C:\Data\workspace\E2DDB1F4A236D30F6E63319BEC7F35AC\Excel.pdf, docPassword: 
2020-04-06 11:52:13.7198  INFO - 파일 언락 실패! 자세한내용 로그 참고
2020-04-06 11:52:32.3683  INFO - 변환 성공
2020-04-06 11:52:33.2738  INFO - ==================== End ====================
2020-04-06 11:52:47.8667  INFO - ==================== Start ====================
2020-04-06 11:52:47.8837  INFO - Method: WordSaveAs, FilePath: C:\Data\workspace\623E240D8979099742001E96E711F663\word.docx, outPath: C:\Data\workspace\623E240D8979099742001E96E711F663\word.pdf, docPassword: 
2020-04-06 11:52:47.9197  INFO - 파일 언락 실패! 자세한내용 로그 참고
2020-04-06 11:52:53.0011  INFO - 변환 성공
2020-04-06 11:52:53.2649  INFO - ==================== End ====================
2020-04-06 11:55:53.6153  INFO - ==================== Start ====================
2020-04-06 11:55:53.6153  INFO - Method: WordSaveAs, FilePath: C:\Data\workspace\623E240D8979099742001E96E711F663\word.docx, outPath: C:\Data\workspace\623E240D8979099742001E96E711F663\word.pdf, docPassword: 
2020-04-06 11:55:53.6623  INFO - 파일 언락 실패! 자세한내용 로그 참고
2020-04-06 11:55:58.6504  INFO - 변환 성공
2020-04-06 11:55:58.8313  INFO - ==================== End ====================
2020-04-06 11:57:00.4239  INFO - ==================== Start ====================
2020-04-06 11:57:00.4239  INFO - Method: WordSaveAs, FilePath: C:\Data\workspace\623E240D8979099742001E96E711F663\word.docx, outPath: C:\Data\workspace\623E240D8979099742001E96E711F663\word.pdf, docPassword: 
2020-04-06 11:57:00.4639  INFO - 파일 언락 실패! 자세한내용 로그 참고
2020-04-06 11:57:05.3850  INFO - 변환 성공
2020-04-06 11:57:05.5729  INFO - ==================== End ====================
2020-04-06 11:58:31.8057  INFO - ==================== Start ====================
2020-04-06 11:58:31.8456  INFO - Method: WordSaveAs, FilePath: C:\Data\workspace\623E240D8979099742001E96E711F663\word.docx, outPath: C:\Data\workspace\623E240D8979099742001E96E711F663\word.pdf, docPassword: 
2020-04-06 11:58:31.9336  INFO - 파일 언락 실패! 자세한내용 로그 참고
2020-04-06 11:58:36.9968  INFO - 변환 성공
2020-04-06 11:58:37.1747  INFO - ==================== End ====================
2020-04-06 11:59:19.0594  INFO - ==================== Start ====================
2020-04-06 11:59:19.0694  INFO - Method: PowerPointSaveAs, FilePath: C:\Data\workspace\4980C2E6E908BEB83479B0077F4DACB3\powerpoint.pptx, outPath: C:\Data\workspace\4980C2E6E908BEB83479B0077F4DACB3\powerpoint.pdf, docPassword: 
2020-04-06 11:59:19.1253  INFO - 파일 언락 실패! 자세한내용 로그 참고
2020-04-06 11:59:24.0274  INFO - 변환 성공
2020-04-06 11:59:24.1523  INFO - ==================== End ====================
2020-04-06 11:59:43.0045  INFO - ==================== Start ====================
2020-04-06 11:59:43.0045  INFO - Method: ExcelSaveAs, FilePath: C:\Data\workspace\E2DDB1F4A236D30F6E63319BEC7F35AC\Excel.xlsx, outPath: C:\Data\workspace\E2DDB1F4A236D30F6E63319BEC7F35AC\Excel.pdf, docPassword: 
2020-04-06 11:59:43.0494  INFO - 파일 언락 실패! 자세한내용 로그 참고
2020-04-06 11:59:55.3687  INFO - 변환중 오류발생 자세한 내용은 오류로그 참고
2020-04-06 11:59:56.6513  INFO - ==================== End ====================
2020-04-06 12:00:26.4507  INFO - ==================== Start ====================
2020-04-06 12:00:26.4747  INFO - Method: PowerPointSaveAs, FilePath: C:\Data\workspace\4980C2E6E908BEB83479B0077F4DACB3\powerpoint.pptx, outPath: C:\Data\workspace\4980C2E6E908BEB83479B0077F4DACB3\powerpoint.pdf, docPassword: 
2020-04-06 12:00:26.5107  INFO - 파일 언락 실패! 자세한내용 로그 참고
2020-04-06 12:00:31.1411  INFO - 변환 성공
2020-04-06 12:00:31.3554  INFO - ==================== End ====================
2020-04-06 12:10:34.7248  INFO - ==================== Start ====================
2020-04-06 12:10:34.7687  INFO - Method: PowerPointSaveAs, FilePath: C:\Data\workspace\4980C2E6E908BEB83479B0077F4DACB3\powerpoint.pptx, outPath: C:\Data\workspace\4980C2E6E908BEB83479B0077F4DACB3\powerpoint.pdf, docPassword: 
2020-04-06 12:10:34.8327  INFO - 파일 언락 실패! 자세한내용 로그 참고
2020-04-06 12:10:39.5775  INFO - 변환 성공
2020-04-06 12:10:39.6584  INFO - ==================== End ====================
2020-04-06 12:16:00.7552  INFO - ==================== Start ====================
2020-04-06 12:16:00.8062  INFO - Method: PowerPointSaveAs, FilePath: C:\Data\workspace\4980C2E6E908BEB83479B0077F4DACB3\powerpoint.pptx, outPath: C:\Data\workspace\4980C2E6E908BEB83479B0077F4DACB3\powerpoint.pdf, docPassword: 
2020-04-06 12:16:00.8681  INFO - 파일 언락 실패! 자세한내용 로그 참고
2020-04-06 12:16:10.2999  INFO - 변환중 오류발생 자세한 내용은 오류로그 참고
2020-04-06 12:16:39.7054  INFO - ==================== Start ====================
2020-04-06 12:16:39.7374  INFO - Method: PowerPointSaveAs, FilePath: C:\Data\workspace\4980C2E6E908BEB83479B0077F4DACB3\powerpoint.pptx, outPath: C:\Data\workspace\4980C2E6E908BEB83479B0077F4DACB3\powerpoint.pdf, docPassword: 
2020-04-06 12:16:39.8193  INFO - 파일 언락 실패! 자세한내용 로그 참고
2020-04-06 12:16:45.2002  INFO - 변환 성공
2020-04-06 12:16:45.3092  INFO - ==================== End ====================
2020-04-06 12:17:00.9477  INFO - ==================== Start ====================
2020-04-06 12:17:00.9807  INFO - Method: ExcelSaveAs, FilePath: C:\Data\workspace\E2DDB1F4A236D30F6E63319BEC7F35AC\Excel.xlsx, outPath: C:\Data\workspace\E2DDB1F4A236D30F6E63319BEC7F35AC\Excel.pdf, docPassword: 
2020-04-06 12:17:01.0246  INFO - 파일 언락 실패! 자세한내용 로그 참고
2020-04-06 12:17:19.8158  INFO - 변환 성공
2020-04-06 12:17:20.8868  INFO - ==================== End ====================
2020-04-06 12:20:30.6613  INFO - ==================== Start ====================
2020-04-06 12:20:30.7183  INFO - Method: ExcelSaveAs, FilePath: C:\Data\workspace\E2DDB1F4A236D30F6E63319BEC7F35AC\Excel.xlsx, outPath: C:\Data\workspace\E2DDB1F4A236D30F6E63319BEC7F35AC\Excel.pdf, docPassword: 
2020-04-06 12:20:30.8144  INFO - 파일 언락 실패! 자세한내용 로그 참고
2020-04-06 12:20:49.3669  INFO - 변환 성공
2020-04-06 12:20:50.3484  INFO - ==================== End ====================
2020-04-06 12:35:13.3547  INFO - ==================== Start ====================
2020-04-06 12:35:13.3846  INFO - Method: PowerPointSaveAs, FilePath: C:\Data\workspace\4980C2E6E908BEB83479B0077F4DACB3\powerpoint.pptx, outPath: C:\Data\workspace\4980C2E6E908BEB83479B0077F4DACB3\powerpoint.pdf, docPassword: 
2020-04-06 12:35:13.4386  INFO - 파일 언락 실패! 자세한내용 로그 참고
2020-04-06 12:35:17.6701  INFO - 변환 성공
2020-04-06 12:35:17.7531  INFO - ==================== End ====================
2020-04-06 12:35:18.0819  INFO - 이미지 변환 성공!
2020-04-06 12:35:18.0819  INFO - Source image: C:\Data\workspace\4980C2E6E908BEB83479B0077F4DACB3\powerpoint.pdf
2020-04-06 12:35:18.0949  INFO - outFiles: C:\Data\workspace\4980C2E6E908BEB83479B0077F4DACB3\powerpoint\1.png
2020-04-06 12:35:18.3997  INFO - 이미지 변환 성공!
2020-04-06 12:35:18.4067  INFO - Source image: C:\Data\workspace\4980C2E6E908BEB83479B0077F4DACB3\powerpoint.pdf
2020-04-06 12:35:18.4067  INFO - outFiles: C:\Data\workspace\4980C2E6E908BEB83479B0077F4DACB3\powerpoint\2.png
2020-04-06 12:35:18.5716  INFO - 이미지 변환 성공!
2020-04-06 12:35:18.5786  INFO - Source image: C:\Data\workspace\4980C2E6E908BEB83479B0077F4DACB3\powerpoint.pdf
2020-04-06 12:35:18.5786  INFO - outFiles: C:\Data\workspace\4980C2E6E908BEB83479B0077F4DACB3\powerpoint\3.png
2020-04-06 12:35:18.8584  INFO - 이미지 변환 성공!
2020-04-06 12:35:18.8584  INFO - Source image: C:\Data\workspace\4980C2E6E908BEB83479B0077F4DACB3\powerpoint.pdf
2020-04-06 12:35:18.8584  INFO - outFiles: C:\Data\workspace\4980C2E6E908BEB83479B0077F4DACB3\powerpoint\4.png
2020-04-06 12:35:19.0343  INFO - 이미지 변환 성공!
2020-04-06 12:35:19.0343  INFO - Source image: C:\Data\workspace\4980C2E6E908BEB83479B0077F4DACB3\powerpoint.pdf
2020-04-06 12:35:19.0453  INFO - outFiles: C:\Data\workspace\4980C2E6E908BEB83479B0077F4DACB3\powerpoint\5.png
2020-04-06 12:35:19.2832  INFO - 이미지 변환 성공!
2020-04-06 12:35:19.2832  INFO - Source image: C:\Data\workspace\4980C2E6E908BEB83479B0077F4DACB3\powerpoint.pdf
2020-04-06 12:35:19.2942  INFO - outFiles: C:\Data\workspace\4980C2E6E908BEB83479B0077F4DACB3\powerpoint\6.png
2020-04-06 12:35:19.5020  INFO - 이미지 변환 성공!
2020-04-06 12:35:19.5020  INFO - Source image: C:\Data\workspace\4980C2E6E908BEB83479B0077F4DACB3\powerpoint.pdf
2020-04-06 12:35:19.5131  INFO - outFiles: C:\Data\workspace\4980C2E6E908BEB83479B0077F4DACB3\powerpoint\7.png
2020-04-06 12:35:19.7799  INFO - 이미지 변환 성공!
2020-04-06 12:35:19.7799  INFO - Source image: C:\Data\workspace\4980C2E6E908BEB83479B0077F4DACB3\powerpoint.pdf
2020-04-06 12:35:19.7939  INFO - outFiles: C:\Data\workspace\4980C2E6E908BEB83479B0077F4DACB3\powerpoint\8.png
2020-04-06 12:35:20.0827  INFO - 이미지 변환 성공!
2020-04-06 12:35:20.0897  INFO - Source image: C:\Data\workspace\4980C2E6E908BEB83479B0077F4DACB3\powerpoint.pdf
2020-04-06 12:35:20.0897  INFO - outFiles: C:\Data\workspace\4980C2E6E908BEB83479B0077F4DACB3\powerpoint\9.png
2020-04-06 12:35:34.5572  INFO - ==================== Start ====================
2020-04-06 12:35:34.5642  INFO - Method: ExcelSaveAs, FilePath: C:\Data\workspace\E2DDB1F4A236D30F6E63319BEC7F35AC\Excel.xlsx, outPath: C:\Data\workspace\E2DDB1F4A236D30F6E63319BEC7F35AC\Excel.pdf, docPassword: 
2020-04-06 12:35:34.6152  INFO - 파일 언락 실패! 자세한내용 로그 참고
2020-04-06 12:35:53.2042  INFO - 변환 성공
2020-04-06 12:35:54.0987  INFO - ==================== End ====================
2020-04-06 12:38:25.8309  INFO - ==================== Start ====================
2020-04-06 12:38:25.8719  INFO - Method: ExcelSaveAs, FilePath: C:\Data\workspace\E2DDB1F4A236D30F6E63319BEC7F35AC\Excel.xlsx, outPath: C:\Data\workspace\E2DDB1F4A236D30F6E63319BEC7F35AC\Excel.pdf, docPassword: 
2020-04-06 12:38:25.9268  INFO - 파일 언락 실패! 자세한내용 로그 참고
2020-04-06 12:38:45.1274  INFO - 변환 성공
2020-04-06 12:38:46.1808  INFO - ==================== End ====================
2020-04-06 13:28:25.9995  INFO - ==================== Start ====================
2020-04-06 13:28:26.0305  INFO - Method: PowerPointSaveAs, FilePath: C:\Data\workspace\4980C2E6E908BEB83479B0077F4DACB3\powerpoint.pptx, outPath: C:\Data\workspace\4980C2E6E908BEB83479B0077F4DACB3\powerpoint.pdf, docPassword: 
2020-04-06 13:28:26.0855  INFO - 파일 언락 실패! 자세한내용 로그 참고
2020-04-06 13:28:30.2088  INFO - 변환 성공
2020-04-06 13:28:30.2848  INFO - ==================== End ====================
2020-04-06 13:28:33.7889  INFO - ==================== Start ====================
2020-04-06 13:28:33.7949  INFO - Method: PowerPointSaveAs, FilePath: C:\Data\workspace\4980C2E6E908BEB83479B0077F4DACB3\powerpoint.pptx, outPath: C:\Data\workspace\4980C2E6E908BEB83479B0077F4DACB3\powerpoint.pdf, docPassword: 
2020-04-06 13:28:33.8198  INFO - 파일 언락 실패! 자세한내용 로그 참고
2020-04-06 13:28:35.9270  INFO - 변환 성공
2020-04-06 13:28:35.9609  INFO - ==================== End ====================
2020-04-06 13:28:36.1988  INFO - 이미지 변환 성공!
2020-04-06 13:28:36.2048  INFO - Source image: C:\Data\workspace\4980C2E6E908BEB83479B0077F4DACB3\powerpoint.pdf
2020-04-06 13:28:36.2048  INFO - outFiles: C:\Data\workspace\4980C2E6E908BEB83479B0077F4DACB3\powerpoint\1.png
2020-04-06 13:28:36.5566  INFO - 이미지 변환 성공!
2020-04-06 13:28:36.5666  INFO - Source image: C:\Data\workspace\4980C2E6E908BEB83479B0077F4DACB3\powerpoint.pdf
2020-04-06 13:28:36.5666  INFO - outFiles: C:\Data\workspace\4980C2E6E908BEB83479B0077F4DACB3\powerpoint\2.png
2020-04-06 13:28:36.7735  INFO - 이미지 변환 성공!
2020-04-06 13:28:36.7795  INFO - Source image: C:\Data\workspace\4980C2E6E908BEB83479B0077F4DACB3\powerpoint.pdf
2020-04-06 13:28:36.7795  INFO - outFiles: C:\Data\workspace\4980C2E6E908BEB83479B0077F4DACB3\powerpoint\3.png
2020-04-06 13:28:37.0573  INFO - 이미지 변환 성공!
2020-04-06 13:28:37.0653  INFO - Source image: C:\Data\workspace\4980C2E6E908BEB83479B0077F4DACB3\powerpoint.pdf
2020-04-06 13:28:37.0653  INFO - outFiles: C:\Data\workspace\4980C2E6E908BEB83479B0077F4DACB3\powerpoint\4.png
2020-04-06 13:28:37.2202  INFO - 이미지 변환 성공!
2020-04-06 13:28:37.2202  INFO - Source image: C:\Data\workspace\4980C2E6E908BEB83479B0077F4DACB3\powerpoint.pdf
2020-04-06 13:28:37.2482  INFO - outFiles: C:\Data\workspace\4980C2E6E908BEB83479B0077F4DACB3\powerpoint\5.png
2020-04-06 13:28:37.4441  INFO - 이미지 변환 성공!
2020-04-06 13:28:37.4531  INFO - Source image: C:\Data\workspace\4980C2E6E908BEB83479B0077F4DACB3\powerpoint.pdf
2020-04-06 13:28:37.4531  INFO - outFiles: C:\Data\workspace\4980C2E6E908BEB83479B0077F4DACB3\powerpoint\6.png
2020-04-06 13:28:37.6860  INFO - 이미지 변환 성공!
2020-04-06 13:28:37.6860  INFO - Source image: C:\Data\workspace\4980C2E6E908BEB83479B0077F4DACB3\powerpoint.pdf
2020-04-06 13:28:37.6990  INFO - outFiles: C:\Data\workspace\4980C2E6E908BEB83479B0077F4DACB3\powerpoint\7.png
2020-04-06 13:28:38.0867  INFO - 이미지 변환 성공!
2020-04-06 13:28:38.0947  INFO - Source image: C:\Data\workspace\4980C2E6E908BEB83479B0077F4DACB3\powerpoint.pdf
2020-04-06 13:28:38.0947  INFO - outFiles: C:\Data\workspace\4980C2E6E908BEB83479B0077F4DACB3\powerpoint\8.png
2020-04-06 13:28:38.4755  INFO - 이미지 변환 성공!
2020-04-06 13:28:38.4805  INFO - Source image: C:\Data\workspace\4980C2E6E908BEB83479B0077F4DACB3\powerpoint.pdf
2020-04-06 13:28:38.4805  INFO - outFiles: C:\Data\workspace\4980C2E6E908BEB83479B0077F4DACB3\powerpoint\9.png
2020-04-06 13:42:41.8042  INFO - ==================== Start ====================
2020-04-06 13:42:41.8355  INFO - Method: ExcelSaveAs, FilePath: C:\Data\workspace\E2DDB1F4A236D30F6E63319BEC7F35AC\Excel.xlsx, outPath: C:\Data\workspace\E2DDB1F4A236D30F6E63319BEC7F35AC\Excel.pdf, docPassword: 
2020-04-06 13:42:41.8823  INFO - 파일 언락 실패! 자세한내용 로그 참고
2020-04-06 13:43:00.9791  INFO - 변환 성공
2020-04-06 13:43:01.7038  INFO - ==================== End ====================
2020-04-06 13:48:12.4072  INFO - ==================== Start ====================
2020-04-06 13:48:12.4072  INFO - Method: WordSaveAs, FilePath: C:\Data\workspace\6BFEFCCA022BD3665ADB687D6789F1AB\hccc_table3.html, outPath: C:\Data\workspace\6BFEFCCA022BD3665ADB687D6789F1AB\hccc_table3.pdf, docPassword: 
2020-04-06 13:48:12.4384  INFO - 파일 언락 실패! 자세한내용 로그 참고
2020-04-06 13:49:18.2833  INFO - 변환 성공
2020-04-06 13:49:18.5958  INFO - ==================== End ====================
2020-04-06 13:49:18.9395  INFO - 이미지 변환 성공!
2020-04-06 13:49:18.9551  INFO - Source image: C:\Data\workspace\6BFEFCCA022BD3665ADB687D6789F1AB\hccc_table3.pdf
2020-04-06 13:49:18.9551  INFO - outFiles: C:\Data\workspace\6BFEFCCA022BD3665ADB687D6789F1AB\hccc_table3\1.jpg
2020-04-06 13:49:19.0645  INFO - 이미지 변환 성공!
2020-04-06 13:49:19.0801  INFO - Source image: C:\Data\workspace\6BFEFCCA022BD3665ADB687D6789F1AB\hccc_table3.pdf
2020-04-06 13:49:19.0801  INFO - outFiles: C:\Data\workspace\6BFEFCCA022BD3665ADB687D6789F1AB\hccc_table3\2.jpg
2020-04-06 13:49:19.1739  INFO - 이미지 변환 성공!
2020-04-06 13:49:19.1739  INFO - Source image: C:\Data\workspace\6BFEFCCA022BD3665ADB687D6789F1AB\hccc_table3.pdf
2020-04-06 13:49:19.1739  INFO - outFiles: C:\Data\workspace\6BFEFCCA022BD3665ADB687D6789F1AB\hccc_table3\3.jpg
2020-04-06 13:49:19.2676  INFO - 이미지 변환 성공!
2020-04-06 13:49:19.2832  INFO - Source image: C:\Data\workspace\6BFEFCCA022BD3665ADB687D6789F1AB\hccc_table3.pdf
2020-04-06 13:49:19.2832  INFO - outFiles: C:\Data\workspace\6BFEFCCA022BD3665ADB687D6789F1AB\hccc_table3\4.jpg
2020-04-06 13:49:19.3770  INFO - 이미지 변환 성공!
2020-04-06 13:49:19.3926  INFO - Source image: C:\Data\workspace\6BFEFCCA022BD3665ADB687D6789F1AB\hccc_table3.pdf
2020-04-06 13:49:19.3926  INFO - outFiles: C:\Data\workspace\6BFEFCCA022BD3665ADB687D6789F1AB\hccc_table3\5.jpg
2020-04-06 13:49:19.4863  INFO - 이미지 변환 성공!
2020-04-06 13:49:19.4863  INFO - Source image: C:\Data\workspace\6BFEFCCA022BD3665ADB687D6789F1AB\hccc_table3.pdf
2020-04-06 13:49:19.4863  INFO - outFiles: C:\Data\workspace\6BFEFCCA022BD3665ADB687D6789F1AB\hccc_table3\6.jpg
2020-04-06 13:49:19.5645  INFO - 이미지 변환 성공!
2020-04-06 13:49:19.5801  INFO - Source image: C:\Data\workspace\6BFEFCCA022BD3665ADB687D6789F1AB\hccc_table3.pdf
2020-04-06 13:49:19.5801  INFO - outFiles: C:\Data\workspace\6BFEFCCA022BD3665ADB687D6789F1AB\hccc_table3\7.jpg
2020-04-06 13:49:19.6738  INFO - 이미지 변환 성공!
2020-04-06 13:49:19.6738  INFO - Source image: C:\Data\workspace\6BFEFCCA022BD3665ADB687D6789F1AB\hccc_table3.pdf
2020-04-06 13:49:19.6895  INFO - outFiles: C:\Data\workspace\6BFEFCCA022BD3665ADB687D6789F1AB\hccc_table3\8.jpg
2020-04-06 13:49:19.7988  INFO - 이미지 변환 성공!
2020-04-06 13:49:19.7988  INFO - Source image: C:\Data\workspace\6BFEFCCA022BD3665ADB687D6789F1AB\hccc_table3.pdf
2020-04-06 13:49:19.7988  INFO - outFiles: C:\Data\workspace\6BFEFCCA022BD3665ADB687D6789F1AB\hccc_table3\9.jpg
2020-04-06 13:49:19.9082  INFO - 이미지 변환 성공!
2020-04-06 13:49:19.9082  INFO - Source image: C:\Data\workspace\6BFEFCCA022BD3665ADB687D6789F1AB\hccc_table3.pdf
2020-04-06 13:49:19.9082  INFO - outFiles: C:\Data\workspace\6BFEFCCA022BD3665ADB687D6789F1AB\hccc_table3\10.jpg
2020-04-06 13:49:20.0176  INFO - 이미지 변환 성공!
2020-04-06 13:49:20.0176  INFO - Source image: C:\Data\workspace\6BFEFCCA022BD3665ADB687D6789F1AB\hccc_table3.pdf
2020-04-06 13:49:20.0176  INFO - outFiles: C:\Data\workspace\6BFEFCCA022BD3665ADB687D6789F1AB\hccc_table3\11.jpg
2020-04-06 13:49:20.1113  INFO - 이미지 변환 성공!
2020-04-06 13:49:20.1113  INFO - Source image: C:\Data\workspace\6BFEFCCA022BD3665ADB687D6789F1AB\hccc_table3.pdf
2020-04-06 13:49:20.1269  INFO - outFiles: C:\Data\workspace\6BFEFCCA022BD3665ADB687D6789F1AB\hccc_table3\12.jpg
2020-04-06 13:49:20.2050  INFO - 이미지 변환 성공!
2020-04-06 13:49:20.2050  INFO - Source image: C:\Data\workspace\6BFEFCCA022BD3665ADB687D6789F1AB\hccc_table3.pdf
2020-04-06 13:49:20.2050  INFO - outFiles: C:\Data\workspace\6BFEFCCA022BD3665ADB687D6789F1AB\hccc_table3\13.jpg
2020-04-06 13:49:20.2988  INFO - 이미지 변환 성공!
2020-04-06 13:49:20.2988  INFO - Source image: C:\Data\workspace\6BFEFCCA022BD3665ADB687D6789F1AB\hccc_table3.pdf
2020-04-06 13:49:20.3144  INFO - outFiles: C:\Data\workspace\6BFEFCCA022BD3665ADB687D6789F1AB\hccc_table3\14.jpg
2020-04-06 13:49:20.3925  INFO - 이미지 변환 성공!
2020-04-06 13:49:20.3925  INFO - Source image: C:\Data\workspace\6BFEFCCA022BD3665ADB687D6789F1AB\hccc_table3.pdf
2020-04-06 13:49:20.4081  INFO - outFiles: C:\Data\workspace\6BFEFCCA022BD3665ADB687D6789F1AB\hccc_table3\15.jpg
2020-04-06 13:49:20.4863  INFO - 이미지 변환 성공!
2020-04-06 13:49:20.5019  INFO - Source image: C:\Data\workspace\6BFEFCCA022BD3665ADB687D6789F1AB\hccc_table3.pdf
2020-04-06 13:49:20.5019  INFO - outFiles: C:\Data\workspace\6BFEFCCA022BD3665ADB687D6789F1AB\hccc_table3\16.jpg
2020-04-06 13:49:20.5956  INFO - 이미지 변환 성공!
2020-04-06 13:49:20.5956  INFO - Source image: C:\Data\workspace\6BFEFCCA022BD3665ADB687D6789F1AB\hccc_table3.pdf
2020-04-06 13:49:20.6113  INFO - outFiles: C:\Data\workspace\6BFEFCCA022BD3665ADB687D6789F1AB\hccc_table3\17.jpg
2020-04-06 13:49:20.6894  INFO - 이미지 변환 성공!
2020-04-06 13:49:20.7050  INFO - Source image: C:\Data\workspace\6BFEFCCA022BD3665ADB687D6789F1AB\hccc_table3.pdf
2020-04-06 13:49:20.7050  INFO - outFiles: C:\Data\workspace\6BFEFCCA022BD3665ADB687D6789F1AB\hccc_table3\18.jpg
2020-04-06 13:49:20.7831  INFO - 이미지 변환 성공!
2020-04-06 13:49:20.7987  INFO - Source image: C:\Data\workspace\6BFEFCCA022BD3665ADB687D6789F1AB\hccc_table3.pdf
2020-04-06 13:49:20.7987  INFO - outFiles: C:\Data\workspace\6BFEFCCA022BD3665ADB687D6789F1AB\hccc_table3\19.jpg
2020-04-06 13:49:20.8769  INFO - 이미지 변환 성공!
2020-04-06 13:49:20.8925  INFO - Source image: C:\Data\workspace\6BFEFCCA022BD3665ADB687D6789F1AB\hccc_table3.pdf
2020-04-06 13:49:20.8925  INFO - outFiles: C:\Data\workspace\6BFEFCCA022BD3665ADB687D6789F1AB\hccc_table3\20.jpg
2020-04-06 13:49:20.9862  INFO - 이미지 변환 성공!
2020-04-06 13:49:20.9862  INFO - Source image: C:\Data\workspace\6BFEFCCA022BD3665ADB687D6789F1AB\hccc_table3.pdf
2020-04-06 13:49:20.9862  INFO - outFiles: C:\Data\workspace\6BFEFCCA022BD3665ADB687D6789F1AB\hccc_table3\21.jpg
2020-04-06 13:49:21.1112  INFO - 이미지 변환 성공!
2020-04-06 13:49:21.1268  INFO - Source image: C:\Data\workspace\6BFEFCCA022BD3665ADB687D6789F1AB\hccc_table3.pdf
2020-04-06 13:49:21.1268  INFO - outFiles: C:\Data\workspace\6BFEFCCA022BD3665ADB687D6789F1AB\hccc_table3\22.jpg
2020-04-06 13:49:21.2362  INFO - 이미지 변환 성공!
2020-04-06 13:49:21.2518  INFO - Source image: C:\Data\workspace\6BFEFCCA022BD3665ADB687D6789F1AB\hccc_table3.pdf
2020-04-06 13:49:21.2518  INFO - outFiles: C:\Data\workspace\6BFEFCCA022BD3665ADB687D6789F1AB\hccc_table3\23.jpg
2020-04-06 13:49:21.3456  INFO - 이미지 변환 성공!
2020-04-06 13:49:21.3612  INFO - Source image: C:\Data\workspace\6BFEFCCA022BD3665ADB687D6789F1AB\hccc_table3.pdf
2020-04-06 13:49:21.3612  INFO - outFiles: C:\Data\workspace\6BFEFCCA022BD3665ADB687D6789F1AB\hccc_table3\24.jpg
2020-04-06 13:49:21.4393  INFO - 이미지 변환 성공!
2020-04-06 13:49:21.4549  INFO - Source image: C:\Data\workspace\6BFEFCCA022BD3665ADB687D6789F1AB\hccc_table3.pdf
2020-04-06 13:49:21.4549  INFO - outFiles: C:\Data\workspace\6BFEFCCA022BD3665ADB687D6789F1AB\hccc_table3\25.jpg
2020-04-06 13:49:21.5331  INFO - 이미지 변환 성공!
2020-04-06 13:49:21.5487  INFO - Source image: C:\Data\workspace\6BFEFCCA022BD3665ADB687D6789F1AB\hccc_table3.pdf
2020-04-06 13:49:21.5487  INFO - outFiles: C:\Data\workspace\6BFEFCCA022BD3665ADB687D6789F1AB\hccc_table3\26.jpg
2020-04-06 13:49:21.6268  INFO - 이미지 변환 성공!
2020-04-06 13:49:21.6424  INFO - Source image: C:\Data\workspace\6BFEFCCA022BD3665ADB687D6789F1AB\hccc_table3.pdf
2020-04-06 13:49:21.6424  INFO - outFiles: C:\Data\workspace\6BFEFCCA022BD3665ADB687D6789F1AB\hccc_table3\27.jpg
2020-04-06 13:49:21.7206  INFO - 이미지 변환 성공!
2020-04-06 13:49:21.7362  INFO - Source image: C:\Data\workspace\6BFEFCCA022BD3665ADB687D6789F1AB\hccc_table3.pdf
2020-04-06 13:49:21.7362  INFO - outFiles: C:\Data\workspace\6BFEFCCA022BD3665ADB687D6789F1AB\hccc_table3\28.jpg
2020-04-06 13:49:21.8299  INFO - 이미지 변환 성공!
2020-04-06 13:49:21.8299  INFO - Source image: C:\Data\workspace\6BFEFCCA022BD3665ADB687D6789F1AB\hccc_table3.pdf
2020-04-06 13:49:21.8299  INFO - outFiles: C:\Data\workspace\6BFEFCCA022BD3665ADB687D6789F1AB\hccc_table3\29.jpg
2020-04-06 13:49:21.9237  INFO - 이미지 변환 성공!
2020-04-06 13:49:21.9237  INFO - Source image: C:\Data\workspace\6BFEFCCA022BD3665ADB687D6789F1AB\hccc_table3.pdf
2020-04-06 13:49:21.9237  INFO - outFiles: C:\Data\workspace\6BFEFCCA022BD3665ADB687D6789F1AB\hccc_table3\30.jpg
2020-04-06 13:50:39.0960  INFO - ==================== Start ====================
2020-04-06 13:50:39.0960  INFO - Method: ExcelSaveAs, FilePath: C:\Data\workspace\E97C53FD600AEBF58206AB2C9065EC79\hccc_table.xlsx, outPath: C:\Data\workspace\E97C53FD600AEBF58206AB2C9065EC79\hccc_table.pdf, docPassword: 
2020-04-06 13:50:39.1116  INFO - 파일 언락 실패! 자세한내용 로그 참고
2020-04-06 13:50:44.4394  INFO - 변환 성공
2020-04-06 13:50:45.1737  INFO - ==================== End ====================
2020-04-06 13:50:45.5174  INFO - 이미지 변환 성공!
2020-04-06 13:50:45.5174  INFO - Source image: C:\Data\workspace\E97C53FD600AEBF58206AB2C9065EC79\hccc_table.pdf
2020-04-06 13:50:45.5330  INFO - outFiles: C:\Data\workspace\E97C53FD600AEBF58206AB2C9065EC79\hccc_table\1.jpg
2020-04-06 13:50:45.6580  INFO - 이미지 변환 성공!
2020-04-06 13:50:45.6580  INFO - Source image: C:\Data\workspace\E97C53FD600AEBF58206AB2C9065EC79\hccc_table.pdf
2020-04-06 13:50:45.6580  INFO - outFiles: C:\Data\workspace\E97C53FD600AEBF58206AB2C9065EC79\hccc_table\2.jpg
2020-04-06 13:50:45.7830  INFO - 이미지 변환 성공!
2020-04-06 13:50:45.7830  INFO - Source image: C:\Data\workspace\E97C53FD600AEBF58206AB2C9065EC79\hccc_table.pdf
2020-04-06 13:50:45.7987  INFO - outFiles: C:\Data\workspace\E97C53FD600AEBF58206AB2C9065EC79\hccc_table\3.jpg
2020-04-06 13:50:45.9080  INFO - 이미지 변환 성공!
2020-04-06 13:50:45.9080  INFO - Source image: C:\Data\workspace\E97C53FD600AEBF58206AB2C9065EC79\hccc_table.pdf
2020-04-06 13:50:45.9080  INFO - outFiles: C:\Data\workspace\E97C53FD600AEBF58206AB2C9065EC79\hccc_table\4.jpg
2020-04-06 13:50:46.0330  INFO - 이미지 변환 성공!
2020-04-06 13:50:46.0330  INFO - Source image: C:\Data\workspace\E97C53FD600AEBF58206AB2C9065EC79\hccc_table.pdf
2020-04-06 13:50:46.0486  INFO - outFiles: C:\Data\workspace\E97C53FD600AEBF58206AB2C9065EC79\hccc_table\5.jpg
2020-04-06 13:50:46.1736  INFO - 이미지 변환 성공!
2020-04-06 13:50:46.1736  INFO - Source image: C:\Data\workspace\E97C53FD600AEBF58206AB2C9065EC79\hccc_table.pdf
2020-04-06 13:50:46.1893  INFO - outFiles: C:\Data\workspace\E97C53FD600AEBF58206AB2C9065EC79\hccc_table\6.jpg
2020-04-06 13:50:46.3142  INFO - 이미지 변환 성공!
2020-04-06 13:50:46.3142  INFO - Source image: C:\Data\workspace\E97C53FD600AEBF58206AB2C9065EC79\hccc_table.pdf
2020-04-06 13:50:46.3299  INFO - outFiles: C:\Data\workspace\E97C53FD600AEBF58206AB2C9065EC79\hccc_table\7.jpg
2020-04-06 13:50:46.4236  INFO - 이미지 변환 성공!
2020-04-06 13:50:46.4392  INFO - Source image: C:\Data\workspace\E97C53FD600AEBF58206AB2C9065EC79\hccc_table.pdf
2020-04-06 13:50:46.4392  INFO - outFiles: C:\Data\workspace\E97C53FD600AEBF58206AB2C9065EC79\hccc_table\8.jpg
2020-04-06 13:50:46.5330  INFO - 이미지 변환 성공!
2020-04-06 13:50:46.5330  INFO - Source image: C:\Data\workspace\E97C53FD600AEBF58206AB2C9065EC79\hccc_table.pdf
2020-04-06 13:50:46.5486  INFO - outFiles: C:\Data\workspace\E97C53FD600AEBF58206AB2C9065EC79\hccc_table\9.jpg
2020-04-06 13:50:46.6424  INFO - 이미지 변환 성공!
2020-04-06 13:50:46.6580  INFO - Source image: C:\Data\workspace\E97C53FD600AEBF58206AB2C9065EC79\hccc_table.pdf
2020-04-06 13:50:46.6580  INFO - outFiles: C:\Data\workspace\E97C53FD600AEBF58206AB2C9065EC79\hccc_table\10.jpg
2020-04-06 13:50:46.7517  INFO - 이미지 변환 성공!
2020-04-06 13:50:46.7517  INFO - Source image: C:\Data\workspace\E97C53FD600AEBF58206AB2C9065EC79\hccc_table.pdf
2020-04-06 13:50:46.7673  INFO - outFiles: C:\Data\workspace\E97C53FD600AEBF58206AB2C9065EC79\hccc_table\11.jpg
2020-04-06 13:50:46.8611  INFO - 이미지 변환 성공!
2020-04-06 13:50:46.8767  INFO - Source image: C:\Data\workspace\E97C53FD600AEBF58206AB2C9065EC79\hccc_table.pdf
2020-04-06 13:50:46.8767  INFO - outFiles: C:\Data\workspace\E97C53FD600AEBF58206AB2C9065EC79\hccc_table\12.jpg
2020-04-06 13:50:46.9705  INFO - 이미지 변환 성공!
2020-04-06 13:50:46.9705  INFO - Source image: C:\Data\workspace\E97C53FD600AEBF58206AB2C9065EC79\hccc_table.pdf
2020-04-06 13:50:46.9861  INFO - outFiles: C:\Data\workspace\E97C53FD600AEBF58206AB2C9065EC79\hccc_table\13.jpg
2020-04-06 13:50:47.0798  INFO - 이미지 변환 성공!
2020-04-06 13:50:47.0954  INFO - Source image: C:\Data\workspace\E97C53FD600AEBF58206AB2C9065EC79\hccc_table.pdf
2020-04-06 13:50:47.0954  INFO - outFiles: C:\Data\workspace\E97C53FD600AEBF58206AB2C9065EC79\hccc_table\14.jpg
2020-04-06 13:50:47.1892  INFO - 이미지 변환 성공!
2020-04-06 13:50:47.1892  INFO - Source image: C:\Data\workspace\E97C53FD600AEBF58206AB2C9065EC79\hccc_table.pdf
2020-04-06 13:50:47.2048  INFO - outFiles: C:\Data\workspace\E97C53FD600AEBF58206AB2C9065EC79\hccc_table\15.jpg
2020-04-06 13:50:47.2985  INFO - 이미지 변환 성공!
2020-04-06 13:50:47.2985  INFO - Source image: C:\Data\workspace\E97C53FD600AEBF58206AB2C9065EC79\hccc_table.pdf
2020-04-06 13:50:47.3142  INFO - outFiles: C:\Data\workspace\E97C53FD600AEBF58206AB2C9065EC79\hccc_table\16.jpg
2020-04-06 13:50:47.4235  INFO - 이미지 변환 성공!
2020-04-06 13:50:47.4392  INFO - Source image: C:\Data\workspace\E97C53FD600AEBF58206AB2C9065EC79\hccc_table.pdf
2020-04-06 13:50:47.4392  INFO - outFiles: C:\Data\workspace\E97C53FD600AEBF58206AB2C9065EC79\hccc_table\17.jpg
2020-04-06 13:50:47.5642  INFO - 이미지 변환 성공!
2020-04-06 13:50:47.5798  INFO - Source image: C:\Data\workspace\E97C53FD600AEBF58206AB2C9065EC79\hccc_table.pdf
2020-04-06 13:50:47.5798  INFO - outFiles: C:\Data\workspace\E97C53FD600AEBF58206AB2C9065EC79\hccc_table\18.jpg
2020-04-06 13:50:47.6891  INFO - 이미지 변환 성공!
2020-04-06 13:50:47.7048  INFO - Source image: C:\Data\workspace\E97C53FD600AEBF58206AB2C9065EC79\hccc_table.pdf
2020-04-06 13:50:47.7048  INFO - outFiles: C:\Data\workspace\E97C53FD600AEBF58206AB2C9065EC79\hccc_table\19.jpg
2020-04-06 13:50:47.7985  INFO - 이미지 변환 성공!
2020-04-06 13:50:47.8141  INFO - Source image: C:\Data\workspace\E97C53FD600AEBF58206AB2C9065EC79\hccc_table.pdf
2020-04-06 13:50:47.8141  INFO - outFiles: C:\Data\workspace\E97C53FD600AEBF58206AB2C9065EC79\hccc_table\20.jpg
2020-04-06 13:50:47.9079  INFO - 이미지 변환 성공!
2020-04-06 13:50:47.9079  INFO - Source image: C:\Data\workspace\E97C53FD600AEBF58206AB2C9065EC79\hccc_table.pdf
2020-04-06 13:50:47.9235  INFO - outFiles: C:\Data\workspace\E97C53FD600AEBF58206AB2C9065EC79\hccc_table\21.jpg
2020-04-06 13:50:48.0173  INFO - 이미지 변환 성공!
2020-04-06 13:50:48.0173  INFO - Source image: C:\Data\workspace\E97C53FD600AEBF58206AB2C9065EC79\hccc_table.pdf
2020-04-06 13:50:48.0173  INFO - outFiles: C:\Data\workspace\E97C53FD600AEBF58206AB2C9065EC79\hccc_table\22.jpg
2020-04-06 13:50:48.1266  INFO - 이미지 변환 성공!
2020-04-06 13:50:48.1266  INFO - Source image: C:\Data\workspace\E97C53FD600AEBF58206AB2C9065EC79\hccc_table.pdf
2020-04-06 13:50:48.1422  INFO - outFiles: C:\Data\workspace\E97C53FD600AEBF58206AB2C9065EC79\hccc_table\23.jpg
2020-04-06 13:50:48.2360  INFO - 이미지 변환 성공!
2020-04-06 13:50:48.2360  INFO - Source image: C:\Data\workspace\E97C53FD600AEBF58206AB2C9065EC79\hccc_table.pdf
2020-04-06 13:50:48.2360  INFO - outFiles: C:\Data\workspace\E97C53FD600AEBF58206AB2C9065EC79\hccc_table\24.jpg
2020-04-06 13:50:48.3297  INFO - 이미지 변환 성공!
2020-04-06 13:50:48.3453  INFO - Source image: C:\Data\workspace\E97C53FD600AEBF58206AB2C9065EC79\hccc_table.pdf
2020-04-06 13:50:48.3453  INFO - outFiles: C:\Data\workspace\E97C53FD600AEBF58206AB2C9065EC79\hccc_table\25.jpg
2020-04-06 13:50:48.4391  INFO - 이미지 변환 성공!
2020-04-06 13:50:48.4547  INFO - Source image: C:\Data\workspace\E97C53FD600AEBF58206AB2C9065EC79\hccc_table.pdf
2020-04-06 13:50:48.4547  INFO - outFiles: C:\Data\workspace\E97C53FD600AEBF58206AB2C9065EC79\hccc_table\26.jpg
2020-04-06 13:50:48.5485  INFO - 이미지 변환 성공!
2020-04-06 13:50:48.5641  INFO - Source image: C:\Data\workspace\E97C53FD600AEBF58206AB2C9065EC79\hccc_table.pdf
2020-04-06 13:50:48.5641  INFO - outFiles: C:\Data\workspace\E97C53FD600AEBF58206AB2C9065EC79\hccc_table\27.jpg
2020-04-06 13:50:48.6891  INFO - 이미지 변환 성공!
2020-04-06 13:50:48.7047  INFO - Source image: C:\Data\workspace\E97C53FD600AEBF58206AB2C9065EC79\hccc_table.pdf
2020-04-06 13:50:48.7047  INFO - outFiles: C:\Data\workspace\E97C53FD600AEBF58206AB2C9065EC79\hccc_table\28.jpg
2020-04-06 13:50:48.8297  INFO - 이미지 변환 성공!
2020-04-06 13:50:48.8297  INFO - Source image: C:\Data\workspace\E97C53FD600AEBF58206AB2C9065EC79\hccc_table.pdf
2020-04-06 13:50:48.8297  INFO - outFiles: C:\Data\workspace\E97C53FD600AEBF58206AB2C9065EC79\hccc_table\29.jpg
2020-04-06 13:50:48.9703  INFO - 이미지 변환 성공!
2020-04-06 13:50:48.9703  INFO - Source image: C:\Data\workspace\E97C53FD600AEBF58206AB2C9065EC79\hccc_table.pdf
2020-04-06 13:50:48.9703  INFO - outFiles: C:\Data\workspace\E97C53FD600AEBF58206AB2C9065EC79\hccc_table\30.jpg
2020-04-06 13:50:49.0640  INFO - 이미지 변환 성공!
2020-04-06 13:50:49.0797  INFO - Source image: C:\Data\workspace\E97C53FD600AEBF58206AB2C9065EC79\hccc_table.pdf
2020-04-06 13:50:49.0797  INFO - outFiles: C:\Data\workspace\E97C53FD600AEBF58206AB2C9065EC79\hccc_table\31.jpg
2020-04-06 13:50:49.2203  INFO - 이미지 변환 성공!
2020-04-06 13:50:49.2203  INFO - Source image: C:\Data\workspace\E97C53FD600AEBF58206AB2C9065EC79\hccc_table.pdf
2020-04-06 13:50:49.2359  INFO - outFiles: C:\Data\workspace\E97C53FD600AEBF58206AB2C9065EC79\hccc_table\32.jpg
2020-04-06 13:50:49.3296  INFO - 이미지 변환 성공!
2020-04-06 13:50:49.3296  INFO - Source image: C:\Data\workspace\E97C53FD600AEBF58206AB2C9065EC79\hccc_table.pdf
2020-04-06 13:50:49.3296  INFO - outFiles: C:\Data\workspace\E97C53FD600AEBF58206AB2C9065EC79\hccc_table\33.jpg
2020-04-06 13:50:49.4390  INFO - 이미지 변환 성공!
2020-04-06 13:50:49.4547  INFO - Source image: C:\Data\workspace\E97C53FD600AEBF58206AB2C9065EC79\hccc_table.pdf
2020-04-06 13:50:49.4547  INFO - outFiles: C:\Data\workspace\E97C53FD600AEBF58206AB2C9065EC79\hccc_table\34.jpg
2020-04-06 13:50:49.5484  INFO - 이미지 변환 성공!
2020-04-06 13:50:49.5640  INFO - Source image: C:\Data\workspace\E97C53FD600AEBF58206AB2C9065EC79\hccc_table.pdf
2020-04-06 13:50:49.5640  INFO - outFiles: C:\Data\workspace\E97C53FD600AEBF58206AB2C9065EC79\hccc_table\35.jpg
2020-04-06 13:50:49.6734  INFO - 이미지 변환 성공!
2020-04-06 13:50:49.6734  INFO - Source image: C:\Data\workspace\E97C53FD600AEBF58206AB2C9065EC79\hccc_table.pdf
2020-04-06 13:50:49.6890  INFO - outFiles: C:\Data\workspace\E97C53FD600AEBF58206AB2C9065EC79\hccc_table\36.jpg
2020-04-06 13:50:49.7828  INFO - 이미지 변환 성공!
2020-04-06 13:50:49.7828  INFO - Source image: C:\Data\workspace\E97C53FD600AEBF58206AB2C9065EC79\hccc_table.pdf
2020-04-06 13:50:49.7828  INFO - outFiles: C:\Data\workspace\E97C53FD600AEBF58206AB2C9065EC79\hccc_table\37.jpg
2020-04-06 13:50:49.8921  INFO - 이미지 변환 성공!
2020-04-06 13:50:49.9077  INFO - Source image: C:\Data\workspace\E97C53FD600AEBF58206AB2C9065EC79\hccc_table.pdf
2020-04-06 13:50:49.9077  INFO - outFiles: C:\Data\workspace\E97C53FD600AEBF58206AB2C9065EC79\hccc_table\38.jpg
2020-04-06 13:50:50.0327  INFO - 이미지 변환 성공!
2020-04-06 13:50:50.0483  INFO - Source image: C:\Data\workspace\E97C53FD600AEBF58206AB2C9065EC79\hccc_table.pdf
2020-04-06 13:50:50.0483  INFO - outFiles: C:\Data\workspace\E97C53FD600AEBF58206AB2C9065EC79\hccc_table\39.jpg
2020-04-06 13:50:50.1733  INFO - 이미지 변환 성공!
2020-04-06 13:50:50.1733  INFO - Source image: C:\Data\workspace\E97C53FD600AEBF58206AB2C9065EC79\hccc_table.pdf
2020-04-06 13:50:50.1890  INFO - outFiles: C:\Data\workspace\E97C53FD600AEBF58206AB2C9065EC79\hccc_table\40.jpg
2020-04-06 13:50:50.3140  INFO - 이미지 변환 성공!
2020-04-06 13:50:50.3296  INFO - Source image: C:\Data\workspace\E97C53FD600AEBF58206AB2C9065EC79\hccc_table.pdf
2020-04-06 13:50:50.3296  INFO - outFiles: C:\Data\workspace\E97C53FD600AEBF58206AB2C9065EC79\hccc_table\41.jpg
2020-04-06 13:50:50.4233  INFO - 이미지 변환 성공!
2020-04-06 13:50:50.4233  INFO - Source image: C:\Data\workspace\E97C53FD600AEBF58206AB2C9065EC79\hccc_table.pdf
2020-04-06 13:50:50.4390  INFO - outFiles: C:\Data\workspace\E97C53FD600AEBF58206AB2C9065EC79\hccc_table\42.jpg
2020-04-06 13:50:50.5327  INFO - 이미지 변환 성공!
2020-04-06 13:50:50.5483  INFO - Source image: C:\Data\workspace\E97C53FD600AEBF58206AB2C9065EC79\hccc_table.pdf
2020-04-06 13:50:50.5483  INFO - outFiles: C:\Data\workspace\E97C53FD600AEBF58206AB2C9065EC79\hccc_table\43.jpg
2020-04-06 13:50:50.6421  INFO - 이미지 변환 성공!
2020-04-06 13:50:50.6421  INFO - Source image: C:\Data\workspace\E97C53FD600AEBF58206AB2C9065EC79\hccc_table.pdf
2020-04-06 13:50:50.6577  INFO - outFiles: C:\Data\workspace\E97C53FD600AEBF58206AB2C9065EC79\hccc_table\44.jpg
2020-04-06 13:50:50.7514  INFO - 이미지 변환 성공!
2020-04-06 13:50:50.7514  INFO - Source image: C:\Data\workspace\E97C53FD600AEBF58206AB2C9065EC79\hccc_table.pdf
2020-04-06 13:50:50.7670  INFO - outFiles: C:\Data\workspace\E97C53FD600AEBF58206AB2C9065EC79\hccc_table\45.jpg
2020-04-06 13:50:50.8608  INFO - 이미지 변환 성공!
2020-04-06 13:50:50.8608  INFO - Source image: C:\Data\workspace\E97C53FD600AEBF58206AB2C9065EC79\hccc_table.pdf
2020-04-06 13:50:50.8764  INFO - outFiles: C:\Data\workspace\E97C53FD600AEBF58206AB2C9065EC79\hccc_table\46.jpg
2020-04-06 13:50:50.9702  INFO - 이미지 변환 성공!
2020-04-06 13:50:50.9702  INFO - Source image: C:\Data\workspace\E97C53FD600AEBF58206AB2C9065EC79\hccc_table.pdf
2020-04-06 13:50:50.9858  INFO - outFiles: C:\Data\workspace\E97C53FD600AEBF58206AB2C9065EC79\hccc_table\47.jpg
2020-04-06 13:50:51.0795  INFO - 이미지 변환 성공!
2020-04-06 13:50:51.0951  INFO - Source image: C:\Data\workspace\E97C53FD600AEBF58206AB2C9065EC79\hccc_table.pdf
2020-04-06 13:50:51.0951  INFO - outFiles: C:\Data\workspace\E97C53FD600AEBF58206AB2C9065EC79\hccc_table\48.jpg
2020-04-06 13:50:51.1889  INFO - 이미지 변환 성공!
2020-04-06 13:50:51.2045  INFO - Source image: C:\Data\workspace\E97C53FD600AEBF58206AB2C9065EC79\hccc_table.pdf
2020-04-06 13:50:51.2045  INFO - outFiles: C:\Data\workspace\E97C53FD600AEBF58206AB2C9065EC79\hccc_table\49.jpg
2020-04-06 13:50:51.3139  INFO - 이미지 변환 성공!
2020-04-06 13:50:51.3295  INFO - Source image: C:\Data\workspace\E97C53FD600AEBF58206AB2C9065EC79\hccc_table.pdf
2020-04-06 13:50:51.3295  INFO - outFiles: C:\Data\workspace\E97C53FD600AEBF58206AB2C9065EC79\hccc_table\50.jpg
2020-04-06 13:50:51.4389  INFO - 이미지 변환 성공!
2020-04-06 13:50:51.4389  INFO - Source image: C:\Data\workspace\E97C53FD600AEBF58206AB2C9065EC79\hccc_table.pdf
2020-04-06 13:50:51.4389  INFO - outFiles: C:\Data\workspace\E97C53FD600AEBF58206AB2C9065EC79\hccc_table\51.jpg
2020-04-06 13:50:51.5639  INFO - 이미지 변환 성공!
2020-04-06 13:50:51.5795  INFO - Source image: C:\Data\workspace\E97C53FD600AEBF58206AB2C9065EC79\hccc_table.pdf
2020-04-06 13:50:51.5795  INFO - outFiles: C:\Data\workspace\E97C53FD600AEBF58206AB2C9065EC79\hccc_table\52.jpg
2020-04-06 13:50:51.6889  INFO - 이미지 변환 성공!
2020-04-06 13:50:51.6889  INFO - Source image: C:\Data\workspace\E97C53FD600AEBF58206AB2C9065EC79\hccc_table.pdf
2020-04-06 13:50:51.6889  INFO - outFiles: C:\Data\workspace\E97C53FD600AEBF58206AB2C9065EC79\hccc_table\53.jpg
2020-04-06 13:50:51.7982  INFO - 이미지 변환 성공!
2020-04-06 13:50:51.7982  INFO - Source image: C:\Data\workspace\E97C53FD600AEBF58206AB2C9065EC79\hccc_table.pdf
2020-04-06 13:50:51.7982  INFO - outFiles: C:\Data\workspace\E97C53FD600AEBF58206AB2C9065EC79\hccc_table\54.jpg
2020-04-06 13:50:51.8920  INFO - 이미지 변환 성공!
2020-04-06 13:50:51.9076  INFO - Source image: C:\Data\workspace\E97C53FD600AEBF58206AB2C9065EC79\hccc_table.pdf
2020-04-06 13:50:51.9076  INFO - outFiles: C:\Data\workspace\E97C53FD600AEBF58206AB2C9065EC79\hccc_table\55.jpg
2020-04-06 13:50:52.0013  INFO - 이미지 변환 성공!
2020-04-06 13:50:52.0170  INFO - Source image: C:\Data\workspace\E97C53FD600AEBF58206AB2C9065EC79\hccc_table.pdf
2020-04-06 13:50:52.0170  INFO - outFiles: C:\Data\workspace\E97C53FD600AEBF58206AB2C9065EC79\hccc_table\56.jpg
2020-04-06 13:50:52.1107  INFO - 이미지 변환 성공!
2020-04-06 13:50:52.1107  INFO - Source image: C:\Data\workspace\E97C53FD600AEBF58206AB2C9065EC79\hccc_table.pdf
2020-04-06 13:50:52.1263  INFO - outFiles: C:\Data\workspace\E97C53FD600AEBF58206AB2C9065EC79\hccc_table\57.jpg
2020-04-06 13:50:52.2201  INFO - 이미지 변환 성공!
2020-04-06 13:50:52.2201  INFO - Source image: C:\Data\workspace\E97C53FD600AEBF58206AB2C9065EC79\hccc_table.pdf
2020-04-06 13:50:52.2357  INFO - outFiles: C:\Data\workspace\E97C53FD600AEBF58206AB2C9065EC79\hccc_table\58.jpg
2020-04-06 13:50:52.3294  INFO - 이미지 변환 성공!
2020-04-06 13:50:52.3294  INFO - Source image: C:\Data\workspace\E97C53FD600AEBF58206AB2C9065EC79\hccc_table.pdf
2020-04-06 13:50:52.3451  INFO - outFiles: C:\Data\workspace\E97C53FD600AEBF58206AB2C9065EC79\hccc_table\59.jpg
2020-04-06 13:50:52.4388  INFO - 이미지 변환 성공!
2020-04-06 13:50:52.4388  INFO - Source image: C:\Data\workspace\E97C53FD600AEBF58206AB2C9065EC79\hccc_table.pdf
2020-04-06 13:50:52.4544  INFO - outFiles: C:\Data\workspace\E97C53FD600AEBF58206AB2C9065EC79\hccc_table\60.jpg
2020-04-06 13:50:52.5638  INFO - 이미지 변환 성공!
2020-04-06 13:50:52.5638  INFO - Source image: C:\Data\workspace\E97C53FD600AEBF58206AB2C9065EC79\hccc_table.pdf
2020-04-06 13:50:52.5638  INFO - outFiles: C:\Data\workspace\E97C53FD600AEBF58206AB2C9065EC79\hccc_table\61.jpg
2020-04-06 13:50:52.6888  INFO - 이미지 변환 성공!
2020-04-06 13:50:52.6888  INFO - Source image: C:\Data\workspace\E97C53FD600AEBF58206AB2C9065EC79\hccc_table.pdf
2020-04-06 13:50:52.7044  INFO - outFiles: C:\Data\workspace\E97C53FD600AEBF58206AB2C9065EC79\hccc_table\62.jpg
2020-04-06 13:50:52.8294  INFO - 이미지 변환 성공!
2020-04-06 13:50:52.8294  INFO - Source image: C:\Data\workspace\E97C53FD600AEBF58206AB2C9065EC79\hccc_table.pdf
2020-04-06 13:50:52.8450  INFO - outFiles: C:\Data\workspace\E97C53FD600AEBF58206AB2C9065EC79\hccc_table\63.jpg
2020-04-06 13:50:52.9544  INFO - 이미지 변환 성공!
2020-04-06 13:50:52.9544  INFO - Source image: C:\Data\workspace\E97C53FD600AEBF58206AB2C9065EC79\hccc_table.pdf
2020-04-06 13:50:52.9700  INFO - outFiles: C:\Data\workspace\E97C53FD600AEBF58206AB2C9065EC79\hccc_table\64.jpg
2020-04-06 13:50:53.0638  INFO - 이미지 변환 성공!
2020-04-06 13:50:53.0638  INFO - Source image: C:\Data\workspace\E97C53FD600AEBF58206AB2C9065EC79\hccc_table.pdf
2020-04-06 13:50:53.0794  INFO - outFiles: C:\Data\workspace\E97C53FD600AEBF58206AB2C9065EC79\hccc_table\65.jpg
2020-04-06 13:50:53.1731  INFO - 이미지 변환 성공!
2020-04-06 13:50:53.1731  INFO - Source image: C:\Data\workspace\E97C53FD600AEBF58206AB2C9065EC79\hccc_table.pdf
2020-04-06 13:50:53.1887  INFO - outFiles: C:\Data\workspace\E97C53FD600AEBF58206AB2C9065EC79\hccc_table\66.jpg
2020-04-06 13:50:53.2825  INFO - 이미지 변환 성공!
2020-04-06 13:50:53.2825  INFO - Source image: C:\Data\workspace\E97C53FD600AEBF58206AB2C9065EC79\hccc_table.pdf
2020-04-06 13:50:53.2825  INFO - outFiles: C:\Data\workspace\E97C53FD600AEBF58206AB2C9065EC79\hccc_table\67.jpg
2020-04-06 13:50:53.3919  INFO - 이미지 변환 성공!
2020-04-06 13:50:53.3919  INFO - Source image: C:\Data\workspace\E97C53FD600AEBF58206AB2C9065EC79\hccc_table.pdf
2020-04-06 13:50:53.3919  INFO - outFiles: C:\Data\workspace\E97C53FD600AEBF58206AB2C9065EC79\hccc_table\68.jpg
2020-04-06 13:50:53.4856  INFO - 이미지 변환 성공!
2020-04-06 13:50:53.4856  INFO - Source image: C:\Data\workspace\E97C53FD600AEBF58206AB2C9065EC79\hccc_table.pdf
2020-04-06 13:50:53.5012  INFO - outFiles: C:\Data\workspace\E97C53FD600AEBF58206AB2C9065EC79\hccc_table\69.jpg
2020-04-06 13:50:53.5950  INFO - 이미지 변환 성공!
2020-04-06 13:50:53.6106  INFO - Source image: C:\Data\workspace\E97C53FD600AEBF58206AB2C9065EC79\hccc_table.pdf
2020-04-06 13:50:53.6106  INFO - outFiles: C:\Data\workspace\E97C53FD600AEBF58206AB2C9065EC79\hccc_table\70.jpg
2020-04-06 13:50:53.7043  INFO - 이미지 변환 성공!
2020-04-06 13:50:53.7043  INFO - Source image: C:\Data\workspace\E97C53FD600AEBF58206AB2C9065EC79\hccc_table.pdf
2020-04-06 13:50:53.7200  INFO - outFiles: C:\Data\workspace\E97C53FD600AEBF58206AB2C9065EC79\hccc_table\71.jpg
2020-04-06 13:50:53.8137  INFO - 이미지 변환 성공!
2020-04-06 13:50:53.8137  INFO - Source image: C:\Data\workspace\E97C53FD600AEBF58206AB2C9065EC79\hccc_table.pdf
2020-04-06 13:50:53.8293  INFO - outFiles: C:\Data\workspace\E97C53FD600AEBF58206AB2C9065EC79\hccc_table\72.jpg
2020-04-06 13:50:53.9231  INFO - 이미지 변환 성공!
2020-04-06 13:50:53.9231  INFO - Source image: C:\Data\workspace\E97C53FD600AEBF58206AB2C9065EC79\hccc_table.pdf
2020-04-06 13:50:53.9387  INFO - outFiles: C:\Data\workspace\E97C53FD600AEBF58206AB2C9065EC79\hccc_table\73.jpg
2020-04-06 13:50:54.0793  INFO - 이미지 변환 성공!
2020-04-06 13:50:54.0949  INFO - Source image: C:\Data\workspace\E97C53FD600AEBF58206AB2C9065EC79\hccc_table.pdf
2020-04-06 13:50:54.0949  INFO - outFiles: C:\Data\workspace\E97C53FD600AEBF58206AB2C9065EC79\hccc_table\74.jpg
2020-04-06 13:50:54.2355  INFO - 이미지 변환 성공!
2020-04-06 13:50:54.2512  INFO - Source image: C:\Data\workspace\E97C53FD600AEBF58206AB2C9065EC79\hccc_table.pdf
2020-04-06 13:50:54.2512  INFO - outFiles: C:\Data\workspace\E97C53FD600AEBF58206AB2C9065EC79\hccc_table\75.jpg
2020-04-06 13:50:54.3449  INFO - 이미지 변환 성공!
2020-04-06 13:50:54.3449  INFO - Source image: C:\Data\workspace\E97C53FD600AEBF58206AB2C9065EC79\hccc_table.pdf
2020-04-06 13:50:54.3449  INFO - outFiles: C:\Data\workspace\E97C53FD600AEBF58206AB2C9065EC79\hccc_table\76.jpg
2020-04-06 13:50:54.4543  INFO - 이미지 변환 성공!
2020-04-06 13:50:54.4543  INFO - Source image: C:\Data\workspace\E97C53FD600AEBF58206AB2C9065EC79\hccc_table.pdf
2020-04-06 13:50:54.4543  INFO - outFiles: C:\Data\workspace\E97C53FD600AEBF58206AB2C9065EC79\hccc_table\77.jpg
2020-04-06 13:50:54.5480  INFO - 이미지 변환 성공!
2020-04-06 13:50:54.5636  INFO - Source image: C:\Data\workspace\E97C53FD600AEBF58206AB2C9065EC79\hccc_table.pdf
2020-04-06 13:50:54.5636  INFO - outFiles: C:\Data\workspace\E97C53FD600AEBF58206AB2C9065EC79\hccc_table\78.jpg
2020-04-06 13:50:54.6574  INFO - 이미지 변환 성공!
2020-04-06 13:50:54.6730  INFO - Source image: C:\Data\workspace\E97C53FD600AEBF58206AB2C9065EC79\hccc_table.pdf
2020-04-06 13:50:54.6730  INFO - outFiles: C:\Data\workspace\E97C53FD600AEBF58206AB2C9065EC79\hccc_table\79.jpg
2020-04-06 13:50:54.7668  INFO - 이미지 변환 성공!
2020-04-06 13:50:54.7668  INFO - Source image: C:\Data\workspace\E97C53FD600AEBF58206AB2C9065EC79\hccc_table.pdf
2020-04-06 13:50:54.7824  INFO - outFiles: C:\Data\workspace\E97C53FD600AEBF58206AB2C9065EC79\hccc_table\80.jpg
2020-04-06 13:50:54.8761  INFO - 이미지 변환 성공!
2020-04-06 13:50:54.8917  INFO - Source image: C:\Data\workspace\E97C53FD600AEBF58206AB2C9065EC79\hccc_table.pdf
2020-04-06 13:50:54.8917  INFO - outFiles: C:\Data\workspace\E97C53FD600AEBF58206AB2C9065EC79\hccc_table\81.jpg
2020-04-06 13:50:54.9855  INFO - 이미지 변환 성공!
2020-04-06 13:50:55.0011  INFO - Source image: C:\Data\workspace\E97C53FD600AEBF58206AB2C9065EC79\hccc_table.pdf
2020-04-06 13:50:55.0011  INFO - outFiles: C:\Data\workspace\E97C53FD600AEBF58206AB2C9065EC79\hccc_table\82.jpg
2020-04-06 13:50:55.0949  INFO - 이미지 변환 성공!
2020-04-06 13:50:55.1105  INFO - Source image: C:\Data\workspace\E97C53FD600AEBF58206AB2C9065EC79\hccc_table.pdf
2020-04-06 13:50:55.1105  INFO - outFiles: C:\Data\workspace\E97C53FD600AEBF58206AB2C9065EC79\hccc_table\83.jpg
2020-04-06 13:50:55.2042  INFO - 이미지 변환 성공!
2020-04-06 13:50:55.2042  INFO - Source image: C:\Data\workspace\E97C53FD600AEBF58206AB2C9065EC79\hccc_table.pdf
2020-04-06 13:50:55.2042  INFO - outFiles: C:\Data\workspace\E97C53FD600AEBF58206AB2C9065EC79\hccc_table\84.jpg
2020-04-06 13:50:55.3136  INFO - 이미지 변환 성공!
2020-04-06 13:50:55.3292  INFO - Source image: C:\Data\workspace\E97C53FD600AEBF58206AB2C9065EC79\hccc_table.pdf
2020-04-06 13:50:55.3292  INFO - outFiles: C:\Data\workspace\E97C53FD600AEBF58206AB2C9065EC79\hccc_table\85.jpg
2020-04-06 13:50:55.4386  INFO - 이미지 변환 성공!
2020-04-06 13:50:55.4542  INFO - Source image: C:\Data\workspace\E97C53FD600AEBF58206AB2C9065EC79\hccc_table.pdf
2020-04-06 13:50:55.4542  INFO - outFiles: C:\Data\workspace\E97C53FD600AEBF58206AB2C9065EC79\hccc_table\86.jpg
2020-04-06 13:50:55.5636  INFO - 이미지 변환 성공!
2020-04-06 13:50:55.5636  INFO - Source image: C:\Data\workspace\E97C53FD600AEBF58206AB2C9065EC79\hccc_table.pdf
2020-04-06 13:50:55.5792  INFO - outFiles: C:\Data\workspace\E97C53FD600AEBF58206AB2C9065EC79\hccc_table\87.jpg
2020-04-06 13:50:55.6729  INFO - 이미지 변환 성공!
2020-04-06 13:50:55.6729  INFO - Source image: C:\Data\workspace\E97C53FD600AEBF58206AB2C9065EC79\hccc_table.pdf
2020-04-06 13:50:55.6886  INFO - outFiles: C:\Data\workspace\E97C53FD600AEBF58206AB2C9065EC79\hccc_table\88.jpg
2020-04-06 13:50:55.7667  INFO - 이미지 변환 성공!
2020-04-06 13:50:55.7667  INFO - Source image: C:\Data\workspace\E97C53FD600AEBF58206AB2C9065EC79\hccc_table.pdf
2020-04-06 13:50:55.7823  INFO - outFiles: C:\Data\workspace\E97C53FD600AEBF58206AB2C9065EC79\hccc_table\89.jpg
2020-04-06 13:50:55.8760  INFO - 이미지 변환 성공!
2020-04-06 13:50:55.8760  INFO - Source image: C:\Data\workspace\E97C53FD600AEBF58206AB2C9065EC79\hccc_table.pdf
2020-04-06 13:50:55.8917  INFO - outFiles: C:\Data\workspace\E97C53FD600AEBF58206AB2C9065EC79\hccc_table\90.jpg
2020-04-06 13:50:55.9698  INFO - 이미지 변환 성공!
2020-04-06 13:50:55.9854  INFO - Source image: C:\Data\workspace\E97C53FD600AEBF58206AB2C9065EC79\hccc_table.pdf
2020-04-06 13:50:55.9854  INFO - outFiles: C:\Data\workspace\E97C53FD600AEBF58206AB2C9065EC79\hccc_table\91.jpg
2020-04-06 13:50:56.0792  INFO - 이미지 변환 성공!
2020-04-06 13:50:56.0948  INFO - Source image: C:\Data\workspace\E97C53FD600AEBF58206AB2C9065EC79\hccc_table.pdf
2020-04-06 13:50:56.0948  INFO - outFiles: C:\Data\workspace\E97C53FD600AEBF58206AB2C9065EC79\hccc_table\92.jpg
2020-04-06 13:50:56.1885  INFO - 이미지 변환 성공!
2020-04-06 13:50:56.2041  INFO - Source image: C:\Data\workspace\E97C53FD600AEBF58206AB2C9065EC79\hccc_table.pdf
2020-04-06 13:50:56.2041  INFO - outFiles: C:\Data\workspace\E97C53FD600AEBF58206AB2C9065EC79\hccc_table\93.jpg
2020-04-06 13:50:56.2979  INFO - 이미지 변환 성공!
2020-04-06 13:50:56.2979  INFO - Source image: C:\Data\workspace\E97C53FD600AEBF58206AB2C9065EC79\hccc_table.pdf
2020-04-06 13:50:56.3135  INFO - outFiles: C:\Data\workspace\E97C53FD600AEBF58206AB2C9065EC79\hccc_table\94.jpg
2020-04-06 13:50:56.4073  INFO - 이미지 변환 성공!
2020-04-06 13:50:56.4073  INFO - Source image: C:\Data\workspace\E97C53FD600AEBF58206AB2C9065EC79\hccc_table.pdf
2020-04-06 13:50:56.4229  INFO - outFiles: C:\Data\workspace\E97C53FD600AEBF58206AB2C9065EC79\hccc_table\95.jpg
2020-04-06 13:50:56.5166  INFO - 이미지 변환 성공!
2020-04-06 13:50:56.5166  INFO - Source image: C:\Data\workspace\E97C53FD600AEBF58206AB2C9065EC79\hccc_table.pdf
2020-04-06 13:50:56.5166  INFO - outFiles: C:\Data\workspace\E97C53FD600AEBF58206AB2C9065EC79\hccc_table\96.jpg
2020-04-06 13:50:56.6416  INFO - 이미지 변환 성공!
2020-04-06 13:50:56.6416  INFO - Source image: C:\Data\workspace\E97C53FD600AEBF58206AB2C9065EC79\hccc_table.pdf
2020-04-06 13:50:56.6572  INFO - outFiles: C:\Data\workspace\E97C53FD600AEBF58206AB2C9065EC79\hccc_table\97.jpg
2020-04-06 13:50:56.7822  INFO - 이미지 변환 성공!
2020-04-06 13:50:56.7822  INFO - Source image: C:\Data\workspace\E97C53FD600AEBF58206AB2C9065EC79\hccc_table.pdf
2020-04-06 13:50:56.7822  INFO - outFiles: C:\Data\workspace\E97C53FD600AEBF58206AB2C9065EC79\hccc_table\98.jpg
2020-04-06 13:50:56.8916  INFO - 이미지 변환 성공!
2020-04-06 13:50:56.9072  INFO - Source image: C:\Data\workspace\E97C53FD600AEBF58206AB2C9065EC79\hccc_table.pdf
2020-04-06 13:50:56.9072  INFO - outFiles: C:\Data\workspace\E97C53FD600AEBF58206AB2C9065EC79\hccc_table\99.jpg
2020-04-06 13:50:57.0166  INFO - 이미지 변환 성공!
2020-04-06 13:50:57.0166  INFO - Source image: C:\Data\workspace\E97C53FD600AEBF58206AB2C9065EC79\hccc_table.pdf
2020-04-06 13:50:57.0166  INFO - outFiles: C:\Data\workspace\E97C53FD600AEBF58206AB2C9065EC79\hccc_table\100.jpg
2020-04-06 13:50:57.1103  INFO - 이미지 변환 성공!
2020-04-06 13:50:57.1260  INFO - Source image: C:\Data\workspace\E97C53FD600AEBF58206AB2C9065EC79\hccc_table.pdf
2020-04-06 13:50:57.1260  INFO - outFiles: C:\Data\workspace\E97C53FD600AEBF58206AB2C9065EC79\hccc_table\101.jpg
2020-04-06 13:50:57.2197  INFO - 이미지 변환 성공!
2020-04-06 13:50:57.2197  INFO - Source image: C:\Data\workspace\E97C53FD600AEBF58206AB2C9065EC79\hccc_table.pdf
2020-04-06 13:50:57.2197  INFO - outFiles: C:\Data\workspace\E97C53FD600AEBF58206AB2C9065EC79\hccc_table\102.jpg
2020-04-06 13:50:57.3135  INFO - 이미지 변환 성공!
2020-04-06 13:50:57.3291  INFO - Source image: C:\Data\workspace\E97C53FD600AEBF58206AB2C9065EC79\hccc_table.pdf
2020-04-06 13:50:57.3291  INFO - outFiles: C:\Data\workspace\E97C53FD600AEBF58206AB2C9065EC79\hccc_table\103.jpg
2020-04-06 13:50:57.4228  INFO - 이미지 변환 성공!
2020-04-06 13:50:57.4384  INFO - Source image: C:\Data\workspace\E97C53FD600AEBF58206AB2C9065EC79\hccc_table.pdf
2020-04-06 13:50:57.4384  INFO - outFiles: C:\Data\workspace\E97C53FD600AEBF58206AB2C9065EC79\hccc_table\104.jpg
2020-04-06 13:50:57.5322  INFO - 이미지 변환 성공!
2020-04-06 13:50:57.5322  INFO - Source image: C:\Data\workspace\E97C53FD600AEBF58206AB2C9065EC79\hccc_table.pdf
2020-04-06 13:50:57.5322  INFO - outFiles: C:\Data\workspace\E97C53FD600AEBF58206AB2C9065EC79\hccc_table\105.jpg
2020-04-06 13:50:57.6259  INFO - 이미지 변환 성공!
2020-04-06 13:50:57.6415  INFO - Source image: C:\Data\workspace\E97C53FD600AEBF58206AB2C9065EC79\hccc_table.pdf
2020-04-06 13:50:57.6415  INFO - outFiles: C:\Data\workspace\E97C53FD600AEBF58206AB2C9065EC79\hccc_table\106.jpg
2020-04-06 13:50:57.7353  INFO - 이미지 변환 성공!
2020-04-06 13:50:57.7353  INFO - Source image: C:\Data\workspace\E97C53FD600AEBF58206AB2C9065EC79\hccc_table.pdf
2020-04-06 13:50:57.7509  INFO - outFiles: C:\Data\workspace\E97C53FD600AEBF58206AB2C9065EC79\hccc_table\107.jpg
2020-04-06 13:50:57.8290  INFO - 이미지 변환 성공!
2020-04-06 13:50:57.8447  INFO - Source image: C:\Data\workspace\E97C53FD600AEBF58206AB2C9065EC79\hccc_table.pdf
2020-04-06 13:50:57.8447  INFO - outFiles: C:\Data\workspace\E97C53FD600AEBF58206AB2C9065EC79\hccc_table\108.jpg
2020-04-06 13:50:57.9696  INFO - 이미지 변환 성공!
2020-04-06 13:50:57.9853  INFO - Source image: C:\Data\workspace\E97C53FD600AEBF58206AB2C9065EC79\hccc_table.pdf
2020-04-06 13:50:57.9853  INFO - outFiles: C:\Data\workspace\E97C53FD600AEBF58206AB2C9065EC79\hccc_table\109.jpg
2020-04-06 13:50:58.0947  INFO - 이미지 변환 성공!
2020-04-06 13:50:58.1103  INFO - Source image: C:\Data\workspace\E97C53FD600AEBF58206AB2C9065EC79\hccc_table.pdf
2020-04-06 13:50:58.1103  INFO - outFiles: C:\Data\workspace\E97C53FD600AEBF58206AB2C9065EC79\hccc_table\110.jpg
2020-04-06 13:50:58.2196  INFO - 이미지 변환 성공!
2020-04-06 13:50:58.2196  INFO - Source image: C:\Data\workspace\E97C53FD600AEBF58206AB2C9065EC79\hccc_table.pdf
2020-04-06 13:50:58.2353  INFO - outFiles: C:\Data\workspace\E97C53FD600AEBF58206AB2C9065EC79\hccc_table\111.jpg
2020-04-06 13:50:58.3134  INFO - 이미지 변환 성공!
2020-04-06 13:50:58.3290  INFO - Source image: C:\Data\workspace\E97C53FD600AEBF58206AB2C9065EC79\hccc_table.pdf
2020-04-06 13:50:58.3290  INFO - outFiles: C:\Data\workspace\E97C53FD600AEBF58206AB2C9065EC79\hccc_table\112.jpg
2020-04-06 13:50:58.4384  INFO - 이미지 변환 성공!
2020-04-06 13:50:58.4384  INFO - Source image: C:\Data\workspace\E97C53FD600AEBF58206AB2C9065EC79\hccc_table.pdf
2020-04-06 13:50:58.4384  INFO - outFiles: C:\Data\workspace\E97C53FD600AEBF58206AB2C9065EC79\hccc_table\113.jpg
2020-04-06 13:50:58.5321  INFO - 이미지 변환 성공!
2020-04-06 13:50:58.5477  INFO - Source image: C:\Data\workspace\E97C53FD600AEBF58206AB2C9065EC79\hccc_table.pdf
2020-04-06 13:50:58.5477  INFO - outFiles: C:\Data\workspace\E97C53FD600AEBF58206AB2C9065EC79\hccc_table\114.jpg
2020-04-06 13:50:58.6571  INFO - 이미지 변환 성공!
2020-04-06 13:50:58.6571  INFO - Source image: C:\Data\workspace\E97C53FD600AEBF58206AB2C9065EC79\hccc_table.pdf
2020-04-06 13:50:58.6571  INFO - outFiles: C:\Data\workspace\E97C53FD600AEBF58206AB2C9065EC79\hccc_table\115.jpg
2020-04-06 13:50:58.7509  INFO - 이미지 변환 성공!
2020-04-06 13:50:58.7665  INFO - Source image: C:\Data\workspace\E97C53FD600AEBF58206AB2C9065EC79\hccc_table.pdf
2020-04-06 13:50:58.7665  INFO - outFiles: C:\Data\workspace\E97C53FD600AEBF58206AB2C9065EC79\hccc_table\116.jpg
2020-04-06 13:50:58.8602  INFO - 이미지 변환 성공!
2020-04-06 13:50:58.8758  INFO - Source image: C:\Data\workspace\E97C53FD600AEBF58206AB2C9065EC79\hccc_table.pdf
2020-04-06 13:50:58.8758  INFO - outFiles: C:\Data\workspace\E97C53FD600AEBF58206AB2C9065EC79\hccc_table\117.jpg
2020-04-06 13:50:58.9696  INFO - 이미지 변환 성공!
2020-04-06 13:50:58.9696  INFO - Source image: C:\Data\workspace\E97C53FD600AEBF58206AB2C9065EC79\hccc_table.pdf
2020-04-06 13:50:58.9696  INFO - outFiles: C:\Data\workspace\E97C53FD600AEBF58206AB2C9065EC79\hccc_table\118.jpg
2020-04-06 13:50:59.0633  INFO - 이미지 변환 성공!
2020-04-06 13:50:59.0789  INFO - Source image: C:\Data\workspace\E97C53FD600AEBF58206AB2C9065EC79\hccc_table.pdf
2020-04-06 13:50:59.0789  INFO - outFiles: C:\Data\workspace\E97C53FD600AEBF58206AB2C9065EC79\hccc_table\119.jpg
2020-04-06 13:50:59.1727  INFO - 이미지 변환 성공!
2020-04-06 13:50:59.1727  INFO - Source image: C:\Data\workspace\E97C53FD600AEBF58206AB2C9065EC79\hccc_table.pdf
2020-04-06 13:50:59.1883  INFO - outFiles: C:\Data\workspace\E97C53FD600AEBF58206AB2C9065EC79\hccc_table\120.jpg
2020-04-06 13:50:59.3133  INFO - 이미지 변환 성공!
2020-04-06 13:50:59.3133  INFO - Source image: C:\Data\workspace\E97C53FD600AEBF58206AB2C9065EC79\hccc_table.pdf
2020-04-06 13:50:59.3133  INFO - outFiles: C:\Data\workspace\E97C53FD600AEBF58206AB2C9065EC79\hccc_table\121.jpg
2020-04-06 13:50:59.4383  INFO - 이미지 변환 성공!
2020-04-06 13:50:59.4539  INFO - Source image: C:\Data\workspace\E97C53FD600AEBF58206AB2C9065EC79\hccc_table.pdf
2020-04-06 13:50:59.4539  INFO - outFiles: C:\Data\workspace\E97C53FD600AEBF58206AB2C9065EC79\hccc_table\122.jpg
2020-04-06 13:50:59.5789  INFO - 이미지 변환 성공!
2020-04-06 13:50:59.5789  INFO - Source image: C:\Data\workspace\E97C53FD600AEBF58206AB2C9065EC79\hccc_table.pdf
2020-04-06 13:50:59.5789  INFO - outFiles: C:\Data\workspace\E97C53FD600AEBF58206AB2C9065EC79\hccc_table\123.jpg
2020-04-06 13:50:59.6883  INFO - 이미지 변환 성공!
2020-04-06 13:50:59.6883  INFO - Source image: C:\Data\workspace\E97C53FD600AEBF58206AB2C9065EC79\hccc_table.pdf
2020-04-06 13:50:59.6883  INFO - outFiles: C:\Data\workspace\E97C53FD600AEBF58206AB2C9065EC79\hccc_table\124.jpg
2020-04-06 13:50:59.7820  INFO - 이미지 변환 성공!
2020-04-06 13:50:59.7820  INFO - Source image: C:\Data\workspace\E97C53FD600AEBF58206AB2C9065EC79\hccc_table.pdf
2020-04-06 13:50:59.7977  INFO - outFiles: C:\Data\workspace\E97C53FD600AEBF58206AB2C9065EC79\hccc_table\125.jpg
2020-04-06 13:50:59.8914  INFO - 이미지 변환 성공!
2020-04-06 13:50:59.8914  INFO - Source image: C:\Data\workspace\E97C53FD600AEBF58206AB2C9065EC79\hccc_table.pdf
2020-04-06 13:50:59.9070  INFO - outFiles: C:\Data\workspace\E97C53FD600AEBF58206AB2C9065EC79\hccc_table\126.jpg
2020-04-06 13:51:00.0008  INFO - 이미지 변환 성공!
2020-04-06 13:51:00.0008  INFO - Source image: C:\Data\workspace\E97C53FD600AEBF58206AB2C9065EC79\hccc_table.pdf
2020-04-06 13:51:00.0008  INFO - outFiles: C:\Data\workspace\E97C53FD600AEBF58206AB2C9065EC79\hccc_table\127.jpg
2020-04-06 13:51:00.1101  INFO - 이미지 변환 성공!
2020-04-06 13:51:00.1257  INFO - Source image: C:\Data\workspace\E97C53FD600AEBF58206AB2C9065EC79\hccc_table.pdf
2020-04-06 13:51:00.1257  INFO - outFiles: C:\Data\workspace\E97C53FD600AEBF58206AB2C9065EC79\hccc_table\128.jpg
2020-04-06 13:51:00.2195  INFO - 이미지 변환 성공!
2020-04-06 13:51:00.2195  INFO - Source image: C:\Data\workspace\E97C53FD600AEBF58206AB2C9065EC79\hccc_table.pdf
2020-04-06 13:51:00.2351  INFO - outFiles: C:\Data\workspace\E97C53FD600AEBF58206AB2C9065EC79\hccc_table\129.jpg
2020-04-06 13:51:00.3288  INFO - 이미지 변환 성공!
2020-04-06 13:51:00.3288  INFO - Source image: C:\Data\workspace\E97C53FD600AEBF58206AB2C9065EC79\hccc_table.pdf
2020-04-06 13:51:00.3445  INFO - outFiles: C:\Data\workspace\E97C53FD600AEBF58206AB2C9065EC79\hccc_table\130.jpg
2020-04-06 13:51:00.4382  INFO - 이미지 변환 성공!
2020-04-06 13:51:00.4382  INFO - Source image: C:\Data\workspace\E97C53FD600AEBF58206AB2C9065EC79\hccc_table.pdf
2020-04-06 13:51:00.4382  INFO - outFiles: C:\Data\workspace\E97C53FD600AEBF58206AB2C9065EC79\hccc_table\131.jpg
2020-04-06 13:51:00.5476  INFO - 이미지 변환 성공!
2020-04-06 13:51:00.5476  INFO - Source image: C:\Data\workspace\E97C53FD600AEBF58206AB2C9065EC79\hccc_table.pdf
2020-04-06 13:51:00.5476  INFO - outFiles: C:\Data\workspace\E97C53FD600AEBF58206AB2C9065EC79\hccc_table\132.jpg
2020-04-06 13:51:00.6726  INFO - 이미지 변환 성공!
2020-04-06 13:51:00.6726  INFO - Source image: C:\Data\workspace\E97C53FD600AEBF58206AB2C9065EC79\hccc_table.pdf
2020-04-06 13:51:00.6882  INFO - outFiles: C:\Data\workspace\E97C53FD600AEBF58206AB2C9065EC79\hccc_table\133.jpg
2020-04-06 13:51:00.7976  INFO - 이미지 변환 성공!
2020-04-06 13:51:00.7976  INFO - Source image: C:\Data\workspace\E97C53FD600AEBF58206AB2C9065EC79\hccc_table.pdf
2020-04-06 13:51:00.7976  INFO - outFiles: C:\Data\workspace\E97C53FD600AEBF58206AB2C9065EC79\hccc_table\134.jpg
2020-04-06 13:51:00.9069  INFO - 이미지 변환 성공!
2020-04-06 13:51:00.9069  INFO - Source image: C:\Data\workspace\E97C53FD600AEBF58206AB2C9065EC79\hccc_table.pdf
2020-04-06 13:51:00.9226  INFO - outFiles: C:\Data\workspace\E97C53FD600AEBF58206AB2C9065EC79\hccc_table\135.jpg
2020-04-06 13:51:01.0007  INFO - 이미지 변환 성공!
2020-04-06 13:51:01.0163  INFO - Source image: C:\Data\workspace\E97C53FD600AEBF58206AB2C9065EC79\hccc_table.pdf
2020-04-06 13:51:01.0163  INFO - outFiles: C:\Data\workspace\E97C53FD600AEBF58206AB2C9065EC79\hccc_table\136.jpg
2020-04-06 13:51:01.1101  INFO - 이미지 변환 성공!
2020-04-06 13:51:01.1101  INFO - Source image: C:\Data\workspace\E97C53FD600AEBF58206AB2C9065EC79\hccc_table.pdf
2020-04-06 13:51:01.1257  INFO - outFiles: C:\Data\workspace\E97C53FD600AEBF58206AB2C9065EC79\hccc_table\137.jpg
2020-04-06 13:51:01.2038  INFO - 이미지 변환 성공!
2020-04-06 13:51:01.2194  INFO - Source image: C:\Data\workspace\E97C53FD600AEBF58206AB2C9065EC79\hccc_table.pdf
2020-04-06 13:51:01.2194  INFO - outFiles: C:\Data\workspace\E97C53FD600AEBF58206AB2C9065EC79\hccc_table\138.jpg
2020-04-06 13:51:01.3132  INFO - 이미지 변환 성공!
2020-04-06 13:51:01.3132  INFO - Source image: C:\Data\workspace\E97C53FD600AEBF58206AB2C9065EC79\hccc_table.pdf
2020-04-06 13:51:01.3288  INFO - outFiles: C:\Data\workspace\E97C53FD600AEBF58206AB2C9065EC79\hccc_table\139.jpg
2020-04-06 13:51:01.4225  INFO - 이미지 변환 성공!
2020-04-06 13:51:01.4225  INFO - Source image: C:\Data\workspace\E97C53FD600AEBF58206AB2C9065EC79\hccc_table.pdf
2020-04-06 13:51:01.4225  INFO - outFiles: C:\Data\workspace\E97C53FD600AEBF58206AB2C9065EC79\hccc_table\140.jpg
2020-04-06 13:51:01.5319  INFO - 이미지 변환 성공!
2020-04-06 13:51:01.5319  INFO - Source image: C:\Data\workspace\E97C53FD600AEBF58206AB2C9065EC79\hccc_table.pdf
2020-04-06 13:51:01.5475  INFO - outFiles: C:\Data\workspace\E97C53FD600AEBF58206AB2C9065EC79\hccc_table\141.jpg
2020-04-06 13:51:01.6256  INFO - 이미지 변환 성공!
2020-04-06 13:51:01.6412  INFO - Source image: C:\Data\workspace\E97C53FD600AEBF58206AB2C9065EC79\hccc_table.pdf
2020-04-06 13:51:01.6412  INFO - outFiles: C:\Data\workspace\E97C53FD600AEBF58206AB2C9065EC79\hccc_table\142.jpg
2020-04-06 13:51:01.7506  INFO - 이미지 변환 성공!
2020-04-06 13:51:01.7506  INFO - Source image: C:\Data\workspace\E97C53FD600AEBF58206AB2C9065EC79\hccc_table.pdf
2020-04-06 13:51:01.7506  INFO - outFiles: C:\Data\workspace\E97C53FD600AEBF58206AB2C9065EC79\hccc_table\143.jpg
2020-04-06 13:51:01.8444  INFO - 이미지 변환 성공!
2020-04-06 13:51:01.8444  INFO - Source image: C:\Data\workspace\E97C53FD600AEBF58206AB2C9065EC79\hccc_table.pdf
2020-04-06 13:51:01.8600  INFO - outFiles: C:\Data\workspace\E97C53FD600AEBF58206AB2C9065EC79\hccc_table\144.jpg
2020-04-06 13:51:01.9850  INFO - 이미지 변환 성공!
2020-04-06 13:51:01.9850  INFO - Source image: C:\Data\workspace\E97C53FD600AEBF58206AB2C9065EC79\hccc_table.pdf
2020-04-06 13:51:01.9850  INFO - outFiles: C:\Data\workspace\E97C53FD600AEBF58206AB2C9065EC79\hccc_table\145.jpg
2020-04-06 13:51:02.1100  INFO - 이미지 변환 성공!
2020-04-06 13:51:02.1100  INFO - Source image: C:\Data\workspace\E97C53FD600AEBF58206AB2C9065EC79\hccc_table.pdf
2020-04-06 13:51:02.1256  INFO - outFiles: C:\Data\workspace\E97C53FD600AEBF58206AB2C9065EC79\hccc_table\146.jpg
2020-04-06 13:51:02.2506  INFO - 이미지 변환 성공!
2020-04-06 13:51:02.2506  INFO - Source image: C:\Data\workspace\E97C53FD600AEBF58206AB2C9065EC79\hccc_table.pdf
2020-04-06 13:51:02.2506  INFO - outFiles: C:\Data\workspace\E97C53FD600AEBF58206AB2C9065EC79\hccc_table\147.jpg
2020-04-06 13:51:02.3443  INFO - 이미지 변환 성공!
2020-04-06 13:51:02.3600  INFO - Source image: C:\Data\workspace\E97C53FD600AEBF58206AB2C9065EC79\hccc_table.pdf
2020-04-06 13:51:02.3600  INFO - outFiles: C:\Data\workspace\E97C53FD600AEBF58206AB2C9065EC79\hccc_table\148.jpg
2020-04-06 13:51:02.4537  INFO - 이미지 변환 성공!
2020-04-06 13:51:02.4693  INFO - Source image: C:\Data\workspace\E97C53FD600AEBF58206AB2C9065EC79\hccc_table.pdf
2020-04-06 13:51:02.4693  INFO - outFiles: C:\Data\workspace\E97C53FD600AEBF58206AB2C9065EC79\hccc_table\149.jpg
2020-04-06 13:51:02.5631  INFO - 이미지 변환 성공!
2020-04-06 13:51:02.5631  INFO - Source image: C:\Data\workspace\E97C53FD600AEBF58206AB2C9065EC79\hccc_table.pdf
2020-04-06 13:51:02.5787  INFO - outFiles: C:\Data\workspace\E97C53FD600AEBF58206AB2C9065EC79\hccc_table\150.jpg
2020-04-06 13:51:02.6724  INFO - 이미지 변환 성공!
2020-04-06 13:51:02.6724  INFO - Source image: C:\Data\workspace\E97C53FD600AEBF58206AB2C9065EC79\hccc_table.pdf
2020-04-06 13:51:02.6881  INFO - outFiles: C:\Data\workspace\E97C53FD600AEBF58206AB2C9065EC79\hccc_table\151.jpg
2020-04-06 13:51:02.7974  INFO - 이미지 변환 성공!
2020-04-06 13:51:02.7974  INFO - Source image: C:\Data\workspace\E97C53FD600AEBF58206AB2C9065EC79\hccc_table.pdf
2020-04-06 13:51:02.7974  INFO - outFiles: C:\Data\workspace\E97C53FD600AEBF58206AB2C9065EC79\hccc_table\152.jpg
2020-04-06 13:51:02.8912  INFO - 이미지 변환 성공!
2020-04-06 13:51:02.9068  INFO - Source image: C:\Data\workspace\E97C53FD600AEBF58206AB2C9065EC79\hccc_table.pdf
2020-04-06 13:51:02.9068  INFO - outFiles: C:\Data\workspace\E97C53FD600AEBF58206AB2C9065EC79\hccc_table\153.jpg
2020-04-06 13:51:03.0162  INFO - 이미지 변환 성공!
2020-04-06 13:51:03.0162  INFO - Source image: C:\Data\workspace\E97C53FD600AEBF58206AB2C9065EC79\hccc_table.pdf
2020-04-06 13:51:03.0162  INFO - outFiles: C:\Data\workspace\E97C53FD600AEBF58206AB2C9065EC79\hccc_table\154.jpg
2020-04-06 13:51:03.1099  INFO - 이미지 변환 성공!
2020-04-06 13:51:03.1255  INFO - Source image: C:\Data\workspace\E97C53FD600AEBF58206AB2C9065EC79\hccc_table.pdf
2020-04-06 13:51:03.1255  INFO - outFiles: C:\Data\workspace\E97C53FD600AEBF58206AB2C9065EC79\hccc_table\155.jpg
2020-04-06 13:51:03.2349  INFO - 이미지 변환 성공!
2020-04-06 13:51:03.2505  INFO - Source image: C:\Data\workspace\E97C53FD600AEBF58206AB2C9065EC79\hccc_table.pdf
2020-04-06 13:51:03.2505  INFO - outFiles: C:\Data\workspace\E97C53FD600AEBF58206AB2C9065EC79\hccc_table\156.jpg
2020-04-06 13:51:03.3847  INFO - 이미지 변환 성공!
2020-04-06 13:51:03.3907  INFO - Source image: C:\Data\workspace\E97C53FD600AEBF58206AB2C9065EC79\hccc_table.pdf
2020-04-06 13:51:03.3907  INFO - outFiles: C:\Data\workspace\E97C53FD600AEBF58206AB2C9065EC79\hccc_table\157.jpg
2020-04-06 13:51:03.4906  INFO - 이미지 변환 성공!
2020-04-06 13:51:03.5062  INFO - Source image: C:\Data\workspace\E97C53FD600AEBF58206AB2C9065EC79\hccc_table.pdf
2020-04-06 13:51:03.5062  INFO - outFiles: C:\Data\workspace\E97C53FD600AEBF58206AB2C9065EC79\hccc_table\158.jpg
2020-04-06 13:51:03.5999  INFO - 이미지 변환 성공!
2020-04-06 13:51:03.6156  INFO - Source image: C:\Data\workspace\E97C53FD600AEBF58206AB2C9065EC79\hccc_table.pdf
2020-04-06 13:51:03.6156  INFO - outFiles: C:\Data\workspace\E97C53FD600AEBF58206AB2C9065EC79\hccc_table\159.jpg
2020-04-06 13:51:03.7093  INFO - 이미지 변환 성공!
2020-04-06 13:51:03.7093  INFO - Source image: C:\Data\workspace\E97C53FD600AEBF58206AB2C9065EC79\hccc_table.pdf
2020-04-06 13:51:03.7249  INFO - outFiles: C:\Data\workspace\E97C53FD600AEBF58206AB2C9065EC79\hccc_table\160.jpg
2020-04-06 13:51:03.8187  INFO - 이미지 변환 성공!
2020-04-06 13:51:03.8187  INFO - Source image: C:\Data\workspace\E97C53FD600AEBF58206AB2C9065EC79\hccc_table.pdf
2020-04-06 13:51:03.8187  INFO - outFiles: C:\Data\workspace\E97C53FD600AEBF58206AB2C9065EC79\hccc_table\161.jpg
2020-04-06 13:51:03.9280  INFO - 이미지 변환 성공!
2020-04-06 13:51:03.9280  INFO - Source image: C:\Data\workspace\E97C53FD600AEBF58206AB2C9065EC79\hccc_table.pdf
2020-04-06 13:51:03.9280  INFO - outFiles: C:\Data\workspace\E97C53FD600AEBF58206AB2C9065EC79\hccc_table\162.jpg
2020-04-06 13:51:04.0374  INFO - 이미지 변환 성공!
2020-04-06 13:51:04.0374  INFO - Source image: C:\Data\workspace\E97C53FD600AEBF58206AB2C9065EC79\hccc_table.pdf
2020-04-06 13:51:04.0374  INFO - outFiles: C:\Data\workspace\E97C53FD600AEBF58206AB2C9065EC79\hccc_table\163.jpg
2020-04-06 13:51:04.1468  INFO - 이미지 변환 성공!
2020-04-06 13:51:04.1468  INFO - Source image: C:\Data\workspace\E97C53FD600AEBF58206AB2C9065EC79\hccc_table.pdf
2020-04-06 13:51:04.1624  INFO - outFiles: C:\Data\workspace\E97C53FD600AEBF58206AB2C9065EC79\hccc_table\164.jpg
2020-04-06 13:51:04.2562  INFO - 이미지 변환 성공!
2020-04-06 13:51:04.2562  INFO - Source image: C:\Data\workspace\E97C53FD600AEBF58206AB2C9065EC79\hccc_table.pdf
2020-04-06 13:51:04.2718  INFO - outFiles: C:\Data\workspace\E97C53FD600AEBF58206AB2C9065EC79\hccc_table\165.jpg
2020-04-06 13:51:04.3608  INFO - 이미지 변환 성공!
2020-04-06 13:51:04.3608  INFO - Source image: C:\Data\workspace\E97C53FD600AEBF58206AB2C9065EC79\hccc_table.pdf
2020-04-06 13:51:04.3830  INFO - outFiles: C:\Data\workspace\E97C53FD600AEBF58206AB2C9065EC79\hccc_table\166.jpg
2020-04-06 13:51:04.4918  INFO - 이미지 변환 성공!
2020-04-06 13:51:04.4918  INFO - Source image: C:\Data\workspace\E97C53FD600AEBF58206AB2C9065EC79\hccc_table.pdf
2020-04-06 13:51:04.4918  INFO - outFiles: C:\Data\workspace\E97C53FD600AEBF58206AB2C9065EC79\hccc_table\167.jpg
2020-04-06 13:51:04.6012  INFO - 이미지 변환 성공!
2020-04-06 13:51:04.6012  INFO - Source image: C:\Data\workspace\E97C53FD600AEBF58206AB2C9065EC79\hccc_table.pdf
2020-04-06 13:51:04.6168  INFO - outFiles: C:\Data\workspace\E97C53FD600AEBF58206AB2C9065EC79\hccc_table\168.jpg
2020-04-06 13:51:04.7262  INFO - 이미지 변환 성공!
2020-04-06 13:51:04.7418  INFO - Source image: C:\Data\workspace\E97C53FD600AEBF58206AB2C9065EC79\hccc_table.pdf
2020-04-06 13:51:04.7418  INFO - outFiles: C:\Data\workspace\E97C53FD600AEBF58206AB2C9065EC79\hccc_table\169.jpg
2020-04-06 13:51:04.8668  INFO - 이미지 변환 성공!
2020-04-06 13:51:04.8668  INFO - Source image: C:\Data\workspace\E97C53FD600AEBF58206AB2C9065EC79\hccc_table.pdf
2020-04-06 13:51:04.8668  INFO - outFiles: C:\Data\workspace\E97C53FD600AEBF58206AB2C9065EC79\hccc_table\170.jpg
2020-04-06 13:51:04.9762  INFO - 이미지 변환 성공!
2020-04-06 13:51:04.9918  INFO - Source image: C:\Data\workspace\E97C53FD600AEBF58206AB2C9065EC79\hccc_table.pdf
2020-04-06 13:51:04.9918  INFO - outFiles: C:\Data\workspace\E97C53FD600AEBF58206AB2C9065EC79\hccc_table\171.jpg
2020-04-06 13:51:05.0856  INFO - 이미지 변환 성공!
2020-04-06 13:51:05.1012  INFO - Source image: C:\Data\workspace\E97C53FD600AEBF58206AB2C9065EC79\hccc_table.pdf
2020-04-06 13:51:05.1012  INFO - outFiles: C:\Data\workspace\E97C53FD600AEBF58206AB2C9065EC79\hccc_table\172.jpg
2020-04-06 14:07:55.8630  INFO - ==================== Start ====================
2020-04-06 14:07:55.8786  INFO - Method: ExcelSaveAs, FilePath: C:\Data\workspace\E2DDB1F4A236D30F6E63319BEC7F35AC\Excel.xlsx, outPath: C:\Data\workspace\E2DDB1F4A236D30F6E63319BEC7F35AC\Excel.pdf, docPassword: 
2020-04-06 14:07:55.9724  INFO - 파일 언락 실패! 자세한내용 로그 참고
2020-04-06 14:08:14.7850  INFO - 변환 성공
2020-04-06 14:08:15.4724  INFO - ==================== End ====================
2020-04-06 14:10:24.3130  INFO - ==================== Start ====================
2020-04-06 14:10:24.3287  INFO - Method: WordSaveAs, FilePath: C:\Data\workspace\623E240D8979099742001E96E711F663\word.docx, outPath: C:\Data\workspace\623E240D8979099742001E96E711F663\word.pdf, docPassword: 
2020-04-06 14:10:24.3755  INFO - 파일 언락 실패! 자세한내용 로그 참고
2020-04-06 14:10:28.8440  INFO - 변환 성공
2020-04-06 14:10:29.0939  INFO - ==================== End ====================
2020-04-06 14:10:47.2357  INFO - ==================== Start ====================
2020-04-06 14:10:47.2357  INFO - Method: WordSaveAs, FilePath: C:\Data\workspace\623E240D8979099742001E96E711F663\word.docx, outPath: C:\Data\workspace\623E240D8979099742001E96E711F663\word.pdf, docPassword: 
2020-04-06 14:10:47.2826  INFO - 파일 언락 실패! 자세한내용 로그 참고
2020-04-06 14:10:50.8605  INFO - 변환 성공
2020-04-06 14:10:51.0323  INFO - ==================== End ====================
2020-04-06 14:12:09.4555  INFO - ==================== Start ====================
2020-04-06 14:12:09.4711  INFO - Method: WordSaveAs, FilePath: C:\Data\workspace\623E240D8979099742001E96E711F663\word.docx, outPath: C:\Data\workspace\623E240D8979099742001E96E711F663\word.pdf, docPassword: 
2020-04-06 14:12:09.5336  INFO - 파일 언락 실패! 자세한내용 로그 참고
2020-04-06 14:12:14.8929  INFO - 변환 성공
2020-04-06 14:12:15.1117  INFO - ==================== End ====================
2020-04-06 14:17:39.5694  INFO - ==================== Start ====================
2020-04-06 14:17:39.5954  INFO - Method: WordSaveAs, FilePath: C:\Data\workspace\623E240D8979099742001E96E711F663\word.docx, outPath: C:\Data\workspace\623E240D8979099742001E96E711F663\word.pdf, docPassword: 
2020-04-06 14:17:39.6504  INFO - 파일 언락 실패! 자세한내용 로그 참고
2020-04-06 14:17:44.3054  INFO - 변환 성공
2020-04-06 14:17:44.4929  INFO - ==================== End ====================
2020-04-06 14:20:07.8092  INFO - ==================== Start ====================
2020-04-06 14:20:07.8405  INFO - Method: WordSaveAs, FilePath: C:\Data\workspace\623E240D8979099742001E96E711F663\word.docx, outPath: C:\Data\workspace\623E240D8979099742001E96E711F663\word.pdf, docPassword: 
2020-04-06 14:20:07.8874  INFO - 파일 언락 실패! 자세한내용 로그 참고
2020-04-06 14:20:12.3870  INFO - 변환 성공
2020-04-06 14:20:12.5902  INFO - ==================== End ====================
2020-04-06 14:21:02.9564  INFO - ==================== Start ====================
2020-04-06 14:21:02.9721  INFO - Method: WordSaveAs, FilePath: C:\Data\workspace\623E240D8979099742001E96E711F663\word.docx, outPath: C:\Data\workspace\623E240D8979099742001E96E711F663\word.pdf, docPassword: 
2020-04-06 14:21:02.9877  INFO - 파일 언락 실패! 자세한내용 로그 참고
2020-04-06 14:21:07.4146  INFO - 변환 성공
2020-04-06 14:21:07.6178  INFO - ==================== End ====================
2020-04-06 14:21:26.1370  INFO - ==================== Start ====================
2020-04-06 14:21:26.1370  INFO - Method: WordSaveAs, FilePath: C:\Data\workspace\623E240D8979099742001E96E711F663\word.docx, outPath: C:\Data\workspace\623E240D8979099742001E96E711F663\word.pdf, docPassword: 
2020-04-06 14:21:26.1839  INFO - 파일 언락 실패! 자세한내용 로그 참고
2020-04-06 14:21:30.5362  INFO - 변환 성공
2020-04-06 14:21:30.7393  INFO - ==================== End ====================
2020-04-06 14:24:50.8582  INFO - ==================== Start ====================
2020-04-06 14:24:50.8900  INFO - Method: WordSaveAs, FilePath: C:\Data\workspace\623E240D8979099742001E96E711F663\word.docx, outPath: C:\Data\workspace\623E240D8979099742001E96E711F663\word.pdf, docPassword: 
2020-04-06 14:24:50.9247  INFO - 파일 언락 실패! 자세한내용 로그 참고
2020-04-06 14:24:55.6229  INFO - 변환 성공
2020-04-06 14:24:55.7974  INFO - ==================== End ====================
2020-04-06 14:25:26.4615  INFO - ==================== Start ====================
2020-04-06 14:25:26.4762  INFO - Method: WordSaveAs, FilePath: C:\Data\workspace\623E240D8979099742001E96E711F663\word.docx, outPath: C:\Data\workspace\623E240D8979099742001E96E711F663\word.pdf, docPassword: 
2020-04-06 14:25:26.5048  INFO - 파일 언락 실패! 자세한내용 로그 참고
2020-04-06 14:25:30.9912  INFO - 변환 성공
2020-04-06 14:25:31.1255  INFO - ==================== End ====================
2020-04-06 14:26:35.1326  INFO - ==================== Start ====================
2020-04-06 14:26:35.1516  INFO - Method: WordSaveAs, FilePath: C:\Data\workspace\623E240D8979099742001E96E711F663\word.docx, outPath: C:\Data\workspace\623E240D8979099742001E96E711F663\word.pdf, docPassword: 
2020-04-06 14:26:35.1935  INFO - 파일 언락 실패! 자세한내용 로그 참고
2020-04-06 14:26:39.7432  INFO - 변환 성공
2020-04-06 14:26:39.8971  INFO - ==================== End ====================
2020-04-06 14:28:44.4336  INFO - ==================== Start ====================
2020-04-06 14:28:44.4486  INFO - Method: WordSaveAs, FilePath: C:\Data\workspace\623E240D8979099742001E96E711F663\word.docx, outPath: C:\Data\workspace\623E240D8979099742001E96E711F663\word.pdf, docPassword: 
2020-04-06 14:28:44.4767  INFO - 파일 언락 실패! 자세한내용 로그 참고
2020-04-06 14:28:48.9656  INFO - 변환 성공
2020-04-06 14:28:49.1357  INFO - ==================== End ====================
2020-04-06 14:30:09.4122  INFO - ==================== Start ====================
2020-04-06 14:30:09.4682  INFO - Method: WordSaveAs, FilePath: C:\Data\workspace\623E240D8979099742001E96E711F663\word.docx, outPath: C:\Data\workspace\623E240D8979099742001E96E711F663\word.pdf, docPassword: 
2020-04-06 14:30:09.5362  INFO - 파일 언락 실패! 자세한내용 로그 참고
2020-04-06 14:30:14.1042  INFO - 변환 성공
2020-04-06 14:30:14.2741  INFO - ==================== End ====================
2020-04-06 14:35:35.5984  INFO - ==================== Start ====================
2020-04-06 14:35:35.6141  INFO - Method: WordSaveAs, FilePath: C:\Data\workspace\623E240D8979099742001E96E711F663\word.docx, outPath: C:\Data\workspace\623E240D8979099742001E96E711F663\word.pdf, docPassword: 
2020-04-06 14:35:35.6453  INFO - 파일 언락 실패! 자세한내용 로그 참고
2020-04-06 14:35:40.1918  INFO - 변환 성공
2020-04-06 14:35:40.3950  INFO - ==================== End ====================
2020-04-06 14:42:00.2393  INFO - ==================== Start ====================
2020-04-06 14:42:00.2549  INFO - Method: WordSaveAs, FilePath: C:\Data\workspace\623E240D8979099742001E96E711F663\word.docx, outPath: C:\Data\workspace\623E240D8979099742001E96E711F663\word.pdf, docPassword: 
2020-04-06 14:42:00.2705  INFO - 파일 언락 실패! 자세한내용 로그 참고
2020-04-06 14:42:04.8363  INFO - 변환 성공
2020-04-06 14:42:04.9879  INFO - ==================== End ====================
2020-04-06 14:46:14.4165  INFO - ==================== Start ====================
2020-04-06 14:46:14.4634  INFO - Method: WordSaveAs, FilePath: C:\Data\workspace\623E240D8979099742001E96E711F663\word.docx, outPath: C:\Data\workspace\623E240D8979099742001E96E711F663\word.pdf, docPassword: 
2020-04-06 14:46:14.5571  INFO - 파일 언락 실패! 자세한내용 로그 참고
2020-04-06 14:46:19.1193  INFO - 변환 성공
2020-04-06 14:46:19.4474  INFO - ==================== End ====================
2020-04-06 14:46:41.8564  INFO - ==================== Start ====================
2020-04-06 14:46:41.8720  INFO - Method: WordSaveAs, FilePath: C:\Data\workspace\623E240D8979099742001E96E711F663\word.docx, outPath: C:\Data\workspace\623E240D8979099742001E96E711F663\word.pdf, docPassword: 
2020-04-06 14:46:42.1220  INFO - 파일 언락 실패! 자세한내용 로그 참고
2020-04-06 14:46:46.6509  INFO - 변환 성공
2020-04-06 14:46:46.8540  INFO - ==================== End ====================
2020-04-06 14:47:51.7503  INFO - ==================== Start ====================
2020-04-06 14:47:51.7918  INFO - Method: WordSaveAs, FilePath: C:\Data\workspace\623E240D8979099742001E96E711F663\word.docx, outPath: C:\Data\workspace\623E240D8979099742001E96E711F663\word.pdf, docPassword: 
2020-04-06 14:47:51.8301  INFO - 파일 언락 실패! 자세한내용 로그 참고
2020-04-06 14:47:56.1579  INFO - 변환 성공
2020-04-06 14:47:56.2986  INFO - ==================== End ====================
2020-04-06 14:48:55.6985  INFO - ==================== Start ====================
2020-04-06 14:48:55.7141  INFO - Method: WordSaveAs, FilePath: C:\Data\workspace\623E240D8979099742001E96E711F663\word.docx, outPath: C:\Data\workspace\623E240D8979099742001E96E711F663\word.pdf, docPassword: 
2020-04-06 14:48:55.7453  INFO - 파일 언락 실패! 자세한내용 로그 참고
2020-04-06 14:49:00.1825  INFO - 변환 성공
2020-04-06 14:49:00.3700  INFO - ==================== End ====================
2020-04-06 14:50:26.4953  INFO - ==================== Start ====================
2020-04-06 14:50:26.4953  INFO - Method: WordSaveAs, FilePath: C:\Data\workspace\623E240D8979099742001E96E711F663\word.docx, outPath: C:\Data\workspace\623E240D8979099742001E96E711F663\word.pdf, docPassword: 
2020-04-06 14:50:26.5578  INFO - 파일 언락 실패! 자세한내용 로그 참고
2020-04-06 14:50:30.9604  INFO - 변환 성공
2020-04-06 14:50:31.1635  INFO - ==================== End ====================
2020-04-06 14:51:33.1417  INFO - ==================== Start ====================
2020-04-06 14:51:33.1417  INFO - Method: WordSaveAs, FilePath: C:\Data\workspace\623E240D8979099742001E96E711F663\word.docx, outPath: C:\Data\workspace\623E240D8979099742001E96E711F663\word.pdf, docPassword: 
2020-04-06 14:51:33.1654  INFO - 파일 언락 실패! 자세한내용 로그 참고
2020-04-06 14:51:37.4918  INFO - 변환 성공
2020-04-06 14:51:37.7262  INFO - ==================== End ====================
2020-04-06 14:53:24.6710  INFO - ==================== Start ====================
2020-04-06 14:53:24.6710  INFO - Method: WordSaveAs, FilePath: C:\Data\workspace\623E240D8979099742001E96E711F663\word.docx, outPath: C:\Data\workspace\623E240D8979099742001E96E711F663\word.pdf, docPassword: 
2020-04-06 14:53:24.7179  INFO - 파일 언락 실패! 자세한내용 로그 참고
2020-04-06 14:53:28.2243  INFO - 변환 성공
2020-04-06 14:53:28.4274  INFO - ==================== End ====================
2020-04-06 14:54:17.9615  INFO - ==================== Start ====================
2020-04-06 14:54:17.9715  INFO - Method: WordSaveAs, FilePath: C:\Data\workspace\623E240D8979099742001E96E711F663\word.docx, outPath: C:\Data\workspace\623E240D8979099742001E96E711F663\word.pdf, docPassword: 
2020-04-06 14:54:18.0274  INFO - 파일 언락 실패! 자세한내용 로그 참고
2020-04-06 14:54:21.7418  INFO - 변환 성공
2020-04-06 14:54:21.9449  INFO - ==================== End ====================
2020-04-06 14:55:08.7967  INFO - ==================== Start ====================
2020-04-06 14:55:08.8123  INFO - Method: WordSaveAs, FilePath: C:\Data\workspace\623E240D8979099742001E96E711F663\word.docx, outPath: C:\Data\workspace\623E240D8979099742001E96E711F663\word.pdf, docPassword: 
2020-04-06 14:55:08.8436  INFO - 파일 언락 실패! 자세한내용 로그 참고
2020-04-06 14:55:13.1556  INFO - 변환 성공
2020-04-06 14:55:13.3431  INFO - ==================== End ====================
2020-04-06 14:55:31.5057  INFO - ==================== Start ====================
2020-04-06 14:55:31.5213  INFO - Method: WordSaveAs, FilePath: C:\Data\workspace\623E240D8979099742001E96E711F663\word.docx, outPath: C:\Data\workspace\623E240D8979099742001E96E711F663\word.pdf, docPassword: 
2020-04-06 14:55:31.5526  INFO - 파일 언락 실패! 자세한내용 로그 참고
2020-04-06 14:55:35.9847  INFO - 변환 성공
2020-04-06 14:55:36.2034  INFO - ==================== End ====================
2020-04-06 14:57:06.7298  INFO - ==================== Start ====================
2020-04-06 14:57:06.7298  INFO - Method: WordSaveAs, FilePath: C:\Data\workspace\623E240D8979099742001E96E711F663\word.docx, outPath: C:\Data\workspace\623E240D8979099742001E96E711F663\word.pdf, docPassword: 
2020-04-06 14:57:06.8861  INFO - 파일 언락 실패! 자세한내용 로그 참고
2020-04-06 14:57:11.2295  INFO - 변환 성공
2020-04-06 14:57:11.4326  INFO - ==================== End ====================
2020-04-06 14:57:48.2392  INFO - ==================== Start ====================
2020-04-06 14:57:48.2549  INFO - Method: WordSaveAs, FilePath: C:\Data\workspace\623E240D8979099742001E96E711F663\word.docx, outPath: C:\Data\workspace\623E240D8979099742001E96E711F663\word.pdf, docPassword: 
2020-04-06 14:57:48.2861  INFO - 파일 언락 실패! 자세한내용 로그 참고
2020-04-06 14:57:52.7077  INFO - 변환 성공
2020-04-06 14:57:52.9335  INFO - ==================== End ====================
2020-04-06 14:58:18.5581  INFO - ==================== Start ====================
2020-04-06 14:58:18.5737  INFO - Method: WordSaveAs, FilePath: C:\Data\workspace\623E240D8979099742001E96E711F663\word.docx, outPath: C:\Data\workspace\623E240D8979099742001E96E711F663\word.pdf, docPassword: 
2020-04-06 14:58:18.6050  INFO - 파일 언락 실패! 자세한내용 로그 참고
2020-04-06 14:58:23.0431  INFO - 변환 성공
2020-04-06 14:58:23.2619  INFO - ==================== End ====================
2020-04-06 14:58:51.6959  INFO - ==================== Start ====================
2020-04-06 14:58:51.6959  INFO - Method: WordSaveAs, FilePath: C:\Data\workspace\623E240D8979099742001E96E711F663\word.docx, outPath: C:\Data\workspace\623E240D8979099742001E96E711F663\word.pdf, docPassword: 
2020-04-06 14:58:51.7428  INFO - 파일 언락 실패! 자세한내용 로그 참고
2020-04-06 14:58:56.1487  INFO - 변환 성공
2020-04-06 14:58:56.2893  INFO - ==================== End ====================
2020-04-06 15:01:39.5956  INFO - ==================== Start ====================
2020-04-06 15:01:39.6425  INFO - Method: WordSaveAs, FilePath: C:\Data\workspace\623E240D8979099742001E96E711F663\word.docx, outPath: C:\Data\workspace\623E240D8979099742001E96E711F663\word.pdf, docPassword: 
2020-04-06 15:01:39.7050  INFO - 파일 언락 실패! 자세한내용 로그 참고
2020-04-06 15:01:44.4232  INFO - 변환 성공
2020-04-06 15:01:44.6263  INFO - ==================== End ====================
