2021-03-07 13:01:58.4406  INFO - ==================== Start ====================
2021-03-07 13:01:58.4406  INFO - Method: PowerPointSaveAs, FilePath: C:\workspace\data\20210307\AF49679A99A8C8C83F1F34955CF43346\PowerPoint 시작.pptx, outPath: C:\workspace\data\20210307\AF49679A99A8C8C83F1F34955CF43346\PowerPoint 시작.pdf, docPassword: 
2021-03-07 13:02:02.7657  INFO - Conversion success
2021-03-07 13:02:02.8132  INFO - ==================== End ====================
2021-03-07 13:02:02.8235  INFO - ==================== Start ====================
2021-03-07 13:02:02.8235  INFO - Method: PDFtoPng, FilePath: C:\workspace\data\20210307\AF49679A99A8C8C83F1F34955CF43346\PowerPoint 시작.pdf, outPath: C:\workspace\data\20210307\AF49679A99A8C8C83F1F34955CF43346\PowerPoint 시작\
2021-03-07 13:02:03.3240  INFO - Image conversion was successful.
2021-03-07 13:02:03.3240  INFO - ==================== End ====================
2021-03-07 13:03:11.0038  INFO - ==================== Start ====================
2021-03-07 13:03:11.0038  INFO - Method: ExcelSaveAs, FilePath: C:\workspace\data\20210307\BFF0CED46552E55EEF1B895A83577D5F\Excel 시작1.xlsx, outPath: C:\workspace\data\20210307\BFF0CED46552E55EEF1B895A83577D5F\Excel 시작1.pdf, docPassword: 
2021-03-07 13:03:24.2523  INFO - Conversion success
2021-03-07 13:03:25.3878  INFO - ==================== End ====================
2021-03-07 13:03:25.3878  INFO - ==================== Start ====================
2021-03-07 13:03:25.3878  INFO - Method: PDFtoPng, FilePath: C:\workspace\data\20210307\BFF0CED46552E55EEF1B895A83577D5F\Excel 시작1.pdf, outPath: C:\workspace\data\20210307\BFF0CED46552E55EEF1B895A83577D5F\Excel 시작1\
2021-03-07 13:03:27.0269  INFO - Image conversion was successful.
2021-03-07 13:03:27.0269  INFO - ==================== End ====================
2021-03-07 13:04:44.8652  INFO - ==================== Start ====================
2021-03-07 13:04:44.8652  INFO - Method: WordSaveAs, FilePath: C:\workspace\data\20210307\0452378B72766F4FD0EE9110A9975F6B\Word 시작.docx, outPath: C:\workspace\data\20210307\0452378B72766F4FD0EE9110A9975F6B\Word 시작.pdf, docPassword: 
2021-03-07 13:04:49.1619  INFO - Conversion success
2021-03-07 13:04:49.2798  INFO - ==================== End ====================
2021-03-07 13:04:49.2922  INFO - ==================== Start ====================
2021-03-07 13:04:49.2922  INFO - Method: PDFtoPng, FilePath: C:\workspace\data\20210307\0452378B72766F4FD0EE9110A9975F6B\Word 시작.pdf, outPath: C:\workspace\data\20210307\0452378B72766F4FD0EE9110A9975F6B\Word 시작\
2021-03-07 13:04:49.7320  INFO - Image conversion was successful.
2021-03-07 13:04:49.7320  INFO - ==================== End ====================
2021-03-07 13:05:57.5833  INFO - ==================== Start ====================
2021-03-07 13:05:57.5833  INFO - Method: HwpSaveAs, FilePath: C:\workspace\data\20210307\2B699FCE2A5094957B24445F97FCE8CC\Welcome to Hwp.hwp, outPath: C:\workspace\data\20210307\2B699FCE2A5094957B24445F97FCE8CC\Welcome to Hwp.pdf
2021-03-07 13:06:03.7883  INFO - ==================== End ====================
2021-03-07 13:06:03.8026  INFO - ==================== Start ====================
2021-03-07 13:06:03.8026  INFO - Method: PDFtoPng, FilePath: C:\workspace\data\20210307\2B699FCE2A5094957B24445F97FCE8CC\Welcome to Hwp.pdf, outPath: C:\workspace\data\20210307\2B699FCE2A5094957B24445F97FCE8CC\Welcome to Hwp\
2021-03-07 13:06:03.9095  INFO - Image conversion was successful.
2021-03-07 13:06:03.9095  INFO - ==================== End ====================
2021-03-07 13:15:36.3316  INFO - ==================== Start ====================
2021-03-07 13:15:36.3316  INFO - Method: WordSaveAs, FilePath: C:\workspace\data\20210307\0156A737EB7335B733CE8738859B3FF5\0_1_0F4ABF5CE25B8F453020CE3A521FC51A.docx, outPath: C:\workspace\data\20210307\0156A737EB7335B733CE8738859B3FF5\0_1_0F4ABF5CE25B8F453020CE3A521FC51A.pdf, docPassword: 
2021-03-07 13:15:40.9759  INFO - Conversion success
2021-03-07 13:15:41.1024  INFO - ==================== End ====================
2021-03-07 13:15:41.1024  INFO - ==================== Start ====================
2021-03-07 13:15:41.1024  INFO - Method: PDFtoPng, FilePath: C:\workspace\data\20210307\0156A737EB7335B733CE8738859B3FF5\0_1_0F4ABF5CE25B8F453020CE3A521FC51A.pdf, outPath: C:\workspace\data\20210307\0156A737EB7335B733CE8738859B3FF5\0_1_0F4ABF5CE25B8F453020CE3A521FC51A\
2021-03-07 13:15:41.5384  INFO - Image conversion was successful.
2021-03-07 13:15:41.5384  INFO - ==================== End ====================
2021-03-07 13:15:58.3816  INFO - ==================== Start ====================
2021-03-07 13:15:58.3816  INFO - Method: HwpSaveAs, FilePath: C:\workspace\data\20210307\7D2686E0045E4C7F9FA39B5300CC2EEF\0_1_0FC5D3FEC1E1A1B2EF8821A30ABC6510.hwp, outPath: C:\workspace\data\20210307\7D2686E0045E4C7F9FA39B5300CC2EEF\0_1_0FC5D3FEC1E1A1B2EF8821A30ABC6510.pdf
2021-03-07 13:16:00.1877  INFO - ==================== End ====================
2021-03-07 13:16:00.1928  INFO - ==================== Start ====================
2021-03-07 13:16:00.1928  INFO - Method: PDFtoPng, FilePath: C:\workspace\data\20210307\7D2686E0045E4C7F9FA39B5300CC2EEF\0_1_0FC5D3FEC1E1A1B2EF8821A30ABC6510.pdf, outPath: C:\workspace\data\20210307\7D2686E0045E4C7F9FA39B5300CC2EEF\0_1_0FC5D3FEC1E1A1B2EF8821A30ABC6510\
2021-03-07 13:16:00.2491  INFO - Image conversion was successful.
2021-03-07 13:16:00.2491  INFO - ==================== End ====================
2021-03-07 13:16:12.6291  INFO - ==================== Start ====================
2021-03-07 13:16:12.6291  INFO - Method: WordSaveAs, FilePath: C:\workspace\data\20210307\243D3FE4D0D4594EACF0995A30DEA3E6\0_1_2B0F695C4D95C120ECA6BF05EF8F5F98.docx, outPath: C:\workspace\data\20210307\243D3FE4D0D4594EACF0995A30DEA3E6\0_1_2B0F695C4D95C120ECA6BF05EF8F5F98.pdf, docPassword: 
2021-03-07 13:16:15.1585  INFO - Conversion success
2021-03-07 13:16:15.2706  INFO - ==================== End ====================
2021-03-07 13:16:15.2706  INFO - ==================== Start ====================
2021-03-07 13:16:15.2706  INFO - Method: PDFtoPng, FilePath: C:\workspace\data\20210307\243D3FE4D0D4594EACF0995A30DEA3E6\0_1_2B0F695C4D95C120ECA6BF05EF8F5F98.pdf, outPath: C:\workspace\data\20210307\243D3FE4D0D4594EACF0995A30DEA3E6\0_1_2B0F695C4D95C120ECA6BF05EF8F5F98\
2021-03-07 13:16:15.3009  INFO - Image conversion was successful.
2021-03-07 13:16:15.3009  INFO - ==================== End ====================
2021-03-07 13:16:27.7691  INFO - ==================== Start ====================
2021-03-07 13:16:27.7691  INFO - Method: PowerPointSaveAs, FilePath: C:\workspace\data\20210307\D66F5EF27DE6515E19363FA9AD778B29\0_1_3BE374CB580ECAF0273A940F05DC4C40.pptx, outPath: C:\workspace\data\20210307\D66F5EF27DE6515E19363FA9AD778B29\0_1_3BE374CB580ECAF0273A940F05DC4C40.pdf, docPassword: 
2021-03-07 13:16:32.3332  INFO - Conversion success
2021-03-07 13:16:32.3499  INFO - ==================== End ====================
2021-03-07 13:16:32.3499  INFO - ==================== Start ====================
2021-03-07 13:16:32.3499  INFO - Method: PDFtoPng, FilePath: C:\workspace\data\20210307\D66F5EF27DE6515E19363FA9AD778B29\0_1_3BE374CB580ECAF0273A940F05DC4C40.pdf, outPath: C:\workspace\data\20210307\D66F5EF27DE6515E19363FA9AD778B29\0_1_3BE374CB580ECAF0273A940F05DC4C40\
2021-03-07 13:16:32.7154  INFO - Image conversion was successful.
2021-03-07 13:16:32.7154  INFO - ==================== End ====================
2021-03-07 13:16:57.5340  INFO - ==================== Start ====================
2021-03-07 13:16:57.5340  INFO - Method: PowerPointSaveAs, FilePath: C:\workspace\data\20210307\0105146987803D3A5CCCC8A339CC6906\0_1_6D37D13D49D99E23A45D1CF343B5817A.pptx, outPath: C:\workspace\data\20210307\0105146987803D3A5CCCC8A339CC6906\0_1_6D37D13D49D99E23A45D1CF343B5817A.pdf, docPassword: 
2021-03-07 13:17:01.8995  INFO - Conversion success
2021-03-07 13:17:01.9226  INFO - ==================== End ====================
2021-03-07 13:17:01.9226  INFO - ==================== Start ====================
2021-03-07 13:17:01.9226  INFO - Method: PDFtoPng, FilePath: C:\workspace\data\20210307\0105146987803D3A5CCCC8A339CC6906\0_1_6D37D13D49D99E23A45D1CF343B5817A.pdf, outPath: C:\workspace\data\20210307\0105146987803D3A5CCCC8A339CC6906\0_1_6D37D13D49D99E23A45D1CF343B5817A\
2021-03-07 13:17:05.7753  INFO - Image conversion was successful.
2021-03-07 13:17:05.7753  INFO - ==================== End ====================
2021-03-07 13:18:28.1926  INFO - ==================== Start ====================
2021-03-07 13:18:28.1926  INFO - Method: PowerPointSaveAs, FilePath: C:\workspace\data\20210307\066A3DA69804BEA08545FB5695E7124D\0_1_49B9855F8D1771C7CE137B93491DF8A6.pptx, outPath: C:\workspace\data\20210307\066A3DA69804BEA08545FB5695E7124D\0_1_49B9855F8D1771C7CE137B93491DF8A6.pdf, docPassword: 
2021-03-07 13:18:43.2897  INFO - Conversion success
2021-03-07 13:18:43.3088  INFO - ==================== End ====================
2021-03-07 13:18:43.3088  INFO - ==================== Start ====================
2021-03-07 13:18:43.3088  INFO - Method: PDFtoPng, FilePath: C:\workspace\data\20210307\066A3DA69804BEA08545FB5695E7124D\0_1_49B9855F8D1771C7CE137B93491DF8A6.pdf, outPath: C:\workspace\data\20210307\066A3DA69804BEA08545FB5695E7124D\0_1_49B9855F8D1771C7CE137B93491DF8A6\
2021-03-07 13:18:49.3818  INFO - Image conversion was successful.
2021-03-07 13:18:49.3818  INFO - ==================== End ====================
2021-03-07 13:21:53.0653  INFO - ==================== Start ====================
2021-03-07 13:21:53.0653  INFO - Method: PowerPointSaveAs, FilePath: C:\workspace\data\20210307\066A3DA69804BEA08545FB5695E7124D\0_1_49B9855F8D1771C7CE137B93491DF8A6.pptx, outPath: C:\workspace\data\20210307\066A3DA69804BEA08545FB5695E7124D\0_1_49B9855F8D1771C7CE137B93491DF8A6.pdf, docPassword: 
2021-03-07 13:22:10.0416  INFO - Conversion success
2021-03-07 13:22:10.0571  INFO - ==================== End ====================
2021-03-07 13:22:10.0659  INFO - ==================== Start ====================
2021-03-07 13:22:10.0659  INFO - Method: PDFtoPng, FilePath: C:\workspace\data\20210307\066A3DA69804BEA08545FB5695E7124D\0_1_49B9855F8D1771C7CE137B93491DF8A6.pdf, outPath: C:\workspace\data\20210307\066A3DA69804BEA08545FB5695E7124D\0_1_49B9855F8D1771C7CE137B93491DF8A6\
2021-03-07 13:22:16.0762  INFO - Image conversion was successful.
2021-03-07 13:22:16.0762  INFO - ==================== End ====================
2021-03-07 13:24:56.0513  INFO - ==================== Start ====================
2021-03-07 13:24:56.0656  INFO - Method: WordSaveAs, FilePath: C:\workspace\data\20210307\08D9377FDCBA8CF400B615509F50B995\0_1_4811C8B8B90541B93C6C2B78E3461AA4.doc, outPath: C:\workspace\data\20210307\08D9377FDCBA8CF400B615509F50B995\0_1_4811C8B8B90541B93C6C2B78E3461AA4.pdf, docPassword: 
2021-03-07 13:25:05.2203  INFO - Conversion success
2021-03-07 13:25:05.3418  INFO - ==================== End ====================
2021-03-07 13:25:05.3501  INFO - ==================== Start ====================
2021-03-07 13:25:05.3501  INFO - Method: PDFtoPng, FilePath: C:\workspace\data\20210307\08D9377FDCBA8CF400B615509F50B995\0_1_4811C8B8B90541B93C6C2B78E3461AA4.pdf, outPath: C:\workspace\data\20210307\08D9377FDCBA8CF400B615509F50B995\0_1_4811C8B8B90541B93C6C2B78E3461AA4\
2021-03-07 13:25:06.7022  INFO - Image conversion was successful.
2021-03-07 13:25:06.7022  INFO - ==================== End ====================
2021-03-07 13:34:13.8687  INFO - ==================== Start ====================
2021-03-07 13:34:13.8687  INFO - Method: WordSaveAs, FilePath: C:\workspace\data\20210307\08D9377FDCBA8CF400B615509F50B995\0_1_4811C8B8B90541B93C6C2B78E3461AA4.doc, outPath: C:\workspace\data\20210307\08D9377FDCBA8CF400B615509F50B995\0_1_4811C8B8B90541B93C6C2B78E3461AA4.pdf, docPassword: 
2021-03-07 13:34:24.1318  INFO - Conversion success
2021-03-07 13:34:24.2395  INFO - ==================== End ====================
2021-03-07 13:34:24.2597  INFO - ==================== Start ====================
2021-03-07 13:34:24.2597  INFO - Method: PDFtoPng, FilePath: C:\workspace\data\20210307\08D9377FDCBA8CF400B615509F50B995\0_1_4811C8B8B90541B93C6C2B78E3461AA4.pdf, outPath: C:\workspace\data\20210307\08D9377FDCBA8CF400B615509F50B995\0_1_4811C8B8B90541B93C6C2B78E3461AA4\
2021-03-07 13:34:25.6328  INFO - Image conversion was successful.
2021-03-07 13:34:25.6328  INFO - ==================== End ====================
2021-03-07 13:37:18.1337  INFO - ==================== Start ====================
2021-03-07 13:37:18.1433  INFO - Method: PowerPointSaveAs, FilePath: C:\workspace\data\20210307\D707411DEAB89C5BF24124E806EEE998\0_1_A4A99D04196229EDEEFCE02EF2FECEA5.pptx, outPath: C:\workspace\data\20210307\D707411DEAB89C5BF24124E806EEE998\0_1_A4A99D04196229EDEEFCE02EF2FECEA5.pdf, docPassword: 
2021-03-07 13:37:24.0910  INFO - Conversion success
2021-03-07 13:37:24.1039  INFO - ==================== End ====================
2021-03-07 13:37:24.1168  INFO - ==================== Start ====================
2021-03-07 13:37:24.1168  INFO - Method: PDFtoPng, FilePath: C:\workspace\data\20210307\D707411DEAB89C5BF24124E806EEE998\0_1_A4A99D04196229EDEEFCE02EF2FECEA5.pdf, outPath: C:\workspace\data\20210307\D707411DEAB89C5BF24124E806EEE998\0_1_A4A99D04196229EDEEFCE02EF2FECEA5\
2021-03-07 13:37:25.2312  INFO - Image conversion was successful.
2021-03-07 13:37:25.2312  INFO - ==================== End ====================
