2020-04-15 12:37:26.3435  INFO - [Socket]핸들러 등록 완료
2020-04-15 12:37:26.3435  INFO - [Socket]서버 생성 성공
2020-04-15 12:37:26.3744  INFO - [Socket Server Listening...]
2020-04-15 12:37:26.3744  INFO - [Socket][INFO] IP: 127.0.0.1   포트: 12000   프로토콜: Tcp   서버이름: ConvertServer
2020-04-15 12:37:26.5130  INFO - [Web Socket Server Listening...]
2020-04-15 12:37:26.5130  INFO - [Web Socket][INFO] IP: 127.0.0.1   포트: 12005
2020-04-15 12:38:32.2342  INFO - [Socket]핸들러 등록 완료
2020-04-15 12:38:32.2342  INFO - [Socket]서버 생성 성공
2020-04-15 12:38:32.2651  INFO - [Socket Server Listening...]
2020-04-15 12:38:32.2651  INFO - [Socket][INFO] IP: 127.0.0.1   포트: 12000   프로토콜: Tcp   서버이름: ConvertServer
2020-04-15 12:38:32.3758  INFO - [Web Socket Server Listening...]
2020-04-15 12:38:32.3758  INFO - [Web Socket][INFO] IP: 127.0.0.1   포트: 12005
2020-04-15 12:42:18.4391  INFO - 나의 하드웨어 ID: BFEBFBFF000806EB
2020-04-15 12:42:18.4680  INFO - 라이센스 만료날짜: 2020-04-30
2020-04-15 12:42:18.5378  INFO - [Socket]핸들러 등록 완료
2020-04-15 12:42:18.5378  INFO - [Socket]서버 생성 성공
2020-04-15 12:42:18.5617  INFO - [Socket Server Listening...]
2020-04-15 12:42:18.5617  INFO - [Socket][INFO] IP: 127.0.0.1   포트: 12000   프로토콜: Tcp   서버이름: ConvertServer
2020-04-15 12:42:18.6774  INFO - [Web Socket Server Listening...]
2020-04-15 12:42:18.6774  INFO - [Web Socket][INFO] IP: 127.0.0.1   포트: 12005
2020-04-15 14:12:08.8821  INFO - 나의 하드웨어 ID: BFEBFBFF000806EB
2020-04-15 14:12:08.9160  INFO - 라이센스 만료날짜: 2020-04-30
2020-04-15 14:12:09.0177  INFO - [Socket]핸들러 등록 완료
2020-04-15 14:12:09.0177  INFO - [Socket]서버 생성 성공
2020-04-15 14:12:09.0467  INFO - [Socket Server Listening...]
2020-04-15 14:12:09.0467  INFO - [Socket][INFO] IP: 127.0.0.1   포트: 12000   프로토콜: Tcp   서버이름: ConvertServer
2020-04-15 14:12:09.1534  INFO - [Web Socket Server Listening...]
2020-04-15 14:12:09.1534  INFO - [Web Socket][INFO] IP: 127.0.0.1   포트: 12005
2020-04-15 14:13:43.8471  INFO - 나의 하드웨어 ID: BFEBFBFF000806EB
2020-04-15 14:13:43.8791  INFO - 라이센스 만료날짜: 2020-04-30
2020-04-15 14:13:43.9758  INFO - [Socket]핸들러 등록 완료
2020-04-15 14:13:43.9758  INFO - [Socket]서버 생성 성공
2020-04-15 14:13:44.0077  INFO - [Socket Server Listening...]
2020-04-15 14:13:44.0077  INFO - [Socket][INFO] IP: 127.0.0.1   포트: 12000   프로토콜: Tcp   서버이름: ConvertServer
2020-04-15 14:13:44.1174  INFO - [Web Socket Server Listening...]
2020-04-15 14:13:44.1174  INFO - [Web Socket][INFO] IP: 127.0.0.1   포트: 12005
2020-04-15 14:14:03.8629  INFO - 나의 하드웨어 ID: BFEBFBFF000806EB
2020-04-15 14:14:03.9107  INFO - 라이센스 만료날짜: 2020-04-30
2020-04-15 14:14:03.9895  INFO - [Socket]핸들러 등록 완료
2020-04-15 14:14:03.9895  INFO - [Socket]서버 생성 성공
2020-04-15 14:14:04.0324  INFO - [Socket Server Listening...]
2020-04-15 14:14:04.0324  INFO - [Socket][INFO] IP: 127.0.0.1   포트: 12000   프로토콜: Tcp   서버이름: ConvertServer
2020-04-15 14:14:04.1301  INFO - [Web Socket Server Listening...]
2020-04-15 14:14:04.1301  INFO - [Web Socket][INFO] IP: 127.0.0.1   포트: 12005
2020-04-15 14:14:21.8821  INFO - 나의 하드웨어 ID: BFEBFBFF000806EB
2020-04-15 14:14:21.9230  INFO - 라이센스 만료날짜: 2020-04-30
2020-04-15 14:14:22.0217  INFO - [Socket]핸들러 등록 완료
2020-04-15 14:14:22.0227  INFO - [Socket]서버 생성 성공
2020-04-15 14:14:22.0626  INFO - [Socket Server Listening...]
2020-04-15 14:14:22.0626  INFO - [Socket][INFO] IP: 127.0.0.1   포트: 12000   프로토콜: Tcp   서버이름: ConvertServer
2020-04-15 14:14:22.1992  INFO - [Web Socket Server Listening...]
2020-04-15 14:14:22.1992  INFO - [Web Socket][INFO] IP: 127.0.0.1   포트: 12005
2020-04-15 14:15:22.5183  INFO - 나의 하드웨어 ID: BFEBFBFF000806EB
2020-04-15 14:15:22.5501  INFO - 라이센스 만료날짜: 2020-04-30
2020-04-15 14:15:22.6519  INFO - [Socket]핸들러 등록 완료
2020-04-15 14:15:22.6519  INFO - [Socket]서버 생성 성공
2020-04-15 14:15:22.6868  INFO - [Socket Server Listening...]
2020-04-15 14:15:22.6868  INFO - [Socket][INFO] IP: 127.0.0.1   포트: 12000   프로토콜: Tcp   서버이름: ConvertServer
2020-04-15 14:15:22.8084  INFO - [Web Socket Server Listening...]
2020-04-15 14:15:22.8084  INFO - [Web Socket][INFO] IP: 127.0.0.1   포트: 12005
2020-04-15 14:42:53.8050  INFO - 나의 하드웨어 ID: BFEBFBFF000806EB
2020-04-15 14:42:53.8419  INFO - 라이센스 만료날짜: 2020-04-30
2020-04-15 14:42:53.9376  INFO - [Socket]핸들러 등록 완료
2020-04-15 14:42:53.9376  INFO - [Socket]서버 생성 성공
2020-04-15 14:42:53.9775  INFO - [Socket Server Listening...]
2020-04-15 14:42:53.9775  INFO - [Socket][INFO] IP: 127.0.0.1   포트: 12000   프로토콜: Tcp   서버이름: ConvertServer
2020-04-15 14:42:54.0942  INFO - [Web Socket Server Listening...]
2020-04-15 14:42:54.0942  INFO - [Web Socket][INFO] IP: 127.0.0.1   포트: 12005
2020-04-15 14:50:41.2253  INFO - 나의 하드웨어 ID: BFEBFBFF000806EB
2020-04-15 14:50:41.2662  INFO - 라이센스 만료날짜: 2020-04-30
2020-04-15 14:50:41.3599  INFO - [Socket]핸들러 등록 완료
2020-04-15 14:50:41.3599  INFO - [Socket]서버 생성 성공
2020-04-15 14:50:41.3988  INFO - [Socket Server Listening...]
2020-04-15 14:50:41.3988  INFO - [Socket][INFO] IP: 127.0.0.1   포트: 12000   프로토콜: Tcp   서버이름: ConvertServer
2020-04-15 14:50:41.5215  INFO - [Web Socket Server Listening...]
2020-04-15 14:50:41.5215  INFO - [Web Socket][INFO] IP: 127.0.0.1   포트: 12005
2020-04-15 15:02:08.8464  INFO - 나의 하드웨어 ID: BFEBFBFF000806EB
2020-04-15 15:02:08.8773  INFO - 라이센스 만료날짜: 2020-04-30
2020-04-15 15:02:08.9641  INFO - [Socket]핸들러 등록 완료
2020-04-15 15:02:08.9641  INFO - [Socket]서버 생성 성공
2020-04-15 15:02:08.9940  INFO - [Socket Server Listening...]
2020-04-15 15:02:08.9940  INFO - [Socket][INFO] IP: 127.0.0.1   포트: 12000   프로토콜: Tcp   서버이름: ConvertServer
2020-04-15 15:02:09.0948  INFO - [Web Socket Server Listening...]
2020-04-15 15:02:09.0948  INFO - [Web Socket][INFO] IP: 127.0.0.1   포트: 12005
2020-04-15 15:04:02.2870  INFO - 나의 하드웨어 ID: BFEBFBFF000806EB
2020-04-15 15:04:02.3119  INFO - 라이센스 만료날짜: 2020-04-30
2020-04-15 15:04:02.3558  INFO - [Socket]핸들러 등록 완료
2020-04-15 15:04:02.3558  INFO - [Socket]서버 생성 성공
2020-04-15 15:04:02.3788  INFO - [Socket Server Listening...]
2020-04-15 15:04:02.3788  INFO - [Socket][INFO] IP: 127.0.0.1   포트: 12000   프로토콜: Tcp   서버이름: ConvertServer
2020-04-15 15:04:02.4296  INFO - [Web Socket Server Listening...]
2020-04-15 15:04:02.4296  INFO - [Web Socket][INFO] IP: 127.0.0.1   포트: 12005
2020-04-15 15:12:49.9115  INFO - 나의 하드웨어 ID: BFEBFBFF000806EB
2020-04-15 15:12:49.9354  INFO - 라이센스 만료날짜: 2020-04-30
2020-04-15 15:12:49.9723  INFO - [Socket]핸들러 등록 완료
2020-04-15 15:12:49.9723  INFO - [Socket]서버 생성 성공
2020-04-15 15:13:01.3549  INFO - 나의 하드웨어 ID: BFEBFBFF000806EB
2020-04-15 15:13:01.3799  INFO - 라이센스 만료날짜: 2020-04-30
2020-04-15 15:13:01.4168  INFO - [Socket]핸들러 등록 완료
2020-04-15 15:13:01.4168  INFO - [Socket]서버 생성 성공
2020-04-15 15:13:01.4347  INFO - [Socket Server Listening...]
2020-04-15 15:13:01.4347  INFO - [Socket][INFO] IP: 127.0.0.1   포트: 12000   프로토콜: Tcp   서버이름: ConvertServer
2020-04-15 15:13:01.4736  INFO - [Web Socket Server Listening...]
2020-04-15 15:13:01.4736  INFO - [Web Socket][INFO] IP: 127.0.0.1   포트: 12005
2020-04-15 15:13:46.7578  INFO - 나의 하드웨어 ID: BFEBFBFF000806EB
2020-04-15 15:13:46.7847  INFO - 라이센스 만료날짜: 2020-04-30
2020-04-15 15:13:46.8236  INFO - [Socket]핸들러 등록 완료
2020-04-15 15:13:46.8236  INFO - [Socket]서버 생성 성공
2020-04-15 15:13:46.8455  INFO - [Socket Server Listening...]
2020-04-15 15:13:46.8455  INFO - [Socket][INFO] IP: 127.0.0.1   포트: 12000   프로토콜: Tcp   서버이름: ConvertServer
2020-04-15 15:13:46.8924  INFO - [Web Socket Server Listening...]
2020-04-15 15:13:46.8924  INFO - [Web Socket][INFO] IP: 127.0.0.1   포트: 12005
2020-04-15 15:16:14.1447  INFO - 나의 하드웨어 ID: BFEBFBFF000806EB
2020-04-15 15:16:14.1626  INFO - 라이센스 만료날짜: 2020-04-30
2020-04-15 15:16:14.1976  INFO - [Socket]핸들러 등록 완료
2020-04-15 15:16:14.1976  INFO - [Socket]서버 생성 성공
2020-04-15 15:28:40.5085  INFO - 나의 하드웨어 ID: BFEBFBFF000806EB
2020-04-15 15:28:40.5345  INFO - 라이센스 만료날짜: 2020-04-30
2020-04-15 15:28:40.5734  INFO - [Socket]핸들러 등록 완료
2020-04-15 15:28:40.5734  INFO - [Socket]서버 생성 성공
2020-04-15 15:28:40.5923  INFO - [Socket Server Listening...]
2020-04-15 15:28:40.5923  INFO - [Socket][INFO] IP: 127.0.0.1   포트: 12000   프로토콜: Tcp   서버이름: ConvertServer
2020-04-15 15:28:40.6322  INFO - [Web Socket Server Listening...]
2020-04-15 15:28:40.6322  INFO - [Web Socket][INFO] IP: 127.0.0.1   포트: 12005
2020-04-15 15:29:54.6833  INFO - 나의 하드웨어 ID: BFEBFBFF000806EB
2020-04-15 15:29:54.7082  INFO - 라이센스 만료날짜: 2020-04-30
2020-04-15 15:29:54.7471  INFO - [Socket]핸들러 등록 완료
2020-04-15 15:29:54.7471  INFO - [Socket]서버 생성 성공
2020-04-15 15:29:54.7680  INFO - [Socket Server Listening...]
2020-04-15 15:29:54.7680  INFO - [Socket][INFO] IP: 127.0.0.1   포트: 12000   프로토콜: Tcp   서버이름: ConvertServer
2020-04-15 15:29:54.8149  INFO - [Web Socket Server Listening...]
2020-04-15 15:29:54.8149  INFO - [Web Socket][INFO] IP: 127.0.0.1   포트: 12005
2020-04-15 15:30:05.6194  INFO - 
[Socket][Client => Server]
{
  "KEY": "B29D00A3 - F825 - 4EB7 - 93C1 - A77F5E31A7C2",
  "Method": "WebCapture",
  "URL": "https://www.naver.com/"
}

2020-04-15 15:30:05.6743  INFO - 
[Socket][Server => Client]
{
  "isSuccess": false,
  "msg": "개체 참조가 개체의 인스턴스로 설정되지 않았습니다."
}

2020-04-15 15:30:05.6743  INFO - [Socket] 작업 소요시간: 00:00:00.0538872
2020-04-15 15:30:05.6923  INFO - [Socket]세션ID: 7fdb9857-dee5-4e62-ac54-d65964b97c3d 접속해제: ClientClosing
2020-04-15 15:31:38.8172  INFO - 나의 하드웨어 ID: BFEBFBFF000806EB
2020-04-15 15:31:38.8442  INFO - 라이센스 만료날짜: 2020-04-30
2020-04-15 15:31:38.9339  INFO - [Socket]핸들러 등록 완료
2020-04-15 15:31:38.9339  INFO - [Socket]서버 생성 성공
2020-04-15 15:31:38.9668  INFO - [Socket Server Listening...]
2020-04-15 15:31:38.9668  INFO - [Socket][INFO] IP: 127.0.0.1   포트: 12000   프로토콜: Tcp   서버이름: ConvertServer
2020-04-15 15:31:39.0755  INFO - [Web Socket Server Listening...]
2020-04-15 15:31:39.0755  INFO - [Web Socket][INFO] IP: 127.0.0.1   포트: 12005
2020-04-15 15:32:10.6638  INFO - 
[Socket][Client => Server]
{
  "KEY": "B29D00A3 - F825 - 4EB7 - 93C1 - A77F5E31A7C2",
  "Method": "WebCapture",
  "URL": "https://www.naver.com/"
}

2020-04-15 15:32:38.1404  INFO - 나의 하드웨어 ID: BFEBFBFF000806EB
2020-04-15 15:32:38.1723  INFO - 라이센스 만료날짜: 2020-04-30
2020-04-15 15:32:38.2630  INFO - [Socket]핸들러 등록 완료
2020-04-15 15:32:38.2630  INFO - [Socket]서버 생성 성공
2020-04-15 15:32:38.2939  INFO - [Socket Server Listening...]
2020-04-15 15:32:38.2939  INFO - [Socket][INFO] IP: 127.0.0.1   포트: 12000   프로토콜: Tcp   서버이름: ConvertServer
2020-04-15 15:32:38.4106  INFO - [Web Socket Server Listening...]
2020-04-15 15:32:38.4106  INFO - [Web Socket][INFO] IP: 127.0.0.1   포트: 12005
2020-04-15 15:32:39.2474  INFO - 
[Socket][Client => Server]
{
  "KEY": "B29D00A3 - F825 - 4EB7 - 93C1 - A77F5E31A7C2",
  "Method": "WebCapture",
  "URL": "https://www.naver.com/"
}

2020-04-15 15:32:45.2638  INFO - 
[Socket][Server => Client]
{
  "isSuccess": false,
  "msg": "현재 스레드가 단일 스레드 아파트에 없으므로 ActiveX 컨트롤 '8856f961-340a-11d0-a96b-00c04fd705a2'을(를) 인스턴스화할 수 없습니다."
}

2020-04-15 15:32:45.2638  INFO - [Socket] 작업 소요시간: 00:00:06.0133781
2020-04-15 15:32:45.2827  INFO - [Socket]세션ID: 0cfb2c7c-d24f-49f2-ba66-124b62723499 접속해제: ClientClosing
2020-04-15 15:32:53.1550  INFO - 
[Socket][Client => Server]
{
  "KEY": "B29D00A3 - F825 - 4EB7 - 93C1 - A77F5E31A7C2",
  "Method": "WebCapture",
  "URL": "https://www.naver.com/"
}

2020-04-15 15:32:53.1719  INFO - 
[Socket][Server => Client]
{
  "isSuccess": false,
  "msg": "현재 스레드가 단일 스레드 아파트에 없으므로 ActiveX 컨트롤 '8856f961-340a-11d0-a96b-00c04fd705a2'을(를) 인스턴스화할 수 없습니다."
}

2020-04-15 15:32:53.1719  INFO - [Socket] 작업 소요시간: 00:00:00.0119773
2020-04-15 15:32:53.1789  INFO - [Socket]세션ID: c3cc4f71-2e2d-4031-a90c-8e547c4533ef 접속해제: ClientClosing
2020-04-15 15:41:33.6695  INFO - 나의 하드웨어 ID: BFEBFBFF000806EB
2020-04-15 15:41:33.6944  INFO - 라이센스 만료날짜: 2020-04-30
2020-04-15 15:41:33.7383  INFO - [Socket]핸들러 등록 완료
2020-04-15 15:41:33.7383  INFO - [Socket]서버 생성 성공
2020-04-15 15:41:33.7602  INFO - [Socket Server Listening...]
2020-04-15 15:41:33.7602  INFO - [Socket][INFO] IP: 127.0.0.1   포트: 12000   프로토콜: Tcp   서버이름: ConvertServer
2020-04-15 15:41:33.8081  INFO - [Web Socket Server Listening...]
2020-04-15 15:41:33.8081  INFO - [Web Socket][INFO] IP: 127.0.0.1   포트: 12005
2020-04-15 15:42:00.6046  INFO - 나의 하드웨어 ID: BFEBFBFF000806EB
2020-04-15 15:42:00.6306  INFO - 라이센스 만료날짜: 2020-04-30
2020-04-15 15:42:00.6804  INFO - [Socket]핸들러 등록 완료
2020-04-15 15:42:00.6804  INFO - [Socket]서버 생성 성공
2020-04-15 15:42:00.7054  INFO - [Socket Server Listening...]
2020-04-15 15:42:00.7054  INFO - [Socket][INFO] IP: 127.0.0.1   포트: 12000   프로토콜: Tcp   서버이름: ConvertServer
2020-04-15 15:42:00.7572  INFO - [Web Socket Server Listening...]
2020-04-15 15:42:00.7572  INFO - [Web Socket][INFO] IP: 127.0.0.1   포트: 12005
2020-04-15 15:44:21.7189  INFO - 나의 하드웨어 ID: BFEBFBFF000806EB
2020-04-15 15:44:21.7429  INFO - 라이센스 만료날짜: 2020-04-30
2020-04-15 15:44:21.7877  INFO - [Socket]핸들러 등록 완료
2020-04-15 15:44:21.7877  INFO - [Socket]서버 생성 성공
2020-04-15 15:44:21.8107  INFO - [Socket Server Listening...]
2020-04-15 15:44:21.8107  INFO - [Socket][INFO] IP: 127.0.0.1   포트: 12000   프로토콜: Tcp   서버이름: ConvertServer
2020-04-15 15:44:21.8546  INFO - [Web Socket Server Listening...]
2020-04-15 15:44:21.8546  INFO - [Web Socket][INFO] IP: 127.0.0.1   포트: 12005
2020-04-15 15:44:51.4849  INFO - 나의 하드웨어 ID: BFEBFBFF000806EB
2020-04-15 15:44:51.5068  INFO - 라이센스 만료날짜: 2020-04-30
2020-04-15 15:44:51.5676  INFO - [Socket]핸들러 등록 완료
2020-04-15 15:44:51.5676  INFO - [Socket]서버 생성 성공
2020-04-15 15:44:51.5995  INFO - [Socket Server Listening...]
2020-04-15 15:44:51.6005  INFO - [Socket][INFO] IP: 127.0.0.1   포트: 12000   프로토콜: Tcp   서버이름: ConvertServer
2020-04-15 15:44:51.6424  INFO - [Web Socket Server Listening...]
2020-04-15 15:44:51.6424  INFO - [Web Socket][INFO] IP: 127.0.0.1   포트: 12005
2020-04-15 15:45:17.9350  INFO - 
[Socket][Client => Server]
{
  "KEY": "B29D00A3 - F825 - 4EB7 - 93C1 - A77F5E31A7C2",
  "Method": "WebCapture",
  "URL": "https://www.naver.com/"
}

2020-04-15 15:45:17.9809  INFO - 
[Socket][Server => Client]
{
  "isSuccess": false,
  "msg": "개체 참조가 개체의 인스턴스로 설정되지 않았습니다."
}

2020-04-15 15:45:17.9809  INFO - [Socket] 작업 소요시간: 00:00:00.0438787
2020-04-15 15:45:17.9809  INFO - [Socket]세션ID: 230cd024-50c1-4d4c-9199-98217ba46d28 접속해제: ClientClosing
2020-04-15 15:45:35.0459  INFO - 
[Socket][Client => Server]
{
  "KEY": "B29D00A3 - F825 - 4EB7 - 93C1 - A77F5E31A7C2",
  "Method": "WebCapture",
  "URL": "https://www.naver.com/"
}

2020-04-15 15:45:35.0459  INFO - 
[Socket][Server => Client]
{
  "isSuccess": false,
  "msg": "개체 참조가 개체의 인스턴스로 설정되지 않았습니다."
}

2020-04-15 15:45:35.0459  INFO - [Socket] 작업 소요시간: 00:00:00
2020-04-15 15:45:35.0628  INFO - [Socket]세션ID: a8d39d76-a656-4985-bb8b-e7aa5bcd5944 접속해제: ClientClosing
2020-04-15 15:45:56.0092  INFO - 나의 하드웨어 ID: BFEBFBFF000806EB
2020-04-15 15:45:56.0391  INFO - 라이센스 만료날짜: 2020-04-30
2020-04-15 15:45:56.1239  INFO - [Socket]핸들러 등록 완료
2020-04-15 15:45:56.1239  INFO - [Socket]서버 생성 성공
2020-04-15 15:45:56.1548  INFO - [Socket Server Listening...]
2020-04-15 15:45:56.1548  INFO - [Socket][INFO] IP: 127.0.0.1   포트: 12000   프로토콜: Tcp   서버이름: ConvertServer
2020-04-15 15:45:56.2535  INFO - [Web Socket Server Listening...]
2020-04-15 15:45:56.2535  INFO - [Web Socket][INFO] IP: 127.0.0.1   포트: 12005
2020-04-15 15:46:35.4554  INFO - 
[Socket][Client => Server]
{
  "KEY": "B29D00A3 - F825 - 4EB7 - 93C1 - A77F5E31A7C2",
  "Method": "WebCapture",
  "URL": "https://www.naver.com/"
}

2020-04-15 15:47:58.9073  INFO - 나의 하드웨어 ID: BFEBFBFF000806EB
2020-04-15 15:47:58.9392  INFO - 라이센스 만료날짜: 2020-04-30
2020-04-15 15:47:59.0120  INFO - [Socket]핸들러 등록 완료
2020-04-15 15:47:59.0120  INFO - [Socket]서버 생성 성공
2020-04-15 15:47:59.0479  INFO - [Socket Server Listening...]
2020-04-15 15:47:59.0479  INFO - [Socket][INFO] IP: 127.0.0.1   포트: 12000   프로토콜: Tcp   서버이름: ConvertServer
2020-04-15 15:47:59.1427  INFO - [Web Socket Server Listening...]
2020-04-15 15:47:59.1427  INFO - [Web Socket][INFO] IP: 127.0.0.1   포트: 12005
2020-04-15 15:48:11.1476  INFO - 
[Socket][Client => Server]
{
  "KEY": "B29D00A3 - F825 - 4EB7 - 93C1 - A77F5E31A7C2",
  "Method": "WebCapture",
  "URL": "https://www.naver.com/"
}

2020-04-15 15:48:35.0670  INFO - 나의 하드웨어 ID: BFEBFBFF000806EB
2020-04-15 15:48:35.0999  INFO - 라이센스 만료날짜: 2020-04-30
2020-04-15 15:48:35.1897  INFO - [Socket]핸들러 등록 완료
2020-04-15 15:48:35.1897  INFO - [Socket]서버 생성 성공
2020-04-15 15:48:35.2466  INFO - [Socket Server Listening...]
2020-04-15 15:48:35.2466  INFO - [Socket][INFO] IP: 127.0.0.1   포트: 12000   프로토콜: Tcp   서버이름: ConvertServer
2020-04-15 15:48:35.3782  INFO - [Web Socket Server Listening...]
2020-04-15 15:48:35.3782  INFO - [Web Socket][INFO] IP: 127.0.0.1   포트: 12005
2020-04-15 15:48:38.3828  INFO - 
[Socket][Client => Server]
{
  "KEY": "B29D00A3 - F825 - 4EB7 - 93C1 - A77F5E31A7C2",
  "Method": "WebCapture",
  "URL": "https://www.naver.com/"
}

2020-04-15 15:48:48.9755  INFO - 
[Socket][Server => Client]
{
  "URL": "",
  "isSuccess": true,
  "msg": "테스트"
}

2020-04-15 15:48:48.9755  INFO - [Socket] 작업 소요시간: 00:00:10.5917083
2020-04-15 15:49:00.3301  INFO - [Socket]세션ID: f7e0902e-7b91-4bb0-bc12-c2f090f0fce5 접속해제: SocketError
2020-04-15 15:55:08.5070  INFO - 나의 하드웨어 ID: BFEBFBFF000806EB
2020-04-15 15:55:08.5389  INFO - 라이센스 만료날짜: 2020-04-30
2020-04-15 15:55:08.6267  INFO - [Socket]핸들러 등록 완료
2020-04-15 15:55:08.6267  INFO - [Socket]서버 생성 성공
2020-04-15 15:55:08.6646  INFO - [Socket Server Listening...]
2020-04-15 15:55:08.6646  INFO - [Socket][INFO] IP: 127.0.0.1   포트: 12000   프로토콜: Tcp   서버이름: ConvertServer
2020-04-15 15:55:08.7603  INFO - [Web Socket Server Listening...]
2020-04-15 15:55:08.7603  INFO - [Web Socket][INFO] IP: 127.0.0.1   포트: 12005
2020-04-15 15:55:25.7058  INFO - 
[Socket][Client => Server]
{
  "KEY": "B29D00A3 - F825 - 4EB7 - 93C1 - A77F5E31A7C2",
  "Method": "WebCapture",
  "URL": "https://www.naver.com/"
}

2020-04-15 15:55:31.4100  INFO - 
[Socket][Server => Client]
{
  "URL": "",
  "isSuccess": true,
  "msg": "테스트",
  "convertImgCnt": 0,
  "Method": "WebCapture"
}

2020-04-15 15:55:31.4149  INFO - [Socket] 작업 소요시간: 00:00:05.7021576
2020-04-15 15:55:39.3021  INFO - [Socket]세션ID: 3470d474-ad4d-4631-a142-43e2f98a49f8 접속해제: SocketError
2020-04-15 15:55:53.0327  INFO - 나의 하드웨어 ID: BFEBFBFF000806EB
2020-04-15 15:55:53.0546  INFO - 라이센스 만료날짜: 2020-04-30
2020-04-15 15:55:53.1024  INFO - [Socket]핸들러 등록 완료
2020-04-15 15:55:53.1024  INFO - [Socket]서버 생성 성공
2020-04-15 15:55:53.1254  INFO - [Socket Server Listening...]
2020-04-15 15:55:53.1254  INFO - [Socket][INFO] IP: 127.0.0.1   포트: 12000   프로토콜: Tcp   서버이름: ConvertServer
2020-04-15 15:55:53.1693  INFO - [Web Socket Server Listening...]
2020-04-15 15:55:53.1693  INFO - [Web Socket][INFO] IP: 127.0.0.1   포트: 12005
2020-04-15 15:56:18.0302  INFO - 나의 하드웨어 ID: BFEBFBFF000806EB
2020-04-15 15:56:18.0631  INFO - 라이센스 만료날짜: 2020-04-30
2020-04-15 15:56:18.1329  INFO - [Socket]핸들러 등록 완료
2020-04-15 15:56:18.1329  INFO - [Socket]서버 생성 성공
2020-04-15 15:56:18.1618  INFO - [Socket Server Listening...]
2020-04-15 15:56:18.1618  INFO - [Socket][INFO] IP: 127.0.0.1   포트: 12000   프로토콜: Tcp   서버이름: ConvertServer
2020-04-15 15:56:18.2346  INFO - [Web Socket Server Listening...]
2020-04-15 15:56:18.2346  INFO - [Web Socket][INFO] IP: 127.0.0.1   포트: 12005
2020-04-15 15:57:46.6666  INFO - 나의 하드웨어 ID: BFEBFBFF000806EB
2020-04-15 15:57:46.6916  INFO - 라이센스 만료날짜: 2020-04-30
2020-04-15 15:57:46.7434  INFO - [Socket]핸들러 등록 완료
2020-04-15 15:57:46.7434  INFO - [Socket]서버 생성 성공
2020-04-15 15:57:46.7694  INFO - [Socket Server Listening...]
2020-04-15 15:57:46.7694  INFO - [Socket][INFO] IP: 127.0.0.1   포트: 12000   프로토콜: Tcp   서버이름: ConvertServer
2020-04-15 15:57:46.8242  INFO - [Web Socket Server Listening...]
2020-04-15 15:57:46.8242  INFO - [Web Socket][INFO] IP: 127.0.0.1   포트: 12005
2020-04-15 15:57:49.9871  INFO - 
[Socket][Client => Server]
{
  "KEY": "B29D00A3 - F825 - 4EB7 - 93C1 - A77F5E31A7C2",
  "Method": "WebCapture",
  "URL": "https://www.naver.com/"
}

2020-04-15 15:57:50.1078  INFO - 
[Socket][Server => Client]
{
  "URL": "",
  "isSuccess": true,
  "msg": "테스트",
  "convertImgCnt": 0,
  "Method": "WebCapture"
}

2020-04-15 15:57:50.1078  INFO - [Socket] 작업 소요시간: 00:00:00.1206789
2020-04-15 15:58:04.8401  INFO - [Socket]세션ID: 19cd9385-93d8-438f-9138-b3197cdee932 접속해제: ClientClosing
2020-04-15 15:58:31.9143  INFO - 
[Socket][Client => Server]
{
  "KEY": "B29D00A3 - F825 - 4EB7 - 93C1 - A77F5E31A7C2",
  "Method": "WebCapture",
  "URL": "https://www.naver.com/"
}

2020-04-15 15:58:31.9373  INFO - 
[Socket][Server => Client]
{
  "URL": "",
  "isSuccess": true,
  "msg": "테스트",
  "convertImgCnt": 0,
  "Method": "WebCapture"
}

2020-04-15 15:58:31.9373  INFO - [Socket] 작업 소요시간: 00:00:00.0229401
2020-04-15 15:58:31.9483  INFO - [Socket]세션ID: 85ad7166-7a6f-4f95-b991-5ec2af0f6514 접속해제: ClientClosing
2020-04-15 16:16:46.8630  INFO - 나의 하드웨어 ID: BFEBFBFF000806EB
2020-04-15 16:16:46.8839  INFO - 라이센스 만료날짜: 2020-04-30
2020-04-15 16:16:46.9238  INFO - [Socket]핸들러 등록 완료
2020-04-15 16:16:46.9238  INFO - [Socket]서버 생성 성공
2020-04-15 16:16:46.9468  INFO - [Socket Server Listening...]
2020-04-15 16:16:46.9468  INFO - [Socket][INFO] IP: 127.0.0.1   포트: 12000   프로토콜: Tcp   서버이름: ConvertServer
2020-04-15 16:16:46.9927  INFO - [Web Socket Server Listening...]
2020-04-15 16:16:46.9927  INFO - [Web Socket][INFO] IP: 127.0.0.1   포트: 12005
2020-04-15 16:16:59.2538  INFO - 
[Socket][Client => Server]
{
  "KEY": "B29D00A3 - F825 - 4EB7 - 93C1 - A77F5E31A7C2",
  "Method": "WebCapture",
  "URL": "http://www.naver.com"
}

2020-04-15 16:16:59.3705  INFO - 
[Socket][Server => Client]
{
  "URL": "",
  "isSuccess": true,
  "msg": "테스트",
  "convertImgCnt": 0,
  "Method": "WebCapture"
}

2020-04-15 16:16:59.3705  INFO - [Socket] 작업 소요시간: 00:00:00.1146846
2020-04-15 16:16:59.3845  INFO - [Socket]세션ID: 5628cd3e-0c9c-4395-8b69-b17bb8b969df 접속해제: ClientClosing
2020-04-15 16:22:43.1938  INFO - 나의 하드웨어 ID: BFEBFBFF000806EB
2020-04-15 16:22:43.2207  INFO - 라이센스 만료날짜: 2020-04-30
2020-04-15 16:22:43.2726  INFO - [Socket]핸들러 등록 완료
2020-04-15 16:22:43.2726  INFO - [Socket]서버 생성 성공
2020-04-15 16:22:43.2965  INFO - [Socket Server Listening...]
2020-04-15 16:22:43.2965  INFO - [Socket][INFO] IP: 127.0.0.1   포트: 12000   프로토콜: Tcp   서버이름: ConvertServer
2020-04-15 16:22:43.3444  INFO - [Web Socket Server Listening...]
2020-04-15 16:22:43.3444  INFO - [Web Socket][INFO] IP: 127.0.0.1   포트: 12005
2020-04-15 16:23:04.4939  INFO - 
[Socket][Client => Server]
{
  "KEY": "B29D00A3 - F825 - 4EB7 - 93C1 - A77F5E31A7C2",
  "Method": "WebCapture",
  "URL": "https://www.naver.com/"
}

2020-04-15 16:23:04.6115  INFO - 
[Socket][Server => Client]
{
  "URL": "C:\\Data",
  "isSuccess": false,
  "msg": "삭제된 개체에 액세스할 수 없습니다.\r\n개체 이름: 'WebBrowser'",
  "convertImgCnt": 0,
  "Method": "WebCapture"
}

2020-04-15 16:23:04.6115  INFO - [Socket] 작업 소요시간: 00:00:00.1156903
2020-04-15 16:23:04.6275  INFO - [Socket]세션ID: 28dc2a33-dc4f-42b7-bd9a-efa7e07f963a 접속해제: ClientClosing
2020-04-15 16:23:49.9286  INFO - 나의 하드웨어 ID: BFEBFBFF000806EB
2020-04-15 16:23:49.9475  INFO - 라이센스 만료날짜: 2020-04-30
2020-04-15 16:23:49.9983  INFO - [Socket]핸들러 등록 완료
2020-04-15 16:23:49.9983  INFO - [Socket]서버 생성 성공
2020-04-15 16:23:50.0203  INFO - [Socket Server Listening...]
2020-04-15 16:23:50.0203  INFO - [Socket][INFO] IP: 127.0.0.1   포트: 12000   프로토콜: Tcp   서버이름: ConvertServer
2020-04-15 16:23:50.0741  INFO - [Web Socket Server Listening...]
2020-04-15 16:23:50.0741  INFO - [Web Socket][INFO] IP: 127.0.0.1   포트: 12005
2020-04-15 16:25:04.7670  INFO - 나의 하드웨어 ID: BFEBFBFF000806EB
2020-04-15 16:25:04.8089  INFO - 라이센스 만료날짜: 2020-04-30
2020-04-15 16:25:04.8977  INFO - [Socket]핸들러 등록 완료
2020-04-15 16:25:04.8977  INFO - [Socket]서버 생성 성공
2020-04-15 16:25:04.9386  INFO - [Socket Server Listening...]
2020-04-15 16:25:04.9386  INFO - [Socket][INFO] IP: 127.0.0.1   포트: 12000   프로토콜: Tcp   서버이름: ConvertServer
2020-04-15 16:25:05.0652  INFO - [Web Socket Server Listening...]
2020-04-15 16:25:05.0652  INFO - [Web Socket][INFO] IP: 127.0.0.1   포트: 12005
2020-04-15 16:31:31.4786  INFO - 
[Socket][Client => Server]
{
  "KEY": "B29D00A3 - F825 - 4EB7 - 93C1 - A77F5E31A7C2",
  "Method": "DocConvert",
  "FileName": "Word 시작.docx",
  "ConvertIMG": 0
}

2020-04-15 16:31:37.6120  INFO - 
[Socket][Server => Client]
{
  "URL": "/workspace/FC88A00681BEA2BA4BCA029AEC82643A",
  "isSuccess": true,
  "msg": "변환에 성공하였습니다.",
  "Method": "DocConvert"
}

2020-04-15 16:31:37.6120  INFO - [Socket] 작업 소요시간: 00:00:06.1333519
2020-04-15 16:31:37.7057  INFO - [Socket]세션ID: 2577c038-ed38-4837-b21b-ab17521ec5e6 접속해제: ClientClosing
2020-04-15 16:46:24.1548  INFO - 나의 하드웨어 ID: BFEBFBFF000806EB
2020-04-15 16:46:24.1767  INFO - 라이센스 만료날짜: 2020-04-30
2020-04-15 16:46:24.2276  INFO - [Socket]핸들러 등록 완료
2020-04-15 16:46:24.2276  INFO - [Socket]서버 생성 성공
2020-04-15 16:46:24.2505  INFO - [Socket Server Listening...]
2020-04-15 16:46:24.2505  INFO - [Socket][INFO] IP: 127.0.0.1   포트: 12000   프로토콜: Tcp   서버이름: ConvertServer
2020-04-15 16:46:24.3024  INFO - [Web Socket Server Listening...]
2020-04-15 16:46:24.3024  INFO - [Web Socket][INFO] IP: 127.0.0.1   포트: 12005
2020-04-15 16:46:32.2394  INFO - 
[Socket][Client => Server]
{
  "KEY": "B29D00A3 - F825 - 4EB7 - 93C1 - A77F5E31A7C2",
  "Method": "WebCapture",
  "URL": "https://www.naver.com/"
}

2020-04-15 16:46:32.3611  INFO - 
[Socket][Server => Client]
{
  "URL": "C:\\Data",
  "isSuccess": false,
  "msg": "삭제된 개체에 액세스할 수 없습니다.\r\n개체 이름: 'WebBrowser'",
  "convertImgCnt": 0,
  "Method": "WebCapture"
}

2020-04-15 16:46:32.3611  INFO - [Socket] 작업 소요시간: 00:00:00.1197145
2020-04-15 16:46:32.3760  INFO - [Socket]세션ID: 756e1de9-1461-4cb9-8e24-a48fcb7953cc 접속해제: ClientClosing
2020-04-15 16:47:05.2924  INFO - 나의 하드웨어 ID: BFEBFBFF000806EB
2020-04-15 16:47:05.3274  INFO - 라이센스 만료날짜: 2020-04-30
2020-04-15 16:47:05.3832  INFO - [Socket]핸들러 등록 완료
2020-04-15 16:47:05.3832  INFO - [Socket]서버 생성 성공
2020-04-15 16:47:05.4081  INFO - [Socket Server Listening...]
2020-04-15 16:47:05.4081  INFO - [Socket][INFO] IP: 127.0.0.1   포트: 12000   프로토콜: Tcp   서버이름: ConvertServer
2020-04-15 16:47:05.4650  INFO - [Web Socket Server Listening...]
2020-04-15 16:47:05.4650  INFO - [Web Socket][INFO] IP: 127.0.0.1   포트: 12005
2020-04-15 16:47:14.3738  INFO - 
[Socket][Client => Server]
{
  "KEY": "B29D00A3 - F825 - 4EB7 - 93C1 - A77F5E31A7C2",
  "Method": "WebCapture",
  "URL": "https://www.naver.com/"
}

2020-04-15 16:47:14.4835  INFO - 
[Socket][Server => Client]
{
  "URL": "C:\\Data",
  "isSuccess": false,
  "msg": "개체 참조가 개체의 인스턴스로 설정되지 않았습니다.",
  "convertImgCnt": 0,
  "Method": "WebCapture"
}

2020-04-15 16:47:14.4835  INFO - [Socket] 작업 소요시간: 00:00:00.1077516
2020-04-15 16:47:14.5025  INFO - [Socket]세션ID: 33fbe1ad-b4e3-4912-b6a8-2cbc504d2480 접속해제: ClientClosing
2020-04-15 16:47:26.8184  INFO - 나의 하드웨어 ID: BFEBFBFF000806EB
2020-04-15 16:47:26.8613  INFO - 라이센스 만료날짜: 2020-04-30
2020-04-15 16:47:26.9720  INFO - [Socket]핸들러 등록 완료
2020-04-15 16:47:26.9720  INFO - [Socket]서버 생성 성공
2020-04-15 16:47:27.0308  INFO - [Socket Server Listening...]
2020-04-15 16:47:27.0308  INFO - [Socket][INFO] IP: 127.0.0.1   포트: 12000   프로토콜: Tcp   서버이름: ConvertServer
2020-04-15 16:47:27.1316  INFO - [Web Socket Server Listening...]
2020-04-15 16:47:27.1316  INFO - [Web Socket][INFO] IP: 127.0.0.1   포트: 12005
2020-04-15 16:47:32.2669  INFO - 
[Socket][Client => Server]
{
  "KEY": "B29D00A3 - F825 - 4EB7 - 93C1 - A77F5E31A7C2",
  "Method": "WebCapture",
  "URL": "https://www.naver.com/"
}

2020-04-15 16:57:52.3867  INFO - 나의 하드웨어 ID: BFEBFBFF000806EB
2020-04-15 16:57:52.4196  INFO - 라이센스 만료날짜: 2020-04-30
2020-04-15 16:57:52.5103  INFO - [Socket]핸들러 등록 완료
2020-04-15 16:57:52.5103  INFO - [Socket]서버 생성 성공
2020-04-15 16:57:52.5612  INFO - [Socket Server Listening...]
2020-04-15 16:57:52.5612  INFO - [Socket][INFO] IP: 127.0.0.1   포트: 12000   프로토콜: Tcp   서버이름: ConvertServer
2020-04-15 16:57:52.6749  INFO - [Web Socket Server Listening...]
2020-04-15 16:57:52.6749  INFO - [Web Socket][INFO] IP: 127.0.0.1   포트: 12005
2020-04-15 16:58:02.3833  INFO - 
[Socket][Client => Server]
{
  "KEY": "B29D00A3 - F825 - 4EB7 - 93C1 - A77F5E31A7C2",
  "Method": "WebCapture",
  "URL": "https://www.naver.com/"
}

2020-04-15 16:58:02.5319  INFO - 
[Socket][Server => Client]
{
  "URL": "C:\\Data",
  "isSuccess": true,
  "msg": "WebCapture에 성공하였습니다.",
  "convertImgCnt": 0,
  "Method": "WebCapture"
}

2020-04-15 16:58:02.5319  INFO - [Socket] 작업 소요시간: 00:00:00.1466082
2020-04-15 16:58:02.5509  INFO - [Socket]세션ID: 4dce2fee-76bd-44d9-85e7-4e8021e9cfc5 접속해제: ClientClosing
2020-04-15 17:25:36.9310  INFO - 나의 하드웨어 ID: BFEBFBFF000806EB
2020-04-15 17:25:36.9649  INFO - 라이센스 만료날짜: 2020-04-30
2020-04-15 17:25:37.0976  INFO - [Socket]핸들러 등록 완료
2020-04-15 17:25:37.0976  INFO - [Socket]서버 생성 성공
2020-04-15 17:25:37.1285  INFO - [Socket Server Listening...]
2020-04-15 17:25:37.1285  INFO - [Socket][INFO] IP: 127.0.0.1   포트: 12000   프로토콜: Tcp   서버이름: ConvertServer
2020-04-15 17:25:37.2332  INFO - [Web Socket Server Listening...]
2020-04-15 17:25:37.2332  INFO - [Web Socket][INFO] IP: 127.0.0.1   포트: 12005
2020-04-15 17:25:42.9918  INFO - 
[Socket][Client => Server]
{
  "KEY": "B29D00A3 - F825 - 4EB7 - 93C1 - A77F5E31A7C2",
  "Method": "WebCapture",
  "URL": "https://www.naver.com/"
}

2020-04-15 17:25:43.1384  INFO - 
[Socket][Server => Client]
{
  "URL": "C:\\Data",
  "isSuccess": true,
  "msg": "WebCapture에 성공하였습니다.",
  "convertImgCnt": 0,
  "Method": "WebCapture"
}

2020-04-15 17:25:43.1384  INFO - [Socket] 작업 소요시간: 00:00:00.1446520
2020-04-15 17:25:43.1594  INFO - [Socket]세션ID: 19a47432-dc39-4833-9c5d-a849ae166572 접속해제: ClientClosing
2020-04-15 21:09:00.4506  INFO - 나의 하드웨어 ID: BFEBFBFF000806EB
2020-04-15 21:09:00.5314  INFO - 라이센스 만료날짜: 2020-04-30
2020-04-15 21:09:00.6650  INFO - [Socket]핸들러 등록 완료
2020-04-15 21:09:00.6650  INFO - [Socket]서버 생성 성공
2020-04-15 21:09:00.7179  INFO - [Socket Server Listening...]
2020-04-15 21:09:00.7179  INFO - [Socket][INFO] IP: 127.0.0.1   포트: 12000   프로토콜: Tcp   서버이름: ConvertServer
2020-04-15 21:09:00.8256  INFO - [Web Socket Server Listening...]
2020-04-15 21:09:00.8256  INFO - [Web Socket][INFO] IP: 127.0.0.1   포트: 12005
2020-04-15 21:09:30.5753  INFO - 
[Socket][Client => Server]
{
  "KEY": "B29D00A3 - F825 - 4EB7 - 93C1 - A77F5E31A7C2",
  "Method": "WebCapture",
  "URL": "https://www.naver.com"
}

2020-04-15 21:09:30.8980  INFO - 
[Socket][Server => Client]
{
  "URL": "C:\\Data",
  "isSuccess": true,
  "msg": "WebCapture에 성공하였습니다.",
  "convertImgCnt": 0,
  "Method": "WebCapture"
}

2020-04-15 21:09:30.8980  INFO - [Socket] 작업 소요시간: 00:00:00.3217531
2020-04-15 21:09:30.9229  INFO - [Socket]세션ID: 132b9d79-4341-4f25-ae48-a3e57f9b1bac 접속해제: ClientClosing
2020-04-15 21:11:54.4057  INFO - 나의 하드웨어 ID: BFEBFBFF000806EB
2020-04-15 21:11:54.4284  INFO - 라이센스 만료날짜: 2020-04-30
2020-04-15 21:11:54.4686  INFO - [Socket]핸들러 등록 완료
2020-04-15 21:11:54.4686  INFO - [Socket]서버 생성 성공
2020-04-15 21:11:54.5019  INFO - [Socket Server Listening...]
2020-04-15 21:11:54.5019  INFO - [Socket][INFO] IP: 127.0.0.1   포트: 12000   프로토콜: Tcp   서버이름: ConvertServer
2020-04-15 21:11:54.5544  INFO - [Web Socket Server Listening...]
2020-04-15 21:11:54.5544  INFO - [Web Socket][INFO] IP: 127.0.0.1   포트: 12005
2020-04-15 21:12:08.0036  INFO - 
[Socket][Client => Server]
{
  "KEY": "B29D00A3 - F825 - 4EB7 - 93C1 - A77F5E31A7C2",
  "Method": "WebCapture",
  "URL": "https://www.naver.com"
}

2020-04-15 21:12:08.9647  INFO - 
[Socket][Server => Client]
{
  "URL": "C:\\Data",
  "isSuccess": false,
  "msg": "매개 변수가 잘못되었습니다.",
  "convertImgCnt": 0,
  "Method": "WebCapture"
}

2020-04-15 21:12:08.9647  INFO - [Socket] 작업 소요시간: 00:00:00.9600973
2020-04-15 21:12:09.0016  INFO - [Socket]세션ID: 6199d7ae-973b-461e-a672-07cecb87719e 접속해제: ClientClosing
2020-04-15 21:13:28.7417  INFO - 나의 하드웨어 ID: BFEBFBFF000806EB
2020-04-15 21:13:28.7666  INFO - 라이센스 만료날짜: 2020-04-30
2020-04-15 21:13:28.8105  INFO - [Socket]핸들러 등록 완료
2020-04-15 21:13:28.8105  INFO - [Socket]서버 생성 성공
2020-04-15 21:13:28.8444  INFO - [Socket Server Listening...]
2020-04-15 21:13:28.8444  INFO - [Socket][INFO] IP: 127.0.0.1   포트: 12000   프로토콜: Tcp   서버이름: ConvertServer
2020-04-15 21:13:28.8924  INFO - [Web Socket Server Listening...]
2020-04-15 21:13:28.8924  INFO - [Web Socket][INFO] IP: 127.0.0.1   포트: 12005
2020-04-15 21:13:40.1565  INFO - 
[Socket][Client => Server]
{
  "KEY": "B29D00A3 - F825 - 4EB7 - 93C1 - A77F5E31A7C2",
  "Method": "WebCapture",
  "URL": "https://www.naver.com"
}

2020-04-15 21:13:41.1430  INFO - 
[Socket][Server => Client]
{
  "URL": "C:\\Data",
  "isSuccess": false,
  "msg": "매개 변수가 잘못되었습니다.",
  "convertImgCnt": 0,
  "Method": "WebCapture"
}

2020-04-15 21:13:41.1430  INFO - [Socket] 작업 소요시간: 00:00:00.9846220
2020-04-15 21:13:41.1690  INFO - [Socket]세션ID: ffb3893e-c2aa-4eee-a639-9d07c648e7b2 접속해제: ClientClosing
2020-04-15 21:14:11.2933  INFO - 
[Socket][Client => Server]
{
  "KEY": "B29D00A3 - F825 - 4EB7 - 93C1 - A77F5E31A7C2",
  "Method": "WebCapture",
  "URL": "https://www.naver.com"
}

2020-04-15 21:14:11.5965  INFO - 
[Socket][Server => Client]
{
  "URL": "C:\\Data",
  "isSuccess": false,
  "msg": "매개 변수가 잘못되었습니다.",
  "convertImgCnt": 0,
  "Method": "WebCapture"
}

2020-04-15 21:14:11.5965  INFO - [Socket] 작업 소요시간: 00:00:00.3001371
2020-04-15 21:14:11.6143  INFO - [Socket]세션ID: a2caa02c-0c49-4c01-96d8-3fe59b3fe2a3 접속해제: ClientClosing
2020-04-15 21:14:18.9239  INFO - 나의 하드웨어 ID: BFEBFBFF000806EB
2020-04-15 21:14:18.9616  INFO - 라이센스 만료날짜: 2020-04-30
2020-04-15 21:14:19.0584  INFO - [Socket]핸들러 등록 완료
2020-04-15 21:14:19.0584  INFO - [Socket]서버 생성 성공
2020-04-15 21:14:19.0983  INFO - [Socket Server Listening...]
2020-04-15 21:14:19.0983  INFO - [Socket][INFO] IP: 127.0.0.1   포트: 12000   프로토콜: Tcp   서버이름: ConvertServer
2020-04-15 21:14:19.1950  INFO - [Web Socket Server Listening...]
2020-04-15 21:14:19.1950  INFO - [Web Socket][INFO] IP: 127.0.0.1   포트: 12005
2020-04-15 21:14:26.2132  INFO - 
[Socket][Client => Server]
{
  "KEY": "B29D00A3 - F825 - 4EB7 - 93C1 - A77F5E31A7C2",
  "Method": "WebCapture",
  "URL": "https://www.naver.com"
}

2020-04-15 21:24:49.6066  INFO - 나의 하드웨어 ID: BFEBFBFF000806EB
2020-04-15 21:24:49.6306  INFO - 라이센스 만료날짜: 2020-04-30
2020-04-15 21:24:49.6725  INFO - [Socket]핸들러 등록 완료
2020-04-15 21:24:49.6725  INFO - [Socket]서버 생성 성공
2020-04-15 21:24:49.7097  INFO - [Socket Server Listening...]
2020-04-15 21:24:49.7103  INFO - [Socket][INFO] IP: 127.0.0.1   포트: 12000   프로토콜: Tcp   서버이름: ConvertServer
2020-04-15 21:24:49.7742  INFO - [Web Socket Server Listening...]
2020-04-15 21:24:49.7742  INFO - [Web Socket][INFO] IP: 127.0.0.1   포트: 12005
2020-04-15 21:25:11.1623  INFO - 나의 하드웨어 ID: BFEBFBFF000806EB
2020-04-15 21:25:11.1872  INFO - 라이센스 만료날짜: 2020-04-30
2020-04-15 21:25:11.2380  INFO - [Socket]핸들러 등록 완료
2020-04-15 21:25:11.2380  INFO - [Socket]서버 생성 성공
2020-04-15 21:25:11.2636  INFO - [Socket Server Listening...]
2020-04-15 21:25:11.2636  INFO - [Socket][INFO] IP: 127.0.0.1   포트: 12000   프로토콜: Tcp   서버이름: ConvertServer
2020-04-15 21:25:11.3103  INFO - [Web Socket Server Listening...]
2020-04-15 21:25:11.3103  INFO - [Web Socket][INFO] IP: 127.0.0.1   포트: 12005
2020-04-15 21:25:19.2437  INFO - 
[Socket][Client => Server]
{
  "KEY": "B29D00A3 - F825 - 4EB7 - 93C1 - A77F5E31A7C2",
  "Method": "WebCapture",
  "URL": "https://www.naver.com"
}

2020-04-15 21:25:19.4821  INFO - 
[Socket][Server => Client]
{
  "URL": "C:\\Data",
  "isSuccess": true,
  "msg": "WebCapture에 성공하였습니다.",
  "convertImgCnt": 0,
  "Method": "WebCapture"
}

2020-04-15 21:25:19.4821  INFO - [Socket] 작업 소요시간: 00:00:00.2372613
2020-04-15 21:25:19.5071  INFO - [Socket]세션ID: 49e0cf3a-7097-40ac-b1e6-8353b30118db 접속해제: ClientClosing
2020-04-15 21:25:39.0561  INFO - 
[Socket][Client => Server]
{
  "KEY": "B29D00A3 - F825 - 4EB7 - 93C1 - A77F5E31A7C2",
  "Method": "WebCapture",
  "URL": "https://www.naver.com"
}

2020-04-15 21:25:39.0879  INFO - 
[Socket][Server => Client]
{
  "URL": "C:\\Data",
  "isSuccess": true,
  "msg": "WebCapture에 성공하였습니다.",
  "convertImgCnt": 0,
  "Method": "WebCapture"
}

2020-04-15 21:25:39.0879  INFO - [Socket] 작업 소요시간: 00:00:00.0289250
2020-04-15 21:25:39.1010  INFO - [Socket]세션ID: 9747a99f-dea5-4d1b-bbed-5bbb1c78d920 접속해제: ClientClosing
2020-04-15 21:26:34.4026  INFO - 나의 하드웨어 ID: BFEBFBFF000806EB
2020-04-15 21:26:34.4305  INFO - 라이센스 만료날짜: 2020-04-30
2020-04-15 21:26:34.4784  INFO - [Socket]핸들러 등록 완료
2020-04-15 21:26:34.4784  INFO - [Socket]서버 생성 성공
2020-04-15 21:26:34.5067  INFO - [Socket Server Listening...]
2020-04-15 21:26:34.5067  INFO - [Socket][INFO] IP: 127.0.0.1   포트: 12000   프로토콜: Tcp   서버이름: ConvertServer
2020-04-15 21:26:34.5575  INFO - [Web Socket Server Listening...]
2020-04-15 21:26:34.5575  INFO - [Web Socket][INFO] IP: 127.0.0.1   포트: 12005
2020-04-15 21:26:52.0748  INFO - 나의 하드웨어 ID: BFEBFBFF000806EB
2020-04-15 21:26:52.0978  INFO - 라이센스 만료날짜: 2020-04-30
2020-04-15 21:26:52.1427  INFO - [Socket]핸들러 등록 완료
2020-04-15 21:26:52.1427  INFO - [Socket]서버 생성 성공
2020-04-15 21:26:52.1786  INFO - [Socket Server Listening...]
2020-04-15 21:26:52.1786  INFO - [Socket][INFO] IP: 127.0.0.1   포트: 12000   프로토콜: Tcp   서버이름: ConvertServer
2020-04-15 21:26:52.2297  INFO - [Web Socket Server Listening...]
2020-04-15 21:26:52.2297  INFO - [Web Socket][INFO] IP: 127.0.0.1   포트: 12005
2020-04-15 21:26:57.7998  INFO - 
[Socket][Client => Server]
{
  "KEY": "B29D00A3 - F825 - 4EB7 - 93C1 - A77F5E31A7C2",
  "Method": "WebCapture",
  "URL": "https://www.naver.com"
}

2020-04-15 21:26:58.0412  INFO - 
[Socket][Server => Client]
{
  "URL": "C:\\Data",
  "isSuccess": true,
  "msg": "WebCapture에 성공하였습니다.",
  "convertImgCnt": 0,
  "Method": "WebCapture"
}

2020-04-15 21:26:58.0412  INFO - [Socket] 작업 소요시간: 00:00:00.2393653
2020-04-15 21:26:58.0701  INFO - [Socket]세션ID: 52b0c652-e487-4da8-aad7-937d49acf2fa 접속해제: ClientClosing
2020-04-15 21:30:42.7722  INFO - 나의 하드웨어 ID: BFEBFBFF000806EB
2020-04-15 21:30:42.7943  INFO - 라이센스 만료날짜: 2020-04-30
2020-04-15 21:30:42.8360  INFO - [Socket]핸들러 등록 완료
2020-04-15 21:30:42.8360  INFO - [Socket]서버 생성 성공
2020-04-15 21:30:42.8751  INFO - [Socket Server Listening...]
2020-04-15 21:30:42.8751  INFO - [Socket][INFO] IP: 127.0.0.1   포트: 12000   프로토콜: Tcp   서버이름: ConvertServer
2020-04-15 21:30:42.9407  INFO - [Web Socket Server Listening...]
2020-04-15 21:30:42.9407  INFO - [Web Socket][INFO] IP: 127.0.0.1   포트: 12005
2020-04-15 21:30:52.2671  INFO - 
[Socket][Client => Server]
{
  "KEY": "B29D00A3 - F825 - 4EB7 - 93C1 - A77F5E31A7C2",
  "Method": "WebCapture",
  "URL": "https://www.naver.com"
}

2020-04-15 21:30:52.4876  INFO - 
[Socket][Server => Client]
{
  "URL": "C:\\Data",
  "isSuccess": false,
  "msg": "개체 참조가 개체의 인스턴스로 설정되지 않았습니다.",
  "convertImgCnt": 0,
  "Method": "WebCapture"
}

2020-04-15 21:30:52.4876  INFO - [Socket] 작업 소요시간: 00:00:00.2197929
2020-04-15 21:30:52.5214  INFO - [Socket]세션ID: a0be3ead-c4d1-4112-9245-039b24c13f99 접속해제: ClientClosing
2020-04-15 21:36:03.9342  INFO - 나의 하드웨어 ID: BFEBFBFF000806EB
2020-04-15 21:36:03.9595  INFO - 라이센스 만료날짜: 2020-04-30
2020-04-15 21:36:04.0001  INFO - [Socket]핸들러 등록 완료
2020-04-15 21:36:04.0001  INFO - [Socket]서버 생성 성공
2020-04-15 21:36:04.0410  INFO - [Socket Server Listening...]
2020-04-15 21:36:04.0410  INFO - [Socket][INFO] IP: 127.0.0.1   포트: 12000   프로토콜: Tcp   서버이름: ConvertServer
2020-04-15 21:36:04.0868  INFO - [Web Socket Server Listening...]
2020-04-15 21:36:04.0868  INFO - [Web Socket][INFO] IP: 127.0.0.1   포트: 12005
2020-04-15 21:36:15.1095  INFO - 
[Socket][Client => Server]
{
  "KEY": "B29D00A3 - F825 - 4EB7 - 93C1 - A77F5E31A7C2",
  "Method": "WebCapture",
  "URL": "https://www.naver.com"
}

2020-04-15 21:37:15.6694  INFO - [Socket]세션ID: 8d3beeef-5350-4a9b-982b-1e18152de816 접속해제: ServerShutdown
2020-04-15 21:41:48.1319  INFO - 나의 하드웨어 ID: BFEBFBFF000806EB
2020-04-15 21:41:48.1997  INFO - 라이센스 만료날짜: 2020-04-30
2020-04-15 21:41:48.3473  INFO - [Socket]핸들러 등록 완료
2020-04-15 21:41:48.3473  INFO - [Socket]서버 생성 성공
2020-04-15 21:41:48.4002  INFO - [Socket Server Listening...]
2020-04-15 21:41:48.4002  INFO - [Socket][INFO] IP: 127.0.0.1   포트: 12000   프로토콜: Tcp   서버이름: ConvertServer
2020-04-15 21:41:48.5737  INFO - [Web Socket Server Listening...]
2020-04-15 21:41:48.5737  INFO - [Web Socket][INFO] IP: 127.0.0.1   포트: 12005
2020-04-15 21:41:56.9603  INFO - 
[Socket][Client => Server]
{
  "KEY": "B29D00A3 - F825 - 4EB7 - 93C1 - A77F5E31A7C2",
  "Method": "WebCapture",
  "URL": "https://www.naver.com"
}

2020-04-15 21:46:02.5671  INFO - 나의 하드웨어 ID: BFEBFBFF000806EB
2020-04-15 21:46:02.5892  INFO - 라이센스 만료날짜: 2020-04-30
2020-04-15 21:46:02.6300  INFO - [Socket]핸들러 등록 완료
2020-04-15 21:46:02.6300  INFO - [Socket]서버 생성 성공
2020-04-15 21:46:02.6528  INFO - [Socket Server Listening...]
2020-04-15 21:46:02.6528  INFO - [Socket][INFO] IP: 127.0.0.1   포트: 12000   프로토콜: Tcp   서버이름: ConvertServer
2020-04-15 21:46:02.6938  INFO - [Web Socket Server Listening...]
2020-04-15 21:46:02.6938  INFO - [Web Socket][INFO] IP: 127.0.0.1   포트: 12005
2020-04-15 21:46:33.1491  INFO - 나의 하드웨어 ID: BFEBFBFF000806EB
2020-04-15 21:46:33.1760  INFO - 라이센스 만료날짜: 2020-04-30
2020-04-15 21:46:33.2398  INFO - [Socket]핸들러 등록 완료
2020-04-15 21:46:33.2398  INFO - [Socket]서버 생성 성공
2020-04-15 21:46:33.2664  INFO - [Socket Server Listening...]
2020-04-15 21:46:33.2664  INFO - [Socket][INFO] IP: 127.0.0.1   포트: 12000   프로토콜: Tcp   서버이름: ConvertServer
2020-04-15 21:46:33.3196  INFO - [Web Socket Server Listening...]
2020-04-15 21:46:33.3196  INFO - [Web Socket][INFO] IP: 127.0.0.1   포트: 12005
2020-04-15 21:46:40.5537  INFO - 
[Socket][Client => Server]
{
  "KEY": "B29D00A3 - F825 - 4EB7 - 93C1 - A77F5E31A7C2",
  "Method": "WebCapture",
  "URL": "https://www.naver.com"
}

2020-04-15 21:46:50.8591  INFO - 
[Socket][Server => Client]
{
  "URL": "C:\\Data",
  "isSuccess": true,
  "msg": "WebCapture에 성공하였습니다.",
  "convertImgCnt": 0,
  "Method": "WebCapture"
}

2020-04-15 21:46:50.8591  INFO - [Socket] 작업 소요시간: 00:00:10.3063933
2020-04-15 21:46:50.8890  INFO - [Socket]세션ID: 97be5a8d-5819-4ebd-bfc5-7a5922fee02b 접속해제: ClientClosing
2020-04-15 21:48:26.1383  INFO - 나의 하드웨어 ID: BFEBFBFF000806EB
2020-04-15 21:48:26.1662  INFO - 라이센스 만료날짜: 2020-04-30
2020-04-15 21:48:26.2141  INFO - [Socket]핸들러 등록 완료
2020-04-15 21:48:26.2141  INFO - [Socket]서버 생성 성공
2020-04-15 21:48:26.2492  INFO - [Socket Server Listening...]
2020-04-15 21:48:26.2492  INFO - [Socket][INFO] IP: 127.0.0.1   포트: 12000   프로토콜: Tcp   서버이름: ConvertServer
2020-04-15 21:48:26.3198  INFO - [Web Socket Server Listening...]
2020-04-15 21:48:26.3198  INFO - [Web Socket][INFO] IP: 127.0.0.1   포트: 12005
2020-04-15 21:48:32.4762  INFO - 
[Socket][Client => Server]
{
  "KEY": "B29D00A3 - F825 - 4EB7 - 93C1 - A77F5E31A7C2",
  "Method": "WebCapture",
  "URL": "https://www.naver.com"
}

2020-04-15 21:48:47.7509  INFO - 
[Socket][Server => Client]
{
  "URL": "C:\\Data",
  "isSuccess": true,
  "msg": "WebCapture에 성공하였습니다.",
  "convertImgCnt": 0,
  "Method": "WebCapture"
}

2020-04-15 21:48:47.7509  INFO - [Socket] 작업 소요시간: 00:00:15.2727030
2020-04-15 21:48:47.7888  INFO - [Socket]세션ID: 4fb49e86-4b8e-479e-b46a-31066dcd134f 접속해제: ClientClosing
2020-04-15 21:49:08.1530  INFO - 나의 하드웨어 ID: BFEBFBFF000806EB
2020-04-15 21:49:08.1839  INFO - 라이센스 만료날짜: 2020-04-30
2020-04-15 21:49:08.2388  INFO - [Socket]핸들러 등록 완료
2020-04-15 21:49:08.2388  INFO - [Socket]서버 생성 성공
2020-04-15 21:49:08.2678  INFO - [Socket Server Listening...]
2020-04-15 21:49:08.2678  INFO - [Socket][INFO] IP: 127.0.0.1   포트: 12000   프로토콜: Tcp   서버이름: ConvertServer
2020-04-15 21:49:08.3285  INFO - [Web Socket Server Listening...]
2020-04-15 21:49:08.3285  INFO - [Web Socket][INFO] IP: 127.0.0.1   포트: 12005
2020-04-15 21:49:12.0042  INFO - 
[Socket][Client => Server]
{
  "KEY": "B29D00A3 - F825 - 4EB7 - 93C1 - A77F5E31A7C2",
  "Method": "WebCapture",
  "URL": "https://www.naver.com"
}

2020-04-15 21:49:14.8268  INFO - 
[Socket][Server => Client]
{
  "URL": "C:\\Data",
  "isSuccess": true,
  "msg": "WebCapture에 성공하였습니다.",
  "convertImgCnt": 0,
  "Method": "WebCapture"
}

2020-04-15 21:49:14.8268  INFO - [Socket] 작업 소요시간: 00:00:02.8196133
2020-04-15 21:49:14.8476  INFO - [Socket]세션ID: d489702e-bb25-4b84-97bc-1144b80b8ed8 접속해제: ClientClosing
2020-04-15 21:50:22.1408  INFO - 나의 하드웨어 ID: BFEBFBFF000806EB
2020-04-15 21:50:22.1677  INFO - 라이센스 만료날짜: 2020-04-30
2020-04-15 21:50:22.2255  INFO - [Socket]핸들러 등록 완료
2020-04-15 21:50:22.2255  INFO - [Socket]서버 생성 성공
2020-04-15 21:50:22.2505  INFO - [Socket Server Listening...]
2020-04-15 21:50:22.2505  INFO - [Socket][INFO] IP: 127.0.0.1   포트: 12000   프로토콜: Tcp   서버이름: ConvertServer
2020-04-15 21:50:22.2993  INFO - [Web Socket Server Listening...]
2020-04-15 21:50:22.2993  INFO - [Web Socket][INFO] IP: 127.0.0.1   포트: 12005
2020-04-15 21:50:28.7447  INFO - 
[Socket][Client => Server]
{
  "KEY": "B29D00A3 - F825 - 4EB7 - 93C1 - A77F5E31A7C2",
  "Method": "WebCapture",
  "URL": "https://www.naver.com"
}

2020-04-15 21:50:33.6354  INFO - 
[Socket][Server => Client]
{
  "URL": "C:\\Data",
  "isSuccess": true,
  "msg": "WebCapture에 성공하였습니다.",
  "convertImgCnt": 0,
  "Method": "WebCapture"
}

2020-04-15 21:50:33.6354  INFO - [Socket] 작업 소요시간: 00:00:04.8887671
2020-04-15 21:50:33.6644  INFO - [Socket]세션ID: d1f619c5-26cf-4e57-ab52-5d3b1d644362 접속해제: ClientClosing
2020-04-15 21:51:25.3700  INFO - 나의 하드웨어 ID: BFEBFBFF000806EB
2020-04-15 21:51:25.3960  INFO - 라이센스 만료날짜: 2020-04-30
2020-04-15 21:51:25.4419  INFO - [Socket]핸들러 등록 완료
2020-04-15 21:51:25.4419  INFO - [Socket]서버 생성 성공
2020-04-15 21:51:25.4638  INFO - [Socket Server Listening...]
2020-04-15 21:51:25.4638  INFO - [Socket][INFO] IP: 127.0.0.1   포트: 12000   프로토콜: Tcp   서버이름: ConvertServer
2020-04-15 21:51:25.5118  INFO - [Web Socket Server Listening...]
2020-04-15 21:51:25.5118  INFO - [Web Socket][INFO] IP: 127.0.0.1   포트: 12005
2020-04-15 21:51:32.1966  INFO - 
[Socket][Client => Server]
{
  "KEY": "B29D00A3 - F825 - 4EB7 - 93C1 - A77F5E31A7C2",
  "Method": "WebCapture",
  "URL": "https://www.naver.com"
}

2020-04-15 21:51:36.3840  INFO - 
[Socket][Server => Client]
{
  "URL": "C:\\Data",
  "isSuccess": true,
  "msg": "WebCapture에 성공하였습니다.",
  "convertImgCnt": 0,
  "Method": "WebCapture"
}

2020-04-15 21:51:36.3840  INFO - [Socket] 작업 소요시간: 00:00:04.1864028
2020-04-15 21:51:36.4150  INFO - [Socket]세션ID: 7053ed1c-81ec-436f-b2fb-b514bb9b6fff 접속해제: ClientClosing
2020-04-15 21:52:44.7546  INFO - 나의 하드웨어 ID: BFEBFBFF000806EB
2020-04-15 21:52:44.7846  INFO - 라이센스 만료날짜: 2020-04-30
2020-04-15 21:52:44.8466  INFO - [Socket]핸들러 등록 완료
2020-04-15 21:52:44.8466  INFO - [Socket]서버 생성 성공
2020-04-15 21:52:44.8743  INFO - [Socket Server Listening...]
2020-04-15 21:52:44.8743  INFO - [Socket][INFO] IP: 127.0.0.1   포트: 12000   프로토콜: Tcp   서버이름: ConvertServer
2020-04-15 21:52:44.9173  INFO - [Web Socket Server Listening...]
2020-04-15 21:52:44.9173  INFO - [Web Socket][INFO] IP: 127.0.0.1   포트: 12005
2020-04-15 21:52:54.2469  INFO - 
[Socket][Client => Server]
{
  "KEY": "B29D00A3 - F825 - 4EB7 - 93C1 - A77F5E31A7C2",
  "Method": "WebCapture",
  "URL": "https://www.google.com"
}

2020-04-15 21:52:55.7424  INFO - 
[Socket][Server => Client]
{
  "URL": "C:\\Data",
  "isSuccess": true,
  "msg": "WebCapture에 성공하였습니다.",
  "convertImgCnt": 0,
  "Method": "WebCapture"
}

2020-04-15 21:52:55.7424  INFO - [Socket] 작업 소요시간: 00:00:01.4944903
2020-04-15 21:52:55.7653  INFO - [Socket]세션ID: 218fd3b5-3409-4974-b602-a1976629126c 접속해제: ClientClosing
2020-04-15 21:54:58.7855  INFO - 나의 하드웨어 ID: BFEBFBFF000806EB
2020-04-15 21:54:58.8324  INFO - 라이센스 만료날짜: 2020-04-30
2020-04-15 21:54:58.9062  INFO - [Socket]핸들러 등록 완료
2020-04-15 21:54:58.9062  INFO - [Socket]서버 생성 성공
2020-04-15 21:54:58.9441  INFO - [Socket Server Listening...]
2020-04-15 21:54:58.9441  INFO - [Socket][INFO] IP: 127.0.0.1   포트: 12000   프로토콜: Tcp   서버이름: ConvertServer
2020-04-15 21:54:58.9981  INFO - [Web Socket Server Listening...]
2020-04-15 21:54:58.9981  INFO - [Web Socket][INFO] IP: 127.0.0.1   포트: 12005
2020-04-15 21:55:09.7659  INFO - 
[Socket][Client => Server]
{
  "KEY": "B29D00A3 - F825 - 4EB7 - 93C1 - A77F5E31A7C2",
  "Method": "WebCapture",
  "URL": "https://www.google.com"
}

2020-04-15 21:55:11.0365  INFO - 
[Socket][Server => Client]
{
  "URL": "C:\\Data",
  "isSuccess": true,
  "msg": "WebCapture에 성공하였습니다.",
  "convertImgCnt": 0,
  "Method": "WebCapture"
}

2020-04-15 21:55:11.0365  INFO - [Socket] 작업 소요시간: 00:00:01.2695773
2020-04-15 21:55:11.0614  INFO - [Socket]세션ID: bce90ee3-465c-4528-9462-8f953470ab54 접속해제: ClientClosing
2020-04-15 21:58:02.4354  INFO - 나의 하드웨어 ID: BFEBFBFF000806EB
2020-04-15 21:58:02.4675  INFO - 라이센스 만료날짜: 2020-04-30
2020-04-15 21:58:02.5301  INFO - [Socket]핸들러 등록 완료
2020-04-15 21:58:02.5301  INFO - [Socket]서버 생성 성공
2020-04-15 21:58:02.5551  INFO - [Socket Server Listening...]
2020-04-15 21:58:02.5551  INFO - [Socket][INFO] IP: 127.0.0.1   포트: 12000   프로토콜: Tcp   서버이름: ConvertServer
2020-04-15 21:58:02.6209  INFO - [Web Socket Server Listening...]
2020-04-15 21:58:02.6209  INFO - [Web Socket][INFO] IP: 127.0.0.1   포트: 12005
2020-04-15 21:58:09.2119  INFO - 
[Socket][Client => Server]
{
  "KEY": "B29D00A3 - F825 - 4EB7 - 93C1 - A77F5E31A7C2",
  "Method": "WebCapture",
  "URL": "https://www.google.com"
}

2020-04-15 21:58:10.6741  INFO - 
[Socket][Server => Client]
{
  "URL": "C:\\Data",
  "isSuccess": true,
  "msg": "WebCapture에 성공하였습니다.",
  "convertImgCnt": 0,
  "Method": "WebCapture"
}

2020-04-15 21:58:10.6741  INFO - [Socket] 작업 소요시간: 00:00:01.4604729
2020-04-15 21:58:10.6956  INFO - [Socket]세션ID: a65a74a9-4cc7-481c-b03a-2332f8360a85 접속해제: ClientClosing
2020-04-15 21:58:23.6369  INFO - 
[Socket][Client => Server]
{
  "KEY": "B29D00A3 - F825 - 4EB7 - 93C1 - A77F5E31A7C2",
  "Method": "WebCapture",
  "URL": "https://icodebroker.tistory.com/1512"
}

2020-04-15 21:58:34.7610  INFO - 
[Socket][Server => Client]
{
  "URL": "C:\\Data",
  "isSuccess": true,
  "msg": "WebCapture에 성공하였습니다.",
  "convertImgCnt": 0,
  "Method": "WebCapture"
}

2020-04-15 21:58:34.7610  INFO - [Socket] 작업 소요시간: 00:00:11.1178079
2020-04-15 21:58:34.7610  INFO - [Socket]세션ID: 57c91f47-9767-4fa9-a484-6bb67da5661a 접속해제: ClientClosing
2020-04-15 21:58:55.6369  INFO - 
[Socket][Client => Server]
{
  "KEY": "B29D00A3 - F825 - 4EB7 - 93C1 - A77F5E31A7C2",
  "Method": "WebCapture",
  "URL": "https://www.google.co.kr/?gfe_rd=cr&ei=nVipVLjjKYfH8geIjYCYBA"
}

2020-04-15 21:58:56.7683  INFO - 
[Socket][Server => Client]
{
  "URL": "C:\\Data",
  "isSuccess": true,
  "msg": "WebCapture에 성공하였습니다.",
  "convertImgCnt": 0,
  "Method": "WebCapture"
}

2020-04-15 21:58:56.7683  INFO - [Socket] 작업 소요시간: 00:00:01.1234900
2020-04-15 21:58:56.7774  INFO - [Socket]세션ID: 9cba3642-7499-42be-ae5c-a8e30f5b4a49 접속해제: ClientClosing
2020-04-15 21:59:09.6690  INFO - 
[Socket][Client => Server]
{
  "KEY": "B29D00A3 - F825 - 4EB7 - 93C1 - A77F5E31A7C2",
  "Method": "WebCapture",
  "URL": "https://www.google.co.kr/"
}

2020-04-15 21:59:10.3574  INFO - 
[Socket][Server => Client]
{
  "URL": "C:\\Data",
  "isSuccess": true,
  "msg": "WebCapture에 성공하였습니다.",
  "convertImgCnt": 0,
  "Method": "WebCapture"
}

2020-04-15 21:59:10.3574  INFO - [Socket] 작업 소요시간: 00:00:00.6873481
2020-04-15 21:59:10.3667  INFO - [Socket]세션ID: 42d80a75-dca6-4a66-a95f-791c0e17bef3 접속해제: ClientClosing
2020-04-15 21:59:21.8709  INFO - 
[Socket][Client => Server]
{
  "KEY": "B29D00A3 - F825 - 4EB7 - 93C1 - A77F5E31A7C2",
  "Method": "WebCapture",
  "URL": "https://www.naver.com/"
}

2020-04-15 21:59:28.0192  INFO - 
[Socket][Server => Client]
{
  "URL": "C:\\Data",
  "isSuccess": true,
  "msg": "WebCapture에 성공하였습니다.",
  "convertImgCnt": 0,
  "Method": "WebCapture"
}

2020-04-15 21:59:28.0192  INFO - [Socket] 작업 소요시간: 00:00:06.1440235
2020-04-15 21:59:28.0299  INFO - [Socket]세션ID: fa9e131b-d65d-428f-8ebf-5d04c6853089 접속해제: ClientClosing
2020-04-15 22:24:31.1152  INFO - 나의 하드웨어 ID: BFEBFBFF000806EB
2020-04-15 22:24:31.1411  INFO - 라이센스 만료날짜: 2020-04-30
2020-04-15 22:24:31.1900  INFO - [Socket]핸들러 등록 완료
2020-04-15 22:24:31.1900  INFO - [Socket]서버 생성 성공
2020-04-15 22:24:31.2163  INFO - [Socket Server Listening...]
2020-04-15 22:24:31.2163  INFO - [Socket][INFO] IP: 127.0.0.1   포트: 12000   프로토콜: Tcp   서버이름: ConvertServer
2020-04-15 22:24:31.2648  INFO - [Web Socket Server Listening...]
2020-04-15 22:24:31.2648  INFO - [Web Socket][INFO] IP: 127.0.0.1   포트: 12005
2020-04-15 22:24:41.8945  INFO - 
[Socket][Client => Server]
{
  "KEY": "B29D00A3 - F825 - 4EB7 - 93C1 - A77F5E31A7C2",
  "Method": "WebCapture",
  "URL": "https://stackoverrun.com/ko/q/7301133"
}

2020-04-15 22:24:42.1320  INFO - 
[Socket][Server => Client]
{
  "URL": "C:\\Data",
  "isSuccess": false,
  "msg": "삭제된 개체에 액세스할 수 없습니다.\r\n개체 이름: 'WebBrowser'",
  "convertImgCnt": 0,
  "Method": "WebCapture"
}

2020-04-15 22:24:42.1320  INFO - [Socket] 작업 소요시간: 00:00:00.2369637
2020-04-15 22:24:42.1691  INFO - [Socket]세션ID: ac1c726c-851f-4204-9c60-79e121b2ef20 접속해제: ClientClosing
2020-04-15 22:25:03.7665  INFO - 나의 하드웨어 ID: BFEBFBFF000806EB
2020-04-15 22:25:03.7946  INFO - 라이센스 만료날짜: 2020-04-30
2020-04-15 22:25:03.8343  INFO - [Socket]핸들러 등록 완료
2020-04-15 22:25:03.8343  INFO - [Socket]서버 생성 성공
2020-04-15 22:25:03.8705  INFO - [Socket Server Listening...]
2020-04-15 22:25:03.8705  INFO - [Socket][INFO] IP: 127.0.0.1   포트: 12000   프로토콜: Tcp   서버이름: ConvertServer
2020-04-15 22:25:03.9400  INFO - [Web Socket Server Listening...]
2020-04-15 22:25:03.9400  INFO - [Web Socket][INFO] IP: 127.0.0.1   포트: 12005
2020-04-15 22:25:09.8777  INFO - 
[Socket][Client => Server]
{
  "KEY": "B29D00A3 - F825 - 4EB7 - 93C1 - A77F5E31A7C2",
  "Method": "WebCapture",
  "URL": "https://stackoverrun.com/ko/q/7301133"
}

2020-04-15 22:25:13.7849  INFO - 
[Socket][Server => Client]
{
  "URL": "C:\\Data",
  "isSuccess": false,
  "msg": "삭제된 개체에 액세스할 수 없습니다.\r\n개체 이름: 'WebBrowser'",
  "convertImgCnt": 0,
  "Method": "WebCapture"
}

2020-04-15 22:25:13.7849  INFO - [Socket] 작업 소요시간: 00:00:03.9061798
2020-04-15 22:25:13.8108  INFO - [Socket]세션ID: b2dc1caf-1344-44f3-8ab4-cbc214e30cdf 접속해제: ClientClosing
2020-04-15 22:26:55.6022  INFO - 나의 하드웨어 ID: BFEBFBFF000806EB
2020-04-15 22:26:55.6341  INFO - 라이센스 만료날짜: 2020-04-30
2020-04-15 22:26:55.6940  INFO - [Socket]핸들러 등록 완료
2020-04-15 22:26:55.6944  INFO - [Socket]서버 생성 성공
2020-04-15 22:26:55.7250  INFO - [Socket Server Listening...]
2020-04-15 22:26:55.7259  INFO - [Socket][INFO] IP: 127.0.0.1   포트: 12000   프로토콜: Tcp   서버이름: ConvertServer
2020-04-15 22:26:55.7907  INFO - [Web Socket Server Listening...]
2020-04-15 22:26:55.7907  INFO - [Web Socket][INFO] IP: 127.0.0.1   포트: 12005
2020-04-15 22:27:02.1016  INFO - 
[Socket][Client => Server]
{
  "KEY": "B29D00A3 - F825 - 4EB7 - 93C1 - A77F5E31A7C2",
  "Method": "WebCapture",
  "URL": "https://stackoverrun.com/ko/q/7301133"
}

2020-04-15 22:27:04.2890  INFO - 
[Socket][Server => Client]
{
  "URL": "C:\\Data",
  "isSuccess": true,
  "msg": "WebCapture에 성공하였습니다.",
  "convertImgCnt": 0,
  "Method": "WebCapture"
}

2020-04-15 22:27:04.2890  INFO - [Socket] 작업 소요시간: 00:00:02.1877072
2020-04-15 22:27:04.3108  INFO - [Socket]세션ID: 6ddd3cac-9421-4a23-a28e-c37821e6eab9 접속해제: ClientClosing
2020-04-15 22:35:04.6923  INFO - 나의 하드웨어 ID: BFEBFBFF000806EB
2020-04-15 22:35:04.7202  INFO - 라이센스 만료날짜: 2020-04-30
2020-04-15 22:35:04.7721  INFO - [Socket]핸들러 등록 완료
2020-04-15 22:35:04.7721  INFO - [Socket]서버 생성 성공
2020-04-15 22:35:04.7997  INFO - [Socket Server Listening...]
2020-04-15 22:35:04.7997  INFO - [Socket][INFO] IP: 127.0.0.1   포트: 12000   프로토콜: Tcp   서버이름: ConvertServer
2020-04-15 22:35:04.8538  INFO - [Web Socket Server Listening...]
2020-04-15 22:35:04.8538  INFO - [Web Socket][INFO] IP: 127.0.0.1   포트: 12005
2020-04-15 22:35:18.7649  INFO - 
[Socket][Client => Server]
{
  "KEY": "B29D00A3 - F825 - 4EB7 - 93C1 - A77F5E31A7C2",
  "Method": "WebCapture",
  "URL": "https://www.google.co.kr/?gfe_rd=cr&ei=nVipVLjjKYfH8geIjYCYBA"
}

2020-04-15 22:35:20.0219  INFO - 
[Socket][Server => Client]
{
  "URL": "C:\\Data",
  "isSuccess": true,
  "msg": "WebCapture에 성공하였습니다.",
  "convertImgCnt": 0,
  "Method": "WebCapture"
}

2020-04-15 22:35:20.0229  INFO - [Socket] 작업 소요시간: 00:00:01.2560229
2020-04-15 22:35:20.0488  INFO - [Socket]세션ID: 71a420c9-9370-4fb3-aa6f-7395b0313b0c 접속해제: ClientClosing
2020-04-15 22:35:39.9792  INFO - 
[Socket][Client => Server]
{
  "KEY": "B29D00A3 - F825 - 4EB7 - 93C1 - A77F5E31A7C2",
  "Method": "WebCapture",
  "URL": "https://cpu.userbenchmark.com/"
}

2020-04-15 22:35:50.8036  INFO - 
[Socket][Server => Client]
{
  "URL": "C:\\Data",
  "isSuccess": true,
  "msg": "WebCapture에 성공하였습니다.",
  "convertImgCnt": 0,
  "Method": "WebCapture"
}

2020-04-15 22:35:50.8036  INFO - [Socket] 작업 소요시간: 00:00:10.8223868
2020-04-15 22:35:50.8205  INFO - [Socket]세션ID: cc3de7f8-8a5b-4044-9e88-c88b054f4ae3 접속해제: ClientClosing
2020-04-15 22:36:09.4514  INFO - 
[Socket][Client => Server]
{
  "KEY": "B29D00A3 - F825 - 4EB7 - 93C1 - A77F5E31A7C2",
  "Method": "WebCapture",
  "URL": "https://github.com/"
}

2020-04-15 22:39:56.0612  INFO - 나의 하드웨어 ID: BFEBFBFF000806EB
2020-04-15 22:39:56.0821  INFO - 라이센스 만료날짜: 2020-04-30
2020-04-15 22:39:56.1210  INFO - [Socket]핸들러 등록 완료
2020-04-15 22:39:56.1210  INFO - [Socket]서버 생성 성공
2020-04-15 22:39:56.1465  INFO - [Socket Server Listening...]
2020-04-15 22:39:56.1465  INFO - [Socket][INFO] IP: 127.0.0.1   포트: 12000   프로토콜: Tcp   서버이름: ConvertServer
2020-04-15 22:39:56.1898  INFO - [Web Socket Server Listening...]
2020-04-15 22:39:56.1898  INFO - [Web Socket][INFO] IP: 127.0.0.1   포트: 12005
2020-04-15 22:40:05.5750  INFO - [Socket]세션ID: 9a7e2d47-23ba-426e-9344-513d13b1271a 접속해제: ProtocolError
2020-04-15 22:40:09.6439  INFO - [Socket]세션ID: c3855443-cc76-418f-a917-840d17972244 접속해제: ProtocolError
2020-04-15 22:40:12.6490  INFO - [Socket]세션ID: 08e978f5-b4fc-4a37-a694-c3faa52d78f2 접속해제: ProtocolError
2020-04-15 22:40:18.4527  INFO - [Socket]세션ID: a0c8bb29-5e32-4c4c-a403-98b096b3d94c 접속해제: ProtocolError
2020-04-15 22:40:29.5573  INFO - 나의 하드웨어 ID: BFEBFBFF000806EB
2020-04-15 22:40:29.6112  INFO - 라이센스 만료날짜: 2020-04-30
2020-04-15 22:40:29.6949  INFO - [Socket]핸들러 등록 완료
2020-04-15 22:40:29.6949  INFO - [Socket]서버 생성 성공
2020-04-15 22:40:29.7318  INFO - [Socket Server Listening...]
2020-04-15 22:40:29.7318  INFO - [Socket][INFO] IP: 127.0.0.1   포트: 12000   프로토콜: Tcp   서버이름: ConvertServer
2020-04-15 22:40:29.7947  INFO - [Web Socket Server Listening...]
2020-04-15 22:40:29.7947  INFO - [Web Socket][INFO] IP: 127.0.0.1   포트: 12005
2020-04-15 22:40:34.0821  INFO - [Socket]세션ID: cd7e4b92-ccf1-420c-a2fa-252a5f70dad3 접속해제: ProtocolError
2020-04-15 22:40:40.2648  INFO - 
[Socket][Client => Server]
{
  "KEY": "B29D00A3 - F825 - 4EB7 - 93C1 - A77F5E31A7C2",
  "Method": "WebCapture",
  "URL": "https://cpu.userbenchmark.com/"
}

2020-04-15 22:40:45.9967  INFO - 
[Socket][Server => Client]
{
  "URL": "C:\\Data",
  "isSuccess": true,
  "msg": "WebCapture에 성공하였습니다.",
  "convertImgCnt": 0,
  "Method": "WebCapture"
}

2020-04-15 22:40:45.9967  INFO - [Socket] 작업 소요시간: 00:00:05.7293367
2020-04-15 22:40:46.0312  INFO - [Socket]세션ID: 68b7d80d-4ac5-4ba8-b998-9ff86e0c08ee 접속해제: ClientClosing
2020-04-15 22:58:58.9112  INFO - 나의 하드웨어 ID: BFEBFBFF000806EB
2020-04-15 22:58:58.9411  INFO - 라이센스 만료날짜: 2020-04-30
2020-04-15 22:58:58.9880  INFO - [Socket]핸들러 등록 완료
2020-04-15 22:58:58.9880  INFO - [Socket]서버 생성 성공
2020-04-15 22:58:59.0161  INFO - [Socket Server Listening...]
2020-04-15 22:58:59.0161  INFO - [Socket][INFO] IP: 127.0.0.1   포트: 12000   프로토콜: Tcp   서버이름: ConvertServer
2020-04-15 22:58:59.0628  INFO - [Web Socket Server Listening...]
2020-04-15 22:58:59.0628  INFO - [Web Socket][INFO] IP: 127.0.0.1   포트: 12005
2020-04-15 22:59:05.8586  INFO - 
[Socket][Client => Server]
{
  "KEY": "B29D00A3 - F825 - 4EB7 - 93C1 - A77F5E31A7C2",
  "Method": "WebCapture",
  "URL": "https://cpu.userbenchmark.com/"
}

2020-04-15 22:59:05.9683  INFO - 
[Socket][Server => Client]
{
  "URL": "C:\\Data",
  "isSuccess": false,
  "msg": "지정된 파일을 찾을 수 없습니다",
  "convertImgCnt": 0,
  "Method": "WebCapture"
}

2020-04-15 22:59:05.9683  INFO - [Socket] 작업 소요시간: 00:00:00.1077105
2020-04-15 22:59:05.9993  INFO - [Socket]세션ID: 1544ea92-8804-4019-89f2-82a150085aa3 접속해제: ClientClosing
2020-04-15 22:59:35.0748  INFO - 나의 하드웨어 ID: BFEBFBFF000806EB
2020-04-15 22:59:35.1056  INFO - 라이센스 만료날짜: 2020-04-30
2020-04-15 22:59:35.1625  INFO - [Socket]핸들러 등록 완료
2020-04-15 22:59:35.1625  INFO - [Socket]서버 생성 성공
2020-04-15 22:59:35.1937  INFO - [Socket Server Listening...]
2020-04-15 22:59:35.1944  INFO - [Socket][INFO] IP: 127.0.0.1   포트: 12000   프로토콜: Tcp   서버이름: ConvertServer
2020-04-15 22:59:35.2483  INFO - [Web Socket Server Listening...]
2020-04-15 22:59:35.2483  INFO - [Web Socket][INFO] IP: 127.0.0.1   포트: 12005
2020-04-15 22:59:41.1196  INFO - 
[Socket][Client => Server]
{
  "KEY": "B29D00A3 - F825 - 4EB7 - 93C1 - A77F5E31A7C2",
  "Method": "WebCapture",
  "URL": "https://github.com/"
}

2020-04-15 22:59:57.9976  INFO - 
[Socket][Server => Client]
{
  "URL": "C:\\Data",
  "isSuccess": true,
  "msg": "WebCapture에 성공하였습니다.",
  "convertImgCnt": 0,
  "Method": "WebCapture"
}

2020-04-15 22:59:57.9976  INFO - [Socket] 작업 소요시간: 00:00:16.8762473
2020-04-15 22:59:58.0297  INFO - [Socket]세션ID: 9fdd33b7-8b89-49be-9620-87a17f9476e1 접속해제: ClientClosing
2020-04-15 23:00:18.8709  INFO - 
[Socket][Client => Server]
{
  "KEY": "B29D00A3 - F825 - 4EB7 - 93C1 - A77F5E31A7C2",
  "Method": "WebCapture",
  "URL": "https://www.naver.com/"
}

2020-04-15 23:00:29.7636  INFO - 
[Socket][Server => Client]
{
  "URL": "C:\\Data",
  "isSuccess": true,
  "msg": "WebCapture에 성공하였습니다.",
  "convertImgCnt": 0,
  "Method": "WebCapture"
}

2020-04-15 23:00:29.7636  INFO - [Socket] 작업 소요시간: 00:00:10.8887304
2020-04-15 23:00:29.7768  INFO - [Socket]세션ID: 2a554b8a-2fd6-4917-9470-23889532635c 접속해제: ClientClosing
2020-04-15 23:00:58.0744  INFO - 
[Socket][Client => Server]
{
  "KEY": "B29D00A3 - F825 - 4EB7 - 93C1 - A77F5E31A7C2",
  "Method": "WebCapture",
  "URL": "https://cpu.userbenchmark.com/"
}

2020-04-15 23:01:15.0062  INFO - 
[Socket][Server => Client]
{
  "URL": "C:\\Data",
  "isSuccess": true,
  "msg": "WebCapture에 성공하였습니다.",
  "convertImgCnt": 0,
  "Method": "WebCapture"
}

2020-04-15 23:01:15.0062  INFO - [Socket] 작업 소요시간: 00:00:16.9247138
2020-04-15 23:01:15.0131  INFO - [Socket]세션ID: ba0d2029-4f1a-47e9-ab86-e08225b88e41 접속해제: ClientClosing
2020-04-15 23:06:11.2134  INFO - 나의 하드웨어 ID: BFEBFBFF000806EB
2020-04-15 23:06:11.2394  INFO - 라이센스 만료날짜: 2020-04-30
2020-04-15 23:06:11.2902  INFO - [Socket]핸들러 등록 완료
2020-04-15 23:06:11.2902  INFO - [Socket]서버 생성 성공
2020-04-15 23:06:11.3228  INFO - [Socket Server Listening...]
2020-04-15 23:06:11.3228  INFO - [Socket][INFO] IP: 127.0.0.1   포트: 12000   프로토콜: Tcp   서버이름: ConvertServer
2020-04-15 23:06:11.3722  INFO - [Web Socket Server Listening...]
2020-04-15 23:06:11.3722  INFO - [Web Socket][INFO] IP: 127.0.0.1   포트: 12005
2020-04-15 23:07:16.3550  INFO - 나의 하드웨어 ID: BFEBFBFF000806EB
2020-04-15 23:07:16.3789  INFO - 라이센스 만료날짜: 2020-04-30
2020-04-15 23:07:16.4298  INFO - [Socket]핸들러 등록 완료
2020-04-15 23:07:16.4298  INFO - [Socket]서버 생성 성공
2020-04-15 23:07:16.4557  INFO - [Socket Server Listening...]
2020-04-15 23:07:16.4557  INFO - [Socket][INFO] IP: 127.0.0.1   포트: 12000   프로토콜: Tcp   서버이름: ConvertServer
2020-04-15 23:07:16.5066  INFO - [Web Socket Server Listening...]
2020-04-15 23:07:16.5066  INFO - [Web Socket][INFO] IP: 127.0.0.1   포트: 12005
2020-04-15 23:07:27.9606  INFO - 
[Socket][Client => Server]
{
  "KEY": "B29D00A3 - F825 - 4EB7 - 93C1 - A77F5E31A7C2",
  "Method": "WebCapture",
  "URL": "https://www.naver.com"
}

2020-04-15 23:07:39.3493  INFO - 
[Socket][Server => Client]
{
  "URL": "C:\\Data\\workspace\\0b9bfba9-9574-4596-9945-c1b31351637c\\2020-04-15.png",
  "isSuccess": true,
  "msg": "WebCapture에 성공하였습니다.",
  "convertImgCnt": 0,
  "Method": "WebCapture"
}

2020-04-15 23:07:39.3493  INFO - [Socket] 작업 소요시간: 00:00:11.3858033
2020-04-15 23:07:39.3772  INFO - [Socket]세션ID: a8d0b2e9-3537-4fcb-8bd6-825f5a39f4c1 접속해제: ClientClosing
2020-04-15 23:08:40.4373  INFO - 나의 하드웨어 ID: BFEBFBFF000806EB
2020-04-15 23:08:40.4612  INFO - 라이센스 만료날짜: 2020-04-30
2020-04-15 23:08:40.5081  INFO - [Socket]핸들러 등록 완료
2020-04-15 23:08:40.5081  INFO - [Socket]서버 생성 성공
2020-04-15 23:08:40.5340  INFO - [Socket Server Listening...]
2020-04-15 23:08:40.5340  INFO - [Socket][INFO] IP: 127.0.0.1   포트: 12000   프로토콜: Tcp   서버이름: ConvertServer
2020-04-15 23:08:40.5888  INFO - [Web Socket Server Listening...]
2020-04-15 23:08:40.5888  INFO - [Web Socket][INFO] IP: 127.0.0.1   포트: 12005
2020-04-15 23:08:44.2427  INFO - 
[Socket][Client => Server]
{
  "KEY": "B29D00A3 - F825 - 4EB7 - 93C1 - A77F5E31A7C2",
  "Method": "WebCapture",
  "URL": "https://www.naver.com"
}

2020-04-15 23:08:56.6365  INFO - 
[Socket][Server => Client]
{
  "URL": "C:\\Data\\workspace\\976b187a-1beb-4731-9e7b-f40fd075f096_2020-04-15.png",
  "isSuccess": true,
  "msg": "WebCapture에 성공하였습니다.",
  "convertImgCnt": 0,
  "Method": "WebCapture"
}

2020-04-15 23:08:56.6365  INFO - [Socket] 작업 소요시간: 00:00:12.3927996
2020-04-15 23:08:56.6704  INFO - [Socket]세션ID: b18ec963-f6d0-4312-b08c-1fb9ab286d20 접속해제: ClientClosing
2020-04-15 23:10:56.1030  INFO - 나의 하드웨어 ID: BFEBFBFF000806EB
2020-04-15 23:10:56.1360  INFO - 라이센스 만료날짜: 2020-04-30
2020-04-15 23:10:56.2028  INFO - [Socket]핸들러 등록 완료
2020-04-15 23:10:56.2028  INFO - [Socket]서버 생성 성공
2020-04-15 23:10:56.2318  INFO - [Socket Server Listening...]
2020-04-15 23:10:56.2318  INFO - [Socket][INFO] IP: 127.0.0.1   포트: 12000   프로토콜: Tcp   서버이름: ConvertServer
2020-04-15 23:10:56.2995  INFO - [Web Socket Server Listening...]
2020-04-15 23:10:56.2995  INFO - [Web Socket][INFO] IP: 127.0.0.1   포트: 12005
2020-04-15 23:11:00.6656  INFO - 
[Socket][Client => Server]
{
  "KEY": "B29D00A3 - F825 - 4EB7 - 93C1 - A77F5E31A7C2",
  "Method": "WebCapture",
  "URL": "https://www.naver.com"
}

2020-04-15 23:11:11.8264  INFO - 
[Socket][Server => Client]
{
  "URL": "C:\\Data\\workspace\\d8680901-74e4-4208-8978-7870759e2735_2020-04-15",
  "isSuccess": true,
  "msg": "WebCapture에 성공하였습니다.",
  "convertImgCnt": 0,
  "Method": "WebCapture"
}

2020-04-15 23:11:11.8264  INFO - [Socket] 작업 소요시간: 00:00:11.1598235
2020-04-15 23:11:11.8662  INFO - [Socket]세션ID: 99cb92ba-1ad0-47ed-a2ec-357513a0acb5 접속해제: ClientClosing
2020-04-15 23:13:13.3761  INFO - 나의 하드웨어 ID: BFEBFBFF000806EB
2020-04-15 23:13:13.4052  INFO - 라이센스 만료날짜: 2020-04-30
2020-04-15 23:13:13.4828  INFO - [Socket]핸들러 등록 완료
2020-04-15 23:13:13.4828  INFO - [Socket]서버 생성 성공
2020-04-15 23:13:13.5167  INFO - [Socket Server Listening...]
2020-04-15 23:13:13.5167  INFO - [Socket][INFO] IP: 127.0.0.1   포트: 12000   프로토콜: Tcp   서버이름: ConvertServer
2020-04-15 23:13:13.5975  INFO - [Web Socket Server Listening...]
2020-04-15 23:13:13.5975  INFO - [Web Socket][INFO] IP: 127.0.0.1   포트: 12005
2020-04-15 23:13:18.2824  INFO - 
[Socket][Client => Server]
{
  "KEY": "B29D00A3 - F825 - 4EB7 - 93C1 - A77F5E31A7C2",
  "Method": "WebCapture",
  "URL": "https://www.naver.com"
}

2020-04-15 23:13:31.1389  INFO - 
[Socket][Server => Client]
{
  "URL": "C:\\Data\\workspace\\86da300d-7802-4138-8c36-6ecddab50db8_2020-04-15",
  "isSuccess": true,
  "msg": "WebCapture에 성공하였습니다.",
  "convertImgCnt": 0,
  "Method": "WebCapture"
}

2020-04-15 23:13:31.1389  INFO - [Socket] 작업 소요시간: 00:00:12.8546048
2020-04-15 23:13:31.1596  INFO - [Socket]세션ID: 786748b0-aefc-4ed8-9c25-8564c8b46b28 접속해제: ClientClosing
2020-04-15 23:14:13.5904  INFO - 
[Socket][Client => Server]
{
  "KEY": "B29D00A3 - F825 - 4EB7 - 93C1 - A77F5E31A7C2",
  "Method": "WebCapture",
  "URL": "http://www.silvymobile.co.kr/"
}

2020-04-15 23:14:17.3912  INFO - 
[Socket][Server => Client]
{
  "URL": "C:\\Data\\workspace\\7f3930db-abff-4e1f-9965-1e4c119b1514_2020-04-15",
  "isSuccess": true,
  "msg": "WebCapture에 성공하였습니다.",
  "convertImgCnt": 0,
  "Method": "WebCapture"
}

2020-04-15 23:14:17.3912  INFO - [Socket] 작업 소요시간: 00:00:03.7967538
2020-04-15 23:14:17.4044  INFO - [Socket]세션ID: 83dafe96-e3b5-4103-8e98-6f24d7aee4b1 접속해제: ClientClosing
2020-04-15 23:14:40.5625  INFO - 
[Socket][Client => Server]
{
  "KEY": "B29D00A3 - F825 - 4EB7 - 93C1 - A77F5E31A7C2",
  "Method": "WebCapture",
  "URL": "http://www.silvymobile.co.kr/EooDo-Talk.html"
}

2020-04-15 23:14:51.9102  INFO - 
[Socket][Server => Client]
{
  "URL": "C:\\Data\\workspace\\a16c8f7c-c2aa-428a-a9dd-d484c870eb28_2020-04-15",
  "isSuccess": true,
  "msg": "WebCapture에 성공하였습니다.",
  "convertImgCnt": 0,
  "Method": "WebCapture"
}

2020-04-15 23:14:51.9102  INFO - [Socket] 작업 소요시간: 00:00:11.3416905
2020-04-15 23:14:51.9196  INFO - [Socket]세션ID: 325b3e3e-317d-4207-a7d1-3a40e153d965 접속해제: ClientClosing
2020-04-15 23:15:16.9492  INFO - 
[Socket][Client => Server]
{
  "KEY": "B29D00A3 - F825 - 4EB7 - 93C1 - A77F5E31A7C2",
  "Method": "WebCapture",
  "URL": "https://www.youtube.com/"
}

2020-04-15 23:15:23.6969  INFO - 
[Socket][Server => Client]
{
  "URL": "C:\\Data\\workspace\\c69dbc26-dd96-4ac7-8c22-645aec89d4ce_2020-04-15",
  "isSuccess": true,
  "msg": "WebCapture에 성공하였습니다.",
  "convertImgCnt": 0,
  "Method": "WebCapture"
}

2020-04-15 23:15:23.6969  INFO - [Socket] 작업 소요시간: 00:00:06.7447215
2020-04-15 23:15:23.6969  INFO - [Socket]세션ID: cc89cc08-aba0-4716-ba4e-23bed576fc8b 접속해제: ClientClosing
2020-04-15 23:16:12.4528  INFO - 나의 하드웨어 ID: BFEBFBFF000806EB
2020-04-15 23:16:12.4757  INFO - 라이센스 만료날짜: 2020-04-30
2020-04-15 23:16:12.5266  INFO - [Socket]핸들러 등록 완료
2020-04-15 23:16:12.5266  INFO - [Socket]서버 생성 성공
2020-04-15 23:16:12.5535  INFO - [Socket Server Listening...]
2020-04-15 23:16:12.5535  INFO - [Socket][INFO] IP: 127.0.0.1   포트: 12000   프로토콜: Tcp   서버이름: ConvertServer
2020-04-15 23:16:12.6005  INFO - [Web Socket Server Listening...]
2020-04-15 23:16:12.6005  INFO - [Web Socket][INFO] IP: 127.0.0.1   포트: 12005
2020-04-15 23:16:47.2213  INFO - 
[Socket][Client => Server]
{
  "KEY": "B29D00A3 - F825 - 4EB7 - 93C1 - A77F5E31A7C2",
  "Method": "WebCapture",
  "URL": "http://106.255.240.210:8001/wiki/"
}

2020-04-15 23:16:51.7503  INFO - 
[Socket][Server => Client]
{
  "URL": "C:\\Data\\workspace\\4058d636-bb49-4038-ad19-9074bd79e419_2020-04-15",
  "isSuccess": true,
  "msg": "WebCapture에 성공하였습니다.",
  "convertImgCnt": 0,
  "Method": "WebCapture"
}

2020-04-15 23:16:51.7503  INFO - [Socket] 작업 소요시간: 00:00:04.5274411
2020-04-15 23:16:51.7936  INFO - [Socket]세션ID: 23f03f8d-374c-4674-bca2-13ee78a80890 접속해제: ClientClosing
2020-04-15 23:17:15.0901  INFO - 
[Socket][Client => Server]
{
  "KEY": "B29D00A3 - F825 - 4EB7 - 93C1 - A77F5E31A7C2",
  "Method": "WebCapture",
  "URL": "https://www.instagram.com/"
}

2020-04-15 23:17:19.8140  INFO - 
[Socket][Server => Client]
{
  "URL": "C:\\Data\\workspace\\b499b3bc-9d6f-4d7f-8eb5-04cd22e8fe69_2020-04-15",
  "isSuccess": true,
  "msg": "WebCapture에 성공하였습니다.",
  "convertImgCnt": 0,
  "Method": "WebCapture"
}

2020-04-15 23:17:19.8140  INFO - [Socket] 작업 소요시간: 00:00:04.7233190
2020-04-15 23:17:19.8215  INFO - [Socket]세션ID: 6e458cca-7d4a-422a-9037-249154b04f04 접속해제: ClientClosing
2020-04-15 23:17:49.3580  INFO - [Socket]세션ID: a1bf97a4-0331-42ed-b11e-b97660510499 접속해제: ProtocolError
2020-04-15 23:22:24.4853  INFO - 나의 하드웨어 ID: BFEBFBFF000806EB
2020-04-15 23:22:24.5163  INFO - 라이센스 만료날짜: 2020-04-30
2020-04-15 23:22:24.5691  INFO - [Socket]핸들러 등록 완료
2020-04-15 23:22:24.5701  INFO - [Socket]서버 생성 성공
2020-04-15 23:22:24.5986  INFO - [Socket Server Listening...]
2020-04-15 23:22:24.5986  INFO - [Socket][INFO] IP: 127.0.0.1   포트: 12000   프로토콜: Tcp   서버이름: ConvertServer
2020-04-15 23:22:24.6629  INFO - [Web Socket Server Listening...]
2020-04-15 23:22:24.6629  INFO - [Web Socket][INFO] IP: 127.0.0.1   포트: 12005
2020-04-15 23:22:37.8243  INFO - [Socket]세션ID: 9c35c2cd-6fdd-46a2-96db-2252f56c8757 접속해제: ProtocolError
2020-04-15 23:22:52.8958  INFO - 나의 하드웨어 ID: BFEBFBFF000806EB
2020-04-15 23:22:52.9217  INFO - 라이센스 만료날짜: 2020-04-30
2020-04-15 23:22:52.9688  INFO - [Socket]핸들러 등록 완료
2020-04-15 23:22:52.9688  INFO - [Socket]서버 생성 성공
2020-04-15 23:22:52.9897  INFO - [Socket Server Listening...]
2020-04-15 23:22:52.9897  INFO - [Socket][INFO] IP: 127.0.0.1   포트: 12000   프로토콜: Tcp   서버이름: ConvertServer
2020-04-15 23:22:53.0374  INFO - [Web Socket Server Listening...]
2020-04-15 23:22:53.0374  INFO - [Web Socket][INFO] IP: 127.0.0.1   포트: 12005
2020-04-15 23:23:08.2392  INFO - 
[Socket][Client => Server]
{
  "KEY": "B29D00A3 - F825 - 4EB7 - 93C1 - A77F5E31A7C2",
  "Method": "WebCapture",
  "URL": "https://www.naver.com/"
}

2020-04-15 23:23:20.8164  INFO - 
[Socket][Server => Client]
{
  "URL": "C:\\Data\\workspace\\43f75b0f-d695-4be8-a498-4ba9a21819be_2020-04-15",
  "isSuccess": true,
  "msg": "WebCapture에 성공하였습니다.",
  "convertImgCnt": 0,
  "Method": "WebCapture"
}

2020-04-15 23:23:20.8164  INFO - [Socket] 작업 소요시간: 00:00:12.5752069
2020-04-15 23:23:20.8432  INFO - [Socket]세션ID: 2fff869c-2195-4b12-a0f2-591c06e67c53 접속해제: ClientClosing
2020-04-15 23:25:09.4792  INFO - 나의 하드웨어 ID: BFEBFBFF000806EB
2020-04-15 23:25:09.5051  INFO - 라이센스 만료날짜: 2020-04-30
2020-04-15 23:25:09.5669  INFO - [Socket]핸들러 등록 완료
2020-04-15 23:25:09.5669  INFO - [Socket]서버 생성 성공
2020-04-15 23:25:09.5915  INFO - [Socket Server Listening...]
2020-04-15 23:25:09.5915  INFO - [Socket][INFO] IP: 127.0.0.1   포트: 12000   프로토콜: Tcp   서버이름: ConvertServer
2020-04-15 23:25:09.6457  INFO - [Web Socket Server Listening...]
2020-04-15 23:25:09.6457  INFO - [Web Socket][INFO] IP: 127.0.0.1   포트: 12005
2020-04-15 23:25:14.0054  INFO - 
[Socket][Client => Server]
{
  "KEY": "B29D00A3 - F825 - 4EB7 - 93C1 - A77F5E31A7C2",
  "Method": "WebCapture",
  "URL": "https://www.naver.com/"
}

2020-04-15 23:25:25.7411  INFO - 
[Socket][Server => Client]
{
  "URL": "C:\\Data\\workspace\\620624a5-1ed2-4624-888d-c29cfcbb1664_2020-04-15",
  "isSuccess": true,
  "msg": "WebCapture에 성공하였습니다.",
  "convertImgCnt": 0,
  "Method": "WebCapture"
}

2020-04-15 23:25:25.7411  INFO - [Socket] 작업 소요시간: 00:00:11.7346975
2020-04-15 23:25:25.7632  INFO - [Socket]세션ID: 65a6e5fb-9e45-4272-a7d4-afd3a6f5d240 접속해제: ClientClosing
2020-04-15 23:26:02.4742  INFO - 나의 하드웨어 ID: BFEBFBFF000806EB
2020-04-15 23:26:02.5341  INFO - 라이센스 만료날짜: 2020-04-30
2020-04-15 23:26:02.6408  INFO - [Socket]핸들러 등록 완료
2020-04-15 23:26:02.6408  INFO - [Socket]서버 생성 성공
2020-04-15 23:26:02.6867  INFO - [Socket Server Listening...]
2020-04-15 23:26:02.6867  INFO - [Socket][INFO] IP: 127.0.0.1   포트: 12000   프로토콜: Tcp   서버이름: ConvertServer
2020-04-15 23:26:02.8004  INFO - [Web Socket Server Listening...]
2020-04-15 23:26:02.8004  INFO - [Web Socket][INFO] IP: 127.0.0.1   포트: 12005
2020-04-15 23:26:10.7281  INFO - 
[Socket][Client => Server]
{
  "KEY": "B29D00A3 - F825 - 4EB7 - 93C1 - A77F5E31A7C2",
  "Method": "WebCapture",
  "URL": "https://www.naver.com/"
}

2020-04-15 23:26:51.9787  INFO - 
[Socket][Server => Client]
{
  "URL": "C:\\Data\\workspace\\63799023-97cf-4d5a-b3fb-4903fa4fbc5d_2020-04-15",
  "isSuccess": true,
  "msg": "WebCapture에 성공하였습니다.",
  "convertImgCnt": 0,
  "Method": "WebCapture"
}

2020-04-15 23:26:51.9787  INFO - [Socket] 작업 소요시간: 00:00:41.2491355
2020-04-15 23:26:52.0047  INFO - [Socket]세션ID: 71ffa92f-f408-4a50-9ae7-fe28ca8611c6 접속해제: ClientClosing
2020-04-15 23:26:54.8857  INFO - 
[Socket][Client => Server]
{
  "KEY": "B29D00A3 - F825 - 4EB7 - 93C1 - A77F5E31A7C2",
  "Method": "WebCapture",
  "URL": "https://www.naver.com/"
}

2020-04-15 23:27:04.3093  INFO - 
[Socket][Server => Client]
{
  "URL": "C:\\Data\\workspace\\d8b6f6a5-90bf-4ee6-8850-66bba9aa2d2d_2020-04-15",
  "isSuccess": true,
  "msg": "WebCapture에 성공하였습니다.",
  "convertImgCnt": 0,
  "Method": "WebCapture"
}

2020-04-15 23:27:04.3093  INFO - [Socket] 작업 소요시간: 00:00:09.4226344
2020-04-15 23:27:04.3194  INFO - [Socket]세션ID: cc412aba-0801-44c2-a2bc-7e4288b136e3 접속해제: ClientClosing
2020-04-15 23:27:26.4130  INFO - 
[Socket][Client => Server]
{
  "KEY": "B29D00A3 - F825 - 4EB7 - 93C1 - A77F5E31A7C2",
  "Method": "WebCapture",
  "URL": "https://translate.google.co.kr/?ie=UTF-8&hl=ko&client=tw-ob#en/ko/"
}

2020-04-15 23:27:33.0063  INFO - 
[Socket][Server => Client]
{
  "URL": "C:\\Data\\workspace\\4d22772a-0eb8-4c69-98d4-1ea614a5ec87_2020-04-15",
  "isSuccess": true,
  "msg": "WebCapture에 성공하였습니다.",
  "convertImgCnt": 0,
  "Method": "WebCapture"
}

2020-04-15 23:27:33.0071  INFO - [Socket] 작업 소요시간: 00:00:06.5930622
2020-04-15 23:27:33.0071  INFO - [Socket]세션ID: 603abffe-3179-4465-a7b0-0a28adb077fb 접속해제: ClientClosing
2020-04-15 23:28:46.9032  INFO - 나의 하드웨어 ID: BFEBFBFF000806EB
2020-04-15 23:28:46.9353  INFO - 라이센스 만료날짜: 2020-04-30
2020-04-15 23:28:46.9999  INFO - [Socket]핸들러 등록 완료
2020-04-15 23:28:46.9999  INFO - [Socket]서버 생성 성공
2020-04-15 23:28:47.0378  INFO - [Socket Server Listening...]
2020-04-15 23:28:47.0378  INFO - [Socket][INFO] IP: 127.0.0.1   포트: 12000   프로토콜: Tcp   서버이름: ConvertServer
2020-04-15 23:28:47.0996  INFO - [Web Socket Server Listening...]
2020-04-15 23:28:47.0996  INFO - [Web Socket][INFO] IP: 127.0.0.1   포트: 12005
2020-04-15 23:28:59.7626  INFO - 
[Socket][Client => Server]
{
  "KEY": "B29D00A3 - F825 - 4EB7 - 93C1 - A77F5E31A7C2",
  "Method": "WebCapture",
  "URL": "https://translate.google.co.kr/?ie=UTF-8&hl=ko&client=tw-ob#en/ko/"
}

2020-04-15 23:29:06.7806  INFO - 
[Socket][Server => Client]
{
  "URL": "C:\\Data\\workspace\\76a1bef5-6979-48e0-a397-831271b1dcaa_2020-04-15\\translate.google.co.kr.png",
  "isSuccess": true,
  "msg": "WebCapture에 성공하였습니다.",
  "convertImgCnt": 0,
  "Method": "WebCapture"
}

2020-04-15 23:29:06.7806  INFO - [Socket] 작업 소요시간: 00:00:07.0169864
2020-04-15 23:29:06.8106  INFO - [Socket]세션ID: 9974a102-0fed-4b69-92ad-fdc455de3a49 접속해제: ClientClosing
2020-04-15 23:30:40.1135  INFO - 나의 하드웨어 ID: BFEBFBFF000806EB
2020-04-15 23:30:40.1424  INFO - 라이센스 만료날짜: 2020-04-30
2020-04-15 23:30:40.2002  INFO - [Socket]핸들러 등록 완료
2020-04-15 23:30:40.2002  INFO - [Socket]서버 생성 성공
2020-04-15 23:30:40.2534  INFO - [Socket Server Listening...]
2020-04-15 23:30:40.2534  INFO - [Socket][INFO] IP: 127.0.0.1   포트: 12000   프로토콜: Tcp   서버이름: ConvertServer
2020-04-15 23:30:40.3159  INFO - [Web Socket Server Listening...]
2020-04-15 23:30:40.3159  INFO - [Web Socket][INFO] IP: 127.0.0.1   포트: 12005
2020-04-15 23:30:45.8935  INFO - 
[Socket][Client => Server]
{
  "KEY": "B29D00A3 - F825 - 4EB7 - 93C1 - A77F5E31A7C2",
  "Method": "WebCapture",
  "URL": "https://translate.google.co.kr/?ie=UTF-8&hl=ko&client=tw-ob#en/ko/"
}

2020-04-15 23:30:53.2591  INFO - 
[Socket][Server => Client]
{
  "URL": "/\\workspace\\11392fd9-8522-4fd1-aa67-035461688cad_2020-04-15/translate.google.co.kr.png",
  "isSuccess": true,
  "msg": "WebCapture에 성공하였습니다.",
  "convertImgCnt": 0,
  "Method": "WebCapture"
}

2020-04-15 23:30:53.2591  INFO - [Socket] 작업 소요시간: 00:00:07.3646333
2020-04-15 23:30:53.2990  INFO - [Socket]세션ID: 37261fdb-e1d6-43e1-8a8a-25bfa98e854d 접속해제: ClientClosing
2020-04-15 23:37:08.0816  INFO - 나의 하드웨어 ID: BFEBFBFF000806EB
2020-04-15 23:37:08.1115  INFO - 라이센스 만료날짜: 2020-04-30
2020-04-15 23:37:08.1692  INFO - [Socket]핸들러 등록 완료
2020-04-15 23:37:08.1692  INFO - [Socket]서버 생성 성공
2020-04-15 23:37:08.1913  INFO - [Socket Server Listening...]
2020-04-15 23:37:08.1913  INFO - [Socket][INFO] IP: 127.0.0.1   포트: 12000   프로토콜: Tcp   서버이름: ConvertServer
2020-04-15 23:37:08.2462  INFO - [Web Socket Server Listening...]
2020-04-15 23:37:08.2462  INFO - [Web Socket][INFO] IP: 127.0.0.1   포트: 12005
2020-04-15 23:37:21.6250  INFO - 
[Socket][Client => Server]
{
  "KEY": "B29D00A3 - F825 - 4EB7 - 93C1 - A77F5E31A7C2",
  "Method": "WebCapture",
  "URL": "https://translate.google.co.kr/?ie=UTF-8&hl=ko&client=tw-ob#en/ko/"
}

2020-04-15 23:37:27.8729  INFO - 
[Socket][Server => Client]
{
  "URL": "/workspace/translate.google.co.kr.png",
  "isSuccess": true,
  "msg": "WebCapture에 성공하였습니다.",
  "convertImgCnt": 0,
  "Method": "WebCapture"
}

2020-04-15 23:37:27.8729  INFO - [Socket] 작업 소요시간: 00:00:06.2468975
2020-04-15 23:37:27.9157  INFO - [Socket]세션ID: 14910519-4fd5-4210-afe8-f5a5452eb231 접속해제: ClientClosing
2020-04-15 23:38:38.3091  INFO - 나의 하드웨어 ID: BFEBFBFF000806EB
2020-04-15 23:38:38.3350  INFO - 라이센스 만료날짜: 2020-04-30
2020-04-15 23:38:38.3889  INFO - [Socket]핸들러 등록 완료
2020-04-15 23:38:38.3889  INFO - [Socket]서버 생성 성공
2020-04-15 23:38:38.4140  INFO - [Socket Server Listening...]
2020-04-15 23:38:38.4140  INFO - [Socket][INFO] IP: 127.0.0.1   포트: 12000   프로토콜: Tcp   서버이름: ConvertServer
2020-04-15 23:38:38.4667  INFO - [Web Socket Server Listening...]
2020-04-15 23:38:38.4667  INFO - [Web Socket][INFO] IP: 127.0.0.1   포트: 12005
2020-04-15 23:38:42.7298  INFO - 
[Socket][Client => Server]
{
  "KEY": "B29D00A3 - F825 - 4EB7 - 93C1 - A77F5E31A7C2",
  "Method": "WebCapture",
  "URL": "https://translate.google.co.kr/?ie=UTF-8&hl=ko&client=tw-ob#en/ko/"
}

2020-04-15 23:38:49.5438  INFO - 
[Socket][Server => Client]
{
  "URL": "/workspace/68122f4f-b3c1-450e-a084-68b6f52bb471/translate.google.co.kr.png",
  "isSuccess": true,
  "msg": "WebCapture에 성공하였습니다.",
  "convertImgCnt": 0,
  "Method": "WebCapture"
}

2020-04-15 23:38:49.5438  INFO - [Socket] 작업 소요시간: 00:00:06.8130797
2020-04-15 23:38:49.5836  INFO - [Socket]세션ID: c9dc3b21-ba4f-4319-9c7b-4452888721b4 접속해제: ClientClosing
2020-04-15 23:39:40.9758  INFO - 나의 하드웨어 ID: BFEBFBFF000806EB
2020-04-15 23:39:41.0007  INFO - 라이센스 만료날짜: 2020-04-30
2020-04-15 23:39:41.0536  INFO - [Socket]핸들러 등록 완료
2020-04-15 23:39:41.0536  INFO - [Socket]서버 생성 성공
2020-04-15 23:39:41.0825  INFO - [Socket Server Listening...]
2020-04-15 23:39:41.0825  INFO - [Socket][INFO] IP: 127.0.0.1   포트: 12000   프로토콜: Tcp   서버이름: ConvertServer
2020-04-15 23:39:41.1414  INFO - [Web Socket Server Listening...]
2020-04-15 23:39:41.1414  INFO - [Web Socket][INFO] IP: 127.0.0.1   포트: 12005
2020-04-15 23:39:47.1918  INFO - 
[Socket][Client => Server]
{
  "KEY": "B29D00A3 - F825 - 4EB7 - 93C1 - A77F5E31A7C2",
  "Method": "WebCapture",
  "URL": "https://translate.google.co.kr/?ie=UTF-8&hl=ko&client=tw-ob#en/ko/"
}

2020-04-15 23:39:54.3082  INFO - 
[Socket][Server => Client]
{
  "URL": "/workspace/73be0907-7af2-44ac-8734-ff103c89d79a_2020-04-15/translate.google.co.kr.png",
  "isSuccess": true,
  "msg": "WebCapture에 성공하였습니다.",
  "convertImgCnt": 0,
  "Method": "WebCapture"
}

2020-04-15 23:39:54.3082  INFO - [Socket] 작업 소요시간: 00:00:07.1143688
2020-04-15 23:39:54.3540  INFO - [Socket]세션ID: 4d3f812f-16d7-424d-a2db-ec98399abb4c 접속해제: ClientClosing
2020-04-15 23:45:54.0895  INFO - 나의 하드웨어 ID: BFEBFBFF000806EB
2020-04-15 23:45:54.1104  INFO - 라이센스 만료날짜: 2020-04-30
2020-04-15 23:45:54.1552  INFO - [Socket]핸들러 등록 완료
2020-04-15 23:45:54.1552  INFO - [Socket]서버 생성 성공
2020-04-15 23:45:54.1853  INFO - [Socket Server Listening...]
2020-04-15 23:45:54.1853  INFO - [Socket][INFO] IP: 127.0.0.1   포트: 12000   프로토콜: Tcp   서버이름: ConvertServer
2020-04-15 23:45:54.2370  INFO - [Web Socket Server Listening...]
2020-04-15 23:45:54.2370  INFO - [Web Socket][INFO] IP: 127.0.0.1   포트: 12005
2020-04-15 23:46:11.9795  INFO - 
[Socket][Client => Server]
{
  "KEY": "B29D00A3 - F825 - 4EB7 - 93C1 - A77F5E31A7C2",
  "Method": "WebCapture",
  "URL": "https://translate.google.co.kr/?ie=UTF-8&hl=ko&client=tw-ob#en/ko/"
}

2020-04-15 23:46:18.3093  INFO - 
[Socket][Server => Client]
{
  "URL": "/workspace/d1387cc1-ac9d-4367-a552-c4e7d31e0369_2020-04-15/translate.google.co.kr.png",
  "isSuccess": true,
  "msg": "WebCapture에 성공하였습니다.",
  "convertImgCnt": 0,
  "Method": "WebCapture"
}

2020-04-15 23:46:18.3093  INFO - [Socket] 작업 소요시간: 00:00:06.3278737
2020-04-15 23:46:23.5277  INFO - [Socket]세션ID: b5782085-b8b6-41b0-a989-f2c42991613b 접속해제: SocketError
2020-04-15 23:46:33.4413  INFO - 
[Socket][Client => Server]
{
  "KEY": "B29D00A3 - F825 - 4EB7 - 93C1 - A77F5E31A7C2",
  "Method": "WebCapture",
  "URL": "https://translate.google.co.kr/?ie=UTF-8&hl=ko&client=tw-ob#en/ko/"
}

2020-04-15 23:46:37.9921  INFO - 
[Socket][Server => Client]
{
  "URL": "/workspace/a44b0eae-94c5-4735-9392-61ac1bf0d326_2020-04-15/translate.google.co.kr.png",
  "isSuccess": true,
  "msg": "WebCapture에 성공하였습니다.",
  "convertImgCnt": 0,
  "Method": "WebCapture"
}

2020-04-15 23:46:37.9921  INFO - [Socket] 작업 소요시간: 00:00:04.5508229
2020-04-15 23:46:44.6982  INFO - [Socket]세션ID: c90d806b-3fab-41fd-a596-53e6312f46a9 접속해제: SocketError
2020-04-15 23:46:51.8003  INFO - 
[Socket][Client => Server]
{
  "KEY": "B29D00A3 - F825 - 4EB7 - 93C1 - A77F5E31A7C2",
  "Method": "WebCapture",
  "URL": "https://translate.google.co.kr/?ie=UTF-8&hl=ko&client=tw-ob#en/ko/"
}

2020-04-15 23:46:57.1728  INFO - 
[Socket][Server => Client]
{
  "URL": "/workspace/98f236a4-8055-4e7b-b656-63e05eb36194_2020-04-15/translate.google.co.kr.png",
  "isSuccess": true,
  "msg": "WebCapture에 성공하였습니다.",
  "convertImgCnt": 0,
  "Method": "WebCapture"
}

2020-04-15 23:46:57.1728  INFO - [Socket] 작업 소요시간: 00:00:05.3724703
2020-04-15 23:46:57.2954  INFO - [Socket]세션ID: af6bc16a-5651-42aa-9ea0-a0c94415cb52 접속해제: ClientClosing
2020-04-15 23:50:56.9362  INFO - 나의 하드웨어 ID: BFEBFBFF000806EB
2020-04-15 23:50:56.9661  INFO - 라이센스 만료날짜: 2020-04-30
2020-04-15 23:50:57.0230  INFO - [Socket]핸들러 등록 완료
2020-04-15 23:50:57.0230  INFO - [Socket]서버 생성 성공
2020-04-15 23:50:57.0536  INFO - [Socket Server Listening...]
2020-04-15 23:50:57.0536  INFO - [Socket][INFO] IP: 127.0.0.1   포트: 12000   프로토콜: Tcp   서버이름: ConvertServer
2020-04-15 23:50:57.1127  INFO - [Web Socket Server Listening...]
2020-04-15 23:50:57.1127  INFO - [Web Socket][INFO] IP: 127.0.0.1   포트: 12005
2020-04-15 23:51:04.5094  INFO - 
[Socket][Client => Server]
{
  "KEY": "B29D00A3 - F825 - 4EB7 - 93C1 - A77F5E31A7C2",
  "Method": "WebCapture",
  "URL": "https://200315193.tistory.com/2221"
}

2020-04-15 23:51:09.6934  INFO - 
[Socket][Server => Client]
{
  "URL": "/workspace/adaf5b19-e8e1-4abe-bd64-23fddfb23d3f_2020-04-15/200315193.tistory.com.png",
  "isSuccess": true,
  "msg": "WebCapture에 성공하였습니다.",
  "convertImgCnt": 0,
  "Method": "WebCapture"
}

2020-04-15 23:51:09.6953  INFO - [Socket] 작업 소요시간: 00:00:05.1838388
2020-04-15 23:51:36.7356  INFO - [Socket]세션ID: c79d133c-a007-4ab2-937a-51a1ea132326 접속해제: SocketError
2020-04-15 23:51:57.2584  INFO - 
[Socket][Client => Server]
{
  "KEY": "B29D00A3 - F825 - 4EB7 - 93C1 - A77F5E31A7C2",
  "Method": "WebCapture",
  "URL": "https://200315193.tistory.com/2221"
}

2020-04-15 23:52:01.8555  INFO - 
[Socket][Server => Client]
{
  "URL": "/workspace/8aaea973-7735-401b-9526-0b820917c2fd_2020-04-15/200315193.tistory.com.png",
  "isSuccess": true,
  "msg": "WebCapture에 성공하였습니다.",
  "convertImgCnt": 0,
  "Method": "WebCapture"
}

2020-04-15 23:52:01.8555  INFO - [Socket] 작업 소요시간: 00:00:04.5963546
2020-04-15 23:52:01.9683  INFO - [Socket]세션ID: 713dc27f-0c11-48f6-b411-ca19aa01494e 접속해제: ClientClosing
2020-04-15 23:52:28.1176  INFO - 
[Socket][Client => Server]
{
  "KEY": "B29D00A3 - F825 - 4EB7 - 93C1 - A77F5E31A7C2",
  "Method": "WebCapture",
  "URL": "https://map.kakao.com/"
}

2020-04-15 23:52:33.5948  INFO - 
[Socket][Server => Client]
{
  "URL": "/workspace/f328293a-59f7-4842-ad2b-0436bcf1a54c_2020-04-15/map.kakao.com.png",
  "isSuccess": true,
  "msg": "WebCapture에 성공하였습니다.",
  "convertImgCnt": 0,
  "Method": "WebCapture"
}

2020-04-15 23:52:33.5948  INFO - [Socket] 작업 소요시간: 00:00:05.4761915
2020-04-15 23:52:33.6596  INFO - [Socket]세션ID: 6d9621ad-00fc-4686-940a-417a5c00e4b1 접속해제: ClientClosing
2020-04-15 23:52:45.3757  INFO - 
[Socket][Client => Server]
{
  "KEY": "B29D00A3 - F825 - 4EB7 - 93C1 - A77F5E31A7C2",
  "Method": "WebCapture",
  "URL": "https://www.twitch.tv/"
}

2020-04-15 23:52:51.3220  INFO - 
[Socket][Server => Client]
{
  "URL": "/workspace/10b5b721-9d85-4350-9448-b873a1a2ed99_2020-04-15/www.twitch.tv.png",
  "isSuccess": true,
  "msg": "WebCapture에 성공하였습니다.",
  "convertImgCnt": 0,
  "Method": "WebCapture"
}

2020-04-15 23:52:51.3220  INFO - [Socket] 작업 소요시간: 00:00:05.9431089
2020-04-15 23:52:51.3709  INFO - [Socket]세션ID: 81f6ceb7-948c-49d7-a3e9-13f60e5af8bd 접속해제: ClientClosing
2020-04-15 23:53:03.5913  INFO - 
[Socket][Client => Server]
{
  "KEY": "B29D00A3 - F825 - 4EB7 - 93C1 - A77F5E31A7C2",
  "Method": "WebCapture",
  "URL": "https://www.facebook.com/"
}

2020-04-15 23:53:09.0034  INFO - 
[Socket][Server => Client]
{
  "URL": "/workspace/224c338c-abec-4700-a417-bed247b493be_2020-04-15/www.facebook.com.png",
  "isSuccess": true,
  "msg": "WebCapture에 성공하였습니다.",
  "convertImgCnt": 0,
  "Method": "WebCapture"
}

2020-04-15 23:53:09.0034  INFO - [Socket] 작업 소요시간: 00:00:05.4081716
2020-04-15 23:53:09.0524  INFO - [Socket]세션ID: 2eee36a3-5c12-41fe-8796-504a02578ee0 접속해제: ClientClosing
2020-04-15 23:54:35.0863  INFO - 나의 하드웨어 ID: BFEBFBFF000806EB
2020-04-15 23:54:35.1352  INFO - 라이센스 만료날짜: 2020-04-30
2020-04-15 23:54:35.2897  INFO - [Socket]핸들러 등록 완료
2020-04-15 23:54:35.2897  INFO - [Socket]서버 생성 성공
2020-04-15 23:54:35.3426  INFO - [Socket Server Listening...]
2020-04-15 23:54:35.3426  INFO - [Socket][INFO] IP: 127.0.0.1   포트: 12000   프로토콜: Tcp   서버이름: ConvertServer
2020-04-15 23:54:35.5750  INFO - [Web Socket Server Listening...]
2020-04-15 23:54:35.5750  INFO - [Web Socket][INFO] IP: 127.0.0.1   포트: 12005
2020-04-15 23:55:39.8601  INFO - [WebSocket] 클라이언트로 부터 연결요청이 들어옴: 127.0.0.1:9117
2020-04-15 23:55:39.9689  INFO - 
[WebSocket][Client => Server]
{
  "DocPassword": "",
  "FileName": "PowerPoint 시작.pptx",
  "KEY": "B29D00A3 - F825 - 4EB7 - 93C1 - A77F5E31A7C2",
  "ConvertIMG": 0
}

2020-04-15 23:55:40.0665  INFO - 
[WebSocket][Server => Client]
{
  "isSuccess": false,
  "msg": "개체 참조가 개체의 인스턴스로 설정되지 않았습니다."
}

2020-04-15 23:55:40.0665  INFO - [Socket] 작업 소요시간: 00:00:00.1625653
2020-04-15 23:55:40.0836  INFO - [WebSocket]서버와 연결이 해제되었습니다.
2020-04-15 23:56:25.3097  INFO - [WebSocket] 클라이언트로 부터 연결요청이 들어옴: 127.0.0.1:9132
2020-04-15 23:56:25.3287  INFO - 
[WebSocket][Client => Server]
{
  "DocPassword": "",
  "Method": "DocConvert",
  "FileName": "PowerPoint 시작.pptx",
  "KEY": "B29D00A3 - F825 - 4EB7 - 93C1 - A77F5E31A7C2",
  "ConvertIMG": 0
}

2020-04-15 23:56:32.4138  INFO - 
[WebSocket][Server => Client]
{
  "URL": "/workspace/EF571FDA3EDF671CBBF1EDDF9C63C0ED",
  "isSuccess": true,
  "msg": "변환에 성공하였습니다.",
  "Method": "DocConvert"
}

2020-04-15 23:56:32.4138  INFO - [Socket] 작업 소요시간: 00:00:07.0870477
2020-04-15 23:56:32.4138  INFO - [WebSocket]서버와 연결이 해제되었습니다.
