2020-04-15 15:30:05.5775 DEBUG - [Socket]技记ID: 7fdb9857-dee5-4e62-ac54-d65964b97c3d 立加
2020-04-15 15:30:05.6194 DEBUG - [Socket]技记ID: 7fdb9857-dee5-4e62-ac54-d65964b97c3d 罐篮 单捞磐 农扁: 248, ThreadId: 16
2020-04-15 15:32:10.6489 DEBUG - [Socket]技记ID: 490da12a-f29f-4b76-a6f1-5cf7fb1af119 立加
2020-04-15 15:32:10.6638 DEBUG - [Socket]技记ID: 490da12a-f29f-4b76-a6f1-5cf7fb1af119 罐篮 单捞磐 农扁: 248, ThreadId: 7
2020-04-15 15:32:39.2354 DEBUG - [Socket]技记ID: 0cfb2c7c-d24f-49f2-ba66-124b62723499 立加
2020-04-15 15:32:39.2474 DEBUG - [Socket]技记ID: 0cfb2c7c-d24f-49f2-ba66-124b62723499 罐篮 单捞磐 农扁: 248, ThreadId: 14
2020-04-15 15:32:53.1550 DEBUG - [Socket]技记ID: c3cc4f71-2e2d-4031-a90c-8e547c4533ef 立加
2020-04-15 15:32:53.1550 DEBUG - [Socket]技记ID: c3cc4f71-2e2d-4031-a90c-8e547c4533ef 罐篮 单捞磐 农扁: 248, ThreadId: 18
2020-04-15 15:45:17.9240 DEBUG - [Socket]技记ID: 230cd024-50c1-4d4c-9199-98217ba46d28 立加
2020-04-15 15:45:17.9350 DEBUG - [Socket]技记ID: 230cd024-50c1-4d4c-9199-98217ba46d28 罐篮 单捞磐 农扁: 248, ThreadId: 14
2020-04-15 15:45:35.0459 DEBUG - [Socket]技记ID: a8d39d76-a656-4985-bb8b-e7aa5bcd5944 立加
2020-04-15 15:45:35.0459 DEBUG - [Socket]技记ID: a8d39d76-a656-4985-bb8b-e7aa5bcd5944 罐篮 单捞磐 农扁: 248, ThreadId: 14
2020-04-15 15:46:35.4375 DEBUG - [Socket]技记ID: fa9e1c80-5ac6-497e-bfcd-725f835370b9 立加
2020-04-15 15:46:35.4554 DEBUG - [Socket]技记ID: fa9e1c80-5ac6-497e-bfcd-725f835370b9 罐篮 单捞磐 农扁: 248, ThreadId: 5
2020-04-15 15:48:11.1287 DEBUG - [Socket]技记ID: 8292009b-f5d1-43be-bd6a-d7f3c0718091 立加
2020-04-15 15:48:11.1466 DEBUG - [Socket]技记ID: 8292009b-f5d1-43be-bd6a-d7f3c0718091 罐篮 单捞磐 农扁: 248, ThreadId: 5
2020-04-15 15:48:38.3638 DEBUG - [Socket]技记ID: f7e0902e-7b91-4bb0-bc12-c2f090f0fce5 立加
2020-04-15 15:48:38.3828 DEBUG - [Socket]技记ID: f7e0902e-7b91-4bb0-bc12-c2f090f0fce5 罐篮 单捞磐 农扁: 248, ThreadId: 5
2020-04-15 15:55:25.6928 DEBUG - [Socket]技记ID: 3470d474-ad4d-4631-a142-43e2f98a49f8 立加
2020-04-15 15:55:25.7058 DEBUG - [Socket]技记ID: 3470d474-ad4d-4631-a142-43e2f98a49f8 罐篮 单捞磐 农扁: 248, ThreadId: 14
2020-04-15 15:57:49.9223 DEBUG - [Socket]技记ID: 19cd9385-93d8-438f-9138-b3197cdee932 立加
2020-04-15 15:57:49.9871 DEBUG - [Socket]技记ID: 19cd9385-93d8-438f-9138-b3197cdee932 罐篮 单捞磐 农扁: 248, ThreadId: 16
2020-04-15 15:58:31.9084 DEBUG - [Socket]技记ID: 85ad7166-7a6f-4f95-b991-5ec2af0f6514 立加
2020-04-15 15:58:31.9143 DEBUG - [Socket]技记ID: 85ad7166-7a6f-4f95-b991-5ec2af0f6514 罐篮 单捞磐 农扁: 248, ThreadId: 14
2020-04-15 16:16:59.2109 DEBUG - [Socket]技记ID: 5628cd3e-0c9c-4395-8b69-b17bb8b969df 立加
2020-04-15 16:16:59.2538 DEBUG - [Socket]技记ID: 5628cd3e-0c9c-4395-8b69-b17bb8b969df 罐篮 单捞磐 农扁: 244, ThreadId: 16
2020-04-15 16:23:04.4480 DEBUG - [Socket]技记ID: 28dc2a33-dc4f-42b7-bd9a-efa7e07f963a 立加
2020-04-15 16:23:04.4939 DEBUG - [Socket]技记ID: 28dc2a33-dc4f-42b7-bd9a-efa7e07f963a 罐篮 单捞磐 农扁: 248, ThreadId: 16
2020-04-15 16:31:31.4637 DEBUG - [Socket]技记ID: 2577c038-ed38-4837-b21b-ab17521ec5e6 立加
2020-04-15 16:31:31.4786 DEBUG - [Socket]技记ID: 2577c038-ed38-4837-b21b-ab17521ec5e6 罐篮 单捞磐 农扁: 278, ThreadId: 9
2020-04-15 16:46:32.1985 DEBUG - [Socket]技记ID: 756e1de9-1461-4cb9-8e24-a48fcb7953cc 立加
2020-04-15 16:46:32.2394 DEBUG - [Socket]技记ID: 756e1de9-1461-4cb9-8e24-a48fcb7953cc 罐篮 单捞磐 农扁: 248, ThreadId: 16
2020-04-15 16:47:14.3269 DEBUG - [Socket]技记ID: 33fbe1ad-b4e3-4912-b6a8-2cbc504d2480 立加
2020-04-15 16:47:14.3738 DEBUG - [Socket]技记ID: 33fbe1ad-b4e3-4912-b6a8-2cbc504d2480 罐篮 单捞磐 农扁: 248, ThreadId: 16
2020-04-15 16:47:32.2260 DEBUG - [Socket]技记ID: 24f7d3d7-8669-4d35-8fb9-73e8263ff6e2 立加
2020-04-15 16:47:32.2669 DEBUG - [Socket]技记ID: 24f7d3d7-8669-4d35-8fb9-73e8263ff6e2 罐篮 单捞磐 农扁: 248, ThreadId: 16
2020-04-15 16:58:02.3424 DEBUG - [Socket]技记ID: 4dce2fee-76bd-44d9-85e7-4e8021e9cfc5 立加
2020-04-15 16:58:02.3833 DEBUG - [Socket]技记ID: 4dce2fee-76bd-44d9-85e7-4e8021e9cfc5 罐篮 单捞磐 农扁: 248, ThreadId: 5
2020-04-15 17:25:42.9529 DEBUG - [Socket]技记ID: 19a47432-dc39-4833-9c5d-a849ae166572 立加
2020-04-15 17:25:42.9918 DEBUG - [Socket]技记ID: 19a47432-dc39-4833-9c5d-a849ae166572 罐篮 单捞磐 农扁: 248, ThreadId: 5
2020-04-15 21:09:30.5244 DEBUG - [Socket]技记ID: 132b9d79-4341-4f25-ae48-a3e57f9b1bac 立加
2020-04-15 21:09:30.5753 DEBUG - [Socket]技记ID: 132b9d79-4341-4f25-ae48-a3e57f9b1bac 罐篮 单捞磐 农扁: 246, ThreadId: 8
2020-04-15 21:12:07.9527 DEBUG - [Socket]技记ID: 6199d7ae-973b-461e-a672-07cecb87719e 立加
2020-04-15 21:12:08.0036 DEBUG - [Socket]技记ID: 6199d7ae-973b-461e-a672-07cecb87719e 罐篮 单捞磐 农扁: 246, ThreadId: 17
2020-04-15 21:13:40.1096 DEBUG - [Socket]技记ID: ffb3893e-c2aa-4eee-a639-9d07c648e7b2 立加
2020-04-15 21:13:40.1565 DEBUG - [Socket]技记ID: ffb3893e-c2aa-4eee-a639-9d07c648e7b2 罐篮 单捞磐 农扁: 246, ThreadId: 16
2020-04-15 21:14:11.2933 DEBUG - [Socket]技记ID: a2caa02c-0c49-4c01-96d8-3fe59b3fe2a3 立加
2020-04-15 21:14:11.2933 DEBUG - [Socket]技记ID: a2caa02c-0c49-4c01-96d8-3fe59b3fe2a3 罐篮 单捞磐 农扁: 246, ThreadId: 13
2020-04-15 21:14:26.1806 DEBUG - [Socket]技记ID: 8dc2ce92-026c-406e-b946-b08476021f8e 立加
2020-04-15 21:14:26.2132 DEBUG - [Socket]技记ID: 8dc2ce92-026c-406e-b946-b08476021f8e 罐篮 单捞磐 农扁: 246, ThreadId: 14
2020-04-15 21:25:19.2008 DEBUG - [Socket]技记ID: 49e0cf3a-7097-40ac-b1e6-8353b30118db 立加
2020-04-15 21:25:19.2437 DEBUG - [Socket]技记ID: 49e0cf3a-7097-40ac-b1e6-8353b30118db 罐篮 单捞磐 农扁: 246, ThreadId: 16
2020-04-15 21:25:39.0561 DEBUG - [Socket]技记ID: 9747a99f-dea5-4d1b-bbed-5bbb1c78d920 立加
2020-04-15 21:25:39.0561 DEBUG - [Socket]技记ID: 9747a99f-dea5-4d1b-bbed-5bbb1c78d920 罐篮 单捞磐 农扁: 246, ThreadId: 16
2020-04-15 21:26:57.7420 DEBUG - [Socket]技记ID: 52b0c652-e487-4da8-aad7-937d49acf2fa 立加
2020-04-15 21:26:57.7998 DEBUG - [Socket]技记ID: 52b0c652-e487-4da8-aad7-937d49acf2fa 罐篮 单捞磐 农扁: 246, ThreadId: 16
2020-04-15 21:30:52.2232 DEBUG - [Socket]技记ID: a0be3ead-c4d1-4112-9245-039b24c13f99 立加
2020-04-15 21:30:52.2671 DEBUG - [Socket]技记ID: a0be3ead-c4d1-4112-9245-039b24c13f99 罐篮 单捞磐 农扁: 246, ThreadId: 16
2020-04-15 21:36:15.0647 DEBUG - [Socket]技记ID: 8d3beeef-5350-4a9b-982b-1e18152de816 立加
2020-04-15 21:36:15.1095 DEBUG - [Socket]技记ID: 8d3beeef-5350-4a9b-982b-1e18152de816 罐篮 单捞磐 农扁: 246, ThreadId: 16
2020-04-15 21:41:56.9174 DEBUG - [Socket]技记ID: d2c481b0-5c33-4cbe-847a-01a1e7b41990 立加
2020-04-15 21:41:56.9603 DEBUG - [Socket]技记ID: d2c481b0-5c33-4cbe-847a-01a1e7b41990 罐篮 单捞磐 农扁: 246, ThreadId: 5
2020-04-15 21:46:40.5108 DEBUG - [Socket]技记ID: 97be5a8d-5819-4ebd-bfc5-7a5922fee02b 立加
2020-04-15 21:46:40.5517 DEBUG - [Socket]技记ID: 97be5a8d-5819-4ebd-bfc5-7a5922fee02b 罐篮 单捞磐 农扁: 246, ThreadId: 16
2020-04-15 21:48:32.4253 DEBUG - [Socket]技记ID: 4fb49e86-4b8e-479e-b46a-31066dcd134f 立加
2020-04-15 21:48:32.4762 DEBUG - [Socket]技记ID: 4fb49e86-4b8e-479e-b46a-31066dcd134f 罐篮 单捞磐 农扁: 246, ThreadId: 16
2020-04-15 21:49:11.9574 DEBUG - [Socket]技记ID: d489702e-bb25-4b84-97bc-1144b80b8ed8 立加
2020-04-15 21:49:12.0042 DEBUG - [Socket]技记ID: d489702e-bb25-4b84-97bc-1144b80b8ed8 罐篮 单捞磐 农扁: 246, ThreadId: 16
2020-04-15 21:50:28.6948 DEBUG - [Socket]技记ID: d1f619c5-26cf-4e57-ab52-5d3b1d644362 立加
2020-04-15 21:50:28.7447 DEBUG - [Socket]技记ID: d1f619c5-26cf-4e57-ab52-5d3b1d644362 罐篮 单捞磐 农扁: 246, ThreadId: 16
2020-04-15 21:51:32.1557 DEBUG - [Socket]技记ID: 7053ed1c-81ec-436f-b2fb-b514bb9b6fff 立加
2020-04-15 21:51:32.1966 DEBUG - [Socket]技记ID: 7053ed1c-81ec-436f-b2fb-b514bb9b6fff 罐篮 单捞磐 农扁: 246, ThreadId: 16
2020-04-15 21:52:54.2030 DEBUG - [Socket]技记ID: 218fd3b5-3409-4974-b602-a1976629126c 立加
2020-04-15 21:52:54.2469 DEBUG - [Socket]技记ID: 218fd3b5-3409-4974-b602-a1976629126c 罐篮 单捞磐 农扁: 248, ThreadId: 16
2020-04-15 21:55:09.7280 DEBUG - [Socket]技记ID: bce90ee3-465c-4528-9462-8f953470ab54 立加
2020-04-15 21:55:09.7659 DEBUG - [Socket]技记ID: bce90ee3-465c-4528-9462-8f953470ab54 罐篮 单捞磐 农扁: 248, ThreadId: 16
2020-04-15 21:58:09.1667 DEBUG - [Socket]技记ID: a65a74a9-4cc7-481c-b03a-2332f8360a85 立加
2020-04-15 21:58:09.2119 DEBUG - [Socket]技记ID: a65a74a9-4cc7-481c-b03a-2332f8360a85 罐篮 单捞磐 农扁: 248, ThreadId: 16
2020-04-15 21:58:23.6369 DEBUG - [Socket]技记ID: 57c91f47-9767-4fa9-a484-6bb67da5661a 立加
2020-04-15 21:58:23.6369 DEBUG - [Socket]技记ID: 57c91f47-9767-4fa9-a484-6bb67da5661a 罐篮 单捞磐 农扁: 276, ThreadId: 16
2020-04-15 21:58:55.6369 DEBUG - [Socket]技记ID: 9cba3642-7499-42be-ae5c-a8e30f5b4a49 立加
2020-04-15 21:58:55.6369 DEBUG - [Socket]技记ID: 9cba3642-7499-42be-ae5c-a8e30f5b4a49 罐篮 单捞磐 农扁: 326, ThreadId: 13
2020-04-15 21:59:09.6610 DEBUG - [Socket]技记ID: 42d80a75-dca6-4a66-a95f-791c0e17bef3 立加
2020-04-15 21:59:09.6690 DEBUG - [Socket]技记ID: 42d80a75-dca6-4a66-a95f-791c0e17bef3 罐篮 单捞磐 农扁: 254, ThreadId: 13
2020-04-15 21:59:21.8709 DEBUG - [Socket]技记ID: fa9e131b-d65d-428f-8ebf-5d04c6853089 立加
2020-04-15 21:59:21.8709 DEBUG - [Socket]技记ID: fa9e131b-d65d-428f-8ebf-5d04c6853089 罐篮 单捞磐 农扁: 248, ThreadId: 16
2020-04-15 22:24:41.8520 DEBUG - [Socket]技记ID: ac1c726c-851f-4204-9c60-79e121b2ef20 立加
2020-04-15 22:24:41.8945 DEBUG - [Socket]技记ID: ac1c726c-851f-4204-9c60-79e121b2ef20 罐篮 单捞磐 农扁: 278, ThreadId: 16
2020-04-15 22:25:09.8374 DEBUG - [Socket]技记ID: b2dc1caf-1344-44f3-8ab4-cbc214e30cdf 立加
2020-04-15 22:25:09.8777 DEBUG - [Socket]技记ID: b2dc1caf-1344-44f3-8ab4-cbc214e30cdf 罐篮 单捞磐 农扁: 278, ThreadId: 14
2020-04-15 22:27:02.0627 DEBUG - [Socket]技记ID: 6ddd3cac-9421-4a23-a28e-c37821e6eab9 立加
2020-04-15 22:27:02.0996 DEBUG - [Socket]技记ID: 6ddd3cac-9421-4a23-a28e-c37821e6eab9 罐篮 单捞磐 农扁: 278, ThreadId: 16
2020-04-15 22:35:18.7240 DEBUG - [Socket]技记ID: 71a420c9-9370-4fb3-aa6f-7395b0313b0c 立加
2020-04-15 22:35:18.7649 DEBUG - [Socket]技记ID: 71a420c9-9370-4fb3-aa6f-7395b0313b0c 罐篮 单捞磐 农扁: 326, ThreadId: 16
2020-04-15 22:35:39.9792 DEBUG - [Socket]技记ID: cc3de7f8-8a5b-4044-9e88-c88b054f4ae3 立加
2020-04-15 22:35:39.9792 DEBUG - [Socket]技记ID: cc3de7f8-8a5b-4044-9e88-c88b054f4ae3 罐篮 单捞磐 农扁: 264, ThreadId: 14
2020-04-15 22:36:09.4514 DEBUG - [Socket]技记ID: 58708aae-a739-495d-8f95-fb149a428210 立加
2020-04-15 22:36:09.4514 DEBUG - [Socket]技记ID: 58708aae-a739-495d-8f95-fb149a428210 罐篮 单捞磐 农扁: 242, ThreadId: 11
2020-04-15 22:40:05.5291 DEBUG - [Socket]技记ID: 9a7e2d47-23ba-426e-9344-513d13b1271a 立加
2020-04-15 22:40:09.6439 DEBUG - [Socket]技记ID: c3855443-cc76-418f-a917-840d17972244 立加
2020-04-15 22:40:12.6490 DEBUG - [Socket]技记ID: 08e978f5-b4fc-4a37-a694-c3faa52d78f2 立加
2020-04-15 22:40:18.4527 DEBUG - [Socket]技记ID: a0c8bb29-5e32-4c4c-a403-98b096b3d94c 立加
2020-04-15 22:40:34.0412 DEBUG - [Socket]技记ID: cd7e4b92-ccf1-420c-a2fa-252a5f70dad3 立加
2020-04-15 22:40:40.2554 DEBUG - [Socket]技记ID: 68b7d80d-4ac5-4ba8-b998-9ff86e0c08ee 立加
2020-04-15 22:40:40.2648 DEBUG - [Socket]技记ID: 68b7d80d-4ac5-4ba8-b998-9ff86e0c08ee 罐篮 单捞磐 农扁: 264, ThreadId: 13
2020-04-15 22:59:05.8167 DEBUG - [Socket]技记ID: 1544ea92-8804-4019-89f2-82a150085aa3 立加
2020-04-15 22:59:05.8586 DEBUG - [Socket]技记ID: 1544ea92-8804-4019-89f2-82a150085aa3 罐篮 单捞磐 农扁: 264, ThreadId: 16
2020-04-15 22:59:41.0807 DEBUG - [Socket]技记ID: 9fdd33b7-8b89-49be-9620-87a17f9476e1 立加
2020-04-15 22:59:41.1196 DEBUG - [Socket]技记ID: 9fdd33b7-8b89-49be-9620-87a17f9476e1 罐篮 单捞磐 农扁: 242, ThreadId: 16
2020-04-15 23:00:18.8709 DEBUG - [Socket]技记ID: 2a554b8a-2fd6-4917-9470-23889532635c 立加
2020-04-15 23:00:18.8709 DEBUG - [Socket]技记ID: 2a554b8a-2fd6-4917-9470-23889532635c 罐篮 单捞磐 农扁: 248, ThreadId: 16
2020-04-15 23:00:58.0744 DEBUG - [Socket]技记ID: ba0d2029-4f1a-47e9-ab86-e08225b88e41 立加
2020-04-15 23:00:58.0744 DEBUG - [Socket]技记ID: ba0d2029-4f1a-47e9-ab86-e08225b88e41 罐篮 单捞磐 农扁: 264, ThreadId: 11
2020-04-15 23:07:27.9186 DEBUG - [Socket]技记ID: a8d0b2e9-3537-4fcb-8bd6-825f5a39f4c1 立加
2020-04-15 23:07:27.9606 DEBUG - [Socket]技记ID: a8d0b2e9-3537-4fcb-8bd6-825f5a39f4c1 罐篮 单捞磐 农扁: 246, ThreadId: 16
2020-04-15 23:08:44.2028 DEBUG - [Socket]技记ID: b18ec963-f6d0-4312-b08c-1fb9ab286d20 立加
2020-04-15 23:08:44.2427 DEBUG - [Socket]技记ID: b18ec963-f6d0-4312-b08c-1fb9ab286d20 罐篮 单捞磐 农扁: 246, ThreadId: 16
2020-04-15 23:11:00.6247 DEBUG - [Socket]技记ID: 99cb92ba-1ad0-47ed-a2ec-357513a0acb5 立加
2020-04-15 23:11:00.6656 DEBUG - [Socket]技记ID: 99cb92ba-1ad0-47ed-a2ec-357513a0acb5 罐篮 单捞磐 农扁: 246, ThreadId: 16
2020-04-15 23:13:18.2404 DEBUG - [Socket]技记ID: 786748b0-aefc-4ed8-9c25-8564c8b46b28 立加
2020-04-15 23:13:18.2824 DEBUG - [Socket]技记ID: 786748b0-aefc-4ed8-9c25-8564c8b46b28 罐篮 单捞磐 农扁: 246, ThreadId: 16
2020-04-15 23:14:13.5904 DEBUG - [Socket]技记ID: 83dafe96-e3b5-4103-8e98-6f24d7aee4b1 立加
2020-04-15 23:14:13.5904 DEBUG - [Socket]技记ID: 83dafe96-e3b5-4103-8e98-6f24d7aee4b1 罐篮 单捞磐 农扁: 262, ThreadId: 13
2020-04-15 23:14:40.5625 DEBUG - [Socket]技记ID: 325b3e3e-317d-4207-a7d1-3a40e153d965 立加
2020-04-15 23:14:40.5625 DEBUG - [Socket]技记ID: 325b3e3e-317d-4207-a7d1-3a40e153d965 罐篮 单捞磐 农扁: 292, ThreadId: 14
2020-04-15 23:15:16.9492 DEBUG - [Socket]技记ID: cc89cc08-aba0-4716-ba4e-23bed576fc8b 立加
2020-04-15 23:15:16.9492 DEBUG - [Socket]技记ID: cc89cc08-aba0-4716-ba4e-23bed576fc8b 罐篮 单捞磐 农扁: 252, ThreadId: 16
2020-04-15 23:16:47.1834 DEBUG - [Socket]技记ID: 23f03f8d-374c-4674-bca2-13ee78a80890 立加
2020-04-15 23:16:47.2213 DEBUG - [Socket]技记ID: 23f03f8d-374c-4674-bca2-13ee78a80890 罐篮 单捞磐 农扁: 270, ThreadId: 8
2020-04-15 23:17:15.0841 DEBUG - [Socket]技记ID: 6e458cca-7d4a-422a-9037-249154b04f04 立加
2020-04-15 23:17:15.0901 DEBUG - [Socket]技记ID: 6e458cca-7d4a-422a-9037-249154b04f04 罐篮 单捞磐 农扁: 256, ThreadId: 13
2020-04-15 23:17:49.3580 DEBUG - [Socket]技记ID: a1bf97a4-0331-42ed-b11e-b97660510499 立加
2020-04-15 23:22:37.7824 DEBUG - [Socket]技记ID: 9c35c2cd-6fdd-46a2-96db-2252f56c8757 立加
2020-04-15 23:23:08.1983 DEBUG - [Socket]技记ID: 2fff869c-2195-4b12-a0f2-591c06e67c53 立加
2020-04-15 23:23:08.2392 DEBUG - [Socket]技记ID: 2fff869c-2195-4b12-a0f2-591c06e67c53 罐篮 单捞磐 农扁: 248, ThreadId: 16
2020-04-15 23:25:13.9615 DEBUG - [Socket]技记ID: 65a6e5fb-9e45-4272-a7d4-afd3a6f5d240 立加
2020-04-15 23:25:14.0054 DEBUG - [Socket]技记ID: 65a6e5fb-9e45-4272-a7d4-afd3a6f5d240 罐篮 单捞磐 农扁: 248, ThreadId: 16
2020-04-15 23:26:10.6911 DEBUG - [Socket]技记ID: 71ffa92f-f408-4a50-9ae7-fe28ca8611c6 立加
2020-04-15 23:26:10.7281 DEBUG - [Socket]技记ID: 71ffa92f-f408-4a50-9ae7-fe28ca8611c6 罐篮 单捞磐 农扁: 248, ThreadId: 16
2020-04-15 23:26:54.8796 DEBUG - [Socket]技记ID: cc412aba-0801-44c2-a2bc-7e4288b136e3 立加
2020-04-15 23:26:54.8857 DEBUG - [Socket]技记ID: cc412aba-0801-44c2-a2bc-7e4288b136e3 罐篮 单捞磐 农扁: 248, ThreadId: 16
2020-04-15 23:27:26.4094 DEBUG - [Socket]技记ID: 603abffe-3179-4465-a7b0-0a28adb077fb 立加
2020-04-15 23:27:26.4130 DEBUG - [Socket]技记ID: 603abffe-3179-4465-a7b0-0a28adb077fb 罐篮 单捞磐 农扁: 336, ThreadId: 13
2020-04-15 23:28:59.7247 DEBUG - [Socket]技记ID: 9974a102-0fed-4b69-92ad-fdc455de3a49 立加
2020-04-15 23:28:59.7626 DEBUG - [Socket]技记ID: 9974a102-0fed-4b69-92ad-fdc455de3a49 罐篮 单捞磐 农扁: 336, ThreadId: 16
2020-04-15 23:30:45.8386 DEBUG - [Socket]技记ID: 37261fdb-e1d6-43e1-8a8a-25bfa98e854d 立加
2020-04-15 23:30:45.8935 DEBUG - [Socket]技记ID: 37261fdb-e1d6-43e1-8a8a-25bfa98e854d 罐篮 单捞磐 农扁: 336, ThreadId: 16
2020-04-15 23:37:21.5802 DEBUG - [Socket]技记ID: 14910519-4fd5-4210-afe8-f5a5452eb231 立加
2020-04-15 23:37:21.6250 DEBUG - [Socket]技记ID: 14910519-4fd5-4210-afe8-f5a5452eb231 罐篮 单捞磐 农扁: 336, ThreadId: 16
2020-04-15 23:38:42.6898 DEBUG - [Socket]技记ID: c9dc3b21-ba4f-4319-9c7b-4452888721b4 立加
2020-04-15 23:38:42.7298 DEBUG - [Socket]技记ID: c9dc3b21-ba4f-4319-9c7b-4452888721b4 罐篮 单捞磐 农扁: 336, ThreadId: 16
2020-04-15 23:39:47.1520 DEBUG - [Socket]技记ID: 4d3f812f-16d7-424d-a2db-ec98399abb4c 立加
2020-04-15 23:39:47.1918 DEBUG - [Socket]技记ID: 4d3f812f-16d7-424d-a2db-ec98399abb4c 罐篮 单捞磐 农扁: 336, ThreadId: 16
2020-04-15 23:46:11.9366 DEBUG - [Socket]技记ID: b5782085-b8b6-41b0-a989-f2c42991613b 立加
2020-04-15 23:46:11.9795 DEBUG - [Socket]技记ID: b5782085-b8b6-41b0-a989-f2c42991613b 罐篮 单捞磐 农扁: 336, ThreadId: 16
2020-04-15 23:46:33.3955 DEBUG - [Socket]技记ID: c90d806b-3fab-41fd-a596-53e6312f46a9 立加
2020-04-15 23:46:33.4413 DEBUG - [Socket]技记ID: c90d806b-3fab-41fd-a596-53e6312f46a9 罐篮 单捞磐 农扁: 336, ThreadId: 14
2020-04-15 23:46:51.7584 DEBUG - [Socket]技记ID: af6bc16a-5651-42aa-9ea0-a0c94415cb52 立加
2020-04-15 23:46:51.8003 DEBUG - [Socket]技记ID: af6bc16a-5651-42aa-9ea0-a0c94415cb52 罐篮 单捞磐 农扁: 336, ThreadId: 13
2020-04-15 23:51:04.4685 DEBUG - [Socket]技记ID: c79d133c-a007-4ab2-937a-51a1ea132326 立加
2020-04-15 23:51:04.5094 DEBUG - [Socket]技记ID: c79d133c-a007-4ab2-937a-51a1ea132326 罐篮 单捞磐 农扁: 272, ThreadId: 16
2020-04-15 23:51:57.2123 DEBUG - [Socket]技记ID: 713dc27f-0c11-48f6-b411-ca19aa01494e 立加
2020-04-15 23:51:57.2584 DEBUG - [Socket]技记ID: 713dc27f-0c11-48f6-b411-ca19aa01494e 罐篮 单捞磐 农扁: 272, ThreadId: 13
2020-04-15 23:52:28.1146 DEBUG - [Socket]技记ID: 6d9621ad-00fc-4686-940a-417a5c00e4b1 立加
2020-04-15 23:52:28.1176 DEBUG - [Socket]技记ID: 6d9621ad-00fc-4686-940a-417a5c00e4b1 罐篮 单捞磐 农扁: 248, ThreadId: 11
2020-04-15 23:52:45.3757 DEBUG - [Socket]技记ID: 81f6ceb7-948c-49d7-a3e9-13f60e5af8bd 立加
2020-04-15 23:52:45.3757 DEBUG - [Socket]技记ID: 81f6ceb7-948c-49d7-a3e9-13f60e5af8bd 罐篮 单捞磐 农扁: 248, ThreadId: 11
2020-04-15 23:53:03.5913 DEBUG - [Socket]技记ID: 2eee36a3-5c12-41fe-8796-504a02578ee0 立加
2020-04-15 23:53:03.5913 DEBUG - [Socket]技记ID: 2eee36a3-5c12-41fe-8796-504a02578ee0 罐篮 单捞磐 农扁: 254, ThreadId: 16
