2020-04-22 10:57:55.8996  INFO - ==================== Start ====================
2020-04-22 10:57:55.8996  INFO - Method: PowerPointSaveAs, FilePath: C:\Data\workspace\EF571FDA3EDF671CBBF1EDDF9C63C0ED\PowerPoint 시작.pptx, outPath: C:\Data\workspace\EF571FDA3EDF671CBBF1EDDF9C63C0ED\PowerPoint 시작.pdf, docPassword: 
2020-04-22 10:57:55.8996  INFO - 파일 언락 성공!
2020-04-22 10:58:00.3053  INFO - 변환 성공
2020-04-22 10:58:00.3651  INFO - ==================== End ====================
2020-04-22 10:58:00.3651  INFO - ==================== Start ====================
2020-04-22 10:58:00.3651  INFO - Method: PDFtoJpeg, FilePath: C:\Data\workspace\EF571FDA3EDF671CBBF1EDDF9C63C0ED\PowerPoint 시작.pdf, outPath: C:\Data\workspace\EF571FDA3EDF671CBBF1EDDF9C63C0ED\PowerPoint 시작\
2020-04-22 10:58:00.7930  INFO - 이미지 변환 성공!
2020-04-22 10:58:00.7930  INFO - ==================== End ====================
2020-04-22 11:03:48.8783  INFO - ==================== Start ====================
2020-04-22 11:03:48.8783  INFO - Method: PowerPointSaveAs, FilePath: C:\Data\workspace\EF571FDA3EDF671CBBF1EDDF9C63C0ED\PowerPoint 시작.pptx, outPath: C:\Data\workspace\EF571FDA3EDF671CBBF1EDDF9C63C0ED\PowerPoint 시작.pdf, docPassword: 
2020-04-22 11:03:48.8802  INFO - 파일 언락 성공!
2020-04-22 11:03:51.9616  INFO - 변환 성공
2020-04-22 11:03:52.0294  INFO - ==================== End ====================
2020-04-22 11:03:52.0394  INFO - ==================== Start ====================
2020-04-22 11:03:52.0394  INFO - Method: PDFtoJpeg, FilePath: C:\Data\workspace\EF571FDA3EDF671CBBF1EDDF9C63C0ED\PowerPoint 시작.pdf, outPath: C:\Data\workspace\EF571FDA3EDF671CBBF1EDDF9C63C0ED\PowerPoint 시작\
2020-04-22 11:03:52.3386  INFO - 이미지 변환 성공!
2020-04-22 11:03:52.3386  INFO - ==================== End ====================
2020-04-22 11:04:17.3208  INFO - ==================== Start ====================
2020-04-22 11:04:17.3208  INFO - Method: PowerPointSaveAs, FilePath: C:\Data\workspace\EF571FDA3EDF671CBBF1EDDF9C63C0ED\PowerPoint 시작.pptx, outPath: C:\Data\workspace\EF571FDA3EDF671CBBF1EDDF9C63C0ED\PowerPoint 시작.pdf, docPassword: 
2020-04-22 11:04:17.3208  INFO - 파일 언락 성공!
2020-04-22 11:04:18.9762  INFO - 변환 성공
2020-04-22 11:04:19.0380  INFO - ==================== End ====================
2020-04-22 11:04:19.0380  INFO - ==================== Start ====================
2020-04-22 11:04:19.0380  INFO - Method: PDFtoJpeg, FilePath: C:\Data\workspace\EF571FDA3EDF671CBBF1EDDF9C63C0ED\PowerPoint 시작.pdf, outPath: C:\Data\workspace\EF571FDA3EDF671CBBF1EDDF9C63C0ED\PowerPoint 시작\
2020-04-22 11:04:19.3459  INFO - 이미지 변환 성공!
2020-04-22 11:04:19.3509  INFO - ==================== End ====================
2020-04-22 11:06:02.7108  INFO - ==================== Start ====================
2020-04-22 11:06:02.7108  INFO - Method: PowerPointSaveAs, FilePath: C:\Data\workspace\EF571FDA3EDF671CBBF1EDDF9C63C0ED\PowerPoint 시작.pptx, outPath: C:\Data\workspace\EF571FDA3EDF671CBBF1EDDF9C63C0ED\PowerPoint 시작.pdf, docPassword: 
2020-04-22 11:06:02.7108  INFO - 파일 언락 성공!
2020-04-22 11:06:04.3486  INFO - 변환 성공
2020-04-22 11:06:04.4139  INFO - ==================== End ====================
2020-04-22 11:06:04.4139  INFO - ==================== Start ====================
2020-04-22 11:06:04.4139  INFO - Method: PDFtoJpeg, FilePath: C:\Data\workspace\EF571FDA3EDF671CBBF1EDDF9C63C0ED\PowerPoint 시작.pdf, outPath: C:\Data\workspace\EF571FDA3EDF671CBBF1EDDF9C63C0ED\PowerPoint 시작\
2020-04-22 11:06:04.7312  INFO - 이미지 변환 성공!
2020-04-22 11:06:04.7312  INFO - ==================== End ====================
2020-04-22 11:09:44.8068  INFO - ==================== Start ====================
2020-04-22 11:09:44.8068  INFO - Method: PowerPointSaveAs, FilePath: C:\Data\workspace\EF571FDA3EDF671CBBF1EDDF9C63C0ED\PowerPoint 시작.pptx, outPath: C:\Data\workspace\EF571FDA3EDF671CBBF1EDDF9C63C0ED\PowerPoint 시작.pdf, docPassword: 
2020-04-22 11:09:44.8068  INFO - 파일 언락 성공!
2020-04-22 11:09:46.4363  INFO - 변환 성공
2020-04-22 11:09:46.4899  INFO - ==================== End ====================
2020-04-22 11:09:46.4899  INFO - ==================== Start ====================
2020-04-22 11:09:46.4899  INFO - Method: PDFtoJpeg, FilePath: C:\Data\workspace\EF571FDA3EDF671CBBF1EDDF9C63C0ED\PowerPoint 시작.pdf, outPath: C:\Data\workspace\EF571FDA3EDF671CBBF1EDDF9C63C0ED\PowerPoint 시작\
2020-04-22 11:09:46.7605  INFO - 이미지 변환 성공!
2020-04-22 11:09:46.7605  INFO - ==================== End ====================
2020-04-22 11:14:52.9223  INFO - ==================== Start ====================
2020-04-22 11:14:52.9223  INFO - Method: PowerPointSaveAs, FilePath: C:\Data\workspace\EF571FDA3EDF671CBBF1EDDF9C63C0ED\PowerPoint 시작.pptx, outPath: C:\Data\workspace\EF571FDA3EDF671CBBF1EDDF9C63C0ED\PowerPoint 시작.pdf, docPassword: 
2020-04-22 11:14:52.9223  INFO - 파일 언락 성공!
2020-04-22 11:14:54.5971  INFO - 변환 성공
2020-04-22 11:14:54.6679  INFO - ==================== End ====================
2020-04-22 11:14:54.6679  INFO - ==================== Start ====================
2020-04-22 11:14:54.6679  INFO - Method: PDFtoPng, FilePath: C:\Data\workspace\EF571FDA3EDF671CBBF1EDDF9C63C0ED\PowerPoint 시작.pdf, outPath: C:\Data\workspace\EF571FDA3EDF671CBBF1EDDF9C63C0ED\PowerPoint 시작\
2020-04-22 11:14:54.9789  INFO - 이미지 변환 성공!
2020-04-22 11:14:54.9789  INFO - ==================== End ====================
2020-04-22 11:17:29.6926  INFO - ==================== Start ====================
2020-04-22 11:17:29.6926  INFO - Method: PowerPointSaveAs, FilePath: C:\Data\workspace\EF571FDA3EDF671CBBF1EDDF9C63C0ED\PowerPoint 시작.pptx, outPath: C:\Data\workspace\EF571FDA3EDF671CBBF1EDDF9C63C0ED\PowerPoint 시작.pdf, docPassword: 
2020-04-22 11:17:29.6926  INFO - 파일 언락 성공!
2020-04-22 11:17:32.8172  INFO - 변환 성공
2020-04-22 11:17:32.8940  INFO - ==================== End ====================
2020-04-22 11:17:32.8980  INFO - ==================== Start ====================
2020-04-22 11:17:32.8980  INFO - Method: PDFtoJpeg, FilePath: C:\Data\workspace\EF571FDA3EDF671CBBF1EDDF9C63C0ED\PowerPoint 시작.pdf, outPath: C:\Data\workspace\EF571FDA3EDF671CBBF1EDDF9C63C0ED\PowerPoint 시작\
2020-04-22 11:17:33.2005  INFO - 이미지 변환 성공!
2020-04-22 11:17:33.2005  INFO - ==================== End ====================
2020-04-22 11:21:30.7641  INFO - ==================== Start ====================
2020-04-22 11:21:30.7641  INFO - Method: WordSaveAs, FilePath: C:\Data\workspace\2E48D4CF48C7B4A7959CD45D68C9E915\DocConvert.docx, outPath: C:\Data\workspace\2E48D4CF48C7B4A7959CD45D68C9E915\DocConvert.pdf, docPassword: 
2020-04-22 11:21:30.7641  INFO - 파일 언락 성공!
2020-04-22 11:21:35.4379  INFO - 변환 성공
2020-04-22 11:21:35.5815  INFO - ==================== End ====================
2020-04-22 11:21:35.5845  INFO - ==================== Start ====================
2020-04-22 11:21:35.5845  INFO - Method: PDFtoPng, FilePath: C:\Data\workspace\2E48D4CF48C7B4A7959CD45D68C9E915\DocConvert.pdf, outPath: C:\Data\workspace\2E48D4CF48C7B4A7959CD45D68C9E915\DocConvert\
2020-04-22 11:21:35.8099  INFO - 이미지 변환 성공!
2020-04-22 11:21:35.8099  INFO - ==================== End ====================
2020-04-22 11:57:59.8548  INFO - ==================== Start ====================
2020-04-22 11:57:59.8548  INFO - Method: HwpSaveAs, FilePath: C:\Data\workspace\538E373AEF88E05CDE8830FF9F64976C\2-1. 사직서.hwp, outPath: C:\Data\workspace\538E373AEF88E05CDE8830FF9F64976C\2-1. 사직서.pdf
2020-04-22 11:57:59.8548  INFO - 파일 언락 성공!
2020-04-22 11:58:02.7032  INFO - ==================== End ====================
2020-04-22 11:58:02.7202  INFO - ==================== Start ====================
2020-04-22 11:58:02.7202  INFO - Method: PDFtoJpeg, FilePath: C:\Data\workspace\538E373AEF88E05CDE8830FF9F64976C\2-1. 사직서.pdf, outPath: C:\Data\workspace\538E373AEF88E05CDE8830FF9F64976C\2-1. 사직서\
2020-04-22 11:58:02.7780  INFO - 이미지 변환 성공!
2020-04-22 11:58:02.7780  INFO - ==================== End ====================
2020-04-22 11:58:07.7907  INFO - ==================== Start ====================
2020-04-22 11:58:07.7907  INFO - Method: HwpSaveAs, FilePath: C:\Data\workspace\538E373AEF88E05CDE8830FF9F64976C\2-1. 사직서.hwp, outPath: C:\Data\workspace\538E373AEF88E05CDE8830FF9F64976C\2-1. 사직서.pdf
2020-04-22 11:58:07.7907  INFO - 파일 언락 성공!
2020-04-22 11:58:09.1473  INFO - ==================== End ====================
2020-04-22 11:58:09.1473  INFO - ==================== Start ====================
2020-04-22 11:58:09.1473  INFO - Method: PDFtoJpeg, FilePath: C:\Data\workspace\538E373AEF88E05CDE8830FF9F64976C\2-1. 사직서.pdf, outPath: C:\Data\workspace\538E373AEF88E05CDE8830FF9F64976C\2-1. 사직서\
2020-04-22 11:58:09.1916  INFO - 이미지 변환 성공!
2020-04-22 11:58:09.1936  INFO - ==================== End ====================
2020-04-22 11:58:14.2562  INFO - ==================== Start ====================
2020-04-22 11:58:14.2562  INFO - Method: HwpSaveAs, FilePath: C:\Data\workspace\538E373AEF88E05CDE8830FF9F64976C\2-1. 사직서.hwp, outPath: C:\Data\workspace\538E373AEF88E05CDE8830FF9F64976C\2-1. 사직서.pdf
2020-04-22 11:58:14.2562  INFO - 파일 언락 성공!
2020-04-22 11:58:15.5828  INFO - ==================== End ====================
2020-04-22 12:10:34.7674  INFO - ==================== Start ====================
2020-04-22 12:10:34.7674  INFO - Method: HwpSaveAs, FilePath: C:\Data\workspace\FC1A0B1FA22CA57C65A470DA18C88C81\2-2. 인수인계서.hwp, outPath: C:\Data\workspace\FC1A0B1FA22CA57C65A470DA18C88C81\2-2. 인수인계서.pdf
2020-04-22 12:10:34.7713  INFO - 파일 언락 성공!
2020-04-22 12:10:38.0465  INFO - ==================== End ====================
2020-04-22 12:10:38.0664  INFO - ==================== Start ====================
2020-04-22 12:10:38.0674  INFO - Method: PDFtoPng, FilePath: C:\Data\workspace\FC1A0B1FA22CA57C65A470DA18C88C81\2-2. 인수인계서.pdf, outPath: C:\Data\workspace\FC1A0B1FA22CA57C65A470DA18C88C81\2-2. 인수인계서\
2020-04-22 12:10:38.1711  INFO - 이미지 변환 성공!
2020-04-22 12:10:38.1711  INFO - ==================== End ====================
2020-04-22 12:11:52.7240  INFO - ==================== Start ====================
2020-04-22 12:11:52.7240  INFO - Method: HwpSaveAs, FilePath: C:\Data\workspace\FC1A0B1FA22CA57C65A470DA18C88C81\2-2. 인수인계서.hwp, outPath: C:\Data\workspace\FC1A0B1FA22CA57C65A470DA18C88C81\2-2. 인수인계서.pdf
2020-04-22 12:11:52.7240  INFO - 파일 언락 성공!
2020-04-22 12:11:54.9778  INFO - ==================== End ====================
2020-04-22 12:11:54.9888  INFO - ==================== Start ====================
2020-04-22 12:11:54.9888  INFO - Method: PDFtoPng, FilePath: C:\Data\workspace\FC1A0B1FA22CA57C65A470DA18C88C81\2-2. 인수인계서.pdf, outPath: C:\Data\workspace\FC1A0B1FA22CA57C65A470DA18C88C81\2-2. 인수인계서\
2020-04-22 12:11:55.0636  INFO - 이미지 변환 성공!
2020-04-22 12:11:55.0636  INFO - ==================== End ====================
2020-04-22 12:15:03.4296  INFO - ==================== Start ====================
2020-04-22 12:15:03.4296  INFO - Method: WordSaveAs, FilePath: C:\Data\workspace\FC88A00681BEA2BA4BCA029AEC82643A\Word 시작.docx, outPath: C:\Data\workspace\FC88A00681BEA2BA4BCA029AEC82643A\Word 시작.pdf, docPassword: 
2020-04-22 12:15:03.4296  INFO - 파일 언락 성공!
2020-04-22 12:15:07.6340  INFO - 변환 성공
2020-04-22 12:15:07.7933  INFO - ==================== End ====================
2020-04-22 12:15:07.7933  INFO - ==================== Start ====================
2020-04-22 12:15:07.7933  INFO - Method: PDFtoJpeg, FilePath: C:\Data\workspace\FC88A00681BEA2BA4BCA029AEC82643A\Word 시작.pdf, outPath: C:\Data\workspace\FC88A00681BEA2BA4BCA029AEC82643A\Word 시작\
2020-04-22 12:15:08.0017  INFO - 이미지 변환 성공!
2020-04-22 12:15:08.0046  INFO - ==================== End ====================
2020-04-22 12:26:00.9605  INFO - ==================== Start ====================
2020-04-22 12:26:00.9605  INFO - Method: WordSaveAs, FilePath: C:\Data\workspace\FC88A00681BEA2BA4BCA029AEC82643A\Word 시작.docx, outPath: C:\Data\workspace\FC88A00681BEA2BA4BCA029AEC82643A\Word 시작.pdf, docPassword: 
2020-04-22 12:26:00.9605  INFO - 파일 언락 성공!
2020-04-22 12:26:05.4802  INFO - 변환 성공
2020-04-22 12:26:05.6365  INFO - ==================== End ====================
2020-04-22 12:26:05.6455  INFO - ==================== Start ====================
2020-04-22 12:26:05.6455  INFO - Method: PDFtoPng, FilePath: C:\Data\workspace\FC88A00681BEA2BA4BCA029AEC82643A\Word 시작.pdf, outPath: C:\Data\workspace\FC88A00681BEA2BA4BCA029AEC82643A\Word 시작\
2020-04-22 12:26:05.8962  INFO - 이미지 변환 성공!
2020-04-22 12:26:05.8962  INFO - ==================== End ====================
2020-04-22 12:26:18.3257  INFO - ==================== Start ====================
2020-04-22 12:26:18.3257  INFO - Method: WordSaveAs, FilePath: C:\Data\workspace\FC88A00681BEA2BA4BCA029AEC82643A\Word 시작.docx, outPath: C:\Data\workspace\FC88A00681BEA2BA4BCA029AEC82643A\Word 시작.pdf, docPassword: 
2020-04-22 12:26:18.3327  INFO - 파일 언락 성공!
2020-04-22 12:26:22.6198  INFO - 변환 성공
2020-04-22 12:26:22.7605  INFO - ==================== End ====================
2020-04-22 12:26:22.7605  INFO - ==================== Start ====================
2020-04-22 12:26:22.7605  INFO - Method: PDFtoJpeg, FilePath: C:\Data\workspace\FC88A00681BEA2BA4BCA029AEC82643A\Word 시작.pdf, outPath: C:\Data\workspace\FC88A00681BEA2BA4BCA029AEC82643A\Word 시작\
2020-04-22 12:26:22.9041  INFO - 이미지 변환 성공!
2020-04-22 12:26:22.9041  INFO - ==================== End ====================
2020-04-22 12:35:27.2091  INFO - ==================== Start ====================
2020-04-22 12:35:27.2091  INFO - Method: WordSaveAs, FilePath: C:\Data\workspace\FC88A00681BEA2BA4BCA029AEC82643A\Word 시작.docx, outPath: C:\Data\workspace\FC88A00681BEA2BA4BCA029AEC82643A\Word 시작.pdf, docPassword: 
2020-04-22 12:35:31.7023  INFO - 변환 성공
2020-04-22 12:35:31.8411  INFO - ==================== End ====================
2020-04-22 12:35:31.8501  INFO - ==================== Start ====================
2020-04-22 12:35:31.8501  INFO - Method: PDFtoPng, FilePath: C:\Data\workspace\FC88A00681BEA2BA4BCA029AEC82643A\Word 시작.pdf, outPath: C:\Data\workspace\FC88A00681BEA2BA4BCA029AEC82643A\Word 시작\
2020-04-22 12:35:32.1012  INFO - 이미지 변환 성공!
2020-04-22 12:35:32.1012  INFO - ==================== End ====================
2020-04-22 12:36:34.4664  INFO - ==================== Start ====================
2020-04-22 12:36:34.4664  INFO - Method: WordSaveAs, FilePath: C:\Data\workspace\FC88A00681BEA2BA4BCA029AEC82643A\Word 시작.docx, outPath: C:\Data\workspace\FC88A00681BEA2BA4BCA029AEC82643A\Word 시작.pdf, docPassword: 
2020-04-22 12:36:38.7440  INFO - 변환 성공
2020-04-22 12:36:38.8754  INFO - ==================== End ====================
2020-04-22 12:36:38.8754  INFO - ==================== Start ====================
2020-04-22 12:36:38.8754  INFO - Method: PDFtoJpeg, FilePath: C:\Data\workspace\FC88A00681BEA2BA4BCA029AEC82643A\Word 시작.pdf, outPath: C:\Data\workspace\FC88A00681BEA2BA4BCA029AEC82643A\Word 시작\
2020-04-22 12:36:39.0091  INFO - 이미지 변환 성공!
2020-04-22 12:36:39.0091  INFO - ==================== End ====================
2020-04-22 12:37:20.1607  INFO - ==================== Start ====================
2020-04-22 12:37:20.1607  INFO - Method: WordSaveAs, FilePath: C:\Data\workspace\FC88A00681BEA2BA4BCA029AEC82643A\Word 시작.docx, outPath: C:\Data\workspace\FC88A00681BEA2BA4BCA029AEC82643A\Word 시작.pdf, docPassword: 
2020-04-22 12:37:24.3911  INFO - 변환 성공
2020-04-22 12:37:24.5291  INFO - ==================== End ====================
2020-04-22 12:37:24.5291  INFO - ==================== Start ====================
2020-04-22 12:37:24.5291  INFO - Method: PDFtoPng, FilePath: C:\Data\workspace\FC88A00681BEA2BA4BCA029AEC82643A\Word 시작.pdf, outPath: C:\Data\workspace\FC88A00681BEA2BA4BCA029AEC82643A\Word 시작\
2020-04-22 12:37:24.6937  INFO - 이미지 변환 성공!
2020-04-22 12:37:24.6937  INFO - ==================== End ====================
2020-04-22 12:37:47.9472  INFO - ==================== Start ====================
2020-04-22 12:37:47.9472  INFO - Method: ExcelSaveAs, FilePath: C:\Data\workspace\8DF91B0995A750BFE6B8873646995F7B\Excel 시작.xlsx, outPath: C:\Data\workspace\8DF91B0995A750BFE6B8873646995F7B\Excel 시작.pdf, docPassword: 
2020-04-22 12:38:01.9520  INFO - 변환 성공
2020-04-22 12:38:02.4989  INFO - ==================== End ====================
2020-04-22 12:38:02.4989  INFO - ==================== Start ====================
2020-04-22 12:38:02.4989  INFO - Method: PDFtoJpeg, FilePath: C:\Data\workspace\8DF91B0995A750BFE6B8873646995F7B\Excel 시작.pdf, outPath: C:\Data\workspace\8DF91B0995A750BFE6B8873646995F7B\Excel 시작\
2020-04-22 12:38:03.5360  INFO - 이미지 변환 성공!
2020-04-22 12:38:03.5360  INFO - ==================== End ====================
2020-04-22 14:04:56.5718  INFO - ==================== Start ====================
2020-04-22 14:04:56.5718  INFO - Method: PowerPointSaveAs, FilePath: C:\Data\workspace\EF571FDA3EDF671CBBF1EDDF9C63C0ED\PowerPoint 시작.pptx, outPath: C:\Data\workspace\EF571FDA3EDF671CBBF1EDDF9C63C0ED\PowerPoint 시작.pdf, docPassword: 
2020-04-22 14:04:59.4315  INFO - 변환 성공
2020-04-22 14:04:59.4937  INFO - ==================== End ====================
2020-04-22 14:04:59.4937  INFO - ==================== Start ====================
2020-04-22 14:04:59.4937  INFO - Method: PDFtoPng, FilePath: C:\Data\workspace\EF571FDA3EDF671CBBF1EDDF9C63C0ED\PowerPoint 시작.pdf, outPath: C:\Data\workspace\EF571FDA3EDF671CBBF1EDDF9C63C0ED\PowerPoint 시작\
2020-04-22 14:04:59.7749  INFO - 이미지 변환 성공!
2020-04-22 14:04:59.7905  INFO - ==================== End ====================
2020-04-22 14:05:01.8999  INFO - ==================== Start ====================
2020-04-22 14:05:01.8999  INFO - Method: PowerPointSaveAs, FilePath: C:\Data\workspace\EF571FDA3EDF671CBBF1EDDF9C63C0ED\PowerPoint 시작.pptx, outPath: C:\Data\workspace\EF571FDA3EDF671CBBF1EDDF9C63C0ED\PowerPoint 시작.pdf, docPassword: 
2020-04-22 14:05:03.3062  INFO - 변환 성공
2020-04-22 14:05:03.3377  INFO - ==================== End ====================
2020-04-22 14:05:03.3377  INFO - ==================== Start ====================
2020-04-22 14:05:03.3377  INFO - Method: PDFtoPng, FilePath: C:\Data\workspace\EF571FDA3EDF671CBBF1EDDF9C63C0ED\PowerPoint 시작.pdf, outPath: C:\Data\workspace\EF571FDA3EDF671CBBF1EDDF9C63C0ED\PowerPoint 시작\
2020-04-22 14:05:03.5251  INFO - 이미지 변환 성공!
2020-04-22 14:05:03.5251  INFO - ==================== End ====================
2020-04-22 14:05:05.4312  INFO - ==================== Start ====================
2020-04-22 14:05:05.4312  INFO - Method: PowerPointSaveAs, FilePath: C:\Data\workspace\EF571FDA3EDF671CBBF1EDDF9C63C0ED\PowerPoint 시작.pptx, outPath: C:\Data\workspace\EF571FDA3EDF671CBBF1EDDF9C63C0ED\PowerPoint 시작.pdf, docPassword: 
2020-04-22 14:05:06.8489  INFO - 변환 성공
2020-04-22 14:05:06.8690  INFO - ==================== End ====================
2020-04-22 14:05:06.8690  INFO - ==================== Start ====================
2020-04-22 14:05:06.8690  INFO - Method: PDFtoPng, FilePath: C:\Data\workspace\EF571FDA3EDF671CBBF1EDDF9C63C0ED\PowerPoint 시작.pdf, outPath: C:\Data\workspace\EF571FDA3EDF671CBBF1EDDF9C63C0ED\PowerPoint 시작\
2020-04-22 14:05:07.0720  INFO - 이미지 변환 성공!
2020-04-22 14:05:07.0720  INFO - ==================== End ====================
2020-04-22 14:06:33.9157  INFO - ==================== Start ====================
2020-04-22 14:06:33.9157  INFO - Method: HwpSaveAs, FilePath: C:\Data\workspace\2B699FCE2A5094957B24445F97FCE8CC\Welcome to Hwp.hwp, outPath: C:\Data\workspace\2B699FCE2A5094957B24445F97FCE8CC\Welcome to Hwp.pdf
2020-04-22 14:06:33.9157  INFO - 파일 언락 성공!
2020-04-22 14:06:37.4155  INFO - ==================== End ====================
2020-04-22 14:06:37.4311  INFO - ==================== Start ====================
2020-04-22 14:06:37.4311  INFO - Method: PDFtoJpeg, FilePath: C:\Data\workspace\2B699FCE2A5094957B24445F97FCE8CC\Welcome to Hwp.pdf, outPath: C:\Data\workspace\2B699FCE2A5094957B24445F97FCE8CC\Welcome to Hwp\
2020-04-22 14:06:37.4936  INFO - 이미지 변환 성공!
2020-04-22 14:06:37.4936  INFO - ==================== End ====================
2020-04-22 14:06:43.8846  INFO - ==================== Start ====================
2020-04-22 14:06:43.8846  INFO - Method: HwpSaveAs, FilePath: C:\Data\workspace\2B699FCE2A5094957B24445F97FCE8CC\Welcome to Hwp.hwp, outPath: C:\Data\workspace\2B699FCE2A5094957B24445F97FCE8CC\Welcome to Hwp.pdf
2020-04-22 14:06:43.8846  INFO - 파일 언락 성공!
2020-04-22 14:06:45.7279  INFO - ==================== End ====================
2020-04-22 14:06:45.7279  INFO - ==================== Start ====================
2020-04-22 14:06:45.7279  INFO - Method: PDFtoPng, FilePath: C:\Data\workspace\2B699FCE2A5094957B24445F97FCE8CC\Welcome to Hwp.pdf, outPath: C:\Data\workspace\2B699FCE2A5094957B24445F97FCE8CC\Welcome to Hwp\
2020-04-22 14:06:45.7909  INFO - 이미지 변환 성공!
2020-04-22 14:06:45.7909  INFO - ==================== End ====================
2020-04-22 14:06:51.3061  INFO - ==================== Start ====================
2020-04-22 14:06:51.3061  INFO - Method: HwpSaveAs, FilePath: C:\Data\workspace\2B699FCE2A5094957B24445F97FCE8CC\Welcome to Hwp.hwp, outPath: C:\Data\workspace\2B699FCE2A5094957B24445F97FCE8CC\Welcome to Hwp.pdf
2020-04-22 14:06:51.3061  INFO - 파일 언락 성공!
2020-04-22 14:06:53.2124  INFO - ==================== End ====================
2020-04-22 14:06:53.2124  INFO - ==================== Start ====================
2020-04-22 14:06:53.2124  INFO - Method: PDFtoJpeg, FilePath: C:\Data\workspace\2B699FCE2A5094957B24445F97FCE8CC\Welcome to Hwp.pdf, outPath: C:\Data\workspace\2B699FCE2A5094957B24445F97FCE8CC\Welcome to Hwp\
2020-04-22 14:06:53.2597  INFO - 이미지 변환 성공!
2020-04-22 14:06:53.2597  INFO - ==================== End ====================
2020-04-22 16:55:00.5874  INFO - ==================== Start ====================
2020-04-22 16:55:00.6032  INFO - Method: HwpSaveAs, FilePath: C:\Users\o0_0o\Documents\Document\Welcome to Hwp.hwp, outPath: C:\Users\o0_0o\Documents\Document\Welcome to Hwp.pdf
2020-04-22 16:55:00.6032  INFO - 파일 언락 성공!
2020-04-22 16:55:32.0874  INFO - ==================== Start ====================
2020-04-22 16:55:32.1030  INFO - Method: HwpSaveAs, FilePath: C:\Users\o0_0o\Documents\Document\Welcome to Hwp.hwp, outPath: C:\Users\o0_0o\Documents\Document\Welcome to Hwp.pdf
2020-04-22 16:55:32.1030  INFO - 파일 언락 성공!
2020-04-22 16:55:36.0405  INFO - ==================== End ====================
2020-04-22 18:35:40.6066  INFO - ==================== Start ====================
2020-04-22 18:35:40.6066  INFO - Method: PowerPointSaveAs, FilePath: C:\Data\workspace\03A8A432584F4914A83C87CD646955CF\새 Microsoft PowerPoint 프레젠테이션.pptx, outPath: C:\Data\workspace\03A8A432584F4914A83C87CD646955CF\새 Microsoft PowerPoint 프레젠테이션.pdf, docPassword: 
2020-04-22 18:35:41.8885  INFO - 변환 성공
2020-04-22 18:35:41.9613  INFO - ==================== End ====================
2020-04-22 18:35:41.9703  INFO - ==================== Start ====================
2020-04-22 18:35:41.9703  INFO - Method: PDFtoJpeg, FilePath: C:\Data\workspace\03A8A432584F4914A83C87CD646955CF\새 Microsoft PowerPoint 프레젠테이션.pdf, outPath: C:\Data\workspace\03A8A432584F4914A83C87CD646955CF\새 Microsoft PowerPoint 프레젠테이션\
2020-04-22 18:35:41.9982  INFO - 이미지 변환 성공!
2020-04-22 18:35:41.9982  INFO - ==================== End ====================
2020-04-22 18:36:35.9734  INFO - ==================== Start ====================
2020-04-22 18:36:35.9734  INFO - Method: PowerPointSaveAs, FilePath: C:\Data\workspace\BCD9BF2BD778E25405600198F48B1355\새 Microsoft PowerPoint 프레젠테이션.pptx, outPath: C:\Data\workspace\BCD9BF2BD778E25405600198F48B1355\새 Microsoft PowerPoint 프레젠테이션.pdf, docPassword: 
2020-04-22 18:36:59.5920  INFO - 변환 성공
2020-04-22 18:36:59.6578  INFO - ==================== End ====================
2020-04-22 18:36:59.6578  INFO - ==================== Start ====================
2020-04-22 18:36:59.6578  INFO - Method: PDFtoJpeg, FilePath: C:\Data\workspace\BCD9BF2BD778E25405600198F48B1355\새 Microsoft PowerPoint 프레젠테이션.pdf, outPath: C:\Data\workspace\BCD9BF2BD778E25405600198F48B1355\새 Microsoft PowerPoint 프레젠테이션\
2020-04-22 18:37:23.7674  INFO - ==================== Start ====================
2020-04-22 18:37:23.7674  INFO - Method: PowerPointSaveAs, FilePath: C:\Data\workspace\BCD9BF2BD778E25405600198F48B1355\새 Microsoft PowerPoint 프레젠테이션.pptx, outPath: C:\Data\workspace\BCD9BF2BD778E25405600198F48B1355\새 Microsoft PowerPoint 프레젠테이션.pdf, docPassword: 
2020-04-22 18:37:47.6547  INFO - 변환 성공
2020-04-22 18:37:47.7265  INFO - ==================== End ====================
2020-04-22 18:37:47.7355  INFO - ==================== Start ====================
2020-04-22 18:37:47.7355  INFO - Method: PDFtoJpeg, FilePath: C:\Data\workspace\BCD9BF2BD778E25405600198F48B1355\새 Microsoft PowerPoint 프레젠테이션.pdf, outPath: C:\Data\workspace\BCD9BF2BD778E25405600198F48B1355\새 Microsoft PowerPoint 프레젠테이션\
2020-04-22 18:56:46.8778  INFO - ==================== Start ====================
2020-04-22 18:56:46.8778  INFO - Method: PowerPointSaveAs, FilePath: C:\Data\workspace\BCD9BF2BD778E25405600198F48B1355\새 Microsoft PowerPoint 프레젠테이션.pptx, outPath: C:\Data\workspace\BCD9BF2BD778E25405600198F48B1355\새 Microsoft PowerPoint 프레젠테이션.pdf, docPassword: 
2020-04-22 18:57:10.8024  INFO - 변환 성공
2020-04-22 18:57:10.8562  INFO - ==================== End ====================
2020-04-22 18:57:10.8562  INFO - ==================== Start ====================
2020-04-22 18:57:10.8562  INFO - Method: PDFtoPng, FilePath: C:\Data\workspace\BCD9BF2BD778E25405600198F48B1355\새 Microsoft PowerPoint 프레젠테이션.pdf, outPath: C:\Data\workspace\BCD9BF2BD778E25405600198F48B1355\새 Microsoft PowerPoint 프레젠테이션\
2020-04-22 20:04:12.7143  INFO - ==================== Start ====================
2020-04-22 20:04:12.7357  INFO - Method: PowerPointSaveAs, FilePath: C:\Users\o0_0o\Desktop\새 Microsoft PowerPoint 프레젠테이션.pptx, outPath: C:\Users\o0_0o\Desktop\새 Microsoft PowerPoint 프레젠테이션.pdf, docPassword: 
2020-04-22 20:06:23.8883  INFO - ==================== Start ====================
2020-04-22 20:06:23.9092  INFO - Method: PowerPointSaveAs, FilePath: C:\Users\o0_0o\Desktop\새 Microsoft PowerPoint 프레젠테이션.pptx, outPath: C:\Users\o0_0o\Desktop\새 Microsoft PowerPoint 프레젠테이션.pdf, docPassword: 
2020-04-22 20:08:23.2835  INFO - 변환 성공
2020-04-22 20:08:23.3635  INFO - ==================== End ====================
2020-04-22 20:08:27.1044  INFO - ==================== Start ====================
2020-04-22 20:08:27.1044  INFO - Method: PDFtoJpeg, FilePath: C:\Users\o0_0o\Desktop\새 Microsoft PowerPoint 프레젠테이션.pdf, outPath: C:\Users\o0_0o\Desktop\새 Microsoft PowerPoint 프레젠테이션\
2020-04-22 20:09:29.0748  INFO - ==================== Start ====================
2020-04-22 20:09:29.1067  INFO - Method: PDFtoJpeg, FilePath: C:\Users\o0_0o\Desktop\새 Microsoft PowerPoint 프레젠테이션.pdf, outPath: C:\Users\o0_0o\Desktop\새 Microsoft PowerPoint 프레젠테이션\
2020-04-22 20:31:11.2098  INFO - ==================== Start ====================
2020-04-22 20:31:11.2327  INFO - Method: PDFtoPng, FilePath: C:\Users\o0_0o\Desktop\새 Microsoft PowerPoint 프레젠테이션.pdf, outPath: C:\Users\o0_0o\Desktop\새 Microsoft PowerPoint 프레젠테이션\
2020-04-22 21:13:25.3059  INFO - ==================== Start ====================
2020-04-22 21:13:25.3259  INFO - Method: PDFtoJpeg, FilePath: C:\Users\o0_0o\Desktop\새 Microsoft PowerPoint 프레젠테이션.pdf, outPath: C:\Users\o0_0o\Desktop\새 Microsoft PowerPoint 프레젠테이션\
2020-04-22 21:32:40.3331  INFO - ==================== Start ====================
2020-04-22 21:32:40.3510  INFO - Method: PDFtoJpeg, FilePath: C:\Users\o0_0o\Desktop\새 Microsoft PowerPoint 프레젠테이션.pdf, outPath: C:\Users\o0_0o\Desktop\새 Microsoft PowerPoint 프레젠테이션\
2020-04-22 21:32:50.0040  INFO - ==================== End ====================
2020-04-22 21:37:42.0208  INFO - ==================== Start ====================
2020-04-22 21:37:42.0477  INFO - Method: PDFtoJpeg, FilePath: C:\Users\o0_0o\Desktop\새 Microsoft PowerPoint 프레젠테이션.pdf, outPath: C:\Users\o0_0o\Desktop\새 Microsoft PowerPoint 프레젠테이션\
2020-04-22 21:37:53.5511  INFO - ==================== End ====================
2020-04-22 21:39:45.8737  INFO - ==================== Start ====================
2020-04-22 21:39:45.8927  INFO - Method: PDFtoJpeg, FilePath: C:\Users\o0_0o\Desktop\새 Microsoft PowerPoint 프레젠테이션.pdf, outPath: C:\Users\o0_0o\Desktop\새 Microsoft PowerPoint 프레젠테이션\
2020-04-22 21:39:57.7491  INFO - ==================== End ====================
2020-04-22 21:41:51.3182  INFO - ==================== Start ====================
2020-04-22 21:41:51.3361  INFO - Method: PDFtoJpeg, FilePath: C:\Users\o0_0o\Desktop\새 Microsoft PowerPoint 프레젠테이션.pdf, outPath: C:\Users\o0_0o\Desktop\새 Microsoft PowerPoint 프레젠테이션\
2020-04-22 21:42:03.0798  INFO - ==================== End ====================
2020-04-22 21:42:48.1580  INFO - ==================== Start ====================
2020-04-22 21:42:48.1810  INFO - Method: PDFtoJpeg, FilePath: C:\Users\o0_0o\Desktop\새 Microsoft PowerPoint 프레젠테이션.pdf, outPath: C:\Users\o0_0o\Desktop\새 Microsoft PowerPoint 프레젠테이션\
2020-04-22 21:44:18.0460  INFO - ==================== Start ====================
2020-04-22 21:44:18.0690  INFO - Method: PDFtoJpeg, FilePath: C:\Users\o0_0o\Desktop\새 Microsoft PowerPoint 프레젠테이션.pdf, outPath: C:\Users\o0_0o\Desktop\새 Microsoft PowerPoint 프레젠테이션\
2020-04-22 21:44:30.0456  INFO - ==================== End ====================
2020-04-22 21:45:23.0985  INFO - ==================== Start ====================
2020-04-22 21:45:23.1184  INFO - Method: PDFtoJpeg, FilePath: C:\Users\o0_0o\Desktop\새 Microsoft PowerPoint 프레젠테이션.pdf, outPath: C:\Users\o0_0o\Desktop\새 Microsoft PowerPoint 프레젠테이션\
2020-04-22 21:45:33.9485  INFO - ==================== End ====================
2020-04-22 21:50:01.0323  INFO - ==================== Start ====================
2020-04-22 21:50:01.0512  INFO - Method: PDFtoJpeg, FilePath: C:\Users\o0_0o\Desktop\새 Microsoft PowerPoint 프레젠테이션.pdf, outPath: C:\Users\o0_0o\Desktop\새 Microsoft PowerPoint 프레젠테이션\
2020-04-22 21:50:12.0943  INFO - ==================== End ====================
2020-04-22 21:50:50.4608  INFO - ==================== Start ====================
2020-04-22 21:50:50.4828  INFO - Method: PDFtoJpeg, FilePath: C:\Users\o0_0o\Desktop\새 Microsoft PowerPoint 프레젠테이션.pdf, outPath: C:\Users\o0_0o\Desktop\새 Microsoft PowerPoint 프레젠테이션\
2020-04-22 21:52:00.1370  INFO - ==================== Start ====================
2020-04-22 21:52:00.1570  INFO - Method: PDFtoJpeg, FilePath: C:\Users\o0_0o\Desktop\새 Microsoft PowerPoint 프레젠테이션.pdf, outPath: C:\Users\o0_0o\Desktop\새 Microsoft PowerPoint 프레젠테이션\
2020-04-22 21:54:55.8390  INFO - ==================== Start ====================
2020-04-22 21:54:55.8649  INFO - Method: PDFtoJpeg, FilePath: C:\Users\o0_0o\Desktop\새 Microsoft PowerPoint 프레젠테이션.pdf, outPath: C:\Users\o0_0o\Desktop\새 Microsoft PowerPoint 프레젠테이션\
2020-04-22 21:55:58.2549  INFO - ==================== Start ====================
2020-04-22 21:55:58.2779  INFO - Method: PDFtoJpeg, FilePath: C:\Users\o0_0o\Desktop\새 Microsoft PowerPoint 프레젠테이션.pdf, outPath: C:\Users\o0_0o\Desktop\새 Microsoft PowerPoint 프레젠테이션\
2020-04-22 21:56:09.0062  INFO - ==================== End ====================
2020-04-22 21:58:15.0140  INFO - ==================== Start ====================
2020-04-22 21:58:15.0389  INFO - Method: PDFtoJpeg, FilePath: C:\Users\o0_0o\Desktop\새 Microsoft PowerPoint 프레젠테이션.pdf, outPath: C:\Users\o0_0o\Desktop\새 Microsoft PowerPoint 프레젠테이션\
2020-04-22 21:58:25.6901  INFO - ==================== End ====================
2020-04-22 21:59:16.7949  INFO - ==================== Start ====================
2020-04-22 21:59:16.8198  INFO - Method: PDFtoJpeg, FilePath: C:\Users\o0_0o\Desktop\새 Microsoft PowerPoint 프레젠테이션.pdf, outPath: C:\Users\o0_0o\Desktop\새 Microsoft PowerPoint 프레젠테이션\
2020-04-22 22:04:34.3157  INFO - ==================== Start ====================
2020-04-22 22:04:34.3356  INFO - Method: PDFtoJpeg, FilePath: C:\Users\o0_0o\Desktop\새 Microsoft PowerPoint 프레젠테이션.pdf, outPath: C:\Users\o0_0o\Desktop\새 Microsoft PowerPoint 프레젠테이션\
2020-04-22 22:06:59.2452  INFO - ==================== Start ====================
2020-04-22 22:06:59.2652  INFO - Method: PDFtoJpeg, FilePath: C:\Users\o0_0o\Desktop\새 Microsoft PowerPoint 프레젠테이션.pdf, outPath: C:\Users\o0_0o\Desktop\새 Microsoft PowerPoint 프레젠테이션\
2020-04-22 22:07:41.3143  INFO - ==================== Start ====================
2020-04-22 22:07:41.3342  INFO - Method: PDFtoPng, FilePath: C:\Users\o0_0o\Desktop\새 Microsoft PowerPoint 프레젠테이션.pdf, outPath: C:\Users\o0_0o\Desktop\새 Microsoft PowerPoint 프레젠테이션\
2020-04-22 22:08:28.8023  INFO - ==================== Start ====================
2020-04-22 22:08:28.8231  INFO - Method: PDFtoJpeg, FilePath: C:\Users\o0_0o\Desktop\새 Microsoft PowerPoint 프레젠테이션.pdf, outPath: C:\Users\o0_0o\Desktop\새 Microsoft PowerPoint 프레젠테이션\
2020-04-22 22:09:22.1675  INFO - ==================== Start ====================
2020-04-22 22:09:22.1914  INFO - Method: PDFtoJpeg, FilePath: C:\Users\o0_0o\Desktop\새 Microsoft PowerPoint 프레젠테이션.pdf, outPath: C:\Users\o0_0o\Desktop\새 Microsoft PowerPoint 프레젠테이션\
2020-04-22 22:09:33.3961  INFO - ==================== End ====================
2020-04-22 22:10:22.2031  INFO - ==================== Start ====================
2020-04-22 22:10:22.2220  INFO - Method: PDFtoPng, FilePath: C:\Users\o0_0o\Desktop\새 Microsoft PowerPoint 프레젠테이션.pdf, outPath: C:\Users\o0_0o\Desktop\새 Microsoft PowerPoint 프레젠테이션\
2020-04-22 22:10:33.6946  INFO - ==================== Start ====================
2020-04-22 22:10:33.7155  INFO - Method: PDFtoJpeg, FilePath: C:\Users\o0_0o\Desktop\새 Microsoft PowerPoint 프레젠테이션.pdf, outPath: C:\Users\o0_0o\Desktop\새 Microsoft PowerPoint 프레젠테이션\
2020-04-22 22:10:33.8063  INFO - ==================== End ====================
2020-04-22 22:12:14.8145  INFO - ==================== Start ====================
2020-04-22 22:12:14.8145  INFO - Method: PDFtoJpeg, FilePath: C:\Data\workspace\2E3DAFD881060E67E55BB06D712AF20C\새 Microsoft PowerPoint 프레젠테이션.pdf, outPath: C:\Data\workspace\2E3DAFD881060E67E55BB06D712AF20C\새 Microsoft PowerPoint 프레젠테이션\
2020-04-22 22:12:14.9082  INFO - ==================== End ====================
2020-04-22 22:12:45.5104  INFO - ==================== Start ====================
2020-04-22 22:12:45.5104  INFO - Method: PDFtoJpeg, FilePath: C:\Data\workspace\2E3DAFD881060E67E55BB06D712AF20C\새 Microsoft PowerPoint 프레젠테이션.pdf, outPath: C:\Data\workspace\2E3DAFD881060E67E55BB06D712AF20C\새 Microsoft PowerPoint 프레젠테이션\
2020-04-22 22:12:45.5885  INFO - ==================== End ====================
2020-04-22 22:13:42.3488  INFO - ==================== Start ====================
2020-04-22 22:13:42.3488  INFO - Method: PDFtoJpeg, FilePath: C:\Data\workspace\2E3DAFD881060E67E55BB06D712AF20C\새 Microsoft PowerPoint 프레젠테이션.pdf, outPath: C:\Data\workspace\2E3DAFD881060E67E55BB06D712AF20C\새 Microsoft PowerPoint 프레젠테이션\
2020-04-22 22:13:42.4426  INFO - ==================== End ====================
2020-04-22 22:14:21.7054  INFO - ==================== Start ====================
2020-04-22 22:14:21.7054  INFO - Method: PDFtoJpeg, FilePath: C:\Data\workspace\2E3DAFD881060E67E55BB06D712AF20C\새 Microsoft PowerPoint 프레젠테이션.pdf, outPath: C:\Data\workspace\2E3DAFD881060E67E55BB06D712AF20C\새 Microsoft PowerPoint 프레젠테이션\
2020-04-22 22:14:21.7981  INFO - ==================== End ====================
2020-04-22 22:15:40.6130  INFO - ==================== Start ====================
2020-04-22 22:15:40.6130  INFO - Method: PDFtoJpeg, FilePath: C:\Data\workspace\2E3DAFD881060E67E55BB06D712AF20C\새 Microsoft PowerPoint 프레젠테이션.pdf, outPath: C:\Data\workspace\2E3DAFD881060E67E55BB06D712AF20C\새 Microsoft PowerPoint 프레젠테이션\
2020-04-22 22:15:40.7068  INFO - ==================== End ====================
