2020-04-22 12:19:37.7235 ERROR - ==================== Method: document_Convert ====================
2020-04-22 12:19:37.7235 ERROR -    위치: DocConvert_Server.Document_Convert.document_Convert(String requestInfo)

2020-04-22 12:19:37.7235 ERROR - 변환 실패: 개체 참조가 개체의 인스턴스로 설정되지 않았습니다.
2020-04-22 12:19:37.7235 ERROR - ==================== End ====================
2020-04-22 12:20:13.5623 ERROR - ==================== Method: document_Convert ====================
2020-04-22 12:20:13.5623 ERROR -    위치: DocConvert_Server.Document_Convert.document_Convert(String requestInfo)

2020-04-22 12:20:13.5732 ERROR - 변환 실패: 개체 참조가 개체의 인스턴스로 설정되지 않았습니다.
2020-04-22 12:20:13.5732 ERROR - ==================== End ====================
2020-04-22 12:22:36.2195 ERROR - ==================== Method: document_Convert ====================
2020-04-22 12:22:36.2195 ERROR -    위치: DocConvert_Server.Document_Convert.document_Convert(String requestInfo)

2020-04-22 12:22:36.2284 ERROR - 변환 실패: 개체 참조가 개체의 인스턴스로 설정되지 않았습니다.
2020-04-22 12:22:36.2284 ERROR - ==================== End ====================
2020-04-22 12:24:18.9752 ERROR - ==================== Method: document_Convert ====================
2020-04-22 12:24:18.9752 ERROR -    위치: System.IO.__Error.WinIOError(Int32 errorCode, String maybeFullPath)
   위치: System.IO.__Error.WinIOError()
   위치: System.IO.FileInfo.MoveTo(String destFileName)
   위치: DocConvert_Server.Document_Convert.document_Convert(String requestInfo)

2020-04-22 12:24:18.9752 ERROR - 변환 실패: 경로에 대한 액세스가 거부되었습니다.
2020-04-22 12:24:18.9752 ERROR - ==================== End ====================
2020-04-22 13:39:47.4003 ERROR - ==================== Method: document_Convert ====================
2020-04-22 13:39:47.4003 ERROR -    위치: DocConvert_Server.Document_Convert.document_Convert(String requestInfo)

2020-04-22 13:39:47.4158 ERROR - 변환 실패: 개체 참조가 개체의 인스턴스로 설정되지 않았습니다.
2020-04-22 13:39:47.4158 ERROR - ==================== End ====================
2020-04-22 13:40:03.6500 ERROR - ==================== Method: document_Convert ====================
2020-04-22 13:40:03.6500 ERROR -    위치: DocConvert_Server.Document_Convert.document_Convert(String requestInfo)

2020-04-22 13:40:03.6500 ERROR - 변환 실패: 개체 참조가 개체의 인스턴스로 설정되지 않았습니다.
2020-04-22 13:40:03.6500 ERROR - ==================== End ====================
2020-04-22 13:40:46.3845 ERROR - ==================== Method: document_Convert ====================
2020-04-22 13:40:46.4002 ERROR -    위치: DocConvert_Server.Document_Convert.document_Convert(String requestInfo)

2020-04-22 13:40:46.4002 ERROR - 변환 실패: 개체 참조가 개체의 인스턴스로 설정되지 않았습니다.
2020-04-22 13:40:46.4002 ERROR - ==================== End ====================
