2020-05-07 16:44:20.5737  INFO - [INFO] 데이터 경로: C:\Data
2020-05-07 16:44:20.5747  INFO - [INFO] 클라이언트 키: B29D00A3 - F825 - 4EB7 - 93C1 - A77F5E31A7C2
2020-05-07 16:44:20.5747  INFO - [INFO] 오피스 디버깅모드: True
2020-05-07 16:44:20.5747  INFO - [INFO] 웹 캡쳐 모드: Phantom JS
2020-05-07 16:44:20.5747  INFO - [INFO] 웹 캡쳐 타임아웃: 30초
2020-05-07 16:44:20.5747  INFO - [INFO] 한글 DLL을 레지스트리에 등록하였습니다.
2020-05-07 16:44:20.5747  INFO - [Scheduler] 스케줄러가 실행중입니다. 작업공간 정리 스케줄러: 3일   로그 정리 스케줄러: 10일
2020-05-07 16:44:20.5747  INFO - [Web Socket] 웹 소켓 타임아웃: 2분 0초
2020-05-07 16:44:20.6945  INFO - [Web Socket] Server Listening...
2020-05-07 16:44:20.6945  INFO - [Web Socket][INFO] IP: 0.0.0.0   포트: 12000
2020-05-07 16:45:57.2657  INFO - [INFO] 데이터 경로: C:\Data
2020-05-07 16:45:57.2657  INFO - [INFO] 클라이언트 키: B29D00A3 - F825 - 4EB7 - 93C1 - A77F5E31A7C2
2020-05-07 16:45:57.2657  INFO - [INFO] 오피스 디버깅모드: True
2020-05-07 16:45:57.2657  INFO - [INFO] 웹 캡쳐 모드: Phantom JS
2020-05-07 16:45:57.2657  INFO - [INFO] 웹 캡쳐 타임아웃: 30초
2020-05-07 16:45:57.2657  INFO - [INFO] 한글 DLL을 레지스트리에 등록하였습니다.
2020-05-07 16:45:57.2657  INFO - [Scheduler] 스케줄러가 실행중입니다. 작업공간 정리 스케줄러: 3일   로그 정리 스케줄러: 10일
2020-05-07 16:45:57.2657  INFO - [Web Socket] 웹 소켓 타임아웃: 2분 0초
2020-05-07 16:45:57.3811  INFO - [Web Socket] Server Listening...
2020-05-07 16:45:57.3811  INFO - [Web Socket][INFO] IP: 0.0.0.0   포트: 12000
2020-05-07 16:46:24.8596  INFO - [INFO] 데이터 경로: C:\Data
2020-05-07 16:46:24.8596  INFO - [INFO] 클라이언트 키: B29D00A3 - F825 - 4EB7 - 93C1 - A77F5E31A7C2
2020-05-07 16:46:24.8596  INFO - [INFO] 오피스 디버깅모드: True
2020-05-07 16:46:24.8596  INFO - [INFO] 웹 캡쳐 모드: Phantom JS
2020-05-07 16:46:24.8596  INFO - [INFO] 웹 캡쳐 타임아웃: 30초
2020-05-07 16:46:24.8596  INFO - [INFO] 한글 DLL을 레지스트리에 등록하였습니다.
2020-05-07 16:46:24.8596  INFO - [Scheduler] 스케줄러가 실행중입니다. 작업공간 정리 스케줄러: 3일   로그 정리 스케줄러: 10일
2020-05-07 16:46:24.8727  INFO - [Web Socket] 웹 소켓 타임아웃: 2분 0초
2020-05-07 16:46:25.0142  INFO - [Web Socket] Server Listening...
2020-05-07 16:46:25.0142  INFO - [Web Socket][INFO] IP: 0.0.0.0   포트: 12000
2020-05-07 16:47:28.5291  INFO - [INFO] 데이터 경로: C:\Data
2020-05-07 16:47:28.5291  INFO - [INFO] 클라이언트 키: B29D00A3 - F825 - 4EB7 - 93C1 - A77F5E31A7C2
2020-05-07 16:47:28.5291  INFO - [INFO] 오피스 디버깅모드: True
2020-05-07 16:47:28.5291  INFO - [INFO] 웹 캡쳐 모드: Phantom JS
2020-05-07 16:47:28.5291  INFO - [INFO] 웹 캡쳐 타임아웃: 30초
2020-05-07 16:47:28.5291  INFO - [INFO] 한글 DLL을 레지스트리에 등록하였습니다.
2020-05-07 16:47:28.5291  INFO - [Scheduler] 스케줄러가 실행중입니다. 작업공간 정리 스케줄러: 3일   로그 정리 스케줄러: 10일
2020-05-07 16:47:28.5433  INFO - [Web Socket] 웹 소켓 타임아웃: 2분 0초
2020-05-07 16:47:28.6848  INFO - [Web Socket] Server Listening...
2020-05-07 16:47:28.6848  INFO - [Web Socket][INFO] IP: 0.0.0.0   포트: 12000
2020-05-07 16:49:34.4294  INFO - [INFO] 데이터 경로: C:\Data
2020-05-07 16:49:34.4294  INFO - [INFO] 클라이언트 키: B29D00A3 - F825 - 4EB7 - 93C1 - A77F5E31A7C2
2020-05-07 16:49:34.4294  INFO - [INFO] 오피스 디버깅모드: True
2020-05-07 16:49:34.4294  INFO - [INFO] 웹 캡쳐 모드: Phantom JS
2020-05-07 16:49:34.4294  INFO - [INFO] 웹 캡쳐 타임아웃: 30초
2020-05-07 16:49:34.4294  INFO - [INFO] 한글 DLL을 레지스트리에 등록하였습니다.
2020-05-07 16:49:34.4336  INFO - [Scheduler] 스케줄러가 실행중입니다. 작업공간 정리 스케줄러: 3일   로그 정리 스케줄러: 10일
2020-05-07 16:49:34.4336  INFO - [Web Socket] 웹 소켓 타임아웃: 2분 0초
2020-05-07 16:49:34.5778  INFO - [Web Socket] Server Listening...
2020-05-07 16:49:34.5778  INFO - [Web Socket][INFO] IP: 0.0.0.0   포트: 12000
2020-05-07 16:51:41.3435  INFO - [INFO] 데이터 경로: C:\Data
2020-05-07 16:51:41.3435  INFO - [INFO] 클라이언트 키: B29D00A3 - F825 - 4EB7 - 93C1 - A77F5E31A7C2
2020-05-07 16:51:41.3435  INFO - [INFO] 오피스 디버깅모드: True
2020-05-07 16:51:41.3435  INFO - [INFO] 웹 캡쳐 모드: Phantom JS
2020-05-07 16:51:41.3435  INFO - [INFO] 웹 캡쳐 타임아웃: 30초
2020-05-07 16:51:41.3435  INFO - [INFO] 한글 DLL을 레지스트리에 등록하였습니다.
2020-05-07 16:51:41.3435  INFO - [Scheduler] 스케줄러가 실행중입니다. 작업공간 정리 스케줄러: 3일   로그 정리 스케줄러: 10일
2020-05-07 16:51:41.3556  INFO - [Web Socket] 웹 소켓 타임아웃: 2분 0초
2020-05-07 16:51:41.4941  INFO - [Web Socket] Server Listening...
2020-05-07 16:51:41.4941  INFO - [Web Socket][INFO] IP: 0.0.0.0   포트: 12000
2020-05-07 16:52:20.4624  INFO - [INFO] 데이터 경로: C:\Data
2020-05-07 16:52:20.4624  INFO - [INFO] 클라이언트 키: B29D00A3 - F825 - 4EB7 - 93C1 - A77F5E31A7C2
2020-05-07 16:52:20.4624  INFO - [INFO] 오피스 디버깅모드: True
2020-05-07 16:52:20.4624  INFO - [INFO] 웹 캡쳐 모드: Phantom JS
2020-05-07 16:52:20.4624  INFO - [INFO] 웹 캡쳐 타임아웃: 30초
2020-05-07 16:52:20.4657  INFO - [INFO] 한글 DLL을 레지스트리에 등록하였습니다.
2020-05-07 16:52:20.4657  INFO - [Scheduler] 스케줄러가 실행중입니다. 작업공간 정리 스케줄러: 3일   로그 정리 스케줄러: 10일
2020-05-07 16:52:20.4657  INFO - [Web Socket] 웹 소켓 타임아웃: 2분 0초
2020-05-07 16:52:20.6138  INFO - [Web Socket] Server Listening...
2020-05-07 16:52:20.6138  INFO - [Web Socket][INFO] IP: 0.0.0.0   포트: 12000
2020-05-07 16:53:06.9769  INFO - [INFO] 데이터 경로: C:\Data
2020-05-07 16:53:06.9769  INFO - [INFO] 클라이언트 키: B29D00A3 - F825 - 4EB7 - 93C1 - A77F5E31A7C2
2020-05-07 16:53:06.9769  INFO - [INFO] 오피스 디버깅모드: True
2020-05-07 16:53:06.9769  INFO - [INFO] 웹 캡쳐 모드: Phantom JS
2020-05-07 16:53:06.9769  INFO - [INFO] 웹 캡쳐 타임아웃: 30초
2020-05-07 16:53:06.9809  INFO - [INFO] 한글 DLL을 레지스트리에 등록하였습니다.
2020-05-07 16:53:06.9809  INFO - [Scheduler] 스케줄러가 실행중입니다. 작업공간 정리 스케줄러: 3일   로그 정리 스케줄러: 10일
2020-05-07 16:53:06.9809  INFO - [Web Socket] 웹 소켓 타임아웃: 2분 0초
2020-05-07 16:53:07.1297  INFO - [Web Socket] Server Listening...
2020-05-07 16:53:07.1297  INFO - [Web Socket][INFO] IP: 0.0.0.0   포트: 12000
2020-05-07 16:53:55.8920  INFO - [INFO] 데이터 경로: C:\Data
2020-05-07 16:53:55.8920  INFO - [INFO] 클라이언트 키: B29D00A3 - F825 - 4EB7 - 93C1 - A77F5E31A7C2
2020-05-07 16:53:55.8920  INFO - [INFO] 오피스 디버깅모드: True
2020-05-07 16:53:55.8920  INFO - [INFO] 웹 캡쳐 모드: Phantom JS
2020-05-07 16:53:55.8920  INFO - [INFO] 웹 캡쳐 타임아웃: 30초
2020-05-07 16:53:55.8920  INFO - [INFO] 한글 DLL을 레지스트리에 등록하였습니다.
2020-05-07 16:53:55.8920  INFO - [Scheduler] 스케줄러가 실행중입니다. 작업공간 정리 스케줄러: 3일   로그 정리 스케줄러: 10일
2020-05-07 16:53:55.9038  INFO - [Web Socket] 웹 소켓 타임아웃: 2분 0초
2020-05-07 16:53:56.0021  INFO - [Web Socket] Server Listening...
2020-05-07 16:53:56.0021  INFO - [Web Socket][INFO] IP: 0.0.0.0   포트: 12000
2020-05-07 16:54:25.8763  INFO - [INFO] 데이터 경로: C:\Data
2020-05-07 16:54:25.8763  INFO - [INFO] 클라이언트 키: B29D00A3 - F825 - 4EB7 - 93C1 - A77F5E31A7C2
2020-05-07 16:54:25.8763  INFO - [INFO] 오피스 디버깅모드: True
2020-05-07 16:54:25.8763  INFO - [INFO] 웹 캡쳐 모드: Phantom JS
2020-05-07 16:54:25.8763  INFO - [INFO] 웹 캡쳐 타임아웃: 30초
2020-05-07 16:54:25.8763  INFO - [INFO] 한글 DLL을 레지스트리에 등록하였습니다.
2020-05-07 16:54:25.8763  INFO - [Scheduler] 스케줄러가 실행중입니다. 작업공간 정리 스케줄러: 3일   로그 정리 스케줄러: 10일
2020-05-07 16:54:25.8877  INFO - [Web Socket] 웹 소켓 타임아웃: 2분 0초
2020-05-07 16:54:26.0225  INFO - [Web Socket] Server Listening...
2020-05-07 16:54:26.0225  INFO - [Web Socket][INFO] IP: 0.0.0.0   포트: 12000
2020-05-07 16:55:54.1755  INFO - [INFO] 데이터 경로: C:\Data
2020-05-07 16:55:54.1755  INFO - [INFO] 클라이언트 키: B29D00A3 - F825 - 4EB7 - 93C1 - A77F5E31A7C2
2020-05-07 16:55:54.1755  INFO - [INFO] 오피스 디버깅모드: True
2020-05-07 16:55:54.1755  INFO - [INFO] 웹 캡쳐 모드: Phantom JS
2020-05-07 16:55:54.1755  INFO - [INFO] 웹 캡쳐 타임아웃: 30초
2020-05-07 16:55:54.1755  INFO - [INFO] 한글 DLL을 레지스트리에 등록하였습니다.
2020-05-07 16:55:54.1755  INFO - [Scheduler] 스케줄러가 실행중입니다. 작업공간 정리 스케줄러: 3일   로그 정리 스케줄러: 10일
2020-05-07 16:55:54.1875  INFO - [Web Socket] 웹 소켓 타임아웃: 2분 0초
2020-05-07 16:55:54.3241  INFO - [Web Socket] Server Listening...
2020-05-07 16:55:54.3241  INFO - [Web Socket][INFO] IP: 0.0.0.0   포트: 12000
2020-05-07 16:56:03.8622  INFO - 설정 파일을 실행하였습니다. 변경 내용을 적용하려면 서버를 재시작해야합니다.
2020-05-07 16:59:54.9418  INFO - [INFO] 데이터 경로: C:\Data
2020-05-07 16:59:54.9418  INFO - [INFO] 클라이언트 키: B29D00A3 - F825 - 4EB7 - 93C1 - A77F5E31A7C2
2020-05-07 16:59:54.9418  INFO - [INFO] 오피스 디버깅모드: True
2020-05-07 16:59:54.9418  INFO - [INFO] 웹 캡쳐 모드: Phantom JS
2020-05-07 16:59:54.9418  INFO - [INFO] 웹 캡쳐 타임아웃: 30초
2020-05-07 16:59:54.9418  INFO - [INFO] 한글 DLL을 레지스트리에 등록하였습니다.
2020-05-07 16:59:54.9418  INFO - [Scheduler] 스케줄러가 실행중입니다. 작업공간 정리 스케줄러: 3일   로그 정리 스케줄러: 10일
2020-05-07 16:59:54.9515  INFO - [Web Socket] 웹 소켓 타임아웃: 2분 0초
2020-05-07 16:59:55.0899  INFO - [Web Socket] Server Listening...
2020-05-07 16:59:55.0899  INFO - [Web Socket][INFO] IP: 0.0.0.0   포트: 12000
2020-05-07 17:01:42.5725  INFO - [INFO] 데이터 경로: C:\Data
2020-05-07 17:01:42.5725  INFO - [INFO] 클라이언트 키: B29D00A3 - F825 - 4EB7 - 93C1 - A77F5E31A7C2
2020-05-07 17:01:42.5725  INFO - [INFO] 오피스 디버깅모드: True
2020-05-07 17:01:42.5725  INFO - [INFO] 웹 캡쳐 모드: Phantom JS
2020-05-07 17:01:42.5745  INFO - [INFO] 웹 캡쳐 타임아웃: 30초
2020-05-07 17:01:42.5745  INFO - [INFO] 한글 DLL을 레지스트리에 등록하였습니다.
2020-05-07 17:01:42.5745  INFO - [Scheduler] 스케줄러가 실행중입니다. 작업공간 정리 스케줄러: 3일   로그 정리 스케줄러: 10일
2020-05-07 17:01:42.5745  INFO - [Web Socket] 웹 소켓 타임아웃: 2분 0초
2020-05-07 17:01:42.7345  INFO - [Web Socket] Server Listening...
2020-05-07 17:01:42.7345  INFO - [Web Socket][INFO] IP: 0.0.0.0   포트: 12000
2020-05-07 17:02:02.8397  INFO - [INFO] 데이터 경로: C:\Data
2020-05-07 17:02:02.8397  INFO - [INFO] 클라이언트 키: B29D00A3 - F825 - 4EB7 - 93C1 - A77F5E31A7C2
2020-05-07 17:02:02.8397  INFO - [INFO] 오피스 디버깅모드: True
2020-05-07 17:02:02.8397  INFO - [INFO] 웹 캡쳐 모드: Phantom JS
2020-05-07 17:02:02.8397  INFO - [INFO] 웹 캡쳐 타임아웃: 30초
2020-05-07 17:02:02.8397  INFO - [INFO] 한글 DLL을 레지스트리에 등록하였습니다.
2020-05-07 17:02:02.8397  INFO - [Scheduler] 스케줄러가 실행중입니다. 작업공간 정리 스케줄러: 3일   로그 정리 스케줄러: 10일
2020-05-07 17:02:02.8397  INFO - [Web Socket] 웹 소켓 타임아웃: 2분 0초
2020-05-07 17:02:02.9822  INFO - [Web Socket] Server Listening...
2020-05-07 17:02:02.9822  INFO - [Web Socket][INFO] IP: 0.0.0.0   포트: 12000
2020-05-07 17:02:45.8696  INFO - [INFO] 데이터 경로: C:\Data
2020-05-07 17:02:45.8696  INFO - [INFO] 클라이언트 키: B29D00A3 - F825 - 4EB7 - 93C1 - A77F5E31A7C2
2020-05-07 17:02:45.8696  INFO - [INFO] 오피스 디버깅모드: True
2020-05-07 17:02:45.8716  INFO - [INFO] 웹 캡쳐 모드: Phantom JS
2020-05-07 17:02:45.8716  INFO - [INFO] 웹 캡쳐 타임아웃: 30초
2020-05-07 17:02:45.8716  INFO - [INFO] 한글 DLL을 레지스트리에 등록하였습니다.
2020-05-07 17:02:45.8716  INFO - [Scheduler] 스케줄러가 실행중입니다. 작업공간 정리 스케줄러: 3일   로그 정리 스케줄러: 10일
2020-05-07 17:02:45.8716  INFO - [Web Socket] 웹 소켓 타임아웃: 2분 0초
2020-05-07 17:02:46.0157  INFO - [Web Socket] Server Listening...
2020-05-07 17:02:46.0157  INFO - [Web Socket][INFO] IP: 0.0.0.0   포트: 12000
2020-05-07 17:03:02.7134  INFO - [INFO] 데이터 경로: C:\Data
2020-05-07 17:03:02.7134  INFO - [INFO] 클라이언트 키: B29D00A3 - F825 - 4EB7 - 93C1 - A77F5E31A7C2
2020-05-07 17:03:02.7134  INFO - [INFO] 오피스 디버깅모드: True
2020-05-07 17:03:02.7154  INFO - [INFO] 웹 캡쳐 모드: Phantom JS
2020-05-07 17:03:02.7154  INFO - [INFO] 웹 캡쳐 타임아웃: 30초
2020-05-07 17:03:02.7154  INFO - [INFO] 한글 DLL을 레지스트리에 등록하였습니다.
2020-05-07 17:03:02.7154  INFO - [Scheduler] 스케줄러가 실행중입니다. 작업공간 정리 스케줄러: 3일   로그 정리 스케줄러: 10일
2020-05-07 17:03:02.7154  INFO - [Web Socket] 웹 소켓 타임아웃: 2분 0초
2020-05-07 17:03:02.8616  INFO - [Web Socket] Server Listening...
2020-05-07 17:03:02.8616  INFO - [Web Socket][INFO] IP: 0.0.0.0   포트: 12000
2020-05-07 17:03:35.4110  INFO - [INFO] 데이터 경로: C:\Data
2020-05-07 17:03:35.4110  INFO - [INFO] 클라이언트 키: B29D00A3 - F825 - 4EB7 - 93C1 - A77F5E31A7C2
2020-05-07 17:03:35.4110  INFO - [INFO] 오피스 디버깅모드: True
2020-05-07 17:03:35.4110  INFO - [INFO] 웹 캡쳐 모드: Phantom JS
2020-05-07 17:03:35.4110  INFO - [INFO] 웹 캡쳐 타임아웃: 30초
2020-05-07 17:03:35.4110  INFO - [INFO] 한글 DLL을 레지스트리에 등록하였습니다.
2020-05-07 17:03:35.4110  INFO - [Scheduler] 스케줄러가 실행중입니다. 작업공간 정리 스케줄러: 3일   로그 정리 스케줄러: 10일
2020-05-07 17:03:35.4241  INFO - [Web Socket] 웹 소켓 타임아웃: 2분 0초
2020-05-07 17:03:35.5715  INFO - [Web Socket] Server Listening...
2020-05-07 17:03:35.5715  INFO - [Web Socket][INFO] IP: 0.0.0.0   포트: 12000
2020-05-07 17:04:05.2955  INFO - [INFO] 데이터 경로: C:\Data
2020-05-07 17:04:05.2955  INFO - [INFO] 클라이언트 키: B29D00A3 - F825 - 4EB7 - 93C1 - A77F5E31A7C2
2020-05-07 17:04:05.2955  INFO - [INFO] 오피스 디버깅모드: True
2020-05-07 17:04:05.2955  INFO - [INFO] 웹 캡쳐 모드: Phantom JS
2020-05-07 17:04:05.2955  INFO - [INFO] 웹 캡쳐 타임아웃: 30초
2020-05-07 17:04:05.2955  INFO - [INFO] 한글 DLL을 레지스트리에 등록하였습니다.
2020-05-07 17:04:05.2955  INFO - [Scheduler] 스케줄러가 실행중입니다. 작업공간 정리 스케줄러: 3일   로그 정리 스케줄러: 10일
2020-05-07 17:04:05.3085  INFO - [Web Socket] 웹 소켓 타임아웃: 2분 0초
2020-05-07 17:04:05.4146  INFO - [Web Socket] Server Listening...
2020-05-07 17:04:05.4146  INFO - [Web Socket][INFO] IP: 0.0.0.0   포트: 12000
2020-05-07 17:05:44.8477  INFO - [INFO] 데이터 경로: C:\Data
2020-05-07 17:05:44.8477  INFO - [INFO] 클라이언트 키: B29D00A3 - F825 - 4EB7 - 93C1 - A77F5E31A7C2
2020-05-07 17:05:44.8477  INFO - [INFO] 오피스 디버깅모드: True
2020-05-07 17:05:44.8477  INFO - [INFO] 웹 캡쳐 모드: Phantom JS
2020-05-07 17:05:44.8477  INFO - [INFO] 웹 캡쳐 타임아웃: 30초
2020-05-07 17:05:44.8477  INFO - [INFO] 한글 DLL을 레지스트리에 등록하였습니다.
2020-05-07 17:05:44.8477  INFO - [Scheduler] 스케줄러가 실행중입니다. 작업공간 정리 스케줄러: 3일   로그 정리 스케줄러: 10일
2020-05-07 17:05:44.8597  INFO - [Web Socket] 웹 소켓 타임아웃: 2분 0초
2020-05-07 17:05:45.0054  INFO - [Web Socket] Server Listening...
2020-05-07 17:05:45.0054  INFO - [Web Socket][INFO] IP: 0.0.0.0   포트: 12000
2020-05-07 17:06:22.0594  INFO - [INFO] 데이터 경로: C:\Data
2020-05-07 17:06:22.0594  INFO - [INFO] 클라이언트 키: B29D00A3 - F825 - 4EB7 - 93C1 - A77F5E31A7C2
2020-05-07 17:06:22.0594  INFO - [INFO] 오피스 디버깅모드: True
2020-05-07 17:06:22.0594  INFO - [INFO] 웹 캡쳐 모드: Phantom JS
2020-05-07 17:06:22.0594  INFO - [INFO] 웹 캡쳐 타임아웃: 30초
2020-05-07 17:06:22.0594  INFO - [INFO] 한글 DLL을 레지스트리에 등록하였습니다.
2020-05-07 17:06:22.0594  INFO - [Scheduler] 스케줄러가 실행중입니다. 작업공간 정리 스케줄러: 3일   로그 정리 스케줄러: 10일
2020-05-07 17:06:22.0739  INFO - [Web Socket] 웹 소켓 타임아웃: 2분 0초
2020-05-07 17:06:22.2177  INFO - [Web Socket] Server Listening...
2020-05-07 17:06:22.2177  INFO - [Web Socket][INFO] IP: 0.0.0.0   포트: 12000
2020-05-07 17:07:39.2270  INFO - [INFO] 데이터 경로: C:\Data
2020-05-07 17:07:39.2270  INFO - [INFO] 클라이언트 키: B29D00A3 - F825 - 4EB7 - 93C1 - A77F5E31A7C2
2020-05-07 17:07:39.2270  INFO - [INFO] 오피스 디버깅모드: True
2020-05-07 17:07:39.2270  INFO - [INFO] 웹 캡쳐 모드: Phantom JS
2020-05-07 17:07:39.2270  INFO - [INFO] 웹 캡쳐 타임아웃: 30초
2020-05-07 17:07:39.2270  INFO - [INFO] 한글 DLL을 레지스트리에 등록하였습니다.
2020-05-07 17:07:39.2270  INFO - [Scheduler] 스케줄러가 실행중입니다. 작업공간 정리 스케줄러: 3일   로그 정리 스케줄러: 10일
2020-05-07 17:07:39.2360  INFO - [Web Socket] 웹 소켓 타임아웃: 2분 0초
2020-05-07 17:07:39.3480  INFO - [Web Socket] Server Listening...
2020-05-07 17:07:39.3480  INFO - [Web Socket][INFO] IP: 0.0.0.0   포트: 12000
2020-05-07 17:07:59.2675  INFO - [INFO] 데이터 경로: C:\Data
2020-05-07 17:07:59.2675  INFO - [INFO] 클라이언트 키: B29D00A3 - F825 - 4EB7 - 93C1 - A77F5E31A7C2
2020-05-07 17:07:59.2675  INFO - [INFO] 오피스 디버깅모드: True
2020-05-07 17:07:59.2675  INFO - [INFO] 웹 캡쳐 모드: Phantom JS
2020-05-07 17:07:59.2675  INFO - [INFO] 웹 캡쳐 타임아웃: 30초
2020-05-07 17:07:59.2675  INFO - [INFO] 한글 DLL을 레지스트리에 등록하였습니다.
2020-05-07 17:07:59.2675  INFO - [Scheduler] 스케줄러가 실행중입니다. 작업공간 정리 스케줄러: 3일   로그 정리 스케줄러: 10일
2020-05-07 17:07:59.2802  INFO - [Web Socket] 웹 소켓 타임아웃: 2분 0초
2020-05-07 17:07:59.4239  INFO - [Web Socket] Server Listening...
2020-05-07 17:07:59.4239  INFO - [Web Socket][INFO] IP: 0.0.0.0   포트: 12000
2020-05-07 17:08:51.8991  INFO - [INFO] 데이터 경로: C:\Data
2020-05-07 17:08:51.8991  INFO - [INFO] 클라이언트 키: B29D00A3 - F825 - 4EB7 - 93C1 - A77F5E31A7C2
2020-05-07 17:08:51.8991  INFO - [INFO] 오피스 디버깅모드: True
2020-05-07 17:08:51.8991  INFO - [INFO] 웹 캡쳐 모드: Phantom JS
2020-05-07 17:08:51.8991  INFO - [INFO] 웹 캡쳐 타임아웃: 30초
2020-05-07 17:08:51.9024  INFO - [INFO] 한글 DLL을 레지스트리에 등록하였습니다.
2020-05-07 17:08:51.9024  INFO - [Scheduler] 스케줄러가 실행중입니다. 작업공간 정리 스케줄러: 3일   로그 정리 스케줄러: 10일
2020-05-07 17:08:51.9024  INFO - [Web Socket] 웹 소켓 타임아웃: 2분 0초
2020-05-07 17:08:52.0643  INFO - [Web Socket] Server Listening...
2020-05-07 17:08:52.0643  INFO - [Web Socket][INFO] IP: 0.0.0.0   포트: 12000
2020-05-07 17:10:56.2546  INFO - [INFO] 데이터 경로: C:\Data
2020-05-07 17:10:56.2546  INFO - [INFO] 클라이언트 키: B29D00A3 - F825 - 4EB7 - 93C1 - A77F5E31A7C2
2020-05-07 17:10:56.2546  INFO - [INFO] 오피스 디버깅모드: True
2020-05-07 17:10:56.2546  INFO - [INFO] 웹 캡쳐 모드: Phantom JS
2020-05-07 17:10:56.2546  INFO - [INFO] 웹 캡쳐 타임아웃: 30초
2020-05-07 17:10:56.2546  INFO - [INFO] 한글 DLL을 레지스트리에 등록하였습니다.
2020-05-07 17:10:56.2546  INFO - [Scheduler] 스케줄러가 실행중입니다. 작업공간 정리 스케줄러: 3일   로그 정리 스케줄러: 10일
2020-05-07 17:10:56.2660  INFO - [Web Socket] 웹 소켓 타임아웃: 2분 0초
2020-05-07 17:10:56.3716  INFO - [Web Socket] Server Listening...
2020-05-07 17:10:56.3716  INFO - [Web Socket][INFO] IP: 0.0.0.0   포트: 12000
2020-05-07 17:12:25.4038  INFO - [INFO] 데이터 경로: C:\Data
2020-05-07 17:12:25.4038  INFO - [INFO] 클라이언트 키: B29D00A3 - F825 - 4EB7 - 93C1 - A77F5E31A7C2
2020-05-07 17:12:25.4038  INFO - [INFO] 오피스 디버깅모드: True
2020-05-07 17:12:25.4038  INFO - [INFO] 웹 캡쳐 모드: Phantom JS
2020-05-07 17:12:25.4038  INFO - [INFO] 웹 캡쳐 타임아웃: 30초
2020-05-07 17:12:25.4038  INFO - [INFO] 한글 DLL을 레지스트리에 등록하였습니다.
2020-05-07 17:12:25.4038  INFO - [Scheduler] 스케줄러가 실행중입니다. 작업공간 정리 스케줄러: 3일   로그 정리 스케줄러: 10일
2020-05-07 17:12:25.4038  INFO - [Web Socket] 웹 소켓 타임아웃: 2분 0초
2020-05-07 17:12:25.5140  INFO - [Web Socket] Server Listening...
2020-05-07 17:12:25.5140  INFO - [Web Socket][INFO] IP: 0.0.0.0   포트: 12000
2020-05-07 17:12:56.4036  INFO - [INFO] 데이터 경로: C:\Data
2020-05-07 17:12:56.4036  INFO - [INFO] 클라이언트 키: B29D00A3 - F825 - 4EB7 - 93C1 - A77F5E31A7C2
2020-05-07 17:12:56.4036  INFO - [INFO] 오피스 디버깅모드: True
2020-05-07 17:12:56.4036  INFO - [INFO] 웹 캡쳐 모드: Phantom JS
2020-05-07 17:12:56.4036  INFO - [INFO] 웹 캡쳐 타임아웃: 30초
2020-05-07 17:12:56.4036  INFO - [INFO] 한글 DLL을 레지스트리에 등록하였습니다.
2020-05-07 17:12:56.4036  INFO - [Scheduler] 스케줄러가 실행중입니다. 작업공간 정리 스케줄러: 3일   로그 정리 스케줄러: 10일
2020-05-07 17:12:56.4384  INFO - [Web Socket] 웹 소켓 타임아웃: 2분 0초
2020-05-07 17:12:56.7914  INFO - [Web Socket] Server Listening...
2020-05-07 17:12:56.7914  INFO - [Web Socket][INFO] IP: 0.0.0.0   포트: 12000
2020-05-07 17:13:45.0496  INFO - [INFO] 데이터 경로: C:\Data
2020-05-07 17:13:45.0496  INFO - [INFO] 클라이언트 키: B29D00A3 - F825 - 4EB7 - 93C1 - A77F5E31A7C2
2020-05-07 17:13:45.0496  INFO - [INFO] 오피스 디버깅모드: True
2020-05-07 17:13:45.0496  INFO - [INFO] 웹 캡쳐 모드: Phantom JS
2020-05-07 17:13:45.0496  INFO - [INFO] 웹 캡쳐 타임아웃: 30초
2020-05-07 17:13:45.0496  INFO - [INFO] 한글 DLL을 레지스트리에 등록하였습니다.
2020-05-07 17:13:45.0496  INFO - [Scheduler] 스케줄러가 실행중입니다. 작업공간 정리 스케줄러: 3일   로그 정리 스케줄러: 10일
2020-05-07 17:13:45.0667  INFO - [Web Socket] 웹 소켓 타임아웃: 2분 0초
2020-05-07 17:13:45.2324  INFO - [Web Socket] Server Listening...
2020-05-07 17:13:45.2324  INFO - [Web Socket][INFO] IP: 0.0.0.0   포트: 12000
2020-05-07 17:13:59.4755  INFO - 설정 파일을 실행하였습니다. 변경 내용을 적용하려면 서버를 재시작해야합니다.
2020-05-07 17:14:35.4691  INFO - [INFO] 데이터 경로: C:\Data
2020-05-07 17:14:35.4691  INFO - [INFO] 클라이언트 키: B29D00A3 - F825 - 4EB7 - 93C1 - A77F5E31A7C2
2020-05-07 17:14:35.4691  INFO - [INFO] 오피스 디버깅모드: True
2020-05-07 17:14:35.4691  INFO - [INFO] 웹 캡쳐 모드: Phantom JS
2020-05-07 17:14:35.4691  INFO - [INFO] 웹 캡쳐 타임아웃: 30초
2020-05-07 17:14:35.4691  INFO - [INFO] 한글 DLL을 레지스트리에 등록하였습니다.
2020-05-07 17:14:35.4691  INFO - [Scheduler] 스케줄러가 실행중입니다. 작업공간 정리 스케줄러: 3일   로그 정리 스케줄러: 10일
2020-05-07 17:14:35.4838  INFO - [Web Socket] 웹 소켓 타임아웃: 2분 0초
2020-05-07 17:14:35.6123  INFO - [Web Socket] Server Listening...
2020-05-07 17:14:35.6123  INFO - [Web Socket][INFO] IP: 0.0.0.0   포트: 12000
2020-05-07 17:14:48.9349  INFO - 설정 파일을 실행하였습니다. 변경 내용을 적용하려면 서버를 재시작해야합니다.
2020-05-07 17:15:01.2813  INFO - 설정 파일을 실행하였습니다. 변경 내용을 적용하려면 서버를 재시작해야합니다.
2020-05-07 17:15:37.7133  INFO - [INFO] 데이터 경로: C:\Data
2020-05-07 17:15:37.7133  INFO - [INFO] 클라이언트 키: B29D00A3 - F825 - 4EB7 - 93C1 - A77F5E31A7C2
2020-05-07 17:15:37.7133  INFO - [INFO] 오피스 디버깅모드: True
2020-05-07 17:15:37.7133  INFO - [INFO] 웹 캡쳐 모드: Phantom JS
2020-05-07 17:15:37.7153  INFO - [INFO] 웹 캡쳐 타임아웃: 30초
2020-05-07 17:15:37.7153  INFO - [INFO] 한글 DLL을 레지스트리에 등록하였습니다.
2020-05-07 17:15:37.7153  INFO - [Scheduler] 스케줄러가 실행중입니다. 작업공간 정리 스케줄러: 3일   로그 정리 스케줄러: 10일
2020-05-07 17:15:37.7153  INFO - [Web Socket] 웹 소켓 타임아웃: 2분 0초
2020-05-07 17:15:37.8516  INFO - [Web Socket] Server Listening...
2020-05-07 17:15:37.8516  INFO - [Web Socket][INFO] IP: 0.0.0.0   포트: 12000
2020-05-07 17:17:44.5062  INFO - [INFO] 데이터 경로: C:\Data
2020-05-07 17:17:44.5062  INFO - [INFO] 클라이언트 키: B29D00A3 - F825 - 4EB7 - 93C1 - A77F5E31A7C2
2020-05-07 17:17:44.5062  INFO - [INFO] 오피스 디버깅모드: True
2020-05-07 17:17:44.5062  INFO - [INFO] 웹 캡쳐 모드: Phantom JS
2020-05-07 17:17:44.5062  INFO - [INFO] 웹 캡쳐 타임아웃: 30초
2020-05-07 17:17:44.5062  INFO - [INFO] 한글 DLL을 레지스트리에 등록하였습니다.
2020-05-07 17:17:44.5062  INFO - [Scheduler] 스케줄러가 실행중입니다. 작업공간 정리 스케줄러: 3일   로그 정리 스케줄러: 10일
2020-05-07 17:17:44.5182  INFO - [Web Socket] 웹 소켓 타임아웃: 2분 0초
2020-05-07 17:17:44.6588  INFO - [Web Socket] Server Listening...
2020-05-07 17:17:44.6588  INFO - [Web Socket][INFO] IP: 0.0.0.0   포트: 12000
2020-05-07 17:18:43.7954  INFO - [INFO] 데이터 경로: C:\Data
2020-05-07 17:18:43.7954  INFO - [INFO] 클라이언트 키: B29D00A3 - F825 - 4EB7 - 93C1 - A77F5E31A7C2
2020-05-07 17:18:43.7954  INFO - [INFO] 오피스 디버깅모드: True
2020-05-07 17:18:43.7954  INFO - [INFO] 웹 캡쳐 모드: Phantom JS
2020-05-07 17:18:43.7954  INFO - [INFO] 웹 캡쳐 타임아웃: 30초
2020-05-07 17:18:43.7954  INFO - [INFO] 한글 DLL을 레지스트리에 등록하였습니다.
2020-05-07 17:18:43.7954  INFO - [Scheduler] 스케줄러가 실행중입니다. 작업공간 정리 스케줄러: 3일   로그 정리 스케줄러: 10일
2020-05-07 17:18:43.7954  INFO - [Web Socket] 웹 소켓 타임아웃: 2분 0초
2020-05-07 17:18:43.9040  INFO - [Web Socket] Server Listening...
2020-05-07 17:18:43.9040  INFO - [Web Socket][INFO] IP: 0.0.0.0   포트: 12000
2020-05-07 17:20:41.2182  INFO - [INFO] 데이터 경로: C:\Data
2020-05-07 17:20:41.2182  INFO - [INFO] 클라이언트 키: B29D00A3 - F825 - 4EB7 - 93C1 - A77F5E31A7C2
2020-05-07 17:20:41.2182  INFO - [INFO] 오피스 디버깅모드: True
2020-05-07 17:20:41.2182  INFO - [INFO] 웹 캡쳐 모드: Phantom JS
2020-05-07 17:20:41.2182  INFO - [INFO] 웹 캡쳐 타임아웃: 30초
2020-05-07 17:20:41.2182  INFO - [INFO] 한글 DLL을 레지스트리에 등록하였습니다.
2020-05-07 17:20:41.2182  INFO - [Scheduler] 스케줄러가 실행중입니다. 작업공간 정리 스케줄러: 3일   로그 정리 스케줄러: 10일
2020-05-07 17:20:41.2337  INFO - [Web Socket] 웹 소켓 타임아웃: 2분 0초
2020-05-07 17:20:41.3953  INFO - [Web Socket] Server Listening...
2020-05-07 17:20:41.3953  INFO - [Web Socket][INFO] IP: 0.0.0.0   포트: 12000
2020-05-07 17:21:31.8645  INFO - [INFO] 데이터 경로: C:\Data
2020-05-07 17:21:31.8645  INFO - [INFO] 클라이언트 키: B29D00A3 - F825 - 4EB7 - 93C1 - A77F5E31A7C2
2020-05-07 17:21:31.8645  INFO - [INFO] 오피스 디버깅모드: True
2020-05-07 17:21:31.8645  INFO - [INFO] 웹 캡쳐 모드: Phantom JS
2020-05-07 17:21:31.8645  INFO - [INFO] 웹 캡쳐 타임아웃: 30초
2020-05-07 17:21:31.8645  INFO - [INFO] 한글 DLL을 레지스트리에 등록하였습니다.
2020-05-07 17:21:31.8645  INFO - [Scheduler] 스케줄러가 실행중입니다. 작업공간 정리 스케줄러: 3일   로그 정리 스케줄러: 10일
2020-05-07 17:21:31.8794  INFO - [Web Socket] 웹 소켓 타임아웃: 2분 0초
2020-05-07 17:21:32.0181  INFO - [Web Socket] Server Listening...
2020-05-07 17:21:32.0181  INFO - [Web Socket][INFO] IP: 0.0.0.0   포트: 12000
2020-05-07 17:22:07.5637  INFO - [INFO] 데이터 경로: C:\Data
2020-05-07 17:22:07.5637  INFO - [INFO] 클라이언트 키: B29D00A3 - F825 - 4EB7 - 93C1 - A77F5E31A7C2
2020-05-07 17:22:07.5637  INFO - [INFO] 오피스 디버깅모드: True
2020-05-07 17:22:07.5637  INFO - [INFO] 웹 캡쳐 모드: Phantom JS
2020-05-07 17:22:07.5637  INFO - [INFO] 웹 캡쳐 타임아웃: 30초
2020-05-07 17:22:07.5637  INFO - [INFO] 한글 DLL을 레지스트리에 등록하였습니다.
2020-05-07 17:22:07.5637  INFO - [Scheduler] 스케줄러가 실행중입니다. 작업공간 정리 스케줄러: 3일   로그 정리 스케줄러: 10일
2020-05-07 17:22:07.5789  INFO - [Web Socket] 웹 소켓 타임아웃: 2분 0초
2020-05-07 17:22:07.7279  INFO - [Web Socket] Server Listening...
2020-05-07 17:22:07.7279  INFO - [Web Socket][INFO] IP: 0.0.0.0   포트: 12000
2020-05-07 17:22:43.9609  INFO - [INFO] 데이터 경로: C:\Data
2020-05-07 17:22:44.4496  INFO - [INFO] 클라이언트 키: B29D00A3 - F825 - 4EB7 - 93C1 - A77F5E31A7C2
2020-05-07 17:22:45.3723  INFO - [INFO] 오피스 디버깅모드: True
2020-05-07 17:23:32.8729  INFO - [INFO] 데이터 경로: C:\Data
2020-05-07 17:23:33.4912  INFO - [INFO] 클라이언트 키: B29D00A3 - F825 - 4EB7 - 93C1 - A77F5E31A7C2
2020-05-07 17:23:33.7017  INFO - [INFO] 오피스 디버깅모드: True
2020-05-07 17:23:34.5313  INFO - [INFO] 웹 캡쳐 모드: Phantom JS
2020-05-07 17:23:35.0065  INFO - [INFO] 웹 캡쳐 타임아웃: 30초
2020-05-07 17:23:36.2364  INFO - [INFO] 한글 DLL을 레지스트리에 등록하였습니다.
2020-05-07 17:23:36.2364  INFO - [Scheduler] 스케줄러가 실행중입니다. 작업공간 정리 스케줄러: 3일   로그 정리 스케줄러: 10일
2020-05-07 17:23:36.2474  INFO - [Web Socket] 웹 소켓 타임아웃: 2분 0초
2020-05-07 17:23:36.3830  INFO - [Web Socket] Server Listening...
2020-05-07 17:23:36.3830  INFO - [Web Socket][INFO] IP: 0.0.0.0   포트: 12000
2020-05-07 17:23:57.5884  INFO - [INFO] 데이터 경로: C:\Data
2020-05-07 17:23:57.5884  INFO - [INFO] 클라이언트 키: B29D00A3 - F825 - 4EB7 - 93C1 - A77F5E31A7C2
2020-05-07 17:23:57.5884  INFO - [INFO] 오피스 디버깅모드: True
2020-05-07 17:23:57.5904  INFO - [INFO] 웹 캡쳐 모드: Phantom JS
2020-05-07 17:23:57.5904  INFO - [INFO] 웹 캡쳐 타임아웃: 30초
2020-05-07 17:23:57.5904  INFO - [INFO] 한글 DLL을 레지스트리에 등록하였습니다.
2020-05-07 17:23:57.5904  INFO - [Scheduler] 스케줄러가 실행중입니다. 작업공간 정리 스케줄러: 3일   로그 정리 스케줄러: 10일
2020-05-07 17:23:57.6054  INFO - [Web Socket] 웹 소켓 타임아웃: 2분 0초
2020-05-07 17:23:57.7400  INFO - [Web Socket] Server Listening...
2020-05-07 17:23:57.7400  INFO - [Web Socket][INFO] IP: 0.0.0.0   포트: 12000
2020-05-07 17:24:37.6260  INFO - [INFO] 데이터 경로: C:\Data
2020-05-07 17:24:37.6260  INFO - [INFO] 클라이언트 키: B29D00A3 - F825 - 4EB7 - 93C1 - A77F5E31A7C2
2020-05-07 17:24:37.6260  INFO - [INFO] 오피스 디버깅모드: True
2020-05-07 17:24:37.6260  INFO - [INFO] 웹 캡쳐 모드: Phantom JS
2020-05-07 17:24:37.6260  INFO - [INFO] 웹 캡쳐 타임아웃: 30초
2020-05-07 17:24:37.6260  INFO - [INFO] 한글 DLL을 레지스트리에 등록하였습니다.
2020-05-07 17:24:37.6260  INFO - [Scheduler] 스케줄러가 실행중입니다. 작업공간 정리 스케줄러: 3일   로그 정리 스케줄러: 10일
2020-05-07 17:24:37.6406  INFO - [Web Socket] 웹 소켓 타임아웃: 2분 0초
2020-05-07 17:24:37.8002  INFO - [Web Socket] Server Listening...
2020-05-07 17:24:37.8002  INFO - [Web Socket][INFO] IP: 0.0.0.0   포트: 12000
2020-05-07 17:24:49.4751  INFO - 설정 파일을 실행하였습니다. 변경 내용을 적용하려면 서버를 재시작해야합니다.
2020-05-07 17:25:26.1095  INFO - [INFO] 데이터 경로: C:\Data
2020-05-07 17:25:26.1095  INFO - [INFO] 클라이언트 키: B29D00A3 - F825 - 4EB7 - 93C1 - A77F5E31A7C2
2020-05-07 17:25:26.1095  INFO - [INFO] 오피스 디버깅모드: True
2020-05-07 17:25:26.1095  INFO - [INFO] 웹 캡쳐 모드: Phantom JS
2020-05-07 17:25:26.1095  INFO - [INFO] 웹 캡쳐 타임아웃: 30초
2020-05-07 17:25:26.1095  INFO - [INFO] 한글 DLL을 레지스트리에 등록하였습니다.
2020-05-07 17:25:26.1095  INFO - [Scheduler] 스케줄러가 실행중입니다. 작업공간 정리 스케줄러: 3일   로그 정리 스케줄러: 10일
2020-05-07 17:25:26.1225  INFO - [Web Socket] 웹 소켓 타임아웃: 2분 0초
2020-05-07 17:25:26.2790  INFO - [Web Socket] Server Listening...
2020-05-07 17:25:26.2790  INFO - [Web Socket][INFO] IP: 0.0.0.0   포트: 12000
2020-05-07 17:25:28.1329  INFO - 설정 파일을 실행하였습니다. 변경 내용을 적용하려면 서버를 재시작해야합니다.
2020-05-07 17:25:48.3337  INFO - 설정 파일을 실행하였습니다. 변경 내용을 적용하려면 서버를 재시작해야합니다.
2020-05-07 17:25:52.6867  INFO - 설정 파일을 실행하였습니다. 변경 내용을 적용하려면 서버를 재시작해야합니다.
