2020-05-03 17:46:07.2860  INFO - ==================== Start ====================
2020-05-03 17:46:07.3016  INFO - Method: ExcelSaveAs, FilePath: C:\Data\workspace\8DF91B0995A750BFE6B8873646995F7B\Excel 시작.xlsx, outPath: C:\Data\workspace\8DF91B0995A750BFE6B8873646995F7B\Excel 시작.pdf, docPassword: 
2020-05-03 17:46:19.5745  INFO - 변환 성공
2020-05-03 17:46:20.0587  INFO - ==================== End ====================
2020-05-03 17:46:20.0744  INFO - ==================== Start ====================
2020-05-03 17:46:20.0744  INFO - Method: PDFtoJpeg, FilePath: C:\Data\workspace\8DF91B0995A750BFE6B8873646995F7B\Excel 시작.pdf, outPath: C:\Data\workspace\8DF91B0995A750BFE6B8873646995F7B\Excel 시작\
2020-05-03 17:46:21.2460  INFO - 이미지 변환 성공!
2020-05-03 17:46:21.2460  INFO - ==================== End ====================
2020-05-03 17:46:24.6307  INFO - ==================== Start ====================
2020-05-03 17:46:24.6307  INFO - Method: ExcelSaveAs, FilePath: C:\Data\workspace\8DF91B0995A750BFE6B8873646995F7B\Excel 시작.xlsx, outPath: C:\Data\workspace\8DF91B0995A750BFE6B8873646995F7B\Excel 시작.pdf, docPassword: 
2020-05-03 17:46:36.7372  INFO - 변환 성공
2020-05-03 17:46:37.2996  INFO - ==================== End ====================
2020-05-03 17:46:37.2996  INFO - ==================== Start ====================
2020-05-03 17:46:37.2996  INFO - Method: PDFtoJpeg, FilePath: C:\Data\workspace\8DF91B0995A750BFE6B8873646995F7B\Excel 시작.pdf, outPath: C:\Data\workspace\8DF91B0995A750BFE6B8873646995F7B\Excel 시작\
2020-05-03 17:46:38.4712  INFO - 이미지 변환 성공!
2020-05-03 17:46:38.4712  INFO - ==================== End ====================
2020-05-03 17:46:47.8474  INFO - ==================== Start ====================
2020-05-03 17:46:47.8474  INFO - Method: PDFtoJpeg, FilePath: C:\Data\workspace\91E6A69243FD98F1FF97EE5EC571850F\Excel 시작.pdf, outPath: C:\Data\workspace\91E6A69243FD98F1FF97EE5EC571850F\Excel 시작\
2020-05-03 17:46:48.9409  INFO - 이미지 변환 성공!
2020-05-03 17:46:48.9409  INFO - ==================== End ====================
2020-05-03 17:46:54.4864  INFO - ==================== Start ====================
2020-05-03 17:46:54.4864  INFO - Method: PDFtoPng, FilePath: C:\Data\workspace\91E6A69243FD98F1FF97EE5EC571850F\Excel 시작.pdf, outPath: C:\Data\workspace\91E6A69243FD98F1FF97EE5EC571850F\Excel 시작\
2020-05-03 17:46:55.5956  INFO - 이미지 변환 성공!
2020-05-03 17:46:55.5956  INFO - ==================== End ====================
2020-05-03 17:47:04.6665  INFO - ==================== Start ====================
2020-05-03 17:47:04.6665  INFO - Method: PDFtoPng, FilePath: C:\Data\workspace\91E6A69243FD98F1FF97EE5EC571850F\Excel 시작.pdf, outPath: C:\Data\workspace\91E6A69243FD98F1FF97EE5EC571850F\Excel 시작\
2020-05-03 17:47:05.6819  INFO - 이미지 변환 성공!
2020-05-03 17:47:05.6819  INFO - ==================== End ====================
2020-05-03 17:47:08.0407  INFO - ==================== Start ====================
2020-05-03 17:47:08.0407  INFO - Method: PDFtoPng, FilePath: C:\Data\workspace\91E6A69243FD98F1FF97EE5EC571850F\Excel 시작.pdf, outPath: C:\Data\workspace\91E6A69243FD98F1FF97EE5EC571850F\Excel 시작\
2020-05-03 17:47:09.1342  INFO - 이미지 변환 성공!
2020-05-03 17:47:09.1342  INFO - ==================== End ====================
2020-05-03 17:47:09.6028  INFO - ==================== Start ====================
2020-05-03 17:47:09.6028  INFO - Method: PDFtoPng, FilePath: C:\Data\workspace\91E6A69243FD98F1FF97EE5EC571850F\Excel 시작.pdf, outPath: C:\Data\workspace\91E6A69243FD98F1FF97EE5EC571850F\Excel 시작\
2020-05-03 17:47:10.8369  INFO - 이미지 변환 성공!
2020-05-03 17:47:10.8369  INFO - ==================== End ====================
2020-05-03 17:47:11.4774  INFO - ==================== Start ====================
2020-05-03 17:47:11.4774  INFO - Method: PDFtoPng, FilePath: C:\Data\workspace\91E6A69243FD98F1FF97EE5EC571850F\Excel 시작.pdf, outPath: C:\Data\workspace\91E6A69243FD98F1FF97EE5EC571850F\Excel 시작\
2020-05-03 17:47:12.6802  INFO - 이미지 변환 성공!
2020-05-03 17:47:12.6802  INFO - ==================== End ====================
2020-05-03 17:47:12.9926  INFO - ==================== Start ====================
2020-05-03 17:47:12.9926  INFO - Method: PDFtoPng, FilePath: C:\Data\workspace\91E6A69243FD98F1FF97EE5EC571850F\Excel 시작.pdf, outPath: C:\Data\workspace\91E6A69243FD98F1FF97EE5EC571850F\Excel 시작\
2020-05-03 17:47:14.2423  INFO - 이미지 변환 성공!
2020-05-03 17:47:14.2423  INFO - ==================== End ====================
2020-05-03 17:47:14.6172  INFO - ==================== Start ====================
2020-05-03 17:47:14.6172  INFO - Method: PDFtoPng, FilePath: C:\Data\workspace\91E6A69243FD98F1FF97EE5EC571850F\Excel 시작.pdf, outPath: C:\Data\workspace\91E6A69243FD98F1FF97EE5EC571850F\Excel 시작\
2020-05-03 17:47:15.8670  INFO - 이미지 변환 성공!
2020-05-03 17:47:15.8670  INFO - ==================== End ====================
2020-05-03 17:47:18.6938  INFO - ==================== Start ====================
2020-05-03 17:47:18.6938  INFO - Method: PDFtoPng, FilePath: C:\Data\workspace\91E6A69243FD98F1FF97EE5EC571850F\Excel 시작.pdf, outPath: C:\Data\workspace\91E6A69243FD98F1FF97EE5EC571850F\Excel 시작\
2020-05-03 17:47:19.8654  INFO - 이미지 변환 성공!
2020-05-03 17:47:19.8654  INFO - ==================== End ====================
2020-05-03 17:47:20.6309  INFO - ==================== Start ====================
2020-05-03 17:47:20.6309  INFO - Method: PDFtoPng, FilePath: C:\Data\workspace\91E6A69243FD98F1FF97EE5EC571850F\Excel 시작.pdf, outPath: C:\Data\workspace\91E6A69243FD98F1FF97EE5EC571850F\Excel 시작\
2020-05-03 17:47:21.9587  INFO - ==================== End ====================
2020-05-03 17:49:23.7551  INFO - ==================== Start ====================
2020-05-03 17:49:23.7551  INFO - Method: PDFtoPng, FilePath: C:\Data\workspace\91E6A69243FD98F1FF97EE5EC571850F\Excel 시작.pdf, outPath: C:\Data\workspace\91E6A69243FD98F1FF97EE5EC571850F\Excel 시작\
2020-05-03 17:49:24.8486  INFO - 이미지 변환 성공!
2020-05-03 17:49:24.8486  INFO - ==================== End ====================
2020-05-03 17:49:25.2860  INFO - ==================== Start ====================
2020-05-03 17:49:25.2860  INFO - Method: PDFtoPng, FilePath: C:\Data\workspace\91E6A69243FD98F1FF97EE5EC571850F\Excel 시작.pdf, outPath: C:\Data\workspace\91E6A69243FD98F1FF97EE5EC571850F\Excel 시작\
2020-05-03 17:49:26.5045  INFO - 이미지 변환 성공!
2020-05-03 17:49:26.5045  INFO - ==================== End ====================
2020-05-03 17:49:26.7232  INFO - ==================== Start ====================
2020-05-03 17:49:26.7232  INFO - Method: PDFtoPng, FilePath: C:\Data\workspace\91E6A69243FD98F1FF97EE5EC571850F\Excel 시작.pdf, outPath: C:\Data\workspace\91E6A69243FD98F1FF97EE5EC571850F\Excel 시작\
2020-05-03 17:49:27.7854  INFO - ==================== End ====================
