2020-05-03 17:11:42.0573  INFO - [INFO] 나의 하드웨어 ID: BFEBFBFF000806EB
2020-05-03 17:11:42.0952  INFO - [INFO] 라이센스 만료날짜: 2020-05-03 23:59:59
2020-05-03 17:11:42.1021  INFO - [INFO] 데이터 경로: C:\Data
2020-05-03 17:11:42.1021  INFO - [INFO] 클라이언트 키: B29D00A3 - F825 - 4EB7 - 93C1 - A77F5E31A7C2
2020-05-03 17:11:42.1021  INFO - [INFO] 오피스 디버깅모드: True
2020-05-03 17:11:42.1021  INFO - [INFO] 웹 캡쳐 모드: Phantom JS
2020-05-03 17:11:42.1021  INFO - [INFO] 웹 캡쳐 타임아웃: 30초
2020-05-03 17:11:42.1021  INFO - [INFO] 한글 DLL을 레지스트리에 등록하였습니다.
2020-05-03 17:11:42.1021  INFO - [Scheduler] 스케줄러가 실행중입니다. 작업공간 정리 스케줄러: 3일   로그 정리 스케줄러: 10일
2020-05-03 17:11:42.2227  INFO - [Web Socket] Server Listening...
2020-05-03 17:11:42.2227  INFO - [Web Socket][INFO] IP: 0.0.0.0   포트: 12000
2020-05-03 17:12:08.3868  INFO - [INFO] 나의 하드웨어 ID: BFEBFBFF000806EB
2020-05-03 17:12:08.4068  INFO - [INFO] 라이센스 만료날짜: 2020-05-03 23:59:59
2020-05-03 17:12:08.4068  INFO - [INFO] 데이터 경로: C:\Data
2020-05-03 17:12:08.4068  INFO - [INFO] 클라이언트 키: B29D00A3 - F825 - 4EB7 - 93C1 - A77F5E31A7C2
2020-05-03 17:12:08.4068  INFO - [INFO] 오피스 디버깅모드: True
2020-05-03 17:12:08.4068  INFO - [INFO] 웹 캡쳐 모드: Phantom JS
2020-05-03 17:12:08.4068  INFO - [INFO] 웹 캡쳐 타임아웃: 30초
2020-05-03 17:12:08.4068  INFO - [INFO] 한글 DLL을 레지스트리에 등록하였습니다.
2020-05-03 17:12:08.4068  INFO - [Scheduler] 스케줄러가 실행중입니다. 작업공간 정리 스케줄러: 3일   로그 정리 스케줄러: 10일
2020-05-03 17:12:08.4417  INFO - [Web Socket] Server Listening...
2020-05-03 17:12:08.4417  INFO - [Web Socket][INFO] IP: 0.0.0.0   포트: 12000
