2020-05-03 17:47:07.0409 ERROR - ==================== Method: document_Convert ====================
2020-05-03 17:47:07.0565 ERROR -    위치: System.IO.Directory.DeleteHelper(String fullPath, String userPath, Boolean recursive, Boolean throwOnTopLevelDirectoryNotFound, WIN32_FIND_DATA& data)
   위치: System.IO.Directory.Delete(String fullPath, String userPath, Boolean recursive, Boolean checkHost)
   위치: System.IO.DirectoryInfo.Delete(Boolean recursive)
   위치: DocConvert_Server.Document_Convert.document_Convert(String requestInfo)

2020-05-03 17:47:07.0565 ERROR - 변환 실패: '67.png' 파일은 다른 프로세스에서 사용 중이므로 프로세스에서 액세스할 수 없습니다.
2020-05-03 17:47:07.0565 ERROR - ==================== End ====================
2020-05-03 17:47:20.2403 ERROR - ==================== Method: document_Convert ====================
2020-05-03 17:47:20.2403 ERROR -    위치: System.IO.Directory.DeleteHelper(String fullPath, String userPath, Boolean recursive, Boolean throwOnTopLevelDirectoryNotFound, WIN32_FIND_DATA& data)
   위치: System.IO.Directory.Delete(String fullPath, String userPath, Boolean recursive, Boolean checkHost)
   위치: System.IO.DirectoryInfo.Delete(Boolean recursive)
   위치: DocConvert_Server.Document_Convert.document_Convert(String requestInfo)

2020-05-03 17:47:20.2403 ERROR - 변환 실패: '13.png' 파일은 다른 프로세스에서 사용 중이므로 프로세스에서 액세스할 수 없습니다.
2020-05-03 17:47:20.2403 ERROR - ==================== End ====================
2020-05-03 17:47:21.3494 ERROR - ==================== Method: document_Convert ====================
2020-05-03 17:47:21.3494 ERROR -    위치: System.IO.Directory.DeleteHelper(String fullPath, String userPath, Boolean recursive, Boolean throwOnTopLevelDirectoryNotFound, WIN32_FIND_DATA& data)
   위치: System.IO.Directory.Delete(String fullPath, String userPath, Boolean recursive, Boolean checkHost)
   위치: System.IO.DirectoryInfo.Delete(Boolean recursive)
   위치: DocConvert_Server.Document_Convert.document_Convert(String requestInfo)

2020-05-03 17:47:21.3494 ERROR - 변환 실패: '22.png' 파일은 다른 프로세스에서 사용 중이므로 프로세스에서 액세스할 수 없습니다.
2020-05-03 17:47:21.3494 ERROR - ==================== End ====================
2020-05-03 17:47:21.9118 ERROR - ==================== Method: document_Convert ====================
2020-05-03 17:47:21.9118 ERROR -    위치: System.IO.Directory.DeleteHelper(String fullPath, String userPath, Boolean recursive, Boolean throwOnTopLevelDirectoryNotFound, WIN32_FIND_DATA& data)
   위치: System.IO.Directory.Delete(String fullPath, String userPath, Boolean recursive, Boolean checkHost)
   위치: System.IO.DirectoryInfo.Delete(Boolean recursive)
   위치: DocConvert_Server.Document_Convert.document_Convert(String requestInfo)

2020-05-03 17:47:21.9118 ERROR - 변환 실패: 'Excel 시작.pdf' 파일은 다른 프로세스에서 사용 중이므로 프로세스에서 액세스할 수 없습니다.
2020-05-03 17:47:21.9118 ERROR - ==================== End ====================
2020-05-03 17:47:21.9587 ERROR - ==================== Method: document_Convert ====================
2020-05-03 17:47:21.9587 ERROR -    위치: DocConvert_Core.imageLib.ConvertImg.PDFtoPng(String SourcePDF, String outPath, PdfRenderFlags quality)
   위치: DocConvert_Core.imageLib.ConvertImg.PDFtoPng(String SourcePDF, String outPath)
   위치: DocConvert_Server.Document_Convert.document_Convert(String requestInfo)

2020-05-03 17:47:21.9587 ERROR - 변환 실패: GDI+에서 일반 오류가 발생했습니다.
2020-05-03 17:47:21.9587 ERROR - ==================== End ====================
2020-05-03 17:47:22.3805 ERROR - ==================== Method: document_Convert ====================
2020-05-03 17:47:22.3805 ERROR -    위치: System.IO.Directory.DeleteHelper(String fullPath, String userPath, Boolean recursive, Boolean throwOnTopLevelDirectoryNotFound, WIN32_FIND_DATA& data)
   위치: System.IO.Directory.Delete(String fullPath, String userPath, Boolean recursive, Boolean checkHost)
   위치: System.IO.DirectoryInfo.Delete(Boolean recursive)
   위치: DocConvert_Server.Document_Convert.document_Convert(String requestInfo)

2020-05-03 17:47:22.3805 ERROR - 변환 실패: 'Excel 시작.pdf' 파일은 다른 프로세스에서 사용 중이므로 프로세스에서 액세스할 수 없습니다.
2020-05-03 17:47:22.3805 ERROR - ==================== End ====================
2020-05-03 17:47:24.0519 ERROR - ==================== Method: document_Convert ====================
2020-05-03 17:47:24.0519 ERROR -    위치: System.IO.Directory.DeleteHelper(String fullPath, String userPath, Boolean recursive, Boolean throwOnTopLevelDirectoryNotFound, WIN32_FIND_DATA& data)
   위치: System.IO.Directory.Delete(String fullPath, String userPath, Boolean recursive, Boolean checkHost)
   위치: System.IO.DirectoryInfo.Delete(Boolean recursive)
   위치: DocConvert_Server.Document_Convert.document_Convert(String requestInfo)

2020-05-03 17:47:24.0519 ERROR - 변환 실패: 'Excel 시작.pdf' 파일은 다른 프로세스에서 사용 중이므로 프로세스에서 액세스할 수 없습니다.
2020-05-03 17:47:24.0519 ERROR - ==================== End ====================
2020-05-03 17:47:24.9111 ERROR - ==================== Method: document_Convert ====================
2020-05-03 17:47:24.9111 ERROR -    위치: System.IO.Directory.DeleteHelper(String fullPath, String userPath, Boolean recursive, Boolean throwOnTopLevelDirectoryNotFound, WIN32_FIND_DATA& data)
   위치: System.IO.Directory.Delete(String fullPath, String userPath, Boolean recursive, Boolean checkHost)
   위치: System.IO.DirectoryInfo.Delete(Boolean recursive)
   위치: DocConvert_Server.Document_Convert.document_Convert(String requestInfo)

2020-05-03 17:47:24.9111 ERROR - 변환 실패: 'Excel 시작.pdf' 파일은 다른 프로세스에서 사용 중이므로 프로세스에서 액세스할 수 없습니다.
2020-05-03 17:47:24.9111 ERROR - ==================== End ====================
2020-05-03 17:47:26.4576 ERROR - ==================== Method: document_Convert ====================
2020-05-03 17:47:26.4576 ERROR -    위치: System.IO.Directory.DeleteHelper(String fullPath, String userPath, Boolean recursive, Boolean throwOnTopLevelDirectoryNotFound, WIN32_FIND_DATA& data)
   위치: System.IO.Directory.Delete(String fullPath, String userPath, Boolean recursive, Boolean checkHost)
   위치: System.IO.DirectoryInfo.Delete(Boolean recursive)
   위치: DocConvert_Server.Document_Convert.document_Convert(String requestInfo)

2020-05-03 17:47:26.4576 ERROR - 변환 실패: 'Excel 시작.pdf' 파일은 다른 프로세스에서 사용 중이므로 프로세스에서 액세스할 수 없습니다.
2020-05-03 17:47:26.4576 ERROR - ==================== End ====================
2020-05-03 17:47:27.1449 ERROR - ==================== Method: document_Convert ====================
2020-05-03 17:47:27.1449 ERROR -    위치: System.IO.Directory.DeleteHelper(String fullPath, String userPath, Boolean recursive, Boolean throwOnTopLevelDirectoryNotFound, WIN32_FIND_DATA& data)
   위치: System.IO.Directory.Delete(String fullPath, String userPath, Boolean recursive, Boolean checkHost)
   위치: System.IO.DirectoryInfo.Delete(Boolean recursive)
   위치: DocConvert_Server.Document_Convert.document_Convert(String requestInfo)

2020-05-03 17:47:27.1449 ERROR - 변환 실패: 'Excel 시작.pdf' 파일은 다른 프로세스에서 사용 중이므로 프로세스에서 액세스할 수 없습니다.
2020-05-03 17:47:27.1449 ERROR - ==================== End ====================
2020-05-03 17:47:27.5199 ERROR - ==================== Method: document_Convert ====================
2020-05-03 17:47:27.5199 ERROR -    위치: System.IO.Directory.DeleteHelper(String fullPath, String userPath, Boolean recursive, Boolean throwOnTopLevelDirectoryNotFound, WIN32_FIND_DATA& data)
   위치: System.IO.Directory.Delete(String fullPath, String userPath, Boolean recursive, Boolean checkHost)
   위치: System.IO.DirectoryInfo.Delete(Boolean recursive)
   위치: DocConvert_Server.Document_Convert.document_Convert(String requestInfo)

2020-05-03 17:47:27.5199 ERROR - 변환 실패: 'Excel 시작.pdf' 파일은 다른 프로세스에서 사용 중이므로 프로세스에서 액세스할 수 없습니다.
2020-05-03 17:47:27.5199 ERROR - ==================== End ====================
2020-05-03 17:47:27.8948 ERROR - ==================== Method: document_Convert ====================
2020-05-03 17:47:27.8948 ERROR -    위치: System.IO.Directory.DeleteHelper(String fullPath, String userPath, Boolean recursive, Boolean throwOnTopLevelDirectoryNotFound, WIN32_FIND_DATA& data)
   위치: System.IO.Directory.Delete(String fullPath, String userPath, Boolean recursive, Boolean checkHost)
   위치: System.IO.DirectoryInfo.Delete(Boolean recursive)
   위치: DocConvert_Server.Document_Convert.document_Convert(String requestInfo)

2020-05-03 17:47:27.8948 ERROR - 변환 실패: 'Excel 시작.pdf' 파일은 다른 프로세스에서 사용 중이므로 프로세스에서 액세스할 수 없습니다.
2020-05-03 17:47:27.8948 ERROR - ==================== End ====================
2020-05-03 17:47:34.7656 ERROR - ==================== Method: document_Convert ====================
2020-05-03 17:47:34.7656 ERROR -    위치: System.IO.Directory.DeleteHelper(String fullPath, String userPath, Boolean recursive, Boolean throwOnTopLevelDirectoryNotFound, WIN32_FIND_DATA& data)
   위치: System.IO.Directory.Delete(String fullPath, String userPath, Boolean recursive, Boolean checkHost)
   위치: System.IO.DirectoryInfo.Delete(Boolean recursive)
   위치: DocConvert_Server.Document_Convert.document_Convert(String requestInfo)

2020-05-03 17:47:34.7656 ERROR - 변환 실패: 'Excel 시작.pdf' 파일은 다른 프로세스에서 사용 중이므로 프로세스에서 액세스할 수 없습니다.
2020-05-03 17:47:34.7656 ERROR - ==================== End ====================
2020-05-03 17:49:23.7395 ERROR - C:\Data\workspace\91E6A69243FD98F1FF97EE5EC571850F\Excel 시작.pdf
2020-05-03 17:49:25.2860 ERROR - C:\Data\workspace\91E6A69243FD98F1FF97EE5EC571850F\Excel 시작.pdf
2020-05-03 17:49:26.7232 ERROR - C:\Data\workspace\91E6A69243FD98F1FF97EE5EC571850F\Excel 시작.pdf
2020-05-03 17:49:27.7542 ERROR - ==================== Method: document_Convert ====================
2020-05-03 17:49:27.7854 ERROR - ==================== Method: document_Convert ====================
2020-05-03 17:49:27.8010 ERROR -    위치: DocConvert_Core.imageLib.ConvertImg.PDFtoPng(String SourcePDF, String outPath, PdfRenderFlags quality)
   위치: DocConvert_Core.imageLib.ConvertImg.PDFtoPng(String SourcePDF, String outPath)
   위치: DocConvert_Server.Document_Convert.document_Convert(String requestInfo)

2020-05-03 17:49:27.8010 ERROR - 변환 실패: GDI+에서 일반 오류가 발생했습니다.
2020-05-03 17:49:27.8010 ERROR - ==================== End ====================
2020-05-03 17:49:27.7698 ERROR -    위치: System.IO.Directory.DeleteHelper(String fullPath, String userPath, Boolean recursive, Boolean throwOnTopLevelDirectoryNotFound, WIN32_FIND_DATA& data)
   위치: System.IO.Directory.Delete(String fullPath, String userPath, Boolean recursive, Boolean checkHost)
   위치: System.IO.DirectoryInfo.Delete(Boolean recursive)
   위치: DocConvert_Server.Document_Convert.document_Convert(String requestInfo)

2020-05-03 17:49:27.8010 ERROR - 변환 실패: 'Excel 시작.pdf' 파일은 다른 프로세스에서 사용 중이므로 프로세스에서 액세스할 수 없습니다.
2020-05-03 17:49:27.8010 ERROR - ==================== End ====================
2020-05-03 17:49:28.3634 ERROR - ==================== Method: document_Convert ====================
2020-05-03 17:49:28.3634 ERROR -    위치: System.IO.Directory.DeleteHelper(String fullPath, String userPath, Boolean recursive, Boolean throwOnTopLevelDirectoryNotFound, WIN32_FIND_DATA& data)
   위치: System.IO.Directory.Delete(String fullPath, String userPath, Boolean recursive, Boolean checkHost)
   위치: System.IO.DirectoryInfo.Delete(Boolean recursive)
   위치: DocConvert_Server.Document_Convert.document_Convert(String requestInfo)

2020-05-03 17:49:28.3634 ERROR - 변환 실패: 'Excel 시작.pdf' 파일은 다른 프로세스에서 사용 중이므로 프로세스에서 액세스할 수 없습니다.
2020-05-03 17:49:28.3634 ERROR - ==================== End ====================
2020-05-03 17:49:28.9258 ERROR - ==================== Method: document_Convert ====================
2020-05-03 17:49:28.9258 ERROR -    위치: System.IO.Directory.DeleteHelper(String fullPath, String userPath, Boolean recursive, Boolean throwOnTopLevelDirectoryNotFound, WIN32_FIND_DATA& data)
   위치: System.IO.Directory.Delete(String fullPath, String userPath, Boolean recursive, Boolean checkHost)
   위치: System.IO.DirectoryInfo.Delete(Boolean recursive)
   위치: DocConvert_Server.Document_Convert.document_Convert(String requestInfo)

2020-05-03 17:49:28.9258 ERROR - 변환 실패: 'Excel 시작.pdf' 파일은 다른 프로세스에서 사용 중이므로 프로세스에서 액세스할 수 없습니다.
2020-05-03 17:49:28.9258 ERROR - ==================== End ====================
2020-05-03 17:49:37.9236 ERROR - ==================== Method: document_Convert ====================
2020-05-03 17:49:37.9236 ERROR -    위치: System.IO.Directory.DeleteHelper(String fullPath, String userPath, Boolean recursive, Boolean throwOnTopLevelDirectoryNotFound, WIN32_FIND_DATA& data)
   위치: System.IO.Directory.Delete(String fullPath, String userPath, Boolean recursive, Boolean checkHost)
   위치: System.IO.DirectoryInfo.Delete(Boolean recursive)
   위치: DocConvert_Server.Document_Convert.document_Convert(String requestInfo)

2020-05-03 17:49:37.9236 ERROR - 변환 실패: 'Excel 시작.pdf' 파일은 다른 프로세스에서 사용 중이므로 프로세스에서 액세스할 수 없습니다.
2020-05-03 17:49:37.9236 ERROR - ==================== End ====================
