2020-05-16 16:50:55.7195  INFO - [INFO] 데이터 경로: C:\Data
2020-05-16 16:50:55.7195  INFO - [INFO] 클라이언트 키: B29D00A3 - F825 - 4EB7 - 93C1 - A77F5E31A7C2
2020-05-16 16:50:55.7195  INFO - [INFO] 오피스 디버깅모드: True
2020-05-16 16:50:55.7195  INFO - [INFO] 웹 캡쳐 모드: Phantom JS
2020-05-16 16:50:55.7195  INFO - [INFO] 웹 캡쳐 타임아웃: 30초
2020-05-16 16:50:55.7195  INFO - [INFO] 한글 DLL을 레지스트리에 등록하였습니다.
2020-05-16 16:50:55.7195  INFO - [Scheduler] 스케줄러가 실행중입니다. 작업공간 정리 스케줄러: 3일   로그 정리 스케줄러: 10일
2020-05-16 16:50:55.7301  INFO - [Web Socket] 웹 소켓 타임아웃: 2분 0초
2020-05-16 16:50:55.8001  INFO - [Web Socket] Server Listening...
2020-05-16 16:50:55.8001  INFO - [Web Socket][INFO] IP: 0.0.0.0   포트: 12000
2020-05-16 16:51:12.8508  INFO - [INFO] 웹 소켓 서버를 종료합니다.
2020-05-16 17:03:18.0267  INFO - [INFO] 데이터 경로: C:\Data
2020-05-16 17:03:18.0267  INFO - [INFO] 클라이언트 키: B29D00A3 - F825 - 4EB7 - 93C1 - A77F5E31A7C2
2020-05-16 17:03:18.0267  INFO - [INFO] 오피스 디버깅모드: True
2020-05-16 17:03:18.0267  INFO - [INFO] 웹 캡쳐 모드: Phantom JS
2020-05-16 17:03:18.0267  INFO - [INFO] 웹 캡쳐 타임아웃: 30초
2020-05-16 17:03:18.0267  INFO - [INFO] 한글 DLL을 레지스트리에 등록하였습니다.
2020-05-16 17:03:18.0267  INFO - [Scheduler] 스케줄러가 실행중입니다. 작업공간 정리 스케줄러: 3일   로그 정리 스케줄러: 10일
2020-05-16 17:03:18.0392  INFO - [Web Socket] 웹 소켓 타임아웃: 2분 0초
2020-05-16 17:03:18.1479  INFO - [Web Socket] Server Listening...
2020-05-16 17:03:18.1479  INFO - [Web Socket][INFO] IP: 0.0.0.0   포트: 12000
2020-05-16 17:03:22.2278  INFO - [INFO] 웹 소켓 서버를 종료합니다.
2020-05-16 17:05:48.1784  INFO - [INFO] 데이터 경로: C:\Data
2020-05-16 17:05:48.1784  INFO - [INFO] 클라이언트 키: B29D00A3 - F825 - 4EB7 - 93C1 - A77F5E31A7C2
2020-05-16 17:05:48.1784  INFO - [INFO] 오피스 디버깅모드: True
2020-05-16 17:05:48.1784  INFO - [INFO] 웹 캡쳐 모드: Phantom JS
2020-05-16 17:05:48.1784  INFO - [INFO] 웹 캡쳐 타임아웃: 30초
2020-05-16 17:05:48.1784  INFO - [INFO] 한글 DLL을 레지스트리에 등록하였습니다.
2020-05-16 17:05:48.1784  INFO - [Scheduler] 스케줄러가 실행중입니다. 작업공간 정리 스케줄러: 3일   로그 정리 스케줄러: 10일
2020-05-16 17:05:48.1952  INFO - [Web Socket] 웹 소켓 타임아웃: 2분 0초
2020-05-16 17:05:48.3120  INFO - [Web Socket] Server Listening...
2020-05-16 17:05:48.3120  INFO - [Web Socket][INFO] IP: 0.0.0.0   포트: 12000
2020-05-16 17:05:50.2701  INFO - [INFO] 웹 소켓 서버를 종료합니다.
2020-05-16 17:09:48.9137  INFO - [INFO] 데이터 경로: C:\Data
2020-05-16 17:09:48.9137  INFO - [INFO] 클라이언트 키: B29D00A3 - F825 - 4EB7 - 93C1 - A77F5E31A7C2
2020-05-16 17:09:48.9137  INFO - [INFO] 오피스 디버깅모드: True
2020-05-16 17:09:48.9137  INFO - [INFO] 웹 캡쳐 모드: Phantom JS
2020-05-16 17:09:48.9137  INFO - [INFO] 웹 캡쳐 타임아웃: 30초
2020-05-16 17:09:48.9137  INFO - [INFO] 한글 DLL을 레지스트리에 등록하였습니다.
2020-05-16 17:09:48.9137  INFO - [Scheduler] 스케줄러가 실행중입니다. 작업공간 정리 스케줄러: 3일   로그 정리 스케줄러: 10일
2020-05-16 17:09:48.9137  INFO - [Web Socket] 웹 소켓 타임아웃: 2분 0초
2020-05-16 17:09:49.0217  INFO - [Web Socket] Server Listening...
2020-05-16 17:09:49.0217  INFO - [Web Socket][INFO] IP: 0.0.0.0   포트: 12000
2020-05-16 17:09:51.0038  INFO - [INFO] 웹 소켓 서버를 종료합니다.
