2020-04-23 15:45:34.7390  INFO - [INFO] DocConvert Server를 옵션없이 실행하였습니다.
2020-04-23 15:45:34.8640  INFO - [INFO] 나의 하드웨어 ID: BFEBFBFF000806EB
2020-04-23 15:45:34.8640  INFO - [INFO] 라이센스 만료날짜: 2020-12-31
2020-04-23 15:45:34.8640  INFO - [INFO] 한글 DLL을 레지스트리에 등록하였습니다.
2020-04-23 15:45:34.8640  INFO - [Scheduler] 스케줄러가 실행중입니다. 작업공간 정리 스케줄러: 3일   로그 정리 스케줄러: 30일
2020-04-23 15:45:34.8954  INFO - [Socket] 핸들러 등록 완료
2020-04-23 15:45:34.8954  INFO - [Socket] 서버 생성 성공
2020-04-23 15:45:34.9111  INFO - [Socket] Server Listening...
2020-04-23 15:45:34.9111  INFO - [Socket][INFO] IP: 127.0.0.1   포트: 12000   프로토콜: Tcp   서버이름: ConvertServer
2020-04-23 15:45:34.9578  INFO - [Web Socket] Server Listening...
2020-04-23 15:45:34.9578  INFO - [Web Socket][INFO] IP: 127.0.0.1   포트: 12005
2020-04-23 15:45:36.6610  INFO - 
[Socket][Client => Server]
{
  "KEY": "B29D00A3 - F825 - 4EB7 - 93C1 - A77F5E31A7C2",
  "Method": "DocConvert",
  "FileName": "word.docx",
  "ConvertIMG": 1,
  "useCompression": true
}

2020-04-23 15:45:42.1454  INFO - 
[Socket][Server => Client]
{
  "convertImgCnt": "8",
  "URL": "/workspace/116B6DA0EA720F54E082F1E8B9A866D4",
  "isSuccess": true,
  "msg": "이미지 변환에 성공하였습니다.",
  "useCompression": true,
  "Method": "DocConvert"
}

2020-04-23 15:45:42.1454  INFO - [Socket] 작업 소요시간: 00:00:05.4844152
2020-04-23 15:45:42.2234  INFO - [Socket] 세션ID: c3921a21-3472-44e6-87b4-0022fb811d4d 접속해제: ClientClosing
