2020-12-06 12:44:11.1419  INFO - [INFO] 데이터 경로: C:\Data
2020-12-06 12:44:11.1678  INFO - [INFO] 클라이언트 키: B29D00A3 - F825 - 4EB7 - 93C1 - A77F5E31A7C2
2020-12-06 12:44:11.1678  INFO - [INFO] 오피스 디버깅모드: True
2020-12-06 12:44:11.1678  INFO - [INFO] 한글 DLL을 레지스트리에 등록하였습니다.
2020-12-06 12:44:11.1678  INFO - [Scheduler] 스케줄러가 실행중입니다. 작업공간 정리 스케줄러: 3일   로그 정리 스케줄러: 10일
2020-12-06 12:44:11.1678  INFO - [Web Socket] 웹 소켓 타임아웃: 2분 0초
2020-12-06 12:44:11.2626  INFO - [Web Socket] Server Listening...
2020-12-06 12:44:11.2626  INFO - [Web Socket][INFO] IP: 0.0.0.0   포트: 12000
2020-12-06 12:44:33.7316  INFO - [INFO] 웹 소켓 서버를 종료합니다.
2020-12-06 12:54:20.1952  INFO - [INFO] 데이터 경로: C:\Data
2020-12-06 12:54:20.2141  INFO - [INFO] 클라이언트 키: B29D00A3 - F825 - 4EB7 - 93C1 - A77F5E31A7C2
2020-12-06 12:54:20.2141  INFO - [INFO] 오피스 디버깅모드: True
2020-12-06 12:54:20.2141  INFO - [INFO] 한글 DLL을 레지스트리에 등록하였습니다.
2020-12-06 12:54:20.2141  INFO - [Scheduler] 스케줄러가 실행중입니다. 작업공간 정리 스케줄러: 3일   로그 정리 스케줄러: 10일
2020-12-06 12:54:20.2141  INFO - [Web Socket] 웹 소켓 타임아웃: 2분 0초
2020-12-06 12:54:20.2810  INFO - [Web Socket] Server Listening...
2020-12-06 12:54:20.2810  INFO - [Web Socket][INFO] IP: 0.0.0.0   포트: 12000
2020-12-06 12:54:32.7668  INFO - [INFO] 웹 소켓 서버를 종료합니다.
2020-12-06 12:54:37.4285  INFO - [INFO] 데이터 경로: C:\Data
2020-12-06 12:54:37.4484  INFO - [INFO] 클라이언트 키: B29D00A3 - F825 - 4EB7 - 93C1 - A77F5E31A7C2
2020-12-06 12:54:37.4484  INFO - [INFO] 오피스 디버깅모드: True
2020-12-06 12:54:37.4484  INFO - [INFO] 한글 DLL을 레지스트리에 등록하였습니다.
2020-12-06 12:54:37.4484  INFO - [Scheduler] 스케줄러가 실행중입니다. 작업공간 정리 스케줄러: 3일   로그 정리 스케줄러: 10일
2020-12-06 12:54:37.4484  INFO - [Web Socket] 웹 소켓 타임아웃: 2분 0초
2020-12-06 12:54:37.5232  INFO - [Web Socket] Server Listening...
2020-12-06 12:54:37.5232  INFO - [Web Socket][INFO] IP: 0.0.0.0   포트: 12000
2020-12-06 12:55:16.2137  INFO - [INFO] 데이터 경로: C:\Data
2020-12-06 12:55:16.2336  INFO - [INFO] 클라이언트 키: B29D00A3 - F825 - 4EB7 - 93C1 - A77F5E31A7C2
2020-12-06 12:55:16.2336  INFO - [INFO] 오피스 디버깅모드: True
2020-12-06 12:55:16.2336  INFO - [INFO] 한글 DLL을 레지스트리에 등록하였습니다.
2020-12-06 12:55:16.2336  INFO - [Scheduler] 스케줄러가 실행중입니다. 작업공간 정리 스케줄러: 3일   로그 정리 스케줄러: 10일
2020-12-06 12:55:16.2336  INFO - [Web Socket] 웹 소켓 타임아웃: 2분 0초
2020-12-06 12:55:16.3034  INFO - [Web Socket] Server Listening...
2020-12-06 12:55:16.3034  INFO - [Web Socket][INFO] IP: 0.0.0.0   포트: 12000
2020-12-06 12:55:26.8027  INFO - [INFO] 데이터 경로: C:\Data
2020-12-06 12:55:26.8237  INFO - [INFO] 클라이언트 키: B29D00A3 - F825 - 4EB7 - 93C1 - A77F5E31A7C2
2020-12-06 12:55:26.8237  INFO - [INFO] 오피스 디버깅모드: True
2020-12-06 12:55:26.8237  INFO - [INFO] 한글 DLL을 레지스트리에 등록하였습니다.
2020-12-06 12:55:26.8237  INFO - [Scheduler] 스케줄러가 실행중입니다. 작업공간 정리 스케줄러: 3일   로그 정리 스케줄러: 10일
2020-12-06 12:55:26.8237  INFO - [Web Socket] 웹 소켓 타임아웃: 2분 0초
2020-12-06 12:55:26.8860  INFO - [Web Socket] Server Listening...
2020-12-06 12:55:26.8860  INFO - [Web Socket][INFO] IP: 0.0.0.0   포트: 12000
2020-12-06 12:56:04.7942  INFO - [INFO] 데이터 경로: C:\Data
2020-12-06 12:56:04.8162  INFO - [INFO] 클라이언트 키: B29D00A3 - F825 - 4EB7 - 93C1 - A77F5E31A7C2
2020-12-06 12:56:04.8162  INFO - [INFO] 오피스 디버깅모드: True
2020-12-06 12:56:04.8162  INFO - [INFO] 한글 DLL을 레지스트리에 등록하였습니다.
2020-12-06 12:56:04.8192  INFO - [Scheduler] 스케줄러가 실행중입니다. 작업공간 정리 스케줄러: 3일   로그 정리 스케줄러: 10일
2020-12-06 12:56:04.8192  INFO - [Web Socket] 웹 소켓 타임아웃: 2분 0초
2020-12-06 12:56:04.8940  INFO - [Web Socket] Server Listening...
2020-12-06 12:56:04.8940  INFO - [Web Socket][INFO] IP: 0.0.0.0   포트: 12000
2020-12-06 12:56:11.1901  INFO - [INFO] 웹 소켓 서버를 종료합니다.
2020-12-06 12:56:24.7700  INFO - [INFO] 데이터 경로: C:\Data
2020-12-06 12:56:24.7929  INFO - [INFO] 클라이언트 키: B29D00A3 - F825 - 4EB7 - 93C1 - A77F5E31A7C2
2020-12-06 12:56:24.7929  INFO - [INFO] 오피스 디버깅모드: True
2020-12-06 12:56:24.7929  INFO - [INFO] 한글 DLL을 레지스트리에 등록하였습니다.
2020-12-06 12:56:24.7929  INFO - [Scheduler] 스케줄러가 실행중입니다. 작업공간 정리 스케줄러: 3일   로그 정리 스케줄러: 10일
2020-12-06 12:56:24.7929  INFO - [Web Socket] 웹 소켓 타임아웃: 2분 0초
2020-12-06 12:56:24.8687  INFO - [Web Socket] Server Listening...
2020-12-06 12:56:24.8687  INFO - [Web Socket][INFO] IP: 0.0.0.0   포트: 12000
2020-12-06 12:57:31.4123  INFO - [INFO] 웹 소켓 서버를 종료합니다.
2020-12-06 12:57:35.4694  INFO - [INFO] 데이터 경로: C:\Data
2020-12-06 12:57:35.4923  INFO - [INFO] 클라이언트 키: B29D00A3 - F825 - 4EB7 - 93C1 - A77F5E31A7C2
2020-12-06 12:57:35.4923  INFO - [INFO] 오피스 디버깅모드: True
2020-12-06 12:57:35.4923  INFO - [INFO] 한글 DLL을 레지스트리에 등록하였습니다.
2020-12-06 12:57:35.4923  INFO - [Scheduler] 스케줄러가 실행중입니다. 작업공간 정리 스케줄러: 3일   로그 정리 스케줄러: 10일
2020-12-06 12:57:35.4923  INFO - [Web Socket] 웹 소켓 타임아웃: 2분 0초
2020-12-06 12:57:35.5661  INFO - [Web Socket] Server Listening...
2020-12-06 12:57:35.5661  INFO - [Web Socket][INFO] IP: 0.0.0.0   포트: 12000
2020-12-06 13:00:01.1196  INFO - [INFO] 웹 소켓 서버를 종료합니다.
2020-12-06 13:05:34.0558  INFO - [INFO] 데이터 경로: C:\Data
2020-12-06 13:05:34.0748  INFO - [INFO] 클라이언트 키: B29D00A3 - F825 - 4EB7 - 93C1 - A77F5E31A7C2
2020-12-06 13:05:34.0748  INFO - [INFO] 오피스 디버깅모드: True
2020-12-06 13:05:34.0748  INFO - [INFO] 한글 DLL을 레지스트리에 등록하였습니다.
2020-12-06 13:05:34.0748  INFO - [Scheduler] 스케줄러가 실행중입니다. 작업공간 정리 스케줄러: 3일   로그 정리 스케줄러: 10일
2020-12-06 13:05:34.0748  INFO - [Web Socket] 웹 소켓 타임아웃: 2분 0초
2020-12-06 13:05:34.1396  INFO - [Web Socket] Server Listening...
2020-12-06 13:05:34.1396  INFO - [Web Socket][INFO] IP: 0.0.0.0   포트: 12000
2020-12-06 13:06:07.8599  INFO - [INFO] 데이터 경로: C:\Data
2020-12-06 13:06:07.8799  INFO - [INFO] 클라이언트 키: B29D00A3 - F825 - 4EB7 - 93C1 - A77F5E31A7C2
2020-12-06 13:06:07.8809  INFO - [INFO] 오피스 디버깅모드: True
2020-12-06 13:06:07.8809  INFO - [INFO] 한글 DLL을 레지스트리에 등록하였습니다.
2020-12-06 13:06:07.8809  INFO - [Scheduler] 스케줄러가 실행중입니다. 작업공간 정리 스케줄러: 3일   로그 정리 스케줄러: 10일
2020-12-06 13:06:07.8809  INFO - [Web Socket] 웹 소켓 타임아웃: 2분 0초
2020-12-06 13:06:07.9407  INFO - [Web Socket] Server Listening...
2020-12-06 13:06:07.9407  INFO - [Web Socket][INFO] IP: 0.0.0.0   포트: 12000
2020-12-06 13:06:40.8852  INFO - [INFO] 웹 소켓 서버를 종료합니다.
2020-12-06 13:07:59.1048  INFO - [INFO] 데이터 경로: C:\Data
2020-12-06 13:07:59.1238  INFO - [INFO] 클라이언트 키: B29D00A3 - F825 - 4EB7 - 93C1 - A77F5E31A7C2
2020-12-06 13:07:59.1238  INFO - [INFO] 오피스 디버깅모드: True
2020-12-06 13:07:59.1238  INFO - [INFO] 한글 DLL을 레지스트리에 등록하였습니다.
2020-12-06 13:07:59.1238  INFO - [Scheduler] 스케줄러가 실행중입니다. 작업공간 정리 스케줄러: 3일   로그 정리 스케줄러: 10일
2020-12-06 13:07:59.1238  INFO - [Web Socket] 웹 소켓 타임아웃: 2분 0초
2020-12-06 13:07:59.1836  INFO - [Web Socket] Server Listening...
2020-12-06 13:07:59.1836  INFO - [Web Socket][INFO] IP: 0.0.0.0   포트: 12000
2020-12-06 13:08:33.8288  INFO - [INFO] 웹 소켓 서버를 종료합니다.
2020-12-06 13:09:45.5672  INFO - [INFO] 데이터 경로: C:\Data
2020-12-06 13:09:45.5861  INFO - [INFO] 클라이언트 키: B29D00A3 - F825 - 4EB7 - 93C1 - A77F5E31A7C2
2020-12-06 13:09:45.5861  INFO - [INFO] 오피스 디버깅모드: True
2020-12-06 13:09:45.5861  INFO - [INFO] 한글 DLL을 레지스트리에 등록하였습니다.
2020-12-06 13:09:45.5861  INFO - [Scheduler] 스케줄러가 실행중입니다. 작업공간 정리 스케줄러: 3일   로그 정리 스케줄러: 10일
2020-12-06 13:09:45.5861  INFO - [Web Socket] 웹 소켓 타임아웃: 2분 0초
2020-12-06 13:09:45.6470  INFO - [Web Socket] Server Listening...
2020-12-06 13:09:45.6470  INFO - [Web Socket][INFO] IP: 0.0.0.0   포트: 12000
2020-12-06 13:12:01.2933  INFO - [INFO] 데이터 경로: C:\Data
2020-12-06 13:12:01.3133  INFO - [INFO] 클라이언트 키: B29D00A3 - F825 - 4EB7 - 93C1 - A77F5E31A7C2
2020-12-06 13:12:01.3133  INFO - [INFO] 오피스 디버깅모드: True
2020-12-06 13:12:01.3133  INFO - [INFO] 한글 DLL을 레지스트리에 등록하였습니다.
2020-12-06 13:12:01.3133  INFO - [Scheduler] 스케줄러가 실행중입니다. 작업공간 정리 스케줄러: 3일   로그 정리 스케줄러: 10일
2020-12-06 13:12:01.3203  INFO - [Web Socket] 웹 소켓 타임아웃: 2분 0초
2020-12-06 13:12:01.3751  INFO - [Web Socket] Server Listening...
2020-12-06 13:12:01.3751  INFO - [Web Socket][INFO] IP: 0.0.0.0   포트: 12000
2020-12-06 13:20:48.7767  INFO - [INFO] 데이터 경로: C:\Data
2020-12-06 13:20:48.7956  INFO - [INFO] 클라이언트 키: B29D00A3 - F825 - 4EB7 - 93C1 - A77F5E31A7C2
2020-12-06 13:20:48.7956  INFO - [INFO] 오피스 디버깅모드: True
2020-12-06 13:20:48.7956  INFO - [INFO] 한글 DLL을 레지스트리에 등록하였습니다.
2020-12-06 13:20:48.7956  INFO - [Scheduler] 스케줄러가 실행중입니다. 작업공간 정리 스케줄러: 3일   로그 정리 스케줄러: 10일
2020-12-06 13:20:48.7956  INFO - [Web Socket] 웹 소켓 타임아웃: 2분 0초
2020-12-06 13:20:48.8555  INFO - [Web Socket] Server Listening...
2020-12-06 13:20:48.8555  INFO - [Web Socket][INFO] IP: 0.0.0.0   포트: 12000
2020-12-06 13:22:25.6140  INFO - [INFO] 데이터 경로: C:\Data
2020-12-06 13:22:25.6329  INFO - [INFO] 클라이언트 키: B29D00A3 - F825 - 4EB7 - 93C1 - A77F5E31A7C2
2020-12-06 13:22:25.6329  INFO - [INFO] 오피스 디버깅모드: True
2020-12-06 13:22:25.6329  INFO - [INFO] 한글 DLL을 레지스트리에 등록하였습니다.
2020-12-06 13:22:25.6329  INFO - [Scheduler] 스케줄러가 실행중입니다. 작업공간 정리 스케줄러: 3일   로그 정리 스케줄러: 10일
2020-12-06 13:22:25.6329  INFO - [Web Socket] 웹 소켓 타임아웃: 2분 0초
2020-12-06 13:22:25.6908  INFO - [Web Socket] Server Listening...
2020-12-06 13:22:25.6908  INFO - [Web Socket][INFO] IP: 0.0.0.0   포트: 12000
2020-12-06 13:24:20.6957  INFO - [INFO] 데이터 경로: C:\Data
2020-12-06 13:24:20.7187  INFO - [INFO] 클라이언트 키: B29D00A3 - F825 - 4EB7 - 93C1 - A77F5E31A7C2
2020-12-06 13:24:20.7187  INFO - [INFO] 오피스 디버깅모드: True
2020-12-06 13:24:20.7187  INFO - [INFO] 한글 DLL을 레지스트리에 등록하였습니다.
2020-12-06 13:24:20.7187  INFO - [Scheduler] 스케줄러가 실행중입니다. 작업공간 정리 스케줄러: 3일   로그 정리 스케줄러: 10일
2020-12-06 13:24:20.7257  INFO - [Web Socket] 웹 소켓 타임아웃: 2분 0초
2020-12-06 13:24:20.7780  INFO - [Web Socket] Server Listening...
2020-12-06 13:24:20.7780  INFO - [Web Socket][INFO] IP: 0.0.0.0   포트: 12000
2020-12-06 13:26:26.7761  INFO - [INFO] 데이터 경로: C:\Data
2020-12-06 13:26:26.7960  INFO - [INFO] 클라이언트 키: B29D00A3 - F825 - 4EB7 - 93C1 - A77F5E31A7C2
2020-12-06 13:26:26.7960  INFO - [INFO] 오피스 디버깅모드: True
2020-12-06 13:26:26.7960  INFO - [INFO] 한글 DLL을 레지스트리에 등록하였습니다.
2020-12-06 13:26:26.7960  INFO - [Scheduler] 스케줄러가 실행중입니다. 작업공간 정리 스케줄러: 3일   로그 정리 스케줄러: 10일
2020-12-06 13:26:26.7960  INFO - [Web Socket] 웹 소켓 타임아웃: 2분 0초
2020-12-06 13:26:26.8584  INFO - [Web Socket] Server Listening...
2020-12-06 13:26:26.8584  INFO - [Web Socket][INFO] IP: 0.0.0.0   포트: 12000
2020-12-06 13:26:54.7636  INFO - [INFO] 데이터 경로: C:\Data
2020-12-06 13:26:54.7835  INFO - [INFO] 클라이언트 키: B29D00A3 - F825 - 4EB7 - 93C1 - A77F5E31A7C2
2020-12-06 13:26:54.7835  INFO - [INFO] 오피스 디버깅모드: True
2020-12-06 13:26:54.7835  INFO - [INFO] 한글 DLL을 레지스트리에 등록하였습니다.
2020-12-06 13:26:54.7835  INFO - [Scheduler] 스케줄러가 실행중입니다. 작업공간 정리 스케줄러: 3일   로그 정리 스케줄러: 10일
2020-12-06 13:26:54.7895  INFO - [Web Socket] 웹 소켓 타임아웃: 2분 0초
2020-12-06 13:26:54.8424  INFO - [Web Socket] Server Listening...
2020-12-06 13:26:54.8424  INFO - [Web Socket][INFO] IP: 0.0.0.0   포트: 12000
2020-12-06 13:28:14.3561  INFO - [INFO] 데이터 경로: C:\Data
2020-12-06 13:28:14.3750  INFO - [INFO] 클라이언트 키: B29D00A3 - F825 - 4EB7 - 93C1 - A77F5E31A7C2
2020-12-06 13:28:14.3750  INFO - [INFO] 오피스 디버깅모드: True
2020-12-06 13:28:14.3750  INFO - [INFO] 한글 DLL을 레지스트리에 등록하였습니다.
2020-12-06 13:28:14.3750  INFO - [Scheduler] 스케줄러가 실행중입니다. 작업공간 정리 스케줄러: 3일   로그 정리 스케줄러: 10일
2020-12-06 13:28:14.3810  INFO - [Web Socket] 웹 소켓 타임아웃: 2분 0초
2020-12-06 13:28:14.4329  INFO - [Web Socket] Server Listening...
2020-12-06 13:28:14.4329  INFO - [Web Socket][INFO] IP: 0.0.0.0   포트: 12000
2020-12-06 13:30:25.8284  INFO - [INFO] 데이터 경로: C:\Data
2020-12-06 13:30:25.8473  INFO - [INFO] 클라이언트 키: B29D00A3 - F825 - 4EB7 - 93C1 - A77F5E31A7C2
2020-12-06 13:30:25.8473  INFO - [INFO] 오피스 디버깅모드: True
2020-12-06 13:30:25.8473  INFO - [INFO] 한글 DLL을 레지스트리에 등록하였습니다.
2020-12-06 13:30:25.8473  INFO - [Scheduler] 스케줄러가 실행중입니다. 작업공간 정리 스케줄러: 3일   로그 정리 스케줄러: 10일
2020-12-06 13:30:25.8534  INFO - [Web Socket] 웹 소켓 타임아웃: 2분 0초
2020-12-06 13:30:25.9201  INFO - [Web Socket] Server Listening...
2020-12-06 13:30:25.9201  INFO - [Web Socket][INFO] IP: 0.0.0.0   포트: 12000
2020-12-06 13:30:41.3210  INFO - [INFO] 데이터 경로: C:\Data
2020-12-06 13:30:41.3400  INFO - [INFO] 클라이언트 키: B29D00A3 - F825 - 4EB7 - 93C1 - A77F5E31A7C2
2020-12-06 13:30:41.3400  INFO - [INFO] 오피스 디버깅모드: True
2020-12-06 13:30:41.3400  INFO - [INFO] 한글 DLL을 레지스트리에 등록하였습니다.
2020-12-06 13:30:41.3400  INFO - [Scheduler] 스케줄러가 실행중입니다. 작업공간 정리 스케줄러: 3일   로그 정리 스케줄러: 10일
2020-12-06 13:30:41.3400  INFO - [Web Socket] 웹 소켓 타임아웃: 2분 0초
2020-12-06 13:30:41.4118  INFO - [Web Socket] Server Listening...
2020-12-06 13:30:41.4118  INFO - [Web Socket][INFO] IP: 0.0.0.0   포트: 12000
2020-12-06 13:31:10.8729  INFO - [INFO] 데이터 경로: C:\Data
2020-12-06 13:31:10.8939  INFO - [INFO] 클라이언트 키: B29D00A3 - F825 - 4EB7 - 93C1 - A77F5E31A7C2
2020-12-06 13:31:10.8939  INFO - [INFO] 오피스 디버깅모드: True
2020-12-06 13:31:10.8939  INFO - [INFO] 한글 DLL을 레지스트리에 등록하였습니다.
2020-12-06 13:31:10.8969  INFO - [Scheduler] 스케줄러가 실행중입니다. 작업공간 정리 스케줄러: 3일   로그 정리 스케줄러: 10일
2020-12-06 13:31:10.8969  INFO - [Web Socket] 웹 소켓 타임아웃: 2분 0초
2020-12-06 13:31:10.9557  INFO - [Web Socket] Server Listening...
2020-12-06 13:31:10.9557  INFO - [Web Socket][INFO] IP: 0.0.0.0   포트: 12000
2020-12-06 13:32:05.6803  INFO - [INFO] 데이터 경로: C:\Data
2020-12-06 13:32:05.7002  INFO - [INFO] 클라이언트 키: B29D00A3 - F825 - 4EB7 - 93C1 - A77F5E31A7C2
2020-12-06 13:32:05.7002  INFO - [INFO] 오피스 디버깅모드: True
2020-12-06 13:32:05.7002  INFO - [INFO] 한글 DLL을 레지스트리에 등록하였습니다.
2020-12-06 13:32:05.7002  INFO - [Scheduler] 스케줄러가 실행중입니다. 작업공간 정리 스케줄러: 3일   로그 정리 스케줄러: 10일
2020-12-06 13:32:05.7002  INFO - [Web Socket] 웹 소켓 타임아웃: 2분 0초
2020-12-06 13:32:05.7640  INFO - [Web Socket] Server Listening...
2020-12-06 13:32:05.7640  INFO - [Web Socket][INFO] IP: 0.0.0.0   포트: 12000
2020-12-06 13:33:11.6198  INFO - [INFO] 데이터 경로: C:\Data
2020-12-06 13:33:11.6427  INFO - [INFO] 클라이언트 키: B29D00A3 - F825 - 4EB7 - 93C1 - A77F5E31A7C2
2020-12-06 13:33:11.6427  INFO - [INFO] 오피스 디버깅모드: True
2020-12-06 13:33:11.6427  INFO - [INFO] 한글 DLL을 레지스트리에 등록하였습니다.
2020-12-06 13:33:11.6427  INFO - [Scheduler] 스케줄러가 실행중입니다. 작업공간 정리 스케줄러: 3일   로그 정리 스케줄러: 10일
2020-12-06 13:33:11.6487  INFO - [Web Socket] 웹 소켓 타임아웃: 2분 0초
2020-12-06 13:33:11.7006  INFO - [Web Socket] Server Listening...
2020-12-06 13:33:11.7006  INFO - [Web Socket][INFO] IP: 0.0.0.0   포트: 12000
2020-12-06 13:34:16.3456  INFO - [INFO] 데이터 경로: C:\Data
2020-12-06 13:34:16.3646  INFO - [INFO] 클라이언트 키: B29D00A3 - F825 - 4EB7 - 93C1 - A77F5E31A7C2
2020-12-06 13:34:16.3655  INFO - [INFO] 오피스 디버깅모드: True
2020-12-06 13:34:16.3655  INFO - [INFO] 한글 DLL을 레지스트리에 등록하였습니다.
2020-12-06 13:34:16.3655  INFO - [Scheduler] 스케줄러가 실행중입니다. 작업공간 정리 스케줄러: 3일   로그 정리 스케줄러: 10일
2020-12-06 13:34:16.3655  INFO - [Web Socket] 웹 소켓 타임아웃: 2분 0초
2020-12-06 13:34:16.4224  INFO - [Web Socket] Server Listening...
2020-12-06 13:34:16.4224  INFO - [Web Socket][INFO] IP: 0.0.0.0   포트: 12000
2020-12-06 13:34:29.7464  INFO - [INFO] 데이터 경로: C:\Data
2020-12-06 13:34:29.7654  INFO - [INFO] 클라이언트 키: B29D00A3 - F825 - 4EB7 - 93C1 - A77F5E31A7C2
2020-12-06 13:34:29.7654  INFO - [INFO] 오피스 디버깅모드: True
2020-12-06 13:34:29.7654  INFO - [INFO] 한글 DLL을 레지스트리에 등록하였습니다.
2020-12-06 13:34:29.7654  INFO - [Scheduler] 스케줄러가 실행중입니다. 작업공간 정리 스케줄러: 3일   로그 정리 스케줄러: 10일
2020-12-06 13:34:29.7714  INFO - [Web Socket] 웹 소켓 타임아웃: 2분 0초
2020-12-06 13:34:29.8248  INFO - [Web Socket] Server Listening...
2020-12-06 13:34:29.8248  INFO - [Web Socket][INFO] IP: 0.0.0.0   포트: 12000
2020-12-06 13:35:02.1562  INFO - [INFO] 데이터 경로: C:\Data
2020-12-06 13:35:02.1761  INFO - [INFO] 클라이언트 키: B29D00A3 - F825 - 4EB7 - 93C1 - A77F5E31A7C2
2020-12-06 13:35:02.1761  INFO - [INFO] 오피스 디버깅모드: True
2020-12-06 13:35:02.1781  INFO - [INFO] 한글 DLL을 레지스트리에 등록하였습니다.
2020-12-06 13:35:02.1781  INFO - [Scheduler] 스케줄러가 실행중입니다. 작업공간 정리 스케줄러: 3일   로그 정리 스케줄러: 10일
2020-12-06 13:35:02.1781  INFO - [Web Socket] 웹 소켓 타임아웃: 2분 0초
2020-12-06 13:35:02.2370  INFO - [Web Socket] Server Listening...
2020-12-06 13:35:02.2370  INFO - [Web Socket][INFO] IP: 0.0.0.0   포트: 12000
2020-12-06 13:36:22.9159  INFO - [INFO] 데이터 경로: C:\Data
2020-12-06 13:36:22.9378  INFO - [INFO] 클라이언트 키: B29D00A3 - F825 - 4EB7 - 93C1 - A77F5E31A7C2
2020-12-06 13:36:22.9378  INFO - [INFO] 오피스 디버깅모드: True
2020-12-06 13:36:22.9378  INFO - [INFO] 한글 DLL을 레지스트리에 등록하였습니다.
2020-12-06 13:36:22.9378  INFO - [Scheduler] 스케줄러가 실행중입니다. 작업공간 정리 스케줄러: 3일   로그 정리 스케줄러: 10일
2020-12-06 13:36:22.9438  INFO - [Web Socket] 웹 소켓 타임아웃: 2분 0초
2020-12-06 13:36:22.9967  INFO - [Web Socket] Server Listening...
2020-12-06 13:36:22.9967  INFO - [Web Socket][INFO] IP: 0.0.0.0   포트: 12000
2020-12-06 13:38:20.8697  INFO - [INFO] 데이터 경로: C:\Data
2020-12-06 13:38:20.8897  INFO - [INFO] 클라이언트 키: B29D00A3 - F825 - 4EB7 - 93C1 - A77F5E31A7C2
2020-12-06 13:38:20.8897  INFO - [INFO] 오피스 디버깅모드: True
2020-12-06 13:38:20.8897  INFO - [INFO] 한글 DLL을 레지스트리에 등록하였습니다.
2020-12-06 13:38:20.8897  INFO - [Scheduler] 스케줄러가 실행중입니다. 작업공간 정리 스케줄러: 3일   로그 정리 스케줄러: 10일
2020-12-06 13:38:20.8897  INFO - [Web Socket] 웹 소켓 타임아웃: 2분 0초
2020-12-06 13:38:20.9495  INFO - [Web Socket] Server Listening...
2020-12-06 13:38:20.9495  INFO - [Web Socket][INFO] IP: 0.0.0.0   포트: 12000
2020-12-06 13:40:04.6053  INFO - [INFO] 데이터 경로: C:\Data
2020-12-06 13:40:04.6273  INFO - [INFO] 클라이언트 키: B29D00A3 - F825 - 4EB7 - 93C1 - A77F5E31A7C2
2020-12-06 13:40:04.6273  INFO - [INFO] 오피스 디버깅모드: True
2020-12-06 13:40:04.6273  INFO - [INFO] 한글 DLL을 레지스트리에 등록하였습니다.
2020-12-06 13:40:04.6273  INFO - [Scheduler] 스케줄러가 실행중입니다. 작업공간 정리 스케줄러: 3일   로그 정리 스케줄러: 10일
2020-12-06 13:40:04.6332  INFO - [Web Socket] 웹 소켓 타임아웃: 2분 0초
2020-12-06 13:40:04.6901  INFO - [Web Socket] Server Listening...
2020-12-06 13:40:04.6901  INFO - [Web Socket][INFO] IP: 0.0.0.0   포트: 12000
2020-12-06 13:40:52.6148  INFO - [INFO] 데이터 경로: C:\Data
2020-12-06 13:40:52.6337  INFO - [INFO] 클라이언트 키: B29D00A3 - F825 - 4EB7 - 93C1 - A77F5E31A7C2
2020-12-06 13:40:52.6337  INFO - [INFO] 오피스 디버깅모드: True
2020-12-06 13:40:52.6337  INFO - [INFO] 한글 DLL을 레지스트리에 등록하였습니다.
2020-12-06 13:40:52.6337  INFO - [Scheduler] 스케줄러가 실행중입니다. 작업공간 정리 스케줄러: 3일   로그 정리 스케줄러: 10일
2020-12-06 13:40:52.6337  INFO - [Web Socket] 웹 소켓 타임아웃: 2분 0초
2020-12-06 13:40:52.7115  INFO - [Web Socket] Server Listening...
2020-12-06 13:40:52.7115  INFO - [Web Socket][INFO] IP: 0.0.0.0   포트: 12000
2020-12-06 13:43:30.5150  INFO - [INFO] 데이터 경로: C:\Data
2020-12-06 13:43:30.5339  INFO - [INFO] 클라이언트 키: B29D00A3 - F825 - 4EB7 - 93C1 - A77F5E31A7C2
2020-12-06 13:43:30.5339  INFO - [INFO] 오피스 디버깅모드: True
2020-12-06 13:43:30.5339  INFO - [INFO] 한글 DLL을 레지스트리에 등록하였습니다.
2020-12-06 13:43:30.5339  INFO - [Scheduler] 스케줄러가 실행중입니다. 작업공간 정리 스케줄러: 3일   로그 정리 스케줄러: 10일
2020-12-06 13:43:30.5409  INFO - [Web Socket] 웹 소켓 타임아웃: 2분 0초
2020-12-06 13:43:30.6008  INFO - [Web Socket] Server Listening...
2020-12-06 13:43:30.6008  INFO - [Web Socket][INFO] IP: 0.0.0.0   포트: 12000
2020-12-06 13:44:35.0756  INFO - [INFO] 데이터 경로: C:\Data
2020-12-06 13:44:35.0946  INFO - [INFO] 클라이언트 키: B29D00A3 - F825 - 4EB7 - 93C1 - A77F5E31A7C2
2020-12-06 13:44:35.0946  INFO - [INFO] 오피스 디버깅모드: True
2020-12-06 13:44:35.0946  INFO - [INFO] 한글 DLL을 레지스트리에 등록하였습니다.
2020-12-06 13:44:35.0946  INFO - [Scheduler] 스케줄러가 실행중입니다. 작업공간 정리 스케줄러: 3일   로그 정리 스케줄러: 10일
2020-12-06 13:44:35.1005  INFO - [Web Socket] 웹 소켓 타임아웃: 2분 0초
2020-12-06 13:44:35.1524  INFO - [Web Socket] Server Listening...
2020-12-06 13:44:35.1524  INFO - [Web Socket][INFO] IP: 0.0.0.0   포트: 12000
