2020-04-27 10:58:05.0112 TRACE - 스케줄러 작동중 오류가 발생하여 비활성화 하였습니다.
2020-04-27 10:58:05.0112 TRACE - [Scheduler] 파일 C:\Data\workspace\116B6DA0EA720F54E082F1E8B9A866D4\word\1.png 삭제됨.
2020-04-27 10:58:05.0112 TRACE - [Scheduler] 파일 C:\Data\workspace\116B6DA0EA720F54E082F1E8B9A866D4\word\2.png 삭제됨.
2020-04-27 10:58:05.0112 TRACE - [Scheduler] 파일 C:\Data\workspace\116B6DA0EA720F54E082F1E8B9A866D4\word\3.png 삭제됨.
2020-04-27 10:58:05.0222 TRACE - [Scheduler] 파일 C:\Data\workspace\116B6DA0EA720F54E082F1E8B9A866D4\word\4.png 삭제됨.
2020-04-27 10:58:05.0222 TRACE - [Scheduler] 파일 C:\Data\workspace\116B6DA0EA720F54E082F1E8B9A866D4\word\5.png 삭제됨.
2020-04-27 10:58:05.0222 TRACE - [Scheduler] 파일 C:\Data\workspace\116B6DA0EA720F54E082F1E8B9A866D4\word\6.png 삭제됨.
2020-04-27 10:58:05.0222 TRACE - [Scheduler] 파일 C:\Data\workspace\116B6DA0EA720F54E082F1E8B9A866D4\word\7.png 삭제됨.
2020-04-27 10:58:05.0222 TRACE - [Scheduler] 파일 C:\Data\workspace\116B6DA0EA720F54E082F1E8B9A866D4\word\8.png 삭제됨.
2020-04-27 10:58:05.0222 TRACE - [Scheduler] 폴더 C:\Data\workspace\116B6DA0EA720F54E082F1E8B9A866D4\word 삭제됨.
2020-04-27 10:58:05.0222 TRACE - [Scheduler] 파일 C:\Data\workspace\116B6DA0EA720F54E082F1E8B9A866D4\word.docx 삭제됨.
2020-04-27 10:58:05.0222 TRACE - [Scheduler] 파일 C:\Data\workspace\116B6DA0EA720F54E082F1E8B9A866D4\word.pdf 삭제됨.
2020-04-27 10:58:05.0222 TRACE - [Scheduler] 폴더 C:\Data\workspace\116B6DA0EA720F54E082F1E8B9A866D4 삭제됨.
2020-04-27 10:58:05.0402 TRACE - [Scheduler] 파일 C:\Data\workspace\5834CC7C5A3E18A5EC2C012F7F3D91D9\memo_calendar\1.png 삭제됨.
2020-04-27 10:58:05.0402 TRACE - [Scheduler] 파일 C:\Data\workspace\5834CC7C5A3E18A5EC2C012F7F3D91D9\memo_calendar\10.png 삭제됨.
2020-04-27 10:58:05.0402 TRACE - [Scheduler] 파일 C:\Data\workspace\5834CC7C5A3E18A5EC2C012F7F3D91D9\memo_calendar\11.png 삭제됨.
2020-04-27 10:58:05.0402 TRACE - [Scheduler] 파일 C:\Data\workspace\5834CC7C5A3E18A5EC2C012F7F3D91D9\memo_calendar\12.png 삭제됨.
2020-04-27 10:58:05.0402 TRACE - [Scheduler] 파일 C:\Data\workspace\5834CC7C5A3E18A5EC2C012F7F3D91D9\memo_calendar\13.png 삭제됨.
2020-04-27 10:58:05.0402 TRACE - [Scheduler] 파일 C:\Data\workspace\5834CC7C5A3E18A5EC2C012F7F3D91D9\memo_calendar\14.png 삭제됨.
2020-04-27 10:58:05.0402 TRACE - [Scheduler] 파일 C:\Data\workspace\5834CC7C5A3E18A5EC2C012F7F3D91D9\memo_calendar\15.png 삭제됨.
2020-04-27 10:58:05.0542 TRACE - [Scheduler] 파일 C:\Data\workspace\5834CC7C5A3E18A5EC2C012F7F3D91D9\memo_calendar\16.png 삭제됨.
2020-04-27 10:58:05.0542 TRACE - [Scheduler] 파일 C:\Data\workspace\5834CC7C5A3E18A5EC2C012F7F3D91D9\memo_calendar\2.png 삭제됨.
2020-04-27 10:58:05.0542 TRACE - [Scheduler] 파일 C:\Data\workspace\5834CC7C5A3E18A5EC2C012F7F3D91D9\memo_calendar\3.png 삭제됨.
2020-04-27 10:58:05.0542 TRACE - [Scheduler] 파일 C:\Data\workspace\5834CC7C5A3E18A5EC2C012F7F3D91D9\memo_calendar\4.png 삭제됨.
2020-04-27 10:58:05.0542 TRACE - [Scheduler] 파일 C:\Data\workspace\5834CC7C5A3E18A5EC2C012F7F3D91D9\memo_calendar\5.png 삭제됨.
2020-04-27 10:58:05.0542 TRACE - [Scheduler] 파일 C:\Data\workspace\5834CC7C5A3E18A5EC2C012F7F3D91D9\memo_calendar\6.png 삭제됨.
2020-04-27 10:58:05.0542 TRACE - [Scheduler] 파일 C:\Data\workspace\5834CC7C5A3E18A5EC2C012F7F3D91D9\memo_calendar\7.png 삭제됨.
2020-04-27 10:58:05.0542 TRACE - [Scheduler] 파일 C:\Data\workspace\5834CC7C5A3E18A5EC2C012F7F3D91D9\memo_calendar\8.png 삭제됨.
2020-04-27 10:58:05.0702 TRACE - [Scheduler] 파일 C:\Data\workspace\5834CC7C5A3E18A5EC2C012F7F3D91D9\memo_calendar\9.png 삭제됨.
2020-04-27 10:58:05.0702 TRACE - [Scheduler] 폴더 C:\Data\workspace\5834CC7C5A3E18A5EC2C012F7F3D91D9\memo_calendar 삭제됨.
2020-04-27 10:58:05.0702 TRACE - [Scheduler] 파일 C:\Data\workspace\5834CC7C5A3E18A5EC2C012F7F3D91D9\memo_calendar.pdf 삭제됨.
2020-04-27 10:58:05.0702 TRACE - [Scheduler] 파일 C:\Data\workspace\5834CC7C5A3E18A5EC2C012F7F3D91D9\memo_calendar.xlsx 삭제됨.
2020-04-27 10:58:05.0702 TRACE - [Scheduler] 폴더 C:\Data\workspace\5834CC7C5A3E18A5EC2C012F7F3D91D9 삭제됨.
2020-04-27 10:58:05.0702 TRACE - [Scheduler] 파일 C:\Data\workspace\653717C5E0BA373A5CE5920E2A974A5F\60mb\1.jpg 삭제됨.
2020-04-27 10:58:05.0842 TRACE - [Scheduler] 파일 C:\Data\workspace\653717C5E0BA373A5CE5920E2A974A5F\60mb\10.jpg 삭제됨.
2020-04-27 10:58:05.0842 TRACE - [Scheduler] 파일 C:\Data\workspace\653717C5E0BA373A5CE5920E2A974A5F\60mb\11.jpg 삭제됨.
2020-04-27 10:58:05.0842 TRACE - [Scheduler] 파일 C:\Data\workspace\653717C5E0BA373A5CE5920E2A974A5F\60mb\12.jpg 삭제됨.
2020-04-27 10:58:05.0842 TRACE - [Scheduler] 파일 C:\Data\workspace\653717C5E0BA373A5CE5920E2A974A5F\60mb\13.jpg 삭제됨.
2020-04-27 10:58:05.0842 TRACE - [Scheduler] 파일 C:\Data\workspace\653717C5E0BA373A5CE5920E2A974A5F\60mb\14.jpg 삭제됨.
2020-04-27 10:58:05.0842 TRACE - [Scheduler] 파일 C:\Data\workspace\653717C5E0BA373A5CE5920E2A974A5F\60mb\15.jpg 삭제됨.
2020-04-27 10:58:05.0842 TRACE - [Scheduler] 파일 C:\Data\workspace\653717C5E0BA373A5CE5920E2A974A5F\60mb\16.jpg 삭제됨.
2020-04-27 10:58:05.1002 TRACE - [Scheduler] 파일 C:\Data\workspace\653717C5E0BA373A5CE5920E2A974A5F\60mb\17.jpg 삭제됨.
2020-04-27 10:58:05.1002 TRACE - [Scheduler] 파일 C:\Data\workspace\653717C5E0BA373A5CE5920E2A974A5F\60mb\18.jpg 삭제됨.
2020-04-27 10:58:05.1002 TRACE - [Scheduler] 파일 C:\Data\workspace\653717C5E0BA373A5CE5920E2A974A5F\60mb\19.jpg 삭제됨.
2020-04-27 10:58:05.1002 TRACE - [Scheduler] 파일 C:\Data\workspace\653717C5E0BA373A5CE5920E2A974A5F\60mb\2.jpg 삭제됨.
2020-04-27 10:58:05.1002 TRACE - [Scheduler] 파일 C:\Data\workspace\653717C5E0BA373A5CE5920E2A974A5F\60mb\20.jpg 삭제됨.
2020-04-27 10:58:05.1002 TRACE - [Scheduler] 파일 C:\Data\workspace\653717C5E0BA373A5CE5920E2A974A5F\60mb\21.jpg 삭제됨.
2020-04-27 10:58:05.1002 TRACE - [Scheduler] 파일 C:\Data\workspace\653717C5E0BA373A5CE5920E2A974A5F\60mb\22.jpg 삭제됨.
2020-04-27 10:58:05.1172 TRACE - [Scheduler] 파일 C:\Data\workspace\653717C5E0BA373A5CE5920E2A974A5F\60mb\23.jpg 삭제됨.
2020-04-27 10:58:05.1172 TRACE - [Scheduler] 파일 C:\Data\workspace\653717C5E0BA373A5CE5920E2A974A5F\60mb\24.jpg 삭제됨.
2020-04-27 10:58:05.1172 TRACE - [Scheduler] 파일 C:\Data\workspace\653717C5E0BA373A5CE5920E2A974A5F\60mb\25.jpg 삭제됨.
2020-04-27 10:58:05.1172 TRACE - [Scheduler] 파일 C:\Data\workspace\653717C5E0BA373A5CE5920E2A974A5F\60mb\26.jpg 삭제됨.
2020-04-27 10:58:05.1172 TRACE - [Scheduler] 파일 C:\Data\workspace\653717C5E0BA373A5CE5920E2A974A5F\60mb\27.jpg 삭제됨.
2020-04-27 10:58:05.1172 TRACE - [Scheduler] 파일 C:\Data\workspace\653717C5E0BA373A5CE5920E2A974A5F\60mb\28.jpg 삭제됨.
2020-04-27 10:58:05.1172 TRACE - [Scheduler] 파일 C:\Data\workspace\653717C5E0BA373A5CE5920E2A974A5F\60mb\29.jpg 삭제됨.
2020-04-27 10:58:05.1312 TRACE - [Scheduler] 파일 C:\Data\workspace\653717C5E0BA373A5CE5920E2A974A5F\60mb\3.jpg 삭제됨.
2020-04-27 10:58:05.1312 TRACE - [Scheduler] 파일 C:\Data\workspace\653717C5E0BA373A5CE5920E2A974A5F\60mb\30.jpg 삭제됨.
2020-04-27 10:58:05.1312 TRACE - [Scheduler] 파일 C:\Data\workspace\653717C5E0BA373A5CE5920E2A974A5F\60mb\31.jpg 삭제됨.
2020-04-27 10:58:05.1312 TRACE - [Scheduler] 파일 C:\Data\workspace\653717C5E0BA373A5CE5920E2A974A5F\60mb\32.jpg 삭제됨.
2020-04-27 10:58:05.1312 TRACE - [Scheduler] 파일 C:\Data\workspace\653717C5E0BA373A5CE5920E2A974A5F\60mb\33.jpg 삭제됨.
2020-04-27 10:58:05.1312 TRACE - [Scheduler] 파일 C:\Data\workspace\653717C5E0BA373A5CE5920E2A974A5F\60mb\34.jpg 삭제됨.
2020-04-27 10:58:05.1312 TRACE - [Scheduler] 파일 C:\Data\workspace\653717C5E0BA373A5CE5920E2A974A5F\60mb\35.jpg 삭제됨.
2020-04-27 10:58:05.1312 TRACE - [Scheduler] 파일 C:\Data\workspace\653717C5E0BA373A5CE5920E2A974A5F\60mb\36.jpg 삭제됨.
2020-04-27 10:58:05.1312 TRACE - [Scheduler] 파일 C:\Data\workspace\653717C5E0BA373A5CE5920E2A974A5F\60mb\37.jpg 삭제됨.
2020-04-27 10:58:05.1312 TRACE - [Scheduler] 파일 C:\Data\workspace\653717C5E0BA373A5CE5920E2A974A5F\60mb\38.jpg 삭제됨.
2020-04-27 10:58:05.1482 TRACE - [Scheduler] 파일 C:\Data\workspace\653717C5E0BA373A5CE5920E2A974A5F\60mb\39.jpg 삭제됨.
2020-04-27 10:58:05.1482 TRACE - [Scheduler] 파일 C:\Data\workspace\653717C5E0BA373A5CE5920E2A974A5F\60mb\4.jpg 삭제됨.
2020-04-27 10:58:05.1482 TRACE - [Scheduler] 파일 C:\Data\workspace\653717C5E0BA373A5CE5920E2A974A5F\60mb\5.jpg 삭제됨.
2020-04-27 10:58:05.1482 TRACE - [Scheduler] 파일 C:\Data\workspace\653717C5E0BA373A5CE5920E2A974A5F\60mb\6.jpg 삭제됨.
2020-04-27 10:58:05.1482 TRACE - [Scheduler] 파일 C:\Data\workspace\653717C5E0BA373A5CE5920E2A974A5F\60mb\7.jpg 삭제됨.
2020-04-27 10:58:05.1482 TRACE - [Scheduler] 파일 C:\Data\workspace\653717C5E0BA373A5CE5920E2A974A5F\60mb\8.jpg 삭제됨.
2020-04-27 10:58:05.1482 TRACE - [Scheduler] 파일 C:\Data\workspace\653717C5E0BA373A5CE5920E2A974A5F\60mb\9.jpg 삭제됨.
2020-04-27 10:58:05.1482 TRACE - [Scheduler] 폴더 C:\Data\workspace\653717C5E0BA373A5CE5920E2A974A5F\60mb 삭제됨.
2020-04-27 10:58:05.1482 TRACE - [Scheduler] 파일 C:\Data\workspace\653717C5E0BA373A5CE5920E2A974A5F\60mb.pdf 삭제됨.
2020-04-27 10:58:05.1482 TRACE - [Scheduler] 파일 C:\Data\workspace\653717C5E0BA373A5CE5920E2A974A5F\60mb.pptx 삭제됨.
2020-04-27 10:58:05.1642 TRACE - [Scheduler] 파일 C:\Data\workspace\653717C5E0BA373A5CE5920E2A974A5F\60mb.zip 삭제됨.
2020-04-27 10:58:05.1642 TRACE - [Scheduler] 폴더 C:\Data\workspace\653717C5E0BA373A5CE5920E2A974A5F 삭제됨.
2020-04-27 10:58:05.1642 TRACE - [Scheduler] 파일 C:\Data\workspace\6D7A0E908810B1C929380E9A0ACC3708\simplicity_receipt\1.jpg 삭제됨.
2020-04-27 10:58:05.1642 TRACE - [Scheduler] 폴더 C:\Data\workspace\6D7A0E908810B1C929380E9A0ACC3708\simplicity_receipt 삭제됨.
2020-04-27 10:58:05.1642 TRACE - [Scheduler] 파일 C:\Data\workspace\6D7A0E908810B1C929380E9A0ACC3708\simplicity_receipt.pdf 삭제됨.
2020-04-27 10:58:05.1642 TRACE - [Scheduler] 파일 C:\Data\workspace\6D7A0E908810B1C929380E9A0ACC3708\simplicity_receipt.xlsx 삭제됨.
2020-04-27 10:58:05.1642 TRACE - [Scheduler] 파일 C:\Data\workspace\6D7A0E908810B1C929380E9A0ACC3708\simplicity_receipt.zip 삭제됨.
2020-04-27 10:58:05.1642 TRACE - [Scheduler] 폴더 C:\Data\workspace\6D7A0E908810B1C929380E9A0ACC3708 삭제됨.
2020-04-27 10:58:05.1642 TRACE - [Scheduler] 파일 C:\Data\workspace\B39929D4BBED5B433E00C9067B1FF61D\p_회사소개서\1.png 삭제됨.
2020-04-27 10:58:05.1642 TRACE - [Scheduler] 파일 C:\Data\workspace\B39929D4BBED5B433E00C9067B1FF61D\p_회사소개서\10.png 삭제됨.
2020-04-27 10:58:05.1791 TRACE - [Scheduler] 파일 C:\Data\workspace\B39929D4BBED5B433E00C9067B1FF61D\p_회사소개서\11.png 삭제됨.
2020-04-27 10:58:05.1791 TRACE - [Scheduler] 파일 C:\Data\workspace\B39929D4BBED5B433E00C9067B1FF61D\p_회사소개서\12.png 삭제됨.
2020-04-27 10:58:05.1791 TRACE - [Scheduler] 파일 C:\Data\workspace\B39929D4BBED5B433E00C9067B1FF61D\p_회사소개서\13.png 삭제됨.
2020-04-27 10:58:05.1791 TRACE - [Scheduler] 파일 C:\Data\workspace\B39929D4BBED5B433E00C9067B1FF61D\p_회사소개서\14.png 삭제됨.
2020-04-27 10:58:05.1791 TRACE - [Scheduler] 파일 C:\Data\workspace\B39929D4BBED5B433E00C9067B1FF61D\p_회사소개서\2.png 삭제됨.
2020-04-27 10:58:05.1791 TRACE - [Scheduler] 파일 C:\Data\workspace\B39929D4BBED5B433E00C9067B1FF61D\p_회사소개서\3.png 삭제됨.
2020-04-27 10:58:05.1791 TRACE - [Scheduler] 파일 C:\Data\workspace\B39929D4BBED5B433E00C9067B1FF61D\p_회사소개서\4.png 삭제됨.
2020-04-27 10:58:05.1791 TRACE - [Scheduler] 파일 C:\Data\workspace\B39929D4BBED5B433E00C9067B1FF61D\p_회사소개서\5.png 삭제됨.
2020-04-27 10:58:05.1791 TRACE - [Scheduler] 파일 C:\Data\workspace\B39929D4BBED5B433E00C9067B1FF61D\p_회사소개서\6.png 삭제됨.
2020-04-27 10:58:05.1791 TRACE - [Scheduler] 파일 C:\Data\workspace\B39929D4BBED5B433E00C9067B1FF61D\p_회사소개서\7.png 삭제됨.
2020-04-27 10:58:05.1951 TRACE - [Scheduler] 파일 C:\Data\workspace\B39929D4BBED5B433E00C9067B1FF61D\p_회사소개서\8.png 삭제됨.
2020-04-27 10:58:05.1951 TRACE - [Scheduler] 파일 C:\Data\workspace\B39929D4BBED5B433E00C9067B1FF61D\p_회사소개서\9.png 삭제됨.
2020-04-27 10:58:05.1951 TRACE - [Scheduler] 폴더 C:\Data\workspace\B39929D4BBED5B433E00C9067B1FF61D\p_회사소개서 삭제됨.
2020-04-27 10:58:05.1951 TRACE - [Scheduler] 파일 C:\Data\workspace\B39929D4BBED5B433E00C9067B1FF61D\p_회사소개서.pdf 삭제됨.
2020-04-27 10:58:05.1951 TRACE - [Scheduler] 파일 C:\Data\workspace\B39929D4BBED5B433E00C9067B1FF61D\p_회사소개서.pptx 삭제됨.
2020-04-27 10:58:05.1951 TRACE - [Scheduler] 파일 C:\Data\workspace\B39929D4BBED5B433E00C9067B1FF61D\p_회사소개서.zip 삭제됨.
2020-04-27 10:58:05.1951 TRACE - [Scheduler] 폴더 C:\Data\workspace\B39929D4BBED5B433E00C9067B1FF61D 삭제됨.
2020-04-27 10:58:05.1951 TRACE - [Scheduler] 파일 C:\Data\workspace\E2DDB1F4A236D30F6E63319BEC7F35AC\Excel\1.jpg 삭제됨.
2020-04-27 10:58:05.2091 TRACE - [Scheduler] 파일 C:\Data\workspace\E2DDB1F4A236D30F6E63319BEC7F35AC\Excel\10.jpg 삭제됨.
2020-04-27 10:58:05.2091 TRACE - [Scheduler] 파일 C:\Data\workspace\E2DDB1F4A236D30F6E63319BEC7F35AC\Excel\11.jpg 삭제됨.
2020-04-27 10:58:05.2091 TRACE - [Scheduler] 파일 C:\Data\workspace\E2DDB1F4A236D30F6E63319BEC7F35AC\Excel\12.jpg 삭제됨.
2020-04-27 10:58:05.2091 TRACE - [Scheduler] 파일 C:\Data\workspace\E2DDB1F4A236D30F6E63319BEC7F35AC\Excel\13.jpg 삭제됨.
2020-04-27 10:58:05.2091 TRACE - [Scheduler] 파일 C:\Data\workspace\E2DDB1F4A236D30F6E63319BEC7F35AC\Excel\14.jpg 삭제됨.
2020-04-27 10:58:05.2091 TRACE - [Scheduler] 파일 C:\Data\workspace\E2DDB1F4A236D30F6E63319BEC7F35AC\Excel\15.jpg 삭제됨.
2020-04-27 10:58:05.2091 TRACE - [Scheduler] 파일 C:\Data\workspace\E2DDB1F4A236D30F6E63319BEC7F35AC\Excel\16.jpg 삭제됨.
2020-04-27 10:58:05.2091 TRACE - [Scheduler] 파일 C:\Data\workspace\E2DDB1F4A236D30F6E63319BEC7F35AC\Excel\17.jpg 삭제됨.
2020-04-27 10:58:05.2091 TRACE - [Scheduler] 파일 C:\Data\workspace\E2DDB1F4A236D30F6E63319BEC7F35AC\Excel\18.jpg 삭제됨.
2020-04-27 10:58:05.2091 TRACE - [Scheduler] 파일 C:\Data\workspace\E2DDB1F4A236D30F6E63319BEC7F35AC\Excel\19.jpg 삭제됨.
2020-04-27 10:58:05.2261 TRACE - [Scheduler] 파일 C:\Data\workspace\E2DDB1F4A236D30F6E63319BEC7F35AC\Excel\2.jpg 삭제됨.
2020-04-27 10:58:05.2261 TRACE - [Scheduler] 파일 C:\Data\workspace\E2DDB1F4A236D30F6E63319BEC7F35AC\Excel\20.jpg 삭제됨.
2020-04-27 10:58:05.2261 TRACE - [Scheduler] 파일 C:\Data\workspace\E2DDB1F4A236D30F6E63319BEC7F35AC\Excel\21.jpg 삭제됨.
2020-04-27 10:58:05.2261 TRACE - [Scheduler] 파일 C:\Data\workspace\E2DDB1F4A236D30F6E63319BEC7F35AC\Excel\22.jpg 삭제됨.
2020-04-27 10:58:05.2261 TRACE - [Scheduler] 파일 C:\Data\workspace\E2DDB1F4A236D30F6E63319BEC7F35AC\Excel\23.jpg 삭제됨.
2020-04-27 10:58:05.2261 TRACE - [Scheduler] 파일 C:\Data\workspace\E2DDB1F4A236D30F6E63319BEC7F35AC\Excel\24.jpg 삭제됨.
2020-04-27 10:58:05.2261 TRACE - [Scheduler] 파일 C:\Data\workspace\E2DDB1F4A236D30F6E63319BEC7F35AC\Excel\25.jpg 삭제됨.
2020-04-27 10:58:05.2261 TRACE - [Scheduler] 파일 C:\Data\workspace\E2DDB1F4A236D30F6E63319BEC7F35AC\Excel\26.jpg 삭제됨.
2020-04-27 10:58:05.2261 TRACE - [Scheduler] 파일 C:\Data\workspace\E2DDB1F4A236D30F6E63319BEC7F35AC\Excel\27.jpg 삭제됨.
2020-04-27 10:58:05.2411 TRACE - [Scheduler] 파일 C:\Data\workspace\E2DDB1F4A236D30F6E63319BEC7F35AC\Excel\28.jpg 삭제됨.
2020-04-27 10:58:05.2411 TRACE - [Scheduler] 파일 C:\Data\workspace\E2DDB1F4A236D30F6E63319BEC7F35AC\Excel\29.jpg 삭제됨.
2020-04-27 10:58:05.2411 TRACE - [Scheduler] 파일 C:\Data\workspace\E2DDB1F4A236D30F6E63319BEC7F35AC\Excel\3.jpg 삭제됨.
2020-04-27 10:58:05.2411 TRACE - [Scheduler] 파일 C:\Data\workspace\E2DDB1F4A236D30F6E63319BEC7F35AC\Excel\30.jpg 삭제됨.
2020-04-27 10:58:05.2411 TRACE - [Scheduler] 파일 C:\Data\workspace\E2DDB1F4A236D30F6E63319BEC7F35AC\Excel\31.jpg 삭제됨.
2020-04-27 10:58:05.2411 TRACE - [Scheduler] 파일 C:\Data\workspace\E2DDB1F4A236D30F6E63319BEC7F35AC\Excel\32.jpg 삭제됨.
2020-04-27 10:58:05.2411 TRACE - [Scheduler] 파일 C:\Data\workspace\E2DDB1F4A236D30F6E63319BEC7F35AC\Excel\33.jpg 삭제됨.
2020-04-27 10:58:05.2411 TRACE - [Scheduler] 파일 C:\Data\workspace\E2DDB1F4A236D30F6E63319BEC7F35AC\Excel\34.jpg 삭제됨.
2020-04-27 10:58:05.2561 TRACE - [Scheduler] 파일 C:\Data\workspace\E2DDB1F4A236D30F6E63319BEC7F35AC\Excel\35.jpg 삭제됨.
2020-04-27 10:58:05.2561 TRACE - [Scheduler] 파일 C:\Data\workspace\E2DDB1F4A236D30F6E63319BEC7F35AC\Excel\36.jpg 삭제됨.
2020-04-27 10:58:05.2561 TRACE - [Scheduler] 파일 C:\Data\workspace\E2DDB1F4A236D30F6E63319BEC7F35AC\Excel\37.jpg 삭제됨.
2020-04-27 10:58:05.2561 TRACE - [Scheduler] 파일 C:\Data\workspace\E2DDB1F4A236D30F6E63319BEC7F35AC\Excel\38.jpg 삭제됨.
2020-04-27 10:58:05.2561 TRACE - [Scheduler] 파일 C:\Data\workspace\E2DDB1F4A236D30F6E63319BEC7F35AC\Excel\39.jpg 삭제됨.
2020-04-27 10:58:05.2561 TRACE - [Scheduler] 파일 C:\Data\workspace\E2DDB1F4A236D30F6E63319BEC7F35AC\Excel\4.jpg 삭제됨.
2020-04-27 10:58:05.2731 TRACE - [Scheduler] 파일 C:\Data\workspace\E2DDB1F4A236D30F6E63319BEC7F35AC\Excel\40.jpg 삭제됨.
2020-04-27 10:58:05.2731 TRACE - [Scheduler] 파일 C:\Data\workspace\E2DDB1F4A236D30F6E63319BEC7F35AC\Excel\41.jpg 삭제됨.
2020-04-27 10:58:05.2731 TRACE - [Scheduler] 파일 C:\Data\workspace\E2DDB1F4A236D30F6E63319BEC7F35AC\Excel\42.jpg 삭제됨.
2020-04-27 10:58:05.2731 TRACE - [Scheduler] 파일 C:\Data\workspace\E2DDB1F4A236D30F6E63319BEC7F35AC\Excel\43.jpg 삭제됨.
2020-04-27 10:58:05.2731 TRACE - [Scheduler] 파일 C:\Data\workspace\E2DDB1F4A236D30F6E63319BEC7F35AC\Excel\44.jpg 삭제됨.
2020-04-27 10:58:05.2731 TRACE - [Scheduler] 파일 C:\Data\workspace\E2DDB1F4A236D30F6E63319BEC7F35AC\Excel\45.jpg 삭제됨.
2020-04-27 10:58:05.2731 TRACE - [Scheduler] 파일 C:\Data\workspace\E2DDB1F4A236D30F6E63319BEC7F35AC\Excel\46.jpg 삭제됨.
2020-04-27 10:58:05.2731 TRACE - [Scheduler] 파일 C:\Data\workspace\E2DDB1F4A236D30F6E63319BEC7F35AC\Excel\47.jpg 삭제됨.
2020-04-27 10:58:05.2881 TRACE - [Scheduler] 파일 C:\Data\workspace\E2DDB1F4A236D30F6E63319BEC7F35AC\Excel\48.jpg 삭제됨.
2020-04-27 10:58:05.2881 TRACE - [Scheduler] 파일 C:\Data\workspace\E2DDB1F4A236D30F6E63319BEC7F35AC\Excel\49.jpg 삭제됨.
2020-04-27 10:58:05.2881 TRACE - [Scheduler] 파일 C:\Data\workspace\E2DDB1F4A236D30F6E63319BEC7F35AC\Excel\5.jpg 삭제됨.
2020-04-27 10:58:05.2881 TRACE - [Scheduler] 파일 C:\Data\workspace\E2DDB1F4A236D30F6E63319BEC7F35AC\Excel\50.jpg 삭제됨.
2020-04-27 10:58:05.2881 TRACE - [Scheduler] 파일 C:\Data\workspace\E2DDB1F4A236D30F6E63319BEC7F35AC\Excel\51.jpg 삭제됨.
2020-04-27 10:58:05.2881 TRACE - [Scheduler] 파일 C:\Data\workspace\E2DDB1F4A236D30F6E63319BEC7F35AC\Excel\52.jpg 삭제됨.
2020-04-27 10:58:05.2881 TRACE - [Scheduler] 파일 C:\Data\workspace\E2DDB1F4A236D30F6E63319BEC7F35AC\Excel\53.jpg 삭제됨.
2020-04-27 10:58:05.2881 TRACE - [Scheduler] 파일 C:\Data\workspace\E2DDB1F4A236D30F6E63319BEC7F35AC\Excel\54.jpg 삭제됨.
2020-04-27 10:58:05.2881 TRACE - [Scheduler] 파일 C:\Data\workspace\E2DDB1F4A236D30F6E63319BEC7F35AC\Excel\55.jpg 삭제됨.
2020-04-27 10:58:05.2881 TRACE - [Scheduler] 파일 C:\Data\workspace\E2DDB1F4A236D30F6E63319BEC7F35AC\Excel\56.jpg 삭제됨.
2020-04-27 10:58:05.3041 TRACE - [Scheduler] 파일 C:\Data\workspace\E2DDB1F4A236D30F6E63319BEC7F35AC\Excel\57.jpg 삭제됨.
2020-04-27 10:58:05.3041 TRACE - [Scheduler] 파일 C:\Data\workspace\E2DDB1F4A236D30F6E63319BEC7F35AC\Excel\58.jpg 삭제됨.
2020-04-27 10:58:05.3041 TRACE - [Scheduler] 파일 C:\Data\workspace\E2DDB1F4A236D30F6E63319BEC7F35AC\Excel\59.jpg 삭제됨.
2020-04-27 10:58:05.3041 TRACE - [Scheduler] 파일 C:\Data\workspace\E2DDB1F4A236D30F6E63319BEC7F35AC\Excel\6.jpg 삭제됨.
2020-04-27 10:58:05.3041 TRACE - [Scheduler] 파일 C:\Data\workspace\E2DDB1F4A236D30F6E63319BEC7F35AC\Excel\60.jpg 삭제됨.
2020-04-27 10:58:05.3041 TRACE - [Scheduler] 파일 C:\Data\workspace\E2DDB1F4A236D30F6E63319BEC7F35AC\Excel\61.jpg 삭제됨.
2020-04-27 10:58:05.3041 TRACE - [Scheduler] 파일 C:\Data\workspace\E2DDB1F4A236D30F6E63319BEC7F35AC\Excel\62.jpg 삭제됨.
2020-04-27 10:58:05.3041 TRACE - [Scheduler] 파일 C:\Data\workspace\E2DDB1F4A236D30F6E63319BEC7F35AC\Excel\63.jpg 삭제됨.
2020-04-27 10:58:05.3191 TRACE - [Scheduler] 파일 C:\Data\workspace\E2DDB1F4A236D30F6E63319BEC7F35AC\Excel\64.jpg 삭제됨.
2020-04-27 10:58:05.3191 TRACE - [Scheduler] 파일 C:\Data\workspace\E2DDB1F4A236D30F6E63319BEC7F35AC\Excel\65.jpg 삭제됨.
2020-04-27 10:58:05.3191 TRACE - [Scheduler] 파일 C:\Data\workspace\E2DDB1F4A236D30F6E63319BEC7F35AC\Excel\66.jpg 삭제됨.
2020-04-27 10:58:05.3191 TRACE - [Scheduler] 파일 C:\Data\workspace\E2DDB1F4A236D30F6E63319BEC7F35AC\Excel\67.jpg 삭제됨.
2020-04-27 10:58:05.3191 TRACE - [Scheduler] 파일 C:\Data\workspace\E2DDB1F4A236D30F6E63319BEC7F35AC\Excel\68.jpg 삭제됨.
2020-04-27 10:58:05.3191 TRACE - [Scheduler] 파일 C:\Data\workspace\E2DDB1F4A236D30F6E63319BEC7F35AC\Excel\69.jpg 삭제됨.
2020-04-27 10:58:05.3191 TRACE - [Scheduler] 파일 C:\Data\workspace\E2DDB1F4A236D30F6E63319BEC7F35AC\Excel\7.jpg 삭제됨.
2020-04-27 10:58:05.3191 TRACE - [Scheduler] 파일 C:\Data\workspace\E2DDB1F4A236D30F6E63319BEC7F35AC\Excel\70.jpg 삭제됨.
2020-04-27 10:58:05.3191 TRACE - [Scheduler] 파일 C:\Data\workspace\E2DDB1F4A236D30F6E63319BEC7F35AC\Excel\71.jpg 삭제됨.
2020-04-27 10:58:05.3191 TRACE - [Scheduler] 파일 C:\Data\workspace\E2DDB1F4A236D30F6E63319BEC7F35AC\Excel\72.jpg 삭제됨.
2020-04-27 10:58:05.3361 TRACE - [Scheduler] 파일 C:\Data\workspace\E2DDB1F4A236D30F6E63319BEC7F35AC\Excel\73.jpg 삭제됨.
2020-04-27 10:58:05.3361 TRACE - [Scheduler] 파일 C:\Data\workspace\E2DDB1F4A236D30F6E63319BEC7F35AC\Excel\74.jpg 삭제됨.
2020-04-27 10:58:05.3361 TRACE - [Scheduler] 파일 C:\Data\workspace\E2DDB1F4A236D30F6E63319BEC7F35AC\Excel\75.jpg 삭제됨.
2020-04-27 10:58:05.3361 TRACE - [Scheduler] 파일 C:\Data\workspace\E2DDB1F4A236D30F6E63319BEC7F35AC\Excel\76.jpg 삭제됨.
2020-04-27 10:58:05.3361 TRACE - [Scheduler] 파일 C:\Data\workspace\E2DDB1F4A236D30F6E63319BEC7F35AC\Excel\77.jpg 삭제됨.
2020-04-27 10:58:05.3361 TRACE - [Scheduler] 파일 C:\Data\workspace\E2DDB1F4A236D30F6E63319BEC7F35AC\Excel\78.jpg 삭제됨.
2020-04-27 10:58:05.3361 TRACE - [Scheduler] 파일 C:\Data\workspace\E2DDB1F4A236D30F6E63319BEC7F35AC\Excel\79.jpg 삭제됨.
2020-04-27 10:58:05.3361 TRACE - [Scheduler] 파일 C:\Data\workspace\E2DDB1F4A236D30F6E63319BEC7F35AC\Excel\8.jpg 삭제됨.
2020-04-27 10:58:05.3361 TRACE - [Scheduler] 파일 C:\Data\workspace\E2DDB1F4A236D30F6E63319BEC7F35AC\Excel\80.jpg 삭제됨.
2020-04-27 10:58:05.3510 TRACE - [Scheduler] 파일 C:\Data\workspace\E2DDB1F4A236D30F6E63319BEC7F35AC\Excel\81.jpg 삭제됨.
2020-04-27 10:58:05.3510 TRACE - [Scheduler] 파일 C:\Data\workspace\E2DDB1F4A236D30F6E63319BEC7F35AC\Excel\82.jpg 삭제됨.
2020-04-27 10:58:05.3510 TRACE - [Scheduler] 파일 C:\Data\workspace\E2DDB1F4A236D30F6E63319BEC7F35AC\Excel\83.jpg 삭제됨.
2020-04-27 10:58:05.3510 TRACE - [Scheduler] 파일 C:\Data\workspace\E2DDB1F4A236D30F6E63319BEC7F35AC\Excel\84.jpg 삭제됨.
2020-04-27 10:58:05.3510 TRACE - [Scheduler] 파일 C:\Data\workspace\E2DDB1F4A236D30F6E63319BEC7F35AC\Excel\85.jpg 삭제됨.
2020-04-27 10:58:05.3510 TRACE - [Scheduler] 파일 C:\Data\workspace\E2DDB1F4A236D30F6E63319BEC7F35AC\Excel\86.jpg 삭제됨.
2020-04-27 10:58:05.3510 TRACE - [Scheduler] 파일 C:\Data\workspace\E2DDB1F4A236D30F6E63319BEC7F35AC\Excel\87.jpg 삭제됨.
2020-04-27 10:58:05.3510 TRACE - [Scheduler] 파일 C:\Data\workspace\E2DDB1F4A236D30F6E63319BEC7F35AC\Excel\88.jpg 삭제됨.
2020-04-27 10:58:05.3510 TRACE - [Scheduler] 파일 C:\Data\workspace\E2DDB1F4A236D30F6E63319BEC7F35AC\Excel\89.jpg 삭제됨.
2020-04-27 10:58:05.3510 TRACE - [Scheduler] 파일 C:\Data\workspace\E2DDB1F4A236D30F6E63319BEC7F35AC\Excel\9.jpg 삭제됨.
2020-04-27 10:58:05.3660 TRACE - [Scheduler] 파일 C:\Data\workspace\E2DDB1F4A236D30F6E63319BEC7F35AC\Excel\90.jpg 삭제됨.
2020-04-27 10:58:05.3660 TRACE - [Scheduler] 파일 C:\Data\workspace\E2DDB1F4A236D30F6E63319BEC7F35AC\Excel\91.jpg 삭제됨.
2020-04-27 10:58:05.3660 TRACE - [Scheduler] 파일 C:\Data\workspace\E2DDB1F4A236D30F6E63319BEC7F35AC\Excel\92.jpg 삭제됨.
2020-04-27 10:58:05.3660 TRACE - [Scheduler] 파일 C:\Data\workspace\E2DDB1F4A236D30F6E63319BEC7F35AC\Excel\93.jpg 삭제됨.
2020-04-27 10:58:05.3660 TRACE - [Scheduler] 폴더 C:\Data\workspace\E2DDB1F4A236D30F6E63319BEC7F35AC\Excel 삭제됨.
2020-04-27 10:58:05.3660 TRACE - [Scheduler] 파일 C:\Data\workspace\E2DDB1F4A236D30F6E63319BEC7F35AC\Excel.pdf 삭제됨.
2020-04-27 10:58:05.3660 TRACE - [Scheduler] 파일 C:\Data\workspace\E2DDB1F4A236D30F6E63319BEC7F35AC\Excel.xlsx 삭제됨.
2020-04-27 10:58:05.3660 TRACE - [Scheduler] 폴더 C:\Data\workspace\E2DDB1F4A236D30F6E63319BEC7F35AC 삭제됨.
2020-04-27 10:58:05.3660 TRACE - [Scheduler] 파일 C:\Data\tmp\hwptest.hwp 삭제됨.
2020-04-27 10:58:05.3660 TRACE - [Scheduler] 파일 C:\Data\tmp\project_schedule.xlsx 삭제됨.
2020-04-27 10:58:05.3660 TRACE - [Scheduler] 파일 C:\Data\tmp\Welcome to Hwp.hwp 삭제됨.
2020-04-27 10:58:05.3820 TRACE - [Scheduler] 파일 C:\Data\tmp\word.docx 삭제됨.
2020-04-27 10:58:05.3820 TRACE - [Scheduler] 폴더 C:\Data\tmp 삭제됨.
2020-04-27 11:02:05.0413 TRACE - 스케줄러 작동중 오류가 발생하여 비활성화 하였습니다.
