2020-04-07 18:48:15.8611 ERROR - 권한이 없는 작업을 수행하려고 했습니다.
2020-04-07 18:50:49.4245 ERROR - 권한이 없는 작업을 수행하려고 했습니다.
2020-04-07 18:55:26.3612 ERROR - 권한이 없는 작업을 수행하려고 했습니다.
2020-04-07 19:20:54.4564 ERROR - 권한이 없는 작업을 수행하려고 했습니다.
2020-04-07 19:21:57.1036 ERROR - 권한이 없는 작업을 수행하려고 했습니다.
2020-04-07 19:22:49.6321 ERROR - 권한이 없는 작업을 수행하려고 했습니다.
2020-04-07 19:23:49.2853 ERROR - 권한이 없는 작업을 수행하려고 했습니다.
2020-04-07 19:24:23.8559 ERROR - 권한이 없는 작업을 수행하려고 했습니다.
2020-04-07 19:25:16.3875 ERROR - 권한이 없는 작업을 수행하려고 했습니다.
2020-04-07 19:26:20.1948 ERROR - 권한이 없는 작업을 수행하려고 했습니다.
2020-04-07 19:26:38.6985 ERROR - ==================== Method: WordSaveAs ====================
2020-04-07 19:26:38.7155 ERROR -    위치: Microsoft.Office.Interop.Word.DocumentClass.SaveAs2(Object& FileName, Object& FileFormat, Object& LockComments, Object& Password, Object& AddToRecentFiles, Object& WritePassword, Object& ReadOnlyRecommended, Object& EmbedTrueTypeFonts, Object& SaveNativePictureFormat, Object& SaveFormsData, Object& SaveAsAOCELetter, Object& Encoding, Object& InsertLineBreaks, Object& AllowSubstitutions, Object& LineEnding, Object& AddBiDiMarks, Object& CompatibilityMode)
   위치: DocConvert_Core.OfficeLib.WordConvert_Core.WordSaveAs(String FilePath, String outPath, String docPassword, Boolean pageCounting, Boolean appvisible) 파일 C:\Users\o0_0o\Source\Repos\isugar150\DocConvert\DocConvert\OfficeLib\WordConvert_Core.cs:줄 134

2020-04-07 19:26:38.7295 ERROR - 변환 실패: 원격 프로시저를 호출하지 못했습니다. (예외가 발생한 HRESULT: 0x800706BE)
2020-04-07 19:26:38.7295 ERROR - ==================== End ====================
2020-04-07 19:26:38.8050 ERROR - 권한이 없는 작업을 수행하려고 했습니다.
2020-04-07 19:30:08.8024 ERROR - 권한이 없는 작업을 수행하려고 했습니다.
2020-04-07 19:34:32.5648 ERROR - 권한이 없는 작업을 수행하려고 했습니다.
2020-04-07 19:36:51.3606 ERROR - 권한이 없는 작업을 수행하려고 했습니다.
2020-04-07 19:37:52.7172 ERROR - 권한이 없는 작업을 수행하려고 했습니다.
2020-04-07 19:39:36.2408 ERROR - 권한이 없는 작업을 수행하려고 했습니다.
2020-04-07 19:40:40.8914 ERROR - 권한이 없는 작업을 수행하려고 했습니다.
2020-04-07 19:41:23.3007 ERROR - 권한이 없는 작업을 수행하려고 했습니다.
2020-04-07 19:50:09.5714 ERROR - 권한이 없는 작업을 수행하려고 했습니다.
2020-04-07 19:53:52.0558 ERROR - 권한이 없는 작업을 수행하려고 했습니다.
2020-04-07 19:54:58.2382 ERROR - 권한이 없는 작업을 수행하려고 했습니다.
2020-04-07 19:55:13.6974 ERROR - 권한이 없는 작업을 수행하려고 했습니다.
