2021-02-27 20:12:53.4851  INFO - ==================== Start ====================
2021-02-27 20:12:53.5033  INFO - Method: WordSaveAs, FilePath: C:\Workspace\data\20210227\F733E458A53BB535F24A0ACC242E1985\test.docx, outPath: C:\Workspace\data\20210227\F733E458A53BB535F24A0ACC242E1985, docPassword: 
2021-02-27 20:13:00.2145  INFO - Conversion success
2021-02-27 20:13:00.5870  INFO - ==================== End ====================
2021-02-27 20:15:38.1049  INFO - ==================== Start ====================
2021-02-27 20:15:38.1401  INFO - Method: WordSaveAs, FilePath: C:\Workspace\data\20210227\F733E458A53BB535F24A0ACC242E1985\test.docx, outPath: C:\Workspace\data\20210227\F733E458A53BB535F24A0ACC242E1985\test, docPassword: 
2021-02-27 20:15:43.2873  INFO - Conversion success
2021-02-27 20:15:43.5085  INFO - ==================== End ====================
2021-02-27 20:17:27.5100  INFO - ==================== Start ====================
2021-02-27 20:17:27.5334  INFO - Method: WordSaveAs, FilePath: C:\Workspace\data\20210227\F733E458A53BB535F24A0ACC242E1985\test.docx, outPath: C:\Workspace\data\20210227\F733E458A53BB535F24A0ACC242E1985\test, docPassword: 
2021-02-27 20:17:31.5616  INFO - Conversion success
2021-02-27 20:17:31.9421  INFO - ==================== End ====================
2021-02-27 20:20:11.2768  INFO - ==================== Start ====================
2021-02-27 20:20:11.2768  INFO - Method: WordSaveAs, FilePath: C:\Workspace\data\20210227\F733E458A53BB535F24A0ACC242E1985\test.docx, outPath: C:\Workspace\data\20210227\F733E458A53BB535F24A0ACC242E1985\test, docPassword: 
2021-02-27 20:20:14.2905  INFO - Conversion success
2021-02-27 20:20:14.4316  INFO - ==================== End ====================
2021-02-27 20:21:27.7143  INFO - ==================== Start ====================
2021-02-27 20:21:27.7304  INFO - Method: WordSaveAs, FilePath: C:\Workspace\data\20210227\F733E458A53BB535F24A0ACC242E1985\test.docx, outPath: C:\Workspace\data\20210227\F733E458A53BB535F24A0ACC242E1985\test, docPassword: 
2021-02-27 20:21:30.7257  INFO - Conversion success
2021-02-27 20:21:30.9032  INFO - ==================== End ====================
2021-02-27 20:23:29.5446  INFO - ==================== Start ====================
2021-02-27 20:23:29.5564  INFO - Method: WordSaveAs, FilePath: C:\Workspace\data\20210227\F733E458A53BB535F24A0ACC242E1985\test.docx, outPath: C:\Workspace\data\20210227\F733E458A53BB535F24A0ACC242E1985\test, docPassword: 
2021-02-27 20:23:32.6715  INFO - Conversion success
2021-02-27 20:23:32.9801  INFO - ==================== End ====================
2021-02-27 20:25:03.6821  INFO - ==================== Start ====================
2021-02-27 20:25:03.7021  INFO - Method: WordSaveAs, FilePath: C:\Workspace\data\20210227\F733E458A53BB535F24A0ACC242E1985\test.docx, outPath: C:\Workspace\data\20210227\F733E458A53BB535F24A0ACC242E1985\test, docPassword: 
2021-02-27 20:25:07.3705  INFO - Conversion success
2021-02-27 20:25:07.7568  INFO - ==================== End ====================
2021-02-27 20:26:55.4482  INFO - ==================== Start ====================
2021-02-27 20:26:55.4482  INFO - Method: WordSaveAs, FilePath: C:\Workspace\data\20210227\F733E458A53BB535F24A0ACC242E1985\test.docx, outPath: C:\Workspace\data\20210227\F733E458A53BB535F24A0ACC242E1985\test, docPassword: 
2021-02-27 20:26:58.3233  INFO - Conversion success
2021-02-27 20:26:58.4586  INFO - ==================== End ====================
2021-02-27 20:29:09.4793  INFO - ==================== Start ====================
2021-02-27 20:29:09.4977  INFO - Method: WordSaveAs, FilePath: C:\Workspace\data\20210227\F733E458A53BB535F24A0ACC242E1985\test.docx, outPath: C:\Workspace\data\20210227\F733E458A53BB535F24A0ACC242E1985\test, docPassword: 
2021-02-27 20:29:12.8361  INFO - Conversion success
2021-02-27 20:29:13.1139  INFO - ==================== End ====================
2021-02-27 20:30:04.4624  INFO - ==================== Start ====================
2021-02-27 20:30:04.4624  INFO - Method: WordSaveAs, FilePath: C:\Workspace\data\20210227\F733E458A53BB535F24A0ACC242E1985\test.docx, outPath: C:\Workspace\data\20210227\F733E458A53BB535F24A0ACC242E1985\test, docPassword: 
2021-02-27 20:30:07.9113  INFO - Conversion success
2021-02-27 20:30:08.1992  INFO - ==================== End ====================
2021-02-27 20:31:20.1370  INFO - ==================== Start ====================
2021-02-27 20:31:20.1370  INFO - Method: WordSaveAs, FilePath: C:\Workspace\data\20210227\F733E458A53BB535F24A0ACC242E1985\test.docx, outPath: C:\Workspace\data\20210227\F733E458A53BB535F24A0ACC242E1985\test, docPassword: 
2021-02-27 20:31:23.4142  INFO - Conversion success
2021-02-27 20:31:23.7306  INFO - ==================== End ====================
2021-02-27 20:48:10.8999  INFO - ==================== Start ====================
2021-02-27 20:48:10.8999  INFO - Method: WordSaveAs, FilePath: C:\Workspace\data\20210227\F733E458A53BB535F24A0ACC242E1985\test.docx, outPath: C:\Workspace\data\20210227\F733E458A53BB535F24A0ACC242E1985\test, docPassword: 
2021-02-27 20:48:14.0148  INFO - Conversion success
2021-02-27 20:48:14.1750  INFO - ==================== End ====================
