2020-04-29 00:10:50.6211 TRACE - =============== Properties ===============
2020-04-29 00:10:50.6211 TRACE - 
2020-04-29 00:10:50.6211 TRACE - Jm's DCServer
2020-04-29 00:10:50.6211 TRACE - 127.0.0.1
2020-04-29 00:10:50.6211 TRACE - 12000
2020-04-29 00:10:50.6211 TRACE - 12005
2020-04-29 00:10:50.6211 TRACE - 12100
2020-04-29 00:10:50.6211 TRACE - 10
2020-04-29 00:10:50.6211 TRACE - 300
2020-04-29 00:10:50.6211 TRACE - B29D00A3 - F825 - 4EB7 - 93C1 - A77F5E31A7C2
2020-04-29 00:10:50.6211 TRACE - C:\Data
2020-04-29 00:10:50.6211 TRACE - True
2020-04-29 00:10:50.6331 TRACE - True
2020-04-29 00:10:50.6331 TRACE - True
2020-04-29 00:10:50.6331 TRACE - 3
2020-04-29 00:10:50.6331 TRACE - True
2020-04-29 00:10:50.6331 TRACE - 10
2020-04-29 00:10:50.6331 TRACE - 20
2020-04-29 00:10:50.6331 TRACE - ==========================================
2020-04-29 00:13:46.6552 TRACE - =============== Properties ===============
2020-04-29 00:13:46.6552 TRACE - ==========================================
2020-04-29 00:17:59.7729 TRACE - =============== Properties ===============
2020-04-29 00:17:59.7729 TRACE - ==========================================
2020-04-29 00:18:34.6004 TRACE - =============== Properties ===============
2020-04-29 00:18:34.6014 TRACE - ==========================================
2020-04-29 00:19:03.5785 TRACE - =============== Properties ===============
2020-04-29 00:19:03.5855 TRACE - ==========================================
2020-04-29 00:19:20.5487 TRACE - =============== Properties ===============
2020-04-29 00:19:20.5547 TRACE - ==========================================
2020-04-29 00:24:01.0356 TRACE - =============== Properties ===============
2020-04-29 00:24:01.0387 TRACE - ==========================================
2020-04-29 00:24:12.0761 TRACE - =============== Properties ===============
2020-04-29 00:24:12.0761 TRACE - ==========================================
2020-04-29 00:25:51.5780 TRACE - =============== Properties ===============
2020-04-29 00:25:51.5780 TRACE - ==========================================
2020-04-29 00:34:02.7249 TRACE - =============== Properties ===============
2020-04-29 00:34:02.7259 TRACE - ==========================================
2020-04-29 00:34:24.5320 TRACE - =============== Properties ===============
2020-04-29 00:34:24.5390 TRACE - ==========================================
2020-04-29 00:34:52.0480 TRACE - =============== Properties ===============
2020-04-29 00:34:52.0540 TRACE - ==========================================
2020-04-29 00:42:19.5149 TRACE - =============== Properties ===============
2020-04-29 00:42:19.5149 TRACE - ==========================================
2020-04-29 00:44:55.1026 TRACE - =============== Properties ===============
2020-04-29 00:44:55.1026 TRACE - ==========================================
2020-04-29 00:46:05.3529 TRACE - =============== Properties ===============
2020-04-29 00:46:05.3689 TRACE - ==========================================
2020-04-29 00:46:24.6356 TRACE - =============== Properties ===============
2020-04-29 00:46:24.6356 TRACE - ==========================================
