2021-02-28 02:19:13.7480  INFO - ==================== Start ====================
2021-02-28 02:19:13.7653  INFO - Method: HwpSaveAs, FilePath: C:\workspace\data\20210228\D501C67A9439F3EC96BAB25DE584735C\test.hwp, outPath: C:\workspace\data\20210228\D501C67A9439F3EC96BAB25DE584735C\test.pdf
2021-02-28 02:19:18.3288  INFO - ==================== End ====================
2021-02-28 02:19:18.3560  INFO - ==================== Start ====================
2021-02-28 02:19:18.3560  INFO - Method: PDFtoJpeg, FilePath: C:\workspace\data\20210228\D501C67A9439F3EC96BAB25DE584735C\test.pdf, outPath: C:\workspace\data\20210228\D501C67A9439F3EC96BAB25DE584735C\test\
2021-02-28 02:19:18.5355  INFO - Image conversion was successful.
2021-02-28 02:19:18.5464  INFO - ==================== End ====================
2021-02-28 02:19:34.2949  INFO - ==================== Start ====================
2021-02-28 02:19:34.3127  INFO - Method: WordSaveAs, FilePath: C:\workspace\data\20210228\E8D311B8E1E51C71FD160A70B8173C0C\test.docx, outPath: C:\workspace\data\20210228\E8D311B8E1E51C71FD160A70B8173C0C\test.pdf, docPassword: 
2021-02-28 02:19:38.1122  INFO - Conversion success
2021-02-28 02:19:38.2741  INFO - ==================== End ====================
2021-02-28 02:19:38.2872  INFO - ==================== Start ====================
2021-02-28 02:19:38.2988  INFO - Method: PDFtoJpeg, FilePath: C:\workspace\data\20210228\E8D311B8E1E51C71FD160A70B8173C0C\test.pdf, outPath: C:\workspace\data\20210228\E8D311B8E1E51C71FD160A70B8173C0C\test\
2021-02-28 02:19:38.3667  INFO - Image conversion was successful.
2021-02-28 02:19:38.3802  INFO - ==================== End ====================
2021-02-28 02:20:07.8874  INFO - ==================== Start ====================
2021-02-28 02:20:07.9060  INFO - Method: PowerPointSaveAs, FilePath: C:\workspace\data\20210228\B571E584BC74CAED007F6F2B371C73CB\test.pptx, outPath: C:\workspace\data\20210228\B571E584BC74CAED007F6F2B371C73CB\test.pdf, docPassword: 
2021-02-28 02:20:09.7099  INFO - Conversion success
2021-02-28 02:20:09.7295  INFO - ==================== End ====================
2021-02-28 02:20:09.7295  INFO - ==================== Start ====================
2021-02-28 02:20:09.7456  INFO - Method: PDFtoJpeg, FilePath: C:\workspace\data\20210228\B571E584BC74CAED007F6F2B371C73CB\test.pdf, outPath: C:\workspace\data\20210228\B571E584BC74CAED007F6F2B371C73CB\test\
2021-02-28 02:20:09.7679  INFO - Image conversion was successful.
2021-02-28 02:20:09.7679  INFO - ==================== End ====================
2021-02-28 02:20:45.5616  INFO - ==================== Start ====================
2021-02-28 02:20:45.5616  INFO - Method: ExcelSaveAs, FilePath: C:\workspace\data\20210228\EE4C6741ECFD0303981FD56DDC7EF2C4\test.xlsx, outPath: C:\workspace\data\20210228\EE4C6741ECFD0303981FD56DDC7EF2C4\test.pdf, docPassword: 
2021-02-28 02:20:49.4341  INFO - Conversion success
2021-02-28 02:20:51.8742  INFO - ==================== End ====================
2021-02-28 02:20:51.8878  INFO - ==================== Start ====================
2021-02-28 02:20:51.8878  INFO - Method: PDFtoJpeg, FilePath: C:\workspace\data\20210228\EE4C6741ECFD0303981FD56DDC7EF2C4\test.pdf, outPath: C:\workspace\data\20210228\EE4C6741ECFD0303981FD56DDC7EF2C4\test\
2021-02-28 02:20:51.9640  INFO - Image conversion was successful.
2021-02-28 02:20:51.9895  INFO - ==================== End ====================
2021-02-28 02:21:57.5737  INFO - ==================== Start ====================
2021-02-28 02:21:57.5894  INFO - Method: HwpSaveAs, FilePath: C:\workspace\data\20210228\2B699FCE2A5094957B24445F97FCE8CC\test.hwp, outPath: C:\workspace\data\20210228\2B699FCE2A5094957B24445F97FCE8CC\test.pdf
2021-02-28 02:22:03.8087  INFO - ==================== End ====================
2021-02-28 02:22:03.8401  INFO - ==================== Start ====================
2021-02-28 02:22:03.8401  INFO - Method: PDFtoJpeg, FilePath: C:\workspace\data\20210228\2B699FCE2A5094957B24445F97FCE8CC\test.pdf, outPath: C:\workspace\data\20210228\2B699FCE2A5094957B24445F97FCE8CC\test\
2021-02-28 02:22:04.0378  INFO - Image conversion was successful.
2021-02-28 02:22:04.0506  INFO - ==================== End ====================
2021-02-28 02:22:40.3106  INFO - ==================== Start ====================
2021-02-28 02:22:40.3278  INFO - Method: WordSaveAs, FilePath: C:\workspace\data\20210228\0452378B72766F4FD0EE9110A9975F6B\test.docx, outPath: C:\workspace\data\20210228\0452378B72766F4FD0EE9110A9975F6B\test.pdf, docPassword: 
2021-02-28 02:22:47.9163  INFO - Conversion success
2021-02-28 02:22:48.0954  INFO - ==================== End ====================
2021-02-28 02:22:48.1071  INFO - ==================== Start ====================
2021-02-28 02:22:48.1216  INFO - Method: PDFtoJpeg, FilePath: C:\workspace\data\20210228\0452378B72766F4FD0EE9110A9975F6B\test.pdf, outPath: C:\workspace\data\20210228\0452378B72766F4FD0EE9110A9975F6B\test\
2021-02-28 02:22:48.7427  INFO - Image conversion was successful.
2021-02-28 02:22:48.7540  INFO - ==================== End ====================
2021-02-28 02:23:08.7606  INFO - ==================== Start ====================
2021-02-28 02:23:08.7606  INFO - Method: PowerPointSaveAs, FilePath: C:\workspace\data\20210228\AF49679A99A8C8C83F1F34955CF43346\test.pptx, outPath: C:\workspace\data\20210228\AF49679A99A8C8C83F1F34955CF43346\test.pdf, docPassword: 
2021-02-28 02:23:17.1279  INFO - Conversion success
2021-02-28 02:23:17.1646  INFO - ==================== End ====================
2021-02-28 02:23:17.1756  INFO - ==================== Start ====================
2021-02-28 02:23:17.1835  INFO - Method: PDFtoJpeg, FilePath: C:\workspace\data\20210228\AF49679A99A8C8C83F1F34955CF43346\test.pdf, outPath: C:\workspace\data\20210228\AF49679A99A8C8C83F1F34955CF43346\test\
2021-02-28 02:23:17.6399  INFO - Image conversion was successful.
2021-02-28 02:23:17.6399  INFO - ==================== End ====================
2021-02-28 02:23:38.7171  INFO - ==================== Start ====================
2021-02-28 02:23:38.7171  INFO - Method: ExcelSaveAs, FilePath: C:\workspace\data\20210228\BFF0CED46552E55EEF1B895A83577D5F\test.xlsx, outPath: C:\workspace\data\20210228\BFF0CED46552E55EEF1B895A83577D5F\test.pdf, docPassword: 
2021-02-28 02:24:00.8801  INFO - Conversion success
2021-02-28 02:24:03.0721  INFO - ==================== End ====================
2021-02-28 02:24:03.0834  INFO - ==================== Start ====================
2021-02-28 02:24:03.0960  INFO - Method: PDFtoJpeg, FilePath: C:\workspace\data\20210228\BFF0CED46552E55EEF1B895A83577D5F\test.pdf, outPath: C:\workspace\data\20210228\BFF0CED46552E55EEF1B895A83577D5F\test\
2021-02-28 02:24:06.9052  INFO - Image conversion was successful.
2021-02-28 02:24:06.9319  INFO - ==================== End ====================
2021-02-28 02:24:46.2150  INFO - ==================== Start ====================
2021-02-28 02:24:46.2150  INFO - Method: ExcelSaveAs, FilePath: C:\workspace\data\20210228\BFF0CED46552E55EEF1B895A83577D5F\test.xlsx, outPath: C:\workspace\data\20210228\BFF0CED46552E55EEF1B895A83577D5F\test.pdf, docPassword: 
2021-02-28 02:25:08.3800  INFO - Conversion success
2021-02-28 02:25:10.4320  INFO - ==================== End ====================
2021-02-28 02:26:34.5740  INFO - ==================== Start ====================
2021-02-28 02:26:34.5960  INFO - Method: ExcelSaveAs, FilePath: C:\workspace\data\20210228\BFF0CED46552E55EEF1B895A83577D5F\test.xlsx, outPath: C:\workspace\data\20210228\BFF0CED46552E55EEF1B895A83577D5F\test.pdf, docPassword: 
2021-02-28 02:26:55.1243  INFO - Conversion success
2021-02-28 02:26:57.2733  INFO - ==================== End ====================
2021-02-28 02:29:19.0426  INFO - ==================== Start ====================
2021-02-28 02:29:19.0636  INFO - Method: ExcelSaveAs, FilePath: C:\workspace\data\20210228\BFF0CED46552E55EEF1B895A83577D5F\test.xlsx, outPath: C:\workspace\data\20210228\BFF0CED46552E55EEF1B895A83577D5F\test.pdf, docPassword: 
2021-02-28 02:29:44.5751  INFO - Conversion success
2021-02-28 02:29:46.5515  INFO - ==================== End ====================
2021-02-28 02:30:06.9821  INFO - ==================== Start ====================
2021-02-28 02:30:06.9821  INFO - Method: ExcelSaveAs, FilePath: C:\workspace\data\20210228\BFF0CED46552E55EEF1B895A83577D5F\test.xlsx, outPath: C:\workspace\data\20210228\BFF0CED46552E55EEF1B895A83577D5F\test.pdf, docPassword: 
2021-02-28 02:30:23.9335  INFO - Conversion success
2021-02-28 02:30:26.1357  INFO - ==================== End ====================
2021-02-28 14:48:07.5796  INFO - ==================== Start ====================
2021-02-28 14:48:07.5887  INFO - Method: ExcelSaveAs, FilePath: C:\workspace\data\20210228\BFF0CED46552E55EEF1B895A83577D5F\test.xlsx, outPath: C:\workspace\data\20210228\BFF0CED46552E55EEF1B895A83577D5F\test.pdf, docPassword: 
2021-02-28 14:48:26.3850  INFO - Conversion success
2021-02-28 14:48:28.3833  INFO - ==================== End ====================
2021-02-28 14:48:28.3976  INFO - ==================== Start ====================
2021-02-28 14:48:28.3976  INFO - Method: PDFtoPng, FilePath: C:\workspace\data\20210228\BFF0CED46552E55EEF1B895A83577D5F\test.pdf, outPath: C:\workspace\data\20210228\BFF0CED46552E55EEF1B895A83577D5F\test\
2021-02-28 14:48:31.3176  INFO - Image conversion was successful.
2021-02-28 14:48:31.3310  INFO - ==================== End ====================
2021-02-28 14:51:54.1159  INFO - ==================== Start ====================
2021-02-28 14:51:54.1400  INFO - Method: PowerPointSaveAs, FilePath: C:\workspace\data\20210228\AF49679A99A8C8C83F1F34955CF43346\test.pptx, outPath: C:\workspace\data\20210228\AF49679A99A8C8C83F1F34955CF43346\test.pdf, docPassword: 
2021-02-28 14:52:00.8548  INFO - Conversion success
2021-02-28 14:52:00.8856  INFO - ==================== End ====================
2021-02-28 14:52:00.9018  INFO - ==================== Start ====================
2021-02-28 14:52:00.9018  INFO - Method: PDFtoPng, FilePath: C:\workspace\data\20210228\AF49679A99A8C8C83F1F34955CF43346\test.pdf, outPath: C:\workspace\data\20210228\AF49679A99A8C8C83F1F34955CF43346\test\
2021-02-28 14:52:01.6650  INFO - Image conversion was successful.
2021-02-28 14:52:01.6650  INFO - ==================== End ====================
2021-02-28 14:52:26.3461  INFO - ==================== Start ====================
2021-02-28 14:52:26.3521  INFO - Method: HwpSaveAs, FilePath: C:\workspace\data\20210228\2B699FCE2A5094957B24445F97FCE8CC\test.hwp, outPath: C:\workspace\data\20210228\2B699FCE2A5094957B24445F97FCE8CC\test.pdf
2021-02-28 14:52:34.7067  INFO - ==================== End ====================
2021-02-28 14:52:34.7382  INFO - ==================== Start ====================
2021-02-28 14:52:34.7477  INFO - Method: PDFtoPng, FilePath: C:\workspace\data\20210228\2B699FCE2A5094957B24445F97FCE8CC\test.pdf, outPath: C:\workspace\data\20210228\2B699FCE2A5094957B24445F97FCE8CC\test\
2021-02-28 14:52:34.9427  INFO - Image conversion was successful.
2021-02-28 14:52:34.9562  INFO - ==================== End ====================
2021-02-28 14:53:29.1324  INFO - ==================== Start ====================
2021-02-28 14:53:29.1518  INFO - Method: WordSaveAs, FilePath: C:\workspace\data\20210228\0452378B72766F4FD0EE9110A9975F6B\test.docx, outPath: C:\workspace\data\20210228\0452378B72766F4FD0EE9110A9975F6B\test.pdf, docPassword: 
2021-02-28 14:53:34.9319  INFO - Conversion success
2021-02-28 14:53:35.1159  INFO - ==================== End ====================
2021-02-28 14:53:35.1159  INFO - ==================== Start ====================
2021-02-28 14:53:35.1415  INFO - Method: PDFtoPng, FilePath: C:\workspace\data\20210228\0452378B72766F4FD0EE9110A9975F6B\test.pdf, outPath: C:\workspace\data\20210228\0452378B72766F4FD0EE9110A9975F6B\test\
2021-02-28 14:53:35.6634  INFO - Image conversion was successful.
2021-02-28 14:53:35.6804  INFO - ==================== End ====================
2021-02-28 14:59:25.2742  INFO - ==================== Start ====================
2021-02-28 14:59:25.2742  INFO - Method: WordSaveAs, FilePath: C:\workspace\data\20210228\0452378B72766F4FD0EE9110A9975F6B\test.docx, outPath: C:\workspace\data\20210228\0452378B72766F4FD0EE9110A9975F6B\test.pdf, docPassword: 
2021-02-28 14:59:29.8515  INFO - Conversion success
2021-02-28 14:59:30.0097  INFO - ==================== End ====================
2021-02-28 14:59:30.0310  INFO - ==================== Start ====================
2021-02-28 14:59:30.0393  INFO - Method: PDFtoPng, FilePath: C:\workspace\data\20210228\0452378B72766F4FD0EE9110A9975F6B\test.pdf, outPath: C:\workspace\data\20210228\0452378B72766F4FD0EE9110A9975F6B\test\
2021-02-28 14:59:30.5429  INFO - Image conversion was successful.
2021-02-28 14:59:30.5529  INFO - ==================== End ====================
