2021-02-28 16:52:54.2944 FATAL - 
          _____              _____                          _   
         |  __ \            / ____|                        | |  
         | |  | | ___   ___| |     ___  _ ____   _____ _ __| |_ 
         | |  | |/ _ \ / __| |    / _ \| '_ \ \ / / _ \ '__| __|
         | |__| | (_) | (__| |___| (_) | | | \ V /  __/ |  | |_ 
         |_____/ \___/ \___|\_____\___/|_| |_|\_/ \___|_|   \__|
          / ____|                                               
         | (___   ___ _ ____   _____ _ __                       
          \___ \ / _ \ '__\ \ / / _ \ '__|                      
          ____) |  __/ |   \ V /  __/ |                         
         |_____/ \___|_|    \_/ \___|_|  

                
2021-02-28 16:52:54.3244 FATAL -          Copyright© 2021. Jm's Corp. All rights reserved.


2021-02-28 16:52:54.3244  WARN - Starting DocConvert Server..
2021-02-28 16:52:54.3244  INFO - Program Directory: C:\Users\o0_0o\Documents\Source\DocConvert\bin\Debug
2021-02-28 16:52:54.3244  INFO - .Net Framework Version: 4.0.30319.42000
2021-02-28 16:52:54.3244  INFO - OS Version: Microsoft Windows NT 6.2.9200.0
2021-02-28 16:52:54.3244  INFO - PC(Domain) Name: DESKTOP-6DNS55V
2021-02-28 16:52:54.3244  INFO - User Name: o0_0o
2021-02-28 16:52:54.3244  INFO - DocConvert LogLevel: DEBUG
2021-02-28 16:52:54.3244  INFO - DocConvert_Core LogLevel: DEBUG
2021-02-28 16:52:54.3244  INFO - ------------ Parsing Ini File ------------
2021-02-28 16:52:54.3508  INFO - The configuration file is created in C:\Users\o0_0o\Documents\Source\DocConvert\bin\Debug\DocConvert.ini
2021-02-28 16:52:54.3508  INFO - - Bind IP: 0.0.0.0
2021-02-28 16:52:54.3557  INFO - - Socket Port: 12000
2021-02-28 16:52:54.3557  INFO - - Client KEY: 09dc2d2d-e14d-4686-9e8c-929c9adb403b
2021-02-28 16:52:54.3557  INFO - - Workspace Directory: C:\workspace
2021-02-28 16:52:54.3557  INFO - - SchedulerTime: 1,0
2021-02-28 16:52:54.3557  INFO - - CleanWorkspaceSchedulerYn: True
2021-02-28 16:52:54.3557  INFO - - CleanWorkspaceDay: 3
2021-02-28 16:52:54.3557  INFO - - CleanLogSchedulerYn: True
2021-02-28 16:52:54.3557  INFO - - CleanLogDay: 10
2021-02-28 16:52:54.3557  INFO - - DRM useYn: False
2021-02-28 16:52:54.3557  INFO - ------------------------------------------
2021-02-28 16:52:54.3711  WARN - Socket Server Listen On IP: 0.0.0.0 PORT: 12000
2021-02-28 16:52:54.3711  INFO - Hangul DLL has been registered in the registry.
2021-02-28 16:52:54.3711  WARN - DocConvert Server Started in 2021-02-28 04:52:54
2021-02-28 22:37:08.4650 FATAL - 
          _____              _____                          _   
         |  __ \            / ____|                        | |  
         | |  | | ___   ___| |     ___  _ ____   _____ _ __| |_ 
         | |  | |/ _ \ / __| |    / _ \| '_ \ \ / / _ \ '__| __|
         | |__| | (_) | (__| |___| (_) | | | \ V /  __/ |  | |_ 
         |_____/ \___/ \___|\_____\___/|_| |_|\_/ \___|_|   \__|
          / ____|                                               
         | (___   ___ _ ____   _____ _ __                       
          \___ \ / _ \ '__\ \ / / _ \ '__|                      
          ____) |  __/ |   \ V /  __/ |                         
         |_____/ \___|_|    \_/ \___|_|  

                
2021-02-28 22:37:08.5596 FATAL -          Copyright© 2021. Jm's Corp. All rights reserved.


2021-02-28 22:37:08.5639  WARN - Starting DocConvert Server..
2021-02-28 22:37:08.5639  INFO - Program Directory: C:\Users\o0_0o\Documents\Source\DocConvert\bin\Debug
2021-02-28 22:37:08.5639  INFO - .Net Framework Version: 4.0.30319.42000
2021-02-28 22:37:08.5639  INFO - OS Version: Microsoft Windows NT 6.2.9200.0
2021-02-28 22:37:08.5867  INFO - PC(Domain) Name: DESKTOP-6DNS55V
2021-02-28 22:37:08.5867  INFO - User Name: o0_0o
2021-02-28 22:37:08.5936  INFO - DocConvert LogLevel: DEBUG
2021-02-28 22:37:08.5936  INFO - DocConvert_Core LogLevel: DEBUG
2021-02-28 22:37:08.5936  INFO - ------------ Parsing Ini File ------------
2021-02-28 22:37:08.6300  INFO - - Bind IP: 0.0.0.0
2021-02-28 22:37:08.6300  INFO - - Socket Port: 12000
2021-02-28 22:37:08.6300  INFO - - Client KEY: 09dc2d2d-e14d-4686-9e8c-929c9adb403b
2021-02-28 22:37:08.6435  INFO - - Workspace Directory: C:\workspace
2021-02-28 22:37:08.6435  INFO - - SchedulerTime: 1,0
2021-02-28 22:37:08.6568  INFO - - CleanWorkspaceSchedulerYn: True
2021-02-28 22:37:08.6568  INFO - - CleanWorkspaceDay: 3
2021-02-28 22:37:08.6568  INFO - - CleanLogSchedulerYn: True
2021-02-28 22:37:08.6727  INFO - - CleanLogDay: 10
2021-02-28 22:37:08.6727  INFO - - DRM useYn: False
2021-02-28 22:37:08.6890  INFO - ------------------------------------------
2021-02-28 22:37:08.6890  WARN - Socket Server Listen On IP: 0.0.0.0 PORT: 12000
2021-02-28 22:37:08.7022  INFO - Hangul DLL has been registered in the registry.
2021-02-28 22:37:08.7022  WARN - DocConvert Server Started in 2021-02-28 10:37:08
2021-02-28 22:38:18.7913 FATAL - 
          _____              _____                          _   
         |  __ \            / ____|                        | |  
         | |  | | ___   ___| |     ___  _ ____   _____ _ __| |_ 
         | |  | |/ _ \ / __| |    / _ \| '_ \ \ / / _ \ '__| __|
         | |__| | (_) | (__| |___| (_) | | | \ V /  __/ |  | |_ 
         |_____/ \___/ \___|\_____\___/|_| |_|\_/ \___|_|   \__|
          / ____|                                               
         | (___   ___ _ ____   _____ _ __                       
          \___ \ / _ \ '__\ \ / / _ \ '__|                      
          ____) |  __/ |   \ V /  __/ |                         
         |_____/ \___|_|    \_/ \___|_|  

                
2021-02-28 22:38:18.8146 FATAL -          Copyright© 2021. Jm's Corp. All rights reserved.


2021-02-28 22:38:18.8146  WARN - Starting DocConvert Server..
2021-02-28 22:38:18.8146  INFO - Program Directory: C:\Users\o0_0o\Documents\Source\DocConvert\bin\Debug
2021-02-28 22:38:18.8146  INFO - .Net Framework Version: 4.0.30319.42000
2021-02-28 22:38:18.8146  INFO - OS Version: Microsoft Windows NT 6.2.9200.0
2021-02-28 22:38:18.8146  INFO - PC(Domain) Name: DESKTOP-6DNS55V
2021-02-28 22:38:18.8146  INFO - User Name: o0_0o
2021-02-28 22:38:18.8146  INFO - DocConvert LogLevel: DEBUG
2021-02-28 22:38:18.8146  INFO - DocConvert_Core LogLevel: DEBUG
2021-02-28 22:38:18.8146  INFO - ------------ Parsing Ini File ------------
2021-02-28 22:38:18.8319  INFO - - Bind IP: 0.0.0.0
2021-02-28 22:38:18.8319  INFO - - Socket Port: 12000
2021-02-28 22:38:18.8319  INFO - - Client KEY: 09dc2d2d-e14d-4686-9e8c-929c9adb403b
2021-02-28 22:38:18.8319  INFO - - Workspace Directory: C:\workspace
2021-02-28 22:38:18.8319  INFO - - SchedulerTime: 1,0
2021-02-28 22:38:18.8319  INFO - - CleanWorkspaceSchedulerYn: True
2021-02-28 22:38:18.8319  INFO - - CleanWorkspaceDay: 3
2021-02-28 22:38:18.8319  INFO - - CleanLogSchedulerYn: True
2021-02-28 22:38:18.8443  INFO - - CleanLogDay: 10
2021-02-28 22:38:18.8443  INFO - - DRM useYn: False
2021-02-28 22:38:18.8443  INFO - ------------------------------------------
2021-02-28 22:38:18.8443  WARN - Socket Server Listen On IP: 0.0.0.0 PORT: 12000
2021-02-28 22:38:18.8443  INFO - Hangul DLL has been registered in the registry.
2021-02-28 22:38:18.8443  WARN - DocConvert Server Started in 2021-02-28 10:38:18
2021-02-28 22:41:38.5577 FATAL - 
          _____              _____                          _   
         |  __ \            / ____|                        | |  
         | |  | | ___   ___| |     ___  _ ____   _____ _ __| |_ 
         | |  | |/ _ \ / __| |    / _ \| '_ \ \ / / _ \ '__| __|
         | |__| | (_) | (__| |___| (_) | | | \ V /  __/ |  | |_ 
         |_____/ \___/ \___|\_____\___/|_| |_|\_/ \___|_|   \__|
          / ____|                                               
         | (___   ___ _ ____   _____ _ __                       
          \___ \ / _ \ '__\ \ / / _ \ '__|                      
          ____) |  __/ |   \ V /  __/ |                         
         |_____/ \___|_|    \_/ \___|_|  

                
2021-02-28 22:41:38.5852 FATAL -          Copyright© 2021. Jm's Corp. All rights reserved.


2021-02-28 22:41:38.5852  WARN - Starting DocConvert Server..
2021-02-28 22:41:38.5852  INFO - Program Directory: C:\Users\o0_0o\Documents\Source\DocConvert\bin\Debug
2021-02-28 22:41:38.5852  INFO - .Net Framework Version: 4.0.30319.42000
2021-02-28 22:41:38.5852  INFO - OS Version: Microsoft Windows NT 6.2.9200.0
2021-02-28 22:41:38.5960  INFO - PC(Domain) Name: DESKTOP-6DNS55V
2021-02-28 22:41:38.5960  INFO - User Name: o0_0o
2021-02-28 22:41:38.5960  INFO - DocConvert LogLevel: DEBUG
2021-02-28 22:41:38.5960  INFO - DocConvert_Core LogLevel: DEBUG
2021-02-28 22:41:38.5960  INFO - ------------ Parsing Ini File ------------
2021-02-28 22:41:38.5960  INFO - - Bind IP: 0.0.0.0
2021-02-28 22:41:38.5960  INFO - - Socket Port: 12000
2021-02-28 22:41:38.6107  INFO - - Client KEY: 09dc2d2d-e14d-4686-9e8c-929c9adb403b
2021-02-28 22:41:38.6107  INFO - - Workspace Directory: C:\workspace
2021-02-28 22:41:38.6107  INFO - - SchedulerTime: 1,0
2021-02-28 22:41:38.6107  INFO - - CleanWorkspaceSchedulerYn: True
2021-02-28 22:41:38.6107  INFO - - CleanWorkspaceDay: 3
2021-02-28 22:41:38.6107  INFO - - CleanLogSchedulerYn: True
2021-02-28 22:41:38.6107  INFO - - CleanLogDay: 10
2021-02-28 22:41:38.6107  INFO - - DRM useYn: False
2021-02-28 22:41:38.6107  INFO - ------------------------------------------
2021-02-28 22:41:38.6271  WARN - Socket Server Listen On IP: 0.0.0.0 PORT: 12000
2021-02-28 22:41:38.6271  INFO - Hangul DLL has been registered in the registry.
2021-02-28 22:41:38.6271  WARN - DocConvert Server Started in 2021-02-28 10:41:38
2021-02-28 22:41:38.6426 DEBUG - ERROR CODE: 1007
2021-02-28 22:41:38.6426 DEBUG - Failed to bind to socket port 0.0.0.0:12000
2021-02-28 22:42:00.4565 FATAL - 
          _____              _____                          _   
         |  __ \            / ____|                        | |  
         | |  | | ___   ___| |     ___  _ ____   _____ _ __| |_ 
         | |  | |/ _ \ / __| |    / _ \| '_ \ \ / / _ \ '__| __|
         | |__| | (_) | (__| |___| (_) | | | \ V /  __/ |  | |_ 
         |_____/ \___/ \___|\_____\___/|_| |_|\_/ \___|_|   \__|
          / ____|                                               
         | (___   ___ _ ____   _____ _ __                       
          \___ \ / _ \ '__\ \ / / _ \ '__|                      
          ____) |  __/ |   \ V /  __/ |                         
         |_____/ \___|_|    \_/ \___|_|  

                
2021-02-28 22:42:00.4883 FATAL -          Copyright© 2021. Jm's Corp. All rights reserved.


2021-02-28 22:42:00.4883  WARN - Starting DocConvert Server..
2021-02-28 22:42:00.4883  INFO - Program Directory: C:\Users\o0_0o\Documents\Source\DocConvert\bin\Debug
2021-02-28 22:42:00.4883  INFO - .Net Framework Version: 4.0.30319.42000
2021-02-28 22:42:00.4883  INFO - OS Version: Microsoft Windows NT 6.2.9200.0
2021-02-28 22:42:00.4883  INFO - PC(Domain) Name: DESKTOP-6DNS55V
2021-02-28 22:42:00.4883  INFO - User Name: o0_0o
2021-02-28 22:42:00.4883  INFO - DocConvert LogLevel: DEBUG
2021-02-28 22:42:00.5009  INFO - DocConvert_Core LogLevel: DEBUG
2021-02-28 22:42:00.5009  INFO - ------------ Parsing Ini File ------------
2021-02-28 22:42:00.5009  INFO - - Bind IP: 0.0.0.0
2021-02-28 22:42:00.5009  INFO - - Socket Port: 12000
2021-02-28 22:42:00.5009  INFO - - Client KEY: 09dc2d2d-e14d-4686-9e8c-929c9adb403b
2021-02-28 22:42:00.5176  INFO - - Workspace Directory: C:\workspace
2021-02-28 22:42:00.5176  INFO - - SchedulerTime: 1,0
2021-02-28 22:42:00.5176  INFO - - CleanWorkspaceSchedulerYn: True
2021-02-28 22:42:00.5176  INFO - - CleanWorkspaceDay: 3
2021-02-28 22:42:00.5176  INFO - - CleanLogSchedulerYn: True
2021-02-28 22:42:00.5325  INFO - - CleanLogDay: 10
2021-02-28 22:42:00.5325  INFO - - DRM useYn: False
2021-02-28 22:42:00.5325  INFO - ------------------------------------------
2021-02-28 22:42:00.5325  WARN - Socket Server Listen On IP: 0.0.0.0 PORT: 12000
2021-02-28 22:42:00.5325  INFO - Hangul DLL has been registered in the registry.
2021-02-28 22:42:00.5325  WARN - DocConvert Server Started in 2021-02-28 10:42:00
2021-02-28 22:42:00.5546 ERROR - ERROR CODE: 1007
2021-02-28 22:42:00.5546 ERROR - Failed to bind to socket port 0.0.0.0:12000
2021-02-28 22:42:55.4823 FATAL - 
          _____              _____                          _   
         |  __ \            / ____|                        | |  
         | |  | | ___   ___| |     ___  _ ____   _____ _ __| |_ 
         | |  | |/ _ \ / __| |    / _ \| '_ \ \ / / _ \ '__| __|
         | |__| | (_) | (__| |___| (_) | | | \ V /  __/ |  | |_ 
         |_____/ \___/ \___|\_____\___/|_| |_|\_/ \___|_|   \__|
          / ____|                                               
         | (___   ___ _ ____   _____ _ __                       
          \___ \ / _ \ '__\ \ / / _ \ '__|                      
          ____) |  __/ |   \ V /  __/ |                         
         |_____/ \___|_|    \_/ \___|_|  

                
2021-02-28 22:42:55.5100 FATAL -          Copyright© 2021. Jm's Corp. All rights reserved.


2021-02-28 22:42:55.5100  WARN - Starting DocConvert Server..
2021-02-28 22:42:55.5100  INFO - Program Directory: C:\Users\o0_0o\Documents\Source\DocConvert\bin\Debug
2021-02-28 22:42:55.5166  INFO - .Net Framework Version: 4.0.30319.42000
2021-02-28 22:42:55.5166  INFO - OS Version: Microsoft Windows NT 6.2.9200.0
2021-02-28 22:42:55.5166  INFO - PC(Domain) Name: DESKTOP-6DNS55V
2021-02-28 22:42:55.5166  INFO - User Name: o0_0o
2021-02-28 22:42:55.5166  INFO - DocConvert LogLevel: DEBUG
2021-02-28 22:42:55.5166  INFO - DocConvert_Core LogLevel: DEBUG
2021-02-28 22:42:55.5166  INFO - ------------ Parsing Ini File ------------
2021-02-28 22:42:55.5348  INFO - - Bind IP: 0.0.0.0
2021-02-28 22:42:55.5348  INFO - - Socket Port: 12000
2021-02-28 22:42:55.5348  INFO - - Client KEY: 09dc2d2d-e14d-4686-9e8c-929c9adb403b
2021-02-28 22:42:55.5348  INFO - - Workspace Directory: C:\workspace
2021-02-28 22:42:55.5348  INFO - - SchedulerTime: 1,0
2021-02-28 22:42:55.5348  INFO - - CleanWorkspaceSchedulerYn: True
2021-02-28 22:42:55.5348  INFO - - CleanWorkspaceDay: 3
2021-02-28 22:42:55.5348  INFO - - CleanLogSchedulerYn: True
2021-02-28 22:42:55.5484  INFO - - CleanLogDay: 10
2021-02-28 22:42:55.5484  INFO - - DRM useYn: False
2021-02-28 22:42:55.5484  INFO - ------------------------------------------
2021-02-28 22:42:55.5484  WARN - Socket Server Listen On IP: 0.0.0.0 PORT: 12000
2021-02-28 22:42:55.5484  INFO - Hangul DLL has been registered in the registry.
2021-02-28 22:42:55.5484  WARN - DocConvert Server Started in 2021-02-28 10:42:55
2021-02-28 22:42:55.5841 ERROR - ERROR CODE: 1007
2021-02-28 22:42:55.5841 ERROR - Failed to bind to socket port 0.0.0.0:12000
2021-02-28 22:43:29.1099 FATAL - 
          _____              _____                          _   
         |  __ \            / ____|                        | |  
         | |  | | ___   ___| |     ___  _ ____   _____ _ __| |_ 
         | |  | |/ _ \ / __| |    / _ \| '_ \ \ / / _ \ '__| __|
         | |__| | (_) | (__| |___| (_) | | | \ V /  __/ |  | |_ 
         |_____/ \___/ \___|\_____\___/|_| |_|\_/ \___|_|   \__|
          / ____|                                               
         | (___   ___ _ ____   _____ _ __                       
          \___ \ / _ \ '__\ \ / / _ \ '__|                      
          ____) |  __/ |   \ V /  __/ |                         
         |_____/ \___|_|    \_/ \___|_|  

                
2021-02-28 22:43:29.1361 FATAL -          Copyright© 2021. Jm's Corp. All rights reserved.


2021-02-28 22:43:29.1361  WARN - Starting DocConvert Server..
2021-02-28 22:43:29.1421  INFO - Program Directory: C:\Users\o0_0o\Documents\Source\DocConvert\bin\Debug
2021-02-28 22:43:29.1421  INFO - .Net Framework Version: 4.0.30319.42000
2021-02-28 22:43:29.1421  INFO - OS Version: Microsoft Windows NT 6.2.9200.0
2021-02-28 22:43:29.1421  INFO - PC(Domain) Name: DESKTOP-6DNS55V
2021-02-28 22:43:29.1421  INFO - User Name: o0_0o
2021-02-28 22:43:29.1421  INFO - DocConvert LogLevel: DEBUG
2021-02-28 22:43:29.1421  INFO - DocConvert_Core LogLevel: DEBUG
2021-02-28 22:43:29.1421  INFO - ------------ Parsing Ini File ------------
2021-02-28 22:43:29.1632  INFO - - Bind IP: 0.0.0.0
2021-02-28 22:43:29.1632  INFO - - Socket Port: 12000
2021-02-28 22:43:29.1632  INFO - - Client KEY: 09dc2d2d-e14d-4686-9e8c-929c9adb403b
2021-02-28 22:43:29.1632  INFO - - Workspace Directory: C:\workspace
2021-02-28 22:43:29.1632  INFO - - SchedulerTime: 1,0
2021-02-28 22:43:29.1735  INFO - - CleanWorkspaceSchedulerYn: True
2021-02-28 22:43:29.1735  INFO - - CleanWorkspaceDay: 3
2021-02-28 22:43:29.1735  INFO - - CleanLogSchedulerYn: True
2021-02-28 22:43:29.1735  INFO - - CleanLogDay: 10
2021-02-28 22:43:29.1735  INFO - - DRM useYn: False
2021-02-28 22:43:29.1735  INFO - ------------------------------------------
2021-02-28 22:43:29.1905  WARN - Socket Server Listen On IP: 0.0.0.0 PORT: 12000
2021-02-28 22:43:29.1905  INFO - Hangul DLL has been registered in the registry.
2021-02-28 22:43:29.1905  WARN - DocConvert Server Started in 2021-02-28 10:43:29
2021-02-28 22:43:29.2513 ERROR - ERROR CODE: 1007
2021-02-28 22:43:29.2513 ERROR - Failed to bind to socket port 0.0.0.0:12000
2021-02-28 22:43:29.2947 ERROR - ERROR STACKTRACE
   위치: System.Net.Sockets.Socket.DoBind(EndPoint endPointSnapshot, SocketAddress socketAddress)
   위치: System.Net.Sockets.Socket.Bind(EndPoint localEP)
   위치: DocConvert.Network.AsyncSocketServer..ctor(String bindIP, Int32 socketPORT) 파일 C:\Users\o0_0o\Documents\Source\DocConvert\DocConvert_Console\Network\AsyncSocketServer.cs:줄 21
2021-02-28 22:47:34.6394 FATAL - 
          _____              _____                          _   
         |  __ \            / ____|                        | |  
         | |  | | ___   ___| |     ___  _ ____   _____ _ __| |_ 
         | |  | |/ _ \ / __| |    / _ \| '_ \ \ / / _ \ '__| __|
         | |__| | (_) | (__| |___| (_) | | | \ V /  __/ |  | |_ 
         |_____/ \___/ \___|\_____\___/|_| |_|\_/ \___|_|   \__|
          / ____|                                               
         | (___   ___ _ ____   _____ _ __                       
          \___ \ / _ \ '__\ \ / / _ \ '__|                      
          ____) |  __/ |   \ V /  __/ |                         
         |_____/ \___|_|    \_/ \___|_|  

                
2021-02-28 22:47:34.6813 FATAL -          Copyright© 2021. Jm's Corp. All rights reserved.


2021-02-28 22:47:34.6813  WARN - Starting DocConvert Server..
2021-02-28 22:47:34.6813  INFO - Program Directory: C:\Users\o0_0o\Documents\Source\DocConvert\bin\Debug
2021-02-28 22:47:34.6880  INFO - .Net Framework Version: 4.0.30319.42000
2021-02-28 22:47:34.6880  INFO - OS Version: Microsoft Windows NT 6.2.9200.0
2021-02-28 22:47:34.6880  INFO - PC(Domain) Name: DESKTOP-6DNS55V
2021-02-28 22:47:34.6880  INFO - User Name: o0_0o
2021-02-28 22:47:34.6880  INFO - DocConvert LogLevel: DEBUG
2021-02-28 22:47:34.6880  INFO - DocConvert_Core LogLevel: DEBUG
2021-02-28 22:47:34.7039  INFO - ------------ Parsing Ini File ------------
2021-02-28 22:47:34.7039  INFO - - Bind IP: 0.0.0.0
2021-02-28 22:47:34.7206  INFO - - Socket Port: 12000
2021-02-28 22:47:34.7206  INFO - - Client KEY: 09dc2d2d-e14d-4686-9e8c-929c9adb403b
2021-02-28 22:47:34.7206  INFO - - Workspace Directory: C:\workspace
2021-02-28 22:47:34.7206  INFO - - SchedulerTime: 1,0
2021-02-28 22:47:34.7206  INFO - - CleanWorkspaceSchedulerYn: True
2021-02-28 22:47:34.7346  INFO - - CleanWorkspaceDay: 3
2021-02-28 22:47:34.7346  INFO - - CleanLogSchedulerYn: True
2021-02-28 22:47:34.7346  INFO - - CleanLogDay: 10
2021-02-28 22:47:34.7346  INFO - - DRM useYn: False
2021-02-28 22:47:34.7346  INFO - ------------------------------------------
2021-02-28 22:47:34.7545  WARN - Socket Server Listen On IP: 0.0.0.0 PORT: 12000
2021-02-28 22:47:34.7545  INFO - Hangul DLL has been registered in the registry.
2021-02-28 22:47:34.7545  WARN - DocConvert Server Started in 2021-02-28 10:47:34
2021-02-28 22:49:39.8449 FATAL - 
          _____              _____                          _   
         |  __ \            / ____|                        | |  
         | |  | | ___   ___| |     ___  _ ____   _____ _ __| |_ 
         | |  | |/ _ \ / __| |    / _ \| '_ \ \ / / _ \ '__| __|
         | |__| | (_) | (__| |___| (_) | | | \ V /  __/ |  | |_ 
         |_____/ \___/ \___|\_____\___/|_| |_|\_/ \___|_|   \__|
          / ____|                                               
         | (___   ___ _ ____   _____ _ __                       
          \___ \ / _ \ '__\ \ / / _ \ '__|                      
          ____) |  __/ |   \ V /  __/ |                         
         |_____/ \___|_|    \_/ \___|_|  

                
2021-02-28 22:49:39.9595 FATAL -          Copyright© 2021. Jm's Corp. All rights reserved.


2021-02-28 22:49:39.9920  WARN - Starting DocConvert Server..
2021-02-28 22:49:39.9920  INFO - Program Directory: C:\Users\o0_0o\Documents\Source\DocConvert\bin\Debug
2021-02-28 22:49:40.0006  INFO - .Net Framework Version: 4.0.30319.42000
2021-02-28 22:49:40.0006  INFO - OS Version: Microsoft Windows NT 6.2.9200.0
2021-02-28 22:49:40.0248  INFO - PC(Domain) Name: DESKTOP-6DNS55V
2021-02-28 22:49:40.0329  INFO - User Name: o0_0o
2021-02-28 22:49:40.0329  INFO - DocConvert LogLevel: DEBUG
2021-02-28 22:49:40.0329  INFO - DocConvert_Core LogLevel: DEBUG
2021-02-28 22:49:40.0485  INFO - ------------ Parsing Ini File ------------
2021-02-28 22:49:40.1756  INFO - - Bind IP: 0.0.0.0
2021-02-28 22:49:40.2300  INFO - - Socket Port: 12000
2021-02-28 22:49:40.2341  INFO - - Client KEY: 09dc2d2d-e14d-4686-9e8c-929c9adb403b
2021-02-28 22:49:40.2341  INFO - - Workspace Directory: C:\workspace
2021-02-28 22:49:40.3317  INFO - - SchedulerTime: 1,0
2021-02-28 22:49:40.3317  INFO - - CleanWorkspaceSchedulerYn: True
2021-02-28 22:49:40.3619  INFO - - CleanWorkspaceDay: 3
2021-02-28 22:49:40.3753  INFO - - CleanLogSchedulerYn: True
2021-02-28 22:49:40.3753  INFO - - CleanLogDay: 10
2021-02-28 22:49:40.4479  INFO - - DRM useYn: False
2021-02-28 22:49:40.4589  INFO - ------------------------------------------
2021-02-28 22:49:40.6161  WARN - Socket Server Listen On IP: 0.0.0.0 PORT: 12000
2021-02-28 22:49:40.6338  INFO - Hangul DLL has been registered in the registry.
2021-02-28 22:49:40.6338  WARN - DocConvert Server Started in 2021-02-28 10:49:40
2021-02-28 22:51:06.2182 FATAL - 
          _____              _____                          _   
         |  __ \            / ____|                        | |  
         | |  | | ___   ___| |     ___  _ ____   _____ _ __| |_ 
         | |  | |/ _ \ / __| |    / _ \| '_ \ \ / / _ \ '__| __|
         | |__| | (_) | (__| |___| (_) | | | \ V /  __/ |  | |_ 
         |_____/ \___/ \___|\_____\___/|_| |_|\_/ \___|_|   \__|
          / ____|                                               
         | (___   ___ _ ____   _____ _ __                       
          \___ \ / _ \ '__\ \ / / _ \ '__|                      
          ____) |  __/ |   \ V /  __/ |                         
         |_____/ \___|_|    \_/ \___|_|  

                
2021-02-28 22:51:06.2839 FATAL -          Copyright© 2021. Jm's Corp. All rights reserved.


2021-02-28 22:51:06.2839  WARN - Starting DocConvert Server..
2021-02-28 22:51:06.2839  INFO - Program Directory: C:\Users\o0_0o\Documents\Source\DocConvert\bin\Debug
2021-02-28 22:51:06.2995  INFO - .Net Framework Version: 4.0.30319.42000
2021-02-28 22:51:06.2995  INFO - OS Version: Microsoft Windows NT 6.2.9200.0
2021-02-28 22:51:06.2995  INFO - PC(Domain) Name: DESKTOP-6DNS55V
2021-02-28 22:51:06.2995  INFO - User Name: o0_0o
2021-02-28 22:51:06.2995  INFO - DocConvert LogLevel: DEBUG
2021-02-28 22:51:06.2995  INFO - DocConvert_Core LogLevel: DEBUG
2021-02-28 22:51:06.3167  INFO - ------------ Parsing Ini File ------------
2021-02-28 22:51:06.3421  INFO - - Bind IP: 0.0.0.0
2021-02-28 22:51:06.3504  INFO - - Socket Port: 12000
2021-02-28 22:51:06.3504  INFO - - Client KEY: 09dc2d2d-e14d-4686-9e8c-929c9adb403b
2021-02-28 22:51:06.3504  INFO - - Workspace Directory: C:\workspace
2021-02-28 22:51:06.3874  INFO - - SchedulerTime: 1,0
2021-02-28 22:51:06.3874  INFO - - CleanWorkspaceSchedulerYn: True
2021-02-28 22:51:06.3933  INFO - - CleanWorkspaceDay: 3
2021-02-28 22:51:06.3933  INFO - - CleanLogSchedulerYn: True
2021-02-28 22:51:06.3933  INFO - - CleanLogDay: 10
2021-02-28 22:51:06.3933  INFO - - DRM useYn: False
2021-02-28 22:51:06.4101  INFO - ------------------------------------------
2021-02-28 22:51:06.4101  WARN - Socket Server Listen On IP: 0.0.0.0 PORT: 12000
2021-02-28 22:51:06.4466  INFO - Hangul DLL has been registered in the registry.
2021-02-28 22:51:06.4466  WARN - DocConvert Server Started in 2021-02-28 10:51:06
