2020-04-08 10:41:22.9874  INFO - ==================== Start ====================
2020-04-08 10:41:23.0224  INFO - Method: WordSaveAs, FilePath: C:\Data\workspace\116B6DA0EA720F54E082F1E8B9A866D4\word.docx, outPath: C:\Data\workspace\116B6DA0EA720F54E082F1E8B9A866D4\word.pdf, docPassword: 
2020-04-08 10:41:23.0348  INFO - 파일 언락 실패! 자세한내용 로그 참고
2020-04-08 10:41:28.8523  INFO - 변환 성공
2020-04-08 10:41:29.0719  INFO - ==================== End ====================
2020-04-08 10:41:29.8823  INFO - 이미지 변환 성공!
2020-04-08 10:41:29.8921  INFO - Source image: C:\Data\workspace\116B6DA0EA720F54E082F1E8B9A866D4\word.pdf
2020-04-08 10:41:29.8921  INFO - outFiles: C:\Data\workspace\116B6DA0EA720F54E082F1E8B9A866D4\word\1.png
2020-04-08 10:41:30.0322  INFO - 이미지 변환 성공!
2020-04-08 10:41:30.0322  INFO - Source image: C:\Data\workspace\116B6DA0EA720F54E082F1E8B9A866D4\word.pdf
2020-04-08 10:41:30.0322  INFO - outFiles: C:\Data\workspace\116B6DA0EA720F54E082F1E8B9A866D4\word\2.png
2020-04-08 10:41:30.2722  INFO - 이미지 변환 성공!
2020-04-08 10:41:30.2722  INFO - Source image: C:\Data\workspace\116B6DA0EA720F54E082F1E8B9A866D4\word.pdf
2020-04-08 10:41:30.2820  INFO - outFiles: C:\Data\workspace\116B6DA0EA720F54E082F1E8B9A866D4\word\3.png
2020-04-08 10:41:30.4622  INFO - 이미지 변환 성공!
2020-04-08 10:41:30.4719  INFO - Source image: C:\Data\workspace\116B6DA0EA720F54E082F1E8B9A866D4\word.pdf
2020-04-08 10:41:30.4719  INFO - outFiles: C:\Data\workspace\116B6DA0EA720F54E082F1E8B9A866D4\word\4.png
2020-04-08 10:41:30.6024  INFO - 이미지 변환 성공!
2020-04-08 10:41:30.6121  INFO - Source image: C:\Data\workspace\116B6DA0EA720F54E082F1E8B9A866D4\word.pdf
2020-04-08 10:41:30.6121  INFO - outFiles: C:\Data\workspace\116B6DA0EA720F54E082F1E8B9A866D4\word\5.png
2020-04-08 10:41:30.7621  INFO - 이미지 변환 성공!
2020-04-08 10:41:30.7720  INFO - Source image: C:\Data\workspace\116B6DA0EA720F54E082F1E8B9A866D4\word.pdf
2020-04-08 10:41:30.7720  INFO - outFiles: C:\Data\workspace\116B6DA0EA720F54E082F1E8B9A866D4\word\6.png
2020-04-08 10:41:30.8922  INFO - 이미지 변환 성공!
2020-04-08 10:41:30.8922  INFO - Source image: C:\Data\workspace\116B6DA0EA720F54E082F1E8B9A866D4\word.pdf
2020-04-08 10:41:30.8922  INFO - outFiles: C:\Data\workspace\116B6DA0EA720F54E082F1E8B9A866D4\word\7.png
2020-04-08 10:41:31.0124  INFO - 이미지 변환 성공!
2020-04-08 10:41:31.0222  INFO - Source image: C:\Data\workspace\116B6DA0EA720F54E082F1E8B9A866D4\word.pdf
2020-04-08 10:41:31.0322  INFO - outFiles: C:\Data\workspace\116B6DA0EA720F54E082F1E8B9A866D4\word\8.png
