2021-03-01 12:38:44.8681 FATAL - 
          _____              _____                          _   
         |  __ \            / ____|                        | |  
         | |  | | ___   ___| |     ___  _ ____   _____ _ __| |_ 
         | |  | |/ _ \ / __| |    / _ \| '_ \ \ / / _ \ '__| __|
         | |__| | (_) | (__| |___| (_) | | | \ V /  __/ |  | |_ 
         |_____/ \___/ \___|\_____\___/|_| |_|\_/ \___|_|   \__|
          / ____|                                               
         | (___   ___ _ ____   _____ _ __                       
          \___ \ / _ \ '__\ \ / / _ \ '__|                      
          ____) |  __/ |   \ V /  __/ |                         
         |_____/ \___|_|    \_/ \___|_|  

                
2021-03-01 12:38:44.8958 FATAL -          Copyright© 2021. Jm's Corp. All rights reserved.


2021-03-01 12:38:44.8958  WARN - Starting DocConvert Server..
2021-03-01 12:38:44.8958  INFO - Program Directory: C:\Users\JMKIM\Documents\source\DocConvert\bin\Debug
2021-03-01 12:38:44.9008  INFO - .Net Framework Version: 4.0.30319.42000
2021-03-01 12:38:44.9008  INFO - OS Version: Microsoft Windows NT 6.2.9200.0
2021-03-01 12:38:44.9157  INFO - PC(Domain) Name: DESKTOP-SHSO0U2
2021-03-01 12:38:44.9157  INFO - User Name: JMKIM
2021-03-01 12:38:44.9157  INFO - DocConvert PID: 12052
2021-03-01 12:38:44.9157  INFO - DocConvert LogLevel: DEBUG
2021-03-01 12:38:44.9157  INFO - DocConvert_Core LogLevel: DEBUG
2021-03-01 12:38:44.9157  INFO - ------------ Parsing Ini File ------------
2021-03-01 12:38:44.9328  INFO - The configuration file is created in C:\Users\JMKIM\Documents\source\DocConvert\bin\Debug\DocConvert.ini
2021-03-01 12:38:45.0004  INFO - - Bind IP: 0.0.0.0
2021-03-01 12:38:45.0004  INFO - - Socket Port: 12000
2021-03-01 12:38:45.0004  INFO - - Client KEY: 8cf4a81f-3893-4285-bb1e-74304a618b02
2021-03-01 12:38:45.0004  INFO - - Workspace Directory: C:\workspace
2021-03-01 12:38:45.0004  INFO - - Product Name: DocConvert
2021-03-01 12:38:45.0004  INFO - - SchedulerTime: 1,0
2021-03-01 12:38:45.0114  INFO - - CleanWorkspaceSchedulerYn: True
2021-03-01 12:38:45.0114  INFO - - CleanWorkspaceDay: 3
2021-03-01 12:38:45.0114  INFO - - CleanLogSchedulerYn: True
2021-03-01 12:38:45.0340  INFO - - CleanLogDay: 10
2021-03-01 12:38:45.0340  INFO - - DRM useYn: False
2021-03-01 12:38:45.0340  INFO - ------------------------------------------
2021-03-01 12:38:45.0340  INFO - Hangul DLL has been registered in the registry.
2021-03-01 12:38:45.0675  WARN - Socket Server Listen On 0.0.0.0:12000
2021-03-01 12:38:45.0675  WARN - DocConvert Server Started in 2021-03-01 12:38:45
2021-03-01 12:38:49.9979 FATAL - 
          _____              _____                          _   
         |  __ \            / ____|                        | |  
         | |  | | ___   ___| |     ___  _ ____   _____ _ __| |_ 
         | |  | |/ _ \ / __| |    / _ \| '_ \ \ / / _ \ '__| __|
         | |__| | (_) | (__| |___| (_) | | | \ V /  __/ |  | |_ 
         |_____/ \___/ \___|\_____\___/|_| |_|\_/ \___|_|   \__|
          / ____|                                               
         | (___   ___ _ ____   _____ _ __                       
          \___ \ / _ \ '__\ \ / / _ \ '__|                      
          ____) |  __/ |   \ V /  __/ |                         
         |_____/ \___|_|    \_/ \___|_|  

                
2021-03-01 12:38:50.0392 FATAL -          Copyright© 2021. Jm's Corp. All rights reserved.


2021-03-01 12:38:50.0420  WARN - Starting DocConvert Server..
2021-03-01 12:38:50.0420  INFO - Program Directory: C:\Users\JMKIM\Documents\source\DocConvert\bin\Debug
2021-03-01 12:38:50.0420  INFO - .Net Framework Version: 4.0.30319.42000
2021-03-01 12:38:50.0420  INFO - OS Version: Microsoft Windows NT 6.2.9200.0
2021-03-01 12:38:50.0420  INFO - PC(Domain) Name: DESKTOP-SHSO0U2
2021-03-01 12:38:50.0420  INFO - User Name: JMKIM
2021-03-01 12:38:50.0647  INFO - DocConvert PID: 6808
2021-03-01 12:38:50.0647  INFO - DocConvert LogLevel: DEBUG
2021-03-01 12:38:50.0647  INFO - DocConvert_Core LogLevel: DEBUG
2021-03-01 12:38:50.0647  INFO - ------------ Parsing Ini File ------------
2021-03-01 12:38:50.0974  INFO - - Bind IP: 0.0.0.0
2021-03-01 12:38:50.0974  INFO - - Socket Port: 12000
2021-03-01 12:38:50.0974  INFO - - Client KEY: 8cf4a81f-3893-4285-bb1e-74304a618b02
2021-03-01 12:38:50.1041  INFO - - Workspace Directory: C:\workspace
2021-03-01 12:38:50.1041  INFO - - Product Name: DocConvert
2021-03-01 12:38:50.1041  INFO - - SchedulerTime: 1,0
2021-03-01 12:38:50.1041  INFO - - CleanWorkspaceSchedulerYn: True
2021-03-01 12:38:50.1041  INFO - - CleanWorkspaceDay: 3
2021-03-01 12:38:50.1041  INFO - - CleanLogSchedulerYn: True
2021-03-01 12:38:50.1041  INFO - - CleanLogDay: 10
2021-03-01 12:38:50.1204  INFO - - DRM useYn: False
2021-03-01 12:38:50.1204  INFO - ------------------------------------------
2021-03-01 12:38:50.1204  INFO - Hangul DLL has been registered in the registry.
2021-03-01 12:38:50.1204  WARN - Socket Server Listen On 0.0.0.0:12000
2021-03-01 12:38:50.1345  WARN - DocConvert Server Started in 2021-03-01 12:38:50
2021-03-01 12:39:38.6023 FATAL - 
          _____              _____                          _   
         |  __ \            / ____|                        | |  
         | |  | | ___   ___| |     ___  _ ____   _____ _ __| |_ 
         | |  | |/ _ \ / __| |    / _ \| '_ \ \ / / _ \ '__| __|
         | |__| | (_) | (__| |___| (_) | | | \ V /  __/ |  | |_ 
         |_____/ \___/ \___|\_____\___/|_| |_|\_/ \___|_|   \__|
          / ____|                                               
         | (___   ___ _ ____   _____ _ __                       
          \___ \ / _ \ '__\ \ / / _ \ '__|                      
          ____) |  __/ |   \ V /  __/ |                         
         |_____/ \___|_|    \_/ \___|_|  

                
2021-03-01 12:39:38.6249 FATAL -          Copyright© 2021. Jm's Corp. All rights reserved.


2021-03-01 12:39:38.6249  WARN - Starting DocConvert Server..
2021-03-01 12:39:38.6249  INFO - Program Directory: C:\Users\JMKIM\Documents\source\DocConvert\bin\Debug
2021-03-01 12:39:38.6249  INFO - .Net Framework Version: 4.0.30319.42000
2021-03-01 12:39:38.6249  INFO - OS Version: Microsoft Windows NT 6.2.9200.0
2021-03-01 12:39:38.6249  INFO - PC(Domain) Name: DESKTOP-SHSO0U2
2021-03-01 12:39:38.6249  INFO - User Name: JMKIM
2021-03-01 12:39:38.6345  INFO - DocConvert PID: 5680
2021-03-01 12:39:38.6345  INFO - DocConvert LogLevel: DEBUG
2021-03-01 12:39:38.6345  INFO - DocConvert_Core LogLevel: DEBUG
2021-03-01 12:39:38.6345  INFO - ------------ Parsing Ini File ------------
2021-03-01 12:39:38.6345  INFO - - Bind IP: 0.0.0.0
2021-03-01 12:39:38.6345  INFO - - Socket Port: 12000
2021-03-01 12:39:38.6345  INFO - - Client KEY: 8cf4a81f-3893-4285-bb1e-74304a618b02
2021-03-01 12:39:38.6509  INFO - - Workspace Directory: C:\workspace
2021-03-01 12:39:38.6509  INFO - - Product Name: DocConvert
2021-03-01 12:39:38.6509  INFO - - SchedulerTime: 1,0
2021-03-01 12:39:38.6509  INFO - - CleanWorkspaceSchedulerYn: True
2021-03-01 12:39:38.6509  INFO - - CleanWorkspaceDay: 3
2021-03-01 12:39:38.6509  INFO - - CleanLogSchedulerYn: True
2021-03-01 12:39:38.6509  INFO - - CleanLogDay: 10
2021-03-01 12:39:38.6509  INFO - - DRM useYn: False
2021-03-01 12:39:38.6509  INFO - ------------------------------------------
2021-03-01 12:39:38.6509  INFO - Hangul DLL has been registered in the registry.
2021-03-01 12:39:38.6509  WARN - Socket Server Listen On 0.0.0.0:12000
2021-03-01 12:39:38.6658  WARN - DocConvert Server Started in 2021-03-01 12:39:38
