2020-04-21 00:00:00.0142  INFO - [Scheduler] 작업공간 정리 스케줄러가 실행되었습니다.
2020-04-21 00:00:00.0541  INFO - [Scheduler] 로그 정리 스케줄러가 실행되었습니다.
2020-04-21 23:05:37.6983  INFO - [INFO] DocConvert Server를 옵션없이 실행하였습니다.
2020-04-21 23:05:37.8504  INFO - [INFO] 나의 하드웨어 ID: BFEBFBFF000806EB
2020-04-21 23:05:37.8504  INFO - [INFO] 라이센스 만료날짜: 2020-12-31
2020-04-21 23:05:37.8504  INFO - [INFO] 한글 DLL을 레지스트리에 등록하였습니다.
2020-04-21 23:05:37.8504  INFO - [Scheduler] 스케줄러가 실행중입니다. 작업공간 정리 스케줄러: 3일   로그 정리 스케줄러: 30일
2020-04-21 23:05:37.8971  INFO - [Socket] 핸들러 등록 완료
2020-04-21 23:05:37.8971  INFO - [Socket] 서버 생성 성공
2020-04-21 23:05:37.9153  INFO - [Socket] Server Listening...
2020-04-21 23:05:37.9153  INFO - [Socket][INFO] IP: 127.0.0.1   포트: 12000   프로토콜: Tcp   서버이름: ConvertServer
2020-04-21 23:05:37.9677  INFO - [Web Socket] Server Listening...
2020-04-21 23:05:37.9677  INFO - [Web Socket][INFO] IP: 127.0.0.1   포트: 12005
2020-04-21 23:06:46.0737  INFO - [INFO] DocConvert Server를 옵션없이 실행하였습니다.
2020-04-21 23:06:46.1952  INFO - [INFO] 나의 하드웨어 ID: BFEBFBFF000806EB
2020-04-21 23:06:46.1952  INFO - [INFO] 라이센스 만료날짜: 2020-12-31
2020-04-21 23:06:46.1952  INFO - [INFO] 한글 DLL을 레지스트리에 등록하였습니다.
2020-04-21 23:06:46.1952  INFO - [Scheduler] 스케줄러가 실행중입니다. 작업공간 정리 스케줄러: 3일   로그 정리 스케줄러: 30일
2020-04-21 23:06:46.2530  INFO - [Socket] 핸들러 등록 완료
2020-04-21 23:06:46.2530  INFO - [Socket] 서버 생성 성공
2020-04-21 23:06:46.2764  INFO - [Socket] Server Listening...
2020-04-21 23:06:46.2764  INFO - [Socket][INFO] IP: 127.0.0.1   포트: 12000   프로토콜: Tcp   서버이름: ConvertServer
2020-04-21 23:06:46.3198  INFO - [Web Socket] Server Listening...
2020-04-21 23:06:46.3198  INFO - [Web Socket][INFO] IP: 127.0.0.1   포트: 12005
